<testsuites id="" name="" tests="124" failures="76" skipped="0" errors="0" time="159.15637900000002">
  <testsuite name="Smoke\Smoke_All_Gets_api.spec.ts" timestamp="2025-09-29T20:56:43.703Z" hostname="API" tests="124" failures="76" skipped="0" time="89.785" errors="0">
    <testcase name="API Smoke Tests - GET Endpoints › Endpoint GET /api/status should be available and return 200 OK - real status @smoke @API @high @GETs undefined" classname="Smoke\Smoke_All_Gets_api.spec.ts" time="0.069">
      <system-out><![CDATA[2025[0m[0m-09[0m[0m-29[0m[0m 20[0m[0m:56[0m[0m:44[0m[0m.578[0m[0m [34m[1mINFO[22m[39m[0m[0m [[37m\tests\Smoke\Smoke_All_Gets_api.spec.ts:45[39m[0m[0m]Spouštím smoke test pro veřejný GET /api/status...
2025[0m[0m-09[0m[0m-29[0m[0m 20[0m[0m:56[0m[0m:44[0m[0m.581[0m[0m [97m[1mTRACE[22m[39m[0m[0m [[37m\api\BaseApiClient.ts:76[39m[0m[0m][392c1787] ---> GET http://192.168.130.240:8180/api/status {
  params: {},
  data: [90mundefined[39m,
  headers: {
    Accept: [32m'application/json, text/plain, */*'[39m,
    [32m'Content-Type'[39m: [32m'application/json;charset=UTF-8'[39m,
    [32m'X-Request-ID'[39m: [32m'392c1787'[39m
  }
}
2025[0m[0m-09[0m[0m-29[0m[0m 20[0m[0m:56[0m[0m:44[0m[0m.624[0m[0m [34m[1mINFO[22m[39m[0m[0m [[37m\api\BaseApiClient.ts:94[39m[0m[0m][392c1787] <--- 200 GET http://192.168.130.240:8180/api/status (40.49 ms)
2025[0m[0m-09[0m[0m-29[0m[0m 20[0m[0m:56[0m[0m:44[0m[0m.629[0m[0m [34m[1mINFO[22m[39m[0m[0m [[37m\tests\Smoke\Smoke_All_Gets_api.spec.ts:52[39m[0m[0m]Přijata odpověď se statusem: 200 a Content-Type: text/html; charset=UTF-8
2025[0m[0m-09[0m[0m-29[0m[0m 20[0m[0m:56[0m[0m:44[0m[0m.635[0m[0m [34m[1mINFO[22m[39m[0m[0m [[37m\tests\Smoke\Smoke_All_Gets_api.spec.ts:58[39m[0m[0m]Test pro GET /api/status úspěšně dokončen.
]]></system-out>
    </testcase>
    <testcase name="API Smoke Tests - GET Endpoints › Authenticated GETs from JSON › TC-001: Endpoint &quot;GET /reports-api/listOfCtClasses&quot; should be available and return a 2xx status real status: undefined" classname="Smoke\Smoke_All_Gets_api.spec.ts" time="0.87" id="TC-001">
      <system-out><![CDATA[2025[0m[0m-09[0m[0m-29[0m[0m 20[0m[0m:56[0m[0m:44[0m[0m.650[0m[0m [97m[1mTRACE[22m[39m[0m[0m [[37m\support\fixtures\auth.fixture.ts:23[39m[0m[0m]FIXTURE 'authToken': Budu vytvářet nový request kontext...
2025[0m[0m-09[0m[0m-29[0m[0m 20[0m[0m:56[0m[0m:44[0m[0m.654[0m[0m [97m[1mTRACE[22m[39m[0m[0m [[37m\support\fixtures\auth.fixture.ts:25[39m[0m[0m]FIXTURE 'authToken': Request kontext vytvořen.
2025[0m[0m-09[0m[0m-29[0m[0m 20[0m[0m:56[0m[0m:45[0m[0m.433[0m[0m [97m[1mTRACE[22m[39m[0m[0m [[37m\support\fixtures\auth.fixture.ts:33[39m[0m[0m]FIXTURE 'authToken': Odpověď přijata se statusem 201.
2025[0m[0m-09[0m[0m-29[0m[0m 20[0m[0m:56[0m[0m:45[0m[0m.435[0m[0m [97m[1mTRACE[22m[39m[0m[0m [[37m\support\fixtures\auth.fixture.ts:50[39m[0m[0m]FIXTURE 'authToken': Získávám 'accessToken' z JSON odpovědi.
2025[0m[0m-09[0m[0m-29[0m[0m 20[0m[0m:56[0m[0m:45[0m[0m.439[0m[0m [97m[1mTRACE[22m[39m[0m[0m [[37m\support\fixtures\auth.fixture.ts:54[39m[0m[0m]FIXTURE 'authToken': Volám 'use(token)' a předávám token dál...
2025[0m[0m-09[0m[0m-29[0m[0m 20[0m[0m:56[0m[0m:45[0m[0m.442[0m[0m [34m[1mINFO[22m[39m[0m[0m [[37m\tests\Smoke\Smoke_All_Gets_api.spec.ts:68[39m[0m[0m]Inicializuji ApiClient pro autorizované GET endpointy...
2025[0m[0m-09[0m[0m-29[0m[0m 20[0m[0m:56[0m[0m:45[0m[0m.446[0m[0m [34m[1mINFO[22m[39m[0m[0m [[37m\tests\Smoke\Smoke_All_Gets_api.spec.ts:71[39m[0m[0m]ApiClient byl úspěšně inicializován.
2025[0m[0m-09[0m[0m-29[0m[0m 20[0m[0m:56[0m[0m:45[0m[0m.449[0m[0m [34m[1mINFO[22m[39m[0m[0m [[37m\tests\Smoke\Smoke_All_Gets_api.spec.ts:78[39m[0m[0m]Running smoke test for TC-001: GET /reports-api/listOfCtClasses
2025[0m[0m-09[0m[0m-29[0m[0m 20[0m[0m:56[0m[0m:45[0m[0m.450[0m[0m [32m[1mDEBUG[22m[39m[0m[0m [[37m\tests\Smoke\Smoke_All_Gets_api.spec.ts:81[39m[0m[0m]Attempting to call reports.getListOfCtClasses with params: []
2025[0m[0m-09[0m[0m-29[0m[0m 20[0m[0m:56[0m[0m:45[0m[0m.452[0m[0m [97m[1mTRACE[22m[39m[0m[0m [[37m\tests\Smoke\Smoke_All_Gets_api.spec.ts:83[39m[0m[0m]Calling API method...
2025[0m[0m-09[0m[0m-29[0m[0m 20[0m[0m:56[0m[0m:45[0m[0m.455[0m[0m [97m[1mTRACE[22m[39m[0m[0m [[37m\tests\Smoke\Smoke_All_Gets_api.spec.ts:89[39m[0m[0m]Invoking method...
2025[0m[0m-09[0m[0m-29[0m[0m 20[0m[0m:56[0m[0m:45[0m[0m.458[0m[0m [97m[1mTRACE[22m[39m[0m[0m [[37m\api\BaseApiClient.ts:76[39m[0m[0m][bb7f5f58] ---> GET http://192.168.130.240:8180/reports-api/listOfCtClasses {
  params: {},
  data: [90mundefined[39m,
  headers: {
    Accept: [32m'application/json, text/plain, */*'[39m,
    [32m'Content-Type'[39m: [32m'application/json;charset=UTF-8'[39m,
    [32m'X-Request-ID'[39m: [32m'bb7f5f58'[39m,
    Authorization: [32m'*** MASKED ***'[39m
  }
}
2025[0m[0m-09[0m[0m-29[0m[0m 20[0m[0m:56[0m[0m:45[0m[0m.501[0m[0m [34m[1mINFO[22m[39m[0m[0m [[37m\api\BaseApiClient.ts:94[39m[0m[0m][bb7f5f58] <--- 200 GET http://192.168.130.240:8180/reports-api/listOfCtClasses (39.78 ms)
2025[0m[0m-09[0m[0m-29[0m[0m 20[0m[0m:56[0m[0m:45[0m[0m.507[0m[0m [97m[1mTRACE[22m[39m[0m[0m [[37m\tests\Smoke\Smoke_All_Gets_api.spec.ts:104[39m[0m[0m]Determining final response status for assertion...
2025[0m[0m-09[0m[0m-29[0m[0m 20[0m[0m:56[0m[0m:45[0m[0m.509[0m[0m [32m[1mDEBUG[22m[39m[0m[0m [[37m\tests\Smoke\Smoke_All_Gets_api.spec.ts:105[39m[0m[0m]Response status determined: 200
2025[0m[0m-09[0m[0m-29[0m[0m 20[0m[0m:56[0m[0m:45[0m[0m.512[0m[0m [97m[1mTRACE[22m[39m[0m[0m [[37m\tests\Smoke\Smoke_All_Gets_api.spec.ts:110[39m[0m[0m]Preparing assertion for response status...
2025[0m[0m-09[0m[0m-29[0m[0m 20[0m[0m:56[0m[0m:45[0m[0m.514[0m[0m [34m[1mINFO[22m[39m[0m[0m [[37m\tests\Smoke\Smoke_All_Gets_api.spec.ts:126[39m[0m[0m]Test for "GET /reports-api/listOfCtClasses" completed successfully with status 200.
]]></system-out>
    </testcase>
    <testcase name="API Smoke Tests - GET Endpoints › Authenticated GETs from JSON › TC-002: Endpoint &quot;GET /reports-api/partnerTransactions&quot; should be available and return a 2xx status real status: undefined" classname="Smoke\Smoke_All_Gets_api.spec.ts" time="0.71" id="TC-002">
      <system-out><![CDATA[2025[0m[0m-09[0m[0m-29[0m[0m 20[0m[0m:56[0m[0m:45[0m[0m.530[0m[0m [97m[1mTRACE[22m[39m[0m[0m [[37m\support\fixtures\auth.fixture.ts:23[39m[0m[0m]FIXTURE 'authToken': Budu vytvářet nový request kontext...
2025[0m[0m-09[0m[0m-29[0m[0m 20[0m[0m:56[0m[0m:45[0m[0m.535[0m[0m [97m[1mTRACE[22m[39m[0m[0m [[37m\support\fixtures\auth.fixture.ts:25[39m[0m[0m]FIXTURE 'authToken': Request kontext vytvořen.
2025[0m[0m-09[0m[0m-29[0m[0m 20[0m[0m:56[0m[0m:46[0m[0m.152[0m[0m [97m[1mTRACE[22m[39m[0m[0m [[37m\support\fixtures\auth.fixture.ts:33[39m[0m[0m]FIXTURE 'authToken': Odpověď přijata se statusem 201.
2025[0m[0m-09[0m[0m-29[0m[0m 20[0m[0m:56[0m[0m:46[0m[0m.154[0m[0m [97m[1mTRACE[22m[39m[0m[0m [[37m\support\fixtures\auth.fixture.ts:50[39m[0m[0m]FIXTURE 'authToken': Získávám 'accessToken' z JSON odpovědi.
2025[0m[0m-09[0m[0m-29[0m[0m 20[0m[0m:56[0m[0m:46[0m[0m.159[0m[0m [97m[1mTRACE[22m[39m[0m[0m [[37m\support\fixtures\auth.fixture.ts:54[39m[0m[0m]FIXTURE 'authToken': Volám 'use(token)' a předávám token dál...
2025[0m[0m-09[0m[0m-29[0m[0m 20[0m[0m:56[0m[0m:46[0m[0m.162[0m[0m [34m[1mINFO[22m[39m[0m[0m [[37m\tests\Smoke\Smoke_All_Gets_api.spec.ts:68[39m[0m[0m]Inicializuji ApiClient pro autorizované GET endpointy...
2025[0m[0m-09[0m[0m-29[0m[0m 20[0m[0m:56[0m[0m:46[0m[0m.167[0m[0m [34m[1mINFO[22m[39m[0m[0m [[37m\tests\Smoke\Smoke_All_Gets_api.spec.ts:71[39m[0m[0m]ApiClient byl úspěšně inicializován.
2025[0m[0m-09[0m[0m-29[0m[0m 20[0m[0m:56[0m[0m:46[0m[0m.169[0m[0m [34m[1mINFO[22m[39m[0m[0m [[37m\tests\Smoke\Smoke_All_Gets_api.spec.ts:78[39m[0m[0m]Running smoke test for TC-002: GET /reports-api/partnerTransactions
2025[0m[0m-09[0m[0m-29[0m[0m 20[0m[0m:56[0m[0m:46[0m[0m.172[0m[0m [32m[1mDEBUG[22m[39m[0m[0m [[37m\tests\Smoke\Smoke_All_Gets_api.spec.ts:81[39m[0m[0m]Attempting to call reports.getPartnerTransactions with params: [{"partnerId":1,"year":2025,"month":9}]
2025[0m[0m-09[0m[0m-29[0m[0m 20[0m[0m:56[0m[0m:46[0m[0m.175[0m[0m [97m[1mTRACE[22m[39m[0m[0m [[37m\tests\Smoke\Smoke_All_Gets_api.spec.ts:83[39m[0m[0m]Calling API method...
2025[0m[0m-09[0m[0m-29[0m[0m 20[0m[0m:56[0m[0m:46[0m[0m.177[0m[0m [97m[1mTRACE[22m[39m[0m[0m [[37m\tests\Smoke\Smoke_All_Gets_api.spec.ts:89[39m[0m[0m]Invoking method...
2025[0m[0m-09[0m[0m-29[0m[0m 20[0m[0m:56[0m[0m:46[0m[0m.180[0m[0m [97m[1mTRACE[22m[39m[0m[0m [[37m\api\BaseApiClient.ts:76[39m[0m[0m][6e51e327] ---> GET http://192.168.130.240:8180/reports-api/partnerTransactions {
  params: {
    partnerId: [33m1[39m,
    year: [33m2025[39m,
    month: [33m9[39m
  },
  data: [90mundefined[39m,
  headers: {
    Accept: [32m'application/json, text/plain, */*'[39m,
    [32m'Content-Type'[39m: [32m'application/json;charset=UTF-8'[39m,
    [32m'X-Request-ID'[39m: [32m'6e51e327'[39m,
    Authorization: [32m'*** MASKED ***'[39m
  }
}
2025[0m[0m-09[0m[0m-29[0m[0m 20[0m[0m:56[0m[0m:46[0m[0m.227[0m[0m [34m[1mINFO[22m[39m[0m[0m [[37m\api\BaseApiClient.ts:94[39m[0m[0m][6e51e327] <--- 200 GET http://192.168.130.240:8180/reports-api/partnerTransactions (43.55 ms)
2025[0m[0m-09[0m[0m-29[0m[0m 20[0m[0m:56[0m[0m:46[0m[0m.229[0m[0m [97m[1mTRACE[22m[39m[0m[0m [[37m\tests\Smoke\Smoke_All_Gets_api.spec.ts:104[39m[0m[0m]Determining final response status for assertion...
2025[0m[0m-09[0m[0m-29[0m[0m 20[0m[0m:56[0m[0m:46[0m[0m.230[0m[0m [32m[1mDEBUG[22m[39m[0m[0m [[37m\tests\Smoke\Smoke_All_Gets_api.spec.ts:105[39m[0m[0m]Response status determined: 200
2025[0m[0m-09[0m[0m-29[0m[0m 20[0m[0m:56[0m[0m:46[0m[0m.232[0m[0m [97m[1mTRACE[22m[39m[0m[0m [[37m\tests\Smoke\Smoke_All_Gets_api.spec.ts:110[39m[0m[0m]Preparing assertion for response status...
2025[0m[0m-09[0m[0m-29[0m[0m 20[0m[0m:56[0m[0m:46[0m[0m.235[0m[0m [34m[1mINFO[22m[39m[0m[0m [[37m\tests\Smoke\Smoke_All_Gets_api.spec.ts:126[39m[0m[0m]Test for "GET /reports-api/partnerTransactions" completed successfully with status 200.
]]></system-out>
    </testcase>
    <testcase name="API Smoke Tests - GET Endpoints › Authenticated GETs from JSON › TC-003: Endpoint &quot;GET /reports-api/usersReports/{id}&quot; should be available and return a 2xx status real status: undefined" classname="Smoke\Smoke_All_Gets_api.spec.ts" time="0.71" id="TC-003">
      <system-out><![CDATA[2025[0m[0m-09[0m[0m-29[0m[0m 20[0m[0m:56[0m[0m:46[0m[0m.242[0m[0m [97m[1mTRACE[22m[39m[0m[0m [[37m\support\fixtures\auth.fixture.ts:23[39m[0m[0m]FIXTURE 'authToken': Budu vytvářet nový request kontext...
2025[0m[0m-09[0m[0m-29[0m[0m 20[0m[0m:56[0m[0m:46[0m[0m.248[0m[0m [97m[1mTRACE[22m[39m[0m[0m [[37m\support\fixtures\auth.fixture.ts:25[39m[0m[0m]FIXTURE 'authToken': Request kontext vytvořen.
2025[0m[0m-09[0m[0m-29[0m[0m 20[0m[0m:56[0m[0m:46[0m[0m.866[0m[0m [97m[1mTRACE[22m[39m[0m[0m [[37m\support\fixtures\auth.fixture.ts:33[39m[0m[0m]FIXTURE 'authToken': Odpověď přijata se statusem 201.
2025[0m[0m-09[0m[0m-29[0m[0m 20[0m[0m:56[0m[0m:46[0m[0m.868[0m[0m [97m[1mTRACE[22m[39m[0m[0m [[37m\support\fixtures\auth.fixture.ts:50[39m[0m[0m]FIXTURE 'authToken': Získávám 'accessToken' z JSON odpovědi.
2025[0m[0m-09[0m[0m-29[0m[0m 20[0m[0m:56[0m[0m:46[0m[0m.874[0m[0m [97m[1mTRACE[22m[39m[0m[0m [[37m\support\fixtures\auth.fixture.ts:54[39m[0m[0m]FIXTURE 'authToken': Volám 'use(token)' a předávám token dál...
2025[0m[0m-09[0m[0m-29[0m[0m 20[0m[0m:56[0m[0m:46[0m[0m.875[0m[0m [34m[1mINFO[22m[39m[0m[0m [[37m\tests\Smoke\Smoke_All_Gets_api.spec.ts:68[39m[0m[0m]Inicializuji ApiClient pro autorizované GET endpointy...
2025[0m[0m-09[0m[0m-29[0m[0m 20[0m[0m:56[0m[0m:46[0m[0m.879[0m[0m [34m[1mINFO[22m[39m[0m[0m [[37m\tests\Smoke\Smoke_All_Gets_api.spec.ts:71[39m[0m[0m]ApiClient byl úspěšně inicializován.
2025[0m[0m-09[0m[0m-29[0m[0m 20[0m[0m:56[0m[0m:46[0m[0m.882[0m[0m [34m[1mINFO[22m[39m[0m[0m [[37m\tests\Smoke\Smoke_All_Gets_api.spec.ts:78[39m[0m[0m]Running smoke test for TC-003: GET /reports-api/usersReports/{id}
2025[0m[0m-09[0m[0m-29[0m[0m 20[0m[0m:56[0m[0m:46[0m[0m.885[0m[0m [32m[1mDEBUG[22m[39m[0m[0m [[37m\tests\Smoke\Smoke_All_Gets_api.spec.ts:81[39m[0m[0m]Attempting to call reports.getUserReportById with params: [1]
2025[0m[0m-09[0m[0m-29[0m[0m 20[0m[0m:56[0m[0m:46[0m[0m.888[0m[0m [97m[1mTRACE[22m[39m[0m[0m [[37m\tests\Smoke\Smoke_All_Gets_api.spec.ts:83[39m[0m[0m]Calling API method...
2025[0m[0m-09[0m[0m-29[0m[0m 20[0m[0m:56[0m[0m:46[0m[0m.891[0m[0m [97m[1mTRACE[22m[39m[0m[0m [[37m\tests\Smoke\Smoke_All_Gets_api.spec.ts:89[39m[0m[0m]Invoking method...
2025[0m[0m-09[0m[0m-29[0m[0m 20[0m[0m:56[0m[0m:46[0m[0m.893[0m[0m [97m[1mTRACE[22m[39m[0m[0m [[37m\api\BaseApiClient.ts:76[39m[0m[0m][90a81098] ---> GET http://192.168.130.240:8180/reports-api/usersReports/1 {
  params: {},
  data: [90mundefined[39m,
  headers: {
    Accept: [32m'application/json, text/plain, */*'[39m,
    [32m'Content-Type'[39m: [32m'application/json;charset=UTF-8'[39m,
    [32m'X-Request-ID'[39m: [32m'90a81098'[39m,
    Authorization: [32m'*** MASKED ***'[39m
  }
}
2025[0m[0m-09[0m[0m-29[0m[0m 20[0m[0m:56[0m[0m:46[0m[0m.933[0m[0m [34m[1mINFO[22m[39m[0m[0m [[37m\api\BaseApiClient.ts:94[39m[0m[0m][90a81098] <--- 200 GET http://192.168.130.240:8180/reports-api/usersReports/1 (37.38 ms)
2025[0m[0m-09[0m[0m-29[0m[0m 20[0m[0m:56[0m[0m:46[0m[0m.937[0m[0m [97m[1mTRACE[22m[39m[0m[0m [[37m\tests\Smoke\Smoke_All_Gets_api.spec.ts:104[39m[0m[0m]Determining final response status for assertion...
2025[0m[0m-09[0m[0m-29[0m[0m 20[0m[0m:56[0m[0m:46[0m[0m.939[0m[0m [32m[1mDEBUG[22m[39m[0m[0m [[37m\tests\Smoke\Smoke_All_Gets_api.spec.ts:105[39m[0m[0m]Response status determined: 200
2025[0m[0m-09[0m[0m-29[0m[0m 20[0m[0m:56[0m[0m:46[0m[0m.944[0m[0m [97m[1mTRACE[22m[39m[0m[0m [[37m\tests\Smoke\Smoke_All_Gets_api.spec.ts:110[39m[0m[0m]Preparing assertion for response status...
2025[0m[0m-09[0m[0m-29[0m[0m 20[0m[0m:56[0m[0m:46[0m[0m.949[0m[0m [34m[1mINFO[22m[39m[0m[0m [[37m\tests\Smoke\Smoke_All_Gets_api.spec.ts:126[39m[0m[0m]Test for "GET /reports-api/usersReports/{id}" completed successfully with status 200.
]]></system-out>
    </testcase>
    <testcase name="API Smoke Tests - GET Endpoints › Authenticated GETs from JSON › TC-004: Endpoint &quot;GET /documents-api/receipts/{stockId}&quot; should be available and return a 2xx status real status: undefined" classname="Smoke\Smoke_All_Gets_api.spec.ts" time="0.711" id="TC-004">
      <system-out><![CDATA[2025[0m[0m-09[0m[0m-29[0m[0m 20[0m[0m:56[0m[0m:46[0m[0m.958[0m[0m [97m[1mTRACE[22m[39m[0m[0m [[37m\support\fixtures\auth.fixture.ts:23[39m[0m[0m]FIXTURE 'authToken': Budu vytvářet nový request kontext...
2025[0m[0m-09[0m[0m-29[0m[0m 20[0m[0m:56[0m[0m:46[0m[0m.962[0m[0m [97m[1mTRACE[22m[39m[0m[0m [[37m\support\fixtures\auth.fixture.ts:25[39m[0m[0m]FIXTURE 'authToken': Request kontext vytvořen.
2025[0m[0m-09[0m[0m-29[0m[0m 20[0m[0m:56[0m[0m:47[0m[0m.581[0m[0m [97m[1mTRACE[22m[39m[0m[0m [[37m\support\fixtures\auth.fixture.ts:33[39m[0m[0m]FIXTURE 'authToken': Odpověď přijata se statusem 201.
2025[0m[0m-09[0m[0m-29[0m[0m 20[0m[0m:56[0m[0m:47[0m[0m.583[0m[0m [97m[1mTRACE[22m[39m[0m[0m [[37m\support\fixtures\auth.fixture.ts:50[39m[0m[0m]FIXTURE 'authToken': Získávám 'accessToken' z JSON odpovědi.
2025[0m[0m-09[0m[0m-29[0m[0m 20[0m[0m:56[0m[0m:47[0m[0m.588[0m[0m [97m[1mTRACE[22m[39m[0m[0m [[37m\support\fixtures\auth.fixture.ts:54[39m[0m[0m]FIXTURE 'authToken': Volám 'use(token)' a předávám token dál...
2025[0m[0m-09[0m[0m-29[0m[0m 20[0m[0m:56[0m[0m:47[0m[0m.590[0m[0m [34m[1mINFO[22m[39m[0m[0m [[37m\tests\Smoke\Smoke_All_Gets_api.spec.ts:68[39m[0m[0m]Inicializuji ApiClient pro autorizované GET endpointy...
2025[0m[0m-09[0m[0m-29[0m[0m 20[0m[0m:56[0m[0m:47[0m[0m.593[0m[0m [34m[1mINFO[22m[39m[0m[0m [[37m\tests\Smoke\Smoke_All_Gets_api.spec.ts:71[39m[0m[0m]ApiClient byl úspěšně inicializován.
2025[0m[0m-09[0m[0m-29[0m[0m 20[0m[0m:56[0m[0m:47[0m[0m.595[0m[0m [34m[1mINFO[22m[39m[0m[0m [[37m\tests\Smoke\Smoke_All_Gets_api.spec.ts:78[39m[0m[0m]Running smoke test for TC-004: GET /documents-api/receipts/{stockId}
2025[0m[0m-09[0m[0m-29[0m[0m 20[0m[0m:56[0m[0m:47[0m[0m.599[0m[0m [32m[1mDEBUG[22m[39m[0m[0m [[37m\tests\Smoke\Smoke_All_Gets_api.spec.ts:81[39m[0m[0m]Attempting to call documents.getReceipt with params: [101,{"receiptId":398,"format":"json"}]
2025[0m[0m-09[0m[0m-29[0m[0m 20[0m[0m:56[0m[0m:47[0m[0m.601[0m[0m [97m[1mTRACE[22m[39m[0m[0m [[37m\tests\Smoke\Smoke_All_Gets_api.spec.ts:83[39m[0m[0m]Calling API method...
2025[0m[0m-09[0m[0m-29[0m[0m 20[0m[0m:56[0m[0m:47[0m[0m.604[0m[0m [97m[1mTRACE[22m[39m[0m[0m [[37m\tests\Smoke\Smoke_All_Gets_api.spec.ts:89[39m[0m[0m]Invoking method...
2025[0m[0m-09[0m[0m-29[0m[0m 20[0m[0m:56[0m[0m:47[0m[0m.608[0m[0m [97m[1mTRACE[22m[39m[0m[0m [[37m\api\BaseApiClient.ts:76[39m[0m[0m][318c814c] ---> GET http://192.168.130.240:8180/documents-api/receipts/101 {
  params: {
    receiptId: [33m398[39m,
    format: [32m'json'[39m
  },
  data: [90mundefined[39m,
  headers: {
    Accept: [32m'application/json, text/plain, */*'[39m,
    [32m'Content-Type'[39m: [32m'application/json;charset=UTF-8'[39m,
    [32m'X-Request-ID'[39m: [32m'318c814c'[39m,
    Authorization: [32m'*** MASKED ***'[39m
  }
}
2025[0m[0m-09[0m[0m-29[0m[0m 20[0m[0m:56[0m[0m:47[0m[0m.650[0m[0m [34m[1mINFO[22m[39m[0m[0m [[37m\api\BaseApiClient.ts:94[39m[0m[0m][318c814c] <--- 200 GET http://192.168.130.240:8180/documents-api/receipts/101 (39.22 ms)
2025[0m[0m-09[0m[0m-29[0m[0m 20[0m[0m:56[0m[0m:47[0m[0m.652[0m[0m [97m[1mTRACE[22m[39m[0m[0m [[37m\tests\Smoke\Smoke_All_Gets_api.spec.ts:104[39m[0m[0m]Determining final response status for assertion...
2025[0m[0m-09[0m[0m-29[0m[0m 20[0m[0m:56[0m[0m:47[0m[0m.654[0m[0m [32m[1mDEBUG[22m[39m[0m[0m [[37m\tests\Smoke\Smoke_All_Gets_api.spec.ts:105[39m[0m[0m]Response status determined: 200
2025[0m[0m-09[0m[0m-29[0m[0m 20[0m[0m:56[0m[0m:47[0m[0m.656[0m[0m [97m[1mTRACE[22m[39m[0m[0m [[37m\tests\Smoke\Smoke_All_Gets_api.spec.ts:110[39m[0m[0m]Preparing assertion for response status...
2025[0m[0m-09[0m[0m-29[0m[0m 20[0m[0m:56[0m[0m:47[0m[0m.659[0m[0m [34m[1mINFO[22m[39m[0m[0m [[37m\tests\Smoke\Smoke_All_Gets_api.spec.ts:126[39m[0m[0m]Test for "GET /documents-api/receipts/{stockId}" completed successfully with status 200.
]]></system-out>
    </testcase>
    <testcase name="API Smoke Tests - GET Endpoints › Authenticated GETs from JSON › TC-005: Endpoint &quot;GET /documents-api/posSummaries/{stockId}/{posSummaryKey}&quot; should be available and return a 2xx status real status: undefined" classname="Smoke\Smoke_All_Gets_api.spec.ts" time="0.699" id="TC-005">
      <system-out><![CDATA[2025[0m[0m-09[0m[0m-29[0m[0m 20[0m[0m:56[0m[0m:47[0m[0m.674[0m[0m [97m[1mTRACE[22m[39m[0m[0m [[37m\support\fixtures\auth.fixture.ts:23[39m[0m[0m]FIXTURE 'authToken': Budu vytvářet nový request kontext...
2025[0m[0m-09[0m[0m-29[0m[0m 20[0m[0m:56[0m[0m:47[0m[0m.676[0m[0m [97m[1mTRACE[22m[39m[0m[0m [[37m\support\fixtures\auth.fixture.ts:25[39m[0m[0m]FIXTURE 'authToken': Request kontext vytvořen.
2025[0m[0m-09[0m[0m-29[0m[0m 20[0m[0m:56[0m[0m:48[0m[0m.295[0m[0m [97m[1mTRACE[22m[39m[0m[0m [[37m\support\fixtures\auth.fixture.ts:33[39m[0m[0m]FIXTURE 'authToken': Odpověď přijata se statusem 201.
2025[0m[0m-09[0m[0m-29[0m[0m 20[0m[0m:56[0m[0m:48[0m[0m.298[0m[0m [97m[1mTRACE[22m[39m[0m[0m [[37m\support\fixtures\auth.fixture.ts:50[39m[0m[0m]FIXTURE 'authToken': Získávám 'accessToken' z JSON odpovědi.
2025[0m[0m-09[0m[0m-29[0m[0m 20[0m[0m:56[0m[0m:48[0m[0m.301[0m[0m [97m[1mTRACE[22m[39m[0m[0m [[37m\support\fixtures\auth.fixture.ts:54[39m[0m[0m]FIXTURE 'authToken': Volám 'use(token)' a předávám token dál...
2025[0m[0m-09[0m[0m-29[0m[0m 20[0m[0m:56[0m[0m:48[0m[0m.304[0m[0m [34m[1mINFO[22m[39m[0m[0m [[37m\tests\Smoke\Smoke_All_Gets_api.spec.ts:68[39m[0m[0m]Inicializuji ApiClient pro autorizované GET endpointy...
2025[0m[0m-09[0m[0m-29[0m[0m 20[0m[0m:56[0m[0m:48[0m[0m.309[0m[0m [34m[1mINFO[22m[39m[0m[0m [[37m\tests\Smoke\Smoke_All_Gets_api.spec.ts:71[39m[0m[0m]ApiClient byl úspěšně inicializován.
2025[0m[0m-09[0m[0m-29[0m[0m 20[0m[0m:56[0m[0m:48[0m[0m.311[0m[0m [34m[1mINFO[22m[39m[0m[0m [[37m\tests\Smoke\Smoke_All_Gets_api.spec.ts:78[39m[0m[0m]Running smoke test for TC-005: GET /documents-api/posSummaries/{stockId}/{posSummaryKey}
2025[0m[0m-09[0m[0m-29[0m[0m 20[0m[0m:56[0m[0m:48[0m[0m.315[0m[0m [32m[1mDEBUG[22m[39m[0m[0m [[37m\tests\Smoke\Smoke_All_Gets_api.spec.ts:81[39m[0m[0m]Attempting to call documents.getPosSummary with params: [101,"10101202551",{"format":"json"}]
2025[0m[0m-09[0m[0m-29[0m[0m 20[0m[0m:56[0m[0m:48[0m[0m.317[0m[0m [97m[1mTRACE[22m[39m[0m[0m [[37m\tests\Smoke\Smoke_All_Gets_api.spec.ts:83[39m[0m[0m]Calling API method...
2025[0m[0m-09[0m[0m-29[0m[0m 20[0m[0m:56[0m[0m:48[0m[0m.320[0m[0m [97m[1mTRACE[22m[39m[0m[0m [[37m\tests\Smoke\Smoke_All_Gets_api.spec.ts:89[39m[0m[0m]Invoking method...
2025[0m[0m-09[0m[0m-29[0m[0m 20[0m[0m:56[0m[0m:48[0m[0m.323[0m[0m [97m[1mTRACE[22m[39m[0m[0m [[37m\api\BaseApiClient.ts:76[39m[0m[0m][23208fa7] ---> GET http://192.168.130.240:8180/documents-api/posSummaries/101/10101202551 {
  params: {
    format: [32m'json'[39m
  },
  data: [90mundefined[39m,
  headers: {
    Accept: [32m'application/json, text/plain, */*'[39m,
    [32m'Content-Type'[39m: [32m'application/json;charset=UTF-8'[39m,
    [32m'X-Request-ID'[39m: [32m'23208fa7'[39m,
    Authorization: [32m'*** MASKED ***'[39m
  }
}
2025[0m[0m-09[0m[0m-29[0m[0m 20[0m[0m:56[0m[0m:48[0m[0m.361[0m[0m [34m[1mINFO[22m[39m[0m[0m [[37m\api\BaseApiClient.ts:94[39m[0m[0m][23208fa7] <--- 200 GET http://192.168.130.240:8180/documents-api/posSummaries/101/10101202551 (34.71 ms)
2025[0m[0m-09[0m[0m-29[0m[0m 20[0m[0m:56[0m[0m:48[0m[0m.363[0m[0m [97m[1mTRACE[22m[39m[0m[0m [[37m\tests\Smoke\Smoke_All_Gets_api.spec.ts:104[39m[0m[0m]Determining final response status for assertion...
2025[0m[0m-09[0m[0m-29[0m[0m 20[0m[0m:56[0m[0m:48[0m[0m.364[0m[0m [32m[1mDEBUG[22m[39m[0m[0m [[37m\tests\Smoke\Smoke_All_Gets_api.spec.ts:105[39m[0m[0m]Response status determined: 200
2025[0m[0m-09[0m[0m-29[0m[0m 20[0m[0m:56[0m[0m:48[0m[0m.367[0m[0m [97m[1mTRACE[22m[39m[0m[0m [[37m\tests\Smoke\Smoke_All_Gets_api.spec.ts:110[39m[0m[0m]Preparing assertion for response status...
2025[0m[0m-09[0m[0m-29[0m[0m 20[0m[0m:56[0m[0m:48[0m[0m.370[0m[0m [34m[1mINFO[22m[39m[0m[0m [[37m\tests\Smoke\Smoke_All_Gets_api.spec.ts:126[39m[0m[0m]Test for "GET /documents-api/posSummaries/{stockId}/{posSummaryKey}" completed successfully with status 200.
]]></system-out>
    </testcase>
    <testcase name="API Smoke Tests - GET Endpoints › Authenticated GETs from JSON › TC-006: Endpoint &quot;GET /documents-api/receiptsUdd/{stockId}/{receiptUddId}&quot; should be available and return a 2xx status real status: undefined" classname="Smoke\Smoke_All_Gets_api.spec.ts" time="0.722" id="TC-006">
      <system-out><![CDATA[2025[0m[0m-09[0m[0m-29[0m[0m 20[0m[0m:56[0m[0m:48[0m[0m.378[0m[0m [97m[1mTRACE[22m[39m[0m[0m [[37m\support\fixtures\auth.fixture.ts:23[39m[0m[0m]FIXTURE 'authToken': Budu vytvářet nový request kontext...
2025[0m[0m-09[0m[0m-29[0m[0m 20[0m[0m:56[0m[0m:48[0m[0m.380[0m[0m [97m[1mTRACE[22m[39m[0m[0m [[37m\support\fixtures\auth.fixture.ts:25[39m[0m[0m]FIXTURE 'authToken': Request kontext vytvořen.
2025[0m[0m-09[0m[0m-29[0m[0m 20[0m[0m:56[0m[0m:48[0m[0m.992[0m[0m [97m[1mTRACE[22m[39m[0m[0m [[37m\support\fixtures\auth.fixture.ts:33[39m[0m[0m]FIXTURE 'authToken': Odpověď přijata se statusem 201.
2025[0m[0m-09[0m[0m-29[0m[0m 20[0m[0m:56[0m[0m:48[0m[0m.995[0m[0m [97m[1mTRACE[22m[39m[0m[0m [[37m\support\fixtures\auth.fixture.ts:50[39m[0m[0m]FIXTURE 'authToken': Získávám 'accessToken' z JSON odpovědi.
2025[0m[0m-09[0m[0m-29[0m[0m 20[0m[0m:56[0m[0m:48[0m[0m.999[0m[0m [97m[1mTRACE[22m[39m[0m[0m [[37m\support\fixtures\auth.fixture.ts:54[39m[0m[0m]FIXTURE 'authToken': Volám 'use(token)' a předávám token dál...
2025[0m[0m-09[0m[0m-29[0m[0m 20[0m[0m:56[0m[0m:49[0m[0m.002[0m[0m [34m[1mINFO[22m[39m[0m[0m [[37m\tests\Smoke\Smoke_All_Gets_api.spec.ts:68[39m[0m[0m]Inicializuji ApiClient pro autorizované GET endpointy...
2025[0m[0m-09[0m[0m-29[0m[0m 20[0m[0m:56[0m[0m:49[0m[0m.007[0m[0m [34m[1mINFO[22m[39m[0m[0m [[37m\tests\Smoke\Smoke_All_Gets_api.spec.ts:71[39m[0m[0m]ApiClient byl úspěšně inicializován.
2025[0m[0m-09[0m[0m-29[0m[0m 20[0m[0m:56[0m[0m:49[0m[0m.014[0m[0m [34m[1mINFO[22m[39m[0m[0m [[37m\tests\Smoke\Smoke_All_Gets_api.spec.ts:78[39m[0m[0m]Running smoke test for TC-006: GET /documents-api/receiptsUdd/{stockId}/{receiptUddId}
2025[0m[0m-09[0m[0m-29[0m[0m 20[0m[0m:56[0m[0m:49[0m[0m.017[0m[0m [32m[1mDEBUG[22m[39m[0m[0m [[37m\tests\Smoke\Smoke_All_Gets_api.spec.ts:81[39m[0m[0m]Attempting to call documents.getReceiptUdd with params: [101,7,{"format":"json"}]
2025[0m[0m-09[0m[0m-29[0m[0m 20[0m[0m:56[0m[0m:49[0m[0m.022[0m[0m [97m[1mTRACE[22m[39m[0m[0m [[37m\tests\Smoke\Smoke_All_Gets_api.spec.ts:83[39m[0m[0m]Calling API method...
2025[0m[0m-09[0m[0m-29[0m[0m 20[0m[0m:56[0m[0m:49[0m[0m.026[0m[0m [97m[1mTRACE[22m[39m[0m[0m [[37m\tests\Smoke\Smoke_All_Gets_api.spec.ts:89[39m[0m[0m]Invoking method...
2025[0m[0m-09[0m[0m-29[0m[0m 20[0m[0m:56[0m[0m:49[0m[0m.030[0m[0m [97m[1mTRACE[22m[39m[0m[0m [[37m\api\BaseApiClient.ts:76[39m[0m[0m][4775ebb0] ---> GET http://192.168.130.240:8180/documents-api/receiptsUdd/101/7 {
  params: {
    format: [32m'json'[39m
  },
  data: [90mundefined[39m,
  headers: {
    Accept: [32m'application/json, text/plain, */*'[39m,
    [32m'Content-Type'[39m: [32m'application/json;charset=UTF-8'[39m,
    [32m'X-Request-ID'[39m: [32m'4775ebb0'[39m,
    Authorization: [32m'*** MASKED ***'[39m
  }
}
2025[0m[0m-09[0m[0m-29[0m[0m 20[0m[0m:56[0m[0m:49[0m[0m.079[0m[0m [34m[1mINFO[22m[39m[0m[0m [[37m\api\BaseApiClient.ts:94[39m[0m[0m][4775ebb0] <--- 200 GET http://192.168.130.240:8180/documents-api/receiptsUdd/101/7 (45.84 ms)
2025[0m[0m-09[0m[0m-29[0m[0m 20[0m[0m:56[0m[0m:49[0m[0m.083[0m[0m [97m[1mTRACE[22m[39m[0m[0m [[37m\tests\Smoke\Smoke_All_Gets_api.spec.ts:104[39m[0m[0m]Determining final response status for assertion...
2025[0m[0m-09[0m[0m-29[0m[0m 20[0m[0m:56[0m[0m:49[0m[0m.085[0m[0m [32m[1mDEBUG[22m[39m[0m[0m [[37m\tests\Smoke\Smoke_All_Gets_api.spec.ts:105[39m[0m[0m]Response status determined: 200
2025[0m[0m-09[0m[0m-29[0m[0m 20[0m[0m:56[0m[0m:49[0m[0m.089[0m[0m [97m[1mTRACE[22m[39m[0m[0m [[37m\tests\Smoke\Smoke_All_Gets_api.spec.ts:110[39m[0m[0m]Preparing assertion for response status...
2025[0m[0m-09[0m[0m-29[0m[0m 20[0m[0m:56[0m[0m:49[0m[0m.095[0m[0m [34m[1mINFO[22m[39m[0m[0m [[37m\tests\Smoke\Smoke_All_Gets_api.spec.ts:126[39m[0m[0m]Test for "GET /documents-api/receiptsUdd/{stockId}/{receiptUddId}" completed successfully with status 200.
]]></system-out>
    </testcase>
    <testcase name="API Smoke Tests - GET Endpoints › Authenticated GETs from JSON › TC-007: Endpoint &quot;GET /documents-api/wetDeliveryNotesAccessories/{stockId}&quot; should be available and return a 2xx status real status: undefined" classname="Smoke\Smoke_All_Gets_api.spec.ts" time="0.698" id="TC-007">
      <system-out><![CDATA[2025[0m[0m-09[0m[0m-29[0m[0m 20[0m[0m:56[0m[0m:49[0m[0m.110[0m[0m [97m[1mTRACE[22m[39m[0m[0m [[37m\support\fixtures\auth.fixture.ts:23[39m[0m[0m]FIXTURE 'authToken': Budu vytvářet nový request kontext...
2025[0m[0m-09[0m[0m-29[0m[0m 20[0m[0m:56[0m[0m:49[0m[0m.117[0m[0m [97m[1mTRACE[22m[39m[0m[0m [[37m\support\fixtures\auth.fixture.ts:25[39m[0m[0m]FIXTURE 'authToken': Request kontext vytvořen.
2025[0m[0m-09[0m[0m-29[0m[0m 20[0m[0m:56[0m[0m:49[0m[0m.730[0m[0m [97m[1mTRACE[22m[39m[0m[0m [[37m\support\fixtures\auth.fixture.ts:33[39m[0m[0m]FIXTURE 'authToken': Odpověď přijata se statusem 201.
2025[0m[0m-09[0m[0m-29[0m[0m 20[0m[0m:56[0m[0m:49[0m[0m.732[0m[0m [97m[1mTRACE[22m[39m[0m[0m [[37m\support\fixtures\auth.fixture.ts:50[39m[0m[0m]FIXTURE 'authToken': Získávám 'accessToken' z JSON odpovědi.
2025[0m[0m-09[0m[0m-29[0m[0m 20[0m[0m:56[0m[0m:49[0m[0m.737[0m[0m [97m[1mTRACE[22m[39m[0m[0m [[37m\support\fixtures\auth.fixture.ts:54[39m[0m[0m]FIXTURE 'authToken': Volám 'use(token)' a předávám token dál...
2025[0m[0m-09[0m[0m-29[0m[0m 20[0m[0m:56[0m[0m:49[0m[0m.739[0m[0m [34m[1mINFO[22m[39m[0m[0m [[37m\tests\Smoke\Smoke_All_Gets_api.spec.ts:68[39m[0m[0m]Inicializuji ApiClient pro autorizované GET endpointy...
2025[0m[0m-09[0m[0m-29[0m[0m 20[0m[0m:56[0m[0m:49[0m[0m.743[0m[0m [34m[1mINFO[22m[39m[0m[0m [[37m\tests\Smoke\Smoke_All_Gets_api.spec.ts:71[39m[0m[0m]ApiClient byl úspěšně inicializován.
2025[0m[0m-09[0m[0m-29[0m[0m 20[0m[0m:56[0m[0m:49[0m[0m.746[0m[0m [34m[1mINFO[22m[39m[0m[0m [[37m\tests\Smoke\Smoke_All_Gets_api.spec.ts:78[39m[0m[0m]Running smoke test for TC-007: GET /documents-api/wetDeliveryNotesAccessories/{stockId}
2025[0m[0m-09[0m[0m-29[0m[0m 20[0m[0m:56[0m[0m:49[0m[0m.749[0m[0m [32m[1mDEBUG[22m[39m[0m[0m [[37m\tests\Smoke\Smoke_All_Gets_api.spec.ts:81[39m[0m[0m]Attempting to call documents.getWetDeliveryNotesAccessories with params: [101]
2025[0m[0m-09[0m[0m-29[0m[0m 20[0m[0m:56[0m[0m:49[0m[0m.753[0m[0m [97m[1mTRACE[22m[39m[0m[0m [[37m\tests\Smoke\Smoke_All_Gets_api.spec.ts:83[39m[0m[0m]Calling API method...
2025[0m[0m-09[0m[0m-29[0m[0m 20[0m[0m:56[0m[0m:49[0m[0m.756[0m[0m [97m[1mTRACE[22m[39m[0m[0m [[37m\tests\Smoke\Smoke_All_Gets_api.spec.ts:89[39m[0m[0m]Invoking method...
2025[0m[0m-09[0m[0m-29[0m[0m 20[0m[0m:56[0m[0m:49[0m[0m.759[0m[0m [97m[1mTRACE[22m[39m[0m[0m [[37m\api\BaseApiClient.ts:76[39m[0m[0m][6c8f0084] ---> GET http://192.168.130.240:8180/documents-api/wetDeliveryNotesAccessories/101 {
  params: {},
  data: [90mundefined[39m,
  headers: {
    Accept: [32m'application/json, text/plain, */*'[39m,
    [32m'Content-Type'[39m: [32m'application/json;charset=UTF-8'[39m,
    [32m'X-Request-ID'[39m: [32m'6c8f0084'[39m,
    Authorization: [32m'*** MASKED ***'[39m
  }
}
2025[0m[0m-09[0m[0m-29[0m[0m 20[0m[0m:56[0m[0m:49[0m[0m.793[0m[0m [34m[1mINFO[22m[39m[0m[0m [[37m\api\BaseApiClient.ts:94[39m[0m[0m][6c8f0084] <--- 200 GET http://192.168.130.240:8180/documents-api/wetDeliveryNotesAccessories/101 (30.62 ms)
2025[0m[0m-09[0m[0m-29[0m[0m 20[0m[0m:56[0m[0m:49[0m[0m.795[0m[0m [97m[1mTRACE[22m[39m[0m[0m [[37m\tests\Smoke\Smoke_All_Gets_api.spec.ts:104[39m[0m[0m]Determining final response status for assertion...
2025[0m[0m-09[0m[0m-29[0m[0m 20[0m[0m:56[0m[0m:49[0m[0m.797[0m[0m [32m[1mDEBUG[22m[39m[0m[0m [[37m\tests\Smoke\Smoke_All_Gets_api.spec.ts:105[39m[0m[0m]Response status determined: 200
2025[0m[0m-09[0m[0m-29[0m[0m 20[0m[0m:56[0m[0m:49[0m[0m.800[0m[0m [97m[1mTRACE[22m[39m[0m[0m [[37m\tests\Smoke\Smoke_All_Gets_api.spec.ts:110[39m[0m[0m]Preparing assertion for response status...
2025[0m[0m-09[0m[0m-29[0m[0m 20[0m[0m:56[0m[0m:49[0m[0m.803[0m[0m [34m[1mINFO[22m[39m[0m[0m [[37m\tests\Smoke\Smoke_All_Gets_api.spec.ts:126[39m[0m[0m]Test for "GET /documents-api/wetDeliveryNotesAccessories/{stockId}" completed successfully with status 200.
]]></system-out>
    </testcase>
    <testcase name="API Smoke Tests - GET Endpoints › Authenticated GETs from JSON › TC-008: Endpoint &quot;GET /documents-api/wetDeliveryNotes/{stockId}/{wetDeliveryNoteId}&quot; should be available and return a 2xx status real status: undefined" classname="Smoke\Smoke_All_Gets_api.spec.ts" time="0.704" id="TC-008">
      <system-out><![CDATA[2025[0m[0m-09[0m[0m-29[0m[0m 20[0m[0m:56[0m[0m:49[0m[0m.810[0m[0m [97m[1mTRACE[22m[39m[0m[0m [[37m\support\fixtures\auth.fixture.ts:23[39m[0m[0m]FIXTURE 'authToken': Budu vytvářet nový request kontext...
2025[0m[0m-09[0m[0m-29[0m[0m 20[0m[0m:56[0m[0m:49[0m[0m.812[0m[0m [97m[1mTRACE[22m[39m[0m[0m [[37m\support\fixtures\auth.fixture.ts:25[39m[0m[0m]FIXTURE 'authToken': Request kontext vytvořen.
2025[0m[0m-09[0m[0m-29[0m[0m 20[0m[0m:56[0m[0m:50[0m[0m.413[0m[0m [97m[1mTRACE[22m[39m[0m[0m [[37m\support\fixtures\auth.fixture.ts:33[39m[0m[0m]FIXTURE 'authToken': Odpověď přijata se statusem 201.
2025[0m[0m-09[0m[0m-29[0m[0m 20[0m[0m:56[0m[0m:50[0m[0m.416[0m[0m [97m[1mTRACE[22m[39m[0m[0m [[37m\support\fixtures\auth.fixture.ts:50[39m[0m[0m]FIXTURE 'authToken': Získávám 'accessToken' z JSON odpovědi.
2025[0m[0m-09[0m[0m-29[0m[0m 20[0m[0m:56[0m[0m:50[0m[0m.422[0m[0m [97m[1mTRACE[22m[39m[0m[0m [[37m\support\fixtures\auth.fixture.ts:54[39m[0m[0m]FIXTURE 'authToken': Volám 'use(token)' a předávám token dál...
2025[0m[0m-09[0m[0m-29[0m[0m 20[0m[0m:56[0m[0m:50[0m[0m.426[0m[0m [34m[1mINFO[22m[39m[0m[0m [[37m\tests\Smoke\Smoke_All_Gets_api.spec.ts:68[39m[0m[0m]Inicializuji ApiClient pro autorizované GET endpointy...
2025[0m[0m-09[0m[0m-29[0m[0m 20[0m[0m:56[0m[0m:50[0m[0m.433[0m[0m [34m[1mINFO[22m[39m[0m[0m [[37m\tests\Smoke\Smoke_All_Gets_api.spec.ts:71[39m[0m[0m]ApiClient byl úspěšně inicializován.
2025[0m[0m-09[0m[0m-29[0m[0m 20[0m[0m:56[0m[0m:50[0m[0m.436[0m[0m [34m[1mINFO[22m[39m[0m[0m [[37m\tests\Smoke\Smoke_All_Gets_api.spec.ts:78[39m[0m[0m]Running smoke test for TC-008: GET /documents-api/wetDeliveryNotes/{stockId}/{wetDeliveryNoteId}
2025[0m[0m-09[0m[0m-29[0m[0m 20[0m[0m:56[0m[0m:50[0m[0m.441[0m[0m [32m[1mDEBUG[22m[39m[0m[0m [[37m\tests\Smoke\Smoke_All_Gets_api.spec.ts:81[39m[0m[0m]Attempting to call documents.getWetDeliveryNote with params: [101,6]
2025[0m[0m-09[0m[0m-29[0m[0m 20[0m[0m:56[0m[0m:50[0m[0m.445[0m[0m [97m[1mTRACE[22m[39m[0m[0m [[37m\tests\Smoke\Smoke_All_Gets_api.spec.ts:83[39m[0m[0m]Calling API method...
2025[0m[0m-09[0m[0m-29[0m[0m 20[0m[0m:56[0m[0m:50[0m[0m.449[0m[0m [97m[1mTRACE[22m[39m[0m[0m [[37m\tests\Smoke\Smoke_All_Gets_api.spec.ts:89[39m[0m[0m]Invoking method...
2025[0m[0m-09[0m[0m-29[0m[0m 20[0m[0m:56[0m[0m:50[0m[0m.455[0m[0m [97m[1mTRACE[22m[39m[0m[0m [[37m\api\BaseApiClient.ts:76[39m[0m[0m][dcf66bad] ---> GET http://192.168.130.240:8180/documents-api/wetDeliveryNotes/101/6 {
  params: {},
  data: [90mundefined[39m,
  headers: {
    Accept: [32m'application/json, text/plain, */*'[39m,
    [32m'Content-Type'[39m: [32m'application/json;charset=UTF-8'[39m,
    [32m'X-Request-ID'[39m: [32m'dcf66bad'[39m,
    Authorization: [32m'*** MASKED ***'[39m
  }
}
2025[0m[0m-09[0m[0m-29[0m[0m 20[0m[0m:56[0m[0m:50[0m[0m.493[0m[0m [34m[1mINFO[22m[39m[0m[0m [[37m\api\BaseApiClient.ts:94[39m[0m[0m][dcf66bad] <--- 200 GET http://192.168.130.240:8180/documents-api/wetDeliveryNotes/101/6 (34.20 ms)
2025[0m[0m-09[0m[0m-29[0m[0m 20[0m[0m:56[0m[0m:50[0m[0m.495[0m[0m [97m[1mTRACE[22m[39m[0m[0m [[37m\tests\Smoke\Smoke_All_Gets_api.spec.ts:104[39m[0m[0m]Determining final response status for assertion...
2025[0m[0m-09[0m[0m-29[0m[0m 20[0m[0m:56[0m[0m:50[0m[0m.497[0m[0m [32m[1mDEBUG[22m[39m[0m[0m [[37m\tests\Smoke\Smoke_All_Gets_api.spec.ts:105[39m[0m[0m]Response status determined: 200
2025[0m[0m-09[0m[0m-29[0m[0m 20[0m[0m:56[0m[0m:50[0m[0m.501[0m[0m [97m[1mTRACE[22m[39m[0m[0m [[37m\tests\Smoke\Smoke_All_Gets_api.spec.ts:110[39m[0m[0m]Preparing assertion for response status...
2025[0m[0m-09[0m[0m-29[0m[0m 20[0m[0m:56[0m[0m:50[0m[0m.508[0m[0m [34m[1mINFO[22m[39m[0m[0m [[37m\tests\Smoke\Smoke_All_Gets_api.spec.ts:126[39m[0m[0m]Test for "GET /documents-api/wetDeliveryNotes/{stockId}/{wetDeliveryNoteId}" completed successfully with status 200.
]]></system-out>
    </testcase>
    <testcase name="API Smoke Tests - GET Endpoints › Authenticated GETs from JSON › TC-009: Endpoint &quot;GET /documents-api/wetDeliveryNotes/caData/{stockId}/{wetDeliveryNoteId}&quot; should be available and return a 2xx status real status: undefined" classname="Smoke\Smoke_All_Gets_api.spec.ts" time="0.689" id="TC-009">
      <system-out><![CDATA[2025[0m[0m-09[0m[0m-29[0m[0m 20[0m[0m:56[0m[0m:50[0m[0m.527[0m[0m [97m[1mTRACE[22m[39m[0m[0m [[37m\support\fixtures\auth.fixture.ts:23[39m[0m[0m]FIXTURE 'authToken': Budu vytvářet nový request kontext...
2025[0m[0m-09[0m[0m-29[0m[0m 20[0m[0m:56[0m[0m:50[0m[0m.530[0m[0m [97m[1mTRACE[22m[39m[0m[0m [[37m\support\fixtures\auth.fixture.ts:25[39m[0m[0m]FIXTURE 'authToken': Request kontext vytvořen.
2025[0m[0m-09[0m[0m-29[0m[0m 20[0m[0m:56[0m[0m:51[0m[0m.135[0m[0m [97m[1mTRACE[22m[39m[0m[0m [[37m\support\fixtures\auth.fixture.ts:33[39m[0m[0m]FIXTURE 'authToken': Odpověď přijata se statusem 201.
2025[0m[0m-09[0m[0m-29[0m[0m 20[0m[0m:56[0m[0m:51[0m[0m.137[0m[0m [97m[1mTRACE[22m[39m[0m[0m [[37m\support\fixtures\auth.fixture.ts:50[39m[0m[0m]FIXTURE 'authToken': Získávám 'accessToken' z JSON odpovědi.
2025[0m[0m-09[0m[0m-29[0m[0m 20[0m[0m:56[0m[0m:51[0m[0m.141[0m[0m [97m[1mTRACE[22m[39m[0m[0m [[37m\support\fixtures\auth.fixture.ts:54[39m[0m[0m]FIXTURE 'authToken': Volám 'use(token)' a předávám token dál...
2025[0m[0m-09[0m[0m-29[0m[0m 20[0m[0m:56[0m[0m:51[0m[0m.144[0m[0m [34m[1mINFO[22m[39m[0m[0m [[37m\tests\Smoke\Smoke_All_Gets_api.spec.ts:68[39m[0m[0m]Inicializuji ApiClient pro autorizované GET endpointy...
2025[0m[0m-09[0m[0m-29[0m[0m 20[0m[0m:56[0m[0m:51[0m[0m.148[0m[0m [34m[1mINFO[22m[39m[0m[0m [[37m\tests\Smoke\Smoke_All_Gets_api.spec.ts:71[39m[0m[0m]ApiClient byl úspěšně inicializován.
2025[0m[0m-09[0m[0m-29[0m[0m 20[0m[0m:56[0m[0m:51[0m[0m.151[0m[0m [34m[1mINFO[22m[39m[0m[0m [[37m\tests\Smoke\Smoke_All_Gets_api.spec.ts:78[39m[0m[0m]Running smoke test for TC-009: GET /documents-api/wetDeliveryNotes/caData/{stockId}/{wetDeliveryNoteId}
2025[0m[0m-09[0m[0m-29[0m[0m 20[0m[0m:56[0m[0m:51[0m[0m.155[0m[0m [32m[1mDEBUG[22m[39m[0m[0m [[37m\tests\Smoke\Smoke_All_Gets_api.spec.ts:81[39m[0m[0m]Attempting to call documents.getWetDeliveryNoteCaDataList with params: [101,6]
2025[0m[0m-09[0m[0m-29[0m[0m 20[0m[0m:56[0m[0m:51[0m[0m.158[0m[0m [97m[1mTRACE[22m[39m[0m[0m [[37m\tests\Smoke\Smoke_All_Gets_api.spec.ts:83[39m[0m[0m]Calling API method...
2025[0m[0m-09[0m[0m-29[0m[0m 20[0m[0m:56[0m[0m:51[0m[0m.162[0m[0m [97m[1mTRACE[22m[39m[0m[0m [[37m\tests\Smoke\Smoke_All_Gets_api.spec.ts:89[39m[0m[0m]Invoking method...
2025[0m[0m-09[0m[0m-29[0m[0m 20[0m[0m:56[0m[0m:51[0m[0m.166[0m[0m [97m[1mTRACE[22m[39m[0m[0m [[37m\api\BaseApiClient.ts:76[39m[0m[0m][916970be] ---> GET http://192.168.130.240:8180/documents-api/wetDeliveryNotes/caData/101/6 {
  params: {},
  data: [90mundefined[39m,
  headers: {
    Accept: [32m'application/json, text/plain, */*'[39m,
    [32m'Content-Type'[39m: [32m'application/json;charset=UTF-8'[39m,
    [32m'X-Request-ID'[39m: [32m'916970be'[39m,
    Authorization: [32m'*** MASKED ***'[39m
  }
}
2025[0m[0m-09[0m[0m-29[0m[0m 20[0m[0m:56[0m[0m:51[0m[0m.197[0m[0m [34m[1mINFO[22m[39m[0m[0m [[37m\api\BaseApiClient.ts:94[39m[0m[0m][916970be] <--- 200 GET http://192.168.130.240:8180/documents-api/wetDeliveryNotes/caData/101/6 (27.77 ms)
2025[0m[0m-09[0m[0m-29[0m[0m 20[0m[0m:56[0m[0m:51[0m[0m.199[0m[0m [97m[1mTRACE[22m[39m[0m[0m [[37m\tests\Smoke\Smoke_All_Gets_api.spec.ts:104[39m[0m[0m]Determining final response status for assertion...
2025[0m[0m-09[0m[0m-29[0m[0m 20[0m[0m:56[0m[0m:51[0m[0m.202[0m[0m [32m[1mDEBUG[22m[39m[0m[0m [[37m\tests\Smoke\Smoke_All_Gets_api.spec.ts:105[39m[0m[0m]Response status determined: 200
2025[0m[0m-09[0m[0m-29[0m[0m 20[0m[0m:56[0m[0m:51[0m[0m.204[0m[0m [97m[1mTRACE[22m[39m[0m[0m [[37m\tests\Smoke\Smoke_All_Gets_api.spec.ts:110[39m[0m[0m]Preparing assertion for response status...
2025[0m[0m-09[0m[0m-29[0m[0m 20[0m[0m:56[0m[0m:51[0m[0m.208[0m[0m [34m[1mINFO[22m[39m[0m[0m [[37m\tests\Smoke\Smoke_All_Gets_api.spec.ts:126[39m[0m[0m]Test for "GET /documents-api/wetDeliveryNotes/caData/{stockId}/{wetDeliveryNoteId}" completed successfully with status 200.
]]></system-out>
    </testcase>
    <testcase name="API Smoke Tests - GET Endpoints › Authenticated GETs from JSON › TC-010: Endpoint &quot;GET /documents-api/wetDeliveryNotes/measures/{stockId}/{wetDeliveryNoteId}&quot; should be available and return a 2xx status real status: undefined" classname="Smoke\Smoke_All_Gets_api.spec.ts" time="0.72" id="TC-010">
      <system-out><![CDATA[2025[0m[0m-09[0m[0m-29[0m[0m 20[0m[0m:56[0m[0m:51[0m[0m.218[0m[0m [97m[1mTRACE[22m[39m[0m[0m [[37m\support\fixtures\auth.fixture.ts:23[39m[0m[0m]FIXTURE 'authToken': Budu vytvářet nový request kontext...
2025[0m[0m-09[0m[0m-29[0m[0m 20[0m[0m:56[0m[0m:51[0m[0m.221[0m[0m [97m[1mTRACE[22m[39m[0m[0m [[37m\support\fixtures\auth.fixture.ts:25[39m[0m[0m]FIXTURE 'authToken': Request kontext vytvořen.
2025[0m[0m-09[0m[0m-29[0m[0m 20[0m[0m:56[0m[0m:51[0m[0m.850[0m[0m [97m[1mTRACE[22m[39m[0m[0m [[37m\support\fixtures\auth.fixture.ts:33[39m[0m[0m]FIXTURE 'authToken': Odpověď přijata se statusem 201.
2025[0m[0m-09[0m[0m-29[0m[0m 20[0m[0m:56[0m[0m:51[0m[0m.852[0m[0m [97m[1mTRACE[22m[39m[0m[0m [[37m\support\fixtures\auth.fixture.ts:50[39m[0m[0m]FIXTURE 'authToken': Získávám 'accessToken' z JSON odpovědi.
2025[0m[0m-09[0m[0m-29[0m[0m 20[0m[0m:56[0m[0m:51[0m[0m.858[0m[0m [97m[1mTRACE[22m[39m[0m[0m [[37m\support\fixtures\auth.fixture.ts:54[39m[0m[0m]FIXTURE 'authToken': Volám 'use(token)' a předávám token dál...
2025[0m[0m-09[0m[0m-29[0m[0m 20[0m[0m:56[0m[0m:51[0m[0m.862[0m[0m [34m[1mINFO[22m[39m[0m[0m [[37m\tests\Smoke\Smoke_All_Gets_api.spec.ts:68[39m[0m[0m]Inicializuji ApiClient pro autorizované GET endpointy...
2025[0m[0m-09[0m[0m-29[0m[0m 20[0m[0m:56[0m[0m:51[0m[0m.869[0m[0m [34m[1mINFO[22m[39m[0m[0m [[37m\tests\Smoke\Smoke_All_Gets_api.spec.ts:71[39m[0m[0m]ApiClient byl úspěšně inicializován.
2025[0m[0m-09[0m[0m-29[0m[0m 20[0m[0m:56[0m[0m:51[0m[0m.872[0m[0m [34m[1mINFO[22m[39m[0m[0m [[37m\tests\Smoke\Smoke_All_Gets_api.spec.ts:78[39m[0m[0m]Running smoke test for TC-010: GET /documents-api/wetDeliveryNotes/measures/{stockId}/{wetDeliveryNoteId}
2025[0m[0m-09[0m[0m-29[0m[0m 20[0m[0m:56[0m[0m:51[0m[0m.875[0m[0m [32m[1mDEBUG[22m[39m[0m[0m [[37m\tests\Smoke\Smoke_All_Gets_api.spec.ts:81[39m[0m[0m]Attempting to call documents.getWetDeliveryNoteMeasuresList with params: [101,6]
2025[0m[0m-09[0m[0m-29[0m[0m 20[0m[0m:56[0m[0m:51[0m[0m.878[0m[0m [97m[1mTRACE[22m[39m[0m[0m [[37m\tests\Smoke\Smoke_All_Gets_api.spec.ts:83[39m[0m[0m]Calling API method...
2025[0m[0m-09[0m[0m-29[0m[0m 20[0m[0m:56[0m[0m:51[0m[0m.883[0m[0m [97m[1mTRACE[22m[39m[0m[0m [[37m\tests\Smoke\Smoke_All_Gets_api.spec.ts:89[39m[0m[0m]Invoking method...
2025[0m[0m-09[0m[0m-29[0m[0m 20[0m[0m:56[0m[0m:51[0m[0m.887[0m[0m [97m[1mTRACE[22m[39m[0m[0m [[37m\api\BaseApiClient.ts:76[39m[0m[0m][e90cad66] ---> GET http://192.168.130.240:8180/documents-api/wetDeliveryNotes/measures/101/6 {
  params: {},
  data: [90mundefined[39m,
  headers: {
    Accept: [32m'application/json, text/plain, */*'[39m,
    [32m'Content-Type'[39m: [32m'application/json;charset=UTF-8'[39m,
    [32m'X-Request-ID'[39m: [32m'e90cad66'[39m,
    Authorization: [32m'*** MASKED ***'[39m
  }
}
2025[0m[0m-09[0m[0m-29[0m[0m 20[0m[0m:56[0m[0m:51[0m[0m.922[0m[0m [34m[1mINFO[22m[39m[0m[0m [[37m\api\BaseApiClient.ts:94[39m[0m[0m][e90cad66] <--- 200 GET http://192.168.130.240:8180/documents-api/wetDeliveryNotes/measures/101/6 (32.04 ms)
2025[0m[0m-09[0m[0m-29[0m[0m 20[0m[0m:56[0m[0m:51[0m[0m.924[0m[0m [97m[1mTRACE[22m[39m[0m[0m [[37m\tests\Smoke\Smoke_All_Gets_api.spec.ts:104[39m[0m[0m]Determining final response status for assertion...
2025[0m[0m-09[0m[0m-29[0m[0m 20[0m[0m:56[0m[0m:51[0m[0m.927[0m[0m [32m[1mDEBUG[22m[39m[0m[0m [[37m\tests\Smoke\Smoke_All_Gets_api.spec.ts:105[39m[0m[0m]Response status determined: 200
2025[0m[0m-09[0m[0m-29[0m[0m 20[0m[0m:56[0m[0m:51[0m[0m.930[0m[0m [97m[1mTRACE[22m[39m[0m[0m [[37m\tests\Smoke\Smoke_All_Gets_api.spec.ts:110[39m[0m[0m]Preparing assertion for response status...
2025[0m[0m-09[0m[0m-29[0m[0m 20[0m[0m:56[0m[0m:51[0m[0m.934[0m[0m [34m[1mINFO[22m[39m[0m[0m [[37m\tests\Smoke\Smoke_All_Gets_api.spec.ts:126[39m[0m[0m]Test for "GET /documents-api/wetDeliveryNotes/measures/{stockId}/{wetDeliveryNoteId}" completed successfully with status 200.
]]></system-out>
    </testcase>
    <testcase name="API Smoke Tests - GET Endpoints › Authenticated GETs from JSON › TC-011: Endpoint &quot;GET /documents-api/wetDeliveryNotes/registers/{stockId}/{wetDeliveryNoteId}&quot; should be available and return a 2xx status real status: undefined" classname="Smoke\Smoke_All_Gets_api.spec.ts" time="0.721" id="TC-011">
      <system-out><![CDATA[2025[0m[0m-09[0m[0m-29[0m[0m 20[0m[0m:56[0m[0m:51[0m[0m.945[0m[0m [97m[1mTRACE[22m[39m[0m[0m [[37m\support\fixtures\auth.fixture.ts:23[39m[0m[0m]FIXTURE 'authToken': Budu vytvářet nový request kontext...
2025[0m[0m-09[0m[0m-29[0m[0m 20[0m[0m:56[0m[0m:51[0m[0m.949[0m[0m [97m[1mTRACE[22m[39m[0m[0m [[37m\support\fixtures\auth.fixture.ts:25[39m[0m[0m]FIXTURE 'authToken': Request kontext vytvořen.
2025[0m[0m-09[0m[0m-29[0m[0m 20[0m[0m:56[0m[0m:52[0m[0m.568[0m[0m [97m[1mTRACE[22m[39m[0m[0m [[37m\support\fixtures\auth.fixture.ts:33[39m[0m[0m]FIXTURE 'authToken': Odpověď přijata se statusem 201.
2025[0m[0m-09[0m[0m-29[0m[0m 20[0m[0m:56[0m[0m:52[0m[0m.570[0m[0m [97m[1mTRACE[22m[39m[0m[0m [[37m\support\fixtures\auth.fixture.ts:50[39m[0m[0m]FIXTURE 'authToken': Získávám 'accessToken' z JSON odpovědi.
2025[0m[0m-09[0m[0m-29[0m[0m 20[0m[0m:56[0m[0m:52[0m[0m.577[0m[0m [97m[1mTRACE[22m[39m[0m[0m [[37m\support\fixtures\auth.fixture.ts:54[39m[0m[0m]FIXTURE 'authToken': Volám 'use(token)' a předávám token dál...
2025[0m[0m-09[0m[0m-29[0m[0m 20[0m[0m:56[0m[0m:52[0m[0m.583[0m[0m [34m[1mINFO[22m[39m[0m[0m [[37m\tests\Smoke\Smoke_All_Gets_api.spec.ts:68[39m[0m[0m]Inicializuji ApiClient pro autorizované GET endpointy...
2025[0m[0m-09[0m[0m-29[0m[0m 20[0m[0m:56[0m[0m:52[0m[0m.588[0m[0m [34m[1mINFO[22m[39m[0m[0m [[37m\tests\Smoke\Smoke_All_Gets_api.spec.ts:71[39m[0m[0m]ApiClient byl úspěšně inicializován.
2025[0m[0m-09[0m[0m-29[0m[0m 20[0m[0m:56[0m[0m:52[0m[0m.592[0m[0m [34m[1mINFO[22m[39m[0m[0m [[37m\tests\Smoke\Smoke_All_Gets_api.spec.ts:78[39m[0m[0m]Running smoke test for TC-011: GET /documents-api/wetDeliveryNotes/registers/{stockId}/{wetDeliveryNoteId}
2025[0m[0m-09[0m[0m-29[0m[0m 20[0m[0m:56[0m[0m:52[0m[0m.595[0m[0m [32m[1mDEBUG[22m[39m[0m[0m [[37m\tests\Smoke\Smoke_All_Gets_api.spec.ts:81[39m[0m[0m]Attempting to call documents.getWetDeliveryNoteRegistersList with params: [101,6]
2025[0m[0m-09[0m[0m-29[0m[0m 20[0m[0m:56[0m[0m:52[0m[0m.598[0m[0m [97m[1mTRACE[22m[39m[0m[0m [[37m\tests\Smoke\Smoke_All_Gets_api.spec.ts:83[39m[0m[0m]Calling API method...
2025[0m[0m-09[0m[0m-29[0m[0m 20[0m[0m:56[0m[0m:52[0m[0m.605[0m[0m [97m[1mTRACE[22m[39m[0m[0m [[37m\tests\Smoke\Smoke_All_Gets_api.spec.ts:89[39m[0m[0m]Invoking method...
2025[0m[0m-09[0m[0m-29[0m[0m 20[0m[0m:56[0m[0m:52[0m[0m.610[0m[0m [97m[1mTRACE[22m[39m[0m[0m [[37m\api\BaseApiClient.ts:76[39m[0m[0m][14da5bac] ---> GET http://192.168.130.240:8180/documents-api/wetDeliveryNotes/registers/101/6 {
  params: {},
  data: [90mundefined[39m,
  headers: {
    Accept: [32m'application/json, text/plain, */*'[39m,
    [32m'Content-Type'[39m: [32m'application/json;charset=UTF-8'[39m,
    [32m'X-Request-ID'[39m: [32m'14da5bac'[39m,
    Authorization: [32m'*** MASKED ***'[39m
  }
}
2025[0m[0m-09[0m[0m-29[0m[0m 20[0m[0m:56[0m[0m:52[0m[0m.646[0m[0m [34m[1mINFO[22m[39m[0m[0m [[37m\api\BaseApiClient.ts:94[39m[0m[0m][14da5bac] <--- 200 GET http://192.168.130.240:8180/documents-api/wetDeliveryNotes/registers/101/6 (32.04 ms)
2025[0m[0m-09[0m[0m-29[0m[0m 20[0m[0m:56[0m[0m:52[0m[0m.648[0m[0m [97m[1mTRACE[22m[39m[0m[0m [[37m\tests\Smoke\Smoke_All_Gets_api.spec.ts:104[39m[0m[0m]Determining final response status for assertion...
2025[0m[0m-09[0m[0m-29[0m[0m 20[0m[0m:56[0m[0m:52[0m[0m.650[0m[0m [32m[1mDEBUG[22m[39m[0m[0m [[37m\tests\Smoke\Smoke_All_Gets_api.spec.ts:105[39m[0m[0m]Response status determined: 200
2025[0m[0m-09[0m[0m-29[0m[0m 20[0m[0m:56[0m[0m:52[0m[0m.653[0m[0m [97m[1mTRACE[22m[39m[0m[0m [[37m\tests\Smoke\Smoke_All_Gets_api.spec.ts:110[39m[0m[0m]Preparing assertion for response status...
2025[0m[0m-09[0m[0m-29[0m[0m 20[0m[0m:56[0m[0m:52[0m[0m.658[0m[0m [34m[1mINFO[22m[39m[0m[0m [[37m\tests\Smoke\Smoke_All_Gets_api.spec.ts:126[39m[0m[0m]Test for "GET /documents-api/wetDeliveryNotes/registers/{stockId}/{wetDeliveryNoteId}" completed successfully with status 200.
]]></system-out>
    </testcase>
    <testcase name="API Smoke Tests - GET Endpoints › Authenticated GETs from JSON › TC-012: Endpoint &quot;GET /documents-api/info/documentsMaxDate/{stockId}&quot; should be available and return a 2xx status real status: undefined" classname="Smoke\Smoke_All_Gets_api.spec.ts" time="0.71" id="TC-012">
      <system-out><![CDATA[2025[0m[0m-09[0m[0m-29[0m[0m 20[0m[0m:56[0m[0m:52[0m[0m.674[0m[0m [97m[1mTRACE[22m[39m[0m[0m [[37m\support\fixtures\auth.fixture.ts:23[39m[0m[0m]FIXTURE 'authToken': Budu vytvářet nový request kontext...
2025[0m[0m-09[0m[0m-29[0m[0m 20[0m[0m:56[0m[0m:52[0m[0m.678[0m[0m [97m[1mTRACE[22m[39m[0m[0m [[37m\support\fixtures\auth.fixture.ts:25[39m[0m[0m]FIXTURE 'authToken': Request kontext vytvořen.
2025[0m[0m-09[0m[0m-29[0m[0m 20[0m[0m:56[0m[0m:53[0m[0m.278[0m[0m [97m[1mTRACE[22m[39m[0m[0m [[37m\support\fixtures\auth.fixture.ts:33[39m[0m[0m]FIXTURE 'authToken': Odpověď přijata se statusem 201.
2025[0m[0m-09[0m[0m-29[0m[0m 20[0m[0m:56[0m[0m:53[0m[0m.280[0m[0m [97m[1mTRACE[22m[39m[0m[0m [[37m\support\fixtures\auth.fixture.ts:50[39m[0m[0m]FIXTURE 'authToken': Získávám 'accessToken' z JSON odpovědi.
2025[0m[0m-09[0m[0m-29[0m[0m 20[0m[0m:56[0m[0m:53[0m[0m.285[0m[0m [97m[1mTRACE[22m[39m[0m[0m [[37m\support\fixtures\auth.fixture.ts:54[39m[0m[0m]FIXTURE 'authToken': Volám 'use(token)' a předávám token dál...
2025[0m[0m-09[0m[0m-29[0m[0m 20[0m[0m:56[0m[0m:53[0m[0m.288[0m[0m [34m[1mINFO[22m[39m[0m[0m [[37m\tests\Smoke\Smoke_All_Gets_api.spec.ts:68[39m[0m[0m]Inicializuji ApiClient pro autorizované GET endpointy...
2025[0m[0m-09[0m[0m-29[0m[0m 20[0m[0m:56[0m[0m:53[0m[0m.292[0m[0m [34m[1mINFO[22m[39m[0m[0m [[37m\tests\Smoke\Smoke_All_Gets_api.spec.ts:71[39m[0m[0m]ApiClient byl úspěšně inicializován.
2025[0m[0m-09[0m[0m-29[0m[0m 20[0m[0m:56[0m[0m:53[0m[0m.295[0m[0m [34m[1mINFO[22m[39m[0m[0m [[37m\tests\Smoke\Smoke_All_Gets_api.spec.ts:78[39m[0m[0m]Running smoke test for TC-012: GET /documents-api/info/documentsMaxDate/{stockId}
2025[0m[0m-09[0m[0m-29[0m[0m 20[0m[0m:56[0m[0m:53[0m[0m.298[0m[0m [32m[1mDEBUG[22m[39m[0m[0m [[37m\tests\Smoke\Smoke_All_Gets_api.spec.ts:81[39m[0m[0m]Attempting to call documents.getDocumentsMaxDate with params: [101]
2025[0m[0m-09[0m[0m-29[0m[0m 20[0m[0m:56[0m[0m:53[0m[0m.302[0m[0m [97m[1mTRACE[22m[39m[0m[0m [[37m\tests\Smoke\Smoke_All_Gets_api.spec.ts:83[39m[0m[0m]Calling API method...
2025[0m[0m-09[0m[0m-29[0m[0m 20[0m[0m:56[0m[0m:53[0m[0m.305[0m[0m [97m[1mTRACE[22m[39m[0m[0m [[37m\tests\Smoke\Smoke_All_Gets_api.spec.ts:89[39m[0m[0m]Invoking method...
2025[0m[0m-09[0m[0m-29[0m[0m 20[0m[0m:56[0m[0m:53[0m[0m.308[0m[0m [97m[1mTRACE[22m[39m[0m[0m [[37m\api\BaseApiClient.ts:76[39m[0m[0m][16b83289] ---> GET http://192.168.130.240:8180/documents-api/info/documentsMaxDate/101 {
  params: {},
  data: [90mundefined[39m,
  headers: {
    Accept: [32m'application/json, text/plain, */*'[39m,
    [32m'Content-Type'[39m: [32m'application/json;charset=UTF-8'[39m,
    [32m'X-Request-ID'[39m: [32m'16b83289'[39m,
    Authorization: [32m'*** MASKED ***'[39m
  }
}
2025[0m[0m-09[0m[0m-29[0m[0m 20[0m[0m:56[0m[0m:53[0m[0m.364[0m[0m [34m[1mINFO[22m[39m[0m[0m [[37m\api\BaseApiClient.ts:94[39m[0m[0m][16b83289] <--- 200 GET http://192.168.130.240:8180/documents-api/info/documentsMaxDate/101 (52.06 ms)
2025[0m[0m-09[0m[0m-29[0m[0m 20[0m[0m:56[0m[0m:53[0m[0m.368[0m[0m [97m[1mTRACE[22m[39m[0m[0m [[37m\tests\Smoke\Smoke_All_Gets_api.spec.ts:104[39m[0m[0m]Determining final response status for assertion...
2025[0m[0m-09[0m[0m-29[0m[0m 20[0m[0m:56[0m[0m:53[0m[0m.369[0m[0m [32m[1mDEBUG[22m[39m[0m[0m [[37m\tests\Smoke\Smoke_All_Gets_api.spec.ts:105[39m[0m[0m]Response status determined: 200
2025[0m[0m-09[0m[0m-29[0m[0m 20[0m[0m:56[0m[0m:53[0m[0m.374[0m[0m [97m[1mTRACE[22m[39m[0m[0m [[37m\tests\Smoke\Smoke_All_Gets_api.spec.ts:110[39m[0m[0m]Preparing assertion for response status...
2025[0m[0m-09[0m[0m-29[0m[0m 20[0m[0m:56[0m[0m:53[0m[0m.379[0m[0m [34m[1mINFO[22m[39m[0m[0m [[37m\tests\Smoke\Smoke_All_Gets_api.spec.ts:126[39m[0m[0m]Test for "GET /documents-api/info/documentsMaxDate/{stockId}" completed successfully with status 200.
]]></system-out>
    </testcase>
    <testcase name="API Smoke Tests - GET Endpoints › Authenticated GETs from JSON › TC-013: Endpoint &quot;GET /documents-api/orders/{stockId}/{orderId}&quot; should be available and return a 2xx status real status: undefined" classname="Smoke\Smoke_All_Gets_api.spec.ts" time="0.779" id="TC-013">
      <system-out><![CDATA[2025[0m[0m-09[0m[0m-29[0m[0m 20[0m[0m:56[0m[0m:53[0m[0m.390[0m[0m [97m[1mTRACE[22m[39m[0m[0m [[37m\support\fixtures\auth.fixture.ts:23[39m[0m[0m]FIXTURE 'authToken': Budu vytvářet nový request kontext...
2025[0m[0m-09[0m[0m-29[0m[0m 20[0m[0m:56[0m[0m:53[0m[0m.393[0m[0m [97m[1mTRACE[22m[39m[0m[0m [[37m\support\fixtures\auth.fixture.ts:25[39m[0m[0m]FIXTURE 'authToken': Request kontext vytvořen.
2025[0m[0m-09[0m[0m-29[0m[0m 20[0m[0m:56[0m[0m:54[0m[0m.013[0m[0m [97m[1mTRACE[22m[39m[0m[0m [[37m\support\fixtures\auth.fixture.ts:33[39m[0m[0m]FIXTURE 'authToken': Odpověď přijata se statusem 201.
2025[0m[0m-09[0m[0m-29[0m[0m 20[0m[0m:56[0m[0m:54[0m[0m.016[0m[0m [97m[1mTRACE[22m[39m[0m[0m [[37m\support\fixtures\auth.fixture.ts:50[39m[0m[0m]FIXTURE 'authToken': Získávám 'accessToken' z JSON odpovědi.
2025[0m[0m-09[0m[0m-29[0m[0m 20[0m[0m:56[0m[0m:54[0m[0m.022[0m[0m [97m[1mTRACE[22m[39m[0m[0m [[37m\support\fixtures\auth.fixture.ts:54[39m[0m[0m]FIXTURE 'authToken': Volám 'use(token)' a předávám token dál...
2025[0m[0m-09[0m[0m-29[0m[0m 20[0m[0m:56[0m[0m:54[0m[0m.027[0m[0m [34m[1mINFO[22m[39m[0m[0m [[37m\tests\Smoke\Smoke_All_Gets_api.spec.ts:68[39m[0m[0m]Inicializuji ApiClient pro autorizované GET endpointy...
2025[0m[0m-09[0m[0m-29[0m[0m 20[0m[0m:56[0m[0m:54[0m[0m.032[0m[0m [34m[1mINFO[22m[39m[0m[0m [[37m\tests\Smoke\Smoke_All_Gets_api.spec.ts:71[39m[0m[0m]ApiClient byl úspěšně inicializován.
2025[0m[0m-09[0m[0m-29[0m[0m 20[0m[0m:56[0m[0m:54[0m[0m.035[0m[0m [34m[1mINFO[22m[39m[0m[0m [[37m\tests\Smoke\Smoke_All_Gets_api.spec.ts:78[39m[0m[0m]Running smoke test for TC-013: GET /documents-api/orders/{stockId}/{orderId}
2025[0m[0m-09[0m[0m-29[0m[0m 20[0m[0m:56[0m[0m:54[0m[0m.039[0m[0m [32m[1mDEBUG[22m[39m[0m[0m [[37m\tests\Smoke\Smoke_All_Gets_api.spec.ts:81[39m[0m[0m]Attempting to call documents.getOrderDetail with params: [101,15]
2025[0m[0m-09[0m[0m-29[0m[0m 20[0m[0m:56[0m[0m:54[0m[0m.042[0m[0m [97m[1mTRACE[22m[39m[0m[0m [[37m\tests\Smoke\Smoke_All_Gets_api.spec.ts:83[39m[0m[0m]Calling API method...
2025[0m[0m-09[0m[0m-29[0m[0m 20[0m[0m:56[0m[0m:54[0m[0m.048[0m[0m [97m[1mTRACE[22m[39m[0m[0m [[37m\tests\Smoke\Smoke_All_Gets_api.spec.ts:89[39m[0m[0m]Invoking method...
2025[0m[0m-09[0m[0m-29[0m[0m 20[0m[0m:56[0m[0m:54[0m[0m.052[0m[0m [97m[1mTRACE[22m[39m[0m[0m [[37m\api\BaseApiClient.ts:76[39m[0m[0m][8dcbafba] ---> GET http://192.168.130.240:8180/documents-api/orders/101/15 {
  params: {},
  data: [90mundefined[39m,
  headers: {
    Accept: [32m'application/json, text/plain, */*'[39m,
    [32m'Content-Type'[39m: [32m'application/json;charset=UTF-8'[39m,
    [32m'X-Request-ID'[39m: [32m'8dcbafba'[39m,
    Authorization: [32m'*** MASKED ***'[39m
  }
}
2025[0m[0m-09[0m[0m-29[0m[0m 20[0m[0m:56[0m[0m:54[0m[0m.151[0m[0m [34m[1mINFO[22m[39m[0m[0m [[37m\api\BaseApiClient.ts:94[39m[0m[0m][8dcbafba] <--- 200 GET http://192.168.130.240:8180/documents-api/orders/101/15 (94.38 ms)
2025[0m[0m-09[0m[0m-29[0m[0m 20[0m[0m:56[0m[0m:54[0m[0m.153[0m[0m [97m[1mTRACE[22m[39m[0m[0m [[37m\tests\Smoke\Smoke_All_Gets_api.spec.ts:104[39m[0m[0m]Determining final response status for assertion...
2025[0m[0m-09[0m[0m-29[0m[0m 20[0m[0m:56[0m[0m:54[0m[0m.155[0m[0m [32m[1mDEBUG[22m[39m[0m[0m [[37m\tests\Smoke\Smoke_All_Gets_api.spec.ts:105[39m[0m[0m]Response status determined: 200
2025[0m[0m-09[0m[0m-29[0m[0m 20[0m[0m:56[0m[0m:54[0m[0m.158[0m[0m [97m[1mTRACE[22m[39m[0m[0m [[37m\tests\Smoke\Smoke_All_Gets_api.spec.ts:110[39m[0m[0m]Preparing assertion for response status...
2025[0m[0m-09[0m[0m-29[0m[0m 20[0m[0m:56[0m[0m:54[0m[0m.162[0m[0m [34m[1mINFO[22m[39m[0m[0m [[37m\tests\Smoke\Smoke_All_Gets_api.spec.ts:126[39m[0m[0m]Test for "GET /documents-api/orders/{stockId}/{orderId}" completed successfully with status 200.
]]></system-out>
    </testcase>
    <testcase name="API Smoke Tests - GET Endpoints › Authenticated GETs from JSON › TC-014: Endpoint &quot;GET /documents-api/orders/items/{stockId}/{orderId}&quot; should be available and return a 2xx status real status: undefined" classname="Smoke\Smoke_All_Gets_api.spec.ts" time="0.7" id="TC-014">
      <system-out><![CDATA[2025[0m[0m-09[0m[0m-29[0m[0m 20[0m[0m:56[0m[0m:54[0m[0m.173[0m[0m [97m[1mTRACE[22m[39m[0m[0m [[37m\support\fixtures\auth.fixture.ts:23[39m[0m[0m]FIXTURE 'authToken': Budu vytvářet nový request kontext...
2025[0m[0m-09[0m[0m-29[0m[0m 20[0m[0m:56[0m[0m:54[0m[0m.176[0m[0m [97m[1mTRACE[22m[39m[0m[0m [[37m\support\fixtures\auth.fixture.ts:25[39m[0m[0m]FIXTURE 'authToken': Request kontext vytvořen.
2025[0m[0m-09[0m[0m-29[0m[0m 20[0m[0m:56[0m[0m:54[0m[0m.789[0m[0m [97m[1mTRACE[22m[39m[0m[0m [[37m\support\fixtures\auth.fixture.ts:33[39m[0m[0m]FIXTURE 'authToken': Odpověď přijata se statusem 201.
2025[0m[0m-09[0m[0m-29[0m[0m 20[0m[0m:56[0m[0m:54[0m[0m.791[0m[0m [97m[1mTRACE[22m[39m[0m[0m [[37m\support\fixtures\auth.fixture.ts:50[39m[0m[0m]FIXTURE 'authToken': Získávám 'accessToken' z JSON odpovědi.
2025[0m[0m-09[0m[0m-29[0m[0m 20[0m[0m:56[0m[0m:54[0m[0m.796[0m[0m [97m[1mTRACE[22m[39m[0m[0m [[37m\support\fixtures\auth.fixture.ts:54[39m[0m[0m]FIXTURE 'authToken': Volám 'use(token)' a předávám token dál...
2025[0m[0m-09[0m[0m-29[0m[0m 20[0m[0m:56[0m[0m:54[0m[0m.800[0m[0m [34m[1mINFO[22m[39m[0m[0m [[37m\tests\Smoke\Smoke_All_Gets_api.spec.ts:68[39m[0m[0m]Inicializuji ApiClient pro autorizované GET endpointy...
2025[0m[0m-09[0m[0m-29[0m[0m 20[0m[0m:56[0m[0m:54[0m[0m.805[0m[0m [34m[1mINFO[22m[39m[0m[0m [[37m\tests\Smoke\Smoke_All_Gets_api.spec.ts:71[39m[0m[0m]ApiClient byl úspěšně inicializován.
2025[0m[0m-09[0m[0m-29[0m[0m 20[0m[0m:56[0m[0m:54[0m[0m.808[0m[0m [34m[1mINFO[22m[39m[0m[0m [[37m\tests\Smoke\Smoke_All_Gets_api.spec.ts:78[39m[0m[0m]Running smoke test for TC-014: GET /documents-api/orders/items/{stockId}/{orderId}
2025[0m[0m-09[0m[0m-29[0m[0m 20[0m[0m:56[0m[0m:54[0m[0m.812[0m[0m [32m[1mDEBUG[22m[39m[0m[0m [[37m\tests\Smoke\Smoke_All_Gets_api.spec.ts:81[39m[0m[0m]Attempting to call documents.getOrderItems with params: [101,96]
2025[0m[0m-09[0m[0m-29[0m[0m 20[0m[0m:56[0m[0m:54[0m[0m.815[0m[0m [97m[1mTRACE[22m[39m[0m[0m [[37m\tests\Smoke\Smoke_All_Gets_api.spec.ts:83[39m[0m[0m]Calling API method...
2025[0m[0m-09[0m[0m-29[0m[0m 20[0m[0m:56[0m[0m:54[0m[0m.819[0m[0m [97m[1mTRACE[22m[39m[0m[0m [[37m\tests\Smoke\Smoke_All_Gets_api.spec.ts:89[39m[0m[0m]Invoking method...
2025[0m[0m-09[0m[0m-29[0m[0m 20[0m[0m:56[0m[0m:54[0m[0m.823[0m[0m [97m[1mTRACE[22m[39m[0m[0m [[37m\api\BaseApiClient.ts:76[39m[0m[0m][3d9756b7] ---> GET http://192.168.130.240:8180/documents-api/orders/items/101/96 {
  params: {},
  data: [90mundefined[39m,
  headers: {
    Accept: [32m'application/json, text/plain, */*'[39m,
    [32m'Content-Type'[39m: [32m'application/json;charset=UTF-8'[39m,
    [32m'X-Request-ID'[39m: [32m'3d9756b7'[39m,
    Authorization: [32m'*** MASKED ***'[39m
  }
}
2025[0m[0m-09[0m[0m-29[0m[0m 20[0m[0m:56[0m[0m:54[0m[0m.854[0m[0m [34m[1mINFO[22m[39m[0m[0m [[37m\api\BaseApiClient.ts:94[39m[0m[0m][3d9756b7] <--- 200 GET http://192.168.130.240:8180/documents-api/orders/items/101/96 (28.23 ms)
2025[0m[0m-09[0m[0m-29[0m[0m 20[0m[0m:56[0m[0m:54[0m[0m.858[0m[0m [97m[1mTRACE[22m[39m[0m[0m [[37m\tests\Smoke\Smoke_All_Gets_api.spec.ts:104[39m[0m[0m]Determining final response status for assertion...
2025[0m[0m-09[0m[0m-29[0m[0m 20[0m[0m:56[0m[0m:54[0m[0m.859[0m[0m [32m[1mDEBUG[22m[39m[0m[0m [[37m\tests\Smoke\Smoke_All_Gets_api.spec.ts:105[39m[0m[0m]Response status determined: 200
2025[0m[0m-09[0m[0m-29[0m[0m 20[0m[0m:56[0m[0m:54[0m[0m.864[0m[0m [97m[1mTRACE[22m[39m[0m[0m [[37m\tests\Smoke\Smoke_All_Gets_api.spec.ts:110[39m[0m[0m]Preparing assertion for response status...
2025[0m[0m-09[0m[0m-29[0m[0m 20[0m[0m:56[0m[0m:54[0m[0m.868[0m[0m [34m[1mINFO[22m[39m[0m[0m [[37m\tests\Smoke\Smoke_All_Gets_api.spec.ts:126[39m[0m[0m]Test for "GET /documents-api/orders/items/{stockId}/{orderId}" completed successfully with status 200.
]]></system-out>
    </testcase>
    <testcase name="API Smoke Tests - GET Endpoints › Authenticated GETs from JSON › TC-015: Endpoint &quot;GET /documents-api/goodsDeliveryNotes/items/{stockId}/{goodsDeliveryNoteId}&quot; should be available and return a 2xx status real status: undefined" classname="Smoke\Smoke_All_Gets_api.spec.ts" time="0.728" id="TC-015">
      <system-out><![CDATA[2025[0m[0m-09[0m[0m-29[0m[0m 20[0m[0m:56[0m[0m:54[0m[0m.875[0m[0m [97m[1mTRACE[22m[39m[0m[0m [[37m\support\fixtures\auth.fixture.ts:23[39m[0m[0m]FIXTURE 'authToken': Budu vytvářet nový request kontext...
2025[0m[0m-09[0m[0m-29[0m[0m 20[0m[0m:56[0m[0m:54[0m[0m.876[0m[0m [97m[1mTRACE[22m[39m[0m[0m [[37m\support\fixtures\auth.fixture.ts:25[39m[0m[0m]FIXTURE 'authToken': Request kontext vytvořen.
2025[0m[0m-09[0m[0m-29[0m[0m 20[0m[0m:56[0m[0m:55[0m[0m.489[0m[0m [97m[1mTRACE[22m[39m[0m[0m [[37m\support\fixtures\auth.fixture.ts:33[39m[0m[0m]FIXTURE 'authToken': Odpověď přijata se statusem 201.
2025[0m[0m-09[0m[0m-29[0m[0m 20[0m[0m:56[0m[0m:55[0m[0m.492[0m[0m [97m[1mTRACE[22m[39m[0m[0m [[37m\support\fixtures\auth.fixture.ts:50[39m[0m[0m]FIXTURE 'authToken': Získávám 'accessToken' z JSON odpovědi.
2025[0m[0m-09[0m[0m-29[0m[0m 20[0m[0m:56[0m[0m:55[0m[0m.496[0m[0m [97m[1mTRACE[22m[39m[0m[0m [[37m\support\fixtures\auth.fixture.ts:54[39m[0m[0m]FIXTURE 'authToken': Volám 'use(token)' a předávám token dál...
2025[0m[0m-09[0m[0m-29[0m[0m 20[0m[0m:56[0m[0m:55[0m[0m.500[0m[0m [34m[1mINFO[22m[39m[0m[0m [[37m\tests\Smoke\Smoke_All_Gets_api.spec.ts:68[39m[0m[0m]Inicializuji ApiClient pro autorizované GET endpointy...
2025[0m[0m-09[0m[0m-29[0m[0m 20[0m[0m:56[0m[0m:55[0m[0m.506[0m[0m [34m[1mINFO[22m[39m[0m[0m [[37m\tests\Smoke\Smoke_All_Gets_api.spec.ts:71[39m[0m[0m]ApiClient byl úspěšně inicializován.
2025[0m[0m-09[0m[0m-29[0m[0m 20[0m[0m:56[0m[0m:55[0m[0m.510[0m[0m [34m[1mINFO[22m[39m[0m[0m [[37m\tests\Smoke\Smoke_All_Gets_api.spec.ts:78[39m[0m[0m]Running smoke test for TC-015: GET /documents-api/goodsDeliveryNotes/items/{stockId}/{goodsDeliveryNoteId}
2025[0m[0m-09[0m[0m-29[0m[0m 20[0m[0m:56[0m[0m:55[0m[0m.516[0m[0m [32m[1mDEBUG[22m[39m[0m[0m [[37m\tests\Smoke\Smoke_All_Gets_api.spec.ts:81[39m[0m[0m]Attempting to call documents.getGoodsDeliveryNoteItems with params: [101,7]
2025[0m[0m-09[0m[0m-29[0m[0m 20[0m[0m:56[0m[0m:55[0m[0m.520[0m[0m [97m[1mTRACE[22m[39m[0m[0m [[37m\tests\Smoke\Smoke_All_Gets_api.spec.ts:83[39m[0m[0m]Calling API method...
2025[0m[0m-09[0m[0m-29[0m[0m 20[0m[0m:56[0m[0m:55[0m[0m.525[0m[0m [97m[1mTRACE[22m[39m[0m[0m [[37m\tests\Smoke\Smoke_All_Gets_api.spec.ts:89[39m[0m[0m]Invoking method...
2025[0m[0m-09[0m[0m-29[0m[0m 20[0m[0m:56[0m[0m:55[0m[0m.531[0m[0m [97m[1mTRACE[22m[39m[0m[0m [[37m\api\BaseApiClient.ts:76[39m[0m[0m][385d2017] ---> GET http://192.168.130.240:8180/documents-api/goodsDeliveryNotes/items/101/7 {
  params: {},
  data: [90mundefined[39m,
  headers: {
    Accept: [32m'application/json, text/plain, */*'[39m,
    [32m'Content-Type'[39m: [32m'application/json;charset=UTF-8'[39m,
    [32m'X-Request-ID'[39m: [32m'385d2017'[39m,
    Authorization: [32m'*** MASKED ***'[39m
  }
}
2025[0m[0m-09[0m[0m-29[0m[0m 20[0m[0m:56[0m[0m:55[0m[0m.588[0m[0m [34m[1mINFO[22m[39m[0m[0m [[37m\api\BaseApiClient.ts:94[39m[0m[0m][385d2017] <--- 200 GET http://192.168.130.240:8180/documents-api/goodsDeliveryNotes/items/101/7 (52.14 ms)
2025[0m[0m-09[0m[0m-29[0m[0m 20[0m[0m:56[0m[0m:55[0m[0m.590[0m[0m [97m[1mTRACE[22m[39m[0m[0m [[37m\tests\Smoke\Smoke_All_Gets_api.spec.ts:104[39m[0m[0m]Determining final response status for assertion...
2025[0m[0m-09[0m[0m-29[0m[0m 20[0m[0m:56[0m[0m:55[0m[0m.593[0m[0m [32m[1mDEBUG[22m[39m[0m[0m [[37m\tests\Smoke\Smoke_All_Gets_api.spec.ts:105[39m[0m[0m]Response status determined: 200
2025[0m[0m-09[0m[0m-29[0m[0m 20[0m[0m:56[0m[0m:55[0m[0m.596[0m[0m [97m[1mTRACE[22m[39m[0m[0m [[37m\tests\Smoke\Smoke_All_Gets_api.spec.ts:110[39m[0m[0m]Preparing assertion for response status...
2025[0m[0m-09[0m[0m-29[0m[0m 20[0m[0m:56[0m[0m:55[0m[0m.599[0m[0m [34m[1mINFO[22m[39m[0m[0m [[37m\tests\Smoke\Smoke_All_Gets_api.spec.ts:126[39m[0m[0m]Test for "GET /documents-api/goodsDeliveryNotes/items/{stockId}/{goodsDeliveryNoteId}" completed successfully with status 200.
]]></system-out>
    </testcase>
    <testcase name="API Smoke Tests - GET Endpoints › Authenticated GETs from JSON › TC-016: Endpoint &quot;GET /documents-api/goodsDeliveryNotes/vatRecap/{stockId}/{goodsDeliveryNoteId}&quot; should be available and return a 2xx status real status: undefined" classname="Smoke\Smoke_All_Gets_api.spec.ts" time="0.711" id="TC-016">
      <system-out><![CDATA[2025[0m[0m-09[0m[0m-29[0m[0m 20[0m[0m:56[0m[0m:55[0m[0m.608[0m[0m [97m[1mTRACE[22m[39m[0m[0m [[37m\support\fixtures\auth.fixture.ts:23[39m[0m[0m]FIXTURE 'authToken': Budu vytvářet nový request kontext...
2025[0m[0m-09[0m[0m-29[0m[0m 20[0m[0m:56[0m[0m:55[0m[0m.611[0m[0m [97m[1mTRACE[22m[39m[0m[0m [[37m\support\fixtures\auth.fixture.ts:25[39m[0m[0m]FIXTURE 'authToken': Request kontext vytvořen.
2025[0m[0m-09[0m[0m-29[0m[0m 20[0m[0m:56[0m[0m:56[0m[0m.226[0m[0m [97m[1mTRACE[22m[39m[0m[0m [[37m\support\fixtures\auth.fixture.ts:33[39m[0m[0m]FIXTURE 'authToken': Odpověď přijata se statusem 201.
2025[0m[0m-09[0m[0m-29[0m[0m 20[0m[0m:56[0m[0m:56[0m[0m.229[0m[0m [97m[1mTRACE[22m[39m[0m[0m [[37m\support\fixtures\auth.fixture.ts:50[39m[0m[0m]FIXTURE 'authToken': Získávám 'accessToken' z JSON odpovědi.
2025[0m[0m-09[0m[0m-29[0m[0m 20[0m[0m:56[0m[0m:56[0m[0m.237[0m[0m [97m[1mTRACE[22m[39m[0m[0m [[37m\support\fixtures\auth.fixture.ts:54[39m[0m[0m]FIXTURE 'authToken': Volám 'use(token)' a předávám token dál...
2025[0m[0m-09[0m[0m-29[0m[0m 20[0m[0m:56[0m[0m:56[0m[0m.243[0m[0m [34m[1mINFO[22m[39m[0m[0m [[37m\tests\Smoke\Smoke_All_Gets_api.spec.ts:68[39m[0m[0m]Inicializuji ApiClient pro autorizované GET endpointy...
2025[0m[0m-09[0m[0m-29[0m[0m 20[0m[0m:56[0m[0m:56[0m[0m.248[0m[0m [34m[1mINFO[22m[39m[0m[0m [[37m\tests\Smoke\Smoke_All_Gets_api.spec.ts:71[39m[0m[0m]ApiClient byl úspěšně inicializován.
2025[0m[0m-09[0m[0m-29[0m[0m 20[0m[0m:56[0m[0m:56[0m[0m.251[0m[0m [34m[1mINFO[22m[39m[0m[0m [[37m\tests\Smoke\Smoke_All_Gets_api.spec.ts:78[39m[0m[0m]Running smoke test for TC-016: GET /documents-api/goodsDeliveryNotes/vatRecap/{stockId}/{goodsDeliveryNoteId}
2025[0m[0m-09[0m[0m-29[0m[0m 20[0m[0m:56[0m[0m:56[0m[0m.254[0m[0m [32m[1mDEBUG[22m[39m[0m[0m [[37m\tests\Smoke\Smoke_All_Gets_api.spec.ts:81[39m[0m[0m]Attempting to call documents.getGoodsDeliveryNoteVatRecap with params: [101,157]
2025[0m[0m-09[0m[0m-29[0m[0m 20[0m[0m:56[0m[0m:56[0m[0m.258[0m[0m [97m[1mTRACE[22m[39m[0m[0m [[37m\tests\Smoke\Smoke_All_Gets_api.spec.ts:83[39m[0m[0m]Calling API method...
2025[0m[0m-09[0m[0m-29[0m[0m 20[0m[0m:56[0m[0m:56[0m[0m.261[0m[0m [97m[1mTRACE[22m[39m[0m[0m [[37m\tests\Smoke\Smoke_All_Gets_api.spec.ts:89[39m[0m[0m]Invoking method...
2025[0m[0m-09[0m[0m-29[0m[0m 20[0m[0m:56[0m[0m:56[0m[0m.265[0m[0m [97m[1mTRACE[22m[39m[0m[0m [[37m\api\BaseApiClient.ts:76[39m[0m[0m][67524e1b] ---> GET http://192.168.130.240:8180/documents-api/goodsDeliveryNotes/vatRecap/101/157 {
  params: {},
  data: [90mundefined[39m,
  headers: {
    Accept: [32m'application/json, text/plain, */*'[39m,
    [32m'Content-Type'[39m: [32m'application/json;charset=UTF-8'[39m,
    [32m'X-Request-ID'[39m: [32m'67524e1b'[39m,
    Authorization: [32m'*** MASKED ***'[39m
  }
}
2025[0m[0m-09[0m[0m-29[0m[0m 20[0m[0m:56[0m[0m:56[0m[0m.299[0m[0m [34m[1mINFO[22m[39m[0m[0m [[37m\api\BaseApiClient.ts:94[39m[0m[0m][67524e1b] <--- 200 GET http://192.168.130.240:8180/documents-api/goodsDeliveryNotes/vatRecap/101/157 (30.35 ms)
2025[0m[0m-09[0m[0m-29[0m[0m 20[0m[0m:56[0m[0m:56[0m[0m.302[0m[0m [97m[1mTRACE[22m[39m[0m[0m [[37m\tests\Smoke\Smoke_All_Gets_api.spec.ts:104[39m[0m[0m]Determining final response status for assertion...
2025[0m[0m-09[0m[0m-29[0m[0m 20[0m[0m:56[0m[0m:56[0m[0m.304[0m[0m [32m[1mDEBUG[22m[39m[0m[0m [[37m\tests\Smoke\Smoke_All_Gets_api.spec.ts:105[39m[0m[0m]Response status determined: 200
2025[0m[0m-09[0m[0m-29[0m[0m 20[0m[0m:56[0m[0m:56[0m[0m.308[0m[0m [97m[1mTRACE[22m[39m[0m[0m [[37m\tests\Smoke\Smoke_All_Gets_api.spec.ts:110[39m[0m[0m]Preparing assertion for response status...
2025[0m[0m-09[0m[0m-29[0m[0m 20[0m[0m:56[0m[0m:56[0m[0m.312[0m[0m [34m[1mINFO[22m[39m[0m[0m [[37m\tests\Smoke\Smoke_All_Gets_api.spec.ts:126[39m[0m[0m]Test for "GET /documents-api/goodsDeliveryNotes/vatRecap/{stockId}/{goodsDeliveryNoteId}" completed successfully with status 200.
]]></system-out>
    </testcase>
    <testcase name="API Smoke Tests - GET Endpoints › Authenticated GETs from JSON › TC-017: Endpoint &quot;GET /documents-api/goodsInventories/{stockId}/{goodsInventoryId}&quot; should be available and return a 2xx status real status: undefined" classname="Smoke\Smoke_All_Gets_api.spec.ts" time="0.696" id="TC-017">
      <system-out><![CDATA[2025[0m[0m-09[0m[0m-29[0m[0m 20[0m[0m:56[0m[0m:56[0m[0m.325[0m[0m [97m[1mTRACE[22m[39m[0m[0m [[37m\support\fixtures\auth.fixture.ts:23[39m[0m[0m]FIXTURE 'authToken': Budu vytvářet nový request kontext...
2025[0m[0m-09[0m[0m-29[0m[0m 20[0m[0m:56[0m[0m:56[0m[0m.328[0m[0m [97m[1mTRACE[22m[39m[0m[0m [[37m\support\fixtures\auth.fixture.ts:25[39m[0m[0m]FIXTURE 'authToken': Request kontext vytvořen.
2025[0m[0m-09[0m[0m-29[0m[0m 20[0m[0m:56[0m[0m:56[0m[0m.937[0m[0m [97m[1mTRACE[22m[39m[0m[0m [[37m\support\fixtures\auth.fixture.ts:33[39m[0m[0m]FIXTURE 'authToken': Odpověď přijata se statusem 201.
2025[0m[0m-09[0m[0m-29[0m[0m 20[0m[0m:56[0m[0m:56[0m[0m.939[0m[0m [97m[1mTRACE[22m[39m[0m[0m [[37m\support\fixtures\auth.fixture.ts:50[39m[0m[0m]FIXTURE 'authToken': Získávám 'accessToken' z JSON odpovědi.
2025[0m[0m-09[0m[0m-29[0m[0m 20[0m[0m:56[0m[0m:56[0m[0m.944[0m[0m [97m[1mTRACE[22m[39m[0m[0m [[37m\support\fixtures\auth.fixture.ts:54[39m[0m[0m]FIXTURE 'authToken': Volám 'use(token)' a předávám token dál...
2025[0m[0m-09[0m[0m-29[0m[0m 20[0m[0m:56[0m[0m:56[0m[0m.948[0m[0m [34m[1mINFO[22m[39m[0m[0m [[37m\tests\Smoke\Smoke_All_Gets_api.spec.ts:68[39m[0m[0m]Inicializuji ApiClient pro autorizované GET endpointy...
2025[0m[0m-09[0m[0m-29[0m[0m 20[0m[0m:56[0m[0m:56[0m[0m.952[0m[0m [34m[1mINFO[22m[39m[0m[0m [[37m\tests\Smoke\Smoke_All_Gets_api.spec.ts:71[39m[0m[0m]ApiClient byl úspěšně inicializován.
2025[0m[0m-09[0m[0m-29[0m[0m 20[0m[0m:56[0m[0m:56[0m[0m.956[0m[0m [34m[1mINFO[22m[39m[0m[0m [[37m\tests\Smoke\Smoke_All_Gets_api.spec.ts:78[39m[0m[0m]Running smoke test for TC-017: GET /documents-api/goodsInventories/{stockId}/{goodsInventoryId}
2025[0m[0m-09[0m[0m-29[0m[0m 20[0m[0m:56[0m[0m:56[0m[0m.961[0m[0m [32m[1mDEBUG[22m[39m[0m[0m [[37m\tests\Smoke\Smoke_All_Gets_api.spec.ts:81[39m[0m[0m]Attempting to call documents.getInventoryDetail with params: [101,1]
2025[0m[0m-09[0m[0m-29[0m[0m 20[0m[0m:56[0m[0m:56[0m[0m.964[0m[0m [97m[1mTRACE[22m[39m[0m[0m [[37m\tests\Smoke\Smoke_All_Gets_api.spec.ts:83[39m[0m[0m]Calling API method...
2025[0m[0m-09[0m[0m-29[0m[0m 20[0m[0m:56[0m[0m:56[0m[0m.969[0m[0m [97m[1mTRACE[22m[39m[0m[0m [[37m\tests\Smoke\Smoke_All_Gets_api.spec.ts:89[39m[0m[0m]Invoking method...
2025[0m[0m-09[0m[0m-29[0m[0m 20[0m[0m:56[0m[0m:56[0m[0m.973[0m[0m [97m[1mTRACE[22m[39m[0m[0m [[37m\api\BaseApiClient.ts:76[39m[0m[0m][931b5c7a] ---> GET http://192.168.130.240:8180/documents-api/goodsInventories/101/1 {
  params: {},
  data: [90mundefined[39m,
  headers: {
    Accept: [32m'application/json, text/plain, */*'[39m,
    [32m'Content-Type'[39m: [32m'application/json;charset=UTF-8'[39m,
    [32m'X-Request-ID'[39m: [32m'931b5c7a'[39m,
    Authorization: [32m'*** MASKED ***'[39m
  }
}
2025[0m[0m-09[0m[0m-29[0m[0m 20[0m[0m:56[0m[0m:57[0m[0m.006[0m[0m [34m[1mINFO[22m[39m[0m[0m [[37m\api\BaseApiClient.ts:94[39m[0m[0m][931b5c7a] <--- 200 GET http://192.168.130.240:8180/documents-api/goodsInventories/101/1 (30.35 ms)
2025[0m[0m-09[0m[0m-29[0m[0m 20[0m[0m:56[0m[0m:57[0m[0m.008[0m[0m [97m[1mTRACE[22m[39m[0m[0m [[37m\tests\Smoke\Smoke_All_Gets_api.spec.ts:104[39m[0m[0m]Determining final response status for assertion...
2025[0m[0m-09[0m[0m-29[0m[0m 20[0m[0m:56[0m[0m:57[0m[0m.009[0m[0m [32m[1mDEBUG[22m[39m[0m[0m [[37m\tests\Smoke\Smoke_All_Gets_api.spec.ts:105[39m[0m[0m]Response status determined: 200
2025[0m[0m-09[0m[0m-29[0m[0m 20[0m[0m:56[0m[0m:57[0m[0m.012[0m[0m [97m[1mTRACE[22m[39m[0m[0m [[37m\tests\Smoke\Smoke_All_Gets_api.spec.ts:110[39m[0m[0m]Preparing assertion for response status...
2025[0m[0m-09[0m[0m-29[0m[0m 20[0m[0m:56[0m[0m:57[0m[0m.017[0m[0m [34m[1mINFO[22m[39m[0m[0m [[37m\tests\Smoke\Smoke_All_Gets_api.spec.ts:126[39m[0m[0m]Test for "GET /documents-api/goodsInventories/{stockId}/{goodsInventoryId}" completed successfully with status 200.
]]></system-out>
    </testcase>
    <testcase name="API Smoke Tests - GET Endpoints › Authenticated GETs from JSON › TC-018: Endpoint &quot;GET /documents-api/goodsInventories/items/{stockId}/{goodsInventoryId}&quot; should be available and return a 2xx status real status: undefined" classname="Smoke\Smoke_All_Gets_api.spec.ts" time="0.716" id="TC-018">
      <system-out><![CDATA[2025[0m[0m-09[0m[0m-29[0m[0m 20[0m[0m:56[0m[0m:57[0m[0m.027[0m[0m [97m[1mTRACE[22m[39m[0m[0m [[37m\support\fixtures\auth.fixture.ts:23[39m[0m[0m]FIXTURE 'authToken': Budu vytvářet nový request kontext...
2025[0m[0m-09[0m[0m-29[0m[0m 20[0m[0m:56[0m[0m:57[0m[0m.028[0m[0m [97m[1mTRACE[22m[39m[0m[0m [[37m\support\fixtures\auth.fixture.ts:25[39m[0m[0m]FIXTURE 'authToken': Request kontext vytvořen.
2025[0m[0m-09[0m[0m-29[0m[0m 20[0m[0m:56[0m[0m:57[0m[0m.643[0m[0m [97m[1mTRACE[22m[39m[0m[0m [[37m\support\fixtures\auth.fixture.ts:33[39m[0m[0m]FIXTURE 'authToken': Odpověď přijata se statusem 201.
2025[0m[0m-09[0m[0m-29[0m[0m 20[0m[0m:56[0m[0m:57[0m[0m.646[0m[0m [97m[1mTRACE[22m[39m[0m[0m [[37m\support\fixtures\auth.fixture.ts:50[39m[0m[0m]FIXTURE 'authToken': Získávám 'accessToken' z JSON odpovědi.
2025[0m[0m-09[0m[0m-29[0m[0m 20[0m[0m:56[0m[0m:57[0m[0m.651[0m[0m [97m[1mTRACE[22m[39m[0m[0m [[37m\support\fixtures\auth.fixture.ts:54[39m[0m[0m]FIXTURE 'authToken': Volám 'use(token)' a předávám token dál...
2025[0m[0m-09[0m[0m-29[0m[0m 20[0m[0m:56[0m[0m:57[0m[0m.655[0m[0m [34m[1mINFO[22m[39m[0m[0m [[37m\tests\Smoke\Smoke_All_Gets_api.spec.ts:68[39m[0m[0m]Inicializuji ApiClient pro autorizované GET endpointy...
2025[0m[0m-09[0m[0m-29[0m[0m 20[0m[0m:56[0m[0m:57[0m[0m.660[0m[0m [34m[1mINFO[22m[39m[0m[0m [[37m\tests\Smoke\Smoke_All_Gets_api.spec.ts:71[39m[0m[0m]ApiClient byl úspěšně inicializován.
2025[0m[0m-09[0m[0m-29[0m[0m 20[0m[0m:56[0m[0m:57[0m[0m.663[0m[0m [34m[1mINFO[22m[39m[0m[0m [[37m\tests\Smoke\Smoke_All_Gets_api.spec.ts:78[39m[0m[0m]Running smoke test for TC-018: GET /documents-api/goodsInventories/items/{stockId}/{goodsInventoryId}
2025[0m[0m-09[0m[0m-29[0m[0m 20[0m[0m:56[0m[0m:57[0m[0m.667[0m[0m [32m[1mDEBUG[22m[39m[0m[0m [[37m\tests\Smoke\Smoke_All_Gets_api.spec.ts:81[39m[0m[0m]Attempting to call documents.getInventoryItems with params: [101,1]
2025[0m[0m-09[0m[0m-29[0m[0m 20[0m[0m:56[0m[0m:57[0m[0m.670[0m[0m [97m[1mTRACE[22m[39m[0m[0m [[37m\tests\Smoke\Smoke_All_Gets_api.spec.ts:83[39m[0m[0m]Calling API method...
2025[0m[0m-09[0m[0m-29[0m[0m 20[0m[0m:56[0m[0m:57[0m[0m.675[0m[0m [97m[1mTRACE[22m[39m[0m[0m [[37m\tests\Smoke\Smoke_All_Gets_api.spec.ts:89[39m[0m[0m]Invoking method...
2025[0m[0m-09[0m[0m-29[0m[0m 20[0m[0m:56[0m[0m:57[0m[0m.679[0m[0m [97m[1mTRACE[22m[39m[0m[0m [[37m\api\BaseApiClient.ts:76[39m[0m[0m][a1c7fc93] ---> GET http://192.168.130.240:8180/documents-api/goodsInventories/items/101/1 {
  params: {},
  data: [90mundefined[39m,
  headers: {
    Accept: [32m'application/json, text/plain, */*'[39m,
    [32m'Content-Type'[39m: [32m'application/json;charset=UTF-8'[39m,
    [32m'X-Request-ID'[39m: [32m'a1c7fc93'[39m,
    Authorization: [32m'*** MASKED ***'[39m
  }
}
2025[0m[0m-09[0m[0m-29[0m[0m 20[0m[0m:56[0m[0m:57[0m[0m.722[0m[0m [34m[1mINFO[22m[39m[0m[0m [[37m\api\BaseApiClient.ts:94[39m[0m[0m][a1c7fc93] <--- 200 GET http://192.168.130.240:8180/documents-api/goodsInventories/items/101/1 (38.32 ms)
2025[0m[0m-09[0m[0m-29[0m[0m 20[0m[0m:56[0m[0m:57[0m[0m.724[0m[0m [97m[1mTRACE[22m[39m[0m[0m [[37m\tests\Smoke\Smoke_All_Gets_api.spec.ts:104[39m[0m[0m]Determining final response status for assertion...
2025[0m[0m-09[0m[0m-29[0m[0m 20[0m[0m:56[0m[0m:57[0m[0m.727[0m[0m [32m[1mDEBUG[22m[39m[0m[0m [[37m\tests\Smoke\Smoke_All_Gets_api.spec.ts:105[39m[0m[0m]Response status determined: 200
2025[0m[0m-09[0m[0m-29[0m[0m 20[0m[0m:56[0m[0m:57[0m[0m.731[0m[0m [97m[1mTRACE[22m[39m[0m[0m [[37m\tests\Smoke\Smoke_All_Gets_api.spec.ts:110[39m[0m[0m]Preparing assertion for response status...
2025[0m[0m-09[0m[0m-29[0m[0m 20[0m[0m:56[0m[0m:57[0m[0m.735[0m[0m [34m[1mINFO[22m[39m[0m[0m [[37m\tests\Smoke\Smoke_All_Gets_api.spec.ts:126[39m[0m[0m]Test for "GET /documents-api/goodsInventories/items/{stockId}/{goodsInventoryId}" completed successfully with status 200.
]]></system-out>
    </testcase>
    <testcase name="API Smoke Tests - GET Endpoints › Authenticated GETs from JSON › TC-020: Endpoint &quot;GET /documents-api/goodsInventories/protocol/{stockId}/{goodsInventoryId}&quot; should be available and return a 2xx status real status: undefined" classname="Smoke\Smoke_All_Gets_api.spec.ts" time="0.72" id="TC-020">
      <system-out><![CDATA[2025[0m[0m-09[0m[0m-29[0m[0m 20[0m[0m:56[0m[0m:57[0m[0m.751[0m[0m [97m[1mTRACE[22m[39m[0m[0m [[37m\support\fixtures\auth.fixture.ts:23[39m[0m[0m]FIXTURE 'authToken': Budu vytvářet nový request kontext...
2025[0m[0m-09[0m[0m-29[0m[0m 20[0m[0m:56[0m[0m:57[0m[0m.755[0m[0m [97m[1mTRACE[22m[39m[0m[0m [[37m\support\fixtures\auth.fixture.ts:25[39m[0m[0m]FIXTURE 'authToken': Request kontext vytvořen.
2025[0m[0m-09[0m[0m-29[0m[0m 20[0m[0m:56[0m[0m:58[0m[0m.360[0m[0m [97m[1mTRACE[22m[39m[0m[0m [[37m\support\fixtures\auth.fixture.ts:33[39m[0m[0m]FIXTURE 'authToken': Odpověď přijata se statusem 201.
2025[0m[0m-09[0m[0m-29[0m[0m 20[0m[0m:56[0m[0m:58[0m[0m.363[0m[0m [97m[1mTRACE[22m[39m[0m[0m [[37m\support\fixtures\auth.fixture.ts:50[39m[0m[0m]FIXTURE 'authToken': Získávám 'accessToken' z JSON odpovědi.
2025[0m[0m-09[0m[0m-29[0m[0m 20[0m[0m:56[0m[0m:58[0m[0m.369[0m[0m [97m[1mTRACE[22m[39m[0m[0m [[37m\support\fixtures\auth.fixture.ts:54[39m[0m[0m]FIXTURE 'authToken': Volám 'use(token)' a předávám token dál...
2025[0m[0m-09[0m[0m-29[0m[0m 20[0m[0m:56[0m[0m:58[0m[0m.373[0m[0m [34m[1mINFO[22m[39m[0m[0m [[37m\tests\Smoke\Smoke_All_Gets_api.spec.ts:68[39m[0m[0m]Inicializuji ApiClient pro autorizované GET endpointy...
2025[0m[0m-09[0m[0m-29[0m[0m 20[0m[0m:56[0m[0m:58[0m[0m.378[0m[0m [34m[1mINFO[22m[39m[0m[0m [[37m\tests\Smoke\Smoke_All_Gets_api.spec.ts:71[39m[0m[0m]ApiClient byl úspěšně inicializován.
2025[0m[0m-09[0m[0m-29[0m[0m 20[0m[0m:56[0m[0m:58[0m[0m.382[0m[0m [34m[1mINFO[22m[39m[0m[0m [[37m\tests\Smoke\Smoke_All_Gets_api.spec.ts:78[39m[0m[0m]Running smoke test for TC-020: GET /documents-api/goodsInventories/protocol/{stockId}/{goodsInventoryId}
2025[0m[0m-09[0m[0m-29[0m[0m 20[0m[0m:56[0m[0m:58[0m[0m.385[0m[0m [32m[1mDEBUG[22m[39m[0m[0m [[37m\tests\Smoke\Smoke_All_Gets_api.spec.ts:81[39m[0m[0m]Attempting to call documents.getInventoryProtocol with params: [101,1]
2025[0m[0m-09[0m[0m-29[0m[0m 20[0m[0m:56[0m[0m:58[0m[0m.389[0m[0m [97m[1mTRACE[22m[39m[0m[0m [[37m\tests\Smoke\Smoke_All_Gets_api.spec.ts:83[39m[0m[0m]Calling API method...
2025[0m[0m-09[0m[0m-29[0m[0m 20[0m[0m:56[0m[0m:58[0m[0m.393[0m[0m [97m[1mTRACE[22m[39m[0m[0m [[37m\tests\Smoke\Smoke_All_Gets_api.spec.ts:89[39m[0m[0m]Invoking method...
2025[0m[0m-09[0m[0m-29[0m[0m 20[0m[0m:56[0m[0m:58[0m[0m.397[0m[0m [97m[1mTRACE[22m[39m[0m[0m [[37m\api\BaseApiClient.ts:76[39m[0m[0m][bf27498c] ---> GET http://192.168.130.240:8180/documents-api/goodsInventories/protocol/101/1 {
  params: {},
  data: [90mundefined[39m,
  headers: {
    Accept: [32m'application/json, text/plain, */*'[39m,
    [32m'Content-Type'[39m: [32m'application/json;charset=UTF-8'[39m,
    [32m'X-Request-ID'[39m: [32m'bf27498c'[39m,
    Authorization: [32m'*** MASKED ***'[39m
  }
}
[...]
]]></system-out>
    </testcase>
    <testcase name="API Smoke Tests - GET Endpoints › Authenticated GETs from JSON › TC-121: Endpoint &quot;GET /administration-api/menuDefinitions&quot; should be available and return a 2xx status real status: undefined" classname="Smoke\Smoke_All_Gets_api.spec.ts" time="0.669" id="TC-121">
      <failure message="Smoke_All_Gets_api.spec.ts:77:9 TC-121: Endpoint &quot;GET /administration-api/menuDefinitions&quot; should be available and return a 2xx status real status: undefined" type="FAILURE"><![CDATA[  [API] › Smoke\Smoke_All_Gets_api.spec.ts:77:9 › API Smoke Tests - GET Endpoints › Authenticated GETs from JSON › TC-121: Endpoint "GET /administration-api/menuDefinitions" should be available and return a 2xx status real status: undefined 

    Error: Method "getMenuDefinitions" does not exist on service "administration".

      85 |             const methodToCall = service[endpoint.method];
      86 |             if (typeof methodToCall !== 'function') {
    > 87 |                 throw new Error(`Method "${endpoint.method}" does not exist on service "${endpoint.service}".`);
         |                       ^
      88 |             }
      89 |             logger.trace('Invoking method...');
      90 |             await methodToCall.apply(service, endpoint.params);
        at C:\Users\novakma\Testy_CBOS\tests\Smoke\Smoke_All_Gets_api.spec.ts:87:23
]]></failure>
      <system-out><![CDATA[2025[0m[0m-09[0m[0m-29[0m[0m 20[0m[0m:59[0m[0m:17[0m[0m.532[0m[0m [97m[1mTRACE[22m[39m[0m[0m [[37m\support\fixtures\auth.fixture.ts:23[39m[0m[0m]FIXTURE 'authToken': Budu vytvářet nový request kontext...
2025[0m[0m-09[0m[0m-29[0m[0m 20[0m[0m:59[0m[0m:17[0m[0m.537[0m[0m [97m[1mTRACE[22m[39m[0m[0m [[37m\support\fixtures\auth.fixture.ts:25[39m[0m[0m]FIXTURE 'authToken': Request kontext vytvořen.
2025[0m[0m-09[0m[0m-29[0m[0m 20[0m[0m:59[0m[0m:18[0m[0m.155[0m[0m [97m[1mTRACE[22m[39m[0m[0m [[37m\support\fixtures\auth.fixture.ts:33[39m[0m[0m]FIXTURE 'authToken': Odpověď přijata se statusem 201.
2025[0m[0m-09[0m[0m-29[0m[0m 20[0m[0m:59[0m[0m:18[0m[0m.160[0m[0m [97m[1mTRACE[22m[39m[0m[0m [[37m\support\fixtures\auth.fixture.ts:50[39m[0m[0m]FIXTURE 'authToken': Získávám 'accessToken' z JSON odpovědi.
2025[0m[0m-09[0m[0m-29[0m[0m 20[0m[0m:59[0m[0m:18[0m[0m.164[0m[0m [97m[1mTRACE[22m[39m[0m[0m [[37m\support\fixtures\auth.fixture.ts:54[39m[0m[0m]FIXTURE 'authToken': Volám 'use(token)' a předávám token dál...
2025[0m[0m-09[0m[0m-29[0m[0m 20[0m[0m:59[0m[0m:18[0m[0m.165[0m[0m [34m[1mINFO[22m[39m[0m[0m [[37m\tests\Smoke\Smoke_All_Gets_api.spec.ts:68[39m[0m[0m]Inicializuji ApiClient pro autorizované GET endpointy...
2025[0m[0m-09[0m[0m-29[0m[0m 20[0m[0m:59[0m[0m:18[0m[0m.170[0m[0m [34m[1mINFO[22m[39m[0m[0m [[37m\tests\Smoke\Smoke_All_Gets_api.spec.ts:71[39m[0m[0m]ApiClient byl úspěšně inicializován.
2025[0m[0m-09[0m[0m-29[0m[0m 20[0m[0m:59[0m[0m:18[0m[0m.172[0m[0m [34m[1mINFO[22m[39m[0m[0m [[37m\tests\Smoke\Smoke_All_Gets_api.spec.ts:78[39m[0m[0m]Running smoke test for TC-121: GET /administration-api/menuDefinitions
2025[0m[0m-09[0m[0m-29[0m[0m 20[0m[0m:59[0m[0m:18[0m[0m.174[0m[0m [32m[1mDEBUG[22m[39m[0m[0m [[37m\tests\Smoke\Smoke_All_Gets_api.spec.ts:81[39m[0m[0m]Attempting to call administration.getMenuDefinitions with params: []
2025[0m[0m-09[0m[0m-29[0m[0m 20[0m[0m:59[0m[0m:18[0m[0m.176[0m[0m [97m[1mTRACE[22m[39m[0m[0m [[37m\tests\Smoke\Smoke_All_Gets_api.spec.ts:83[39m[0m[0m]Calling API method...
2025[0m[0m-09[0m[0m-29[0m[0m 20[0m[0m:59[0m[0m:18[0m[0m.179[0m[0m [32m[1mDEBUG[22m[39m[0m[0m [[37m\tests\Smoke\Smoke_All_Gets_api.spec.ts:99[39m[0m[0m]No status code found in error message.
2025[0m[0m-09[0m[0m-29[0m[0m 20[0m[0m:59[0m[0m:18[0m[0m.182[0m[0m [31m[1mERROR[22m[39m[0m[0m [[37m\tests\Smoke\Smoke_All_Gets_api.spec.ts:100[39m[0m[0m]Could not parse status code from error. Test is failing.
[97m[101m[1m Error [22m[49m[39m[0m[0m Method "getMenuDefinitions" does not exist on service "administration".[0m[0m
error stack:
  • [33m\tests\Smoke\Smoke_All_Gets_api.spec.ts[39m[0m[0m:[0m[0m:[0m[0m
    [0m[0m
  • [33m\node_modules\playwright\lib\worker\workerMain.js[39m[0m[0m:[0m[0m:[0m[0m
    [0m[0m
  • [33m\node_modules\playwright\lib\worker\testInfo.js[39m[0m[0m:[0m[0m:[0m[0m
    [0m[0m
  • [33m\node_modules\playwright\lib\worker\timeoutManager.js[39m[0m[0m:[0m[0m:[0m[0m
    TimeoutManager.withRunnable[0m[0m
  • [33m\node_modules\playwright\lib\worker\testInfo.js[39m[0m[0m:[0m[0m:[0m[0m
    TestInfoImpl._runWithTimeout[0m[0m
  • [33m\node_modules\playwright\lib\worker\workerMain.js[39m[0m[0m:[0m[0m:[0m[0m
    [0m[0m
  • [33m\node_modules\playwright\lib\worker\workerMain.js[39m[0m[0m:[0m[0m:[0m[0m
    WorkerMain._runTest[0m[0m
  • [33m\node_modules\playwright\lib\worker\workerMain.js[39m[0m[0m:[0m[0m:[0m[0m
    WorkerMain.runTestGroup[0m[0m
  • [33m\node_modules\playwright\lib\common\process.js[39m[0m[0m:[0m[0m:[0m[0m
    process.<anonymous>[0m[0m[0m[0m
]]></system-out>
    </testcase>
    <testcase name="API Smoke Tests - GET Endpoints › Authenticated GETs from JSON › TC-122: Endpoint &quot;GET /administration-api/languages&quot; should be available and return a 2xx status real status: undefined" classname="Smoke\Smoke_All_Gets_api.spec.ts" time="0.674" id="TC-122">
      <failure message="Smoke_All_Gets_api.spec.ts:77:9 TC-122: Endpoint &quot;GET /administration-api/languages&quot; should be available and return a 2xx status real status: undefined" type="FAILURE"><![CDATA[  [API] › Smoke\Smoke_All_Gets_api.spec.ts:77:9 › API Smoke Tests - GET Endpoints › Authenticated GETs from JSON › TC-122: Endpoint "GET /administration-api/languages" should be available and return a 2xx status real status: undefined 

    Error: Method "getTranslations" does not exist on service "administration".

      85 |             const methodToCall = service[endpoint.method];
      86 |             if (typeof methodToCall !== 'function') {
    > 87 |                 throw new Error(`Method "${endpoint.method}" does not exist on service "${endpoint.service}".`);
         |                       ^
      88 |             }
      89 |             logger.trace('Invoking method...');
      90 |             await methodToCall.apply(service, endpoint.params);
        at C:\Users\novakma\Testy_CBOS\tests\Smoke\Smoke_All_Gets_api.spec.ts:87:23
]]></failure>
      <system-out><![CDATA[2025[0m[0m-09[0m[0m-29[0m[0m 20[0m[0m:59[0m[0m:19[0m[0m.050[0m[0m [97m[1mTRACE[22m[39m[0m[0m [[37m\support\fixtures\auth.fixture.ts:23[39m[0m[0m]FIXTURE 'authToken': Budu vytvářet nový request kontext...
2025[0m[0m-09[0m[0m-29[0m[0m 20[0m[0m:59[0m[0m:19[0m[0m.054[0m[0m [97m[1mTRACE[22m[39m[0m[0m [[37m\support\fixtures\auth.fixture.ts:25[39m[0m[0m]FIXTURE 'authToken': Request kontext vytvořen.
2025[0m[0m-09[0m[0m-29[0m[0m 20[0m[0m:59[0m[0m:19[0m[0m.686[0m[0m [97m[1mTRACE[22m[39m[0m[0m [[37m\support\fixtures\auth.fixture.ts:33[39m[0m[0m]FIXTURE 'authToken': Odpověď přijata se statusem 201.
2025[0m[0m-09[0m[0m-29[0m[0m 20[0m[0m:59[0m[0m:19[0m[0m.691[0m[0m [97m[1mTRACE[22m[39m[0m[0m [[37m\support\fixtures\auth.fixture.ts:50[39m[0m[0m]FIXTURE 'authToken': Získávám 'accessToken' z JSON odpovědi.
2025[0m[0m-09[0m[0m-29[0m[0m 20[0m[0m:59[0m[0m:19[0m[0m.694[0m[0m [97m[1mTRACE[22m[39m[0m[0m [[37m\support\fixtures\auth.fixture.ts:54[39m[0m[0m]FIXTURE 'authToken': Volám 'use(token)' a předávám token dál...
2025[0m[0m-09[0m[0m-29[0m[0m 20[0m[0m:59[0m[0m:19[0m[0m.694[0m[0m [34m[1mINFO[22m[39m[0m[0m [[37m\tests\Smoke\Smoke_All_Gets_api.spec.ts:68[39m[0m[0m]Inicializuji ApiClient pro autorizované GET endpointy...
2025[0m[0m-09[0m[0m-29[0m[0m 20[0m[0m:59[0m[0m:19[0m[0m.699[0m[0m [34m[1mINFO[22m[39m[0m[0m [[37m\tests\Smoke\Smoke_All_Gets_api.spec.ts:71[39m[0m[0m]ApiClient byl úspěšně inicializován.
2025[0m[0m-09[0m[0m-29[0m[0m 20[0m[0m:59[0m[0m:19[0m[0m.702[0m[0m [34m[1mINFO[22m[39m[0m[0m [[37m\tests\Smoke\Smoke_All_Gets_api.spec.ts:78[39m[0m[0m]Running smoke test for TC-122: GET /administration-api/languages
2025[0m[0m-09[0m[0m-29[0m[0m 20[0m[0m:59[0m[0m:19[0m[0m.703[0m[0m [32m[1mDEBUG[22m[39m[0m[0m [[37m\tests\Smoke\Smoke_All_Gets_api.spec.ts:81[39m[0m[0m]Attempting to call administration.getTranslations with params: []
2025[0m[0m-09[0m[0m-29[0m[0m 20[0m[0m:59[0m[0m:19[0m[0m.705[0m[0m [97m[1mTRACE[22m[39m[0m[0m [[37m\tests\Smoke\Smoke_All_Gets_api.spec.ts:83[39m[0m[0m]Calling API method...
2025[0m[0m-09[0m[0m-29[0m[0m 20[0m[0m:59[0m[0m:19[0m[0m.710[0m[0m [32m[1mDEBUG[22m[39m[0m[0m [[37m\tests\Smoke\Smoke_All_Gets_api.spec.ts:99[39m[0m[0m]No status code found in error message.
2025[0m[0m-09[0m[0m-29[0m[0m 20[0m[0m:59[0m[0m:19[0m[0m.712[0m[0m [31m[1mERROR[22m[39m[0m[0m [[37m\tests\Smoke\Smoke_All_Gets_api.spec.ts:100[39m[0m[0m]Could not parse status code from error. Test is failing.
[97m[101m[1m Error [22m[49m[39m[0m[0m Method "getTranslations" does not exist on service "administration".[0m[0m
error stack:
  • [33m\tests\Smoke\Smoke_All_Gets_api.spec.ts[39m[0m[0m:[0m[0m:[0m[0m
    [0m[0m
  • [33m\node_modules\playwright\lib\worker\workerMain.js[39m[0m[0m:[0m[0m:[0m[0m
    [0m[0m
  • [33m\node_modules\playwright\lib\worker\testInfo.js[39m[0m[0m:[0m[0m:[0m[0m
    [0m[0m
  • [33m\node_modules\playwright\lib\worker\timeoutManager.js[39m[0m[0m:[0m[0m:[0m[0m
    TimeoutManager.withRunnable[0m[0m
  • [33m\node_modules\playwright\lib\worker\testInfo.js[39m[0m[0m:[0m[0m:[0m[0m
    TestInfoImpl._runWithTimeout[0m[0m
  • [33m\node_modules\playwright\lib\worker\workerMain.js[39m[0m[0m:[0m[0m:[0m[0m
    [0m[0m
  • [33m\node_modules\playwright\lib\worker\workerMain.js[39m[0m[0m:[0m[0m:[0m[0m
    WorkerMain._runTest[0m[0m
  • [33m\node_modules\playwright\lib\worker\workerMain.js[39m[0m[0m:[0m[0m:[0m[0m
    WorkerMain.runTestGroup[0m[0m
  • [33m\node_modules\playwright\lib\common\process.js[39m[0m[0m:[0m[0m:[0m[0m
    process.<anonymous>[0m[0m[0m[0m
]]></system-out>
    </testcase>
    <testcase name="API Smoke Tests - GET Endpoints › Authenticated GETs from JSON › TC-123: Endpoint &quot;GET /administration-api/priceCategories/{categoryId}&quot; should be available and return a 2xx status real status: undefined" classname="Smoke\Smoke_All_Gets_api.spec.ts" time="0.681" id="TC-123">
      <failure message="Smoke_All_Gets_api.spec.ts:77:9 TC-123: Endpoint &quot;GET /administration-api/priceCategories/{categoryId}&quot; should be available and return a 2xx status real status: undefined" type="FAILURE"><![CDATA[  [API] › Smoke\Smoke_All_Gets_api.spec.ts:77:9 › API Smoke Tests - GET Endpoints › Authenticated GETs from JSON › TC-123: Endpoint "GET /administration-api/priceCategories/{categoryId}" should be available and return a 2xx status real status: undefined 

    Error: Method "getPriceCategoryItems" does not exist on service "administration".

      85 |             const methodToCall = service[endpoint.method];
      86 |             if (typeof methodToCall !== 'function') {
    > 87 |                 throw new Error(`Method "${endpoint.method}" does not exist on service "${endpoint.service}".`);
         |                       ^
      88 |             }
      89 |             logger.trace('Invoking method...');
      90 |             await methodToCall.apply(service, endpoint.params);
        at C:\Users\novakma\Testy_CBOS\tests\Smoke\Smoke_All_Gets_api.spec.ts:87:23
]]></failure>
      <system-out><![CDATA[2025[0m[0m-09[0m[0m-29[0m[0m 20[0m[0m:59[0m[0m:20[0m[0m.551[0m[0m [97m[1mTRACE[22m[39m[0m[0m [[37m\support\fixtures\auth.fixture.ts:23[39m[0m[0m]FIXTURE 'authToken': Budu vytvářet nový request kontext...
2025[0m[0m-09[0m[0m-29[0m[0m 20[0m[0m:59[0m[0m:20[0m[0m.557[0m[0m [97m[1mTRACE[22m[39m[0m[0m [[37m\support\fixtures\auth.fixture.ts:25[39m[0m[0m]FIXTURE 'authToken': Request kontext vytvořen.
2025[0m[0m-09[0m[0m-29[0m[0m 20[0m[0m:59[0m[0m:21[0m[0m.198[0m[0m [97m[1mTRACE[22m[39m[0m[0m [[37m\support\fixtures\auth.fixture.ts:33[39m[0m[0m]FIXTURE 'authToken': Odpověď přijata se statusem 201.
2025[0m[0m-09[0m[0m-29[0m[0m 20[0m[0m:59[0m[0m:21[0m[0m.201[0m[0m [97m[1mTRACE[22m[39m[0m[0m [[37m\support\fixtures\auth.fixture.ts:50[39m[0m[0m]FIXTURE 'authToken': Získávám 'accessToken' z JSON odpovědi.
2025[0m[0m-09[0m[0m-29[0m[0m 20[0m[0m:59[0m[0m:21[0m[0m.204[0m[0m [97m[1mTRACE[22m[39m[0m[0m [[37m\support\fixtures\auth.fixture.ts:54[39m[0m[0m]FIXTURE 'authToken': Volám 'use(token)' a předávám token dál...
2025[0m[0m-09[0m[0m-29[0m[0m 20[0m[0m:59[0m[0m:21[0m[0m.205[0m[0m [34m[1mINFO[22m[39m[0m[0m [[37m\tests\Smoke\Smoke_All_Gets_api.spec.ts:68[39m[0m[0m]Inicializuji ApiClient pro autorizované GET endpointy...
2025[0m[0m-09[0m[0m-29[0m[0m 20[0m[0m:59[0m[0m:21[0m[0m.207[0m[0m [34m[1mINFO[22m[39m[0m[0m [[37m\tests\Smoke\Smoke_All_Gets_api.spec.ts:71[39m[0m[0m]ApiClient byl úspěšně inicializován.
2025[0m[0m-09[0m[0m-29[0m[0m 20[0m[0m:59[0m[0m:21[0m[0m.209[0m[0m [34m[1mINFO[22m[39m[0m[0m [[37m\tests\Smoke\Smoke_All_Gets_api.spec.ts:78[39m[0m[0m]Running smoke test for TC-123: GET /administration-api/priceCategories/{categoryId}
2025[0m[0m-09[0m[0m-29[0m[0m 20[0m[0m:59[0m[0m:21[0m[0m.211[0m[0m [32m[1mDEBUG[22m[39m[0m[0m [[37m\tests\Smoke\Smoke_All_Gets_api.spec.ts:81[39m[0m[0m]Attempting to call administration.getPriceCategoryItems with params: [1]
2025[0m[0m-09[0m[0m-29[0m[0m 20[0m[0m:59[0m[0m:21[0m[0m.214[0m[0m [97m[1mTRACE[22m[39m[0m[0m [[37m\tests\Smoke\Smoke_All_Gets_api.spec.ts:83[39m[0m[0m]Calling API method...
2025[0m[0m-09[0m[0m-29[0m[0m 20[0m[0m:59[0m[0m:21[0m[0m.216[0m[0m [32m[1mDEBUG[22m[39m[0m[0m [[37m\tests\Smoke\Smoke_All_Gets_api.spec.ts:99[39m[0m[0m]No status code found in error message.
2025[0m[0m-09[0m[0m-29[0m[0m 20[0m[0m:59[0m[0m:21[0m[0m.218[0m[0m [31m[1mERROR[22m[39m[0m[0m [[37m\tests\Smoke\Smoke_All_Gets_api.spec.ts:100[39m[0m[0m]Could not parse status code from error. Test is failing.
[97m[101m[1m Error [22m[49m[39m[0m[0m Method "getPriceCategoryItems" does not exist on service "administration".[0m[0m
error stack:
  • [33m\tests\Smoke\Smoke_All_Gets_api.spec.ts[39m[0m[0m:[0m[0m:[0m[0m
    [0m[0m
  • [33m\node_modules\playwright\lib\worker\workerMain.js[39m[0m[0m:[0m[0m:[0m[0m
    [0m[0m
  • [33m\node_modules\playwright\lib\worker\testInfo.js[39m[0m[0m:[0m[0m:[0m[0m
    [0m[0m
  • [33m\node_modules\playwright\lib\worker\timeoutManager.js[39m[0m[0m:[0m[0m:[0m[0m
    TimeoutManager.withRunnable[0m[0m
  • [33m\node_modules\playwright\lib\worker\testInfo.js[39m[0m[0m:[0m[0m:[0m[0m
    TestInfoImpl._runWithTimeout[0m[0m
  • [33m\node_modules\playwright\lib\worker\workerMain.js[39m[0m[0m:[0m[0m:[0m[0m
    [0m[0m
  • [33m\node_modules\playwright\lib\worker\workerMain.js[39m[0m[0m:[0m[0m:[0m[0m
    WorkerMain._runTest[0m[0m
  • [33m\node_modules\playwright\lib\worker\workerMain.js[39m[0m[0m:[0m[0m:[0m[0m
    WorkerMain.runTestGroup[0m[0m
  • [33m\node_modules\playwright\lib\common\process.js[39m[0m[0m:[0m[0m:[0m[0m
    process.<anonymous>[0m[0m[0m[0m
]]></system-out>
    </testcase>
    <testcase name="API Smoke Tests - GET Endpoints › Authenticated GETs from JSON › TC-124: Endpoint &quot;GET /administration-api/priceCategories/{categoryId}/{itemId}&quot; should be available and return a 2xx status real status: undefined" classname="Smoke\Smoke_All_Gets_api.spec.ts" time="0.675" id="TC-124">
      <failure message="Smoke_All_Gets_api.spec.ts:77:9 TC-124: Endpoint &quot;GET /administration-api/priceCategories/{categoryId}/{itemId}&quot; should be available and return a 2xx status real status: undefined" type="FAILURE"><![CDATA[  [API] › Smoke\Smoke_All_Gets_api.spec.ts:77:9 › API Smoke Tests - GET Endpoints › Authenticated GETs from JSON › TC-124: Endpoint "GET /administration-api/priceCategories/{categoryId}/{itemId}" should be available and return a 2xx status real status: undefined 

    Error: Method "getPriceCategoryItemPrices" does not exist on service "administration".

      85 |             const methodToCall = service[endpoint.method];
      86 |             if (typeof methodToCall !== 'function') {
    > 87 |                 throw new Error(`Method "${endpoint.method}" does not exist on service "${endpoint.service}".`);
         |                       ^
      88 |             }
      89 |             logger.trace('Invoking method...');
      90 |             await methodToCall.apply(service, endpoint.params);
        at C:\Users\novakma\Testy_CBOS\tests\Smoke\Smoke_All_Gets_api.spec.ts:87:23
]]></failure>
      <system-out><![CDATA[2025[0m[0m-09[0m[0m-29[0m[0m 20[0m[0m:59[0m[0m:22[0m[0m.068[0m[0m [97m[1mTRACE[22m[39m[0m[0m [[37m\support\fixtures\auth.fixture.ts:23[39m[0m[0m]FIXTURE 'authToken': Budu vytvářet nový request kontext...
2025[0m[0m-09[0m[0m-29[0m[0m 20[0m[0m:59[0m[0m:22[0m[0m.073[0m[0m [97m[1mTRACE[22m[39m[0m[0m [[37m\support\fixtures\auth.fixture.ts:25[39m[0m[0m]FIXTURE 'authToken': Request kontext vytvořen.
2025[0m[0m-09[0m[0m-29[0m[0m 20[0m[0m:59[0m[0m:22[0m[0m.698[0m[0m [97m[1mTRACE[22m[39m[0m[0m [[37m\support\fixtures\auth.fixture.ts:33[39m[0m[0m]FIXTURE 'authToken': Odpověď přijata se statusem 201.
2025[0m[0m-09[0m[0m-29[0m[0m 20[0m[0m:59[0m[0m:22[0m[0m.701[0m[0m [97m[1mTRACE[22m[39m[0m[0m [[37m\support\fixtures\auth.fixture.ts:50[39m[0m[0m]FIXTURE 'authToken': Získávám 'accessToken' z JSON odpovědi.
2025[0m[0m-09[0m[0m-29[0m[0m 20[0m[0m:59[0m[0m:22[0m[0m.705[0m[0m [97m[1mTRACE[22m[39m[0m[0m [[37m\support\fixtures\auth.fixture.ts:54[39m[0m[0m]FIXTURE 'authToken': Volám 'use(token)' a předávám token dál...
2025[0m[0m-09[0m[0m-29[0m[0m 20[0m[0m:59[0m[0m:22[0m[0m.706[0m[0m [34m[1mINFO[22m[39m[0m[0m [[37m\tests\Smoke\Smoke_All_Gets_api.spec.ts:68[39m[0m[0m]Inicializuji ApiClient pro autorizované GET endpointy...
2025[0m[0m-09[0m[0m-29[0m[0m 20[0m[0m:59[0m[0m:22[0m[0m.710[0m[0m [34m[1mINFO[22m[39m[0m[0m [[37m\tests\Smoke\Smoke_All_Gets_api.spec.ts:71[39m[0m[0m]ApiClient byl úspěšně inicializován.
2025[0m[0m-09[0m[0m-29[0m[0m 20[0m[0m:59[0m[0m:22[0m[0m.713[0m[0m [34m[1mINFO[22m[39m[0m[0m [[37m\tests\Smoke\Smoke_All_Gets_api.spec.ts:78[39m[0m[0m]Running smoke test for TC-124: GET /administration-api/priceCategories/{categoryId}/{itemId}
2025[0m[0m-09[0m[0m-29[0m[0m 20[0m[0m:59[0m[0m:22[0m[0m.715[0m[0m [32m[1mDEBUG[22m[39m[0m[0m [[37m\tests\Smoke\Smoke_All_Gets_api.spec.ts:81[39m[0m[0m]Attempting to call administration.getPriceCategoryItemPrices with params: [1,1]
2025[0m[0m-09[0m[0m-29[0m[0m 20[0m[0m:59[0m[0m:22[0m[0m.720[0m[0m [97m[1mTRACE[22m[39m[0m[0m [[37m\tests\Smoke\Smoke_All_Gets_api.spec.ts:83[39m[0m[0m]Calling API method...
2025[0m[0m-09[0m[0m-29[0m[0m 20[0m[0m:59[0m[0m:22[0m[0m.723[0m[0m [32m[1mDEBUG[22m[39m[0m[0m [[37m\tests\Smoke\Smoke_All_Gets_api.spec.ts:99[39m[0m[0m]No status code found in error message.
2025[0m[0m-09[0m[0m-29[0m[0m 20[0m[0m:59[0m[0m:22[0m[0m.727[0m[0m [31m[1mERROR[22m[39m[0m[0m [[37m\tests\Smoke\Smoke_All_Gets_api.spec.ts:100[39m[0m[0m]Could not parse status code from error. Test is failing.
[97m[101m[1m Error [22m[49m[39m[0m[0m Method "getPriceCategoryItemPrices" does not exist on service "administration".[0m[0m
error stack:
  • [33m\tests\Smoke\Smoke_All_Gets_api.spec.ts[39m[0m[0m:[0m[0m:[0m[0m
    [0m[0m
  • [33m\node_modules\playwright\lib\worker\workerMain.js[39m[0m[0m:[0m[0m:[0m[0m
    [0m[0m
  • [33m\node_modules\playwright\lib\worker\testInfo.js[39m[0m[0m:[0m[0m:[0m[0m
    [0m[0m
  • [33m\node_modules\playwright\lib\worker\timeoutManager.js[39m[0m[0m:[0m[0m:[0m[0m
    TimeoutManager.withRunnable[0m[0m
  • [33m\node_modules\playwright\lib\worker\testInfo.js[39m[0m[0m:[0m[0m:[0m[0m
    TestInfoImpl._runWithTimeout[0m[0m
  • [33m\node_modules\playwright\lib\worker\workerMain.js[39m[0m[0m:[0m[0m:[0m[0m
    [0m[0m
  • [33m\node_modules\playwright\lib\worker\workerMain.js[39m[0m[0m:[0m[0m:[0m[0m
    WorkerMain._runTest[0m[0m
  • [33m\node_modules\playwright\lib\worker\workerMain.js[39m[0m[0m:[0m[0m:[0m[0m
    WorkerMain.runTestGroup[0m[0m
  • [33m\node_modules\playwright\lib\common\process.js[39m[0m[0m:[0m[0m:[0m[0m
    process.<anonymous>[0m[0m[0m[0m
]]></system-out>
    </testcase>
  </testsuite>
</testsuites>