<testsuites id="" name="" tests="16" failures="0" skipped="0" errors="0" time="39.314093">
  <testsuite name="Regrese\Sestavy\Sestavy_regrese-LifeCylcle_API.spec.ts" timestamp="2025-09-02T13:02:29.751Z" hostname="API" tests="16" failures="0" skipped="0" time="37.972" errors="0">
    <testcase name="Cyklus pro všechny sestavy s dynamickým payloadem › TC-1234: Životní cyklus sestavy: D001 - Přehled prodejů, @regression @API @sestavy @high" classname="Regrese\Sestavy\Sestavy_regrese-LifeCylcle_API.spec.ts" time="4.983" id="TC-1234">
      <system-out><![CDATA[2025[0m[0m-09[0m[0m-02[0m[0m 13[0m[0m:02[0m[0m:30[0m[0m.830[0m[0m [97m[1mTRACE[22m[39m[0m[0m [[37m\support\fixtures\auth.fixture.ts:23[39m[0m[0m]FIXTURE 'authToken': Budu vytvářet nový request kontext...
2025[0m[0m-09[0m[0m-02[0m[0m 13[0m[0m:02[0m[0m:30[0m[0m.836[0m[0m [97m[1mTRACE[22m[39m[0m[0m [[37m\support\fixtures\auth.fixture.ts:25[39m[0m[0m]FIXTURE 'authToken': Request kontext vytvořen.
2025[0m[0m-09[0m[0m-02[0m[0m 13[0m[0m:02[0m[0m:30[0m[0m.837[0m[0m [97m[1mTRACE[22m[39m[0m[0m [[37m\support\fixtures\auth.fixture.ts:28[39m[0m[0m]{
  message: [32m"FIXTURE 'authToken': Odesílám POST request pro získání tokenu."[39m,
  url: [32m'http://192.168.130.239:8180/auth-api/user/authorization'[39m,
  data: [32m'eyJvcGVyYXRvciI6Ik1OX1RFVFNUX0FVVE9NQVQiLCJwYXNzd29yZCI6IjEifQ=='[39m
} Detail requestu
2025[0m[0m-09[0m[0m-02[0m[0m 13[0m[0m:02[0m[0m:31[0m[0m.478[0m[0m [97m[1mTRACE[22m[39m[0m[0m [[37m\support\fixtures\auth.fixture.ts:39[39m[0m[0m]FIXTURE 'authToken': Odpověď přijata se statusem 201.
2025[0m[0m-09[0m[0m-02[0m[0m 13[0m[0m:02[0m[0m:31[0m[0m.481[0m[0m [97m[1mTRACE[22m[39m[0m[0m [[37m\support\fixtures\auth.fixture.ts:60[39m[0m[0m]FIXTURE 'authToken': Získávám 'accessToken' z JSON odpovědi.
2025[0m[0m-09[0m[0m-02[0m[0m 13[0m[0m:02[0m[0m:31[0m[0m.484[0m[0m [97m[1mTRACE[22m[39m[0m[0m [[37m\support\fixtures\auth.fixture.ts:64[39m[0m[0m]FIXTURE 'authToken': Volám 'use(token)' a předávám token dál...
2025[0m[0m-09[0m[0m-02[0m[0m 13[0m[0m:02[0m[0m:31[0m[0m.485[0m[0m [97m[1mTRACE[22m[39m[0m[0m [[37m\support\fixtures\auth.fixture.ts:74[39m[0m[0m]FIXTURE 'page' (rozšířená): Budu vkládat inicializační skript pro nastavení localStorage...
2025[0m[0m-09[0m[0m-02[0m[0m 13[0m[0m:02[0m[0m:31[0m[0m.492[0m[0m [97m[1mTRACE[22m[39m[0m[0m [[37m\support\fixtures\auth.fixture.ts:84[39m[0m[0m]FIXTURE 'page' (rozšířená): Inicializační skript byl přidán.
2025[0m[0m-09[0m[0m-02[0m[0m 13[0m[0m:02[0m[0m:34[0m[0m.776[0m[0m [97m[1mTRACE[22m[39m[0m[0m [[37m\support\fixtures\auth.fixture.ts:88[39m[0m[0m]FIXTURE 'page' (rozšířená): Navigace na '/' dokončena.
2025[0m[0m-09[0m[0m-02[0m[0m 13[0m[0m:02[0m[0m:34[0m[0m.777[0m[0m [97m[1mTRACE[22m[39m[0m[0m [[37m\support\fixtures\auth.fixture.ts:90[39m[0m[0m]FIXTURE 'page' (rozšířená): Volám 'use(page)' a předávám připravenou stránku testu...
2025[0m[0m-09[0m[0m-02[0m[0m 13[0m[0m:02[0m[0m:34[0m[0m.779[0m[0m [34m[1mINFO[22m[39m[0m[0m [[37m\tests\Regrese\Sestavy\Sestavy_regrese-LifeCylcle_API.spec.ts:36[39m[0m[0m]Spouštím test životního cyklu pro sestavu: 'D001 - Přehled prodejů'
2025[0m[0m-09[0m[0m-02[0m[0m 13[0m[0m:02[0m[0m:34[0m[0m.878[0m[0m [97m[1mTRACE[22m[39m[0m[0m [[37m\tests\Regrese\Sestavy\Sestavy_regrese-LifeCylcle_API.spec.ts:38[39m[0m[0m]Naviguji na domovskou stránku pro získání tokenu.
2025[0m[0m-09[0m[0m-02[0m[0m 13[0m[0m:02[0m[0m:34[0m[0m.905[0m[0m [97m[1mTRACE[22m[39m[0m[0m [[37m\tests\Regrese\Sestavy\Sestavy_regrese-LifeCylcle_API.spec.ts:41[39m[0m[0m]Autentizační token úspěšně získán.
2025[0m[0m-09[0m[0m-02[0m[0m 13[0m[0m:02[0m[0m:34[0m[0m.907[0m[0m [97m[1mTRACE[22m[39m[0m[0m [[37m\tests\Regrese\Sestavy\Sestavy_regrese-LifeCylcle_API.spec.ts:44[39m[0m[0m]ApiClient byl inicializován.
2025[0m[0m-09[0m[0m-02[0m[0m 13[0m[0m:02[0m[0m:34[0m[0m.909[0m[0m [97m[1mTRACE[22m[39m[0m[0m [[37m\tests\Regrese\Sestavy\Sestavy_regrese-LifeCylcle_API.spec.ts:48[39m[0m[0m]Inicializuji ReportBuilder pro sestavu 'D001 - Přehled prodejů'.
2025[0m[0m-09[0m[0m-02[0m[0m 13[0m[0m:02[0m[0m:34[0m[0m.910[0m[0m [97m[1mTRACE[22m[39m[0m[0m [[37m\tests\Regrese\Sestavy\Sestavy_regrese-LifeCylcle_API.spec.ts:49[39m[0m[0m]Vytvářím sestavu 'D001 - Přehled prodejů' s konfigurací: {"dateType":"dateRange"}
2025[0m[0m-09[0m[0m-02[0m[0m 13[0m[0m:02[0m[0m:34[0m[0m.911[0m[0m [32m[1mDEBUG[22m[39m[0m[0m [[37m\tests\Regrese\Sestavy\Sestavy_regrese-LifeCylcle_API.spec.ts:55[39m[0m[0m]Nastavuji časový rozsah (dateRange) pro sestavu 'D001 - Přehled prodejů'.
2025[0m[0m-09[0m[0m-02[0m[0m 13[0m[0m:02[0m[0m:34[0m[0m.912[0m[0m [32m[1mDEBUG[22m[39m[0m[0m [[37m\tests\Regrese\Sestavy\Sestavy_regrese-LifeCylcle_API.spec.ts:80[39m[0m[0m]Nastavuji příznak 'public' na 'true' pro sestavu 'D001 - Přehled prodejů'.
2025[0m[0m-09[0m[0m-02[0m[0m 13[0m[0m:02[0m[0m:34[0m[0m.914[0m[0m [97m[1mTRACE[22m[39m[0m[0m [[37m\support\ApiClient.ts:192[39m[0m[0m]Odesílaný PAYLOAD:
{
  "settings": {
    "availableFilters": [
      "stockId",
      "stkitmType",
      "grouping",
      "goodsOwnerId",
      "paidBy",
      "cardOwnerId",
      "cardIssuerId"
    ],
    "dateModelType": "range",
    "dateFrom": "2025-01-01T00:00:00.000Z",
    "dateTo": "2025-12-31T00:00:00.000Z",
    "stockId": [],
    "stkitmType": [],
    "grouping": [],
    "goodsOwnerId": [],
    "paidBy": [],
    "cardOwnerId": [],
    "cardIssuerId": [],
    "sort": "",
    "partnerId": [],
    "termId": []
  },
  "name": "D001 - Přehled prodejů",
  "public": true,
  "reportDefinitionId": "D001"
}
2025[0m[0m-09[0m[0m-02[0m[0m 13[0m[0m:02[0m[0m:35[0m[0m.342[0m[0m [97m[1mTRACE[22m[39m[0m[0m [[37m\tests\Regrese\Sestavy\Sestavy_regrese-LifeCylcle_API.spec.ts:85[39m[0m[0m]Požadavek na vytvoření sestavy 'D001 - Přehled prodejů' odeslán.
2025[0m[0m-09[0m[0m-02[0m[0m 13[0m[0m:02[0m[0m:35[0m[0m.343[0m[0m [97m[1mTRACE[22m[39m[0m[0m [[37m\support\ApiClient.ts:162[39m[0m[0m]Odesílám GET požadavek na /reports-api/listOfUsersReports/60193531 s parametry: {}
2025[0m[0m-09[0m[0m-02[0m[0m 13[0m[0m:02[0m[0m:35[0m[0m.457[0m[0m [97m[1mTRACE[22m[39m[0m[0m [[37m\tests\Regrese\Sestavy\Sestavy_regrese-LifeCylcle_API.spec.ts:88[39m[0m[0m]Získávám seznam všech uživatelských sestav pro ověření.
2025[0m[0m-09[0m[0m-02[0m[0m 13[0m[0m:02[0m[0m:35[0m[0m.459[0m[0m [34m[1mINFO[22m[39m[0m[0m [[37m\tests\Regrese\Sestavy\Sestavy_regrese-LifeCylcle_API.spec.ts:92[39m[0m[0m]Sestava 'D001 - Přehled prodejů' byla úspěšně vytvořena s ID: 2010.
2025[0m[0m-09[0m[0m-02[0m[0m 13[0m[0m:02[0m[0m:35[0m[0m.461[0m[0m [97m[1mTRACE[22m[39m[0m[0m [[37m\tests\Regrese\Sestavy\Sestavy_regrese-LifeCylcle_API.spec.ts:99[39m[0m[0m]Ověřuji, že počet položek (items) v sestavě 'D001 - Přehled prodejů' není null.
2025[0m[0m-09[0m[0m-02[0m[0m 13[0m[0m:02[0m[0m:35[0m[0m.465[0m[0m [34m[1mINFO[22m[39m[0m[0m [[37m\tests\Regrese\Sestavy\Sestavy_regrese-LifeCylcle_API.spec.ts:106[39m[0m[0m]Vytvořená sestava 'D001 - Přehled prodejů' (ID: 2010) obsahuje 4017 položek.
2025[0m[0m-09[0m[0m-02[0m[0m 13[0m[0m:02[0m[0m:35[0m[0m.466[0m[0m [97m[1mTRACE[22m[39m[0m[0m [[37m\tests\Regrese\Sestavy\Sestavy_regrese-LifeCylcle_API.spec.ts:109[39m[0m[0m]Ověřuji, že sestava 'D001 - Přehled prodejů' je správně označena jako sdílená.
2025[0m[0m-09[0m[0m-02[0m[0m 13[0m[0m:02[0m[0m:35[0m[0m.471[0m[0m [34m[1mINFO[22m[39m[0m[0m [[37m\tests\Regrese\Sestavy\Sestavy_regrese-LifeCylcle_API.spec.ts:111[39m[0m[0m]Ověření příznaku sdílení pro sestavu "D001 - Přehled prodejů" je v pořádku.
2025[0m[0m-09[0m[0m-02[0m[0m 13[0m[0m:02[0m[0m:35[0m[0m.474[0m[0m [97m[1mTRACE[22m[39m[0m[0m [[37m\tests\Regrese\Sestavy\Sestavy_regrese-LifeCylcle_API.spec.ts:125[39m[0m[0m](FINALLY BLOCK) Zahajuji úklid pro sestavu 'D001 - Přehled prodejů' s ID: 2010.
2025[0m[0m-09[0m[0m-02[0m[0m 13[0m[0m:02[0m[0m:35[0m[0m.484[0m[0m [97m[1mTRACE[22m[39m[0m[0m [[37m\support\ApiClient.ts:211[39m[0m[0m]Odesílám DELETE požadavek na smazání sestavy: /reports-api/usersReports/2010
2025[0m[0m-09[0m[0m-02[0m[0m 13[0m[0m:02[0m[0m:35[0m[0m.515[0m[0m [97m[1mTRACE[22m[39m[0m[0m [[37m\tests\Regrese\Sestavy\Sestavy_regrese-LifeCylcle_API.spec.ts:129[39m[0m[0m]Požadavek na smazání sestavy 'D001 - Přehled prodejů' (ID: 2010) byl odeslán.
2025[0m[0m-09[0m[0m-02[0m[0m 13[0m[0m:02[0m[0m:35[0m[0m.516[0m[0m [97m[1mTRACE[22m[39m[0m[0m [[37m\tests\Regrese\Sestavy\Sestavy_regrese-LifeCylcle_API.spec.ts:131[39m[0m[0m]Ověřuji, že sestava (ID: 2010) byla skutečně smazána...
2025[0m[0m-09[0m[0m-02[0m[0m 13[0m[0m:02[0m[0m:35[0m[0m.518[0m[0m [97m[1mTRACE[22m[39m[0m[0m [[37m\support\ApiClient.ts:162[39m[0m[0m]Odesílám GET požadavek na /reports-api/listOfUsersReports/60193531 s parametry: {}
2025[0m[0m-09[0m[0m-02[0m[0m 13[0m[0m:02[0m[0m:35[0m[0m.673[0m[0m [34m[1mINFO[22m[39m[0m[0m [[37m\tests\Regrese\Sestavy\Sestavy_regrese-LifeCylcle_API.spec.ts:136[39m[0m[0m]Úklid úspěšný: Sestava 'D001 - Přehled prodejů' (ID: 2010) byla ověřitelně smazána ze serveru.
]]></system-out>
    </testcase>
    <testcase name="Cyklus pro všechny sestavy s dynamickým payloadem › TC-1235: Životní cyklus sestavy: D005 - Přehled konkurenčních cen, @regression @API @sestavy @high" classname="Regrese\Sestavy\Sestavy_regrese-LifeCylcle_API.spec.ts" time="1.917" id="TC-1235">
      <system-out><![CDATA[2025[0m[0m-09[0m[0m-02[0m[0m 13[0m[0m:02[0m[0m:35[0m[0m.771[0m[0m [97m[1mTRACE[22m[39m[0m[0m [[37m\support\fixtures\auth.fixture.ts:23[39m[0m[0m]FIXTURE 'authToken': Budu vytvářet nový request kontext...
2025[0m[0m-09[0m[0m-02[0m[0m 13[0m[0m:02[0m[0m:35[0m[0m.774[0m[0m [97m[1mTRACE[22m[39m[0m[0m [[37m\support\fixtures\auth.fixture.ts:25[39m[0m[0m]FIXTURE 'authToken': Request kontext vytvořen.
2025[0m[0m-09[0m[0m-02[0m[0m 13[0m[0m:02[0m[0m:35[0m[0m.775[0m[0m [97m[1mTRACE[22m[39m[0m[0m [[37m\support\fixtures\auth.fixture.ts:28[39m[0m[0m]{
  message: [32m"FIXTURE 'authToken': Odesílám POST request pro získání tokenu."[39m,
  url: [32m'http://192.168.130.239:8180/auth-api/user/authorization'[39m,
  data: [32m'eyJvcGVyYXRvciI6Ik1OX1RFVFNUX0FVVE9NQVQiLCJwYXNzd29yZCI6IjEifQ=='[39m
} Detail requestu
2025[0m[0m-09[0m[0m-02[0m[0m 13[0m[0m:02[0m[0m:36[0m[0m.450[0m[0m [97m[1mTRACE[22m[39m[0m[0m [[37m\support\fixtures\auth.fixture.ts:39[39m[0m[0m]FIXTURE 'authToken': Odpověď přijata se statusem 201.
2025[0m[0m-09[0m[0m-02[0m[0m 13[0m[0m:02[0m[0m:36[0m[0m.453[0m[0m [97m[1mTRACE[22m[39m[0m[0m [[37m\support\fixtures\auth.fixture.ts:60[39m[0m[0m]FIXTURE 'authToken': Získávám 'accessToken' z JSON odpovědi.
2025[0m[0m-09[0m[0m-02[0m[0m 13[0m[0m:02[0m[0m:36[0m[0m.455[0m[0m [97m[1mTRACE[22m[39m[0m[0m [[37m\support\fixtures\auth.fixture.ts:64[39m[0m[0m]FIXTURE 'authToken': Volám 'use(token)' a předávám token dál...
2025[0m[0m-09[0m[0m-02[0m[0m 13[0m[0m:02[0m[0m:36[0m[0m.457[0m[0m [97m[1mTRACE[22m[39m[0m[0m [[37m\support\fixtures\auth.fixture.ts:74[39m[0m[0m]FIXTURE 'page' (rozšířená): Budu vkládat inicializační skript pro nastavení localStorage...
2025[0m[0m-09[0m[0m-02[0m[0m 13[0m[0m:02[0m[0m:36[0m[0m.460[0m[0m [97m[1mTRACE[22m[39m[0m[0m [[37m\support\fixtures\auth.fixture.ts:84[39m[0m[0m]FIXTURE 'page' (rozšířená): Inicializační skript byl přidán.
2025[0m[0m-09[0m[0m-02[0m[0m 13[0m[0m:02[0m[0m:37[0m[0m.176[0m[0m [97m[1mTRACE[22m[39m[0m[0m [[37m\support\fixtures\auth.fixture.ts:88[39m[0m[0m]FIXTURE 'page' (rozšířená): Navigace na '/' dokončena.
2025[0m[0m-09[0m[0m-02[0m[0m 13[0m[0m:02[0m[0m:37[0m[0m.177[0m[0m [97m[1mTRACE[22m[39m[0m[0m [[37m\support\fixtures\auth.fixture.ts:90[39m[0m[0m]FIXTURE 'page' (rozšířená): Volám 'use(page)' a předávám připravenou stránku testu...
2025[0m[0m-09[0m[0m-02[0m[0m 13[0m[0m:02[0m[0m:37[0m[0m.179[0m[0m [34m[1mINFO[22m[39m[0m[0m [[37m\tests\Regrese\Sestavy\Sestavy_regrese-LifeCylcle_API.spec.ts:36[39m[0m[0m]Spouštím test životního cyklu pro sestavu: 'D005 - Přehled konkurenčních cen'
2025[0m[0m-09[0m[0m-02[0m[0m 13[0m[0m:02[0m[0m:37[0m[0m.248[0m[0m [97m[1mTRACE[22m[39m[0m[0m [[37m\tests\Regrese\Sestavy\Sestavy_regrese-LifeCylcle_API.spec.ts:38[39m[0m[0m]Naviguji na domovskou stránku pro získání tokenu.
2025[0m[0m-09[0m[0m-02[0m[0m 13[0m[0m:02[0m[0m:37[0m[0m.253[0m[0m [97m[1mTRACE[22m[39m[0m[0m [[37m\tests\Regrese\Sestavy\Sestavy_regrese-LifeCylcle_API.spec.ts:41[39m[0m[0m]Autentizační token úspěšně získán.
2025[0m[0m-09[0m[0m-02[0m[0m 13[0m[0m:02[0m[0m:37[0m[0m.254[0m[0m [97m[1mTRACE[22m[39m[0m[0m [[37m\tests\Regrese\Sestavy\Sestavy_regrese-LifeCylcle_API.spec.ts:44[39m[0m[0m]ApiClient byl inicializován.
2025[0m[0m-09[0m[0m-02[0m[0m 13[0m[0m:02[0m[0m:37[0m[0m.255[0m[0m [97m[1mTRACE[22m[39m[0m[0m [[37m\tests\Regrese\Sestavy\Sestavy_regrese-LifeCylcle_API.spec.ts:48[39m[0m[0m]Inicializuji ReportBuilder pro sestavu 'D005 - Přehled konkurenčních cen'.
2025[0m[0m-09[0m[0m-02[0m[0m 13[0m[0m:02[0m[0m:37[0m[0m.257[0m[0m [97m[1mTRACE[22m[39m[0m[0m [[37m\tests\Regrese\Sestavy\Sestavy_regrese-LifeCylcle_API.spec.ts:49[39m[0m[0m]Vytvářím sestavu 'D005 - Přehled konkurenčních cen' s konfigurací: {"dateType":"dateRange"}
2025[0m[0m-09[0m[0m-02[0m[0m 13[0m[0m:02[0m[0m:37[0m[0m.257[0m[0m [32m[1mDEBUG[22m[39m[0m[0m [[37m\tests\Regrese\Sestavy\Sestavy_regrese-LifeCylcle_API.spec.ts:55[39m[0m[0m]Nastavuji časový rozsah (dateRange) pro sestavu 'D005 - Přehled konkurenčních cen'.
2025[0m[0m-09[0m[0m-02[0m[0m 13[0m[0m:02[0m[0m:37[0m[0m.258[0m[0m [32m[1mDEBUG[22m[39m[0m[0m [[37m\tests\Regrese\Sestavy\Sestavy_regrese-LifeCylcle_API.spec.ts:80[39m[0m[0m]Nastavuji příznak 'public' na 'true' pro sestavu 'D005 - Přehled konkurenčních cen'.
2025[0m[0m-09[0m[0m-02[0m[0m 13[0m[0m:02[0m[0m:37[0m[0m.259[0m[0m [97m[1mTRACE[22m[39m[0m[0m [[37m\support\ApiClient.ts:192[39m[0m[0m]Odesílaný PAYLOAD:
{
  "settings": {
    "availableFilters": [
      "stockId",
      "stkitmType",
      "grouping",
      "goodsOwnerId",
      "paidBy",
      "cardOwnerId",
      "cardIssuerId"
    ],
    "dateModelType": "range",
    "dateFrom": "2025-01-01T00:00:00.000Z",
    "dateTo": "2025-12-31T00:00:00.000Z",
    "stockId": [],
    "stkitmType": [],
    "grouping": [],
    "goodsOwnerId": [],
    "paidBy": [],
    "cardOwnerId": [],
    "cardIssuerId": [],
    "sort": "",
    "partnerId": [],
    "termId": []
  },
  "name": "D005 - Přehled konkurenčních cen",
  "public": true,
  "reportDefinitionId": "D005"
}
2025[0m[0m-09[0m[0m-02[0m[0m 13[0m[0m:02[0m[0m:37[0m[0m.373[0m[0m [97m[1mTRACE[22m[39m[0m[0m [[37m\tests\Regrese\Sestavy\Sestavy_regrese-LifeCylcle_API.spec.ts:85[39m[0m[0m]Požadavek na vytvoření sestavy 'D005 - Přehled konkurenčních cen' odeslán.
2025[0m[0m-09[0m[0m-02[0m[0m 13[0m[0m:02[0m[0m:37[0m[0m.375[0m[0m [97m[1mTRACE[22m[39m[0m[0m [[37m\support\ApiClient.ts:162[39m[0m[0m]Odesílám GET požadavek na /reports-api/listOfUsersReports/60193531 s parametry: {}
2025[0m[0m-09[0m[0m-02[0m[0m 13[0m[0m:02[0m[0m:37[0m[0m.483[0m[0m [97m[1mTRACE[22m[39m[0m[0m [[37m\tests\Regrese\Sestavy\Sestavy_regrese-LifeCylcle_API.spec.ts:88[39m[0m[0m]Získávám seznam všech uživatelských sestav pro ověření.
2025[0m[0m-09[0m[0m-02[0m[0m 13[0m[0m:02[0m[0m:37[0m[0m.483[0m[0m [34m[1mINFO[22m[39m[0m[0m [[37m\tests\Regrese\Sestavy\Sestavy_regrese-LifeCylcle_API.spec.ts:92[39m[0m[0m]Sestava 'D005 - Přehled konkurenčních cen' byla úspěšně vytvořena s ID: 2011.
2025[0m[0m-09[0m[0m-02[0m[0m 13[0m[0m:02[0m[0m:37[0m[0m.485[0m[0m [97m[1mTRACE[22m[39m[0m[0m [[37m\tests\Regrese\Sestavy\Sestavy_regrese-LifeCylcle_API.spec.ts:99[39m[0m[0m]Ověřuji, že počet položek (items) v sestavě 'D005 - Přehled konkurenčních cen' není null.
2025[0m[0m-09[0m[0m-02[0m[0m 13[0m[0m:02[0m[0m:37[0m[0m.486[0m[0m [34m[1mINFO[22m[39m[0m[0m [[37m\tests\Regrese\Sestavy\Sestavy_regrese-LifeCylcle_API.spec.ts:106[39m[0m[0m]Vytvořená sestava 'D005 - Přehled konkurenčních cen' (ID: 2011) obsahuje 22 položek.
2025[0m[0m-09[0m[0m-02[0m[0m 13[0m[0m:02[0m[0m:37[0m[0m.487[0m[0m [97m[1mTRACE[22m[39m[0m[0m [[37m\tests\Regrese\Sestavy\Sestavy_regrese-LifeCylcle_API.spec.ts:109[39m[0m[0m]Ověřuji, že sestava 'D005 - Přehled konkurenčních cen' je správně označena jako sdílená.
2025[0m[0m-09[0m[0m-02[0m[0m 13[0m[0m:02[0m[0m:37[0m[0m.488[0m[0m [34m[1mINFO[22m[39m[0m[0m [[37m\tests\Regrese\Sestavy\Sestavy_regrese-LifeCylcle_API.spec.ts:111[39m[0m[0m]Ověření příznaku sdílení pro sestavu "D005 - Přehled konkurenčních cen" je v pořádku.
2025[0m[0m-09[0m[0m-02[0m[0m 13[0m[0m:02[0m[0m:37[0m[0m.489[0m[0m [97m[1mTRACE[22m[39m[0m[0m [[37m\tests\Regrese\Sestavy\Sestavy_regrese-LifeCylcle_API.spec.ts:125[39m[0m[0m](FINALLY BLOCK) Zahajuji úklid pro sestavu 'D005 - Přehled konkurenčních cen' s ID: 2011.
2025[0m[0m-09[0m[0m-02[0m[0m 13[0m[0m:02[0m[0m:37[0m[0m.498[0m[0m [97m[1mTRACE[22m[39m[0m[0m [[37m\support\ApiClient.ts:211[39m[0m[0m]Odesílám DELETE požadavek na smazání sestavy: /reports-api/usersReports/2011
2025[0m[0m-09[0m[0m-02[0m[0m 13[0m[0m:02[0m[0m:37[0m[0m.528[0m[0m [97m[1mTRACE[22m[39m[0m[0m [[37m\tests\Regrese\Sestavy\Sestavy_regrese-LifeCylcle_API.spec.ts:129[39m[0m[0m]Požadavek na smazání sestavy 'D005 - Přehled konkurenčních cen' (ID: 2011) byl odeslán.
2025[0m[0m-09[0m[0m-02[0m[0m 13[0m[0m:02[0m[0m:37[0m[0m.529[0m[0m [97m[1mTRACE[22m[39m[0m[0m [[37m\tests\Regrese\Sestavy\Sestavy_regrese-LifeCylcle_API.spec.ts:131[39m[0m[0m]Ověřuji, že sestava (ID: 2011) byla skutečně smazána...
2025[0m[0m-09[0m[0m-02[0m[0m 13[0m[0m:02[0m[0m:37[0m[0m.530[0m[0m [97m[1mTRACE[22m[39m[0m[0m [[37m\support\ApiClient.ts:162[39m[0m[0m]Odesílám GET požadavek na /reports-api/listOfUsersReports/60193531 s parametry: {}
2025[0m[0m-09[0m[0m-02[0m[0m 13[0m[0m:02[0m[0m:37[0m[0m.613[0m[0m [34m[1mINFO[22m[39m[0m[0m [[37m\tests\Regrese\Sestavy\Sestavy_regrese-LifeCylcle_API.spec.ts:136[39m[0m[0m]Úklid úspěšný: Sestava 'D005 - Přehled konkurenčních cen' (ID: 2011) byla ověřitelně smazána ze serveru.
]]></system-out>
    </testcase>
    <testcase name="Cyklus pro všechny sestavy s dynamickým payloadem › TC-1236: Životní cyklus sestavy: P001 - Přehled nákupů zboží, @regression @API @sestavy @high" classname="Regrese\Sestavy\Sestavy_regrese-LifeCylcle_API.spec.ts" time="1.764" id="TC-1236">
      <system-out><![CDATA[2025[0m[0m-09[0m[0m-02[0m[0m 13[0m[0m:02[0m[0m:37[0m[0m.709[0m[0m [97m[1mTRACE[22m[39m[0m[0m [[37m\support\fixtures\auth.fixture.ts:23[39m[0m[0m]FIXTURE 'authToken': Budu vytvářet nový request kontext...
2025[0m[0m-09[0m[0m-02[0m[0m 13[0m[0m:02[0m[0m:37[0m[0m.712[0m[0m [97m[1mTRACE[22m[39m[0m[0m [[37m\support\fixtures\auth.fixture.ts:25[39m[0m[0m]FIXTURE 'authToken': Request kontext vytvořen.
2025[0m[0m-09[0m[0m-02[0m[0m 13[0m[0m:02[0m[0m:37[0m[0m.712[0m[0m [97m[1mTRACE[22m[39m[0m[0m [[37m\support\fixtures\auth.fixture.ts:28[39m[0m[0m]{
  message: [32m"FIXTURE 'authToken': Odesílám POST request pro získání tokenu."[39m,
  url: [32m'http://192.168.130.239:8180/auth-api/user/authorization'[39m,
  data: [32m'eyJvcGVyYXRvciI6Ik1OX1RFVFNUX0FVVE9NQVQiLCJwYXNzd29yZCI6IjEifQ=='[39m
} Detail requestu
2025[0m[0m-09[0m[0m-02[0m[0m 13[0m[0m:02[0m[0m:38[0m[0m.443[0m[0m [97m[1mTRACE[22m[39m[0m[0m [[37m\support\fixtures\auth.fixture.ts:39[39m[0m[0m]FIXTURE 'authToken': Odpověď přijata se statusem 201.
2025[0m[0m-09[0m[0m-02[0m[0m 13[0m[0m:02[0m[0m:38[0m[0m.445[0m[0m [97m[1mTRACE[22m[39m[0m[0m [[37m\support\fixtures\auth.fixture.ts:60[39m[0m[0m]FIXTURE 'authToken': Získávám 'accessToken' z JSON odpovědi.
2025[0m[0m-09[0m[0m-02[0m[0m 13[0m[0m:02[0m[0m:38[0m[0m.447[0m[0m [97m[1mTRACE[22m[39m[0m[0m [[37m\support\fixtures\auth.fixture.ts:64[39m[0m[0m]FIXTURE 'authToken': Volám 'use(token)' a předávám token dál...
2025[0m[0m-09[0m[0m-02[0m[0m 13[0m[0m:02[0m[0m:38[0m[0m.448[0m[0m [97m[1mTRACE[22m[39m[0m[0m [[37m\support\fixtures\auth.fixture.ts:74[39m[0m[0m]FIXTURE 'page' (rozšířená): Budu vkládat inicializační skript pro nastavení localStorage...
2025[0m[0m-09[0m[0m-02[0m[0m 13[0m[0m:02[0m[0m:38[0m[0m.452[0m[0m [97m[1mTRACE[22m[39m[0m[0m [[37m\support\fixtures\auth.fixture.ts:84[39m[0m[0m]FIXTURE 'page' (rozšířená): Inicializační skript byl přidán.
2025[0m[0m-09[0m[0m-02[0m[0m 13[0m[0m:02[0m[0m:38[0m[0m.910[0m[0m [97m[1mTRACE[22m[39m[0m[0m [[37m\support\fixtures\auth.fixture.ts:88[39m[0m[0m]FIXTURE 'page' (rozšířená): Navigace na '/' dokončena.
2025[0m[0m-09[0m[0m-02[0m[0m 13[0m[0m:02[0m[0m:38[0m[0m.911[0m[0m [97m[1mTRACE[22m[39m[0m[0m [[37m\support\fixtures\auth.fixture.ts:90[39m[0m[0m]FIXTURE 'page' (rozšířená): Volám 'use(page)' a předávám připravenou stránku testu...
2025[0m[0m-09[0m[0m-02[0m[0m 13[0m[0m:02[0m[0m:38[0m[0m.913[0m[0m [34m[1mINFO[22m[39m[0m[0m [[37m\tests\Regrese\Sestavy\Sestavy_regrese-LifeCylcle_API.spec.ts:36[39m[0m[0m]Spouštím test životního cyklu pro sestavu: 'P001 - Přehled nákupů zboží'
2025[0m[0m-09[0m[0m-02[0m[0m 13[0m[0m:02[0m[0m:38[0m[0m.981[0m[0m [97m[1mTRACE[22m[39m[0m[0m [[37m\tests\Regrese\Sestavy\Sestavy_regrese-LifeCylcle_API.spec.ts:38[39m[0m[0m]Naviguji na domovskou stránku pro získání tokenu.
2025[0m[0m-09[0m[0m-02[0m[0m 13[0m[0m:02[0m[0m:38[0m[0m.992[0m[0m [97m[1mTRACE[22m[39m[0m[0m [[37m\tests\Regrese\Sestavy\Sestavy_regrese-LifeCylcle_API.spec.ts:41[39m[0m[0m]Autentizační token úspěšně získán.
2025[0m[0m-09[0m[0m-02[0m[0m 13[0m[0m:02[0m[0m:38[0m[0m.993[0m[0m [97m[1mTRACE[22m[39m[0m[0m [[37m\tests\Regrese\Sestavy\Sestavy_regrese-LifeCylcle_API.spec.ts:44[39m[0m[0m]ApiClient byl inicializován.
2025[0m[0m-09[0m[0m-02[0m[0m 13[0m[0m:02[0m[0m:38[0m[0m.994[0m[0m [97m[1mTRACE[22m[39m[0m[0m [[37m\tests\Regrese\Sestavy\Sestavy_regrese-LifeCylcle_API.spec.ts:48[39m[0m[0m]Inicializuji ReportBuilder pro sestavu 'P001 - Přehled nákupů zboží'.
2025[0m[0m-09[0m[0m-02[0m[0m 13[0m[0m:02[0m[0m:38[0m[0m.995[0m[0m [97m[1mTRACE[22m[39m[0m[0m [[37m\tests\Regrese\Sestavy\Sestavy_regrese-LifeCylcle_API.spec.ts:49[39m[0m[0m]Vytvářím sestavu 'P001 - Přehled nákupů zboží' s konfigurací: {"dateType":"dateRange"}
2025[0m[0m-09[0m[0m-02[0m[0m 13[0m[0m:02[0m[0m:38[0m[0m.996[0m[0m [32m[1mDEBUG[22m[39m[0m[0m [[37m\tests\Regrese\Sestavy\Sestavy_regrese-LifeCylcle_API.spec.ts:55[39m[0m[0m]Nastavuji časový rozsah (dateRange) pro sestavu 'P001 - Přehled nákupů zboží'.
2025[0m[0m-09[0m[0m-02[0m[0m 13[0m[0m:02[0m[0m:38[0m[0m.996[0m[0m [32m[1mDEBUG[22m[39m[0m[0m [[37m\tests\Regrese\Sestavy\Sestavy_regrese-LifeCylcle_API.spec.ts:80[39m[0m[0m]Nastavuji příznak 'public' na 'true' pro sestavu 'P001 - Přehled nákupů zboží'.
2025[0m[0m-09[0m[0m-02[0m[0m 13[0m[0m:02[0m[0m:38[0m[0m.997[0m[0m [97m[1mTRACE[22m[39m[0m[0m [[37m\support\ApiClient.ts:192[39m[0m[0m]Odesílaný PAYLOAD:
{
  "settings": {
    "availableFilters": [
      "stockId",
      "stkitmType",
      "grouping",
      "goodsOwnerId",
      "paidBy",
      "cardOwnerId",
      "cardIssuerId"
    ],
    "dateModelType": "range",
    "dateFrom": "2025-01-01T00:00:00.000Z",
    "dateTo": "2025-12-31T00:00:00.000Z",
    "stockId": [],
    "stkitmType": [],
    "grouping": [],
    "goodsOwnerId": [],
    "paidBy": [],
    "cardOwnerId": [],
    "cardIssuerId": [],
    "sort": "",
    "partnerId": [],
    "termId": []
  },
  "name": "P001 - Přehled nákupů zboží",
  "public": true,
  "reportDefinitionId": "P001"
}
2025[0m[0m-09[0m[0m-02[0m[0m 13[0m[0m:02[0m[0m:39[0m[0m.160[0m[0m [97m[1mTRACE[22m[39m[0m[0m [[37m\tests\Regrese\Sestavy\Sestavy_regrese-LifeCylcle_API.spec.ts:85[39m[0m[0m]Požadavek na vytvoření sestavy 'P001 - Přehled nákupů zboží' odeslán.
2025[0m[0m-09[0m[0m-02[0m[0m 13[0m[0m:02[0m[0m:39[0m[0m.162[0m[0m [97m[1mTRACE[22m[39m[0m[0m [[37m\support\ApiClient.ts:162[39m[0m[0m]Odesílám GET požadavek na /reports-api/listOfUsersReports/60193531 s parametry: {}
2025[0m[0m-09[0m[0m-02[0m[0m 13[0m[0m:02[0m[0m:39[0m[0m.265[0m[0m [97m[1mTRACE[22m[39m[0m[0m [[37m\tests\Regrese\Sestavy\Sestavy_regrese-LifeCylcle_API.spec.ts:88[39m[0m[0m]Získávám seznam všech uživatelských sestav pro ověření.
2025[0m[0m-09[0m[0m-02[0m[0m 13[0m[0m:02[0m[0m:39[0m[0m.266[0m[0m [34m[1mINFO[22m[39m[0m[0m [[37m\tests\Regrese\Sestavy\Sestavy_regrese-LifeCylcle_API.spec.ts:92[39m[0m[0m]Sestava 'P001 - Přehled nákupů zboží' byla úspěšně vytvořena s ID: 2012.
2025[0m[0m-09[0m[0m-02[0m[0m 13[0m[0m:02[0m[0m:39[0m[0m.267[0m[0m [97m[1mTRACE[22m[39m[0m[0m [[37m\tests\Regrese\Sestavy\Sestavy_regrese-LifeCylcle_API.spec.ts:99[39m[0m[0m]Ověřuji, že počet položek (items) v sestavě 'P001 - Přehled nákupů zboží' není null.
2025[0m[0m-09[0m[0m-02[0m[0m 13[0m[0m:02[0m[0m:39[0m[0m.271[0m[0m [34m[1mINFO[22m[39m[0m[0m [[37m\tests\Regrese\Sestavy\Sestavy_regrese-LifeCylcle_API.spec.ts:106[39m[0m[0m]Vytvořená sestava 'P001 - Přehled nákupů zboží' (ID: 2012) obsahuje 141 položek.
2025[0m[0m-09[0m[0m-02[0m[0m 13[0m[0m:02[0m[0m:39[0m[0m.272[0m[0m [97m[1mTRACE[22m[39m[0m[0m [[37m\tests\Regrese\Sestavy\Sestavy_regrese-LifeCylcle_API.spec.ts:109[39m[0m[0m]Ověřuji, že sestava 'P001 - Přehled nákupů zboží' je správně označena jako sdílená.
2025[0m[0m-09[0m[0m-02[0m[0m 13[0m[0m:02[0m[0m:39[0m[0m.277[0m[0m [34m[1mINFO[22m[39m[0m[0m [[37m\tests\Regrese\Sestavy\Sestavy_regrese-LifeCylcle_API.spec.ts:111[39m[0m[0m]Ověření příznaku sdílení pro sestavu "P001 - Přehled nákupů zboží" je v pořádku.
2025[0m[0m-09[0m[0m-02[0m[0m 13[0m[0m:02[0m[0m:39[0m[0m.279[0m[0m [97m[1mTRACE[22m[39m[0m[0m [[37m\tests\Regrese\Sestavy\Sestavy_regrese-LifeCylcle_API.spec.ts:125[39m[0m[0m](FINALLY BLOCK) Zahajuji úklid pro sestavu 'P001 - Přehled nákupů zboží' s ID: 2012.
2025[0m[0m-09[0m[0m-02[0m[0m 13[0m[0m:02[0m[0m:39[0m[0m.291[0m[0m [97m[1mTRACE[22m[39m[0m[0m [[37m\support\ApiClient.ts:211[39m[0m[0m]Odesílám DELETE požadavek na smazání sestavy: /reports-api/usersReports/2012
2025[0m[0m-09[0m[0m-02[0m[0m 13[0m[0m:02[0m[0m:39[0m[0m.317[0m[0m [97m[1mTRACE[22m[39m[0m[0m [[37m\tests\Regrese\Sestavy\Sestavy_regrese-LifeCylcle_API.spec.ts:129[39m[0m[0m]Požadavek na smazání sestavy 'P001 - Přehled nákupů zboží' (ID: 2012) byl odeslán.
2025[0m[0m-09[0m[0m-02[0m[0m 13[0m[0m:02[0m[0m:39[0m[0m.318[0m[0m [97m[1mTRACE[22m[39m[0m[0m [[37m\tests\Regrese\Sestavy\Sestavy_regrese-LifeCylcle_API.spec.ts:131[39m[0m[0m]Ověřuji, že sestava (ID: 2012) byla skutečně smazána...
2025[0m[0m-09[0m[0m-02[0m[0m 13[0m[0m:02[0m[0m:39[0m[0m.319[0m[0m [97m[1mTRACE[22m[39m[0m[0m [[37m\support\ApiClient.ts:162[39m[0m[0m]Odesílám GET požadavek na /reports-api/listOfUsersReports/60193531 s parametry: {}
2025[0m[0m-09[0m[0m-02[0m[0m 13[0m[0m:02[0m[0m:39[0m[0m.395[0m[0m [34m[1mINFO[22m[39m[0m[0m [[37m\tests\Regrese\Sestavy\Sestavy_regrese-LifeCylcle_API.spec.ts:136[39m[0m[0m]Úklid úspěšný: Sestava 'P001 - Přehled nákupů zboží' (ID: 2012) byla ověřitelně smazána ze serveru.
]]></system-out>
    </testcase>
    <testcase name="Cyklus pro všechny sestavy s dynamickým payloadem › TC-1237: Životní cyklus sestavy: S002 - Přehled přecenění, @regression @API @sestavy @high" classname="Regrese\Sestavy\Sestavy_regrese-LifeCylcle_API.spec.ts" time="1.591" id="TC-1237">
      <system-out><![CDATA[2025[0m[0m-09[0m[0m-02[0m[0m 13[0m[0m:02[0m[0m:39[0m[0m.492[0m[0m [97m[1mTRACE[22m[39m[0m[0m [[37m\support\fixtures\auth.fixture.ts:23[39m[0m[0m]FIXTURE 'authToken': Budu vytvářet nový request kontext...
2025[0m[0m-09[0m[0m-02[0m[0m 13[0m[0m:02[0m[0m:39[0m[0m.494[0m[0m [97m[1mTRACE[22m[39m[0m[0m [[37m\support\fixtures\auth.fixture.ts:25[39m[0m[0m]FIXTURE 'authToken': Request kontext vytvořen.
2025[0m[0m-09[0m[0m-02[0m[0m 13[0m[0m:02[0m[0m:39[0m[0m.495[0m[0m [97m[1mTRACE[22m[39m[0m[0m [[37m\support\fixtures\auth.fixture.ts:28[39m[0m[0m]{
  message: [32m"FIXTURE 'authToken': Odesílám POST request pro získání tokenu."[39m,
  url: [32m'http://192.168.130.239:8180/auth-api/user/authorization'[39m,
  data: [32m'eyJvcGVyYXRvciI6Ik1OX1RFVFNUX0FVVE9NQVQiLCJwYXNzd29yZCI6IjEifQ=='[39m
} Detail requestu
2025[0m[0m-09[0m[0m-02[0m[0m 13[0m[0m:02[0m[0m:40[0m[0m.131[0m[0m [97m[1mTRACE[22m[39m[0m[0m [[37m\support\fixtures\auth.fixture.ts:39[39m[0m[0m]FIXTURE 'authToken': Odpověď přijata se statusem 201.
2025[0m[0m-09[0m[0m-02[0m[0m 13[0m[0m:02[0m[0m:40[0m[0m.132[0m[0m [97m[1mTRACE[22m[39m[0m[0m [[37m\support\fixtures\auth.fixture.ts:60[39m[0m[0m]FIXTURE 'authToken': Získávám 'accessToken' z JSON odpovědi.
2025[0m[0m-09[0m[0m-02[0m[0m 13[0m[0m:02[0m[0m:40[0m[0m.134[0m[0m [97m[1mTRACE[22m[39m[0m[0m [[37m\support\fixtures\auth.fixture.ts:64[39m[0m[0m]FIXTURE 'authToken': Volám 'use(token)' a předávám token dál...
2025[0m[0m-09[0m[0m-02[0m[0m 13[0m[0m:02[0m[0m:40[0m[0m.134[0m[0m [97m[1mTRACE[22m[39m[0m[0m [[37m\support\fixtures\auth.fixture.ts:74[39m[0m[0m]FIXTURE 'page' (rozšířená): Budu vkládat inicializační skript pro nastavení localStorage...
2025[0m[0m-09[0m[0m-02[0m[0m 13[0m[0m:02[0m[0m:40[0m[0m.137[0m[0m [97m[1mTRACE[22m[39m[0m[0m [[37m\support\fixtures\auth.fixture.ts:84[39m[0m[0m]FIXTURE 'page' (rozšířená): Inicializační skript byl přidán.
2025[0m[0m-09[0m[0m-02[0m[0m 13[0m[0m:02[0m[0m:40[0m[0m.614[0m[0m [97m[1mTRACE[22m[39m[0m[0m [[37m\support\fixtures\auth.fixture.ts:88[39m[0m[0m]FIXTURE 'page' (rozšířená): Navigace na '/' dokončena.
2025[0m[0m-09[0m[0m-02[0m[0m 13[0m[0m:02[0m[0m:40[0m[0m.615[0m[0m [97m[1mTRACE[22m[39m[0m[0m [[37m\support\fixtures\auth.fixture.ts:90[39m[0m[0m]FIXTURE 'page' (rozšířená): Volám 'use(page)' a předávám připravenou stránku testu...
2025[0m[0m-09[0m[0m-02[0m[0m 13[0m[0m:02[0m[0m:40[0m[0m.617[0m[0m [34m[1mINFO[22m[39m[0m[0m [[37m\tests\Regrese\Sestavy\Sestavy_regrese-LifeCylcle_API.spec.ts:36[39m[0m[0m]Spouštím test životního cyklu pro sestavu: 'S002 - Přehled přecenění'
2025[0m[0m-09[0m[0m-02[0m[0m 13[0m[0m:02[0m[0m:40[0m[0m.684[0m[0m [97m[1mTRACE[22m[39m[0m[0m [[37m\tests\Regrese\Sestavy\Sestavy_regrese-LifeCylcle_API.spec.ts:38[39m[0m[0m]Naviguji na domovskou stránku pro získání tokenu.
2025[0m[0m-09[0m[0m-02[0m[0m 13[0m[0m:02[0m[0m:40[0m[0m.698[0m[0m [97m[1mTRACE[22m[39m[0m[0m [[37m\tests\Regrese\Sestavy\Sestavy_regrese-LifeCylcle_API.spec.ts:41[39m[0m[0m]Autentizační token úspěšně získán.
2025[0m[0m-09[0m[0m-02[0m[0m 13[0m[0m:02[0m[0m:40[0m[0m.698[0m[0m [97m[1mTRACE[22m[39m[0m[0m [[37m\tests\Regrese\Sestavy\Sestavy_regrese-LifeCylcle_API.spec.ts:44[39m[0m[0m]ApiClient byl inicializován.
2025[0m[0m-09[0m[0m-02[0m[0m 13[0m[0m:02[0m[0m:40[0m[0m.699[0m[0m [97m[1mTRACE[22m[39m[0m[0m [[37m\tests\Regrese\Sestavy\Sestavy_regrese-LifeCylcle_API.spec.ts:48[39m[0m[0m]Inicializuji ReportBuilder pro sestavu 'S002 - Přehled přecenění'.
2025[0m[0m-09[0m[0m-02[0m[0m 13[0m[0m:02[0m[0m:40[0m[0m.699[0m[0m [97m[1mTRACE[22m[39m[0m[0m [[37m\tests\Regrese\Sestavy\Sestavy_regrese-LifeCylcle_API.spec.ts:49[39m[0m[0m]Vytvářím sestavu 'S002 - Přehled přecenění' s konfigurací: {"dateType":"dateRange"}
2025[0m[0m-09[0m[0m-02[0m[0m 13[0m[0m:02[0m[0m:40[0m[0m.700[0m[0m [32m[1mDEBUG[22m[39m[0m[0m [[37m\tests\Regrese\Sestavy\Sestavy_regrese-LifeCylcle_API.spec.ts:55[39m[0m[0m]Nastavuji časový rozsah (dateRange) pro sestavu 'S002 - Přehled přecenění'.
2025[0m[0m-09[0m[0m-02[0m[0m 13[0m[0m:02[0m[0m:40[0m[0m.701[0m[0m [32m[1mDEBUG[22m[39m[0m[0m [[37m\tests\Regrese\Sestavy\Sestavy_regrese-LifeCylcle_API.spec.ts:80[39m[0m[0m]Nastavuji příznak 'public' na 'true' pro sestavu 'S002 - Přehled přecenění'.
2025[0m[0m-09[0m[0m-02[0m[0m 13[0m[0m:02[0m[0m:40[0m[0m.703[0m[0m [97m[1mTRACE[22m[39m[0m[0m [[37m\support\ApiClient.ts:192[39m[0m[0m]Odesílaný PAYLOAD:
{
  "settings": {
    "availableFilters": [
      "stockId",
      "stkitmType",
      "grouping",
      "goodsOwnerId",
      "paidBy",
      "cardOwnerId",
      "cardIssuerId"
    ],
    "dateModelType": "range",
    "dateFrom": "2025-01-01T00:00:00.000Z",
    "dateTo": "2025-12-31T00:00:00.000Z",
    "stockId": [],
    "stkitmType": [],
    "grouping": [],
    "goodsOwnerId": [],
    "paidBy": [],
    "cardOwnerId": [],
    "cardIssuerId": [],
    "sort": "",
    "partnerId": [],
    "termId": []
  },
  "name": "S002 - Přehled přecenění",
  "public": true,
  "reportDefinitionId": "S002"
}
2025[0m[0m-09[0m[0m-02[0m[0m 13[0m[0m:02[0m[0m:40[0m[0m.810[0m[0m [97m[1mTRACE[22m[39m[0m[0m [[37m\tests\Regrese\Sestavy\Sestavy_regrese-LifeCylcle_API.spec.ts:85[39m[0m[0m]Požadavek na vytvoření sestavy 'S002 - Přehled přecenění' odeslán.
2025[0m[0m-09[0m[0m-02[0m[0m 13[0m[0m:02[0m[0m:40[0m[0m.812[0m[0m [97m[1mTRACE[22m[39m[0m[0m [[37m\support\ApiClient.ts:162[39m[0m[0m]Odesílám GET požadavek na /reports-api/listOfUsersReports/60193531 s parametry: {}
2025[0m[0m-09[0m[0m-02[0m[0m 13[0m[0m:02[0m[0m:40[0m[0m.892[0m[0m [97m[1mTRACE[22m[39m[0m[0m [[37m\tests\Regrese\Sestavy\Sestavy_regrese-LifeCylcle_API.spec.ts:88[39m[0m[0m]Získávám seznam všech uživatelských sestav pro ověření.
2025[0m[0m-09[0m[0m-02[0m[0m 13[0m[0m:02[0m[0m:40[0m[0m.893[0m[0m [34m[1mINFO[22m[39m[0m[0m [[37m\tests\Regrese\Sestavy\Sestavy_regrese-LifeCylcle_API.spec.ts:92[39m[0m[0m]Sestava 'S002 - Přehled přecenění' byla úspěšně vytvořena s ID: 2013.
2025[0m[0m-09[0m[0m-02[0m[0m 13[0m[0m:02[0m[0m:40[0m[0m.894[0m[0m [97m[1mTRACE[22m[39m[0m[0m [[37m\tests\Regrese\Sestavy\Sestavy_regrese-LifeCylcle_API.spec.ts:99[39m[0m[0m]Ověřuji, že počet položek (items) v sestavě 'S002 - Přehled přecenění' není null.
2025[0m[0m-09[0m[0m-02[0m[0m 13[0m[0m:02[0m[0m:40[0m[0m.895[0m[0m [34m[1mINFO[22m[39m[0m[0m [[37m\tests\Regrese\Sestavy\Sestavy_regrese-LifeCylcle_API.spec.ts:106[39m[0m[0m]Vytvořená sestava 'S002 - Přehled přecenění' (ID: 2013) obsahuje 31 položek.
2025[0m[0m-09[0m[0m-02[0m[0m 13[0m[0m:02[0m[0m:40[0m[0m.895[0m[0m [97m[1mTRACE[22m[39m[0m[0m [[37m\tests\Regrese\Sestavy\Sestavy_regrese-LifeCylcle_API.spec.ts:109[39m[0m[0m]Ověřuji, že sestava 'S002 - Přehled přecenění' je správně označena jako sdílená.
2025[0m[0m-09[0m[0m-02[0m[0m 13[0m[0m:02[0m[0m:40[0m[0m.897[0m[0m [34m[1mINFO[22m[39m[0m[0m [[37m\tests\Regrese\Sestavy\Sestavy_regrese-LifeCylcle_API.spec.ts:111[39m[0m[0m]Ověření příznaku sdílení pro sestavu "S002 - Přehled přecenění" je v pořádku.
2025[0m[0m-09[0m[0m-02[0m[0m 13[0m[0m:02[0m[0m:40[0m[0m.897[0m[0m [97m[1mTRACE[22m[39m[0m[0m [[37m\tests\Regrese\Sestavy\Sestavy_regrese-LifeCylcle_API.spec.ts:125[39m[0m[0m](FINALLY BLOCK) Zahajuji úklid pro sestavu 'S002 - Přehled přecenění' s ID: 2013.
2025[0m[0m-09[0m[0m-02[0m[0m 13[0m[0m:02[0m[0m:40[0m[0m.900[0m[0m [97m[1mTRACE[22m[39m[0m[0m [[37m\support\ApiClient.ts:211[39m[0m[0m]Odesílám DELETE požadavek na smazání sestavy: /reports-api/usersReports/2013
2025[0m[0m-09[0m[0m-02[0m[0m 13[0m[0m:02[0m[0m:40[0m[0m.932[0m[0m [97m[1mTRACE[22m[39m[0m[0m [[37m\tests\Regrese\Sestavy\Sestavy_regrese-LifeCylcle_API.spec.ts:129[39m[0m[0m]Požadavek na smazání sestavy 'S002 - Přehled přecenění' (ID: 2013) byl odeslán.
2025[0m[0m-09[0m[0m-02[0m[0m 13[0m[0m:02[0m[0m:40[0m[0m.933[0m[0m [97m[1mTRACE[22m[39m[0m[0m [[37m\tests\Regrese\Sestavy\Sestavy_regrese-LifeCylcle_API.spec.ts:131[39m[0m[0m]Ověřuji, že sestava (ID: 2013) byla skutečně smazána...
2025[0m[0m-09[0m[0m-02[0m[0m 13[0m[0m:02[0m[0m:40[0m[0m.934[0m[0m [97m[1mTRACE[22m[39m[0m[0m [[37m\support\ApiClient.ts:162[39m[0m[0m]Odesílám GET požadavek na /reports-api/listOfUsersReports/60193531 s parametry: {}
2025[0m[0m-09[0m[0m-02[0m[0m 13[0m[0m:02[0m[0m:40[0m[0m.993[0m[0m [34m[1mINFO[22m[39m[0m[0m [[37m\tests\Regrese\Sestavy\Sestavy_regrese-LifeCylcle_API.spec.ts:136[39m[0m[0m]Úklid úspěšný: Sestava 'S002 - Přehled přecenění' (ID: 2013) byla ověřitelně smazána ze serveru.
]]></system-out>
    </testcase>
    <testcase name="Cyklus pro všechny sestavy s dynamickým payloadem › TC-1238: Životní cyklus sestavy: S003 - Půlnoční zásoby PHM, @regression @API @sestavy @high" classname="Regrese\Sestavy\Sestavy_regrese-LifeCylcle_API.spec.ts" time="1.646" id="TC-1238">
      <system-out><![CDATA[2025[0m[0m-09[0m[0m-02[0m[0m 13[0m[0m:02[0m[0m:41[0m[0m.093[0m[0m [97m[1mTRACE[22m[39m[0m[0m [[37m\support\fixtures\auth.fixture.ts:23[39m[0m[0m]FIXTURE 'authToken': Budu vytvářet nový request kontext...
2025[0m[0m-09[0m[0m-02[0m[0m 13[0m[0m:02[0m[0m:41[0m[0m.095[0m[0m [97m[1mTRACE[22m[39m[0m[0m [[37m\support\fixtures\auth.fixture.ts:25[39m[0m[0m]FIXTURE 'authToken': Request kontext vytvořen.
2025[0m[0m-09[0m[0m-02[0m[0m 13[0m[0m:02[0m[0m:41[0m[0m.095[0m[0m [97m[1mTRACE[22m[39m[0m[0m [[37m\support\fixtures\auth.fixture.ts:28[39m[0m[0m]{
  message: [32m"FIXTURE 'authToken': Odesílám POST request pro získání tokenu."[39m,
  url: [32m'http://192.168.130.239:8180/auth-api/user/authorization'[39m,
  data: [32m'eyJvcGVyYXRvciI6Ik1OX1RFVFNUX0FVVE9NQVQiLCJwYXNzd29yZCI6IjEifQ=='[39m
} Detail requestu
2025[0m[0m-09[0m[0m-02[0m[0m 13[0m[0m:02[0m[0m:41[0m[0m.771[0m[0m [97m[1mTRACE[22m[39m[0m[0m [[37m\support\fixtures\auth.fixture.ts:39[39m[0m[0m]FIXTURE 'authToken': Odpověď přijata se statusem 201.
2025[0m[0m-09[0m[0m-02[0m[0m 13[0m[0m:02[0m[0m:41[0m[0m.773[0m[0m [97m[1mTRACE[22m[39m[0m[0m [[37m\support\fixtures\auth.fixture.ts:60[39m[0m[0m]FIXTURE 'authToken': Získávám 'accessToken' z JSON odpovědi.
2025[0m[0m-09[0m[0m-02[0m[0m 13[0m[0m:02[0m[0m:41[0m[0m.776[0m[0m [97m[1mTRACE[22m[39m[0m[0m [[37m\support\fixtures\auth.fixture.ts:64[39m[0m[0m]FIXTURE 'authToken': Volám 'use(token)' a předávám token dál...
2025[0m[0m-09[0m[0m-02[0m[0m 13[0m[0m:02[0m[0m:41[0m[0m.777[0m[0m [97m[1mTRACE[22m[39m[0m[0m [[37m\support\fixtures\auth.fixture.ts:74[39m[0m[0m]FIXTURE 'page' (rozšířená): Budu vkládat inicializační skript pro nastavení localStorage...
2025[0m[0m-09[0m[0m-02[0m[0m 13[0m[0m:02[0m[0m:41[0m[0m.781[0m[0m [97m[1mTRACE[22m[39m[0m[0m [[37m\support\fixtures\auth.fixture.ts:84[39m[0m[0m]FIXTURE 'page' (rozšířená): Inicializační skript byl přidán.
2025[0m[0m-09[0m[0m-02[0m[0m 13[0m[0m:02[0m[0m:42[0m[0m.241[0m[0m [97m[1mTRACE[22m[39m[0m[0m [[37m\support\fixtures\auth.fixture.ts:88[39m[0m[0m]FIXTURE 'page' (rozšířená): Navigace na '/' dokončena.
2025[0m[0m-09[0m[0m-02[0m[0m 13[0m[0m:02[0m[0m:42[0m[0m.241[0m[0m [97m[1mTRACE[22m[39m[0m[0m [[37m\support\fixtures\auth.fixture.ts:90[39m[0m[0m]FIXTURE 'page' (rozšířená): Volám 'use(page)' a předávám připravenou stránku testu...
2025[0m[0m-09[0m[0m-02[0m[0m 13[0m[0m:02[0m[0m:42[0m[0m.243[0m[0m [34m[1mINFO[22m[39m[0m[0m [[37m\tests\Regrese\Sestavy\Sestavy_regrese-LifeCylcle_API.spec.ts:36[39m[0m[0m]Spouštím test životního cyklu pro sestavu: 'S003 - Půlnoční zásoby PHM'
2025[0m[0m-09[0m[0m-02[0m[0m 13[0m[0m:02[0m[0m:42[0m[0m.310[0m[0m [97m[1mTRACE[22m[39m[0m[0m [[37m\tests\Regrese\Sestavy\Sestavy_regrese-LifeCylcle_API.spec.ts:38[39m[0m[0m]Naviguji na domovskou stránku pro získání tokenu.
2025[0m[0m-09[0m[0m-02[0m[0m 13[0m[0m:02[0m[0m:42[0m[0m.325[0m[0m [97m[1mTRACE[22m[39m[0m[0m [[37m\tests\Regrese\Sestavy\Sestavy_regrese-LifeCylcle_API.spec.ts:41[39m[0m[0m]Autentizační token úspěšně získán.
2025[0m[0m-09[0m[0m-02[0m[0m 13[0m[0m:02[0m[0m:42[0m[0m.325[0m[0m [97m[1mTRACE[22m[39m[0m[0m [[37m\tests\Regrese\Sestavy\Sestavy_regrese-LifeCylcle_API.spec.ts:44[39m[0m[0m]ApiClient byl inicializován.
2025[0m[0m-09[0m[0m-02[0m[0m 13[0m[0m:02[0m[0m:42[0m[0m.326[0m[0m [97m[1mTRACE[22m[39m[0m[0m [[37m\tests\Regrese\Sestavy\Sestavy_regrese-LifeCylcle_API.spec.ts:48[39m[0m[0m]Inicializuji ReportBuilder pro sestavu 'S003 - Půlnoční zásoby PHM'.
2025[0m[0m-09[0m[0m-02[0m[0m 13[0m[0m:02[0m[0m:42[0m[0m.327[0m[0m [97m[1mTRACE[22m[39m[0m[0m [[37m\tests\Regrese\Sestavy\Sestavy_regrese-LifeCylcle_API.spec.ts:49[39m[0m[0m]Vytvářím sestavu 'S003 - Půlnoční zásoby PHM' s konfigurací: {"dateType":"dateRange"}
2025[0m[0m-09[0m[0m-02[0m[0m 13[0m[0m:02[0m[0m:42[0m[0m.328[0m[0m [32m[1mDEBUG[22m[39m[0m[0m [[37m\tests\Regrese\Sestavy\Sestavy_regrese-LifeCylcle_API.spec.ts:55[39m[0m[0m]Nastavuji časový rozsah (dateRange) pro sestavu 'S003 - Půlnoční zásoby PHM'.
2025[0m[0m-09[0m[0m-02[0m[0m 13[0m[0m:02[0m[0m:42[0m[0m.329[0m[0m [32m[1mDEBUG[22m[39m[0m[0m [[37m\tests\Regrese\Sestavy\Sestavy_regrese-LifeCylcle_API.spec.ts:80[39m[0m[0m]Nastavuji příznak 'public' na 'true' pro sestavu 'S003 - Půlnoční zásoby PHM'.
2025[0m[0m-09[0m[0m-02[0m[0m 13[0m[0m:02[0m[0m:42[0m[0m.330[0m[0m [97m[1mTRACE[22m[39m[0m[0m [[37m\support\ApiClient.ts:192[39m[0m[0m]Odesílaný PAYLOAD:
{
  "settings": {
    "availableFilters": [
      "stockId",
      "stkitmType",
      "grouping",
      "goodsOwnerId",
      "paidBy",
      "cardOwnerId",
      "cardIssuerId"
    ],
    "dateModelType": "range",
    "dateFrom": "2025-01-01T00:00:00.000Z",
    "dateTo": "2025-12-31T00:00:00.000Z",
    "stockId": [],
    "stkitmType": [],
    "grouping": [],
    "goodsOwnerId": [],
    "paidBy": [],
    "cardOwnerId": [],
    "cardIssuerId": [],
    "sort": "",
    "partnerId": [],
    "termId": []
  },
  "name": "S003 - Půlnoční zásoby PHM",
  "public": true,
  "reportDefinitionId": "S003"
}
2025[0m[0m-09[0m[0m-02[0m[0m 13[0m[0m:02[0m[0m:42[0m[0m.469[0m[0m [97m[1mTRACE[22m[39m[0m[0m [[37m\tests\Regrese\Sestavy\Sestavy_regrese-LifeCylcle_API.spec.ts:85[39m[0m[0m]Požadavek na vytvoření sestavy 'S003 - Půlnoční zásoby PHM' odeslán.
2025[0m[0m-09[0m[0m-02[0m[0m 13[0m[0m:02[0m[0m:42[0m[0m.470[0m[0m [97m[1mTRACE[22m[39m[0m[0m [[37m\support\ApiClient.ts:162[39m[0m[0m]Odesílám GET požadavek na /reports-api/listOfUsersReports/60193531 s parametry: {}
2025[0m[0m-09[0m[0m-02[0m[0m 13[0m[0m:02[0m[0m:42[0m[0m.540[0m[0m [97m[1mTRACE[22m[39m[0m[0m [[37m\tests\Regrese\Sestavy\Sestavy_regrese-LifeCylcle_API.spec.ts:88[39m[0m[0m]Získávám seznam všech uživatelských sestav pro ověření.
2025[0m[0m-09[0m[0m-02[0m[0m 13[0m[0m:02[0m[0m:42[0m[0m.541[0m[0m [34m[1mINFO[22m[39m[0m[0m [[37m\tests\Regrese\Sestavy\Sestavy_regrese-LifeCylcle_API.spec.ts:92[39m[0m[0m]Sestava 'S003 - Půlnoční zásoby PHM' byla úspěšně vytvořena s ID: 2014.
2025[0m[0m-09[0m[0m-02[0m[0m 13[0m[0m:02[0m[0m:42[0m[0m.542[0m[0m [97m[1mTRACE[22m[39m[0m[0m [[37m\tests\Regrese\Sestavy\Sestavy_regrese-LifeCylcle_API.spec.ts:99[39m[0m[0m]Ověřuji, že počet položek (items) v sestavě 'S003 - Půlnoční zásoby PHM' není null.
2025[0m[0m-09[0m[0m-02[0m[0m 13[0m[0m:02[0m[0m:42[0m[0m.544[0m[0m [34m[1mINFO[22m[39m[0m[0m [[37m\tests\Regrese\Sestavy\Sestavy_regrese-LifeCylcle_API.spec.ts:106[39m[0m[0m]Vytvořená sestava 'S003 - Půlnoční zásoby PHM' (ID: 2014) obsahuje 692 položek.
2025[0m[0m-09[0m[0m-02[0m[0m 13[0m[0m:02[0m[0m:42[0m[0m.544[0m[0m [97m[1mTRACE[22m[39m[0m[0m [[37m\tests\Regrese\Sestavy\Sestavy_regrese-LifeCylcle_API.spec.ts:109[39m[0m[0m]Ověřuji, že sestava 'S003 - Půlnoční zásoby PHM' je správně označena jako sdílená.
2025[0m[0m-09[0m[0m-02[0m[0m 13[0m[0m:02[0m[0m:42[0m[0m.546[0m[0m [34m[1mINFO[22m[39m[0m[0m [[37m\tests\Regrese\Sestavy\Sestavy_regrese-LifeCylcle_API.spec.ts:111[39m[0m[0m]Ověření příznaku sdílení pro sestavu "S003 - Půlnoční zásoby PHM" je v pořádku.
2025[0m[0m-09[0m[0m-02[0m[0m 13[0m[0m:02[0m[0m:42[0m[0m.547[0m[0m [97m[1mTRACE[22m[39m[0m[0m [[37m\tests\Regrese\Sestavy\Sestavy_regrese-LifeCylcle_API.spec.ts:125[39m[0m[0m](FINALLY BLOCK) Zahajuji úklid pro sestavu 'S003 - Půlnoční zásoby PHM' s ID: 2014.
2025[0m[0m-09[0m[0m-02[0m[0m 13[0m[0m:02[0m[0m:42[0m[0m.552[0m[0m [97m[1mTRACE[22m[39m[0m[0m [[37m\support\ApiClient.ts:211[39m[0m[0m]Odesílám DELETE požadavek na smazání sestavy: /reports-api/usersReports/2014
2025[0m[0m-09[0m[0m-02[0m[0m 13[0m[0m:02[0m[0m:42[0m[0m.585[0m[0m [97m[1mTRACE[22m[39m[0m[0m [[37m\tests\Regrese\Sestavy\Sestavy_regrese-LifeCylcle_API.spec.ts:129[39m[0m[0m]Požadavek na smazání sestavy 'S003 - Půlnoční zásoby PHM' (ID: 2014) byl odeslán.
2025[0m[0m-09[0m[0m-02[0m[0m 13[0m[0m:02[0m[0m:42[0m[0m.586[0m[0m [97m[1mTRACE[22m[39m[0m[0m [[37m\tests\Regrese\Sestavy\Sestavy_regrese-LifeCylcle_API.spec.ts:131[39m[0m[0m]Ověřuji, že sestava (ID: 2014) byla skutečně smazána...
2025[0m[0m-09[0m[0m-02[0m[0m 13[0m[0m:02[0m[0m:42[0m[0m.587[0m[0m [97m[1mTRACE[22m[39m[0m[0m [[37m\support\ApiClient.ts:162[39m[0m[0m]Odesílám GET požadavek na /reports-api/listOfUsersReports/60193531 s parametry: {}
2025[0m[0m-09[0m[0m-02[0m[0m 13[0m[0m:02[0m[0m:42[0m[0m.644[0m[0m [34m[1mINFO[22m[39m[0m[0m [[37m\tests\Regrese\Sestavy\Sestavy_regrese-LifeCylcle_API.spec.ts:136[39m[0m[0m]Úklid úspěšný: Sestava 'S003 - Půlnoční zásoby PHM' (ID: 2014) byla ověřitelně smazána ze serveru.
]]></system-out>
    </testcase>
    <testcase name="Cyklus pro všechny sestavy s dynamickým payloadem › TC-1239: Životní cyklus sestavy: S004 - Půlnoční registry stojanů, @regression @API @sestavy @high" classname="Regrese\Sestavy\Sestavy_regrese-LifeCylcle_API.spec.ts" time="1.864" id="TC-1239">
      <system-out><![CDATA[2025[0m[0m-09[0m[0m-02[0m[0m 13[0m[0m:02[0m[0m:42[0m[0m.758[0m[0m [97m[1mTRACE[22m[39m[0m[0m [[37m\support\fixtures\auth.fixture.ts:23[39m[0m[0m]FIXTURE 'authToken': Budu vytvářet nový request kontext...
2025[0m[0m-09[0m[0m-02[0m[0m 13[0m[0m:02[0m[0m:42[0m[0m.760[0m[0m [97m[1mTRACE[22m[39m[0m[0m [[37m\support\fixtures\auth.fixture.ts:25[39m[0m[0m]FIXTURE 'authToken': Request kontext vytvořen.
2025[0m[0m-09[0m[0m-02[0m[0m 13[0m[0m:02[0m[0m:42[0m[0m.761[0m[0m [97m[1mTRACE[22m[39m[0m[0m [[37m\support\fixtures\auth.fixture.ts:28[39m[0m[0m]{
  message: [32m"FIXTURE 'authToken': Odesílám POST request pro získání tokenu."[39m,
  url: [32m'http://192.168.130.239:8180/auth-api/user/authorization'[39m,
  data: [32m'eyJvcGVyYXRvciI6Ik1OX1RFVFNUX0FVVE9NQVQiLCJwYXNzd29yZCI6IjEifQ=='[39m
} Detail requestu
2025[0m[0m-09[0m[0m-02[0m[0m 13[0m[0m:02[0m[0m:43[0m[0m.396[0m[0m [97m[1mTRACE[22m[39m[0m[0m [[37m\support\fixtures\auth.fixture.ts:39[39m[0m[0m]FIXTURE 'authToken': Odpověď přijata se statusem 201.
2025[0m[0m-09[0m[0m-02[0m[0m 13[0m[0m:02[0m[0m:43[0m[0m.397[0m[0m [97m[1mTRACE[22m[39m[0m[0m [[37m\support\fixtures\auth.fixture.ts:60[39m[0m[0m]FIXTURE 'authToken': Získávám 'accessToken' z JSON odpovědi.
2025[0m[0m-09[0m[0m-02[0m[0m 13[0m[0m:02[0m[0m:43[0m[0m.399[0m[0m [97m[1mTRACE[22m[39m[0m[0m [[37m\support\fixtures\auth.fixture.ts:64[39m[0m[0m]FIXTURE 'authToken': Volám 'use(token)' a předávám token dál...
2025[0m[0m-09[0m[0m-02[0m[0m 13[0m[0m:02[0m[0m:43[0m[0m.401[0m[0m [97m[1mTRACE[22m[39m[0m[0m [[37m\support\fixtures\auth.fixture.ts:74[39m[0m[0m]FIXTURE 'page' (rozšířená): Budu vkládat inicializační skript pro nastavení localStorage...
2025[0m[0m-09[0m[0m-02[0m[0m 13[0m[0m:02[0m[0m:43[0m[0m.404[0m[0m [97m[1mTRACE[22m[39m[0m[0m [[37m\support\fixtures\auth.fixture.ts:84[39m[0m[0m]FIXTURE 'page' (rozšířená): Inicializační skript byl přidán.
2025[0m[0m-09[0m[0m-02[0m[0m 13[0m[0m:02[0m[0m:43[0m[0m.908[0m[0m [97m[1mTRACE[22m[39m[0m[0m [[37m\support\fixtures\auth.fixture.ts:88[39m[0m[0m]FIXTURE 'page' (rozšířená): Navigace na '/' dokončena.
2025[0m[0m-09[0m[0m-02[0m[0m 13[0m[0m:02[0m[0m:43[0m[0m.909[0m[0m [97m[1mTRACE[22m[39m[0m[0m [[37m\support\fixtures\auth.fixture.ts:90[39m[0m[0m]FIXTURE 'page' (rozšířená): Volám 'use(page)' a předávám připravenou stránku testu...
2025[0m[0m-09[0m[0m-02[0m[0m 13[0m[0m:02[0m[0m:43[0m[0m.911[0m[0m [34m[1mINFO[22m[39m[0m[0m [[37m\tests\Regrese\Sestavy\Sestavy_regrese-LifeCylcle_API.spec.ts:36[39m[0m[0m]Spouštím test životního cyklu pro sestavu: 'S004 - Půlnoční registry stojanů'
2025[0m[0m-09[0m[0m-02[0m[0m 13[0m[0m:02[0m[0m:43[0m[0m.975[0m[0m [97m[1mTRACE[22m[39m[0m[0m [[37m\tests\Regrese\Sestavy\Sestavy_regrese-LifeCylcle_API.spec.ts:38[39m[0m[0m]Naviguji na domovskou stránku pro získání tokenu.
2025[0m[0m-09[0m[0m-02[0m[0m 13[0m[0m:02[0m[0m:43[0m[0m.987[0m[0m [97m[1mTRACE[22m[39m[0m[0m [[37m\tests\Regrese\Sestavy\Sestavy_regrese-LifeCylcle_API.spec.ts:41[39m[0m[0m]Autentizační token úspěšně získán.
2025[0m[0m-09[0m[0m-02[0m[0m 13[0m[0m:02[0m[0m:43[0m[0m.988[0m[0m [97m[1mTRACE[22m[39m[0m[0m [[37m\tests\Regrese\Sestavy\Sestavy_regrese-LifeCylcle_API.spec.ts:44[39m[0m[0m]ApiClient byl inicializován.
2025[0m[0m-09[0m[0m-02[0m[0m 13[0m[0m:02[0m[0m:43[0m[0m.989[0m[0m [97m[1mTRACE[22m[39m[0m[0m [[37m\tests\Regrese\Sestavy\Sestavy_regrese-LifeCylcle_API.spec.ts:48[39m[0m[0m]Inicializuji ReportBuilder pro sestavu 'S004 - Půlnoční registry stojanů'.
2025[0m[0m-09[0m[0m-02[0m[0m 13[0m[0m:02[0m[0m:43[0m[0m.989[0m[0m [97m[1mTRACE[22m[39m[0m[0m [[37m\tests\Regrese\Sestavy\Sestavy_regrese-LifeCylcle_API.spec.ts:49[39m[0m[0m]Vytvářím sestavu 'S004 - Půlnoční registry stojanů' s konfigurací: {"dateType":"dateRange"}
2025[0m[0m-09[0m[0m-02[0m[0m 13[0m[0m:02[0m[0m:43[0m[0m.990[0m[0m [32m[1mDEBUG[22m[39m[0m[0m [[37m\tests\Regrese\Sestavy\Sestavy_regrese-LifeCylcle_API.spec.ts:55[39m[0m[0m]Nastavuji časový rozsah (dateRange) pro sestavu 'S004 - Půlnoční registry stojanů'.
2025[0m[0m-09[0m[0m-02[0m[0m 13[0m[0m:02[0m[0m:43[0m[0m.992[0m[0m [32m[1mDEBUG[22m[39m[0m[0m [[37m\tests\Regrese\Sestavy\Sestavy_regrese-LifeCylcle_API.spec.ts:80[39m[0m[0m]Nastavuji příznak 'public' na 'true' pro sestavu 'S004 - Půlnoční registry stojanů'.
2025[0m[0m-09[0m[0m-02[0m[0m 13[0m[0m:02[0m[0m:43[0m[0m.994[0m[0m [97m[1mTRACE[22m[39m[0m[0m [[37m\support\ApiClient.ts:192[39m[0m[0m]Odesílaný PAYLOAD:
{
  "settings": {
    "availableFilters": [
      "stockId",
      "stkitmType",
      "grouping",
      "goodsOwnerId",
      "paidBy",
      "cardOwnerId",
      "cardIssuerId"
    ],
    "dateModelType": "range",
    "dateFrom": "2025-01-01T00:00:00.000Z",
    "dateTo": "2025-12-31T00:00:00.000Z",
    "stockId": [],
    "stkitmType": [],
    "grouping": [],
    "goodsOwnerId": [],
    "paidBy": [],
    "cardOwnerId": [],
    "cardIssuerId": [],
    "sort": "",
    "partnerId": [],
    "termId": []
  },
  "name": "S004 - Půlnoční registry stojanů",
  "public": true,
  "reportDefinitionId": "S004"
}
2025[0m[0m-09[0m[0m-02[0m[0m 13[0m[0m:02[0m[0m:44[0m[0m.302[0m[0m [97m[1mTRACE[22m[39m[0m[0m [[37m\tests\Regrese\Sestavy\Sestavy_regrese-LifeCylcle_API.spec.ts:85[39m[0m[0m]Požadavek na vytvoření sestavy 'S004 - Půlnoční registry stojanů' odeslán.
2025[0m[0m-09[0m[0m-02[0m[0m 13[0m[0m:02[0m[0m:44[0m[0m.304[0m[0m [97m[1mTRACE[22m[39m[0m[0m [[37m\support\ApiClient.ts:162[39m[0m[0m]Odesílám GET požadavek na /reports-api/listOfUsersReports/60193531 s parametry: {}
2025[0m[0m-09[0m[0m-02[0m[0m 13[0m[0m:02[0m[0m:44[0m[0m.368[0m[0m [97m[1mTRACE[22m[39m[0m[0m [[37m\tests\Regrese\Sestavy\Sestavy_regrese-LifeCylcle_API.spec.ts:88[39m[0m[0m]Získávám seznam všech uživatelských sestav pro ověření.
2025[0m[0m-09[0m[0m-02[0m[0m 13[0m[0m:02[0m[0m:44[0m[0m.369[0m[0m [34m[1mINFO[22m[39m[0m[0m [[37m\tests\Regrese\Sestavy\Sestavy_regrese-LifeCylcle_API.spec.ts:92[39m[0m[0m]Sestava 'S004 - Půlnoční registry stojanů' byla úspěšně vytvořena s ID: 2015.
2025[0m[0m-09[0m[0m-02[0m[0m 13[0m[0m:02[0m[0m:44[0m[0m.370[0m[0m [97m[1mTRACE[22m[39m[0m[0m [[37m\tests\Regrese\Sestavy\Sestavy_regrese-LifeCylcle_API.spec.ts:99[39m[0m[0m]Ověřuji, že počet položek (items) v sestavě 'S004 - Půlnoční registry stojanů' není null.
2025[0m[0m-09[0m[0m-02[0m[0m 13[0m[0m:02[0m[0m:44[0m[0m.372[0m[0m [34m[1mINFO[22m[39m[0m[0m [[37m\tests\Regrese\Sestavy\Sestavy_regrese-LifeCylcle_API.spec.ts:106[39m[0m[0m]Vytvořená sestava 'S004 - Půlnoční registry stojanů' (ID: 2015) obsahuje 4460 položek.
2025[0m[0m-09[0m[0m-02[0m[0m 13[0m[0m:02[0m[0m:44[0m[0m.372[0m[0m [97m[1mTRACE[22m[39m[0m[0m [[37m\tests\Regrese\Sestavy\Sestavy_regrese-LifeCylcle_API.spec.ts:109[39m[0m[0m]Ověřuji, že sestava 'S004 - Půlnoční registry stojanů' je správně označena jako sdílená.
2025[0m[0m-09[0m[0m-02[0m[0m 13[0m[0m:02[0m[0m:44[0m[0m.374[0m[0m [34m[1mINFO[22m[39m[0m[0m [[37m\tests\Regrese\Sestavy\Sestavy_regrese-LifeCylcle_API.spec.ts:111[39m[0m[0m]Ověření příznaku sdílení pro sestavu "S004 - Půlnoční registry stojanů" je v pořádku.
2025[0m[0m-09[0m[0m-02[0m[0m 13[0m[0m:02[0m[0m:44[0m[0m.375[0m[0m [97m[1mTRACE[22m[39m[0m[0m [[37m\tests\Regrese\Sestavy\Sestavy_regrese-LifeCylcle_API.spec.ts:125[39m[0m[0m](FINALLY BLOCK) Zahajuji úklid pro sestavu 'S004 - Půlnoční registry stojanů' s ID: 2015.
2025[0m[0m-09[0m[0m-02[0m[0m 13[0m[0m:02[0m[0m:44[0m[0m.380[0m[0m [97m[1mTRACE[22m[39m[0m[0m [[37m\support\ApiClient.ts:211[39m[0m[0m]Odesílám DELETE požadavek na smazání sestavy: /reports-api/usersReports/2015
2025[0m[0m-09[0m[0m-02[0m[0m 13[0m[0m:02[0m[0m:44[0m[0m.403[0m[0m [97m[1mTRACE[22m[39m[0m[0m [[37m\tests\Regrese\Sestavy\Sestavy_regrese-LifeCylcle_API.spec.ts:129[39m[0m[0m]Požadavek na smazání sestavy 'S004 - Půlnoční registry stojanů' (ID: 2015) byl odeslán.
2025[0m[0m-09[0m[0m-02[0m[0m 13[0m[0m:02[0m[0m:44[0m[0m.404[0m[0m [97m[1mTRACE[22m[39m[0m[0m [[37m\tests\Regrese\Sestavy\Sestavy_regrese-LifeCylcle_API.spec.ts:131[39m[0m[0m]Ověřuji, že sestava (ID: 2015) byla skutečně smazána...
2025[0m[0m-09[0m[0m-02[0m[0m 13[0m[0m:02[0m[0m:44[0m[0m.406[0m[0m [97m[1mTRACE[22m[39m[0m[0m [[37m\support\ApiClient.ts:162[39m[0m[0m]Odesílám GET požadavek na /reports-api/listOfUsersReports/60193531 s parametry: {}
2025[0m[0m-09[0m[0m-02[0m[0m 13[0m[0m:02[0m[0m:44[0m[0m.517[0m[0m [34m[1mINFO[22m[39m[0m[0m [[37m\tests\Regrese\Sestavy\Sestavy_regrese-LifeCylcle_API.spec.ts:136[39m[0m[0m]Úklid úspěšný: Sestava 'S004 - Půlnoční registry stojanů' (ID: 2015) byla ověřitelně smazána ze serveru.
]]></system-out>
    </testcase>
    <testcase name="Cyklus pro všechny sestavy s dynamickým payloadem › TC-1240: Životní cyklus sestavy: T001 - Přehled neautorizovaných transakcí, @regression @API @sestavy @high" classname="Regrese\Sestavy\Sestavy_regrese-LifeCylcle_API.spec.ts" time="1.521" id="TC-1240">
      <system-out><![CDATA[2025[0m[0m-09[0m[0m-02[0m[0m 13[0m[0m:02[0m[0m:44[0m[0m.603[0m[0m [97m[1mTRACE[22m[39m[0m[0m [[37m\support\fixtures\auth.fixture.ts:23[39m[0m[0m]FIXTURE 'authToken': Budu vytvářet nový request kontext...
2025[0m[0m-09[0m[0m-02[0m[0m 13[0m[0m:02[0m[0m:44[0m[0m.605[0m[0m [97m[1mTRACE[22m[39m[0m[0m [[37m\support\fixtures\auth.fixture.ts:25[39m[0m[0m]FIXTURE 'authToken': Request kontext vytvořen.
2025[0m[0m-09[0m[0m-02[0m[0m 13[0m[0m:02[0m[0m:44[0m[0m.606[0m[0m [97m[1mTRACE[22m[39m[0m[0m [[37m\support\fixtures\auth.fixture.ts:28[39m[0m[0m]{
  message: [32m"FIXTURE 'authToken': Odesílám POST request pro získání tokenu."[39m,
  url: [32m'http://192.168.130.239:8180/auth-api/user/authorization'[39m,
  data: [32m'eyJvcGVyYXRvciI6Ik1OX1RFVFNUX0FVVE9NQVQiLCJwYXNzd29yZCI6IjEifQ=='[39m
} Detail requestu
2025[0m[0m-09[0m[0m-02[0m[0m 13[0m[0m:02[0m[0m:45[0m[0m.258[0m[0m [97m[1mTRACE[22m[39m[0m[0m [[37m\support\fixtures\auth.fixture.ts:39[39m[0m[0m]FIXTURE 'authToken': Odpověď přijata se statusem 201.
2025[0m[0m-09[0m[0m-02[0m[0m 13[0m[0m:02[0m[0m:45[0m[0m.260[0m[0m [97m[1mTRACE[22m[39m[0m[0m [[37m\support\fixtures\auth.fixture.ts:60[39m[0m[0m]FIXTURE 'authToken': Získávám 'accessToken' z JSON odpovědi.
2025[0m[0m-09[0m[0m-02[0m[0m 13[0m[0m:02[0m[0m:45[0m[0m.263[0m[0m [97m[1mTRACE[22m[39m[0m[0m [[37m\support\fixtures\auth.fixture.ts:64[39m[0m[0m]FIXTURE 'authToken': Volám 'use(token)' a předávám token dál...
2025[0m[0m-09[0m[0m-02[0m[0m 13[0m[0m:02[0m[0m:45[0m[0m.264[0m[0m [97m[1mTRACE[22m[39m[0m[0m [[37m\support\fixtures\auth.fixture.ts:74[39m[0m[0m]FIXTURE 'page' (rozšířená): Budu vkládat inicializační skript pro nastavení localStorage...
2025[0m[0m-09[0m[0m-02[0m[0m 13[0m[0m:02[0m[0m:45[0m[0m.271[0m[0m [97m[1mTRACE[22m[39m[0m[0m [[37m\support\fixtures\auth.fixture.ts:84[39m[0m[0m]FIXTURE 'page' (rozšířená): Inicializační skript byl přidán.
2025[0m[0m-09[0m[0m-02[0m[0m 13[0m[0m:02[0m[0m:45[0m[0m.703[0m[0m [97m[1mTRACE[22m[39m[0m[0m [[37m\support\fixtures\auth.fixture.ts:88[39m[0m[0m]FIXTURE 'page' (rozšířená): Navigace na '/' dokončena.
2025[0m[0m-09[0m[0m-02[0m[0m 13[0m[0m:02[0m[0m:45[0m[0m.704[0m[0m [97m[1mTRACE[22m[39m[0m[0m [[37m\support\fixtures\auth.fixture.ts:90[39m[0m[0m]FIXTURE 'page' (rozšířená): Volám 'use(page)' a předávám připravenou stránku testu...
2025[0m[0m-09[0m[0m-02[0m[0m 13[0m[0m:02[0m[0m:45[0m[0m.705[0m[0m [34m[1mINFO[22m[39m[0m[0m [[37m\tests\Regrese\Sestavy\Sestavy_regrese-LifeCylcle_API.spec.ts:36[39m[0m[0m]Spouštím test životního cyklu pro sestavu: 'T001 - Přehled neautorizovaných transakcí'
2025[0m[0m-09[0m[0m-02[0m[0m 13[0m[0m:02[0m[0m:45[0m[0m.778[0m[0m [97m[1mTRACE[22m[39m[0m[0m [[37m\tests\Regrese\Sestavy\Sestavy_regrese-LifeCylcle_API.spec.ts:38[39m[0m[0m]Naviguji na domovskou stránku pro získání tokenu.
2025[0m[0m-09[0m[0m-02[0m[0m 13[0m[0m:02[0m[0m:45[0m[0m.788[0m[0m [97m[1mTRACE[22m[39m[0m[0m [[37m\tests\Regrese\Sestavy\Sestavy_regrese-LifeCylcle_API.spec.ts:41[39m[0m[0m]Autentizační token úspěšně získán.
2025[0m[0m-09[0m[0m-02[0m[0m 13[0m[0m:02[0m[0m:45[0m[0m.789[0m[0m [97m[1mTRACE[22m[39m[0m[0m [[37m\tests\Regrese\Sestavy\Sestavy_regrese-LifeCylcle_API.spec.ts:44[39m[0m[0m]ApiClient byl inicializován.
2025[0m[0m-09[0m[0m-02[0m[0m 13[0m[0m:02[0m[0m:45[0m[0m.790[0m[0m [97m[1mTRACE[22m[39m[0m[0m [[37m\tests\Regrese\Sestavy\Sestavy_regrese-LifeCylcle_API.spec.ts:48[39m[0m[0m]Inicializuji ReportBuilder pro sestavu 'T001 - Přehled neautorizovaných transakcí'.
2025[0m[0m-09[0m[0m-02[0m[0m 13[0m[0m:02[0m[0m:45[0m[0m.791[0m[0m [97m[1mTRACE[22m[39m[0m[0m [[37m\tests\Regrese\Sestavy\Sestavy_regrese-LifeCylcle_API.spec.ts:49[39m[0m[0m]Vytvářím sestavu 'T001 - Přehled neautorizovaných transakcí' s konfigurací: {"dateType":"dateRange"}
2025[0m[0m-09[0m[0m-02[0m[0m 13[0m[0m:02[0m[0m:45[0m[0m.792[0m[0m [32m[1mDEBUG[22m[39m[0m[0m [[37m\tests\Regrese\Sestavy\Sestavy_regrese-LifeCylcle_API.spec.ts:55[39m[0m[0m]Nastavuji časový rozsah (dateRange) pro sestavu 'T001 - Přehled neautorizovaných transakcí'.
2025[0m[0m-09[0m[0m-02[0m[0m 13[0m[0m:02[0m[0m:45[0m[0m.793[0m[0m [32m[1mDEBUG[22m[39m[0m[0m [[37m\tests\Regrese\Sestavy\Sestavy_regrese-LifeCylcle_API.spec.ts:80[39m[0m[0m]Nastavuji příznak 'public' na 'true' pro sestavu 'T001 - Přehled neautorizovaných transakcí'.
2025[0m[0m-09[0m[0m-02[0m[0m 13[0m[0m:02[0m[0m:45[0m[0m.794[0m[0m [97m[1mTRACE[22m[39m[0m[0m [[37m\support\ApiClient.ts:192[39m[0m[0m]Odesílaný PAYLOAD:
{
  "settings": {
    "availableFilters": [
      "stockId",
      "stkitmType",
      "grouping",
      "goodsOwnerId",
      "paidBy",
      "cardOwnerId",
      "cardIssuerId"
    ],
    "dateModelType": "range",
    "dateFrom": "2025-01-01T00:00:00.000Z",
    "dateTo": "2025-12-31T00:00:00.000Z",
    "stockId": [],
    "stkitmType": [],
    "grouping": [],
    "goodsOwnerId": [],
    "paidBy": [],
    "cardOwnerId": [],
    "cardIssuerId": [],
    "sort": "",
    "partnerId": [],
    "termId": []
  },
  "name": "T001 - Přehled neautorizovaných transakcí",
  "public": true,
  "reportDefinitionId": "T001"
}
2025[0m[0m-09[0m[0m-02[0m[0m 13[0m[0m:02[0m[0m:45[0m[0m.871[0m[0m [97m[1mTRACE[22m[39m[0m[0m [[37m\tests\Regrese\Sestavy\Sestavy_regrese-LifeCylcle_API.spec.ts:85[39m[0m[0m]Požadavek na vytvoření sestavy 'T001 - Přehled neautorizovaných transakcí' odeslán.
2025[0m[0m-09[0m[0m-02[0m[0m 13[0m[0m:02[0m[0m:45[0m[0m.873[0m[0m [97m[1mTRACE[22m[39m[0m[0m [[37m\support\ApiClient.ts:162[39m[0m[0m]Odesílám GET požadavek na /reports-api/listOfUsersReports/60193531 s parametry: {}
2025[0m[0m-09[0m[0m-02[0m[0m 13[0m[0m:02[0m[0m:45[0m[0m.951[0m[0m [97m[1mTRACE[22m[39m[0m[0m [[37m\tests\Regrese\Sestavy\Sestavy_regrese-LifeCylcle_API.spec.ts:88[39m[0m[0m]Získávám seznam všech uživatelských sestav pro ověření.
2025[0m[0m-09[0m[0m-02[0m[0m 13[0m[0m:02[0m[0m:45[0m[0m.952[0m[0m [34m[1mINFO[22m[39m[0m[0m [[37m\tests\Regrese\Sestavy\Sestavy_regrese-LifeCylcle_API.spec.ts:92[39m[0m[0m]Sestava 'T001 - Přehled neautorizovaných transakcí' byla úspěšně vytvořena s ID: 2016.
2025[0m[0m-09[0m[0m-02[0m[0m 13[0m[0m:02[0m[0m:45[0m[0m.953[0m[0m [97m[1mTRACE[22m[39m[0m[0m [[37m\tests\Regrese\Sestavy\Sestavy_regrese-LifeCylcle_API.spec.ts:99[39m[0m[0m]Ověřuji, že počet položek (items) v sestavě 'T001 - Přehled neautorizovaných transakcí' není null.
2025[0m[0m-09[0m[0m-02[0m[0m 13[0m[0m:02[0m[0m:45[0m[0m.955[0m[0m [34m[1mINFO[22m[39m[0m[0m [[37m\tests\Regrese\Sestavy\Sestavy_regrese-LifeCylcle_API.spec.ts:106[39m[0m[0m]Vytvořená sestava 'T001 - Přehled neautorizovaných transakcí' (ID: 2016) obsahuje 7 položek.
2025[0m[0m-09[0m[0m-02[0m[0m 13[0m[0m:02[0m[0m:45[0m[0m.955[0m[0m [97m[1mTRACE[22m[39m[0m[0m [[37m\tests\Regrese\Sestavy\Sestavy_regrese-LifeCylcle_API.spec.ts:109[39m[0m[0m]Ověřuji, že sestava 'T001 - Přehled neautorizovaných transakcí' je správně označena jako sdílená.
2025[0m[0m-09[0m[0m-02[0m[0m 13[0m[0m:02[0m[0m:45[0m[0m.957[0m[0m [34m[1mINFO[22m[39m[0m[0m [[37m\tests\Regrese\Sestavy\Sestavy_regrese-LifeCylcle_API.spec.ts:111[39m[0m[0m]Ověření příznaku sdílení pro sestavu "T001 - Přehled neautorizovaných transakcí" je v pořádku.
2025[0m[0m-09[0m[0m-02[0m[0m 13[0m[0m:02[0m[0m:45[0m[0m.957[0m[0m [97m[1mTRACE[22m[39m[0m[0m [[37m\tests\Regrese\Sestavy\Sestavy_regrese-LifeCylcle_API.spec.ts:125[39m[0m[0m](FINALLY BLOCK) Zahajuji úklid pro sestavu 'T001 - Přehled neautorizovaných transakcí' s ID: 2016.
2025[0m[0m-09[0m[0m-02[0m[0m 13[0m[0m:02[0m[0m:45[0m[0m.961[0m[0m [97m[1mTRACE[22m[39m[0m[0m [[37m\support\ApiClient.ts:211[39m[0m[0m]Odesílám DELETE požadavek na smazání sestavy: /reports-api/usersReports/2016
2025[0m[0m-09[0m[0m-02[0m[0m 13[0m[0m:02[0m[0m:45[0m[0m.988[0m[0m [97m[1mTRACE[22m[39m[0m[0m [[37m\tests\Regrese\Sestavy\Sestavy_regrese-LifeCylcle_API.spec.ts:129[39m[0m[0m]Požadavek na smazání sestavy 'T001 - Přehled neautorizovaných transakcí' (ID: 2016) byl odeslán.
2025[0m[0m-09[0m[0m-02[0m[0m 13[0m[0m:02[0m[0m:45[0m[0m.990[0m[0m [97m[1mTRACE[22m[39m[0m[0m [[37m\tests\Regrese\Sestavy\Sestavy_regrese-LifeCylcle_API.spec.ts:131[39m[0m[0m]Ověřuji, že sestava (ID: 2016) byla skutečně smazána...
2025[0m[0m-09[0m[0m-02[0m[0m 13[0m[0m:02[0m[0m:45[0m[0m.991[0m[0m [97m[1mTRACE[22m[39m[0m[0m [[37m\support\ApiClient.ts:162[39m[0m[0m]Odesílám GET požadavek na /reports-api/listOfUsersReports/60193531 s parametry: {}
2025[0m[0m-09[0m[0m-02[0m[0m 13[0m[0m:02[0m[0m:46[0m[0m.045[0m[0m [34m[1mINFO[22m[39m[0m[0m [[37m\tests\Regrese\Sestavy\Sestavy_regrese-LifeCylcle_API.spec.ts:136[39m[0m[0m]Úklid úspěšný: Sestava 'T001 - Přehled neautorizovaných transakcí' (ID: 2016) byla ověřitelně smazána ze serveru.
]]></system-out>
    </testcase>
    <testcase name="Cyklus pro všechny sestavy s dynamickým payloadem › TC-1241: Životní cyklus sestavy: T002 - Přehled odběrů podle řidiče, @regression @API @sestavy @high" classname="Regrese\Sestavy\Sestavy_regrese-LifeCylcle_API.spec.ts" time="1.558" id="TC-1241">
      <system-out><![CDATA[2025[0m[0m-09[0m[0m-02[0m[0m 13[0m[0m:02[0m[0m:46[0m[0m.114[0m[0m [97m[1mTRACE[22m[39m[0m[0m [[37m\support\fixtures\auth.fixture.ts:23[39m[0m[0m]FIXTURE 'authToken': Budu vytvářet nový request kontext...
2025[0m[0m-09[0m[0m-02[0m[0m 13[0m[0m:02[0m[0m:46[0m[0m.116[0m[0m [97m[1mTRACE[22m[39m[0m[0m [[37m\support\fixtures\auth.fixture.ts:25[39m[0m[0m]FIXTURE 'authToken': Request kontext vytvořen.
2025[0m[0m-09[0m[0m-02[0m[0m 13[0m[0m:02[0m[0m:46[0m[0m.117[0m[0m [97m[1mTRACE[22m[39m[0m[0m [[37m\support\fixtures\auth.fixture.ts:28[39m[0m[0m]{
  message: [32m"FIXTURE 'authToken': Odesílám POST request pro získání tokenu."[39m,
  url: [32m'http://192.168.130.239:8180/auth-api/user/authorization'[39m,
  data: [32m'eyJvcGVyYXRvciI6Ik1OX1RFVFNUX0FVVE9NQVQiLCJwYXNzd29yZCI6IjEifQ=='[39m
} Detail requestu
2025[0m[0m-09[0m[0m-02[0m[0m 13[0m[0m:02[0m[0m:46[0m[0m.782[0m[0m [97m[1mTRACE[22m[39m[0m[0m [[37m\support\fixtures\auth.fixture.ts:39[39m[0m[0m]FIXTURE 'authToken': Odpověď přijata se statusem 201.
2025[0m[0m-09[0m[0m-02[0m[0m 13[0m[0m:02[0m[0m:46[0m[0m.784[0m[0m [97m[1mTRACE[22m[39m[0m[0m [[37m\support\fixtures\auth.fixture.ts:60[39m[0m[0m]FIXTURE 'authToken': Získávám 'accessToken' z JSON odpovědi.
2025[0m[0m-09[0m[0m-02[0m[0m 13[0m[0m:02[0m[0m:46[0m[0m.788[0m[0m [97m[1mTRACE[22m[39m[0m[0m [[37m\support\fixtures\auth.fixture.ts:64[39m[0m[0m]FIXTURE 'authToken': Volám 'use(token)' a předávám token dál...
2025[0m[0m-09[0m[0m-02[0m[0m 13[0m[0m:02[0m[0m:46[0m[0m.790[0m[0m [97m[1mTRACE[22m[39m[0m[0m [[37m\support\fixtures\auth.fixture.ts:74[39m[0m[0m]FIXTURE 'page' (rozšířená): Budu vkládat inicializační skript pro nastavení localStorage...
2025[0m[0m-09[0m[0m-02[0m[0m 13[0m[0m:02[0m[0m:46[0m[0m.794[0m[0m [97m[1mTRACE[22m[39m[0m[0m [[37m\support\fixtures\auth.fixture.ts:84[39m[0m[0m]FIXTURE 'page' (rozšířená): Inicializační skript byl přidán.
2025[0m[0m-09[0m[0m-02[0m[0m 13[0m[0m:02[0m[0m:47[0m[0m.262[0m[0m [97m[1mTRACE[22m[39m[0m[0m [[37m\support\fixtures\auth.fixture.ts:88[39m[0m[0m]FIXTURE 'page' (rozšířená): Navigace na '/' dokončena.
2025[0m[0m-09[0m[0m-02[0m[0m 13[0m[0m:02[0m[0m:47[0m[0m.263[0m[0m [97m[1mTRACE[22m[39m[0m[0m [[37m\support\fixtures\auth.fixture.ts:90[39m[0m[0m]FIXTURE 'page' (rozšířená): Volám 'use(page)' a předávám připravenou stránku testu...
2025[0m[0m-09[0m[0m-02[0m[0m 13[0m[0m:02[0m[0m:47[0m[0m.265[0m[0m [34m[1mINFO[22m[39m[0m[0m [[37m\tests\Regrese\Sestavy\Sestavy_regrese-LifeCylcle_API.spec.ts:36[39m[0m[0m]Spouštím test životního cyklu pro sestavu: 'T002 - Přehled odběrů podle řidiče'
2025[0m[0m-09[0m[0m-02[0m[0m 13[0m[0m:02[0m[0m:47[0m[0m.330[0m[0m [97m[1mTRACE[22m[39m[0m[0m [[37m\tests\Regrese\Sestavy\Sestavy_regrese-LifeCylcle_API.spec.ts:38[39m[0m[0m]Naviguji na domovskou stránku pro získání tokenu.
2025[0m[0m-09[0m[0m-02[0m[0m 13[0m[0m:02[0m[0m:47[0m[0m.343[0m[0m [97m[1mTRACE[22m[39m[0m[0m [[37m\tests\Regrese\Sestavy\Sestavy_regrese-LifeCylcle_API.spec.ts:41[39m[0m[0m]Autentizační token úspěšně získán.
2025[0m[0m-09[0m[0m-02[0m[0m 13[0m[0m:02[0m[0m:47[0m[0m.344[0m[0m [97m[1mTRACE[22m[39m[0m[0m [[37m\tests\Regrese\Sestavy\Sestavy_regrese-LifeCylcle_API.spec.ts:44[39m[0m[0m]ApiClient byl inicializován.
2025[0m[0m-09[0m[0m-02[0m[0m 13[0m[0m:02[0m[0m:47[0m[0m.345[0m[0m [97m[1mTRACE[22m[39m[0m[0m [[37m\tests\Regrese\Sestavy\Sestavy_regrese-LifeCylcle_API.spec.ts:48[39m[0m[0m]Inicializuji ReportBuilder pro sestavu 'T002 - Přehled odběrů podle řidiče'.
2025[0m[0m-09[0m[0m-02[0m[0m 13[0m[0m:02[0m[0m:47[0m[0m.347[0m[0m [97m[1mTRACE[22m[39m[0m[0m [[37m\tests\Regrese\Sestavy\Sestavy_regrese-LifeCylcle_API.spec.ts:49[39m[0m[0m]Vytvářím sestavu 'T002 - Přehled odběrů podle řidiče' s konfigurací: {"dateType":"dateRange"}
2025[0m[0m-09[0m[0m-02[0m[0m 13[0m[0m:02[0m[0m:47[0m[0m.348[0m[0m [32m[1mDEBUG[22m[39m[0m[0m [[37m\tests\Regrese\Sestavy\Sestavy_regrese-LifeCylcle_API.spec.ts:55[39m[0m[0m]Nastavuji časový rozsah (dateRange) pro sestavu 'T002 - Přehled odběrů podle řidiče'.
2025[0m[0m-09[0m[0m-02[0m[0m 13[0m[0m:02[0m[0m:47[0m[0m.349[0m[0m [32m[1mDEBUG[22m[39m[0m[0m [[37m\tests\Regrese\Sestavy\Sestavy_regrese-LifeCylcle_API.spec.ts:80[39m[0m[0m]Nastavuji příznak 'public' na 'true' pro sestavu 'T002 - Přehled odběrů podle řidiče'.
2025[0m[0m-09[0m[0m-02[0m[0m 13[0m[0m:02[0m[0m:47[0m[0m.351[0m[0m [97m[1mTRACE[22m[39m[0m[0m [[37m\support\ApiClient.ts:192[39m[0m[0m]Odesílaný PAYLOAD:
{
  "settings": {
    "availableFilters": [
      "stockId",
      "stkitmType",
      "grouping",
      "goodsOwnerId",
      "paidBy",
      "cardOwnerId",
      "cardIssuerId"
    ],
    "dateModelType": "range",
    "dateFrom": "2025-01-01T00:00:00.000Z",
    "dateTo": "2025-12-31T00:00:00.000Z",
    "stockId": [],
    "stkitmType": [],
    "grouping": [],
    "goodsOwnerId": [],
    "paidBy": [],
    "cardOwnerId": [],
    "cardIssuerId": [],
    "sort": "",
    "partnerId": [],
    "termId": []
  },
  "name": "T002 - Přehled odběrů podle řidiče",
  "public": true,
  "reportDefinitionId": "T002"
}
2025[0m[0m-09[0m[0m-02[0m[0m 13[0m[0m:02[0m[0m:47[0m[0m.442[0m[0m [97m[1mTRACE[22m[39m[0m[0m [[37m\tests\Regrese\Sestavy\Sestavy_regrese-LifeCylcle_API.spec.ts:85[39m[0m[0m]Požadavek na vytvoření sestavy 'T002 - Přehled odběrů podle řidiče' odeslán.
2025[0m[0m-09[0m[0m-02[0m[0m 13[0m[0m:02[0m[0m:47[0m[0m.443[0m[0m [97m[1mTRACE[22m[39m[0m[0m [[37m\support\ApiClient.ts:162[39m[0m[0m]Odesílám GET požadavek na /reports-api/listOfUsersReports/60193531 s parametry: {}
2025[0m[0m-09[0m[0m-02[0m[0m 13[0m[0m:02[0m[0m:47[0m[0m.521[0m[0m [97m[1mTRACE[22m[39m[0m[0m [[37m\tests\Regrese\Sestavy\Sestavy_regrese-LifeCylcle_API.spec.ts:88[39m[0m[0m]Získávám seznam všech uživatelských sestav pro ověření.
2025[0m[0m-09[0m[0m-02[0m[0m 13[0m[0m:02[0m[0m:47[0m[0m.521[0m[0m [34m[1mINFO[22m[39m[0m[0m [[37m\tests\Regrese\Sestavy\Sestavy_regrese-LifeCylcle_API.spec.ts:92[39m[0m[0m]Sestava 'T002 - Přehled odběrů podle řidiče' byla úspěšně vytvořena s ID: 2017.
2025[0m[0m-09[0m[0m-02[0m[0m 13[0m[0m:02[0m[0m:47[0m[0m.523[0m[0m [97m[1mTRACE[22m[39m[0m[0m [[37m\tests\Regrese\Sestavy\Sestavy_regrese-LifeCylcle_API.spec.ts:99[39m[0m[0m]Ověřuji, že počet položek (items) v sestavě 'T002 - Přehled odběrů podle řidiče' není null.
2025[0m[0m-09[0m[0m-02[0m[0m 13[0m[0m:02[0m[0m:47[0m[0m.524[0m[0m [34m[1mINFO[22m[39m[0m[0m [[37m\tests\Regrese\Sestavy\Sestavy_regrese-LifeCylcle_API.spec.ts:106[39m[0m[0m]Vytvořená sestava 'T002 - Přehled odběrů podle řidiče' (ID: 2017) obsahuje 8 položek.
2025[0m[0m-09[0m[0m-02[0m[0m 13[0m[0m:02[0m[0m:47[0m[0m.525[0m[0m [97m[1mTRACE[22m[39m[0m[0m [[37m\tests\Regrese\Sestavy\Sestavy_regrese-LifeCylcle_API.spec.ts:109[39m[0m[0m]Ověřuji, že sestava 'T002 - Přehled odběrů podle řidiče' je správně označena jako sdílená.
2025[0m[0m-09[0m[0m-02[0m[0m 13[0m[0m:02[0m[0m:47[0m[0m.526[0m[0m [34m[1mINFO[22m[39m[0m[0m [[37m\tests\Regrese\Sestavy\Sestavy_regrese-LifeCylcle_API.spec.ts:111[39m[0m[0m]Ověření příznaku sdílení pro sestavu "T002 - Přehled odběrů podle řidiče" je v pořádku.
2025[0m[0m-09[0m[0m-02[0m[0m 13[0m[0m:02[0m[0m:47[0m[0m.527[0m[0m [97m[1mTRACE[22m[39m[0m[0m [[37m\tests\Regrese\Sestavy\Sestavy_regrese-LifeCylcle_API.spec.ts:125[39m[0m[0m](FINALLY BLOCK) Zahajuji úklid pro sestavu 'T002 - Přehled odběrů podle řidiče' s ID: 2017.
2025[0m[0m-09[0m[0m-02[0m[0m 13[0m[0m:02[0m[0m:47[0m[0m.532[0m[0m [97m[1mTRACE[22m[39m[0m[0m [[37m\support\ApiClient.ts:211[39m[0m[0m]Odesílám DELETE požadavek na smazání sestavy: /reports-api/usersReports/2017
2025[0m[0m-09[0m[0m-02[0m[0m 13[0m[0m:02[0m[0m:47[0m[0m.559[0m[0m [97m[1mTRACE[22m[39m[0m[0m [[37m\tests\Regrese\Sestavy\Sestavy_regrese-LifeCylcle_API.spec.ts:129[39m[0m[0m]Požadavek na smazání sestavy 'T002 - Přehled odběrů podle řidiče' (ID: 2017) byl odeslán.
2025[0m[0m-09[0m[0m-02[0m[0m 13[0m[0m:02[0m[0m:47[0m[0m.559[0m[0m [97m[1mTRACE[22m[39m[0m[0m [[37m\tests\Regrese\Sestavy\Sestavy_regrese-LifeCylcle_API.spec.ts:131[39m[0m[0m]Ověřuji, že sestava (ID: 2017) byla skutečně smazána...
2025[0m[0m-09[0m[0m-02[0m[0m 13[0m[0m:02[0m[0m:47[0m[0m.560[0m[0m [97m[1mTRACE[22m[39m[0m[0m [[37m\support\ApiClient.ts:162[39m[0m[0m]Odesílám GET požadavek na /reports-api/listOfUsersReports/60193531 s parametry: {}
2025[0m[0m-09[0m[0m-02[0m[0m 13[0m[0m:02[0m[0m:47[0m[0m.613[0m[0m [34m[1mINFO[22m[39m[0m[0m [[37m\tests\Regrese\Sestavy\Sestavy_regrese-LifeCylcle_API.spec.ts:136[39m[0m[0m]Úklid úspěšný: Sestava 'T002 - Přehled odběrů podle řidiče' (ID: 2017) byla ověřitelně smazána ze serveru.
]]></system-out>
    </testcase>
    <testcase name="Cyklus pro všechny sestavy s dynamickým payloadem › TC-1242: Životní cyklus sestavy: T003 - Přehled odběrů podle vozidla, @regression @API @sestavy @high" classname="Regrese\Sestavy\Sestavy_regrese-LifeCylcle_API.spec.ts" time="1.538" id="TC-1242">
      <system-out><![CDATA[2025[0m[0m-09[0m[0m-02[0m[0m 13[0m[0m:02[0m[0m:47[0m[0m.695[0m[0m [97m[1mTRACE[22m[39m[0m[0m [[37m\support\fixtures\auth.fixture.ts:23[39m[0m[0m]FIXTURE 'authToken': Budu vytvářet nový request kontext...
2025[0m[0m-09[0m[0m-02[0m[0m 13[0m[0m:02[0m[0m:47[0m[0m.697[0m[0m [97m[1mTRACE[22m[39m[0m[0m [[37m\support\fixtures\auth.fixture.ts:25[39m[0m[0m]FIXTURE 'authToken': Request kontext vytvořen.
2025[0m[0m-09[0m[0m-02[0m[0m 13[0m[0m:02[0m[0m:47[0m[0m.697[0m[0m [97m[1mTRACE[22m[39m[0m[0m [[37m\support\fixtures\auth.fixture.ts:28[39m[0m[0m]{
  message: [32m"FIXTURE 'authToken': Odesílám POST request pro získání tokenu."[39m,
  url: [32m'http://192.168.130.239:8180/auth-api/user/authorization'[39m,
  data: [32m'eyJvcGVyYXRvciI6Ik1OX1RFVFNUX0FVVE9NQVQiLCJwYXNzd29yZCI6IjEifQ=='[39m
} Detail requestu
2025[0m[0m-09[0m[0m-02[0m[0m 13[0m[0m:02[0m[0m:48[0m[0m.326[0m[0m [97m[1mTRACE[22m[39m[0m[0m [[37m\support\fixtures\auth.fixture.ts:39[39m[0m[0m]FIXTURE 'authToken': Odpověď přijata se statusem 201.
2025[0m[0m-09[0m[0m-02[0m[0m 13[0m[0m:02[0m[0m:48[0m[0m.327[0m[0m [97m[1mTRACE[22m[39m[0m[0m [[37m\support\fixtures\auth.fixture.ts:60[39m[0m[0m]FIXTURE 'authToken': Získávám 'accessToken' z JSON odpovědi.
2025[0m[0m-09[0m[0m-02[0m[0m 13[0m[0m:02[0m[0m:48[0m[0m.329[0m[0m [97m[1mTRACE[22m[39m[0m[0m [[37m\support\fixtures\auth.fixture.ts:64[39m[0m[0m]FIXTURE 'authToken': Volám 'use(token)' a předávám token dál...
2025[0m[0m-09[0m[0m-02[0m[0m 13[0m[0m:02[0m[0m:48[0m[0m.330[0m[0m [97m[1mTRACE[22m[39m[0m[0m [[37m\support\fixtures\auth.fixture.ts:74[39m[0m[0m]FIXTURE 'page' (rozšířená): Budu vkládat inicializační skript pro nastavení localStorage...
2025[0m[0m-09[0m[0m-02[0m[0m 13[0m[0m:02[0m[0m:48[0m[0m.332[0m[0m [97m[1mTRACE[22m[39m[0m[0m [[37m\support\fixtures\auth.fixture.ts:84[39m[0m[0m]FIXTURE 'page' (rozšířená): Inicializační skript byl přidán.
2025[0m[0m-09[0m[0m-02[0m[0m 13[0m[0m:02[0m[0m:48[0m[0m.779[0m[0m [97m[1mTRACE[22m[39m[0m[0m [[37m\support\fixtures\auth.fixture.ts:88[39m[0m[0m]FIXTURE 'page' (rozšířená): Navigace na '/' dokončena.
2025[0m[0m-09[0m[0m-02[0m[0m 13[0m[0m:02[0m[0m:48[0m[0m.780[0m[0m [97m[1mTRACE[22m[39m[0m[0m [[37m\support\fixtures\auth.fixture.ts:90[39m[0m[0m]FIXTURE 'page' (rozšířená): Volám 'use(page)' a předávám připravenou stránku testu...
2025[0m[0m-09[0m[0m-02[0m[0m 13[0m[0m:02[0m[0m:48[0m[0m.781[0m[0m [34m[1mINFO[22m[39m[0m[0m [[37m\tests\Regrese\Sestavy\Sestavy_regrese-LifeCylcle_API.spec.ts:36[39m[0m[0m]Spouštím test životního cyklu pro sestavu: 'T003 - Přehled odběrů podle vozidla'
2025[0m[0m-09[0m[0m-02[0m[0m 13[0m[0m:02[0m[0m:48[0m[0m.850[0m[0m [97m[1mTRACE[22m[39m[0m[0m [[37m\tests\Regrese\Sestavy\Sestavy_regrese-LifeCylcle_API.spec.ts:38[39m[0m[0m]Naviguji na domovskou stránku pro získání tokenu.
2025[0m[0m-09[0m[0m-02[0m[0m 13[0m[0m:02[0m[0m:48[0m[0m.866[0m[0m [97m[1mTRACE[22m[39m[0m[0m [[37m\tests\Regrese\Sestavy\Sestavy_regrese-LifeCylcle_API.spec.ts:41[39m[0m[0m]Autentizační token úspěšně získán.
2025[0m[0m-09[0m[0m-02[0m[0m 13[0m[0m:02[0m[0m:48[0m[0m.867[0m[0m [97m[1mTRACE[22m[39m[0m[0m [[37m\tests\Regrese\Sestavy\Sestavy_regrese-LifeCylcle_API.spec.ts:44[39m[0m[0m]ApiClient byl inicializován.
2025[0m[0m-09[0m[0m-02[0m[0m 13[0m[0m:02[0m[0m:48[0m[0m.868[0m[0m [97m[1mTRACE[22m[39m[0m[0m [[37m\tests\Regrese\Sestavy\Sestavy_regrese-LifeCylcle_API.spec.ts:48[39m[0m[0m]Inicializuji ReportBuilder pro sestavu 'T003 - Přehled odběrů podle vozidla'.
2025[0m[0m-09[0m[0m-02[0m[0m 13[0m[0m:02[0m[0m:48[0m[0m.869[0m[0m [97m[1mTRACE[22m[39m[0m[0m [[37m\tests\Regrese\Sestavy\Sestavy_regrese-LifeCylcle_API.spec.ts:49[39m[0m[0m]Vytvářím sestavu 'T003 - Přehled odběrů podle vozidla' s konfigurací: {"dateType":"dateRange"}
2025[0m[0m-09[0m[0m-02[0m[0m 13[0m[0m:02[0m[0m:48[0m[0m.870[0m[0m [32m[1mDEBUG[22m[39m[0m[0m [[37m\tests\Regrese\Sestavy\Sestavy_regrese-LifeCylcle_API.spec.ts:55[39m[0m[0m]Nastavuji časový rozsah (dateRange) pro sestavu 'T003 - Přehled odběrů podle vozidla'.
2025[0m[0m-09[0m[0m-02[0m[0m 13[0m[0m:02[0m[0m:48[0m[0m.871[0m[0m [32m[1mDEBUG[22m[39m[0m[0m [[37m\tests\Regrese\Sestavy\Sestavy_regrese-LifeCylcle_API.spec.ts:80[39m[0m[0m]Nastavuji příznak 'public' na 'true' pro sestavu 'T003 - Přehled odběrů podle vozidla'.
2025[0m[0m-09[0m[0m-02[0m[0m 13[0m[0m:02[0m[0m:48[0m[0m.872[0m[0m [97m[1mTRACE[22m[39m[0m[0m [[37m\support\ApiClient.ts:192[39m[0m[0m]Odesílaný PAYLOAD:
{
  "settings": {
    "availableFilters": [
      "stockId",
      "stkitmType",
      "grouping",
      "goodsOwnerId",
      "paidBy",
      "cardOwnerId",
      "cardIssuerId"
    ],
    "dateModelType": "range",
    "dateFrom": "2025-01-01T00:00:00.000Z",
    "dateTo": "2025-12-31T00:00:00.000Z",
    "stockId": [],
    "stkitmType": [],
    "grouping": [],
    "goodsOwnerId": [],
    "paidBy": [],
    "cardOwnerId": [],
    "cardIssuerId": [],
    "sort": "",
    "partnerId": [],
    "termId": []
  },
  "name": "T003 - Přehled odběrů podle vozidla",
  "public": true,
  "reportDefinitionId": "T003"
}
2025[0m[0m-09[0m[0m-02[0m[0m 13[0m[0m:02[0m[0m:48[0m[0m.961[0m[0m [97m[1mTRACE[22m[39m[0m[0m [[37m\tests\Regrese\Sestavy\Sestavy_regrese-LifeCylcle_API.spec.ts:85[39m[0m[0m]Požadavek na vytvoření sestavy 'T003 - Přehled odběrů podle vozidla' odeslán.
2025[0m[0m-09[0m[0m-02[0m[0m 13[0m[0m:02[0m[0m:48[0m[0m.962[0m[0m [97m[1mTRACE[22m[39m[0m[0m [[37m\support\ApiClient.ts:162[39m[0m[0m]Odesílám GET požadavek na /reports-api/listOfUsersReports/60193531 s parametry: {}
2025[0m[0m-09[0m[0m-02[0m[0m 13[0m[0m:02[0m[0m:49[0m[0m.049[0m[0m [97m[1mTRACE[22m[39m[0m[0m [[37m\tests\Regrese\Sestavy\Sestavy_regrese-LifeCylcle_API.spec.ts:88[39m[0m[0m]Získávám seznam všech uživatelských sestav pro ověření.
2025[0m[0m-09[0m[0m-02[0m[0m 13[0m[0m:02[0m[0m:49[0m[0m.050[0m[0m [34m[1mINFO[22m[39m[0m[0m [[37m\tests\Regrese\Sestavy\Sestavy_regrese-LifeCylcle_API.spec.ts:92[39m[0m[0m]Sestava 'T003 - Přehled odběrů podle vozidla' byla úspěšně vytvořena s ID: 2018.
2025[0m[0m-09[0m[0m-02[0m[0m 13[0m[0m:02[0m[0m:49[0m[0m.052[0m[0m [97m[1mTRACE[22m[39m[0m[0m [[37m\tests\Regrese\Sestavy\Sestavy_regrese-LifeCylcle_API.spec.ts:99[39m[0m[0m]Ověřuji, že počet položek (items) v sestavě 'T003 - Přehled odběrů podle vozidla' není null.
2025[0m[0m-09[0m[0m-02[0m[0m 13[0m[0m:02[0m[0m:49[0m[0m.056[0m[0m [34m[1mINFO[22m[39m[0m[0m [[37m\tests\Regrese\Sestavy\Sestavy_regrese-LifeCylcle_API.spec.ts:106[39m[0m[0m]Vytvořená sestava 'T003 - Přehled odběrů podle vozidla' (ID: 2018) obsahuje 8 položek.
2025[0m[0m-09[0m[0m-02[0m[0m 13[0m[0m:02[0m[0m:49[0m[0m.057[0m[0m [97m[1mTRACE[22m[39m[0m[0m [[37m\tests\Regrese\Sestavy\Sestavy_regrese-LifeCylcle_API.spec.ts:109[39m[0m[0m]Ověřuji, že sestava 'T003 - Přehled odběrů podle vozidla' je správně označena jako sdílená.
2025[0m[0m-09[0m[0m-02[0m[0m 13[0m[0m:02[0m[0m:49[0m[0m.059[0m[0m [34m[1mINFO[22m[39m[0m[0m [[37m\tests\Regrese\Sestavy\Sestavy_regrese-LifeCylcle_API.spec.ts:111[39m[0m[0m]Ověření příznaku sdílení pro sestavu "T003 - Přehled odběrů podle vozidla" je v pořádku.
2025[0m[0m-09[0m[0m-02[0m[0m 13[0m[0m:02[0m[0m:49[0m[0m.060[0m[0m [97m[1mTRACE[22m[39m[0m[0m [[37m\tests\Regrese\Sestavy\Sestavy_regrese-LifeCylcle_API.spec.ts:125[39m[0m[0m](FINALLY BLOCK) Zahajuji úklid pro sestavu 'T003 - Přehled odběrů podle vozidla' s ID: 2018.
2025[0m[0m-09[0m[0m-02[0m[0m 13[0m[0m:02[0m[0m:49[0m[0m.065[0m[0m [97m[1mTRACE[22m[39m[0m[0m [[37m\support\ApiClient.ts:211[39m[0m[0m]Odesílám DELETE požadavek na smazání sestavy: /reports-api/usersReports/2018
2025[0m[0m-09[0m[0m-02[0m[0m 13[0m[0m:02[0m[0m:49[0m[0m.083[0m[0m [97m[1mTRACE[22m[39m[0m[0m [[37m\tests\Regrese\Sestavy\Sestavy_regrese-LifeCylcle_API.spec.ts:129[39m[0m[0m]Požadavek na smazání sestavy 'T003 - Přehled odběrů podle vozidla' (ID: 2018) byl odeslán.
2025[0m[0m-09[0m[0m-02[0m[0m 13[0m[0m:02[0m[0m:49[0m[0m.084[0m[0m [97m[1mTRACE[22m[39m[0m[0m [[37m\tests\Regrese\Sestavy\Sestavy_regrese-LifeCylcle_API.spec.ts:131[39m[0m[0m]Ověřuji, že sestava (ID: 2018) byla skutečně smazána...
2025[0m[0m-09[0m[0m-02[0m[0m 13[0m[0m:02[0m[0m:49[0m[0m.085[0m[0m [97m[1mTRACE[22m[39m[0m[0m [[37m\support\ApiClient.ts:162[39m[0m[0m]Odesílám GET požadavek na /reports-api/listOfUsersReports/60193531 s parametry: {}
2025[0m[0m-09[0m[0m-02[0m[0m 13[0m[0m:02[0m[0m:49[0m[0m.148[0m[0m [34m[1mINFO[22m[39m[0m[0m [[37m\tests\Regrese\Sestavy\Sestavy_regrese-LifeCylcle_API.spec.ts:136[39m[0m[0m]Úklid úspěšný: Sestava 'T003 - Přehled odběrů podle vozidla' (ID: 2018) byla ověřitelně smazána ze serveru.
]]></system-out>
    </testcase>
    <testcase name="Cyklus pro všechny sestavy s dynamickým payloadem › TC-1243: Životní cyklus sestavy: D002 - Přehled prodejů PHM pro FÚ, @regression @API @sestavy @high" classname="Regrese\Sestavy\Sestavy_regrese-LifeCylcle_API.spec.ts" time="1.643" id="TC-1243">
      <system-out><![CDATA[2025[0m[0m-09[0m[0m-02[0m[0m 13[0m[0m:02[0m[0m:49[0m[0m.228[0m[0m [97m[1mTRACE[22m[39m[0m[0m [[37m\support\fixtures\auth.fixture.ts:23[39m[0m[0m]FIXTURE 'authToken': Budu vytvářet nový request kontext...
2025[0m[0m-09[0m[0m-02[0m[0m 13[0m[0m:02[0m[0m:49[0m[0m.232[0m[0m [97m[1mTRACE[22m[39m[0m[0m [[37m\support\fixtures\auth.fixture.ts:25[39m[0m[0m]FIXTURE 'authToken': Request kontext vytvořen.
2025[0m[0m-09[0m[0m-02[0m[0m 13[0m[0m:02[0m[0m:49[0m[0m.235[0m[0m [97m[1mTRACE[22m[39m[0m[0m [[37m\support\fixtures\auth.fixture.ts:28[39m[0m[0m]{
  message: [32m"FIXTURE 'authToken': Odesílám POST request pro získání tokenu."[39m,
  url: [32m'http://192.168.130.239:8180/auth-api/user/authorization'[39m,
  data: [32m'eyJvcGVyYXRvciI6Ik1OX1RFVFNUX0FVVE9NQVQiLCJwYXNzd29yZCI6IjEifQ=='[39m
} Detail requestu
2025[0m[0m-09[0m[0m-02[0m[0m 13[0m[0m:02[0m[0m:49[0m[0m.914[0m[0m [97m[1mTRACE[22m[39m[0m[0m [[37m\support\fixtures\auth.fixture.ts:39[39m[0m[0m]FIXTURE 'authToken': Odpověď přijata se statusem 201.
[...]
2025[0m[0m-09[0m[0m-02[0m[0m 13[0m[0m:02[0m[0m:57[0m[0m.519[0m[0m [34m[1mINFO[22m[39m[0m[0m [[37m\tests\Regrese\Sestavy\Sestavy_regrese-LifeCylcle_API.spec.ts:111[39m[0m[0m]Ověření příznaku sdílení pro sestavu "D004 - Přehled smazaných položek účtenek" je v pořádku.
2025[0m[0m-09[0m[0m-02[0m[0m 13[0m[0m:02[0m[0m:57[0m[0m.520[0m[0m [97m[1mTRACE[22m[39m[0m[0m [[37m\tests\Regrese\Sestavy\Sestavy_regrese-LifeCylcle_API.spec.ts:125[39m[0m[0m](FINALLY BLOCK) Zahajuji úklid pro sestavu 'D004 - Přehled smazaných položek účtenek' s ID: 2023.
2025[0m[0m-09[0m[0m-02[0m[0m 13[0m[0m:02[0m[0m:57[0m[0m.523[0m[0m [97m[1mTRACE[22m[39m[0m[0m [[37m\support\ApiClient.ts:211[39m[0m[0m]Odesílám DELETE požadavek na smazání sestavy: /reports-api/usersReports/2023
2025[0m[0m-09[0m[0m-02[0m[0m 13[0m[0m:02[0m[0m:57[0m[0m.542[0m[0m [97m[1mTRACE[22m[39m[0m[0m [[37m\tests\Regrese\Sestavy\Sestavy_regrese-LifeCylcle_API.spec.ts:129[39m[0m[0m]Požadavek na smazání sestavy 'D004 - Přehled smazaných položek účtenek' (ID: 2023) byl odeslán.
2025[0m[0m-09[0m[0m-02[0m[0m 13[0m[0m:02[0m[0m:57[0m[0m.544[0m[0m [97m[1mTRACE[22m[39m[0m[0m [[37m\tests\Regrese\Sestavy\Sestavy_regrese-LifeCylcle_API.spec.ts:131[39m[0m[0m]Ověřuji, že sestava (ID: 2023) byla skutečně smazána...
2025[0m[0m-09[0m[0m-02[0m[0m 13[0m[0m:02[0m[0m:57[0m[0m.547[0m[0m [97m[1mTRACE[22m[39m[0m[0m [[37m\support\ApiClient.ts:162[39m[0m[0m]Odesílám GET požadavek na /reports-api/listOfUsersReports/60193531 s parametry: {}
2025[0m[0m-09[0m[0m-02[0m[0m 13[0m[0m:02[0m[0m:57[0m[0m.626[0m[0m [34m[1mINFO[22m[39m[0m[0m [[37m\tests\Regrese\Sestavy\Sestavy_regrese-LifeCylcle_API.spec.ts:136[39m[0m[0m]Úklid úspěšný: Sestava 'D004 - Přehled smazaných položek účtenek' (ID: 2023) byla ověřitelně smazána ze serveru.
]]></system-out>
    </testcase>
    <testcase name="Cyklus pro všechny sestavy s dynamickým payloadem › TC-1248: Životní cyklus sestavy: D006 - Export položek pokladních dokladů, @regression @API @sestavy @high" classname="Regrese\Sestavy\Sestavy_regrese-LifeCylcle_API.spec.ts" time="9.576" id="TC-1248">
      <system-out><![CDATA[2025[0m[0m-09[0m[0m-02[0m[0m 13[0m[0m:02[0m[0m:57[0m[0m.724[0m[0m [97m[1mTRACE[22m[39m[0m[0m [[37m\support\fixtures\auth.fixture.ts:23[39m[0m[0m]FIXTURE 'authToken': Budu vytvářet nový request kontext...
2025[0m[0m-09[0m[0m-02[0m[0m 13[0m[0m:02[0m[0m:57[0m[0m.726[0m[0m [97m[1mTRACE[22m[39m[0m[0m [[37m\support\fixtures\auth.fixture.ts:25[39m[0m[0m]FIXTURE 'authToken': Request kontext vytvořen.
2025[0m[0m-09[0m[0m-02[0m[0m 13[0m[0m:02[0m[0m:57[0m[0m.727[0m[0m [97m[1mTRACE[22m[39m[0m[0m [[37m\support\fixtures\auth.fixture.ts:28[39m[0m[0m]{
  message: [32m"FIXTURE 'authToken': Odesílám POST request pro získání tokenu."[39m,
  url: [32m'http://192.168.130.239:8180/auth-api/user/authorization'[39m,
  data: [32m'eyJvcGVyYXRvciI6Ik1OX1RFVFNUX0FVVE9NQVQiLCJwYXNzd29yZCI6IjEifQ=='[39m
} Detail requestu
2025[0m[0m-09[0m[0m-02[0m[0m 13[0m[0m:02[0m[0m:58[0m[0m.342[0m[0m [97m[1mTRACE[22m[39m[0m[0m [[37m\support\fixtures\auth.fixture.ts:39[39m[0m[0m]FIXTURE 'authToken': Odpověď přijata se statusem 201.
2025[0m[0m-09[0m[0m-02[0m[0m 13[0m[0m:02[0m[0m:58[0m[0m.345[0m[0m [97m[1mTRACE[22m[39m[0m[0m [[37m\support\fixtures\auth.fixture.ts:60[39m[0m[0m]FIXTURE 'authToken': Získávám 'accessToken' z JSON odpovědi.
2025[0m[0m-09[0m[0m-02[0m[0m 13[0m[0m:02[0m[0m:58[0m[0m.347[0m[0m [97m[1mTRACE[22m[39m[0m[0m [[37m\support\fixtures\auth.fixture.ts:64[39m[0m[0m]FIXTURE 'authToken': Volám 'use(token)' a předávám token dál...
2025[0m[0m-09[0m[0m-02[0m[0m 13[0m[0m:02[0m[0m:58[0m[0m.349[0m[0m [97m[1mTRACE[22m[39m[0m[0m [[37m\support\fixtures\auth.fixture.ts:74[39m[0m[0m]FIXTURE 'page' (rozšířená): Budu vkládat inicializační skript pro nastavení localStorage...
2025[0m[0m-09[0m[0m-02[0m[0m 13[0m[0m:02[0m[0m:58[0m[0m.354[0m[0m [97m[1mTRACE[22m[39m[0m[0m [[37m\support\fixtures\auth.fixture.ts:84[39m[0m[0m]FIXTURE 'page' (rozšířená): Inicializační skript byl přidán.
2025[0m[0m-09[0m[0m-02[0m[0m 13[0m[0m:02[0m[0m:58[0m[0m.894[0m[0m [97m[1mTRACE[22m[39m[0m[0m [[37m\support\fixtures\auth.fixture.ts:88[39m[0m[0m]FIXTURE 'page' (rozšířená): Navigace na '/' dokončena.
2025[0m[0m-09[0m[0m-02[0m[0m 13[0m[0m:02[0m[0m:58[0m[0m.895[0m[0m [97m[1mTRACE[22m[39m[0m[0m [[37m\support\fixtures\auth.fixture.ts:90[39m[0m[0m]FIXTURE 'page' (rozšířená): Volám 'use(page)' a předávám připravenou stránku testu...
2025[0m[0m-09[0m[0m-02[0m[0m 13[0m[0m:02[0m[0m:58[0m[0m.896[0m[0m [34m[1mINFO[22m[39m[0m[0m [[37m\tests\Regrese\Sestavy\Sestavy_regrese-LifeCylcle_API.spec.ts:36[39m[0m[0m]Spouštím test životního cyklu pro sestavu: 'D006 - Export položek pokladních dokladů'
2025[0m[0m-09[0m[0m-02[0m[0m 13[0m[0m:02[0m[0m:58[0m[0m.975[0m[0m [97m[1mTRACE[22m[39m[0m[0m [[37m\tests\Regrese\Sestavy\Sestavy_regrese-LifeCylcle_API.spec.ts:38[39m[0m[0m]Naviguji na domovskou stránku pro získání tokenu.
2025[0m[0m-09[0m[0m-02[0m[0m 13[0m[0m:02[0m[0m:58[0m[0m.988[0m[0m [97m[1mTRACE[22m[39m[0m[0m [[37m\tests\Regrese\Sestavy\Sestavy_regrese-LifeCylcle_API.spec.ts:41[39m[0m[0m]Autentizační token úspěšně získán.
2025[0m[0m-09[0m[0m-02[0m[0m 13[0m[0m:02[0m[0m:58[0m[0m.989[0m[0m [97m[1mTRACE[22m[39m[0m[0m [[37m\tests\Regrese\Sestavy\Sestavy_regrese-LifeCylcle_API.spec.ts:44[39m[0m[0m]ApiClient byl inicializován.
2025[0m[0m-09[0m[0m-02[0m[0m 13[0m[0m:02[0m[0m:58[0m[0m.991[0m[0m [97m[1mTRACE[22m[39m[0m[0m [[37m\tests\Regrese\Sestavy\Sestavy_regrese-LifeCylcle_API.spec.ts:48[39m[0m[0m]Inicializuji ReportBuilder pro sestavu 'D006 - Export položek pokladních dokladů'.
2025[0m[0m-09[0m[0m-02[0m[0m 13[0m[0m:02[0m[0m:58[0m[0m.992[0m[0m [97m[1mTRACE[22m[39m[0m[0m [[37m\tests\Regrese\Sestavy\Sestavy_regrese-LifeCylcle_API.spec.ts:49[39m[0m[0m]Vytvářím sestavu 'D006 - Export položek pokladních dokladů' s konfigurací: {"dateType":"rangeFromOnly","stockIds":[230]}
2025[0m[0m-09[0m[0m-02[0m[0m 13[0m[0m:02[0m[0m:58[0m[0m.993[0m[0m [32m[1mDEBUG[22m[39m[0m[0m [[37m\tests\Regrese\Sestavy\Sestavy_regrese-LifeCylcle_API.spec.ts:63[39m[0m[0m]Nastavuji časový rozsah od (rangeFromOnly) pro sestavu 'D006 - Export položek pokladních dokladů'.
2025[0m[0m-09[0m[0m-02[0m[0m 13[0m[0m:02[0m[0m:58[0m[0m.995[0m[0m [32m[1mDEBUG[22m[39m[0m[0m [[37m\tests\Regrese\Sestavy\Sestavy_regrese-LifeCylcle_API.spec.ts:74[39m[0m[0m]Přidávám skladový filtr s ID: [230] pro sestavu 'D006 - Export položek pokladních dokladů'.
2025[0m[0m-09[0m[0m-02[0m[0m 13[0m[0m:02[0m[0m:58[0m[0m.996[0m[0m [32m[1mDEBUG[22m[39m[0m[0m [[37m\tests\Regrese\Sestavy\Sestavy_regrese-LifeCylcle_API.spec.ts:80[39m[0m[0m]Nastavuji příznak 'public' na 'true' pro sestavu 'D006 - Export položek pokladních dokladů'.
2025[0m[0m-09[0m[0m-02[0m[0m 13[0m[0m:02[0m[0m:58[0m[0m.998[0m[0m [97m[1mTRACE[22m[39m[0m[0m [[37m\support\ApiClient.ts:192[39m[0m[0m]Odesílaný PAYLOAD:
{
  "settings": {
    "availableFilters": [
      "stockId",
      "stkitmType",
      "grouping",
      "goodsOwnerId",
      "paidBy",
      "cardOwnerId",
      "cardIssuerId"
    ],
    "dateModelType": "range",
    "dateFrom": "2025-06-30T22:00:00.000Z",
    "dateTo": null,
    "stockId": [
      230
    ],
    "stkitmType": [],
    "grouping": [],
    "goodsOwnerId": [],
    "paidBy": [],
    "cardOwnerId": [],
    "cardIssuerId": [],
    "sort": "",
    "partnerId": [],
    "termId": []
  },
  "name": "D006 - Export položek pokladních dokladů",
  "public": true,
  "reportDefinitionId": "D006"
}
2025[0m[0m-09[0m[0m-02[0m[0m 13[0m[0m:03[0m[0m:06[0m[0m.962[0m[0m [97m[1mTRACE[22m[39m[0m[0m [[37m\tests\Regrese\Sestavy\Sestavy_regrese-LifeCylcle_API.spec.ts:85[39m[0m[0m]Požadavek na vytvoření sestavy 'D006 - Export položek pokladních dokladů' odeslán.
2025[0m[0m-09[0m[0m-02[0m[0m 13[0m[0m:03[0m[0m:06[0m[0m.963[0m[0m [97m[1mTRACE[22m[39m[0m[0m [[37m\support\ApiClient.ts:162[39m[0m[0m]Odesílám GET požadavek na /reports-api/listOfUsersReports/60193531 s parametry: {}
2025[0m[0m-09[0m[0m-02[0m[0m 13[0m[0m:03[0m[0m:07[0m[0m.037[0m[0m [97m[1mTRACE[22m[39m[0m[0m [[37m\tests\Regrese\Sestavy\Sestavy_regrese-LifeCylcle_API.spec.ts:88[39m[0m[0m]Získávám seznam všech uživatelských sestav pro ověření.
2025[0m[0m-09[0m[0m-02[0m[0m 13[0m[0m:03[0m[0m:07[0m[0m.038[0m[0m [34m[1mINFO[22m[39m[0m[0m [[37m\tests\Regrese\Sestavy\Sestavy_regrese-LifeCylcle_API.spec.ts:92[39m[0m[0m]Sestava 'D006 - Export položek pokladních dokladů' byla úspěšně vytvořena s ID: 2024.
2025[0m[0m-09[0m[0m-02[0m[0m 13[0m[0m:03[0m[0m:07[0m[0m.039[0m[0m [97m[1mTRACE[22m[39m[0m[0m [[37m\tests\Regrese\Sestavy\Sestavy_regrese-LifeCylcle_API.spec.ts:99[39m[0m[0m]Ověřuji, že počet položek (items) v sestavě 'D006 - Export položek pokladních dokladů' není null.
2025[0m[0m-09[0m[0m-02[0m[0m 13[0m[0m:03[0m[0m:07[0m[0m.042[0m[0m [34m[1mINFO[22m[39m[0m[0m [[37m\tests\Regrese\Sestavy\Sestavy_regrese-LifeCylcle_API.spec.ts:106[39m[0m[0m]Vytvořená sestava 'D006 - Export položek pokladních dokladů' (ID: 2024) obsahuje 151916 položek.
2025[0m[0m-09[0m[0m-02[0m[0m 13[0m[0m:03[0m[0m:07[0m[0m.044[0m[0m [97m[1mTRACE[22m[39m[0m[0m [[37m\tests\Regrese\Sestavy\Sestavy_regrese-LifeCylcle_API.spec.ts:109[39m[0m[0m]Ověřuji, že sestava 'D006 - Export položek pokladních dokladů' je správně označena jako sdílená.
2025[0m[0m-09[0m[0m-02[0m[0m 13[0m[0m:03[0m[0m:07[0m[0m.046[0m[0m [34m[1mINFO[22m[39m[0m[0m [[37m\tests\Regrese\Sestavy\Sestavy_regrese-LifeCylcle_API.spec.ts:111[39m[0m[0m]Ověření příznaku sdílení pro sestavu "D006 - Export položek pokladních dokladů" je v pořádku.
2025[0m[0m-09[0m[0m-02[0m[0m 13[0m[0m:03[0m[0m:07[0m[0m.048[0m[0m [97m[1mTRACE[22m[39m[0m[0m [[37m\tests\Regrese\Sestavy\Sestavy_regrese-LifeCylcle_API.spec.ts:125[39m[0m[0m](FINALLY BLOCK) Zahajuji úklid pro sestavu 'D006 - Export položek pokladních dokladů' s ID: 2024.
2025[0m[0m-09[0m[0m-02[0m[0m 13[0m[0m:03[0m[0m:07[0m[0m.053[0m[0m [97m[1mTRACE[22m[39m[0m[0m [[37m\support\ApiClient.ts:211[39m[0m[0m]Odesílám DELETE požadavek na smazání sestavy: /reports-api/usersReports/2024
2025[0m[0m-09[0m[0m-02[0m[0m 13[0m[0m:03[0m[0m:07[0m[0m.075[0m[0m [97m[1mTRACE[22m[39m[0m[0m [[37m\tests\Regrese\Sestavy\Sestavy_regrese-LifeCylcle_API.spec.ts:129[39m[0m[0m]Požadavek na smazání sestavy 'D006 - Export položek pokladních dokladů' (ID: 2024) byl odeslán.
2025[0m[0m-09[0m[0m-02[0m[0m 13[0m[0m:03[0m[0m:07[0m[0m.076[0m[0m [97m[1mTRACE[22m[39m[0m[0m [[37m\tests\Regrese\Sestavy\Sestavy_regrese-LifeCylcle_API.spec.ts:131[39m[0m[0m]Ověřuji, že sestava (ID: 2024) byla skutečně smazána...
2025[0m[0m-09[0m[0m-02[0m[0m 13[0m[0m:03[0m[0m:07[0m[0m.079[0m[0m [97m[1mTRACE[22m[39m[0m[0m [[37m\support\ApiClient.ts:162[39m[0m[0m]Odesílám GET požadavek na /reports-api/listOfUsersReports/60193531 s parametry: {}
2025[0m[0m-09[0m[0m-02[0m[0m 13[0m[0m:03[0m[0m:07[0m[0m.206[0m[0m [34m[1mINFO[22m[39m[0m[0m [[37m\tests\Regrese\Sestavy\Sestavy_regrese-LifeCylcle_API.spec.ts:136[39m[0m[0m]Úklid úspěšný: Sestava 'D006 - Export položek pokladních dokladů' (ID: 2024) byla ověřitelně smazána ze serveru.
]]></system-out>
    </testcase>
    <testcase name="Cyklus pro všechny sestavy s dynamickým payloadem › TC-1341: Životní cyklus sestavy:  S005: Přehled minimální zásoby skladových karet, @regression @API @sestavy @high" classname="Regrese\Sestavy\Sestavy_regrese-LifeCylcle_API.spec.ts" time="1.583" id="TC-1341">
      <system-out><![CDATA[2025[0m[0m-09[0m[0m-02[0m[0m 13[0m[0m:03[0m[0m:07[0m[0m.278[0m[0m [97m[1mTRACE[22m[39m[0m[0m [[37m\support\fixtures\auth.fixture.ts:23[39m[0m[0m]FIXTURE 'authToken': Budu vytvářet nový request kontext...
2025[0m[0m-09[0m[0m-02[0m[0m 13[0m[0m:03[0m[0m:07[0m[0m.280[0m[0m [97m[1mTRACE[22m[39m[0m[0m [[37m\support\fixtures\auth.fixture.ts:25[39m[0m[0m]FIXTURE 'authToken': Request kontext vytvořen.
2025[0m[0m-09[0m[0m-02[0m[0m 13[0m[0m:03[0m[0m:07[0m[0m.280[0m[0m [97m[1mTRACE[22m[39m[0m[0m [[37m\support\fixtures\auth.fixture.ts:28[39m[0m[0m]{
  message: [32m"FIXTURE 'authToken': Odesílám POST request pro získání tokenu."[39m,
  url: [32m'http://192.168.130.239:8180/auth-api/user/authorization'[39m,
  data: [32m'eyJvcGVyYXRvciI6Ik1OX1RFVFNUX0FVVE9NQVQiLCJwYXNzd29yZCI6IjEifQ=='[39m
} Detail requestu
2025[0m[0m-09[0m[0m-02[0m[0m 13[0m[0m:03[0m[0m:07[0m[0m.943[0m[0m [97m[1mTRACE[22m[39m[0m[0m [[37m\support\fixtures\auth.fixture.ts:39[39m[0m[0m]FIXTURE 'authToken': Odpověď přijata se statusem 201.
2025[0m[0m-09[0m[0m-02[0m[0m 13[0m[0m:03[0m[0m:07[0m[0m.945[0m[0m [97m[1mTRACE[22m[39m[0m[0m [[37m\support\fixtures\auth.fixture.ts:60[39m[0m[0m]FIXTURE 'authToken': Získávám 'accessToken' z JSON odpovědi.
2025[0m[0m-09[0m[0m-02[0m[0m 13[0m[0m:03[0m[0m:07[0m[0m.948[0m[0m [97m[1mTRACE[22m[39m[0m[0m [[37m\support\fixtures\auth.fixture.ts:64[39m[0m[0m]FIXTURE 'authToken': Volám 'use(token)' a předávám token dál...
2025[0m[0m-09[0m[0m-02[0m[0m 13[0m[0m:03[0m[0m:07[0m[0m.949[0m[0m [97m[1mTRACE[22m[39m[0m[0m [[37m\support\fixtures\auth.fixture.ts:74[39m[0m[0m]FIXTURE 'page' (rozšířená): Budu vkládat inicializační skript pro nastavení localStorage...
2025[0m[0m-09[0m[0m-02[0m[0m 13[0m[0m:03[0m[0m:07[0m[0m.955[0m[0m [97m[1mTRACE[22m[39m[0m[0m [[37m\support\fixtures\auth.fixture.ts:84[39m[0m[0m]FIXTURE 'page' (rozšířená): Inicializační skript byl přidán.
2025[0m[0m-09[0m[0m-02[0m[0m 13[0m[0m:03[0m[0m:08[0m[0m.435[0m[0m [97m[1mTRACE[22m[39m[0m[0m [[37m\support\fixtures\auth.fixture.ts:88[39m[0m[0m]FIXTURE 'page' (rozšířená): Navigace na '/' dokončena.
2025[0m[0m-09[0m[0m-02[0m[0m 13[0m[0m:03[0m[0m:08[0m[0m.436[0m[0m [97m[1mTRACE[22m[39m[0m[0m [[37m\support\fixtures\auth.fixture.ts:90[39m[0m[0m]FIXTURE 'page' (rozšířená): Volám 'use(page)' a předávám připravenou stránku testu...
2025[0m[0m-09[0m[0m-02[0m[0m 13[0m[0m:03[0m[0m:08[0m[0m.438[0m[0m [34m[1mINFO[22m[39m[0m[0m [[37m\tests\Regrese\Sestavy\Sestavy_regrese-LifeCylcle_API.spec.ts:36[39m[0m[0m]Spouštím test životního cyklu pro sestavu: ' S005: Přehled minimální zásoby skladových karet'
2025[0m[0m-09[0m[0m-02[0m[0m 13[0m[0m:03[0m[0m:08[0m[0m.505[0m[0m [97m[1mTRACE[22m[39m[0m[0m [[37m\tests\Regrese\Sestavy\Sestavy_regrese-LifeCylcle_API.spec.ts:38[39m[0m[0m]Naviguji na domovskou stránku pro získání tokenu.
2025[0m[0m-09[0m[0m-02[0m[0m 13[0m[0m:03[0m[0m:08[0m[0m.518[0m[0m [97m[1mTRACE[22m[39m[0m[0m [[37m\tests\Regrese\Sestavy\Sestavy_regrese-LifeCylcle_API.spec.ts:41[39m[0m[0m]Autentizační token úspěšně získán.
2025[0m[0m-09[0m[0m-02[0m[0m 13[0m[0m:03[0m[0m:08[0m[0m.518[0m[0m [97m[1mTRACE[22m[39m[0m[0m [[37m\tests\Regrese\Sestavy\Sestavy_regrese-LifeCylcle_API.spec.ts:44[39m[0m[0m]ApiClient byl inicializován.
2025[0m[0m-09[0m[0m-02[0m[0m 13[0m[0m:03[0m[0m:08[0m[0m.520[0m[0m [97m[1mTRACE[22m[39m[0m[0m [[37m\tests\Regrese\Sestavy\Sestavy_regrese-LifeCylcle_API.spec.ts:48[39m[0m[0m]Inicializuji ReportBuilder pro sestavu ' S005: Přehled minimální zásoby skladových karet'.
2025[0m[0m-09[0m[0m-02[0m[0m 13[0m[0m:03[0m[0m:08[0m[0m.521[0m[0m [97m[1mTRACE[22m[39m[0m[0m [[37m\tests\Regrese\Sestavy\Sestavy_regrese-LifeCylcle_API.spec.ts:49[39m[0m[0m]Vytvářím sestavu ' S005: Přehled minimální zásoby skladových karet' s konfigurací: {"stockIds":[230]}
2025[0m[0m-09[0m[0m-02[0m[0m 13[0m[0m:03[0m[0m:08[0m[0m.522[0m[0m [32m[1mDEBUG[22m[39m[0m[0m [[37m\tests\Regrese\Sestavy\Sestavy_regrese-LifeCylcle_API.spec.ts:74[39m[0m[0m]Přidávám skladový filtr s ID: [230] pro sestavu ' S005: Přehled minimální zásoby skladových karet'.
2025[0m[0m-09[0m[0m-02[0m[0m 13[0m[0m:03[0m[0m:08[0m[0m.523[0m[0m [32m[1mDEBUG[22m[39m[0m[0m [[37m\tests\Regrese\Sestavy\Sestavy_regrese-LifeCylcle_API.spec.ts:80[39m[0m[0m]Nastavuji příznak 'public' na 'true' pro sestavu ' S005: Přehled minimální zásoby skladových karet'.
2025[0m[0m-09[0m[0m-02[0m[0m 13[0m[0m:03[0m[0m:08[0m[0m.525[0m[0m [97m[1mTRACE[22m[39m[0m[0m [[37m\support\ApiClient.ts:192[39m[0m[0m]Odesílaný PAYLOAD:
{
  "settings": {
    "availableFilters": [
      "stockId",
      "stkitmType",
      "grouping",
      "goodsOwnerId",
      "paidBy",
      "cardOwnerId",
      "cardIssuerId"
    ],
    "stockId": [
      230
    ],
    "stkitmType": [],
    "grouping": [],
    "goodsOwnerId": [],
    "paidBy": [],
    "cardOwnerId": [],
    "cardIssuerId": [],
    "sort": "",
    "partnerId": [],
    "termId": []
  },
  "name": " S005: Přehled minimální zásoby skladových karet",
  "public": true,
  "reportDefinitionId": "S005"
}
2025[0m[0m-09[0m[0m-02[0m[0m 13[0m[0m:03[0m[0m:08[0m[0m.628[0m[0m [97m[1mTRACE[22m[39m[0m[0m [[37m\tests\Regrese\Sestavy\Sestavy_regrese-LifeCylcle_API.spec.ts:85[39m[0m[0m]Požadavek na vytvoření sestavy ' S005: Přehled minimální zásoby skladových karet' odeslán.
2025[0m[0m-09[0m[0m-02[0m[0m 13[0m[0m:03[0m[0m:08[0m[0m.630[0m[0m [97m[1mTRACE[22m[39m[0m[0m [[37m\support\ApiClient.ts:162[39m[0m[0m]Odesílám GET požadavek na /reports-api/listOfUsersReports/60193531 s parametry: {}
2025[0m[0m-09[0m[0m-02[0m[0m 13[0m[0m:03[0m[0m:08[0m[0m.694[0m[0m [97m[1mTRACE[22m[39m[0m[0m [[37m\tests\Regrese\Sestavy\Sestavy_regrese-LifeCylcle_API.spec.ts:88[39m[0m[0m]Získávám seznam všech uživatelských sestav pro ověření.
2025[0m[0m-09[0m[0m-02[0m[0m 13[0m[0m:03[0m[0m:08[0m[0m.694[0m[0m [34m[1mINFO[22m[39m[0m[0m [[37m\tests\Regrese\Sestavy\Sestavy_regrese-LifeCylcle_API.spec.ts:92[39m[0m[0m]Sestava ' S005: Přehled minimální zásoby skladových karet' byla úspěšně vytvořena s ID: 2025.
2025[0m[0m-09[0m[0m-02[0m[0m 13[0m[0m:03[0m[0m:08[0m[0m.695[0m[0m [97m[1mTRACE[22m[39m[0m[0m [[37m\tests\Regrese\Sestavy\Sestavy_regrese-LifeCylcle_API.spec.ts:99[39m[0m[0m]Ověřuji, že počet položek (items) v sestavě ' S005: Přehled minimální zásoby skladových karet' není null.
2025[0m[0m-09[0m[0m-02[0m[0m 13[0m[0m:03[0m[0m:08[0m[0m.697[0m[0m [34m[1mINFO[22m[39m[0m[0m [[37m\tests\Regrese\Sestavy\Sestavy_regrese-LifeCylcle_API.spec.ts:106[39m[0m[0m]Vytvořená sestava ' S005: Přehled minimální zásoby skladových karet' (ID: 2025) obsahuje 24 položek.
2025[0m[0m-09[0m[0m-02[0m[0m 13[0m[0m:03[0m[0m:08[0m[0m.697[0m[0m [97m[1mTRACE[22m[39m[0m[0m [[37m\tests\Regrese\Sestavy\Sestavy_regrese-LifeCylcle_API.spec.ts:109[39m[0m[0m]Ověřuji, že sestava ' S005: Přehled minimální zásoby skladových karet' je správně označena jako sdílená.
2025[0m[0m-09[0m[0m-02[0m[0m 13[0m[0m:03[0m[0m:08[0m[0m.699[0m[0m [34m[1mINFO[22m[39m[0m[0m [[37m\tests\Regrese\Sestavy\Sestavy_regrese-LifeCylcle_API.spec.ts:111[39m[0m[0m]Ověření příznaku sdílení pro sestavu " S005: Přehled minimální zásoby skladových karet" je v pořádku.
2025[0m[0m-09[0m[0m-02[0m[0m 13[0m[0m:03[0m[0m:08[0m[0m.699[0m[0m [97m[1mTRACE[22m[39m[0m[0m [[37m\tests\Regrese\Sestavy\Sestavy_regrese-LifeCylcle_API.spec.ts:125[39m[0m[0m](FINALLY BLOCK) Zahajuji úklid pro sestavu ' S005: Přehled minimální zásoby skladových karet' s ID: 2025.
2025[0m[0m-09[0m[0m-02[0m[0m 13[0m[0m:03[0m[0m:08[0m[0m.703[0m[0m [97m[1mTRACE[22m[39m[0m[0m [[37m\support\ApiClient.ts:211[39m[0m[0m]Odesílám DELETE požadavek na smazání sestavy: /reports-api/usersReports/2025
2025[0m[0m-09[0m[0m-02[0m[0m 13[0m[0m:03[0m[0m:08[0m[0m.729[0m[0m [97m[1mTRACE[22m[39m[0m[0m [[37m\tests\Regrese\Sestavy\Sestavy_regrese-LifeCylcle_API.spec.ts:129[39m[0m[0m]Požadavek na smazání sestavy ' S005: Přehled minimální zásoby skladových karet' (ID: 2025) byl odeslán.
2025[0m[0m-09[0m[0m-02[0m[0m 13[0m[0m:03[0m[0m:08[0m[0m.730[0m[0m [97m[1mTRACE[22m[39m[0m[0m [[37m\tests\Regrese\Sestavy\Sestavy_regrese-LifeCylcle_API.spec.ts:131[39m[0m[0m]Ověřuji, že sestava (ID: 2025) byla skutečně smazána...
2025[0m[0m-09[0m[0m-02[0m[0m 13[0m[0m:03[0m[0m:08[0m[0m.731[0m[0m [97m[1mTRACE[22m[39m[0m[0m [[37m\support\ApiClient.ts:162[39m[0m[0m]Odesílám GET požadavek na /reports-api/listOfUsersReports/60193531 s parametry: {}
2025[0m[0m-09[0m[0m-02[0m[0m 13[0m[0m:03[0m[0m:08[0m[0m.798[0m[0m [34m[1mINFO[22m[39m[0m[0m [[37m\tests\Regrese\Sestavy\Sestavy_regrese-LifeCylcle_API.spec.ts:136[39m[0m[0m]Úklid úspěšný: Sestava ' S005: Přehled minimální zásoby skladových karet' (ID: 2025) byla ověřitelně smazána ze serveru.
]]></system-out>
    </testcase>
  </testsuite>
</testsuites>