<testsuites id="" name="" tests="1" failures="0" skipped="0" errors="0" time="1.696879">
  <testsuite name="Smoke\Smoke_All_Gets_api.spec.ts" timestamp="2025-11-11T09:03:02.092Z" hostname="API" tests="1" failures="0" skipped="0" time="0.706" errors="0">
    <testcase name="API Smoke Tests - GET Endpoints › Authenticated GETs from JSON › TC-047: Endpoint &quot;GET /reports-api/listOfEuroOilCardRequests - Serznam Přehled žádostí o EuroOil karty řazeno podle Čísla žádosti&quot; @api @smoke @high @eurooil @list @test" classname="Smoke\Smoke_All_Gets_api.spec.ts" time="0.706" id="TC-047"/>
  </testsuite>
</testsuites>