<testsuites id="" name="" tests="1" failures="0" skipped="0" errors="0" time="3.2018630000000003">
  <testsuite name="Smoke\Objendvaka_create_api.spec.ts" timestamp="2025-09-10T08:30:50.694Z" hostname="API" tests="1" failures="0" skipped="0" time="1.709" errors="0">
    <testcase name="Smoke testy - vytvoření a ověření objednávky › TC-001_CreateOrder_ValidData Test POST /documents-api/orders/{stockId} @regression @delivery @api @high @smoke" classname="Smoke\Objendvaka_create_api.spec.ts" time="1.709" id="TC-001">
      <system-out><![CDATA[2025[0m[0m-09[0m[0m-10[0m[0m 08[0m[0m:30[0m[0m:52[0m[0m.143[0m[0m [97m[1mTRACE[22m[39m[0m[0m [[37m\support\fixtures\auth.fixture.ts:23[39m[0m[0m]FIXTURE 'authToken': Budu vytvářet nový request kontext...
2025[0m[0m-09[0m[0m-10[0m[0m 08[0m[0m:30[0m[0m:52[0m[0m.151[0m[0m [97m[1mTRACE[22m[39m[0m[0m [[37m\support\fixtures\auth.fixture.ts:25[39m[0m[0m]FIXTURE 'authToken': Request kontext vytvořen.
2025[0m[0m-09[0m[0m-10[0m[0m 08[0m[0m:30[0m[0m:52[0m[0m.810[0m[0m [97m[1mTRACE[22m[39m[0m[0m [[37m\support\fixtures\auth.fixture.ts:33[39m[0m[0m]FIXTURE 'authToken': Odpověď přijata se statusem 201.
2025[0m[0m-09[0m[0m-10[0m[0m 08[0m[0m:30[0m[0m:52[0m[0m.812[0m[0m [97m[1mTRACE[22m[39m[0m[0m [[37m\support\fixtures\auth.fixture.ts:50[39m[0m[0m]FIXTURE 'authToken': Získávám 'accessToken' z JSON odpovědi.
2025[0m[0m-09[0m[0m-10[0m[0m 08[0m[0m:30[0m[0m:52[0m[0m.815[0m[0m [97m[1mTRACE[22m[39m[0m[0m [[37m\support\fixtures\auth.fixture.ts:54[39m[0m[0m]FIXTURE 'authToken': Volám 'use(token)' a předávám token dál...
2025[0m[0m-09[0m[0m-10[0m[0m 08[0m[0m:30[0m[0m:52[0m[0m.816[0m[0m [97m[1mTRACE[22m[39m[0m[0m [[37m\support\fixtures\auth.fixture.ts:64[39m[0m[0m]FIXTURE 'page' (rozšířená): Budu vkládat inicializační skript pro nastavení localStorage...
2025[0m[0m-09[0m[0m-10[0m[0m 08[0m[0m:30[0m[0m:52[0m[0m.820[0m[0m [97m[1mTRACE[22m[39m[0m[0m [[37m\support\fixtures\auth.fixture.ts:74[39m[0m[0m]FIXTURE 'page' (rozšířená): Inicializační skript byl přidán.
2025[0m[0m-09[0m[0m-10[0m[0m 08[0m[0m:30[0m[0m:53[0m[0m.379[0m[0m [97m[1mTRACE[22m[39m[0m[0m [[37m\support\fixtures\auth.fixture.ts:78[39m[0m[0m]FIXTURE 'page' (rozšířená): Navigace na '/' dokončena.
2025[0m[0m-09[0m[0m-10[0m[0m 08[0m[0m:30[0m[0m:53[0m[0m.380[0m[0m [97m[1mTRACE[22m[39m[0m[0m [[37m\support\fixtures\auth.fixture.ts:80[39m[0m[0m]FIXTURE 'page' (rozšířená): Volám 'use(page)' a předávám připravenou stránku testu...
2025[0m[0m-09[0m[0m-10[0m[0m 08[0m[0m:30[0m[0m:53[0m[0m.381[0m[0m [34m[1mINFO[22m[39m[0m[0m [[37m\tests\Smoke\Objendvaka_create_api.spec.ts:24[39m[0m[0m]Spouštím sadu testů pro vytvoření objednávky.
2025[0m[0m-09[0m[0m-10[0m[0m 08[0m[0m:30[0m[0m:53[0m[0m.466[0m[0m [97m[1mTRACE[22m[39m[0m[0m [[37m\tests\Smoke\Objendvaka_create_api.spec.ts:26[39m[0m[0m]Naviguji na domovskou stránku pro získání tokenu.
2025[0m[0m-09[0m[0m-10[0m[0m 08[0m[0m:30[0m[0m:53[0m[0m.485[0m[0m [97m[1mTRACE[22m[39m[0m[0m [[37m\tests\Smoke\Objendvaka_create_api.spec.ts:29[39m[0m[0m]Autentizační token úspěšně získán.
2025[0m[0m-09[0m[0m-10[0m[0m 08[0m[0m:30[0m[0m:53[0m[0m.486[0m[0m [97m[1mTRACE[22m[39m[0m[0m [[37m\tests\Smoke\Objendvaka_create_api.spec.ts:31[39m[0m[0m]ApiClient byl inicializován.
2025[0m[0m-09[0m[0m-10[0m[0m 08[0m[0m:30[0m[0m:53[0m[0m.488[0m[0m [34m[1mINFO[22m[39m[0m[0m [[37m\tests\Smoke\Objendvaka_create_api.spec.ts:37[39m[0m[0m]Zahajuji testovací případ TC-001_CreateOrder_ValidData pro: POST /documents-api/orders/{stockId}
2025[0m[0m-09[0m[0m-10[0m[0m 08[0m[0m:30[0m[0m:53[0m[0m.490[0m[0m [97m[1mTRACE[22m[39m[0m[0m [[37m\tests\Smoke\Objendvaka_create_api.spec.ts:51[39m[0m[0m]Odesílám POST požadavek s payloadem: [object Object]
2025[0m[0m-09[0m[0m-10[0m[0m 08[0m[0m:30[0m[0m:53[0m[0m.491[0m[0m [97m[1mTRACE[22m[39m[0m[0m [[37m\support\ApiClient.ts:1997[39m[0m[0m]Odesílám POST požadavek na /documents-api/orders/230 s payloadem: {
  "deliveryDate": "2025-09-11T08:30:51.880Z",
  "orderDate": "2025-09-11T08:30:51.880Z",
  "ownerId": 1,
  "ownerName": "ČEPRO, a.s.",
  "stockId": 230,
  "supplierId": 8,
  "supplierName": "Banner Baterie ČR spol.s r.o.",
  "description": "Automaticky vytvořená objednávka k rychlému ověření POST - Smoke test"
}
2025[0m[0m-09[0m[0m-10[0m[0m 08[0m[0m:30[0m[0m:53[0m[0m.717[0m[0m [34m[1mINFO[22m[39m[0m[0m [[37m\support\ApiClient.ts:2008[39m[0m[0m]URL: http://192.168.130.239:8180//documents-api/orders/230 Status: 201
]]></system-out>
    </testcase>
  </testsuite>
</testsuites>