<testsuites id="" name="" tests="1" failures="0" skipped="0" errors="0" time="1.6516380000000004">
  <testsuite name="Smoke\Smoke_All_Gets_api.spec.ts" timestamp="2025-11-11T11:06:35.220Z" hostname="API" tests="1" failures="0" skipped="0" time="0.676" errors="0">
    <testcase name="API Smoke Tests - GET Endpoints › Authenticated GETs from JSON › TC-095: Endpoint &quot;GET /reports-api/listOfReceiptsUdd Seznam Úplněných daňových dokladů&quot; @api @smoke @high @udd @list @test" classname="Smoke\Smoke_All_Gets_api.spec.ts" time="0.676" id="TC-095"/>
  </testsuite>
</testsuites>