<testsuites id="" name="" tests="15" failures="0" skipped="0" errors="0" time="35.926118">
  <testsuite name="Regrese\Sestavy\Uzivatelske_Sestavy_Life_Cycle_api.spec.ts" timestamp="2025-11-19T13:24:55.769Z" hostname="API" tests="15" failures="0" skipped="0" time="34.884" errors="0">
    <testcase name="TC_Sestavy_001: Přehled prodejů  @regression @report @api @high" classname="Regrese\Sestavy\Uzivatelske_Sestavy_Life_Cycle_api.spec.ts" time="1.782">
      <system-out><![CDATA[2025[0m[0m-11[0m[0m-19[0m[0m 13[0m[0m:24[0m[0m:57[0m[0m.383[0m[0m [32m[1mDEBUG[22m[39m[0m[0m [[37m\support\fixtures\auth.fixture.ts:45[39m[0m[0m]FIXTURE 'authToken': Kontroluji, zda je odpověď OK (status 2xx)...
2025[0m[0m-11[0m[0m-19[0m[0m 13[0m[0m:24[0m[0m:57[0m[0m.390[0m[0m [32m[1mDEBUG[22m[39m[0m[0m [[37m\tests\Regrese\Sestavy\Uzivatelske_Sestavy_Life_Cycle_api.spec.ts:80[39m[0m[0m]Generuji unikátní název sestavy pro testovací případ 'TC_Sestavy_001': Přehled prodejů - 1763558697390
2025[0m[0m-11[0m[0m-19[0m[0m 13[0m[0m:24[0m[0m:57[0m[0m.391[0m[0m [34m[1mINFO[22m[39m[0m[0m [[37m\tests\Regrese\Sestavy\Uzivatelske_Sestavy_Life_Cycle_api.spec.ts:86[39m[0m[0m]Spouštím test životního cyklu sestavy: Přehled prodejů - 1763558697390 (Definice: D001)
2025[0m[0m-11[0m[0m-19[0m[0m 13[0m[0m:24[0m[0m:57[0m[0m.393[0m[0m [34m[1mINFO[22m[39m[0m[0m [[37m\tests\Regrese\Sestavy\Uzivatelske_Sestavy_Life_Cycle_api.spec.ts:92[39m[0m[0m]Krok 1: Vytváření nové sestavy: Přehled prodejů - 1763558697390
2025[0m[0m-11[0m[0m-19[0m[0m 13[0m[0m:24[0m[0m:57[0m[0m.394[0m[0m [32m[1mDEBUG[22m[39m[0m[0m [[37m\tests\Regrese\Sestavy\Uzivatelske_Sestavy_Life_Cycle_api.spec.ts:105[39m[0m[0m]Payload pro /reports-api/usersReports/60193531: {
  "name": "Přehled prodejů - 1763558697390",
  "public": false,
  "reportDefinitionId": "D001",
  "settings": {
    "availableFilters": [
      "stockId",
      "stkitmType",
      "groupId",
      "goodsOwnerId",
      "paidBy",
      "cardOwnerId",
      "cardIssuerId"
    ],
    "dateModelType": "range",
    "dateFrom": "2025-07-03T23:00:00.000Z",
    "dateTo": null,
    "stockId": [],
    "stkitmType": [],
    "groupId": [],
    "goodsOwnerId": [],
    "paidBy": [],
    "cardOwnerId": [],
    "cardIssuerId": [],
    "sort": "",
    "exportParameters": {
      "tabsParam": "",
      "exportIntoTabs": false,
      "exportFileName": false,
      "exportDateTime": true,
      "summaries": false
    }
  }
}
2025[0m[0m-11[0m[0m-19[0m[0m 13[0m[0m:24[0m[0m:57[0m[0m.791[0m[0m [34m[1mINFO[22m[39m[0m[0m [[37m\api\BaseApiClient.ts:94[39m[0m[0m][15b6686a] <--- 200 POST http://192.168.130.239:8180/reports-api/usersReports/60193531 (396.05 ms)
2025[0m[0m-11[0m[0m-19[0m[0m 13[0m[0m:24[0m[0m:57[0m[0m.796[0m[0m [34m[1mINFO[22m[39m[0m[0m [[37m\tests\Regrese\Sestavy\Uzivatelske_Sestavy_Life_Cycle_api.spec.ts:112[39m[0m[0m]Krok 1: Sestava úspěšně vytvořena (Status 201 OK).
2025[0m[0m-11[0m[0m-19[0m[0m 13[0m[0m:24[0m[0m:57[0m[0m.800[0m[0m [34m[1mINFO[22m[39m[0m[0m [[37m\tests\Regrese\Sestavy\Uzivatelske_Sestavy_Life_Cycle_api.spec.ts:124[39m[0m[0m]Krok 2: Ověření vytvoření sestavy a čtení dat.
2025[0m[0m-11[0m[0m-19[0m[0m 13[0m[0m:24[0m[0m:57[0m[0m.803[0m[0m [32m[1mDEBUG[22m[39m[0m[0m [[37m\tests\Regrese\Sestavy\Uzivatelske_Sestavy_Life_Cycle_api.spec.ts:135[39m[0m[0m]Parametry pro /reports-api/listOfUsersReports/60193531: {"offset":0,"limit":1,"sort":"-updated"}
2025[0m[0m-11[0m[0m-19[0m[0m 13[0m[0m:24[0m[0m:58[0m[0m.332[0m[0m [34m[1mINFO[22m[39m[0m[0m [[37m\api\BaseApiClient.ts:94[39m[0m[0m][edd6f170] <--- 200 GET http://192.168.130.239:8180/reports-api/listOfUsersReports/60193531 (526.40 ms)
2025[0m[0m-11[0m[0m-19[0m[0m 13[0m[0m:24[0m[0m:58[0m[0m.339[0m[0m [34m[1mINFO[22m[39m[0m[0m [[37m\tests\Regrese\Sestavy\Uzivatelske_Sestavy_Life_Cycle_api.spec.ts:157[39m[0m[0m]Krok 2: Sestava 'Přehled prodejů - 1763558697390' úspěšně nalezena s ID: 2771.
2025[0m[0m-11[0m[0m-19[0m[0m 13[0m[0m:24[0m[0m:58[0m[0m.340[0m[0m [32m[1mDEBUG[22m[39m[0m[0m [[37m\tests\Regrese\Sestavy\Uzivatelske_Sestavy_Life_Cycle_api.spec.ts:161[39m[0m[0m]Nalezen počet položek (itemsCount): 2785
2025[0m[0m-11[0m[0m-19[0m[0m 13[0m[0m:24[0m[0m:58[0m[0m.341[0m[0m [34m[1mINFO[22m[39m[0m[0m [[37m\tests\Regrese\Sestavy\Uzivatelske_Sestavy_Life_Cycle_api.spec.ts:169[39m[0m[0m]Krok 2: Sestava obsahuje 2785 položek.
2025[0m[0m-11[0m[0m-19[0m[0m 13[0m[0m:24[0m[0m:58[0m[0m.343[0m[0m [32m[1mDEBUG[22m[39m[0m[0m [[37m\tests\Regrese\Sestavy\Uzivatelske_Sestavy_Life_Cycle_api.spec.ts:172[39m[0m[0m]Sestava 'Přehled prodejů - 1763558697390' má vlastnost public: false
2025[0m[0m-11[0m[0m-19[0m[0m 13[0m[0m:24[0m[0m:58[0m[0m.350[0m[0m [34m[1mINFO[22m[39m[0m[0m [[37m\tests\Regrese\Sestavy\Uzivatelske_Sestavy_Life_Cycle_api.spec.ts:193[39m[0m[0m]Krok 3: Mažu vytvořenou sestavu s ID: 2771
2025[0m[0m-11[0m[0m-19[0m[0m 13[0m[0m:24[0m[0m:58[0m[0m.398[0m[0m [34m[1mINFO[22m[39m[0m[0m [[37m\api\BaseApiClient.ts:94[39m[0m[0m][80033a28] <--- 200 DELETE http://192.168.130.239:8180/reports-api/usersReports/2771 (46.36 ms)
2025[0m[0m-11[0m[0m-19[0m[0m 13[0m[0m:24[0m[0m:58[0m[0m.408[0m[0m [34m[1mINFO[22m[39m[0m[0m [[37m\tests\Regrese\Sestavy\Uzivatelske_Sestavy_Life_Cycle_api.spec.ts:200[39m[0m[0m]Krok 3: Sestava s ID 2771 úspěšně smazána.
]]></system-out>
    </testcase>
    <testcase name="TC_Sestavy_002: Přehled prodejů PHM pro FÚ  @regression @report @api @medium" classname="Regrese\Sestavy\Uzivatelske_Sestavy_Life_Cycle_api.spec.ts" time="1.029">
      <system-out><![CDATA[2025[0m[0m-11[0m[0m-19[0m[0m 13[0m[0m:24[0m[0m:59[0m[0m.098[0m[0m [32m[1mDEBUG[22m[39m[0m[0m [[37m\support\fixtures\auth.fixture.ts:45[39m[0m[0m]FIXTURE 'authToken': Kontroluji, zda je odpověď OK (status 2xx)...
2025[0m[0m-11[0m[0m-19[0m[0m 13[0m[0m:24[0m[0m:59[0m[0m.102[0m[0m [32m[1mDEBUG[22m[39m[0m[0m [[37m\tests\Regrese\Sestavy\Uzivatelske_Sestavy_Life_Cycle_api.spec.ts:80[39m[0m[0m]Generuji unikátní název sestavy pro testovací případ 'TC_Sestavy_002': Přehled prodejů PHM pro FÚ - 1763558699102
2025[0m[0m-11[0m[0m-19[0m[0m 13[0m[0m:24[0m[0m:59[0m[0m.104[0m[0m [34m[1mINFO[22m[39m[0m[0m [[37m\tests\Regrese\Sestavy\Uzivatelske_Sestavy_Life_Cycle_api.spec.ts:86[39m[0m[0m]Spouštím test životního cyklu sestavy: Přehled prodejů PHM pro FÚ - 1763558699102 (Definice: D002)
2025[0m[0m-11[0m[0m-19[0m[0m 13[0m[0m:24[0m[0m:59[0m[0m.108[0m[0m [34m[1mINFO[22m[39m[0m[0m [[37m\tests\Regrese\Sestavy\Uzivatelske_Sestavy_Life_Cycle_api.spec.ts:92[39m[0m[0m]Krok 1: Vytváření nové sestavy: Přehled prodejů PHM pro FÚ - 1763558699102
2025[0m[0m-11[0m[0m-19[0m[0m 13[0m[0m:24[0m[0m:59[0m[0m.112[0m[0m [32m[1mDEBUG[22m[39m[0m[0m [[37m\tests\Regrese\Sestavy\Uzivatelske_Sestavy_Life_Cycle_api.spec.ts:105[39m[0m[0m]Payload pro /reports-api/usersReports/60193531: {
  "name": "Přehled prodejů PHM pro FÚ - 1763558699102",
  "public": false,
  "reportDefinitionId": "D002",
  "settings": {
    "availableFilters": [
      "stockId"
    ],
    "dateModelType": "ymd",
    "year": 2025,
    "month": 7,
    "day": "0",
    "stockId": [],
    "sort": "",
    "exportParameters": {
      "tabsParam": "",
      "exportIntoTabs": false,
      "exportFileName": false,
      "exportDateTime": true,
      "summaries": false
    }
  }
}
2025[0m[0m-11[0m[0m-19[0m[0m 13[0m[0m:24[0m[0m:59[0m[0m.274[0m[0m [34m[1mINFO[22m[39m[0m[0m [[37m\api\BaseApiClient.ts:94[39m[0m[0m][b83e1715] <--- 200 POST http://192.168.130.239:8180/reports-api/usersReports/60193531 (160.62 ms)
2025[0m[0m-11[0m[0m-19[0m[0m 13[0m[0m:24[0m[0m:59[0m[0m.276[0m[0m [34m[1mINFO[22m[39m[0m[0m [[37m\tests\Regrese\Sestavy\Uzivatelske_Sestavy_Life_Cycle_api.spec.ts:112[39m[0m[0m]Krok 1: Sestava úspěšně vytvořena (Status 201 OK).
2025[0m[0m-11[0m[0m-19[0m[0m 13[0m[0m:24[0m[0m:59[0m[0m.277[0m[0m [34m[1mINFO[22m[39m[0m[0m [[37m\tests\Regrese\Sestavy\Uzivatelske_Sestavy_Life_Cycle_api.spec.ts:124[39m[0m[0m]Krok 2: Ověření vytvoření sestavy a čtení dat.
2025[0m[0m-11[0m[0m-19[0m[0m 13[0m[0m:24[0m[0m:59[0m[0m.278[0m[0m [32m[1mDEBUG[22m[39m[0m[0m [[37m\tests\Regrese\Sestavy\Uzivatelske_Sestavy_Life_Cycle_api.spec.ts:135[39m[0m[0m]Parametry pro /reports-api/listOfUsersReports/60193531: {"offset":0,"limit":1,"sort":"-updated"}
2025[0m[0m-11[0m[0m-19[0m[0m 13[0m[0m:24[0m[0m:59[0m[0m.362[0m[0m [34m[1mINFO[22m[39m[0m[0m [[37m\api\BaseApiClient.ts:94[39m[0m[0m][4479c451] <--- 200 GET http://192.168.130.239:8180/reports-api/listOfUsersReports/60193531 (82.49 ms)
2025[0m[0m-11[0m[0m-19[0m[0m 13[0m[0m:24[0m[0m:59[0m[0m.373[0m[0m [34m[1mINFO[22m[39m[0m[0m [[37m\tests\Regrese\Sestavy\Uzivatelske_Sestavy_Life_Cycle_api.spec.ts:157[39m[0m[0m]Krok 2: Sestava 'Přehled prodejů PHM pro FÚ - 1763558699102' úspěšně nalezena s ID: 2772.
2025[0m[0m-11[0m[0m-19[0m[0m 13[0m[0m:24[0m[0m:59[0m[0m.374[0m[0m [32m[1mDEBUG[22m[39m[0m[0m [[37m\tests\Regrese\Sestavy\Uzivatelske_Sestavy_Life_Cycle_api.spec.ts:161[39m[0m[0m]Nalezen počet položek (itemsCount): 151
2025[0m[0m-11[0m[0m-19[0m[0m 13[0m[0m:24[0m[0m:59[0m[0m.375[0m[0m [34m[1mINFO[22m[39m[0m[0m [[37m\tests\Regrese\Sestavy\Uzivatelske_Sestavy_Life_Cycle_api.spec.ts:169[39m[0m[0m]Krok 2: Sestava obsahuje 151 položek.
2025[0m[0m-11[0m[0m-19[0m[0m 13[0m[0m:24[0m[0m:59[0m[0m.376[0m[0m [32m[1mDEBUG[22m[39m[0m[0m [[37m\tests\Regrese\Sestavy\Uzivatelske_Sestavy_Life_Cycle_api.spec.ts:172[39m[0m[0m]Sestava 'Přehled prodejů PHM pro FÚ - 1763558699102' má vlastnost public: false
2025[0m[0m-11[0m[0m-19[0m[0m 13[0m[0m:24[0m[0m:59[0m[0m.378[0m[0m [34m[1mINFO[22m[39m[0m[0m [[37m\tests\Regrese\Sestavy\Uzivatelske_Sestavy_Life_Cycle_api.spec.ts:193[39m[0m[0m]Krok 3: Mažu vytvořenou sestavu s ID: 2772
2025[0m[0m-11[0m[0m-19[0m[0m 13[0m[0m:24[0m[0m:59[0m[0m.453[0m[0m [34m[1mINFO[22m[39m[0m[0m [[37m\api\BaseApiClient.ts:94[39m[0m[0m][f73c6ce0] <--- 200 DELETE http://192.168.130.239:8180/reports-api/usersReports/2772 (74.44 ms)
2025[0m[0m-11[0m[0m-19[0m[0m 13[0m[0m:24[0m[0m:59[0m[0m.455[0m[0m [34m[1mINFO[22m[39m[0m[0m [[37m\tests\Regrese\Sestavy\Uzivatelske_Sestavy_Life_Cycle_api.spec.ts:200[39m[0m[0m]Krok 3: Sestava s ID 2772 úspěšně smazána.
]]></system-out>
    </testcase>
    <testcase name="TC_Sestavy_003: Přehled prodejů se slevovou kartou  @regression @report @api @medium" classname="Regrese\Sestavy\Uzivatelske_Sestavy_Life_Cycle_api.spec.ts" time="1.723">
      <system-out><![CDATA[2025[0m[0m-11[0m[0m-19[0m[0m 13[0m[0m:25[0m[0m:00[0m[0m.900[0m[0m [32m[1mDEBUG[22m[39m[0m[0m [[37m\support\fixtures\auth.fixture.ts:45[39m[0m[0m]FIXTURE 'authToken': Kontroluji, zda je odpověď OK (status 2xx)...
2025[0m[0m-11[0m[0m-19[0m[0m 13[0m[0m:25[0m[0m:00[0m[0m.903[0m[0m [32m[1mDEBUG[22m[39m[0m[0m [[37m\tests\Regrese\Sestavy\Uzivatelske_Sestavy_Life_Cycle_api.spec.ts:80[39m[0m[0m]Generuji unikátní název sestavy pro testovací případ 'TC_Sestavy_003': Přehled prodejů se slevovou kartou - 1763558700903
2025[0m[0m-11[0m[0m-19[0m[0m 13[0m[0m:25[0m[0m:00[0m[0m.904[0m[0m [34m[1mINFO[22m[39m[0m[0m [[37m\tests\Regrese\Sestavy\Uzivatelske_Sestavy_Life_Cycle_api.spec.ts:86[39m[0m[0m]Spouštím test životního cyklu sestavy: Přehled prodejů se slevovou kartou - 1763558700903 (Definice: D003)
2025[0m[0m-11[0m[0m-19[0m[0m 13[0m[0m:25[0m[0m:00[0m[0m.905[0m[0m [34m[1mINFO[22m[39m[0m[0m [[37m\tests\Regrese\Sestavy\Uzivatelske_Sestavy_Life_Cycle_api.spec.ts:92[39m[0m[0m]Krok 1: Vytváření nové sestavy: Přehled prodejů se slevovou kartou - 1763558700903
2025[0m[0m-11[0m[0m-19[0m[0m 13[0m[0m:25[0m[0m:00[0m[0m.906[0m[0m [32m[1mDEBUG[22m[39m[0m[0m [[37m\tests\Regrese\Sestavy\Uzivatelske_Sestavy_Life_Cycle_api.spec.ts:105[39m[0m[0m]Payload pro /reports-api/usersReports/60193531: {
  "name": "Přehled prodejů se slevovou kartou - 1763558700903",
  "public": false,
  "reportDefinitionId": "D003",
  "settings": {
    "availableFilters": [
      "stockId",
      "partnerId"
    ],
    "dateModelType": "range",
    "dateFrom": "2025-07-03T23:00:00.000Z",
    "dateTo": null,
    "stockId": [],
    "partnerId": [
      1
    ],
    "sort": "",
    "exportParameters": {
      "tabsParam": "",
      "exportIntoTabs": false,
      "exportFileName": false,
      "exportDateTime": true,
      "summaries": false
    }
  }
}
2025[0m[0m-11[0m[0m-19[0m[0m 13[0m[0m:25[0m[0m:01[0m[0m.041[0m[0m [34m[1mINFO[22m[39m[0m[0m [[37m\api\BaseApiClient.ts:94[39m[0m[0m][7c16c1b6] <--- 200 POST http://192.168.130.239:8180/reports-api/usersReports/60193531 (133.75 ms)
2025[0m[0m-11[0m[0m-19[0m[0m 13[0m[0m:25[0m[0m:01[0m[0m.043[0m[0m [34m[1mINFO[22m[39m[0m[0m [[37m\tests\Regrese\Sestavy\Uzivatelske_Sestavy_Life_Cycle_api.spec.ts:112[39m[0m[0m]Krok 1: Sestava úspěšně vytvořena (Status 201 OK).
2025[0m[0m-11[0m[0m-19[0m[0m 13[0m[0m:25[0m[0m:01[0m[0m.044[0m[0m [34m[1mINFO[22m[39m[0m[0m [[37m\tests\Regrese\Sestavy\Uzivatelske_Sestavy_Life_Cycle_api.spec.ts:124[39m[0m[0m]Krok 2: Ověření vytvoření sestavy a čtení dat.
2025[0m[0m-11[0m[0m-19[0m[0m 13[0m[0m:25[0m[0m:01[0m[0m.044[0m[0m [32m[1mDEBUG[22m[39m[0m[0m [[37m\tests\Regrese\Sestavy\Uzivatelske_Sestavy_Life_Cycle_api.spec.ts:135[39m[0m[0m]Parametry pro /reports-api/listOfUsersReports/60193531: {"offset":0,"limit":1,"sort":"-updated"}
2025[0m[0m-11[0m[0m-19[0m[0m 13[0m[0m:25[0m[0m:01[0m[0m.113[0m[0m [34m[1mINFO[22m[39m[0m[0m [[37m\api\BaseApiClient.ts:94[39m[0m[0m][598b77e7] <--- 200 GET http://192.168.130.239:8180/reports-api/listOfUsersReports/60193531 (68.17 ms)
2025[0m[0m-11[0m[0m-19[0m[0m 13[0m[0m:25[0m[0m:01[0m[0m.118[0m[0m [34m[1mINFO[22m[39m[0m[0m [[37m\tests\Regrese\Sestavy\Uzivatelske_Sestavy_Life_Cycle_api.spec.ts:157[39m[0m[0m]Krok 2: Sestava 'Přehled prodejů se slevovou kartou - 1763558700903' úspěšně nalezena s ID: 2773.
2025[0m[0m-11[0m[0m-19[0m[0m 13[0m[0m:25[0m[0m:01[0m[0m.119[0m[0m [32m[1mDEBUG[22m[39m[0m[0m [[37m\tests\Regrese\Sestavy\Uzivatelske_Sestavy_Life_Cycle_api.spec.ts:161[39m[0m[0m]Nalezen počet položek (itemsCount): 0
2025[0m[0m-11[0m[0m-19[0m[0m 13[0m[0m:25[0m[0m:01[0m[0m.121[0m[0m [33m[1mWARN[22m[39m[0m[0m [[37m\tests\Regrese\Sestavy\Uzivatelske_Sestavy_Life_Cycle_api.spec.ts:167[39m[0m[0m]TC-Sestavy-003 D003 Přehled prodejů se slevovou kartou - 1763558700903 Krok 2: Počet položek (itemsCount) je 0. Sestava je prázdná, ale test pokračuje.
2025[0m[0m-11[0m[0m-19[0m[0m 13[0m[0m:25[0m[0m:01[0m[0m.123[0m[0m [32m[1mDEBUG[22m[39m[0m[0m [[37m\tests\Regrese\Sestavy\Uzivatelske_Sestavy_Life_Cycle_api.spec.ts:172[39m[0m[0m]Sestava 'Přehled prodejů se slevovou kartou - 1763558700903' má vlastnost public: false
2025[0m[0m-11[0m[0m-19[0m[0m 13[0m[0m:25[0m[0m:01[0m[0m.125[0m[0m [34m[1mINFO[22m[39m[0m[0m [[37m\tests\Regrese\Sestavy\Uzivatelske_Sestavy_Life_Cycle_api.spec.ts:193[39m[0m[0m]Krok 3: Mažu vytvořenou sestavu s ID: 2773
2025[0m[0m-11[0m[0m-19[0m[0m 13[0m[0m:25[0m[0m:01[0m[0m.178[0m[0m [34m[1mINFO[22m[39m[0m[0m [[37m\api\BaseApiClient.ts:94[39m[0m[0m][20abc10c] <--- 200 DELETE http://192.168.130.239:8180/reports-api/usersReports/2773 (51.40 ms)
2025[0m[0m-11[0m[0m-19[0m[0m 13[0m[0m:25[0m[0m:01[0m[0m.180[0m[0m [34m[1mINFO[22m[39m[0m[0m [[37m\tests\Regrese\Sestavy\Uzivatelske_Sestavy_Life_Cycle_api.spec.ts:200[39m[0m[0m]Krok 3: Sestava s ID 2773 úspěšně smazána.
]]></system-out>
    </testcase>
    <testcase name="TC_Sestavy_004: Přehled smazaných položek účtenek  @regression @report @api @medium" classname="Regrese\Sestavy\Uzivatelske_Sestavy_Life_Cycle_api.spec.ts" time="1.205">
      <system-out><![CDATA[2025[0m[0m-11[0m[0m-19[0m[0m 13[0m[0m:25[0m[0m:02[0m[0m.132[0m[0m [32m[1mDEBUG[22m[39m[0m[0m [[37m\support\fixtures\auth.fixture.ts:45[39m[0m[0m]FIXTURE 'authToken': Kontroluji, zda je odpověď OK (status 2xx)...
2025[0m[0m-11[0m[0m-19[0m[0m 13[0m[0m:25[0m[0m:02[0m[0m.137[0m[0m [32m[1mDEBUG[22m[39m[0m[0m [[37m\tests\Regrese\Sestavy\Uzivatelske_Sestavy_Life_Cycle_api.spec.ts:80[39m[0m[0m]Generuji unikátní název sestavy pro testovací případ 'TC_Sestavy_004': Přehled smazaných položek účtenek - 1763558702137
2025[0m[0m-11[0m[0m-19[0m[0m 13[0m[0m:25[0m[0m:02[0m[0m.138[0m[0m [34m[1mINFO[22m[39m[0m[0m [[37m\tests\Regrese\Sestavy\Uzivatelske_Sestavy_Life_Cycle_api.spec.ts:86[39m[0m[0m]Spouštím test životního cyklu sestavy: Přehled smazaných položek účtenek - 1763558702137 (Definice: D004)
2025[0m[0m-11[0m[0m-19[0m[0m 13[0m[0m:25[0m[0m:02[0m[0m.141[0m[0m [34m[1mINFO[22m[39m[0m[0m [[37m\tests\Regrese\Sestavy\Uzivatelske_Sestavy_Life_Cycle_api.spec.ts:92[39m[0m[0m]Krok 1: Vytváření nové sestavy: Přehled smazaných položek účtenek - 1763558702137
2025[0m[0m-11[0m[0m-19[0m[0m 13[0m[0m:25[0m[0m:02[0m[0m.143[0m[0m [32m[1mDEBUG[22m[39m[0m[0m [[37m\tests\Regrese\Sestavy\Uzivatelske_Sestavy_Life_Cycle_api.spec.ts:105[39m[0m[0m]Payload pro /reports-api/usersReports/60193531: {
  "name": "Přehled smazaných položek účtenek - 1763558702137",
  "public": false,
  "reportDefinitionId": "D004",
  "settings": {
    "availableFilters": [
      "stockId",
      "termId",
      "groupId",
      "operator"
    ],
    "dateModelType": "range",
    "dateFrom": "2025-07-03T23:00:00.000Z",
    "dateTo": null,
    "stockId": [
      230
    ],
    "termId": [],
    "groupId": [],
    "operator": [],
    "sort": "",
    "exportParameters": {
      "tabsParam": "",
      "exportIntoTabs": false,
      "exportFileName": false,
      "exportDateTime": true,
      "summaries": false
    }
  }
}
2025[0m[0m-11[0m[0m-19[0m[0m 13[0m[0m:25[0m[0m:02[0m[0m.213[0m[0m [34m[1mINFO[22m[39m[0m[0m [[37m\api\BaseApiClient.ts:94[39m[0m[0m][51f59046] <--- 200 POST http://192.168.130.239:8180/reports-api/usersReports/60193531 (67.95 ms)
2025[0m[0m-11[0m[0m-19[0m[0m 13[0m[0m:25[0m[0m:02[0m[0m.217[0m[0m [34m[1mINFO[22m[39m[0m[0m [[37m\tests\Regrese\Sestavy\Uzivatelske_Sestavy_Life_Cycle_api.spec.ts:112[39m[0m[0m]Krok 1: Sestava úspěšně vytvořena (Status 201 OK).
2025[0m[0m-11[0m[0m-19[0m[0m 13[0m[0m:25[0m[0m:02[0m[0m.220[0m[0m [34m[1mINFO[22m[39m[0m[0m [[37m\tests\Regrese\Sestavy\Uzivatelske_Sestavy_Life_Cycle_api.spec.ts:124[39m[0m[0m]Krok 2: Ověření vytvoření sestavy a čtení dat.
2025[0m[0m-11[0m[0m-19[0m[0m 13[0m[0m:25[0m[0m:02[0m[0m.223[0m[0m [32m[1mDEBUG[22m[39m[0m[0m [[37m\tests\Regrese\Sestavy\Uzivatelske_Sestavy_Life_Cycle_api.spec.ts:135[39m[0m[0m]Parametry pro /reports-api/listOfUsersReports/60193531: {"offset":0,"limit":1,"sort":"-updated"}
2025[0m[0m-11[0m[0m-19[0m[0m 13[0m[0m:25[0m[0m:02[0m[0m.340[0m[0m [34m[1mINFO[22m[39m[0m[0m [[37m\api\BaseApiClient.ts:94[39m[0m[0m][3458ff8f] <--- 200 GET http://192.168.130.239:8180/reports-api/listOfUsersReports/60193531 (115.77 ms)
2025[0m[0m-11[0m[0m-19[0m[0m 13[0m[0m:25[0m[0m:02[0m[0m.344[0m[0m [34m[1mINFO[22m[39m[0m[0m [[37m\tests\Regrese\Sestavy\Uzivatelske_Sestavy_Life_Cycle_api.spec.ts:157[39m[0m[0m]Krok 2: Sestava 'Přehled smazaných položek účtenek - 1763558702137' úspěšně nalezena s ID: 2774.
2025[0m[0m-11[0m[0m-19[0m[0m 13[0m[0m:25[0m[0m:02[0m[0m.345[0m[0m [32m[1mDEBUG[22m[39m[0m[0m [[37m\tests\Regrese\Sestavy\Uzivatelske_Sestavy_Life_Cycle_api.spec.ts:161[39m[0m[0m]Nalezen počet položek (itemsCount): 124
2025[0m[0m-11[0m[0m-19[0m[0m 13[0m[0m:25[0m[0m:02[0m[0m.346[0m[0m [34m[1mINFO[22m[39m[0m[0m [[37m\tests\Regrese\Sestavy\Uzivatelske_Sestavy_Life_Cycle_api.spec.ts:169[39m[0m[0m]Krok 2: Sestava obsahuje 124 položek.
2025[0m[0m-11[0m[0m-19[0m[0m 13[0m[0m:25[0m[0m:02[0m[0m.347[0m[0m [32m[1mDEBUG[22m[39m[0m[0m [[37m\tests\Regrese\Sestavy\Uzivatelske_Sestavy_Life_Cycle_api.spec.ts:172[39m[0m[0m]Sestava 'Přehled smazaných položek účtenek - 1763558702137' má vlastnost public: false
2025[0m[0m-11[0m[0m-19[0m[0m 13[0m[0m:25[0m[0m:02[0m[0m.349[0m[0m [34m[1mINFO[22m[39m[0m[0m [[37m\tests\Regrese\Sestavy\Uzivatelske_Sestavy_Life_Cycle_api.spec.ts:193[39m[0m[0m]Krok 3: Mažu vytvořenou sestavu s ID: 2774
2025[0m[0m-11[0m[0m-19[0m[0m 13[0m[0m:25[0m[0m:02[0m[0m.385[0m[0m [34m[1mINFO[22m[39m[0m[0m [[37m\api\BaseApiClient.ts:94[39m[0m[0m][a19a88bf] <--- 200 DELETE http://192.168.130.239:8180/reports-api/usersReports/2774 (34.97 ms)
2025[0m[0m-11[0m[0m-19[0m[0m 13[0m[0m:25[0m[0m:02[0m[0m.389[0m[0m [34m[1mINFO[22m[39m[0m[0m [[37m\tests\Regrese\Sestavy\Uzivatelske_Sestavy_Life_Cycle_api.spec.ts:200[39m[0m[0m]Krok 3: Sestava s ID 2774 úspěšně smazána.
]]></system-out>
    </testcase>
    <testcase name="TC_Sestavy_005: Přehled konkurenčních cen  @regression @report @api @medium" classname="Regrese\Sestavy\Uzivatelske_Sestavy_Life_Cycle_api.spec.ts" time="1.067">
      <system-out><![CDATA[2025[0m[0m-11[0m[0m-19[0m[0m 13[0m[0m:25[0m[0m:03[0m[0m.140[0m[0m [32m[1mDEBUG[22m[39m[0m[0m [[37m\support\fixtures\auth.fixture.ts:45[39m[0m[0m]FIXTURE 'authToken': Kontroluji, zda je odpověď OK (status 2xx)...
2025[0m[0m-11[0m[0m-19[0m[0m 13[0m[0m:25[0m[0m:03[0m[0m.144[0m[0m [32m[1mDEBUG[22m[39m[0m[0m [[37m\tests\Regrese\Sestavy\Uzivatelske_Sestavy_Life_Cycle_api.spec.ts:80[39m[0m[0m]Generuji unikátní název sestavy pro testovací případ 'TC_Sestavy_005': Přehled konkurenčních cen - 1763558703144
2025[0m[0m-11[0m[0m-19[0m[0m 13[0m[0m:25[0m[0m:03[0m[0m.145[0m[0m [34m[1mINFO[22m[39m[0m[0m [[37m\tests\Regrese\Sestavy\Uzivatelske_Sestavy_Life_Cycle_api.spec.ts:86[39m[0m[0m]Spouštím test životního cyklu sestavy: Přehled konkurenčních cen - 1763558703144 (Definice: D005)
2025[0m[0m-11[0m[0m-19[0m[0m 13[0m[0m:25[0m[0m:03[0m[0m.147[0m[0m [34m[1mINFO[22m[39m[0m[0m [[37m\tests\Regrese\Sestavy\Uzivatelske_Sestavy_Life_Cycle_api.spec.ts:92[39m[0m[0m]Krok 1: Vytváření nové sestavy: Přehled konkurenčních cen - 1763558703144
2025[0m[0m-11[0m[0m-19[0m[0m 13[0m[0m:25[0m[0m:03[0m[0m.150[0m[0m [32m[1mDEBUG[22m[39m[0m[0m [[37m\tests\Regrese\Sestavy\Uzivatelske_Sestavy_Life_Cycle_api.spec.ts:105[39m[0m[0m]Payload pro /reports-api/usersReports/60193531: {
  "name": "Přehled konkurenčních cen - 1763558703144",
  "public": false,
  "reportDefinitionId": "D005",
  "settings": {
    "availableFilters": [
      "stockId",
      "recordStatus"
    ],
    "dateModelType": "range",
    "dateFrom": "2025-07-03T23:00:00.000Z",
    "dateTo": null,
    "stockId": [],
    "recordStatus": [],
    "sort": "",
    "exportParameters": {
      "tabsParam": "",
      "exportIntoTabs": false,
      "exportFileName": false,
      "exportDateTime": true,
      "summaries": false
    }
  }
}
2025[0m[0m-11[0m[0m-19[0m[0m 13[0m[0m:25[0m[0m:03[0m[0m.321[0m[0m [34m[1mINFO[22m[39m[0m[0m [[37m\api\BaseApiClient.ts:94[39m[0m[0m][7101a4af] <--- 200 POST http://192.168.130.239:8180/reports-api/usersReports/60193531 (168.31 ms)
2025[0m[0m-11[0m[0m-19[0m[0m 13[0m[0m:25[0m[0m:03[0m[0m.323[0m[0m [34m[1mINFO[22m[39m[0m[0m [[37m\tests\Regrese\Sestavy\Uzivatelske_Sestavy_Life_Cycle_api.spec.ts:112[39m[0m[0m]Krok 1: Sestava úspěšně vytvořena (Status 201 OK).
2025[0m[0m-11[0m[0m-19[0m[0m 13[0m[0m:25[0m[0m:03[0m[0m.324[0m[0m [34m[1mINFO[22m[39m[0m[0m [[37m\tests\Regrese\Sestavy\Uzivatelske_Sestavy_Life_Cycle_api.spec.ts:124[39m[0m[0m]Krok 2: Ověření vytvoření sestavy a čtení dat.
2025[0m[0m-11[0m[0m-19[0m[0m 13[0m[0m:25[0m[0m:03[0m[0m.325[0m[0m [32m[1mDEBUG[22m[39m[0m[0m [[37m\tests\Regrese\Sestavy\Uzivatelske_Sestavy_Life_Cycle_api.spec.ts:135[39m[0m[0m]Parametry pro /reports-api/listOfUsersReports/60193531: {"offset":0,"limit":1,"sort":"-updated"}
2025[0m[0m-11[0m[0m-19[0m[0m 13[0m[0m:25[0m[0m:03[0m[0m.404[0m[0m [34m[1mINFO[22m[39m[0m[0m [[37m\api\BaseApiClient.ts:94[39m[0m[0m][67d8d5f7] <--- 200 GET http://192.168.130.239:8180/reports-api/listOfUsersReports/60193531 (77.95 ms)
2025[0m[0m-11[0m[0m-19[0m[0m 13[0m[0m:25[0m[0m:03[0m[0m.410[0m[0m [34m[1mINFO[22m[39m[0m[0m [[37m\tests\Regrese\Sestavy\Uzivatelske_Sestavy_Life_Cycle_api.spec.ts:157[39m[0m[0m]Krok 2: Sestava 'Přehled konkurenčních cen - 1763558703144' úspěšně nalezena s ID: 2775.
2025[0m[0m-11[0m[0m-19[0m[0m 13[0m[0m:25[0m[0m:03[0m[0m.411[0m[0m [32m[1mDEBUG[22m[39m[0m[0m [[37m\tests\Regrese\Sestavy\Uzivatelske_Sestavy_Life_Cycle_api.spec.ts:161[39m[0m[0m]Nalezen počet položek (itemsCount): 55
2025[0m[0m-11[0m[0m-19[0m[0m 13[0m[0m:25[0m[0m:03[0m[0m.414[0m[0m [34m[1mINFO[22m[39m[0m[0m [[37m\tests\Regrese\Sestavy\Uzivatelske_Sestavy_Life_Cycle_api.spec.ts:169[39m[0m[0m]Krok 2: Sestava obsahuje 55 položek.
2025[0m[0m-11[0m[0m-19[0m[0m 13[0m[0m:25[0m[0m:03[0m[0m.417[0m[0m [32m[1mDEBUG[22m[39m[0m[0m [[37m\tests\Regrese\Sestavy\Uzivatelske_Sestavy_Life_Cycle_api.spec.ts:172[39m[0m[0m]Sestava 'Přehled konkurenčních cen - 1763558703144' má vlastnost public: false
2025[0m[0m-11[0m[0m-19[0m[0m 13[0m[0m:25[0m[0m:03[0m[0m.424[0m[0m [34m[1mINFO[22m[39m[0m[0m [[37m\tests\Regrese\Sestavy\Uzivatelske_Sestavy_Life_Cycle_api.spec.ts:193[39m[0m[0m]Krok 3: Mažu vytvořenou sestavu s ID: 2775
2025[0m[0m-11[0m[0m-19[0m[0m 13[0m[0m:25[0m[0m:03[0m[0m.457[0m[0m [34m[1mINFO[22m[39m[0m[0m [[37m\api\BaseApiClient.ts:94[39m[0m[0m][abe2b76c] <--- 200 DELETE http://192.168.130.239:8180/reports-api/usersReports/2775 (31.35 ms)
2025[0m[0m-11[0m[0m-19[0m[0m 13[0m[0m:25[0m[0m:03[0m[0m.460[0m[0m [34m[1mINFO[22m[39m[0m[0m [[37m\tests\Regrese\Sestavy\Uzivatelske_Sestavy_Life_Cycle_api.spec.ts:200[39m[0m[0m]Krok 3: Sestava s ID 2775 úspěšně smazána.
]]></system-out>
    </testcase>
    <testcase name="TC_Sestavy_006: Export položek pokladních dokladů  @regression @report @api @medium" classname="Regrese\Sestavy\Uzivatelske_Sestavy_Life_Cycle_api.spec.ts" time="18.383">
      <system-out><![CDATA[2025[0m[0m-11[0m[0m-19[0m[0m 13[0m[0m:25[0m[0m:04[0m[0m.252[0m[0m [32m[1mDEBUG[22m[39m[0m[0m [[37m\support\fixtures\auth.fixture.ts:45[39m[0m[0m]FIXTURE 'authToken': Kontroluji, zda je odpověď OK (status 2xx)...
2025[0m[0m-11[0m[0m-19[0m[0m 13[0m[0m:25[0m[0m:04[0m[0m.254[0m[0m [32m[1mDEBUG[22m[39m[0m[0m [[37m\tests\Regrese\Sestavy\Uzivatelske_Sestavy_Life_Cycle_api.spec.ts:80[39m[0m[0m]Generuji unikátní název sestavy pro testovací případ 'TC_Sestavy_006': Export položek pokladních dokladů - 1763558704254
2025[0m[0m-11[0m[0m-19[0m[0m 13[0m[0m:25[0m[0m:04[0m[0m.255[0m[0m [34m[1mINFO[22m[39m[0m[0m [[37m\tests\Regrese\Sestavy\Uzivatelske_Sestavy_Life_Cycle_api.spec.ts:86[39m[0m[0m]Spouštím test životního cyklu sestavy: Export položek pokladních dokladů - 1763558704254 (Definice: D006)
2025[0m[0m-11[0m[0m-19[0m[0m 13[0m[0m:25[0m[0m:04[0m[0m.257[0m[0m [34m[1mINFO[22m[39m[0m[0m [[37m\tests\Regrese\Sestavy\Uzivatelske_Sestavy_Life_Cycle_api.spec.ts:92[39m[0m[0m]Krok 1: Vytváření nové sestavy: Export položek pokladních dokladů - 1763558704254
2025[0m[0m-11[0m[0m-19[0m[0m 13[0m[0m:25[0m[0m:04[0m[0m.258[0m[0m [32m[1mDEBUG[22m[39m[0m[0m [[37m\tests\Regrese\Sestavy\Uzivatelske_Sestavy_Life_Cycle_api.spec.ts:105[39m[0m[0m]Payload pro /reports-api/usersReports/60193531: {
  "name": "Export položek pokladních dokladů - 1763558704254",
  "public": false,
  "reportDefinitionId": "D006",
  "settings": {
    "availableFilters": [
      "stockId",
      "stkitmType",
      "partnerId",
      "paidBy"
    ],
    "dateModelType": "range",
    "dateFrom": "2025-07-03T23:00:00.000Z",
    "dateTo": null,
    "stockId": [
      230
    ],
    "stkitmType": [],
    "partnerId": [],
    "paidBy": [],
    "sort": "",
    "exportParameters": {
      "tabsParam": "",
      "exportIntoTabs": false,
      "exportFileName": false,
      "exportDateTime": true,
      "summaries": false
    }
  }
}
2025[0m[0m-11[0m[0m-19[0m[0m 13[0m[0m:25[0m[0m:21[0m[0m.727[0m[0m [34m[1mINFO[22m[39m[0m[0m [[37m\api\BaseApiClient.ts:94[39m[0m[0m][70114855] <--- 200 POST http://192.168.130.239:8180/reports-api/usersReports/60193531 (17467.16 ms)
2025[0m[0m-11[0m[0m-19[0m[0m 13[0m[0m:25[0m[0m:21[0m[0m.730[0m[0m [34m[1mINFO[22m[39m[0m[0m [[37m\tests\Regrese\Sestavy\Uzivatelske_Sestavy_Life_Cycle_api.spec.ts:112[39m[0m[0m]Krok 1: Sestava úspěšně vytvořena (Status 201 OK).
2025[0m[0m-11[0m[0m-19[0m[0m 13[0m[0m:25[0m[0m:21[0m[0m.731[0m[0m [34m[1mINFO[22m[39m[0m[0m [[37m\tests\Regrese\Sestavy\Uzivatelske_Sestavy_Life_Cycle_api.spec.ts:124[39m[0m[0m]Krok 2: Ověření vytvoření sestavy a čtení dat.
2025[0m[0m-11[0m[0m-19[0m[0m 13[0m[0m:25[0m[0m:21[0m[0m.732[0m[0m [32m[1mDEBUG[22m[39m[0m[0m [[37m\tests\Regrese\Sestavy\Uzivatelske_Sestavy_Life_Cycle_api.spec.ts:135[39m[0m[0m]Parametry pro /reports-api/listOfUsersReports/60193531: {"offset":0,"limit":1,"sort":"-updated"}
2025[0m[0m-11[0m[0m-19[0m[0m 13[0m[0m:25[0m[0m:21[0m[0m.808[0m[0m [34m[1mINFO[22m[39m[0m[0m [[37m\api\BaseApiClient.ts:94[39m[0m[0m][8ee48eeb] <--- 200 GET http://192.168.130.239:8180/reports-api/listOfUsersReports/60193531 (74.72 ms)
2025[0m[0m-11[0m[0m-19[0m[0m 13[0m[0m:25[0m[0m:21[0m[0m.813[0m[0m [34m[1mINFO[22m[39m[0m[0m [[37m\tests\Regrese\Sestavy\Uzivatelske_Sestavy_Life_Cycle_api.spec.ts:157[39m[0m[0m]Krok 2: Sestava 'Export položek pokladních dokladů - 1763558704254' úspěšně nalezena s ID: 2776.
2025[0m[0m-11[0m[0m-19[0m[0m 13[0m[0m:25[0m[0m:21[0m[0m.814[0m[0m [32m[1mDEBUG[22m[39m[0m[0m [[37m\tests\Regrese\Sestavy\Uzivatelske_Sestavy_Life_Cycle_api.spec.ts:161[39m[0m[0m]Nalezen počet položek (itemsCount): 265546
2025[0m[0m-11[0m[0m-19[0m[0m 13[0m[0m:25[0m[0m:21[0m[0m.815[0m[0m [34m[1mINFO[22m[39m[0m[0m [[37m\tests\Regrese\Sestavy\Uzivatelske_Sestavy_Life_Cycle_api.spec.ts:169[39m[0m[0m]Krok 2: Sestava obsahuje 265546 položek.
2025[0m[0m-11[0m[0m-19[0m[0m 13[0m[0m:25[0m[0m:21[0m[0m.816[0m[0m [32m[1mDEBUG[22m[39m[0m[0m [[37m\tests\Regrese\Sestavy\Uzivatelske_Sestavy_Life_Cycle_api.spec.ts:172[39m[0m[0m]Sestava 'Export položek pokladních dokladů - 1763558704254' má vlastnost public: false
2025[0m[0m-11[0m[0m-19[0m[0m 13[0m[0m:25[0m[0m:21[0m[0m.820[0m[0m [34m[1mINFO[22m[39m[0m[0m [[37m\tests\Regrese\Sestavy\Uzivatelske_Sestavy_Life_Cycle_api.spec.ts:193[39m[0m[0m]Krok 3: Mažu vytvořenou sestavu s ID: 2776
2025[0m[0m-11[0m[0m-19[0m[0m 13[0m[0m:25[0m[0m:21[0m[0m.851[0m[0m [34m[1mINFO[22m[39m[0m[0m [[37m\api\BaseApiClient.ts:94[39m[0m[0m][a25439d0] <--- 200 DELETE http://192.168.130.239:8180/reports-api/usersReports/2776 (28.59 ms)
2025[0m[0m-11[0m[0m-19[0m[0m 13[0m[0m:25[0m[0m:21[0m[0m.856[0m[0m [34m[1mINFO[22m[39m[0m[0m [[37m\tests\Regrese\Sestavy\Uzivatelske_Sestavy_Life_Cycle_api.spec.ts:200[39m[0m[0m]Krok 3: Sestava s ID 2776 úspěšně smazána.
]]></system-out>
    </testcase>
    <testcase name="TC_Sestavy_007: Přehled nákupů zboží  @regression @report @api @medium" classname="Regrese\Sestavy\Uzivatelske_Sestavy_Life_Cycle_api.spec.ts" time="0.968">
      <system-out><![CDATA[2025[0m[0m-11[0m[0m-19[0m[0m 13[0m[0m:25[0m[0m:22[0m[0m.547[0m[0m [32m[1mDEBUG[22m[39m[0m[0m [[37m\support\fixtures\auth.fixture.ts:45[39m[0m[0m]FIXTURE 'authToken': Kontroluji, zda je odpověď OK (status 2xx)...
2025[0m[0m-11[0m[0m-19[0m[0m 13[0m[0m:25[0m[0m:22[0m[0m.552[0m[0m [32m[1mDEBUG[22m[39m[0m[0m [[37m\tests\Regrese\Sestavy\Uzivatelske_Sestavy_Life_Cycle_api.spec.ts:80[39m[0m[0m]Generuji unikátní název sestavy pro testovací případ 'TC_Sestavy_007': Přehled nákupů zboží - 1763558722551
2025[0m[0m-11[0m[0m-19[0m[0m 13[0m[0m:25[0m[0m:22[0m[0m.553[0m[0m [34m[1mINFO[22m[39m[0m[0m [[37m\tests\Regrese\Sestavy\Uzivatelske_Sestavy_Life_Cycle_api.spec.ts:86[39m[0m[0m]Spouštím test životního cyklu sestavy: Přehled nákupů zboží - 1763558722551 (Definice: P001)
2025[0m[0m-11[0m[0m-19[0m[0m 13[0m[0m:25[0m[0m:22[0m[0m.556[0m[0m [34m[1mINFO[22m[39m[0m[0m [[37m\tests\Regrese\Sestavy\Uzivatelske_Sestavy_Life_Cycle_api.spec.ts:92[39m[0m[0m]Krok 1: Vytváření nové sestavy: Přehled nákupů zboží - 1763558722551
2025[0m[0m-11[0m[0m-19[0m[0m 13[0m[0m:25[0m[0m:22[0m[0m.560[0m[0m [32m[1mDEBUG[22m[39m[0m[0m [[37m\tests\Regrese\Sestavy\Uzivatelske_Sestavy_Life_Cycle_api.spec.ts:105[39m[0m[0m]Payload pro /reports-api/usersReports/60193531: {
  "name": "Přehled nákupů zboží - 1763558722551",
  "public": false,
  "reportDefinitionId": "P001",
  "settings": {
    "availableFilters": [
      "stockId",
      "groupId",
      "supplierId",
      "plu"
    ],
    "dateModelType": "range",
    "dateFrom": "2025-07-03T23:00:00.000Z",
    "dateTo": null,
    "stockId": [],
    "groupId": [],
    "supplierId": [],
    "plu": [],
    "sort": "",
    "selectedCard": [],
    "exportParameters": {
      "tabsParam": "",
      "exportIntoTabs": false,
      "exportFileName": false,
      "exportDateTime": true,
      "summaries": false
    }
  }
}
2025[0m[0m-11[0m[0m-19[0m[0m 13[0m[0m:25[0m[0m:22[0m[0m.703[0m[0m [34m[1mINFO[22m[39m[0m[0m [[37m\api\BaseApiClient.ts:94[39m[0m[0m][0fd3c812] <--- 200 POST http://192.168.130.239:8180/reports-api/usersReports/60193531 (140.11 ms)
2025[0m[0m-11[0m[0m-19[0m[0m 13[0m[0m:25[0m[0m:22[0m[0m.705[0m[0m [34m[1mINFO[22m[39m[0m[0m [[37m\tests\Regrese\Sestavy\Uzivatelske_Sestavy_Life_Cycle_api.spec.ts:112[39m[0m[0m]Krok 1: Sestava úspěšně vytvořena (Status 201 OK).
2025[0m[0m-11[0m[0m-19[0m[0m 13[0m[0m:25[0m[0m:22[0m[0m.706[0m[0m [34m[1mINFO[22m[39m[0m[0m [[37m\tests\Regrese\Sestavy\Uzivatelske_Sestavy_Life_Cycle_api.spec.ts:124[39m[0m[0m]Krok 2: Ověření vytvoření sestavy a čtení dat.
2025[0m[0m-11[0m[0m-19[0m[0m 13[0m[0m:25[0m[0m:22[0m[0m.707[0m[0m [32m[1mDEBUG[22m[39m[0m[0m [[37m\tests\Regrese\Sestavy\Uzivatelske_Sestavy_Life_Cycle_api.spec.ts:135[39m[0m[0m]Parametry pro /reports-api/listOfUsersReports/60193531: {"offset":0,"limit":1,"sort":"-updated"}
2025[0m[0m-11[0m[0m-19[0m[0m 13[0m[0m:25[0m[0m:22[0m[0m.771[0m[0m [34m[1mINFO[22m[39m[0m[0m [[37m\api\BaseApiClient.ts:94[39m[0m[0m][d740e701] <--- 200 GET http://192.168.130.239:8180/reports-api/listOfUsersReports/60193531 (63.03 ms)
2025[0m[0m-11[0m[0m-19[0m[0m 13[0m[0m:25[0m[0m:22[0m[0m.776[0m[0m [34m[1mINFO[22m[39m[0m[0m [[37m\tests\Regrese\Sestavy\Uzivatelske_Sestavy_Life_Cycle_api.spec.ts:157[39m[0m[0m]Krok 2: Sestava 'Přehled nákupů zboží - 1763558722551' úspěšně nalezena s ID: 2777.
2025[0m[0m-11[0m[0m-19[0m[0m 13[0m[0m:25[0m[0m:22[0m[0m.777[0m[0m [32m[1mDEBUG[22m[39m[0m[0m [[37m\tests\Regrese\Sestavy\Uzivatelske_Sestavy_Life_Cycle_api.spec.ts:161[39m[0m[0m]Nalezen počet položek (itemsCount): 132
2025[0m[0m-11[0m[0m-19[0m[0m 13[0m[0m:25[0m[0m:22[0m[0m.777[0m[0m [34m[1mINFO[22m[39m[0m[0m [[37m\tests\Regrese\Sestavy\Uzivatelske_Sestavy_Life_Cycle_api.spec.ts:169[39m[0m[0m]Krok 2: Sestava obsahuje 132 položek.
2025[0m[0m-11[0m[0m-19[0m[0m 13[0m[0m:25[0m[0m:22[0m[0m.779[0m[0m [32m[1mDEBUG[22m[39m[0m[0m [[37m\tests\Regrese\Sestavy\Uzivatelske_Sestavy_Life_Cycle_api.spec.ts:172[39m[0m[0m]Sestava 'Přehled nákupů zboží - 1763558722551' má vlastnost public: false
2025[0m[0m-11[0m[0m-19[0m[0m 13[0m[0m:25[0m[0m:22[0m[0m.784[0m[0m [34m[1mINFO[22m[39m[0m[0m [[37m\tests\Regrese\Sestavy\Uzivatelske_Sestavy_Life_Cycle_api.spec.ts:193[39m[0m[0m]Krok 3: Mažu vytvořenou sestavu s ID: 2777
2025[0m[0m-11[0m[0m-19[0m[0m 13[0m[0m:25[0m[0m:22[0m[0m.827[0m[0m [34m[1mINFO[22m[39m[0m[0m [[37m\api\BaseApiClient.ts:94[39m[0m[0m][1b7e8c92] <--- 200 DELETE http://192.168.130.239:8180/reports-api/usersReports/2777 (41.08 ms)
2025[0m[0m-11[0m[0m-19[0m[0m 13[0m[0m:25[0m[0m:22[0m[0m.829[0m[0m [34m[1mINFO[22m[39m[0m[0m [[37m\tests\Regrese\Sestavy\Uzivatelske_Sestavy_Life_Cycle_api.spec.ts:200[39m[0m[0m]Krok 3: Sestava s ID 2777 úspěšně smazána.
]]></system-out>
    </testcase>
    <testcase name="TC_Sestavy_008: Přehled dodávek PHM pro FÚ  @regression @report @api @medium" classname="Regrese\Sestavy\Uzivatelske_Sestavy_Life_Cycle_api.spec.ts" time="1">
      <system-out><![CDATA[2025[0m[0m-11[0m[0m-19[0m[0m 13[0m[0m:25[0m[0m:23[0m[0m.554[0m[0m [32m[1mDEBUG[22m[39m[0m[0m [[37m\support\fixtures\auth.fixture.ts:45[39m[0m[0m]FIXTURE 'authToken': Kontroluji, zda je odpověď OK (status 2xx)...
2025[0m[0m-11[0m[0m-19[0m[0m 13[0m[0m:25[0m[0m:23[0m[0m.558[0m[0m [32m[1mDEBUG[22m[39m[0m[0m [[37m\tests\Regrese\Sestavy\Uzivatelske_Sestavy_Life_Cycle_api.spec.ts:80[39m[0m[0m]Generuji unikátní název sestavy pro testovací případ 'TC_Sestavy_008': Přehled dodávek PHM pro FÚ - 1763558723558
2025[0m[0m-11[0m[0m-19[0m[0m 13[0m[0m:25[0m[0m:23[0m[0m.560[0m[0m [34m[1mINFO[22m[39m[0m[0m [[37m\tests\Regrese\Sestavy\Uzivatelske_Sestavy_Life_Cycle_api.spec.ts:86[39m[0m[0m]Spouštím test životního cyklu sestavy: Přehled dodávek PHM pro FÚ - 1763558723558 (Definice: P002)
2025[0m[0m-11[0m[0m-19[0m[0m 13[0m[0m:25[0m[0m:23[0m[0m.562[0m[0m [34m[1mINFO[22m[39m[0m[0m [[37m\tests\Regrese\Sestavy\Uzivatelske_Sestavy_Life_Cycle_api.spec.ts:92[39m[0m[0m]Krok 1: Vytváření nové sestavy: Přehled dodávek PHM pro FÚ - 1763558723558
2025[0m[0m-11[0m[0m-19[0m[0m 13[0m[0m:25[0m[0m:23[0m[0m.563[0m[0m [32m[1mDEBUG[22m[39m[0m[0m [[37m\tests\Regrese\Sestavy\Uzivatelske_Sestavy_Life_Cycle_api.spec.ts:105[39m[0m[0m]Payload pro /reports-api/usersReports/60193531: {
  "name": "Přehled dodávek PHM pro FÚ - 1763558723558",
  "public": false,
  "reportDefinitionId": "P002",
  "settings": {
    "availableFilters": [
      "stockId"
    ],
    "dateModelType": "ymd",
    "year": 2025,
    "month": 7,
    "day": "0",
    "stockId": [],
    "sort": "",
    "exportParameters": {
      "tabsParam": "",
      "exportIntoTabs": false,
      "exportFileName": false,
      "exportDateTime": true,
      "summaries": false
    }
  }
}
2025[0m[0m-11[0m[0m-19[0m[0m 13[0m[0m:25[0m[0m:23[0m[0m.693[0m[0m [34m[1mINFO[22m[39m[0m[0m [[37m\api\BaseApiClient.ts:94[39m[0m[0m][46790dd1] <--- 200 POST http://192.168.130.239:8180/reports-api/usersReports/60193531 (128.34 ms)
2025[0m[0m-11[0m[0m-19[0m[0m 13[0m[0m:25[0m[0m:23[0m[0m.694[0m[0m [34m[1mINFO[22m[39m[0m[0m [[37m\tests\Regrese\Sestavy\Uzivatelske_Sestavy_Life_Cycle_api.spec.ts:112[39m[0m[0m]Krok 1: Sestava úspěšně vytvořena (Status 201 OK).
2025[0m[0m-11[0m[0m-19[0m[0m 13[0m[0m:25[0m[0m:23[0m[0m.695[0m[0m [34m[1mINFO[22m[39m[0m[0m [[37m\tests\Regrese\Sestavy\Uzivatelske_Sestavy_Life_Cycle_api.spec.ts:124[39m[0m[0m]Krok 2: Ověření vytvoření sestavy a čtení dat.
2025[0m[0m-11[0m[0m-19[0m[0m 13[0m[0m:25[0m[0m:23[0m[0m.697[0m[0m [32m[1mDEBUG[22m[39m[0m[0m [[37m\tests\Regrese\Sestavy\Uzivatelske_Sestavy_Life_Cycle_api.spec.ts:135[39m[0m[0m]Parametry pro /reports-api/listOfUsersReports/60193531: {"offset":0,"limit":1,"sort":"-updated"}
2025[0m[0m-11[0m[0m-19[0m[0m 13[0m[0m:25[0m[0m:23[0m[0m.772[0m[0m [34m[1mINFO[22m[39m[0m[0m [[37m\api\BaseApiClient.ts:94[39m[0m[0m][269cc512] <--- 200 GET http://192.168.130.239:8180/reports-api/listOfUsersReports/60193531 (73.83 ms)
2025[0m[0m-11[0m[0m-19[0m[0m 13[0m[0m:25[0m[0m:23[0m[0m.778[0m[0m [34m[1mINFO[22m[39m[0m[0m [[37m\tests\Regrese\Sestavy\Uzivatelske_Sestavy_Life_Cycle_api.spec.ts:157[39m[0m[0m]Krok 2: Sestava 'Přehled dodávek PHM pro FÚ - 1763558723558' úspěšně nalezena s ID: 2778.
2025[0m[0m-11[0m[0m-19[0m[0m 13[0m[0m:25[0m[0m:23[0m[0m.779[0m[0m [32m[1mDEBUG[22m[39m[0m[0m [[37m\tests\Regrese\Sestavy\Uzivatelske_Sestavy_Life_Cycle_api.spec.ts:161[39m[0m[0m]Nalezen počet položek (itemsCount): 168
2025[0m[0m-11[0m[0m-19[0m[0m 13[0m[0m:25[0m[0m:23[0m[0m.780[0m[0m [34m[1mINFO[22m[39m[0m[0m [[37m\tests\Regrese\Sestavy\Uzivatelske_Sestavy_Life_Cycle_api.spec.ts:169[39m[0m[0m]Krok 2: Sestava obsahuje 168 položek.
2025[0m[0m-11[0m[0m-19[0m[0m 13[0m[0m:25[0m[0m:23[0m[0m.782[0m[0m [32m[1mDEBUG[22m[39m[0m[0m [[37m\tests\Regrese\Sestavy\Uzivatelske_Sestavy_Life_Cycle_api.spec.ts:172[39m[0m[0m]Sestava 'Přehled dodávek PHM pro FÚ - 1763558723558' má vlastnost public: false
2025[0m[0m-11[0m[0m-19[0m[0m 13[0m[0m:25[0m[0m:23[0m[0m.789[0m[0m [34m[1mINFO[22m[39m[0m[0m [[37m\tests\Regrese\Sestavy\Uzivatelske_Sestavy_Life_Cycle_api.spec.ts:193[39m[0m[0m]Krok 3: Mažu vytvořenou sestavu s ID: 2778
2025[0m[0m-11[0m[0m-19[0m[0m 13[0m[0m:25[0m[0m:23[0m[0m.830[0m[0m [34m[1mINFO[22m[39m[0m[0m [[37m\api\BaseApiClient.ts:94[39m[0m[0m][8237adbd] <--- 200 DELETE http://192.168.130.239:8180/reports-api/usersReports/2778 (38.78 ms)
2025[0m[0m-11[0m[0m-19[0m[0m 13[0m[0m:25[0m[0m:23[0m[0m.833[0m[0m [34m[1mINFO[22m[39m[0m[0m [[37m\tests\Regrese\Sestavy\Uzivatelske_Sestavy_Life_Cycle_api.spec.ts:200[39m[0m[0m]Krok 3: Sestava s ID 2778 úspěšně smazána.
]]></system-out>
    </testcase>
    <testcase name="TC_Sestavy_009: Přehled pohybů zboží  @regression @report @api @medium" classname="Regrese\Sestavy\Uzivatelske_Sestavy_Life_Cycle_api.spec.ts" time="1.506">
      <system-out><![CDATA[2025[0m[0m-11[0m[0m-19[0m[0m 13[0m[0m:25[0m[0m:24[0m[0m.593[0m[0m [32m[1mDEBUG[22m[39m[0m[0m [[37m\support\fixtures\auth.fixture.ts:45[39m[0m[0m]FIXTURE 'authToken': Kontroluji, zda je odpověď OK (status 2xx)...
2025[0m[0m-11[0m[0m-19[0m[0m 13[0m[0m:25[0m[0m:24[0m[0m.597[0m[0m [32m[1mDEBUG[22m[39m[0m[0m [[37m\tests\Regrese\Sestavy\Uzivatelske_Sestavy_Life_Cycle_api.spec.ts:80[39m[0m[0m]Generuji unikátní název sestavy pro testovací případ 'TC_Sestavy_009': Přehled pohybů zboží - 1763558724597
2025[0m[0m-11[0m[0m-19[0m[0m 13[0m[0m:25[0m[0m:24[0m[0m.598[0m[0m [34m[1mINFO[22m[39m[0m[0m [[37m\tests\Regrese\Sestavy\Uzivatelske_Sestavy_Life_Cycle_api.spec.ts:86[39m[0m[0m]Spouštím test životního cyklu sestavy: Přehled pohybů zboží - 1763558724597 (Definice: S001)
2025[0m[0m-11[0m[0m-19[0m[0m 13[0m[0m:25[0m[0m:24[0m[0m.599[0m[0m [34m[1mINFO[22m[39m[0m[0m [[37m\tests\Regrese\Sestavy\Uzivatelske_Sestavy_Life_Cycle_api.spec.ts:92[39m[0m[0m]Krok 1: Vytváření nové sestavy: Přehled pohybů zboží - 1763558724597
2025[0m[0m-11[0m[0m-19[0m[0m 13[0m[0m:25[0m[0m:24[0m[0m.599[0m[0m [32m[1mDEBUG[22m[39m[0m[0m [[37m\tests\Regrese\Sestavy\Uzivatelske_Sestavy_Life_Cycle_api.spec.ts:105[39m[0m[0m]Payload pro /reports-api/usersReports/60193531: {
  "name": "Přehled pohybů zboží - 1763558724597",
  "public": false,
  "reportDefinitionId": "S001",
  "settings": {
    "availableFilters": [
      "stockId",
      "groupId"
    ],
    "dateModelType": "ymd",
    "year": 2025,
    "month": 7,
    "day": "0",
    "stockId": [],
    "groupId": [],
    "sort": "",
    "exportParameters": {
      "tabsParam": "",
      "exportIntoTabs": false,
      "exportFileName": false,
      "exportDateTime": true,
      "summaries": false
    }
  }
}
2025[0m[0m-11[0m[0m-19[0m[0m 13[0m[0m:25[0m[0m:25[0m[0m.237[0m[0m [34m[1mINFO[22m[39m[0m[0m [[37m\api\BaseApiClient.ts:94[39m[0m[0m][32e0f9f9] <--- 200 POST http://192.168.130.239:8180/reports-api/usersReports/60193531 (637.29 ms)
2025[0m[0m-11[0m[0m-19[0m[0m 13[0m[0m:25[0m[0m:25[0m[0m.240[0m[0m [34m[1mINFO[22m[39m[0m[0m [[37m\tests\Regrese\Sestavy\Uzivatelske_Sestavy_Life_Cycle_api.spec.ts:112[39m[0m[0m]Krok 1: Sestava úspěšně vytvořena (Status 201 OK).
2025[0m[0m-11[0m[0m-19[0m[0m 13[0m[0m:25[0m[0m:25[0m[0m.242[0m[0m [34m[1mINFO[22m[39m[0m[0m [[37m\tests\Regrese\Sestavy\Uzivatelske_Sestavy_Life_Cycle_api.spec.ts:124[39m[0m[0m]Krok 2: Ověření vytvoření sestavy a čtení dat.
2025[0m[0m-11[0m[0m-19[0m[0m 13[0m[0m:25[0m[0m:25[0m[0m.243[0m[0m [32m[1mDEBUG[22m[39m[0m[0m [[37m\tests\Regrese\Sestavy\Uzivatelske_Sestavy_Life_Cycle_api.spec.ts:135[39m[0m[0m]Parametry pro /reports-api/listOfUsersReports/60193531: {"offset":0,"limit":1,"sort":"-updated"}
2025[0m[0m-11[0m[0m-19[0m[0m 13[0m[0m:25[0m[0m:25[0m[0m.293[0m[0m [34m[1mINFO[22m[39m[0m[0m [[37m\api\BaseApiClient.ts:94[39m[0m[0m][636e6a91] <--- 200 GET http://192.168.130.239:8180/reports-api/listOfUsersReports/60193531 (49.09 ms)
2025[0m[0m-11[0m[0m-19[0m[0m 13[0m[0m:25[0m[0m:25[0m[0m.299[0m[0m [34m[1mINFO[22m[39m[0m[0m [[37m\tests\Regrese\Sestavy\Uzivatelske_Sestavy_Life_Cycle_api.spec.ts:157[39m[0m[0m]Krok 2: Sestava 'Přehled pohybů zboží - 1763558724597' úspěšně nalezena s ID: 2779.
2025[0m[0m-11[0m[0m-19[0m[0m 13[0m[0m:25[0m[0m:25[0m[0m.301[0m[0m [32m[1mDEBUG[22m[39m[0m[0m [[37m\tests\Regrese\Sestavy\Uzivatelske_Sestavy_Life_Cycle_api.spec.ts:161[39m[0m[0m]Nalezen počet položek (itemsCount): 10514
2025[0m[0m-11[0m[0m-19[0m[0m 13[0m[0m:25[0m[0m:25[0m[0m.303[0m[0m [34m[1mINFO[22m[39m[0m[0m [[37m\tests\Regrese\Sestavy\Uzivatelske_Sestavy_Life_Cycle_api.spec.ts:169[39m[0m[0m]Krok 2: Sestava obsahuje 10514 položek.
2025[0m[0m-11[0m[0m-19[0m[0m 13[0m[0m:25[0m[0m:25[0m[0m.306[0m[0m [32m[1mDEBUG[22m[39m[0m[0m [[37m\tests\Regrese\Sestavy\Uzivatelske_Sestavy_Life_Cycle_api.spec.ts:172[39m[0m[0m]Sestava 'Přehled pohybů zboží - 1763558724597' má vlastnost public: false
2025[0m[0m-11[0m[0m-19[0m[0m 13[0m[0m:25[0m[0m:25[0m[0m.310[0m[0m [34m[1mINFO[22m[39m[0m[0m [[37m\tests\Regrese\Sestavy\Uzivatelske_Sestavy_Life_Cycle_api.spec.ts:193[39m[0m[0m]Krok 3: Mažu vytvořenou sestavu s ID: 2779
2025[0m[0m-11[0m[0m-19[0m[0m 13[0m[0m:25[0m[0m:25[0m[0m.338[0m[0m [34m[1mINFO[22m[39m[0m[0m [[37m\api\BaseApiClient.ts:94[39m[0m[0m][99cb52f4] <--- 200 DELETE http://192.168.130.239:8180/reports-api/usersReports/2779 (25.65 ms)
2025[0m[0m-11[0m[0m-19[0m[0m 13[0m[0m:25[0m[0m:25[0m[0m.343[0m[0m [34m[1mINFO[22m[39m[0m[0m [[37m\tests\Regrese\Sestavy\Uzivatelske_Sestavy_Life_Cycle_api.spec.ts:200[39m[0m[0m]Krok 3: Sestava s ID 2779 úspěšně smazána.
]]></system-out>
    </testcase>
    <testcase name="TC_Sestavy_010: Přehled přecenění  @regression @report @api @medium" classname="Regrese\Sestavy\Uzivatelske_Sestavy_Life_Cycle_api.spec.ts" time="0.99">
      <system-out><![CDATA[2025[0m[0m-11[0m[0m-19[0m[0m 13[0m[0m:25[0m[0m:26[0m[0m.030[0m[0m [32m[1mDEBUG[22m[39m[0m[0m [[37m\support\fixtures\auth.fixture.ts:45[39m[0m[0m]FIXTURE 'authToken': Kontroluji, zda je odpověď OK (status 2xx)...
2025[0m[0m-11[0m[0m-19[0m[0m 13[0m[0m:25[0m[0m:26[0m[0m.034[0m[0m [32m[1mDEBUG[22m[39m[0m[0m [[37m\tests\Regrese\Sestavy\Uzivatelske_Sestavy_Life_Cycle_api.spec.ts:80[39m[0m[0m]Generuji unikátní název sestavy pro testovací případ 'TC_Sestavy_010': Přehled přecenění - 1763558726034
2025[0m[0m-11[0m[0m-19[0m[0m 13[0m[0m:25[0m[0m:26[0m[0m.035[0m[0m [34m[1mINFO[22m[39m[0m[0m [[37m\tests\Regrese\Sestavy\Uzivatelske_Sestavy_Life_Cycle_api.spec.ts:86[39m[0m[0m]Spouštím test životního cyklu sestavy: Přehled přecenění - 1763558726034 (Definice: S002)
2025[0m[0m-11[0m[0m-19[0m[0m 13[0m[0m:25[0m[0m:26[0m[0m.038[0m[0m [34m[1mINFO[22m[39m[0m[0m [[37m\tests\Regrese\Sestavy\Uzivatelske_Sestavy_Life_Cycle_api.spec.ts:92[39m[0m[0m]Krok 1: Vytváření nové sestavy: Přehled přecenění - 1763558726034
2025[0m[0m-11[0m[0m-19[0m[0m 13[0m[0m:25[0m[0m:26[0m[0m.039[0m[0m [32m[1mDEBUG[22m[39m[0m[0m [[37m\tests\Regrese\Sestavy\Uzivatelske_Sestavy_Life_Cycle_api.spec.ts:105[39m[0m[0m]Payload pro /reports-api/usersReports/60193531: {
  "name": "Přehled přecenění - 1763558726034",
  "public": false,
  "reportDefinitionId": "S002",
  "settings": {
    "availableFilters": [
      "stockId",
      "stkitmType",
      "groupId"
    ],
    "dateModelType": "range",
    "dateFrom": "2025-07-03T23:00:00.000Z",
    "dateTo": null,
    "stockId": [],
    "stkitmType": [],
    "groupId": [],
    "sort": "",
    "exportParameters": {
      "tabsParam": "",
      "exportIntoTabs": false,
      "exportFileName": false,
      "exportDateTime": true,
      "summaries": false
    }
  }
}
2025[0m[0m-11[0m[0m-19[0m[0m 13[0m[0m:25[0m[0m:26[0m[0m.232[0m[0m [34m[1mINFO[22m[39m[0m[0m [[37m\api\BaseApiClient.ts:94[39m[0m[0m][ca9a150b] <--- 200 POST http://192.168.130.239:8180/reports-api/usersReports/60193531 (191.12 ms)
2025[0m[0m-11[0m[0m-19[0m[0m 13[0m[0m:25[0m[0m:26[0m[0m.234[0m[0m [34m[1mINFO[22m[39m[0m[0m [[37m\tests\Regrese\Sestavy\Uzivatelske_Sestavy_Life_Cycle_api.spec.ts:112[39m[0m[0m]Krok 1: Sestava úspěšně vytvořena (Status 201 OK).
2025[0m[0m-11[0m[0m-19[0m[0m 13[0m[0m:25[0m[0m:26[0m[0m.236[0m[0m [34m[1mINFO[22m[39m[0m[0m [[37m\tests\Regrese\Sestavy\Uzivatelske_Sestavy_Life_Cycle_api.spec.ts:124[39m[0m[0m]Krok 2: Ověření vytvoření sestavy a čtení dat.
2025[0m[0m-11[0m[0m-19[0m[0m 13[0m[0m:25[0m[0m:26[0m[0m.237[0m[0m [32m[1mDEBUG[22m[39m[0m[0m [[37m\tests\Regrese\Sestavy\Uzivatelske_Sestavy_Life_Cycle_api.spec.ts:135[39m[0m[0m]Parametry pro /reports-api/listOfUsersReports/60193531: {"offset":0,"limit":1,"sort":"-updated"}
2025[0m[0m-11[0m[0m-19[0m[0m 13[0m[0m:25[0m[0m:26[0m[0m.277[0m[0m [34m[1mINFO[22m[39m[0m[0m [[37m\api\BaseApiClient.ts:94[39m[0m[0m][eaac64e8] <--- 200 GET http://192.168.130.239:8180/reports-api/listOfUsersReports/60193531 (39.14 ms)
2025[0m[0m-11[0m[0m-19[0m[0m 13[0m[0m:25[0m[0m:26[0m[0m.285[0m[0m [34m[1mINFO[22m[39m[0m[0m [[37m\tests\Regrese\Sestavy\Uzivatelske_Sestavy_Life_Cycle_api.spec.ts:157[39m[0m[0m]Krok 2: Sestava 'Přehled přecenění - 1763558726034' úspěšně nalezena s ID: 2780.
2025[0m[0m-11[0m[0m-19[0m[0m 13[0m[0m:25[0m[0m:26[0m[0m.286[0m[0m [32m[1mDEBUG[22m[39m[0m[0m [[37m\tests\Regrese\Sestavy\Uzivatelske_Sestavy_Life_Cycle_api.spec.ts:161[39m[0m[0m]Nalezen počet položek (itemsCount): 11
2025[0m[0m-11[0m[0m-19[0m[0m 13[0m[0m:25[0m[0m:26[0m[0m.287[0m[0m [34m[1mINFO[22m[39m[0m[0m [[37m\tests\Regrese\Sestavy\Uzivatelske_Sestavy_Life_Cycle_api.spec.ts:169[39m[0m[0m]Krok 2: Sestava obsahuje 11 položek.
2025[0m[0m-11[0m[0m-19[0m[0m 13[0m[0m:25[0m[0m:26[0m[0m.289[0m[0m [32m[1mDEBUG[22m[39m[0m[0m [[37m\tests\Regrese\Sestavy\Uzivatelske_Sestavy_Life_Cycle_api.spec.ts:172[39m[0m[0m]Sestava 'Přehled přecenění - 1763558726034' má vlastnost public: false
2025[0m[0m-11[0m[0m-19[0m[0m 13[0m[0m:25[0m[0m:26[0m[0m.292[0m[0m [34m[1mINFO[22m[39m[0m[0m [[37m\tests\Regrese\Sestavy\Uzivatelske_Sestavy_Life_Cycle_api.spec.ts:193[39m[0m[0m]Krok 3: Mažu vytvořenou sestavu s ID: 2780
2025[0m[0m-11[0m[0m-19[0m[0m 13[0m[0m:25[0m[0m:26[0m[0m.344[0m[0m [34m[1mINFO[22m[39m[0m[0m [[37m\api\BaseApiClient.ts:94[39m[0m[0m][8ff34669] <--- 200 DELETE http://192.168.130.239:8180/reports-api/usersReports/2780 (51.59 ms)
2025[0m[0m-11[0m[0m-19[0m[0m 13[0m[0m:25[0m[0m:26[0m[0m.347[0m[0m [34m[1mINFO[22m[39m[0m[0m [[37m\tests\Regrese\Sestavy\Uzivatelske_Sestavy_Life_Cycle_api.spec.ts:200[39m[0m[0m]Krok 3: Sestava s ID 2780 úspěšně smazána.
]]></system-out>
    </testcase>
    <testcase name="TC_Sestavy_011: Půlnoční zásoby PHM  @regression @report @api @medium" classname="Regrese\Sestavy\Uzivatelske_Sestavy_Life_Cycle_api.spec.ts" time="1.279">
      <system-out><![CDATA[2025[0m[0m-11[0m[0m-19[0m[0m 13[0m[0m:25[0m[0m:27[0m[0m.065[0m[0m [32m[1mDEBUG[22m[39m[0m[0m [[37m\support\fixtures\auth.fixture.ts:45[39m[0m[0m]FIXTURE 'authToken': Kontroluji, zda je odpověď OK (status 2xx)...
2025[0m[0m-11[0m[0m-19[0m[0m 13[0m[0m:25[0m[0m:27[0m[0m.069[0m[0m [32m[1mDEBUG[22m[39m[0m[0m [[37m\tests\Regrese\Sestavy\Uzivatelske_Sestavy_Life_Cycle_api.spec.ts:80[39m[0m[0m]Generuji unikátní název sestavy pro testovací případ 'TC_Sestavy_011': Půlnoční zásoby PHM - 1763558727069
2025[0m[0m-11[0m[0m-19[0m[0m 13[0m[0m:25[0m[0m:27[0m[0m.071[0m[0m [34m[1mINFO[22m[39m[0m[0m [[37m\tests\Regrese\Sestavy\Uzivatelske_Sestavy_Life_Cycle_api.spec.ts:86[39m[0m[0m]Spouštím test životního cyklu sestavy: Půlnoční zásoby PHM - 1763558727069 (Definice: S003)
2025[0m[0m-11[0m[0m-19[0m[0m 13[0m[0m:25[0m[0m:27[0m[0m.073[0m[0m [34m[1mINFO[22m[39m[0m[0m [[37m\tests\Regrese\Sestavy\Uzivatelske_Sestavy_Life_Cycle_api.spec.ts:92[39m[0m[0m]Krok 1: Vytváření nové sestavy: Půlnoční zásoby PHM - 1763558727069
2025[0m[0m-11[0m[0m-19[0m[0m 13[0m[0m:25[0m[0m:27[0m[0m.075[0m[0m [32m[1mDEBUG[22m[39m[0m[0m [[37m\tests\Regrese\Sestavy\Uzivatelske_Sestavy_Life_Cycle_api.spec.ts:105[39m[0m[0m]Payload pro /reports-api/usersReports/60193531: {
  "name": "Půlnoční zásoby PHM - 1763558727069",
  "public": false,
  "reportDefinitionId": "S003",
  "settings": {
    "availableFilters": [
      "stockId"
    ],
    "dateModelType": "range",
    "dateFrom": "2025-07-03T23:00:00.000Z",
    "dateTo": null,
    "stockId": [],
    "sort": "",
    "exportParameters": {
      "tabsParam": "",
      "exportIntoTabs": false,
      "exportFileName": false,
      "exportDateTime": true,
      "summaries": false
    }
  }
}
2025[0m[0m-11[0m[0m-19[0m[0m 13[0m[0m:25[0m[0m:27[0m[0m.228[0m[0m [34m[1mINFO[22m[39m[0m[0m [[37m\api\BaseApiClient.ts:94[39m[0m[0m][38dcebf4] <--- 200 POST http://192.168.130.239:8180/reports-api/usersReports/60193531 (151.60 ms)
2025[0m[0m-11[0m[0m-19[0m[0m 13[0m[0m:25[0m[0m:27[0m[0m.232[0m[0m [34m[1mINFO[22m[39m[0m[0m [[37m\tests\Regrese\Sestavy\Uzivatelske_Sestavy_Life_Cycle_api.spec.ts:112[39m[0m[0m]Krok 1: Sestava úspěšně vytvořena (Status 201 OK).
2025[0m[0m-11[0m[0m-19[0m[0m 13[0m[0m:25[0m[0m:27[0m[0m.233[0m[0m [34m[1mINFO[22m[39m[0m[0m [[37m\tests\Regrese\Sestavy\Uzivatelske_Sestavy_Life_Cycle_api.spec.ts:124[39m[0m[0m]Krok 2: Ověření vytvoření sestavy a čtení dat.
2025[0m[0m-11[0m[0m-19[0m[0m 13[0m[0m:25[0m[0m:27[0m[0m.235[0m[0m [32m[1mDEBUG[22m[39m[0m[0m [[37m\tests\Regrese\Sestavy\Uzivatelske_Sestavy_Life_Cycle_api.spec.ts:135[39m[0m[0m]Parametry pro /reports-api/listOfUsersReports/60193531: {"offset":0,"limit":1,"sort":"-updated"}
2025[0m[0m-11[0m[0m-19[0m[0m 13[0m[0m:25[0m[0m:27[0m[0m.520[0m[0m [34m[1mINFO[22m[39m[0m[0m [[37m\api\BaseApiClient.ts:94[39m[0m[0m][e0a08186] <--- 200 GET http://192.168.130.239:8180/reports-api/listOfUsersReports/60193531 (282.53 ms)
2025[0m[0m-11[0m[0m-19[0m[0m 13[0m[0m:25[0m[0m:27[0m[0m.525[0m[0m [34m[1mINFO[22m[39m[0m[0m [[37m\tests\Regrese\Sestavy\Uzivatelske_Sestavy_Life_Cycle_api.spec.ts:157[39m[0m[0m]Krok 2: Sestava 'Půlnoční zásoby PHM - 1763558727069' úspěšně nalezena s ID: 2781.
2025[0m[0m-11[0m[0m-19[0m[0m 13[0m[0m:25[0m[0m:27[0m[0m.526[0m[0m [32m[1mDEBUG[22m[39m[0m[0m [[37m\tests\Regrese\Sestavy\Uzivatelske_Sestavy_Life_Cycle_api.spec.ts:161[39m[0m[0m]Nalezen počet položek (itemsCount): 973
2025[0m[0m-11[0m[0m-19[0m[0m 13[0m[0m:25[0m[0m:27[0m[0m.529[0m[0m [34m[1mINFO[22m[39m[0m[0m [[37m\tests\Regrese\Sestavy\Uzivatelske_Sestavy_Life_Cycle_api.spec.ts:169[39m[0m[0m]Krok 2: Sestava obsahuje 973 položek.
2025[0m[0m-11[0m[0m-19[0m[0m 13[0m[0m:25[0m[0m:27[0m[0m.532[0m[0m [32m[1mDEBUG[22m[39m[0m[0m [[37m\tests\Regrese\Sestavy\Uzivatelske_Sestavy_Life_Cycle_api.spec.ts:172[39m[0m[0m]Sestava 'Půlnoční zásoby PHM - 1763558727069' má vlastnost public: false
2025[0m[0m-11[0m[0m-19[0m[0m 13[0m[0m:25[0m[0m:27[0m[0m.537[0m[0m [34m[1mINFO[22m[39m[0m[0m [[37m\tests\Regrese\Sestavy\Uzivatelske_Sestavy_Life_Cycle_api.spec.ts:193[39m[0m[0m]Krok 3: Mažu vytvořenou sestavu s ID: 2781
2025[0m[0m-11[0m[0m-19[0m[0m 13[0m[0m:25[0m[0m:27[0m[0m.623[0m[0m [34m[1mINFO[22m[39m[0m[0m [[37m\api\BaseApiClient.ts:94[39m[0m[0m][5cb35b65] <--- 200 DELETE http://192.168.130.239:8180/reports-api/usersReports/2781 (84.44 ms)
2025[0m[0m-11[0m[0m-19[0m[0m 13[0m[0m:25[0m[0m:27[0m[0m.628[0m[0m [34m[1mINFO[22m[39m[0m[0m [[37m\tests\Regrese\Sestavy\Uzivatelske_Sestavy_Life_Cycle_api.spec.ts:200[39m[0m[0m]Krok 3: Sestava s ID 2781 úspěšně smazána.
]]></system-out>
    </testcase>
    <testcase name="TC_Sestavy_012: Přehled minimální zásoby skladových karet  @regression @report @api @medium" classname="Regrese\Sestavy\Uzivatelske_Sestavy_Life_Cycle_api.spec.ts" time="0.954">
      <system-out><![CDATA[2025[0m[0m-11[0m[0m-19[0m[0m 13[0m[0m:25[0m[0m:28[0m[0m.332[0m[0m [32m[1mDEBUG[22m[39m[0m[0m [[37m\support\fixtures\auth.fixture.ts:45[39m[0m[0m]FIXTURE 'authToken': Kontroluji, zda je odpověď OK (status 2xx)...
2025[0m[0m-11[0m[0m-19[0m[0m 13[0m[0m:25[0m[0m:28[0m[0m.335[0m[0m [32m[1mDEBUG[22m[39m[0m[0m [[37m\tests\Regrese\Sestavy\Uzivatelske_Sestavy_Life_Cycle_api.spec.ts:80[39m[0m[0m]Generuji unikátní název sestavy pro testovací případ 'TC_Sestavy_012': Přehled minimální zásoby skladových karet - 1763558728335
2025[0m[0m-11[0m[0m-19[0m[0m 13[0m[0m:25[0m[0m:28[0m[0m.337[0m[0m [34m[1mINFO[22m[39m[0m[0m [[37m\tests\Regrese\Sestavy\Uzivatelske_Sestavy_Life_Cycle_api.spec.ts:86[39m[0m[0m]Spouštím test životního cyklu sestavy: Přehled minimální zásoby skladových karet - 1763558728335 (Definice: S005)
2025[0m[0m-11[0m[0m-19[0m[0m 13[0m[0m:25[0m[0m:28[0m[0m.339[0m[0m [34m[1mINFO[22m[39m[0m[0m [[37m\tests\Regrese\Sestavy\Uzivatelske_Sestavy_Life_Cycle_api.spec.ts:92[39m[0m[0m]Krok 1: Vytváření nové sestavy: Přehled minimální zásoby skladových karet - 1763558728335
2025[0m[0m-11[0m[0m-19[0m[0m 13[0m[0m:25[0m[0m:28[0m[0m.341[0m[0m [32m[1mDEBUG[22m[39m[0m[0m [[37m\tests\Regrese\Sestavy\Uzivatelske_Sestavy_Life_Cycle_api.spec.ts:105[39m[0m[0m]Payload pro /reports-api/usersReports/60193531: {
  "name": "Přehled minimální zásoby skladových karet - 1763558728335",
  "public": false,
  "reportDefinitionId": "S005",
  "settings": {
    "availableFilters": [
      "stockId",
      "coeficient"
    ],
    "stockId": [],
    "sort": "",
    "exportParameters": {
      "tabsParam": "",
      "exportIntoTabs": false,
      "exportFileName": false,
      "exportDateTime": true,
      "summaries": false
    }
  }
}
2025[0m[0m-11[0m[0m-19[0m[0m 13[0m[0m:25[0m[0m:28[0m[0m.464[0m[0m [34m[1mINFO[22m[39m[0m[0m [[37m\api\BaseApiClient.ts:94[39m[0m[0m][30059b59] <--- 200 POST http://192.168.130.239:8180/reports-api/usersReports/60193531 (120.98 ms)
2025[0m[0m-11[0m[0m-19[0m[0m 13[0m[0m:25[0m[0m:28[0m[0m.465[0m[0m [34m[1mINFO[22m[39m[0m[0m [[37m\tests\Regrese\Sestavy\Uzivatelske_Sestavy_Life_Cycle_api.spec.ts:112[39m[0m[0m]Krok 1: Sestava úspěšně vytvořena (Status 201 OK).
2025[0m[0m-11[0m[0m-19[0m[0m 13[0m[0m:25[0m[0m:28[0m[0m.466[0m[0m [34m[1mINFO[22m[39m[0m[0m [[37m\tests\Regrese\Sestavy\Uzivatelske_Sestavy_Life_Cycle_api.spec.ts:124[39m[0m[0m]Krok 2: Ověření vytvoření sestavy a čtení dat.
2025[0m[0m-11[0m[0m-19[0m[0m 13[0m[0m:25[0m[0m:28[0m[0m.467[0m[0m [32m[1mDEBUG[22m[39m[0m[0m [[37m\tests\Regrese\Sestavy\Uzivatelske_Sestavy_Life_Cycle_api.spec.ts:135[39m[0m[0m]Parametry pro /reports-api/listOfUsersReports/60193531: {"offset":0,"limit":1,"sort":"-updated"}
2025[0m[0m-11[0m[0m-19[0m[0m 13[0m[0m:25[0m[0m:28[0m[0m.551[0m[0m [34m[1mINFO[22m[39m[0m[0m [[37m\api\BaseApiClient.ts:94[39m[0m[0m][1ee24a09] <--- 200 GET http://192.168.130.239:8180/reports-api/listOfUsersReports/60193531 (83.60 ms)
2025[0m[0m-11[0m[0m-19[0m[0m 13[0m[0m:25[0m[0m:28[0m[0m.555[0m[0m [34m[1mINFO[22m[39m[0m[0m [[37m\tests\Regrese\Sestavy\Uzivatelske_Sestavy_Life_Cycle_api.spec.ts:157[39m[0m[0m]Krok 2: Sestava 'Přehled minimální zásoby skladových karet - 1763558728335' úspěšně nalezena s ID: 2782.
2025[0m[0m-11[0m[0m-19[0m[0m 13[0m[0m:25[0m[0m:28[0m[0m.556[0m[0m [32m[1mDEBUG[22m[39m[0m[0m [[37m\tests\Regrese\Sestavy\Uzivatelske_Sestavy_Life_Cycle_api.spec.ts:161[39m[0m[0m]Nalezen počet položek (itemsCount): 32
2025[0m[0m-11[0m[0m-19[0m[0m 13[0m[0m:25[0m[0m:28[0m[0m.557[0m[0m [34m[1mINFO[22m[39m[0m[0m [[37m\tests\Regrese\Sestavy\Uzivatelske_Sestavy_Life_Cycle_api.spec.ts:169[39m[0m[0m]Krok 2: Sestava obsahuje 32 položek.
2025[0m[0m-11[0m[0m-19[0m[0m 13[0m[0m:25[0m[0m:28[0m[0m.558[0m[0m [32m[1mDEBUG[22m[39m[0m[0m [[37m\tests\Regrese\Sestavy\Uzivatelske_Sestavy_Life_Cycle_api.spec.ts:172[39m[0m[0m]Sestava 'Přehled minimální zásoby skladových karet - 1763558728335' má vlastnost public: false
2025[0m[0m-11[0m[0m-19[0m[0m 13[0m[0m:25[0m[0m:28[0m[0m.560[0m[0m [34m[1mINFO[22m[39m[0m[0m [[37m\tests\Regrese\Sestavy\Uzivatelske_Sestavy_Life_Cycle_api.spec.ts:193[39m[0m[0m]Krok 3: Mažu vytvořenou sestavu s ID: 2782
2025[0m[0m-11[0m[0m-19[0m[0m 13[0m[0m:25[0m[0m:28[0m[0m.588[0m[0m [34m[1mINFO[22m[39m[0m[0m [[37m\api\BaseApiClient.ts:94[39m[0m[0m][088cab26] <--- 200 DELETE http://192.168.130.239:8180/reports-api/usersReports/2782 (26.75 ms)
2025[0m[0m-11[0m[0m-19[0m[0m 13[0m[0m:25[0m[0m:28[0m[0m.590[0m[0m [34m[1mINFO[22m[39m[0m[0m [[37m\tests\Regrese\Sestavy\Uzivatelske_Sestavy_Life_Cycle_api.spec.ts:200[39m[0m[0m]Krok 3: Sestava s ID 2782 úspěšně smazána.
]]></system-out>
    </testcase>
    <testcase name="TC_Sestavy_013: Přehled nedoautorizovaných transakcí  @regression @report @api @medium" classname="Regrese\Sestavy\Uzivatelske_Sestavy_Life_Cycle_api.spec.ts" time="1.053">
      <system-out><![CDATA[2025[0m[0m-11[0m[0m-19[0m[0m 13[0m[0m:25[0m[0m:29[0m[0m.354[0m[0m [32m[1mDEBUG[22m[39m[0m[0m [[37m\support\fixtures\auth.fixture.ts:45[39m[0m[0m]FIXTURE 'authToken': Kontroluji, zda je odpověď OK (status 2xx)...
2025[0m[0m-11[0m[0m-19[0m[0m 13[0m[0m:25[0m[0m:29[0m[0m.358[0m[0m [32m[1mDEBUG[22m[39m[0m[0m [[37m\tests\Regrese\Sestavy\Uzivatelske_Sestavy_Life_Cycle_api.spec.ts:80[39m[0m[0m]Generuji unikátní název sestavy pro testovací případ 'TC_Sestavy_013': Přehled nedoautorizovaných transakcí - 1763558729358
2025[0m[0m-11[0m[0m-19[0m[0m 13[0m[0m:25[0m[0m:29[0m[0m.359[0m[0m [34m[1mINFO[22m[39m[0m[0m [[37m\tests\Regrese\Sestavy\Uzivatelske_Sestavy_Life_Cycle_api.spec.ts:86[39m[0m[0m]Spouštím test životního cyklu sestavy: Přehled nedoautorizovaných transakcí - 1763558729358 (Definice: T001)
2025[0m[0m-11[0m[0m-19[0m[0m 13[0m[0m:25[0m[0m:29[0m[0m.361[0m[0m [34m[1mINFO[22m[39m[0m[0m [[37m\tests\Regrese\Sestavy\Uzivatelske_Sestavy_Life_Cycle_api.spec.ts:92[39m[0m[0m]Krok 1: Vytváření nové sestavy: Přehled nedoautorizovaných transakcí - 1763558729358
2025[0m[0m-11[0m[0m-19[0m[0m 13[0m[0m:25[0m[0m:29[0m[0m.363[0m[0m [32m[1mDEBUG[22m[39m[0m[0m [[37m\tests\Regrese\Sestavy\Uzivatelske_Sestavy_Life_Cycle_api.spec.ts:105[39m[0m[0m]Payload pro /reports-api/usersReports/60193531: {
  "name": "Přehled nedoautorizovaných transakcí - 1763558729358",
  "public": false,
  "reportDefinitionId": "T001",
  "settings": {
    "availableFilters": [
      "stockId"
    ],
    "dateModelType": "range",
    "dateFrom": "2025-07-03T23:00:00.000Z",
    "dateTo": null,
    "stockId": [],
    "sort": "",
    "exportParameters": {
      "tabsParam": "",
      "exportIntoTabs": false,
      "exportFileName": false,
      "exportDateTime": true,
      "summaries": false
    }
  }
}
2025[0m[0m-11[0m[0m-19[0m[0m 13[0m[0m:25[0m[0m:29[0m[0m.493[0m[0m [34m[1mINFO[22m[39m[0m[0m [[37m\api\BaseApiClient.ts:94[39m[0m[0m][c1d92bf7] <--- 200 POST http://192.168.130.239:8180/reports-api/usersReports/60193531 (129.06 ms)
2025[0m[0m-11[0m[0m-19[0m[0m 13[0m[0m:25[0m[0m:29[0m[0m.495[0m[0m [34m[1mINFO[22m[39m[0m[0m [[37m\tests\Regrese\Sestavy\Uzivatelske_Sestavy_Life_Cycle_api.spec.ts:112[39m[0m[0m]Krok 1: Sestava úspěšně vytvořena (Status 201 OK).
2025[0m[0m-11[0m[0m-19[0m[0m 13[0m[0m:25[0m[0m:29[0m[0m.496[0m[0m [34m[1mINFO[22m[39m[0m[0m [[37m\tests\Regrese\Sestavy\Uzivatelske_Sestavy_Life_Cycle_api.spec.ts:124[39m[0m[0m]Krok 2: Ověření vytvoření sestavy a čtení dat.
2025[0m[0m-11[0m[0m-19[0m[0m 13[0m[0m:25[0m[0m:29[0m[0m.496[0m[0m [32m[1mDEBUG[22m[39m[0m[0m [[37m\tests\Regrese\Sestavy\Uzivatelske_Sestavy_Life_Cycle_api.spec.ts:135[39m[0m[0m]Parametry pro /reports-api/listOfUsersReports/60193531: {"offset":0,"limit":1,"sort":"-updated"}
2025[0m[0m-11[0m[0m-19[0m[0m 13[0m[0m:25[0m[0m:29[0m[0m.585[0m[0m [34m[1mINFO[22m[39m[0m[0m [[37m\api\BaseApiClient.ts:94[39m[0m[0m][5830e49a] <--- 200 GET http://192.168.130.239:8180/reports-api/listOfUsersReports/60193531 (88.28 ms)
2025[0m[0m-11[0m[0m-19[0m[0m 13[0m[0m:25[0m[0m:29[0m[0m.591[0m[0m [34m[1mINFO[22m[39m[0m[0m [[37m\tests\Regrese\Sestavy\Uzivatelske_Sestavy_Life_Cycle_api.spec.ts:157[39m[0m[0m]Krok 2: Sestava 'Přehled nedoautorizovaných transakcí - 1763558729358' úspěšně nalezena s ID: 2783.
2025[0m[0m-11[0m[0m-19[0m[0m 13[0m[0m:25[0m[0m:29[0m[0m.592[0m[0m [32m[1mDEBUG[22m[39m[0m[0m [[37m\tests\Regrese\Sestavy\Uzivatelske_Sestavy_Life_Cycle_api.spec.ts:161[39m[0m[0m]Nalezen počet položek (itemsCount): 35
2025[0m[0m-11[0m[0m-19[0m[0m 13[0m[0m:25[0m[0m:29[0m[0m.593[0m[0m [34m[1mINFO[22m[39m[0m[0m [[37m\tests\Regrese\Sestavy\Uzivatelske_Sestavy_Life_Cycle_api.spec.ts:169[39m[0m[0m]Krok 2: Sestava obsahuje 35 položek.
2025[0m[0m-11[0m[0m-19[0m[0m 13[0m[0m:25[0m[0m:29[0m[0m.595[0m[0m [32m[1mDEBUG[22m[39m[0m[0m [[37m\tests\Regrese\Sestavy\Uzivatelske_Sestavy_Life_Cycle_api.spec.ts:172[39m[0m[0m]Sestava 'Přehled nedoautorizovaných transakcí - 1763558729358' má vlastnost public: false
2025[0m[0m-11[0m[0m-19[0m[0m 13[0m[0m:25[0m[0m:29[0m[0m.597[0m[0m [34m[1mINFO[22m[39m[0m[0m [[37m\tests\Regrese\Sestavy\Uzivatelske_Sestavy_Life_Cycle_api.spec.ts:193[39m[0m[0m]Krok 3: Mažu vytvořenou sestavu s ID: 2783
2025[0m[0m-11[0m[0m-19[0m[0m 13[0m[0m:25[0m[0m:29[0m[0m.645[0m[0m [34m[1mINFO[22m[39m[0m[0m [[37m\api\BaseApiClient.ts:94[39m[0m[0m][d94cfac9] <--- 200 DELETE http://192.168.130.239:8180/reports-api/usersReports/2783 (47.53 ms)
2025[0m[0m-11[0m[0m-19[0m[0m 13[0m[0m:25[0m[0m:29[0m[0m.647[0m[0m [34m[1mINFO[22m[39m[0m[0m [[37m\tests\Regrese\Sestavy\Uzivatelske_Sestavy_Life_Cycle_api.spec.ts:200[39m[0m[0m]Krok 3: Sestava s ID 2783 úspěšně smazána.
]]></system-out>
    </testcase>
    <testcase name="TC_Sestavy_014: Přehled odběrů podle řidiče  @regression @report @api @medium" classname="Regrese\Sestavy\Uzivatelske_Sestavy_Life_Cycle_api.spec.ts" time="0.963">
      <system-out><![CDATA[2025[0m[0m-11[0m[0m-19[0m[0m 13[0m[0m:25[0m[0m:30[0m[0m.369[0m[0m [32m[1mDEBUG[22m[39m[0m[0m [[37m\support\fixtures\auth.fixture.ts:45[39m[0m[0m]FIXTURE 'authToken': Kontroluji, zda je odpověď OK (status 2xx)...
2025[0m[0m-11[0m[0m-19[0m[0m 13[0m[0m:25[0m[0m:30[0m[0m.372[0m[0m [32m[1mDEBUG[22m[39m[0m[0m [[37m\tests\Regrese\Sestavy\Uzivatelske_Sestavy_Life_Cycle_api.spec.ts:80[39m[0m[0m]Generuji unikátní název sestavy pro testovací případ 'TC_Sestavy_014': Přehled odběrů podle řidiče - 1763558730372
2025[0m[0m-11[0m[0m-19[0m[0m 13[0m[0m:25[0m[0m:30[0m[0m.373[0m[0m [34m[1mINFO[22m[39m[0m[0m [[37m\tests\Regrese\Sestavy\Uzivatelske_Sestavy_Life_Cycle_api.spec.ts:86[39m[0m[0m]Spouštím test životního cyklu sestavy: Přehled odběrů podle řidiče - 1763558730372 (Definice: T002)
2025[0m[0m-11[0m[0m-19[0m[0m 13[0m[0m:25[0m[0m:30[0m[0m.374[0m[0m [34m[1mINFO[22m[39m[0m[0m [[37m\tests\Regrese\Sestavy\Uzivatelske_Sestavy_Life_Cycle_api.spec.ts:92[39m[0m[0m]Krok 1: Vytváření nové sestavy: Přehled odběrů podle řidiče - 1763558730372
2025[0m[0m-11[0m[0m-19[0m[0m 13[0m[0m:25[0m[0m:30[0m[0m.375[0m[0m [32m[1mDEBUG[22m[39m[0m[0m [[37m\tests\Regrese\Sestavy\Uzivatelske_Sestavy_Life_Cycle_api.spec.ts:105[39m[0m[0m]Payload pro /reports-api/usersReports/60193531: {
  "name": "Přehled odběrů podle řidiče - 1763558730372",
  "public": false,
  "reportDefinitionId": "T002",
  "settings": {
    "availableFilters": [
      "stockId",
      "groupId",
      "partnerId",
      "drivers"
    ],
    "dateModelType": "range",
    "dateFrom": "2025-07-03T23:00:00.000Z",
    "dateTo": null,
    "stockId": [],
    "groupId": [],
    "partnerId": [],
    "drivers": [],
    "sort": "",
    "exportParameters": {
      "tabsParam": "",
      "exportIntoTabs": false,
      "exportFileName": false,
      "exportDateTime": true,
      "summaries": false
    }
  }
}
2025[0m[0m-11[0m[0m-19[0m[0m 13[0m[0m:25[0m[0m:30[0m[0m.509[0m[0m [34m[1mINFO[22m[39m[0m[0m [[37m\api\BaseApiClient.ts:94[39m[0m[0m][0f175993] <--- 200 POST http://192.168.130.239:8180/reports-api/usersReports/60193531 (132.57 ms)
2025[0m[0m-11[0m[0m-19[0m[0m 13[0m[0m:25[0m[0m:30[0m[0m.511[0m[0m [34m[1mINFO[22m[39m[0m[0m [[37m\tests\Regrese\Sestavy\Uzivatelske_Sestavy_Life_Cycle_api.spec.ts:112[39m[0m[0m]Krok 1: Sestava úspěšně vytvořena (Status 201 OK).
2025[0m[0m-11[0m[0m-19[0m[0m 13[0m[0m:25[0m[0m:30[0m[0m.512[0m[0m [34m[1mINFO[22m[39m[0m[0m [[37m\tests\Regrese\Sestavy\Uzivatelske_Sestavy_Life_Cycle_api.spec.ts:124[39m[0m[0m]Krok 2: Ověření vytvoření sestavy a čtení dat.
2025[0m[0m-11[0m[0m-19[0m[0m 13[0m[0m:25[0m[0m:30[0m[0m.513[0m[0m [32m[1mDEBUG[22m[39m[0m[0m [[37m\tests\Regrese\Sestavy\Uzivatelske_Sestavy_Life_Cycle_api.spec.ts:135[39m[0m[0m]Parametry pro /reports-api/listOfUsersReports/60193531: {"offset":0,"limit":1,"sort":"-updated"}
2025[0m[0m-11[0m[0m-19[0m[0m 13[0m[0m:25[0m[0m:30[0m[0m.574[0m[0m [34m[1mINFO[22m[39m[0m[0m [[37m\api\BaseApiClient.ts:94[39m[0m[0m][813feda8] <--- 200 GET http://192.168.130.239:8180/reports-api/listOfUsersReports/60193531 (60.45 ms)
2025[0m[0m-11[0m[0m-19[0m[0m 13[0m[0m:25[0m[0m:30[0m[0m.577[0m[0m [34m[1mINFO[22m[39m[0m[0m [[37m\tests\Regrese\Sestavy\Uzivatelske_Sestavy_Life_Cycle_api.spec.ts:157[39m[0m[0m]Krok 2: Sestava 'Přehled odběrů podle řidiče - 1763558730372' úspěšně nalezena s ID: 2784.
2025[0m[0m-11[0m[0m-19[0m[0m 13[0m[0m:25[0m[0m:30[0m[0m.577[0m[0m [32m[1mDEBUG[22m[39m[0m[0m [[37m\tests\Regrese\Sestavy\Uzivatelske_Sestavy_Life_Cycle_api.spec.ts:161[39m[0m[0m]Nalezen počet položek (itemsCount): 206
2025[0m[0m-11[0m[0m-19[0m[0m 13[0m[0m:25[0m[0m:30[0m[0m.578[0m[0m [34m[1mINFO[22m[39m[0m[0m [[37m\tests\Regrese\Sestavy\Uzivatelske_Sestavy_Life_Cycle_api.spec.ts:169[39m[0m[0m]Krok 2: Sestava obsahuje 206 položek.
2025[0m[0m-11[0m[0m-19[0m[0m 13[0m[0m:25[0m[0m:30[0m[0m.579[0m[0m [32m[1mDEBUG[22m[39m[0m[0m [[37m\tests\Regrese\Sestavy\Uzivatelske_Sestavy_Life_Cycle_api.spec.ts:172[39m[0m[0m]Sestava 'Přehled odběrů podle řidiče - 1763558730372' má vlastnost public: false
2025[0m[0m-11[0m[0m-19[0m[0m 13[0m[0m:25[0m[0m:30[0m[0m.581[0m[0m [34m[1mINFO[22m[39m[0m[0m [[37m\tests\Regrese\Sestavy\Uzivatelske_Sestavy_Life_Cycle_api.spec.ts:193[39m[0m[0m]Krok 3: Mažu vytvořenou sestavu s ID: 2784
2025[0m[0m-11[0m[0m-19[0m[0m 13[0m[0m:25[0m[0m:30[0m[0m.611[0m[0m [34m[1mINFO[22m[39m[0m[0m [[37m\api\BaseApiClient.ts:94[39m[0m[0m][71efb91c] <--- 200 DELETE http://192.168.130.239:8180/reports-api/usersReports/2784 (29.78 ms)
2025[0m[0m-11[0m[0m-19[0m[0m 13[0m[0m:25[0m[0m:30[0m[0m.613[0m[0m [34m[1mINFO[22m[39m[0m[0m [[37m\tests\Regrese\Sestavy\Uzivatelske_Sestavy_Life_Cycle_api.spec.ts:200[39m[0m[0m]Krok 3: Sestava s ID 2784 úspěšně smazána.
]]></system-out>
    </testcase>
    <testcase name="TC_Sestavy_015: Přehled odběrů podle vozidla  @regression @report @api @medium" classname="Regrese\Sestavy\Uzivatelske_Sestavy_Life_Cycle_api.spec.ts" time="0.982">
      <system-out><![CDATA[2025[0m[0m-11[0m[0m-19[0m[0m 13[0m[0m:25[0m[0m:31[0m[0m.337[0m[0m [32m[1mDEBUG[22m[39m[0m[0m [[37m\support\fixtures\auth.fixture.ts:45[39m[0m[0m]FIXTURE 'authToken': Kontroluji, zda je odpověď OK (status 2xx)...
2025[0m[0m-11[0m[0m-19[0m[0m 13[0m[0m:25[0m[0m:31[0m[0m.340[0m[0m [32m[1mDEBUG[22m[39m[0m[0m [[37m\tests\Regrese\Sestavy\Uzivatelske_Sestavy_Life_Cycle_api.spec.ts:80[39m[0m[0m]Generuji unikátní název sestavy pro testovací případ 'TC_Sestavy_015': Přehled odběrů podle vozidla - 1763558731340
2025[0m[0m-11[0m[0m-19[0m[0m 13[0m[0m:25[0m[0m:31[0m[0m.341[0m[0m [34m[1mINFO[22m[39m[0m[0m [[37m\tests\Regrese\Sestavy\Uzivatelske_Sestavy_Life_Cycle_api.spec.ts:86[39m[0m[0m]Spouštím test životního cyklu sestavy: Přehled odběrů podle vozidla - 1763558731340 (Definice: T003)
2025[0m[0m-11[0m[0m-19[0m[0m 13[0m[0m:25[0m[0m:31[0m[0m.344[0m[0m [34m[1mINFO[22m[39m[0m[0m [[37m\tests\Regrese\Sestavy\Uzivatelske_Sestavy_Life_Cycle_api.spec.ts:92[39m[0m[0m]Krok 1: Vytváření nové sestavy: Přehled odběrů podle vozidla - 1763558731340
2025[0m[0m-11[0m[0m-19[0m[0m 13[0m[0m:25[0m[0m:31[0m[0m.348[0m[0m [32m[1mDEBUG[22m[39m[0m[0m [[37m\tests\Regrese\Sestavy\Uzivatelske_Sestavy_Life_Cycle_api.spec.ts:105[39m[0m[0m]Payload pro /reports-api/usersReports/60193531: {
  "name": "Přehled odběrů podle vozidla - 1763558731340",
  "public": false,
  "reportDefinitionId": "T003",
  "settings": {
    "availableFilters": [
      "stockId",
      "groupId",
      "partnerId",
      "vehicles"
    ],
    "dateModelType": "range",
    "dateFrom": "2025-07-03T23:00:00.000Z",
    "dateTo": null,
    "stockId": [],
    "groupId": [],
    "partnerId": [],
    "vehicles": [],
    "sort": "",
    "exportParameters": {
      "tabsParam": "",
      "exportIntoTabs": false,
      "exportFileName": false,
      "exportDateTime": true,
      "summaries": false
    }
  }
}
2025[0m[0m-11[0m[0m-19[0m[0m 13[0m[0m:25[0m[0m:31[0m[0m.456[0m[0m [34m[1mINFO[22m[39m[0m[0m [[37m\api\BaseApiClient.ts:94[39m[0m[0m][bd7faabe] <--- 200 POST http://192.168.130.239:8180/reports-api/usersReports/60193531 (104.84 ms)
2025[0m[0m-11[0m[0m-19[0m[0m 13[0m[0m:25[0m[0m:31[0m[0m.458[0m[0m [34m[1mINFO[22m[39m[0m[0m [[37m\tests\Regrese\Sestavy\Uzivatelske_Sestavy_Life_Cycle_api.spec.ts:112[39m[0m[0m]Krok 1: Sestava úspěšně vytvořena (Status 201 OK).
2025[0m[0m-11[0m[0m-19[0m[0m 13[0m[0m:25[0m[0m:31[0m[0m.458[0m[0m [34m[1mINFO[22m[39m[0m[0m [[37m\tests\Regrese\Sestavy\Uzivatelske_Sestavy_Life_Cycle_api.spec.ts:124[39m[0m[0m]Krok 2: Ověření vytvoření sestavy a čtení dat.
2025[0m[0m-11[0m[0m-19[0m[0m 13[0m[0m:25[0m[0m:31[0m[0m.459[0m[0m [32m[1mDEBUG[22m[39m[0m[0m [[37m\tests\Regrese\Sestavy\Uzivatelske_Sestavy_Life_Cycle_api.spec.ts:135[39m[0m[0m]Parametry pro /reports-api/listOfUsersReports/60193531: {"offset":0,"limit":1,"sort":"-updated"}
2025[0m[0m-11[0m[0m-19[0m[0m 13[0m[0m:25[0m[0m:31[0m[0m.526[0m[0m [34m[1mINFO[22m[39m[0m[0m [[37m\api\BaseApiClient.ts:94[39m[0m[0m][6fef029d] <--- 200 GET http://192.168.130.239:8180/reports-api/listOfUsersReports/60193531 (65.95 ms)
2025[0m[0m-11[0m[0m-19[0m[0m 13[0m[0m:25[0m[0m:31[0m[0m.530[0m[0m [34m[1mINFO[22m[39m[0m[0m [[37m\tests\Regrese\Sestavy\Uzivatelske_Sestavy_Life_Cycle_api.spec.ts:157[39m[0m[0m]Krok 2: Sestava 'Přehled odběrů podle vozidla - 1763558731340' úspěšně nalezena s ID: 2785.
2025[0m[0m-11[0m[0m-19[0m[0m 13[0m[0m:25[0m[0m:31[0m[0m.532[0m[0m [32m[1mDEBUG[22m[39m[0m[0m [[37m\tests\Regrese\Sestavy\Uzivatelske_Sestavy_Life_Cycle_api.spec.ts:161[39m[0m[0m]Nalezen počet položek (itemsCount): 206
2025[0m[0m-11[0m[0m-19[0m[0m 13[0m[0m:25[0m[0m:31[0m[0m.533[0m[0m [34m[1mINFO[22m[39m[0m[0m [[37m\tests\Regrese\Sestavy\Uzivatelske_Sestavy_Life_Cycle_api.spec.ts:169[39m[0m[0m]Krok 2: Sestava obsahuje 206 položek.
2025[0m[0m-11[0m[0m-19[0m[0m 13[0m[0m:25[0m[0m:31[0m[0m.534[0m[0m [32m[1mDEBUG[22m[39m[0m[0m [[37m\tests\Regrese\Sestavy\Uzivatelske_Sestavy_Life_Cycle_api.spec.ts:172[39m[0m[0m]Sestava 'Přehled odběrů podle vozidla - 1763558731340' má vlastnost public: false
2025[0m[0m-11[0m[0m-19[0m[0m 13[0m[0m:25[0m[0m:31[0m[0m.538[0m[0m [34m[1mINFO[22m[39m[0m[0m [[37m\tests\Regrese\Sestavy\Uzivatelske_Sestavy_Life_Cycle_api.spec.ts:193[39m[0m[0m]Krok 3: Mažu vytvořenou sestavu s ID: 2785
2025[0m[0m-11[0m[0m-19[0m[0m 13[0m[0m:25[0m[0m:31[0m[0m.595[0m[0m [34m[1mINFO[22m[39m[0m[0m [[37m\api\BaseApiClient.ts:94[39m[0m[0m][e8d6be94] <--- 200 DELETE http://192.168.130.239:8180/reports-api/usersReports/2785 (55.41 ms)
2025[0m[0m-11[0m[0m-19[0m[0m 13[0m[0m:25[0m[0m:31[0m[0m.597[0m[0m [34m[1mINFO[22m[39m[0m[0m [[37m\tests\Regrese\Sestavy\Uzivatelske_Sestavy_Life_Cycle_api.spec.ts:200[39m[0m[0m]Krok 3: Sestava s ID 2785 úspěšně smazána.
]]></system-out>
    </testcase>
  </testsuite>
</testsuites>