<testsuites id="" name="" tests="8" failures="0" skipped="0" errors="0" time="6.32428">
  <testsuite name="Smoke\Smoke_All_Gets_api.spec.ts" timestamp="2025-11-11T12:16:53.659Z" hostname="API" tests="8" failures="0" skipped="0" time="5.26" errors="0">
    <testcase name="API Smoke Tests - GET Endpoints › Authenticated GETs from JSON › TC-111: Endpoint &quot;GET /reports-api/listOfPosTankTickets Seznam stvrzenek o složení hotovosti&quot; @api @smoke @high @pos @list @test" classname="Smoke\Smoke_All_Gets_api.spec.ts" time="0.734" id="TC-111"/>
    <testcase name="API Smoke Tests - GET Endpoints › Authenticated GETs from JSON › TC-112: Endpoint &quot;GET /reports-api/listOfPosTankTickets Seznam stvrzenek o složení hotovosti s řazením podle Vystavena&quot; @api @smoke @medium @pos @sort @test" classname="Smoke\Smoke_All_Gets_api.spec.ts" time="0.651" id="TC-112"/>
    <testcase name="API Smoke Tests - GET Endpoints › Authenticated GETs from JSON › TC-113: Endpoint &quot;GET /reports-api/listOfPosTankTickets Seznam stvrzenek o složení hotovosti s řazením podle Číslo stvrzenky&quot; @api @smoke @medium @pos @sort @test" classname="Smoke\Smoke_All_Gets_api.spec.ts" time="0.636" id="TC-113"/>
    <testcase name="API Smoke Tests - GET Endpoints › Authenticated GETs from JSON › TC-114: Endpoint &quot;GET /reports-api/listOfPosTankTickets Seznam stvrzenek o složení hotovosti s řazením podle Vytištěna&quot; @api @smoke @medium @pos @sort @test" classname="Smoke\Smoke_All_Gets_api.spec.ts" time="0.661" id="TC-114"/>
    <testcase name="API Smoke Tests - GET Endpoints › Authenticated GETs from JSON › TC-115: Endpoint &quot;GET /reports-api/listOfPosTankTickets Seznam stvrzenek o složení hotovosti s řazením podle Expiruje&quot; @api @smoke @medium @pos @sort @test" classname="Smoke\Smoke_All_Gets_api.spec.ts" time="0.637" id="TC-115"/>
    <testcase name="API Smoke Tests - GET Endpoints › Authenticated GETs from JSON › TC-116: Endpoint &quot;GET /reports-api/listOfPosTankTickets Seznam stvrzenek o složení hotovosti s řazením podle Akceptováno&quot; @api @smoke @medium @pos @sort @test" classname="Smoke\Smoke_All_Gets_api.spec.ts" time="0.659" id="TC-116"/>
    <testcase name="API Smoke Tests - GET Endpoints › Authenticated GETs from JSON › TC-117: Endpoint &quot;GET /reports-api/listOfPosTankTickets Seznam stvrzenek o složení hotovosti s řazením podle Účtenka (Hotovostní)&quot; @api @smoke @medium @pos @sort @test" classname="Smoke\Smoke_All_Gets_api.spec.ts" time="0.641" id="TC-117"/>
    <testcase name="API Smoke Tests - GET Endpoints › Authenticated GETs from JSON › TC-118: Endpoint &quot;GET /reports-api/listOfPosTankTickets Seznam stvrzenek o složení hotovosti s řazením podle Vydaná přeplatková poukázka&quot; @api @smoke @medium @pos @sort @test" classname="Smoke\Smoke_All_Gets_api.spec.ts" time="0.641" id="TC-118"/>
  </testsuite>
</testsuites>