<testsuites id="" name="" tests="2" failures="0" skipped="0" errors="0" time="3.9132969999999996">
  <testsuite name="Regrese\Doklady\Objednavky\Objednvaky_life_cycle_regrese_api.spec.ts" timestamp="2025-11-26T09:19:22.457Z" hostname="API" tests="2" failures="0" skipped="0" time="2.922" errors="0">
    <testcase name="TC_001: Regresní test životního cyklu objednávek přes API ...  @regression @api @life_cycle @high @order @test" classname="Regrese\Doklady\Objednavky\Objednvaky_life_cycle_regrese_api.spec.ts" time="1.476">
      <system-out><![CDATA[2025[0m[0m-11[0m[0m-26[0m[0m 09[0m[0m:19[0m[0m:23[0m[0m.250[0m[0m [97m[1mTRACE[22m[39m[0m[0m [[37m\support\fixtures\auth.fixture.ts:23[39m[0m[0m]FIXTURE 'authToken': Budu vytvářet nový request kontext...
2025[0m[0m-11[0m[0m-26[0m[0m 09[0m[0m:19[0m[0m:23[0m[0m.253[0m[0m [97m[1mTRACE[22m[39m[0m[0m [[37m\support\fixtures\auth.fixture.ts:25[39m[0m[0m]FIXTURE 'authToken': Request kontext vytvořen.
2025[0m[0m-11[0m[0m-26[0m[0m 09[0m[0m:19[0m[0m:23[0m[0m.255[0m[0m [97m[1mTRACE[22m[39m[0m[0m [[37m\support\fixtures\auth.fixture.ts:27[39m[0m[0m]Definuji loginPayload pro přihlášení...
2025[0m[0m-11[0m[0m-26[0m[0m 09[0m[0m:19[0m[0m:23[0m[0m.256[0m[0m [97m[1mTRACE[22m[39m[0m[0m [[37m\support\fixtures\auth.fixture.ts:32[39m[0m[0m]Přihlašovací údaji: {"operator":"TESTING_AUTOMAT","password":"1"}
2025[0m[0m-11[0m[0m-26[0m[0m 09[0m[0m:19[0m[0m:23[0m[0m.257[0m[0m [97m[1mTRACE[22m[39m[0m[0m [[37m\support\fixtures\auth.fixture.ts:34[39m[0m[0m]FIXTURE 'authToken': Kóduji přihlašovací údaje do Base64...
2025[0m[0m-11[0m[0m-26[0m[0m 09[0m[0m:19[0m[0m:23[0m[0m.259[0m[0m [97m[1mTRACE[22m[39m[0m[0m [[37m\support\fixtures\auth.fixture.ts:38[39m[0m[0m]FIXTURE 'authToken': Odesílám POST požadavek na 'http://192.168.130.239:8180/auth-api/user/authorization' s Base64... 
2025[0m[0m-11[0m[0m-26[0m[0m 09[0m[0m:19[0m[0m:23[0m[0m.933[0m[0m [97m[1mTRACE[22m[39m[0m[0m [[37m\support\fixtures\auth.fixture.ts:43[39m[0m[0m]FIXTURE 'authToken': Odpověď přijata se statusem 201.
2025[0m[0m-11[0m[0m-26[0m[0m 09[0m[0m:19[0m[0m:23[0m[0m.935[0m[0m [32m[1mDEBUG[22m[39m[0m[0m [[37m\support\fixtures\auth.fixture.ts:45[39m[0m[0m]FIXTURE 'authToken': Kontroluji, zda je odpověď OK (status 2xx)...
2025[0m[0m-11[0m[0m-26[0m[0m 09[0m[0m:19[0m[0m:23[0m[0m.938[0m[0m [97m[1mTRACE[22m[39m[0m[0m [[37m\support\fixtures\auth.fixture.ts:62[39m[0m[0m]FIXTURE 'authToken': Získávám 'accessToken' z JSON odpovědi.
2025[0m[0m-11[0m[0m-26[0m[0m 09[0m[0m:19[0m[0m:23[0m[0m.941[0m[0m [97m[1mTRACE[22m[39m[0m[0m [[37m\support\fixtures\auth.fixture.ts:66[39m[0m[0m]FIXTURE 'authToken': Volám 'use(token)' a předávám token dál...
2025[0m[0m-11[0m[0m-26[0m[0m 09[0m[0m:19[0m[0m:23[0m[0m.942[0m[0m [97m[1mTRACE[22m[39m[0m[0m [[37m\support\fixtures\auth.fixture.ts:95[39m[0m[0m]FIXTURE 'apiClient': Budu vytvářet novou instanci ApiClient s poskytnutým tokenem.
2025[0m[0m-11[0m[0m-26[0m[0m 09[0m[0m:19[0m[0m:23[0m[0m.944[0m[0m [97m[1mTRACE[22m[39m[0m[0m [[37m\support\fixtures\auth.fixture.ts:98[39m[0m[0m]FIXTURE 'apiClient': Instance ApiClient byla úspěšně vytvořena.
2025[0m[0m-11[0m[0m-26[0m[0m 09[0m[0m:19[0m[0m:23[0m[0m.946[0m[0m [97m[1mTRACE[22m[39m[0m[0m [[37m\support\fixtures\auth.fixture.ts:100[39m[0m[0m]FIXTURE 'apiClient': Volám 'use(client)' a předávám hotového klienta testu...
2025[0m[0m-11[0m[0m-26[0m[0m 09[0m[0m:19[0m[0m:23[0m[0m.948[0m[0m [34m[1mINFO[22m[39m[0m[0m [[37m\tests\Regrese\Doklady\Objednavky\Objednvaky_life_cycle_regrese_api.spec.ts:333[39m[0m[0m]Spouštím test: TC_001 - Regresní test životního cyklu objednávek přes API
2025[0m[0m-11[0m[0m-26[0m[0m 09[0m[0m:19[0m[0m:23[0m[0m.953[0m[0m [97m[1mTRACE[22m[39m[0m[0m [[37m\api\BaseApiClient.ts:76[39m[0m[0m][bb5e9c48] ---> POST http://192.168.130.239:8180/documents-api/orders/231 {
  params: [90mundefined[39m,
  data: {
    orderDate: [32m'2025-11-26T09:19:23.952Z'[39m,
    deliveryDate: [32m'2025-11-27T09:19:23.952Z'[39m,
    description: [32m'AutoTest_TC_001_1764148763950'[39m,
    ownerName: [32m'ČEPRO, a.s.'[39m,
    ownerId: [33m1[39m,
    stockId: [33m231[39m,
    supplierId: [33m8[39m,
    supplierName: [32m'Banner Baterie ČR spol.s r.o.'[39m
  },
  headers: {
    Accept: [32m'application/json, text/plain, */*'[39m,
    [32m'Content-Type'[39m: [32m'application/json;charset=UTF-8'[39m,
    [32m'X-Request-ID'[39m: [32m'bb5e9c48'[39m,
    Authorization: [32m'*** MASKED ***'[39m
  }
}
2025[0m[0m-11[0m[0m-26[0m[0m 09[0m[0m:19[0m[0m:24[0m[0m.029[0m[0m [34m[1mINFO[22m[39m[0m[0m [[37m\api\BaseApiClient.ts:94[39m[0m[0m][bb5e9c48] <--- 201 POST http://192.168.130.239:8180/documents-api/orders/231 (72.26 ms)
2025[0m[0m-11[0m[0m-26[0m[0m 09[0m[0m:19[0m[0m:24[0m[0m.033[0m[0m [34m[1mINFO[22m[39m[0m[0m [[37m\tests\Regrese\Doklady\Objednavky\Objednvaky_life_cycle_regrese_api.spec.ts:106[39m[0m[0m]Krok 1 OK: Objednávka vytvořena.
2025[0m[0m-11[0m[0m-26[0m[0m 09[0m[0m:19[0m[0m:24[0m[0m.035[0m[0m [97m[1mTRACE[22m[39m[0m[0m [[37m\api\BaseApiClient.ts:76[39m[0m[0m][1751ad0b] ---> GET http://192.168.130.239:8180/reports-api/listOfOrders {
  params: {
    stockId: [33m231[39m,
    year: [33m2025[39m
  },
  data: [90mundefined[39m,
  headers: {
    Accept: [32m'application/json, text/plain, */*'[39m,
    [32m'Content-Type'[39m: [32m'application/json;charset=UTF-8'[39m,
    [32m'X-Request-ID'[39m: [32m'1751ad0b'[39m,
    Authorization: [32m'*** MASKED ***'[39m
  }
}
2025[0m[0m-11[0m[0m-26[0m[0m 09[0m[0m:19[0m[0m:24[0m[0m.350[0m[0m [34m[1mINFO[22m[39m[0m[0m [[37m\api\BaseApiClient.ts:94[39m[0m[0m][1751ad0b] <--- 200 GET http://192.168.130.239:8180/reports-api/listOfOrders (312.56 ms)
2025[0m[0m-11[0m[0m-26[0m[0m 09[0m[0m:19[0m[0m:24[0m[0m.357[0m[0m [34m[1mINFO[22m[39m[0m[0m [[37m\tests\Regrese\Doklady\Objednavky\Objednvaky_life_cycle_regrese_api.spec.ts:121[39m[0m[0m]Krok 2 OK: Objednávka ID 177 nalezena.
2025[0m[0m-11[0m[0m-26[0m[0m 09[0m[0m:19[0m[0m:24[0m[0m.359[0m[0m [97m[1mTRACE[22m[39m[0m[0m [[37m\api\BaseApiClient.ts:76[39m[0m[0m][ded406c5] ---> GET http://192.168.130.239:8180/reports-api/listOfStockCards/60193531/231 {
  params: {
    search: [32m'040328'[39m,
    searchType: [32m'PLU'[39m,
    stockId: [33m231[39m,
    ownerId: [33m1[39m,
    supplierId: [33m8[39m,
    stkitmType: [32m'D'[39m,
    for: [32m'orders'[39m
  },
  data: [90mundefined[39m,
  headers: {
    Accept: [32m'application/json, text/plain, */*'[39m,
    [32m'Content-Type'[39m: [32m'application/json;charset=UTF-8'[39m,
    [32m'X-Request-ID'[39m: [32m'ded406c5'[39m,
    Authorization: [32m'*** MASKED ***'[39m
  }
}
2025[0m[0m-11[0m[0m-26[0m[0m 09[0m[0m:19[0m[0m:24[0m[0m.418[0m[0m [34m[1mINFO[22m[39m[0m[0m [[37m\api\BaseApiClient.ts:94[39m[0m[0m][ded406c5] <--- 200 GET http://192.168.130.239:8180/reports-api/listOfStockCards/60193531/231 (57.49 ms)
2025[0m[0m-11[0m[0m-26[0m[0m 09[0m[0m:19[0m[0m:24[0m[0m.422[0m[0m [34m[1mINFO[22m[39m[0m[0m [[37m\tests\Regrese\Doklady\Objednavky\Objednvaky_life_cycle_regrese_api.spec.ts:140[39m[0m[0m]Krok 3 OK: StockCard ID: 959
2025[0m[0m-11[0m[0m-26[0m[0m 09[0m[0m:19[0m[0m:24[0m[0m.423[0m[0m [97m[1mTRACE[22m[39m[0m[0m [[37m\tests\Regrese\Doklady\Objednavky\Objednvaky_life_cycle_regrese_api.spec.ts:165[39m[0m[0m]Krok: Odesílám items (očekávám 201)...
2025[0m[0m-11[0m[0m-26[0m[0m 09[0m[0m:19[0m[0m:24[0m[0m.424[0m[0m [97m[1mTRACE[22m[39m[0m[0m [[37m\api\BaseApiClient.ts:76[39m[0m[0m][58d28ff7] ---> POST http://192.168.130.239:8180/documents-api/ordersitems/231 {
  params: [90mundefined[39m,
  data: {
    orderId: [33m177[39m,
    stockCardId: [33m959[39m,
    amount: [33m1[39m
  },
  headers: {
    Accept: [32m'application/json, text/plain, */*'[39m,
    [32m'Content-Type'[39m: [32m'application/json;charset=UTF-8'[39m,
    [32m'X-Request-ID'[39m: [32m'58d28ff7'[39m,
    Authorization: [32m'*** MASKED ***'[39m
  }
}
2025[0m[0m-11[0m[0m-26[0m[0m 09[0m[0m:19[0m[0m:24[0m[0m.509[0m[0m [34m[1mINFO[22m[39m[0m[0m [[37m\api\BaseApiClient.ts:94[39m[0m[0m][58d28ff7] <--- 201 POST http://192.168.130.239:8180/documents-api/ordersitems/231 (83.50 ms)
2025[0m[0m-11[0m[0m-26[0m[0m 09[0m[0m:19[0m[0m:24[0m[0m.511[0m[0m [34m[1mINFO[22m[39m[0m[0m [[37m\tests\Regrese\Doklady\Objednavky\Objednvaky_life_cycle_regrese_api.spec.ts:182[39m[0m[0m]Krok OK: Item přidán (Status 201).
2025[0m[0m-11[0m[0m-26[0m[0m 09[0m[0m:19[0m[0m:24[0m[0m.512[0m[0m [32m[1mDEBUG[22m[39m[0m[0m [[37m\tests\Regrese\Doklady\Objednavky\Objednvaky_life_cycle_regrese_api.spec.ts:209[39m[0m[0m]Krok 5: Stahuji items pro objednávku 177.
2025[0m[0m-11[0m[0m-26[0m[0m 09[0m[0m:19[0m[0m:24[0m[0m.513[0m[0m [97m[1mTRACE[22m[39m[0m[0m [[37m\api\BaseApiClient.ts:76[39m[0m[0m][336b0b6a] ---> GET http://192.168.130.239:8180/documents-api/orders/items/231/177 {
  params: {},
  data: [90mundefined[39m,
  headers: {
    Accept: [32m'application/json, text/plain, */*'[39m,
    [32m'Content-Type'[39m: [32m'application/json;charset=UTF-8'[39m,
    [32m'X-Request-ID'[39m: [32m'336b0b6a'[39m,
    Authorization: [32m'*** MASKED ***'[39m
  }
}
2025[0m[0m-11[0m[0m-26[0m[0m 09[0m[0m:19[0m[0m:24[0m[0m.563[0m[0m [34m[1mINFO[22m[39m[0m[0m [[37m\api\BaseApiClient.ts:94[39m[0m[0m][336b0b6a] <--- 200 GET http://192.168.130.239:8180/documents-api/orders/items/231/177 (49.95 ms)
2025[0m[0m-11[0m[0m-26[0m[0m 09[0m[0m:19[0m[0m:24[0m[0m.567[0m[0m [34m[1mINFO[22m[39m[0m[0m [[37m\tests\Regrese\Doklady\Objednavky\Objednvaky_life_cycle_regrese_api.spec.ts:225[39m[0m[0m]Krok 5 OK: Získáno ordersItemId: 148
2025[0m[0m-11[0m[0m-26[0m[0m 09[0m[0m:19[0m[0m:24[0m[0m.568[0m[0m [97m[1mTRACE[22m[39m[0m[0m [[37m\api\BaseApiClient.ts:76[39m[0m[0m][b213a65d] ---> PUT http://192.168.130.239:8180/documents-api/orders/ordersSend/231 {
  params: [90mundefined[39m,
  data: {
    stockId: [33m231[39m,
    orderId: [33m177[39m,
    sendOrder: [33mfalse[39m,
    saveEmail: [33mfalse[39m
  },
  headers: {
    Accept: [32m'application/json, text/plain, */*'[39m,
    [32m'Content-Type'[39m: [32m'application/json;charset=UTF-8'[39m,
    [32m'X-Request-ID'[39m: [32m'b213a65d'[39m,
    Authorization: [32m'*** MASKED ***'[39m
  }
}
2025[0m[0m-11[0m[0m-26[0m[0m 09[0m[0m:19[0m[0m:24[0m[0m.610[0m[0m [34m[1mINFO[22m[39m[0m[0m [[37m\api\BaseApiClient.ts:94[39m[0m[0m][b213a65d] <--- 204 PUT http://192.168.130.239:8180/documents-api/orders/ordersSend/231 (39.75 ms)
2025[0m[0m-11[0m[0m-26[0m[0m 09[0m[0m:19[0m[0m:24[0m[0m.612[0m[0m [34m[1mINFO[22m[39m[0m[0m [[37m\tests\Regrese\Doklady\Objednavky\Objednvaky_life_cycle_regrese_api.spec.ts:243[39m[0m[0m]Krok 6 OK: Objednávka odeslána.
2025[0m[0m-11[0m[0m-26[0m[0m 09[0m[0m:19[0m[0m:24[0m[0m.613[0m[0m [32m[1mDEBUG[22m[39m[0m[0m [[37m\tests\Regrese\Doklady\Objednavky\Objednvaky_life_cycle_regrese_api.spec.ts:261[39m[0m[0m]Krok 7 PUT: /documents-api/ordersItems/231/148
2025[0m[0m-11[0m[0m-26[0m[0m 09[0m[0m:19[0m[0m:24[0m[0m.614[0m[0m [97m[1mTRACE[22m[39m[0m[0m [[37m\api\BaseApiClient.ts:76[39m[0m[0m][6fedaeba] ---> PUT http://192.168.130.239:8180/documents-api/ordersItems/231/148 {
  params: [90mundefined[39m,
  data: {
    orderId: [33m177[39m,
    stockCardId: [33m959[39m,
    amount: [33m10[39m,
    comment: [32m'Automaticky schváleno'[39m,
    agreement: [33mtrue[39m
  },
  headers: {
    Accept: [32m'application/json, text/plain, */*'[39m,
    [32m'Content-Type'[39m: [32m'application/json;charset=UTF-8'[39m,
    [32m'X-Request-ID'[39m: [32m'6fedaeba'[39m,
    Authorization: [32m'*** MASKED ***'[39m
  }
}
2025[0m[0m-11[0m[0m-26[0m[0m 09[0m[0m:19[0m[0m:24[0m[0m.668[0m[0m [34m[1mINFO[22m[39m[0m[0m [[37m\api\BaseApiClient.ts:94[39m[0m[0m][6fedaeba] <--- 204 PUT http://192.168.130.239:8180/documents-api/ordersItems/231/148 (53.24 ms)
2025[0m[0m-11[0m[0m-26[0m[0m 09[0m[0m:19[0m[0m:24[0m[0m.673[0m[0m [34m[1mINFO[22m[39m[0m[0m [[37m\tests\Regrese\Doklady\Objednavky\Objednvaky_life_cycle_regrese_api.spec.ts:264[39m[0m[0m]Krok 7 OK: Rozdíl schválen.
2025[0m[0m-11[0m[0m-26[0m[0m 09[0m[0m:19[0m[0m:24[0m[0m.675[0m[0m [32m[1mDEBUG[22m[39m[0m[0m [[37m\tests\Regrese\Doklady\Objednavky\Objednvaky_life_cycle_regrese_api.spec.ts:284[39m[0m[0m]Krok 8: Volám POST /documents-api/orders/valid/231/177 s payloadem: {"emulateJSON":true,"emulateHTTP":true}
2025[0m[0m-11[0m[0m-26[0m[0m 09[0m[0m:19[0m[0m:24[0m[0m.675[0m[0m [97m[1mTRACE[22m[39m[0m[0m [[37m\api\BaseApiClient.ts:76[39m[0m[0m][87155a33] ---> POST http://192.168.130.239:8180/documents-api/orders/valid/231/177 {
  params: [90mundefined[39m,
  data: {
    emulateJSON: [33mtrue[39m,
    emulateHTTP: [33mtrue[39m
  },
  headers: {
    Accept: [32m'application/json, text/plain, */*'[39m,
    [32m'Content-Type'[39m: [32m'application/json;charset=UTF-8'[39m,
    [32m'X-Request-ID'[39m: [32m'87155a33'[39m,
    Authorization: [32m'*** MASKED ***'[39m
  }
}
2025[0m[0m-11[0m[0m-26[0m[0m 09[0m[0m:19[0m[0m:24[0m[0m.713[0m[0m [34m[1mINFO[22m[39m[0m[0m [[37m\api\BaseApiClient.ts:94[39m[0m[0m][87155a33] <--- 204 POST http://192.168.130.239:8180/documents-api/orders/valid/231/177 (36.30 ms)
2025[0m[0m-11[0m[0m-26[0m[0m 09[0m[0m:19[0m[0m:24[0m[0m.715[0m[0m [34m[1mINFO[22m[39m[0m[0m [[37m\tests\Regrese\Doklady\Objednavky\Objednvaky_life_cycle_regrese_api.spec.ts:291[39m[0m[0m]Krok 8 OK: Objednávka 177 byla úspěšně validována.
]]></system-out>
    </testcase>
    <testcase name="TC_002: Negativní test - Duplicitní přidání položky ...  @regression @api @medium @negative @test" classname="Regrese\Doklady\Objednavky\Objednvaky_life_cycle_regrese_api.spec.ts" time="1.446">
      <system-out><![CDATA[2025[0m[0m-11[0m[0m-26[0m[0m 09[0m[0m:19[0m[0m:24[0m[0m.725[0m[0m [97m[1mTRACE[22m[39m[0m[0m [[37m\support\fixtures\auth.fixture.ts:23[39m[0m[0m]FIXTURE 'authToken': Budu vytvářet nový request kontext...
2025[0m[0m-11[0m[0m-26[0m[0m 09[0m[0m:19[0m[0m:24[0m[0m.729[0m[0m [97m[1mTRACE[22m[39m[0m[0m [[37m\support\fixtures\auth.fixture.ts:25[39m[0m[0m]FIXTURE 'authToken': Request kontext vytvořen.
2025[0m[0m-11[0m[0m-26[0m[0m 09[0m[0m:19[0m[0m:24[0m[0m.730[0m[0m [97m[1mTRACE[22m[39m[0m[0m [[37m\support\fixtures\auth.fixture.ts:27[39m[0m[0m]Definuji loginPayload pro přihlášení...
2025[0m[0m-11[0m[0m-26[0m[0m 09[0m[0m:19[0m[0m:24[0m[0m.731[0m[0m [97m[1mTRACE[22m[39m[0m[0m [[37m\support\fixtures\auth.fixture.ts:32[39m[0m[0m]Přihlašovací údaji: {"operator":"TESTING_AUTOMAT","password":"1"}
2025[0m[0m-11[0m[0m-26[0m[0m 09[0m[0m:19[0m[0m:24[0m[0m.732[0m[0m [97m[1mTRACE[22m[39m[0m[0m [[37m\support\fixtures\auth.fixture.ts:34[39m[0m[0m]FIXTURE 'authToken': Kóduji přihlašovací údaje do Base64...
2025[0m[0m-11[0m[0m-26[0m[0m 09[0m[0m:19[0m[0m:24[0m[0m.734[0m[0m [97m[1mTRACE[22m[39m[0m[0m [[37m\support\fixtures\auth.fixture.ts:38[39m[0m[0m]FIXTURE 'authToken': Odesílám POST požadavek na 'http://192.168.130.239:8180/auth-api/user/authorization' s Base64... 
2025[0m[0m-11[0m[0m-26[0m[0m 09[0m[0m:19[0m[0m:25[0m[0m.604[0m[0m [97m[1mTRACE[22m[39m[0m[0m [[37m\support\fixtures\auth.fixture.ts:43[39m[0m[0m]FIXTURE 'authToken': Odpověď přijata se statusem 201.
2025[0m[0m-11[0m[0m-26[0m[0m 09[0m[0m:19[0m[0m:25[0m[0m.605[0m[0m [32m[1mDEBUG[22m[39m[0m[0m [[37m\support\fixtures\auth.fixture.ts:45[39m[0m[0m]FIXTURE 'authToken': Kontroluji, zda je odpověď OK (status 2xx)...
2025[0m[0m-11[0m[0m-26[0m[0m 09[0m[0m:19[0m[0m:25[0m[0m.607[0m[0m [97m[1mTRACE[22m[39m[0m[0m [[37m\support\fixtures\auth.fixture.ts:62[39m[0m[0m]FIXTURE 'authToken': Získávám 'accessToken' z JSON odpovědi.
2025[0m[0m-11[0m[0m-26[0m[0m 09[0m[0m:19[0m[0m:25[0m[0m.608[0m[0m [97m[1mTRACE[22m[39m[0m[0m [[37m\support\fixtures\auth.fixture.ts:66[39m[0m[0m]FIXTURE 'authToken': Volám 'use(token)' a předávám token dál...
2025[0m[0m-11[0m[0m-26[0m[0m 09[0m[0m:19[0m[0m:25[0m[0m.610[0m[0m [97m[1mTRACE[22m[39m[0m[0m [[37m\support\fixtures\auth.fixture.ts:95[39m[0m[0m]FIXTURE 'apiClient': Budu vytvářet novou instanci ApiClient s poskytnutým tokenem.
2025[0m[0m-11[0m[0m-26[0m[0m 09[0m[0m:19[0m[0m:25[0m[0m.610[0m[0m [97m[1mTRACE[22m[39m[0m[0m [[37m\support\fixtures\auth.fixture.ts:98[39m[0m[0m]FIXTURE 'apiClient': Instance ApiClient byla úspěšně vytvořena.
2025[0m[0m-11[0m[0m-26[0m[0m 09[0m[0m:19[0m[0m:25[0m[0m.612[0m[0m [97m[1mTRACE[22m[39m[0m[0m [[37m\support\fixtures\auth.fixture.ts:100[39m[0m[0m]FIXTURE 'apiClient': Volám 'use(client)' a předávám hotového klienta testu...
2025[0m[0m-11[0m[0m-26[0m[0m 09[0m[0m:19[0m[0m:25[0m[0m.613[0m[0m [34m[1mINFO[22m[39m[0m[0m [[37m\tests\Regrese\Doklady\Objednavky\Objednvaky_life_cycle_regrese_api.spec.ts:333[39m[0m[0m]Spouštím test: TC_002 - Negativní test - Duplicitní přidání položky
2025[0m[0m-11[0m[0m-26[0m[0m 09[0m[0m:19[0m[0m:25[0m[0m.616[0m[0m [97m[1mTRACE[22m[39m[0m[0m [[37m\api\BaseApiClient.ts:76[39m[0m[0m][497167f1] ---> POST http://192.168.130.239:8180/documents-api/orders/231 {
  params: [90mundefined[39m,
  data: {
    orderDate: [32m'2025-11-26T09:19:25.616Z'[39m,
    deliveryDate: [32m'2025-11-27T09:19:25.616Z'[39m,
    description: [32m'AutoTest_TC_002_1764148765616'[39m,
    ownerName: [32m'ČEPRO, a.s.'[39m,
    ownerId: [33m1[39m,
    stockId: [33m231[39m,
    supplierId: [33m8[39m,
    supplierName: [32m'Banner Baterie ČR spol.s r.o.'[39m
  },
  headers: {
    Accept: [32m'application/json, text/plain, */*'[39m,
    [32m'Content-Type'[39m: [32m'application/json;charset=UTF-8'[39m,
    [32m'X-Request-ID'[39m: [32m'497167f1'[39m,
    Authorization: [32m'*** MASKED ***'[39m
  }
}
2025[0m[0m-11[0m[0m-26[0m[0m 09[0m[0m:19[0m[0m:25[0m[0m.670[0m[0m [34m[1mINFO[22m[39m[0m[0m [[37m\api\BaseApiClient.ts:94[39m[0m[0m][497167f1] <--- 201 POST http://192.168.130.239:8180/documents-api/orders/231 (52.49 ms)
2025[0m[0m-11[0m[0m-26[0m[0m 09[0m[0m:19[0m[0m:25[0m[0m.672[0m[0m [34m[1mINFO[22m[39m[0m[0m [[37m\tests\Regrese\Doklady\Objednavky\Objednvaky_life_cycle_regrese_api.spec.ts:106[39m[0m[0m]Krok 1 OK: Objednávka vytvořena.
2025[0m[0m-11[0m[0m-26[0m[0m 09[0m[0m:19[0m[0m:25[0m[0m.673[0m[0m [97m[1mTRACE[22m[39m[0m[0m [[37m\api\BaseApiClient.ts:76[39m[0m[0m][553fc2ca] ---> GET http://192.168.130.239:8180/reports-api/listOfOrders {
  params: {
    stockId: [33m231[39m,
    year: [33m2025[39m
  },
  data: [90mundefined[39m,
  headers: {
    Accept: [32m'application/json, text/plain, */*'[39m,
    [32m'Content-Type'[39m: [32m'application/json;charset=UTF-8'[39m,
    [32m'X-Request-ID'[39m: [32m'553fc2ca'[39m,
    Authorization: [32m'*** MASKED ***'[39m
  }
}
2025[0m[0m-11[0m[0m-26[0m[0m 09[0m[0m:19[0m[0m:25[0m[0m.883[0m[0m [34m[1mINFO[22m[39m[0m[0m [[37m\api\BaseApiClient.ts:94[39m[0m[0m][553fc2ca] <--- 200 GET http://192.168.130.239:8180/reports-api/listOfOrders (208.40 ms)
2025[0m[0m-11[0m[0m-26[0m[0m 09[0m[0m:19[0m[0m:25[0m[0m.886[0m[0m [34m[1mINFO[22m[39m[0m[0m [[37m\tests\Regrese\Doklady\Objednavky\Objednvaky_life_cycle_regrese_api.spec.ts:121[39m[0m[0m]Krok 2 OK: Objednávka ID 178 nalezena.
2025[0m[0m-11[0m[0m-26[0m[0m 09[0m[0m:19[0m[0m:25[0m[0m.887[0m[0m [97m[1mTRACE[22m[39m[0m[0m [[37m\api\BaseApiClient.ts:76[39m[0m[0m][5903216a] ---> GET http://192.168.130.239:8180/reports-api/listOfStockCards/60193531/231 {
  params: {
    search: [32m'040328'[39m,
    searchType: [32m'PLU'[39m,
    stockId: [33m231[39m,
    ownerId: [33m1[39m,
    supplierId: [33m8[39m,
    stkitmType: [32m'D'[39m,
    for: [32m'orders'[39m
  },
  data: [90mundefined[39m,
  headers: {
    Accept: [32m'application/json, text/plain, */*'[39m,
    [32m'Content-Type'[39m: [32m'application/json;charset=UTF-8'[39m,
    [32m'X-Request-ID'[39m: [32m'5903216a'[39m,
    Authorization: [32m'*** MASKED ***'[39m
  }
}
2025[0m[0m-11[0m[0m-26[0m[0m 09[0m[0m:19[0m[0m:25[0m[0m.945[0m[0m [34m[1mINFO[22m[39m[0m[0m [[37m\api\BaseApiClient.ts:94[39m[0m[0m][5903216a] <--- 200 GET http://192.168.130.239:8180/reports-api/listOfStockCards/60193531/231 (56.63 ms)
2025[0m[0m-11[0m[0m-26[0m[0m 09[0m[0m:19[0m[0m:25[0m[0m.947[0m[0m [34m[1mINFO[22m[39m[0m[0m [[37m\tests\Regrese\Doklady\Objednavky\Objednvaky_life_cycle_regrese_api.spec.ts:140[39m[0m[0m]Krok 3 OK: StockCard ID: 959
2025[0m[0m-11[0m[0m-26[0m[0m 09[0m[0m:19[0m[0m:25[0m[0m.948[0m[0m [97m[1mTRACE[22m[39m[0m[0m [[37m\tests\Regrese\Doklady\Objednavky\Objednvaky_life_cycle_regrese_api.spec.ts:165[39m[0m[0m]Krok: Odesílám items (očekávám 201)...
2025[0m[0m-11[0m[0m-26[0m[0m 09[0m[0m:19[0m[0m:25[0m[0m.949[0m[0m [97m[1mTRACE[22m[39m[0m[0m [[37m\api\BaseApiClient.ts:76[39m[0m[0m][a390dac5] ---> POST http://192.168.130.239:8180/documents-api/ordersitems/231 {
  params: [90mundefined[39m,
  data: {
    orderId: [33m178[39m,
    stockCardId: [33m959[39m,
    amount: [33m10[39m
  },
  headers: {
    Accept: [32m'application/json, text/plain, */*'[39m,
    [32m'Content-Type'[39m: [32m'application/json;charset=UTF-8'[39m,
    [32m'X-Request-ID'[39m: [32m'a390dac5'[39m,
    Authorization: [32m'*** MASKED ***'[39m
  }
}
2025[0m[0m-11[0m[0m-26[0m[0m 09[0m[0m:19[0m[0m:26[0m[0m.032[0m[0m [34m[1mINFO[22m[39m[0m[0m [[37m\api\BaseApiClient.ts:94[39m[0m[0m][a390dac5] <--- 201 POST http://192.168.130.239:8180/documents-api/ordersitems/231 (81.93 ms)
2025[0m[0m-11[0m[0m-26[0m[0m 09[0m[0m:19[0m[0m:26[0m[0m.039[0m[0m [34m[1mINFO[22m[39m[0m[0m [[37m\tests\Regrese\Doklady\Objednavky\Objednvaky_life_cycle_regrese_api.spec.ts:182[39m[0m[0m]Krok OK: Item přidán (Status 201).
2025[0m[0m-11[0m[0m-26[0m[0m 09[0m[0m:19[0m[0m:26[0m[0m.043[0m[0m [97m[1mTRACE[22m[39m[0m[0m [[37m\tests\Regrese\Doklady\Objednavky\Objednvaky_life_cycle_regrese_api.spec.ts:165[39m[0m[0m]Krok: Odesílám items (očekávám 409)...
2025[0m[0m-11[0m[0m-26[0m[0m 09[0m[0m:19[0m[0m:26[0m[0m.046[0m[0m [97m[1mTRACE[22m[39m[0m[0m [[37m\api\BaseApiClient.ts:76[39m[0m[0m][3c060dd6] ---> POST http://192.168.130.239:8180/documents-api/ordersitems/231 {
  params: [90mundefined[39m,
  data: {
    orderId: [33m178[39m,
    stockCardId: [33m959[39m,
    amount: [33m5[39m
  },
  headers: {
    Accept: [32m'application/json, text/plain, */*'[39m,
    [32m'Content-Type'[39m: [32m'application/json;charset=UTF-8'[39m,
    [32m'X-Request-ID'[39m: [32m'3c060dd6'[39m,
    Authorization: [32m'*** MASKED ***'[39m
  }
}
2025[0m[0m-11[0m[0m-26[0m[0m 09[0m[0m:19[0m[0m:26[0m[0m.101[0m[0m [34m[1mINFO[22m[39m[0m[0m [[37m\api\BaseApiClient.ts:94[39m[0m[0m][3c060dd6] <--- 409 POST http://192.168.130.239:8180/documents-api/ordersitems/231 (47.72 ms)
2025[0m[0m-11[0m[0m-26[0m[0m 09[0m[0m:19[0m[0m:26[0m[0m.105[0m[0m [31m[1mERROR[22m[39m[0m[0m [[37m\api\BaseApiClient.ts:117[39m[0m[0m][N/A] API Error: Status 409 on http://192.168.130.239:8180/documents-api/ordersitems/231 {
  body: [32m'{"status":409,"message":"duplicate revaluation","duplicitItem":{"id":149,"category_id":36,"comment":null,"created":"2025-11-26T09:19:25.940Z","ean":"3800034955539","order_id":178,"stock_card_id":959,"plu":"040328","stock_card_name":"AREON MON CHOCOLATE & CHERRY","item_id":1,"supplier_goods_nr":null,"amount":10,"delivered_amount":null,"valid":null,"tandem":null,"tandem_connection_id":null,"updated":"2025-11-26T09:19:25.940Z","operator":"TESTING_AUTOMAT","supplier_status":false}}'[39m
}
2025[0m[0m-11[0m[0m-26[0m[0m 09[0m[0m:19[0m[0m:26[0m[0m.107[0m[0m [32m[1mDEBUG[22m[39m[0m[0m [[37m\tests\Regrese\Doklady\Objednavky\Objednvaky_life_cycle_regrese_api.spec.ts:191[39m[0m[0m]Zachycena chyba API. Status v erroru: 409. Očekáváno: 409
2025[0m[0m-11[0m[0m-26[0m[0m 09[0m[0m:19[0m[0m:26[0m[0m.109[0m[0m [34m[1mINFO[22m[39m[0m[0m [[37m\tests\Regrese\Doklady\Objednavky\Objednvaky_life_cycle_regrese_api.spec.ts:195[39m[0m[0m]Krok OK (Negativní test): Očekávaná chyba 409 byla úspěšně zachycena.
2025[0m[0m-11[0m[0m-26[0m[0m 09[0m[0m:19[0m[0m:26[0m[0m.112[0m[0m [32m[1mDEBUG[22m[39m[0m[0m [[37m\tests\Regrese\Doklady\Objednavky\Objednvaky_life_cycle_regrese_api.spec.ts:307[39m[0m[0m]Mažu objednávku: DELETE /documents-api/orders/231/178
2025[0m[0m-11[0m[0m-26[0m[0m 09[0m[0m:19[0m[0m:26[0m[0m.114[0m[0m [97m[1mTRACE[22m[39m[0m[0m [[37m\api\BaseApiClient.ts:76[39m[0m[0m][b7cd1489] ---> DELETE http://192.168.130.239:8180/documents-api/orders/231/178 {
  params: [90mundefined[39m,
  data: [90mundefined[39m,
  headers: {
    Accept: [32m'application/json, text/plain, */*'[39m,
    [32m'Content-Type'[39m: [32m'application/json;charset=UTF-8'[39m,
    [32m'X-Request-ID'[39m: [32m'b7cd1489'[39m,
    Authorization: [32m'*** MASKED ***'[39m
  }
}
2025[0m[0m-11[0m[0m-26[0m[0m 09[0m[0m:19[0m[0m:26[0m[0m.166[0m[0m [34m[1mINFO[22m[39m[0m[0m [[37m\api\BaseApiClient.ts:94[39m[0m[0m][b7cd1489] <--- 204 DELETE http://192.168.130.239:8180/documents-api/orders/231/178 (49.14 ms)
2025[0m[0m-11[0m[0m-26[0m[0m 09[0m[0m:19[0m[0m:26[0m[0m.168[0m[0m [34m[1mINFO[22m[39m[0m[0m [[37m\tests\Regrese\Doklady\Objednavky\Objednvaky_life_cycle_regrese_api.spec.ts:312[39m[0m[0m]Krok OK: Objednávka ID 178 byla úspěšně smazána.
]]></system-out>
    </testcase>
  </testsuite>
</testsuites>