<testsuites id="" name="" tests="3" failures="0" skipped="0" errors="0" time="6.918424">
  <testsuite name="Regrese\Doklady\Cerpadlove_listy\Cerpadlove_listy_regrese_filtry_API.spec.ts" timestamp="2025-09-08T08:55:14.234Z" hostname="API" tests="3" failures="0" skipped="0" time="5.903" errors="0">
    <testcase name="Testy filtrů listOfDrivers › TC-01 Test filtru: Filtrování podle roku @regression @CerpadloveDodaciListy @API" classname="Regrese\Doklady\Cerpadlove_listy\Cerpadlove_listy_regrese_filtry_API.spec.ts" time="2.424" id="TC-01">
      <system-out><![CDATA[2025[0m[0m-09[0m[0m-08[0m[0m 08[0m[0m:55[0m[0m:15[0m[0m.186[0m[0m [97m[1mTRACE[22m[39m[0m[0m [[37m\support\fixtures\auth.fixture.ts:23[39m[0m[0m]FIXTURE 'authToken': Budu vytvářet nový request kontext...
2025[0m[0m-09[0m[0m-08[0m[0m 08[0m[0m:55[0m[0m:15[0m[0m.191[0m[0m [97m[1mTRACE[22m[39m[0m[0m [[37m\support\fixtures\auth.fixture.ts:25[39m[0m[0m]FIXTURE 'authToken': Request kontext vytvořen.
2025[0m[0m-09[0m[0m-08[0m[0m 08[0m[0m:55[0m[0m:15[0m[0m.885[0m[0m [97m[1mTRACE[22m[39m[0m[0m [[37m\support\fixtures\auth.fixture.ts:33[39m[0m[0m]FIXTURE 'authToken': Odpověď přijata se statusem 201.
2025[0m[0m-09[0m[0m-08[0m[0m 08[0m[0m:55[0m[0m:15[0m[0m.888[0m[0m [97m[1mTRACE[22m[39m[0m[0m [[37m\support\fixtures\auth.fixture.ts:50[39m[0m[0m]FIXTURE 'authToken': Získávám 'accessToken' z JSON odpovědi.
2025[0m[0m-09[0m[0m-08[0m[0m 08[0m[0m:55[0m[0m:15[0m[0m.892[0m[0m [97m[1mTRACE[22m[39m[0m[0m [[37m\support\fixtures\auth.fixture.ts:54[39m[0m[0m]FIXTURE 'authToken': Volám 'use(token)' a předávám token dál...
2025[0m[0m-09[0m[0m-08[0m[0m 08[0m[0m:55[0m[0m:15[0m[0m.893[0m[0m [97m[1mTRACE[22m[39m[0m[0m [[37m\support\fixtures\auth.fixture.ts:64[39m[0m[0m]FIXTURE 'page' (rozšířená): Budu vkládat inicializační skript pro nastavení localStorage...
2025[0m[0m-09[0m[0m-08[0m[0m 08[0m[0m:55[0m[0m:15[0m[0m.897[0m[0m [97m[1mTRACE[22m[39m[0m[0m [[37m\support\fixtures\auth.fixture.ts:74[39m[0m[0m]FIXTURE 'page' (rozšířená): Inicializační skript byl přidán.
2025[0m[0m-09[0m[0m-08[0m[0m 08[0m[0m:55[0m[0m:16[0m[0m.737[0m[0m [97m[1mTRACE[22m[39m[0m[0m [[37m\support\fixtures\auth.fixture.ts:78[39m[0m[0m]FIXTURE 'page' (rozšířená): Navigace na '/' dokončena.
2025[0m[0m-09[0m[0m-08[0m[0m 08[0m[0m:55[0m[0m:16[0m[0m.738[0m[0m [97m[1mTRACE[22m[39m[0m[0m [[37m\support\fixtures\auth.fixture.ts:80[39m[0m[0m]FIXTURE 'page' (rozšířená): Volám 'use(page)' a předávám připravenou stránku testu...
2025[0m[0m-09[0m[0m-08[0m[0m 08[0m[0m:55[0m[0m:16[0m[0m.740[0m[0m [34m[1mINFO[22m[39m[0m[0m [[37m\tests\Regrese\Doklady\Cerpadlove_listy\Cerpadlove_listy_regrese_filtry_API.spec.ts:35[39m[0m[0m]Spouštím sadu testů pro filtry seznamu řidičů.
2025[0m[0m-09[0m[0m-08[0m[0m 08[0m[0m:55[0m[0m:16[0m[0m.822[0m[0m [97m[1mTRACE[22m[39m[0m[0m [[37m\tests\Regrese\Doklady\Cerpadlove_listy\Cerpadlove_listy_regrese_filtry_API.spec.ts:37[39m[0m[0m]Naviguji na domovskou stránku pro získání tokenu.
2025[0m[0m-09[0m[0m-08[0m[0m 08[0m[0m:55[0m[0m:16[0m[0m.841[0m[0m [97m[1mTRACE[22m[39m[0m[0m [[37m\tests\Regrese\Doklady\Cerpadlove_listy\Cerpadlove_listy_regrese_filtry_API.spec.ts:40[39m[0m[0m]Autentizační token úspěšně získán.
2025[0m[0m-09[0m[0m-08[0m[0m 08[0m[0m:55[0m[0m:16[0m[0m.842[0m[0m [97m[1mTRACE[22m[39m[0m[0m [[37m\tests\Regrese\Doklady\Cerpadlove_listy\Cerpadlove_listy_regrese_filtry_API.spec.ts:42[39m[0m[0m]ApiClient byl inicializován.
2025[0m[0m-09[0m[0m-08[0m[0m 08[0m[0m:55[0m[0m:16[0m[0m.847[0m[0m [34m[1mINFO[22m[39m[0m[0m [[37m\tests\Regrese\Doklady\Cerpadlove_listy\Cerpadlove_listy_regrese_filtry_API.spec.ts:53[39m[0m[0m]Spouštím test pro: Filtrování podle roku
2025[0m[0m-09[0m[0m-08[0m[0m 08[0m[0m:55[0m[0m:16[0m[0m.849[0m[0m [32m[1mDEBUG[22m[39m[0m[0m [[37m\tests\Regrese\Doklady\Cerpadlove_listy\Cerpadlove_listy_regrese_filtry_API.spec.ts:60[39m[0m[0m]Připravuji API volání s payloadem: {"accOwner":"60193531","year":2025,"stockId":230}
2025[0m[0m-09[0m[0m-08[0m[0m 08[0m[0m:55[0m[0m:16[0m[0m.850[0m[0m [97m[1mTRACE[22m[39m[0m[0m [[37m\tests\Regrese\Doklady\Cerpadlove_listy\Cerpadlove_listy_regrese_filtry_API.spec.ts:61[39m[0m[0m]Volání API s payloadem: {"accOwner":"60193531","year":2025,"stockId":230}
2025[0m[0m-09[0m[0m-08[0m[0m 08[0m[0m:55[0m[0m:16[0m[0m.852[0m[0m [97m[1mTRACE[22m[39m[0m[0m [[37m\support\ApiClient.ts:1370[39m[0m[0m]Odesílám GET požadavek na /reports-api/listOfWetDeliveryNotes s parametry: {"accOwner":"60193531","year":2025,"stockId":230}
2025[0m[0m-09[0m[0m-08[0m[0m 08[0m[0m:55[0m[0m:17[0m[0m.110[0m[0m [34m[1mINFO[22m[39m[0m[0m [[37m\support\ApiClient.ts:1380[39m[0m[0m]URL: http://192.168.130.239:8180//reports-api/listOfWetDeliveryNotes Status: 200
2025[0m[0m-09[0m[0m-08[0m[0m 08[0m[0m:55[0m[0m:17[0m[0m.111[0m[0m [34m[1mINFO[22m[39m[0m[0m [[37m\support\ApiClient.ts:1383[39m[0m[0m]Požadavek na '/reports-api/listOfWetDeliveryNotes' byl úspěšný s HTTP status 200
2025[0m[0m-09[0m[0m-08[0m[0m 08[0m[0m:55[0m[0m:17[0m[0m.121[0m[0m [97m[1mTRACE[22m[39m[0m[0m [[37m\tests\Regrese\Doklady\Cerpadlove_listy\Cerpadlove_listy_regrese_filtry_API.spec.ts:77[39m[0m[0m]Zahajuji ověření vrácených dat pro test "Filtrování podle roku".
2025[0m[0m-09[0m[0m-08[0m[0m 08[0m[0m:55[0m[0m:17[0m[0m.122[0m[0m [97m[1mTRACE[22m[39m[0m[0m [[37m\tests\Regrese\Doklady\Cerpadlove_listy\Cerpadlove_listy_regrese_filtry_API.spec.ts:82[39m[0m[0m]Ověřuji rok: Očekávaná hodnota: 2025, Nalezená hodnota: 2025
2025[0m[0m-09[0m[0m-08[0m[0m 08[0m[0m:55[0m[0m:17[0m[0m.127[0m[0m [97m[1mTRACE[22m[39m[0m[0m [[37m\tests\Regrese\Doklady\Cerpadlove_listy\Cerpadlove_listy_regrese_filtry_API.spec.ts:82[39m[0m[0m]Ověřuji rok: Očekávaná hodnota: 2025, Nalezená hodnota: 2025
2025[0m[0m-09[0m[0m-08[0m[0m 08[0m[0m:55[0m[0m:17[0m[0m.135[0m[0m [97m[1mTRACE[22m[39m[0m[0m [[37m\tests\Regrese\Doklady\Cerpadlove_listy\Cerpadlove_listy_regrese_filtry_API.spec.ts:82[39m[0m[0m]Ověřuji rok: Očekávaná hodnota: 2025, Nalezená hodnota: 2025
2025[0m[0m-09[0m[0m-08[0m[0m 08[0m[0m:55[0m[0m:17[0m[0m.139[0m[0m [97m[1mTRACE[22m[39m[0m[0m [[37m\tests\Regrese\Doklady\Cerpadlove_listy\Cerpadlove_listy_regrese_filtry_API.spec.ts:82[39m[0m[0m]Ověřuji rok: Očekávaná hodnota: 2025, Nalezená hodnota: 2025
2025[0m[0m-09[0m[0m-08[0m[0m 08[0m[0m:55[0m[0m:17[0m[0m.141[0m[0m [97m[1mTRACE[22m[39m[0m[0m [[37m\tests\Regrese\Doklady\Cerpadlove_listy\Cerpadlove_listy_regrese_filtry_API.spec.ts:82[39m[0m[0m]Ověřuji rok: Očekávaná hodnota: 2025, Nalezená hodnota: 2025
2025[0m[0m-09[0m[0m-08[0m[0m 08[0m[0m:55[0m[0m:17[0m[0m.144[0m[0m [97m[1mTRACE[22m[39m[0m[0m [[37m\tests\Regrese\Doklady\Cerpadlove_listy\Cerpadlove_listy_regrese_filtry_API.spec.ts:82[39m[0m[0m]Ověřuji rok: Očekávaná hodnota: 2025, Nalezená hodnota: 2025
2025[0m[0m-09[0m[0m-08[0m[0m 08[0m[0m:55[0m[0m:17[0m[0m.151[0m[0m [97m[1mTRACE[22m[39m[0m[0m [[37m\tests\Regrese\Doklady\Cerpadlove_listy\Cerpadlove_listy_regrese_filtry_API.spec.ts:82[39m[0m[0m]Ověřuji rok: Očekávaná hodnota: 2025, Nalezená hodnota: 2025
2025[0m[0m-09[0m[0m-08[0m[0m 08[0m[0m:55[0m[0m:17[0m[0m.153[0m[0m [97m[1mTRACE[22m[39m[0m[0m [[37m\tests\Regrese\Doklady\Cerpadlove_listy\Cerpadlove_listy_regrese_filtry_API.spec.ts:82[39m[0m[0m]Ověřuji rok: Očekávaná hodnota: 2025, Nalezená hodnota: 2025
2025[0m[0m-09[0m[0m-08[0m[0m 08[0m[0m:55[0m[0m:17[0m[0m.155[0m[0m [97m[1mTRACE[22m[39m[0m[0m [[37m\tests\Regrese\Doklady\Cerpadlove_listy\Cerpadlove_listy_regrese_filtry_API.spec.ts:82[39m[0m[0m]Ověřuji rok: Očekávaná hodnota: 2025, Nalezená hodnota: 2025
2025[0m[0m-09[0m[0m-08[0m[0m 08[0m[0m:55[0m[0m:17[0m[0m.158[0m[0m [97m[1mTRACE[22m[39m[0m[0m [[37m\tests\Regrese\Doklady\Cerpadlove_listy\Cerpadlove_listy_regrese_filtry_API.spec.ts:82[39m[0m[0m]Ověřuji rok: Očekávaná hodnota: 2025, Nalezená hodnota: 2025
2025[0m[0m-09[0m[0m-08[0m[0m 08[0m[0m:55[0m[0m:17[0m[0m.161[0m[0m [97m[1mTRACE[22m[39m[0m[0m [[37m\tests\Regrese\Doklady\Cerpadlove_listy\Cerpadlove_listy_regrese_filtry_API.spec.ts:82[39m[0m[0m]Ověřuji rok: Očekávaná hodnota: 2025, Nalezená hodnota: 2025
2025[0m[0m-09[0m[0m-08[0m[0m 08[0m[0m:55[0m[0m:17[0m[0m.166[0m[0m [97m[1mTRACE[22m[39m[0m[0m [[37m\tests\Regrese\Doklady\Cerpadlove_listy\Cerpadlove_listy_regrese_filtry_API.spec.ts:82[39m[0m[0m]Ověřuji rok: Očekávaná hodnota: 2025, Nalezená hodnota: 2025
2025[0m[0m-09[0m[0m-08[0m[0m 08[0m[0m:55[0m[0m:17[0m[0m.169[0m[0m [97m[1mTRACE[22m[39m[0m[0m [[37m\tests\Regrese\Doklady\Cerpadlove_listy\Cerpadlove_listy_regrese_filtry_API.spec.ts:82[39m[0m[0m]Ověřuji rok: Očekávaná hodnota: 2025, Nalezená hodnota: 2025
2025[0m[0m-09[0m[0m-08[0m[0m 08[0m[0m:55[0m[0m:17[0m[0m.172[0m[0m [97m[1mTRACE[22m[39m[0m[0m [[37m\tests\Regrese\Doklady\Cerpadlove_listy\Cerpadlove_listy_regrese_filtry_API.spec.ts:82[39m[0m[0m]Ověřuji rok: Očekávaná hodnota: 2025, Nalezená hodnota: 2025
2025[0m[0m-09[0m[0m-08[0m[0m 08[0m[0m:55[0m[0m:17[0m[0m.173[0m[0m [97m[1mTRACE[22m[39m[0m[0m [[37m\tests\Regrese\Doklady\Cerpadlove_listy\Cerpadlove_listy_regrese_filtry_API.spec.ts:82[39m[0m[0m]Ověřuji rok: Očekávaná hodnota: 2025, Nalezená hodnota: 2025
2025[0m[0m-09[0m[0m-08[0m[0m 08[0m[0m:55[0m[0m:17[0m[0m.181[0m[0m [97m[1mTRACE[22m[39m[0m[0m [[37m\tests\Regrese\Doklady\Cerpadlove_listy\Cerpadlove_listy_regrese_filtry_API.spec.ts:82[39m[0m[0m]Ověřuji rok: Očekávaná hodnota: 2025, Nalezená hodnota: 2025
2025[0m[0m-09[0m[0m-08[0m[0m 08[0m[0m:55[0m[0m:17[0m[0m.184[0m[0m [97m[1mTRACE[22m[39m[0m[0m [[37m\tests\Regrese\Doklady\Cerpadlove_listy\Cerpadlove_listy_regrese_filtry_API.spec.ts:82[39m[0m[0m]Ověřuji rok: Očekávaná hodnota: 2025, Nalezená hodnota: 2025
2025[0m[0m-09[0m[0m-08[0m[0m 08[0m[0m:55[0m[0m:17[0m[0m.188[0m[0m [97m[1mTRACE[22m[39m[0m[0m [[37m\tests\Regrese\Doklady\Cerpadlove_listy\Cerpadlove_listy_regrese_filtry_API.spec.ts:82[39m[0m[0m]Ověřuji rok: Očekávaná hodnota: 2025, Nalezená hodnota: 2025
2025[0m[0m-09[0m[0m-08[0m[0m 08[0m[0m:55[0m[0m:17[0m[0m.191[0m[0m [97m[1mTRACE[22m[39m[0m[0m [[37m\tests\Regrese\Doklady\Cerpadlove_listy\Cerpadlove_listy_regrese_filtry_API.spec.ts:82[39m[0m[0m]Ověřuji rok: Očekávaná hodnota: 2025, Nalezená hodnota: 2025
2025[0m[0m-09[0m[0m-08[0m[0m 08[0m[0m:55[0m[0m:17[0m[0m.196[0m[0m [97m[1mTRACE[22m[39m[0m[0m [[37m\tests\Regrese\Doklady\Cerpadlove_listy\Cerpadlove_listy_regrese_filtry_API.spec.ts:82[39m[0m[0m]Ověřuji rok: Očekávaná hodnota: 2025, Nalezená hodnota: 2025
2025[0m[0m-09[0m[0m-08[0m[0m 08[0m[0m:55[0m[0m:17[0m[0m.199[0m[0m [97m[1mTRACE[22m[39m[0m[0m [[37m\tests\Regrese\Doklady\Cerpadlove_listy\Cerpadlove_listy_regrese_filtry_API.spec.ts:82[39m[0m[0m]Ověřuji rok: Očekávaná hodnota: 2025, Nalezená hodnota: 2025
2025[0m[0m-09[0m[0m-08[0m[0m 08[0m[0m:55[0m[0m:17[0m[0m.203[0m[0m [97m[1mTRACE[22m[39m[0m[0m [[37m\tests\Regrese\Doklady\Cerpadlove_listy\Cerpadlove_listy_regrese_filtry_API.spec.ts:82[39m[0m[0m]Ověřuji rok: Očekávaná hodnota: 2025, Nalezená hodnota: 2025
2025[0m[0m-09[0m[0m-08[0m[0m 08[0m[0m:55[0m[0m:17[0m[0m.206[0m[0m [97m[1mTRACE[22m[39m[0m[0m [[37m\tests\Regrese\Doklady\Cerpadlove_listy\Cerpadlove_listy_regrese_filtry_API.spec.ts:82[39m[0m[0m]Ověřuji rok: Očekávaná hodnota: 2025, Nalezená hodnota: 2025
2025[0m[0m-09[0m[0m-08[0m[0m 08[0m[0m:55[0m[0m:17[0m[0m.210[0m[0m [97m[1mTRACE[22m[39m[0m[0m [[37m\tests\Regrese\Doklady\Cerpadlove_listy\Cerpadlove_listy_regrese_filtry_API.spec.ts:82[39m[0m[0m]Ověřuji rok: Očekávaná hodnota: 2025, Nalezená hodnota: 2025
2025[0m[0m-09[0m[0m-08[0m[0m 08[0m[0m:55[0m[0m:17[0m[0m.212[0m[0m [97m[1mTRACE[22m[39m[0m[0m [[37m\tests\Regrese\Doklady\Cerpadlove_listy\Cerpadlove_listy_regrese_filtry_API.spec.ts:82[39m[0m[0m]Ověřuji rok: Očekávaná hodnota: 2025, Nalezená hodnota: 2025
2025[0m[0m-09[0m[0m-08[0m[0m 08[0m[0m:55[0m[0m:17[0m[0m.214[0m[0m [97m[1mTRACE[22m[39m[0m[0m [[37m\tests\Regrese\Doklady\Cerpadlove_listy\Cerpadlove_listy_regrese_filtry_API.spec.ts:82[39m[0m[0m]Ověřuji rok: Očekávaná hodnota: 2025, Nalezená hodnota: 2025
2025[0m[0m-09[0m[0m-08[0m[0m 08[0m[0m:55[0m[0m:17[0m[0m.218[0m[0m [97m[1mTRACE[22m[39m[0m[0m [[37m\tests\Regrese\Doklady\Cerpadlove_listy\Cerpadlove_listy_regrese_filtry_API.spec.ts:82[39m[0m[0m]Ověřuji rok: Očekávaná hodnota: 2025, Nalezená hodnota: 2025
2025[0m[0m-09[0m[0m-08[0m[0m 08[0m[0m:55[0m[0m:17[0m[0m.220[0m[0m [97m[1mTRACE[22m[39m[0m[0m [[37m\tests\Regrese\Doklady\Cerpadlove_listy\Cerpadlove_listy_regrese_filtry_API.spec.ts:82[39m[0m[0m]Ověřuji rok: Očekávaná hodnota: 2025, Nalezená hodnota: 2025
2025[0m[0m-09[0m[0m-08[0m[0m 08[0m[0m:55[0m[0m:17[0m[0m.222[0m[0m [97m[1mTRACE[22m[39m[0m[0m [[37m\tests\Regrese\Doklady\Cerpadlove_listy\Cerpadlove_listy_regrese_filtry_API.spec.ts:82[39m[0m[0m]Ověřuji rok: Očekávaná hodnota: 2025, Nalezená hodnota: 2025
2025[0m[0m-09[0m[0m-08[0m[0m 08[0m[0m:55[0m[0m:17[0m[0m.224[0m[0m [97m[1mTRACE[22m[39m[0m[0m [[37m\tests\Regrese\Doklady\Cerpadlove_listy\Cerpadlove_listy_regrese_filtry_API.spec.ts:82[39m[0m[0m]Ověřuji rok: Očekávaná hodnota: 2025, Nalezená hodnota: 2025
2025[0m[0m-09[0m[0m-08[0m[0m 08[0m[0m:55[0m[0m:17[0m[0m.226[0m[0m [97m[1mTRACE[22m[39m[0m[0m [[37m\tests\Regrese\Doklady\Cerpadlove_listy\Cerpadlove_listy_regrese_filtry_API.spec.ts:82[39m[0m[0m]Ověřuji rok: Očekávaná hodnota: 2025, Nalezená hodnota: 2025
2025[0m[0m-09[0m[0m-08[0m[0m 08[0m[0m:55[0m[0m:17[0m[0m.228[0m[0m [97m[1mTRACE[22m[39m[0m[0m [[37m\tests\Regrese\Doklady\Cerpadlove_listy\Cerpadlove_listy_regrese_filtry_API.spec.ts:82[39m[0m[0m]Ověřuji rok: Očekávaná hodnota: 2025, Nalezená hodnota: 2025
2025[0m[0m-09[0m[0m-08[0m[0m 08[0m[0m:55[0m[0m:17[0m[0m.236[0m[0m [97m[1mTRACE[22m[39m[0m[0m [[37m\tests\Regrese\Doklady\Cerpadlove_listy\Cerpadlove_listy_regrese_filtry_API.spec.ts:82[39m[0m[0m]Ověřuji rok: Očekávaná hodnota: 2025, Nalezená hodnota: 2025
2025[0m[0m-09[0m[0m-08[0m[0m 08[0m[0m:55[0m[0m:17[0m[0m.240[0m[0m [97m[1mTRACE[22m[39m[0m[0m [[37m\tests\Regrese\Doklady\Cerpadlove_listy\Cerpadlove_listy_regrese_filtry_API.spec.ts:82[39m[0m[0m]Ověřuji rok: Očekávaná hodnota: 2025, Nalezená hodnota: 2025
2025[0m[0m-09[0m[0m-08[0m[0m 08[0m[0m:55[0m[0m:17[0m[0m.242[0m[0m [97m[1mTRACE[22m[39m[0m[0m [[37m\tests\Regrese\Doklady\Cerpadlove_listy\Cerpadlove_listy_regrese_filtry_API.spec.ts:82[39m[0m[0m]Ověřuji rok: Očekávaná hodnota: 2025, Nalezená hodnota: 2025
2025[0m[0m-09[0m[0m-08[0m[0m 08[0m[0m:55[0m[0m:17[0m[0m.245[0m[0m [97m[1mTRACE[22m[39m[0m[0m [[37m\tests\Regrese\Doklady\Cerpadlove_listy\Cerpadlove_listy_regrese_filtry_API.spec.ts:82[39m[0m[0m]Ověřuji rok: Očekávaná hodnota: 2025, Nalezená hodnota: 2025
2025[0m[0m-09[0m[0m-08[0m[0m 08[0m[0m:55[0m[0m:17[0m[0m.248[0m[0m [97m[1mTRACE[22m[39m[0m[0m [[37m\tests\Regrese\Doklady\Cerpadlove_listy\Cerpadlove_listy_regrese_filtry_API.spec.ts:82[39m[0m[0m]Ověřuji rok: Očekávaná hodnota: 2025, Nalezená hodnota: 2025
2025[0m[0m-09[0m[0m-08[0m[0m 08[0m[0m:55[0m[0m:17[0m[0m.250[0m[0m [97m[1mTRACE[22m[39m[0m[0m [[37m\tests\Regrese\Doklady\Cerpadlove_listy\Cerpadlove_listy_regrese_filtry_API.spec.ts:82[39m[0m[0m]Ověřuji rok: Očekávaná hodnota: 2025, Nalezená hodnota: 2025
2025[0m[0m-09[0m[0m-08[0m[0m 08[0m[0m:55[0m[0m:17[0m[0m.252[0m[0m [97m[1mTRACE[22m[39m[0m[0m [[37m\tests\Regrese\Doklady\Cerpadlove_listy\Cerpadlove_listy_regrese_filtry_API.spec.ts:82[39m[0m[0m]Ověřuji rok: Očekávaná hodnota: 2025, Nalezená hodnota: 2025
2025[0m[0m-09[0m[0m-08[0m[0m 08[0m[0m:55[0m[0m:17[0m[0m.254[0m[0m [97m[1mTRACE[22m[39m[0m[0m [[37m\tests\Regrese\Doklady\Cerpadlove_listy\Cerpadlove_listy_regrese_filtry_API.spec.ts:82[39m[0m[0m]Ověřuji rok: Očekávaná hodnota: 2025, Nalezená hodnota: 2025
2025[0m[0m-09[0m[0m-08[0m[0m 08[0m[0m:55[0m[0m:17[0m[0m.259[0m[0m [97m[1mTRACE[22m[39m[0m[0m [[37m\tests\Regrese\Doklady\Cerpadlove_listy\Cerpadlove_listy_regrese_filtry_API.spec.ts:82[39m[0m[0m]Ověřuji rok: Očekávaná hodnota: 2025, Nalezená hodnota: 2025
2025[0m[0m-09[0m[0m-08[0m[0m 08[0m[0m:55[0m[0m:17[0m[0m.263[0m[0m [97m[1mTRACE[22m[39m[0m[0m [[37m\tests\Regrese\Doklady\Cerpadlove_listy\Cerpadlove_listy_regrese_filtry_API.spec.ts:82[39m[0m[0m]Ověřuji rok: Očekávaná hodnota: 2025, Nalezená hodnota: 2025
2025[0m[0m-09[0m[0m-08[0m[0m 08[0m[0m:55[0m[0m:17[0m[0m.267[0m[0m [97m[1mTRACE[22m[39m[0m[0m [[37m\tests\Regrese\Doklady\Cerpadlove_listy\Cerpadlove_listy_regrese_filtry_API.spec.ts:82[39m[0m[0m]Ověřuji rok: Očekávaná hodnota: 2025, Nalezená hodnota: 2025
2025[0m[0m-09[0m[0m-08[0m[0m 08[0m[0m:55[0m[0m:17[0m[0m.269[0m[0m [97m[1mTRACE[22m[39m[0m[0m [[37m\tests\Regrese\Doklady\Cerpadlove_listy\Cerpadlove_listy_regrese_filtry_API.spec.ts:82[39m[0m[0m]Ověřuji rok: Očekávaná hodnota: 2025, Nalezená hodnota: 2025
2025[0m[0m-09[0m[0m-08[0m[0m 08[0m[0m:55[0m[0m:17[0m[0m.272[0m[0m [97m[1mTRACE[22m[39m[0m[0m [[37m\tests\Regrese\Doklady\Cerpadlove_listy\Cerpadlove_listy_regrese_filtry_API.spec.ts:82[39m[0m[0m]Ověřuji rok: Očekávaná hodnota: 2025, Nalezená hodnota: 2025
2025[0m[0m-09[0m[0m-08[0m[0m 08[0m[0m:55[0m[0m:17[0m[0m.274[0m[0m [97m[1mTRACE[22m[39m[0m[0m [[37m\tests\Regrese\Doklady\Cerpadlove_listy\Cerpadlove_listy_regrese_filtry_API.spec.ts:82[39m[0m[0m]Ověřuji rok: Očekávaná hodnota: 2025, Nalezená hodnota: 2025
2025[0m[0m-09[0m[0m-08[0m[0m 08[0m[0m:55[0m[0m:17[0m[0m.275[0m[0m [97m[1mTRACE[22m[39m[0m[0m [[37m\tests\Regrese\Doklady\Cerpadlove_listy\Cerpadlove_listy_regrese_filtry_API.spec.ts:82[39m[0m[0m]Ověřuji rok: Očekávaná hodnota: 2025, Nalezená hodnota: 2025
2025[0m[0m-09[0m[0m-08[0m[0m 08[0m[0m:55[0m[0m:17[0m[0m.276[0m[0m [97m[1mTRACE[22m[39m[0m[0m [[37m\tests\Regrese\Doklady\Cerpadlove_listy\Cerpadlove_listy_regrese_filtry_API.spec.ts:82[39m[0m[0m]Ověřuji rok: Očekávaná hodnota: 2025, Nalezená hodnota: 2025
2025[0m[0m-09[0m[0m-08[0m[0m 08[0m[0m:55[0m[0m:17[0m[0m.280[0m[0m [97m[1mTRACE[22m[39m[0m[0m [[37m\tests\Regrese\Doklady\Cerpadlove_listy\Cerpadlove_listy_regrese_filtry_API.spec.ts:82[39m[0m[0m]Ověřuji rok: Očekávaná hodnota: 2025, Nalezená hodnota: 2025
2025[0m[0m-09[0m[0m-08[0m[0m 08[0m[0m:55[0m[0m:17[0m[0m.288[0m[0m [97m[1mTRACE[22m[39m[0m[0m [[37m\tests\Regrese\Doklady\Cerpadlove_listy\Cerpadlove_listy_regrese_filtry_API.spec.ts:82[39m[0m[0m]Ověřuji rok: Očekávaná hodnota: 2025, Nalezená hodnota: 2025
2025[0m[0m-09[0m[0m-08[0m[0m 08[0m[0m:55[0m[0m:17[0m[0m.291[0m[0m [97m[1mTRACE[22m[39m[0m[0m [[37m\tests\Regrese\Doklady\Cerpadlove_listy\Cerpadlove_listy_regrese_filtry_API.spec.ts:82[39m[0m[0m]Ověřuji rok: Očekávaná hodnota: 2025, Nalezená hodnota: 2025
2025[0m[0m-09[0m[0m-08[0m[0m 08[0m[0m:55[0m[0m:17[0m[0m.294[0m[0m [97m[1mTRACE[22m[39m[0m[0m [[37m\tests\Regrese\Doklady\Cerpadlove_listy\Cerpadlove_listy_regrese_filtry_API.spec.ts:82[39m[0m[0m]Ověřuji rok: Očekávaná hodnota: 2025, Nalezená hodnota: 2025
2025[0m[0m-09[0m[0m-08[0m[0m 08[0m[0m:55[0m[0m:17[0m[0m.297[0m[0m [97m[1mTRACE[22m[39m[0m[0m [[37m\tests\Regrese\Doklady\Cerpadlove_listy\Cerpadlove_listy_regrese_filtry_API.spec.ts:82[39m[0m[0m]Ověřuji rok: Očekávaná hodnota: 2025, Nalezená hodnota: 2025
2025[0m[0m-09[0m[0m-08[0m[0m 08[0m[0m:55[0m[0m:17[0m[0m.301[0m[0m [97m[1mTRACE[22m[39m[0m[0m [[37m\tests\Regrese\Doklady\Cerpadlove_listy\Cerpadlove_listy_regrese_filtry_API.spec.ts:82[39m[0m[0m]Ověřuji rok: Očekávaná hodnota: 2025, Nalezená hodnota: 2025
2025[0m[0m-09[0m[0m-08[0m[0m 08[0m[0m:55[0m[0m:17[0m[0m.302[0m[0m [97m[1mTRACE[22m[39m[0m[0m [[37m\tests\Regrese\Doklady\Cerpadlove_listy\Cerpadlove_listy_regrese_filtry_API.spec.ts:82[39m[0m[0m]Ověřuji rok: Očekávaná hodnota: 2025, Nalezená hodnota: 2025
2025[0m[0m-09[0m[0m-08[0m[0m 08[0m[0m:55[0m[0m:17[0m[0m.304[0m[0m [97m[1mTRACE[22m[39m[0m[0m [[37m\tests\Regrese\Doklady\Cerpadlove_listy\Cerpadlove_listy_regrese_filtry_API.spec.ts:82[39m[0m[0m]Ověřuji rok: Očekávaná hodnota: 2025, Nalezená hodnota: 2025
2025[0m[0m-09[0m[0m-08[0m[0m 08[0m[0m:55[0m[0m:17[0m[0m.307[0m[0m [97m[1mTRACE[22m[39m[0m[0m [[37m\tests\Regrese\Doklady\Cerpadlove_listy\Cerpadlove_listy_regrese_filtry_API.spec.ts:82[39m[0m[0m]Ověřuji rok: Očekávaná hodnota: 2025, Nalezená hodnota: 2025
2025[0m[0m-09[0m[0m-08[0m[0m 08[0m[0m:55[0m[0m:17[0m[0m.309[0m[0m [97m[1mTRACE[22m[39m[0m[0m [[37m\tests\Regrese\Doklady\Cerpadlove_listy\Cerpadlove_listy_regrese_filtry_API.spec.ts:82[39m[0m[0m]Ověřuji rok: Očekávaná hodnota: 2025, Nalezená hodnota: 2025
2025[0m[0m-09[0m[0m-08[0m[0m 08[0m[0m:55[0m[0m:17[0m[0m.310[0m[0m [97m[1mTRACE[22m[39m[0m[0m [[37m\tests\Regrese\Doklady\Cerpadlove_listy\Cerpadlove_listy_regrese_filtry_API.spec.ts:82[39m[0m[0m]Ověřuji rok: Očekávaná hodnota: 2025, Nalezená hodnota: 2025
2025[0m[0m-09[0m[0m-08[0m[0m 08[0m[0m:55[0m[0m:17[0m[0m.312[0m[0m [97m[1mTRACE[22m[39m[0m[0m [[37m\tests\Regrese\Doklady\Cerpadlove_listy\Cerpadlove_listy_regrese_filtry_API.spec.ts:82[39m[0m[0m]Ověřuji rok: Očekávaná hodnota: 2025, Nalezená hodnota: 2025
2025[0m[0m-09[0m[0m-08[0m[0m 08[0m[0m:55[0m[0m:17[0m[0m.314[0m[0m [97m[1mTRACE[22m[39m[0m[0m [[37m\tests\Regrese\Doklady\Cerpadlove_listy\Cerpadlove_listy_regrese_filtry_API.spec.ts:82[39m[0m[0m]Ověřuji rok: Očekávaná hodnota: 2025, Nalezená hodnota: 2025
2025[0m[0m-09[0m[0m-08[0m[0m 08[0m[0m:55[0m[0m:17[0m[0m.317[0m[0m [97m[1mTRACE[22m[39m[0m[0m [[37m\tests\Regrese\Doklady\Cerpadlove_listy\Cerpadlove_listy_regrese_filtry_API.spec.ts:82[39m[0m[0m]Ověřuji rok: Očekávaná hodnota: 2025, Nalezená hodnota: 2025
2025[0m[0m-09[0m[0m-08[0m[0m 08[0m[0m:55[0m[0m:17[0m[0m.320[0m[0m [97m[1mTRACE[22m[39m[0m[0m [[37m\tests\Regrese\Doklady\Cerpadlove_listy\Cerpadlove_listy_regrese_filtry_API.spec.ts:82[39m[0m[0m]Ověřuji rok: Očekávaná hodnota: 2025, Nalezená hodnota: 2025
2025[0m[0m-09[0m[0m-08[0m[0m 08[0m[0m:55[0m[0m:17[0m[0m.323[0m[0m [97m[1mTRACE[22m[39m[0m[0m [[37m\tests\Regrese\Doklady\Cerpadlove_listy\Cerpadlove_listy_regrese_filtry_API.spec.ts:82[39m[0m[0m]Ověřuji rok: Očekávaná hodnota: 2025, Nalezená hodnota: 2025
2025[0m[0m-09[0m[0m-08[0m[0m 08[0m[0m:55[0m[0m:17[0m[0m.324[0m[0m [97m[1mTRACE[22m[39m[0m[0m [[37m\tests\Regrese\Doklady\Cerpadlove_listy\Cerpadlove_listy_regrese_filtry_API.spec.ts:82[39m[0m[0m]Ověřuji rok: Očekávaná hodnota: 2025, Nalezená hodnota: 2025
2025[0m[0m-09[0m[0m-08[0m[0m 08[0m[0m:55[0m[0m:17[0m[0m.327[0m[0m [97m[1mTRACE[22m[39m[0m[0m [[37m\tests\Regrese\Doklady\Cerpadlove_listy\Cerpadlove_listy_regrese_filtry_API.spec.ts:82[39m[0m[0m]Ověřuji rok: Očekávaná hodnota: 2025, Nalezená hodnota: 2025
2025[0m[0m-09[0m[0m-08[0m[0m 08[0m[0m:55[0m[0m:17[0m[0m.333[0m[0m [97m[1mTRACE[22m[39m[0m[0m [[37m\tests\Regrese\Doklady\Cerpadlove_listy\Cerpadlove_listy_regrese_filtry_API.spec.ts:82[39m[0m[0m]Ověřuji rok: Očekávaná hodnota: 2025, Nalezená hodnota: 2025
2025[0m[0m-09[0m[0m-08[0m[0m 08[0m[0m:55[0m[0m:17[0m[0m.335[0m[0m [97m[1mTRACE[22m[39m[0m[0m [[37m\tests\Regrese\Doklady\Cerpadlove_listy\Cerpadlove_listy_regrese_filtry_API.spec.ts:82[39m[0m[0m]Ověřuji rok: Očekávaná hodnota: 2025, Nalezená hodnota: 2025
2025[0m[0m-09[0m[0m-08[0m[0m 08[0m[0m:55[0m[0m:17[0m[0m.337[0m[0m [97m[1mTRACE[22m[39m[0m[0m [[37m\tests\Regrese\Doklady\Cerpadlove_listy\Cerpadlove_listy_regrese_filtry_API.spec.ts:82[39m[0m[0m]Ověřuji rok: Očekávaná hodnota: 2025, Nalezená hodnota: 2025
2025[0m[0m-09[0m[0m-08[0m[0m 08[0m[0m:55[0m[0m:17[0m[0m.340[0m[0m [97m[1mTRACE[22m[39m[0m[0m [[37m\tests\Regrese\Doklady\Cerpadlove_listy\Cerpadlove_listy_regrese_filtry_API.spec.ts:82[39m[0m[0m]Ověřuji rok: Očekávaná hodnota: 2025, Nalezená hodnota: 2025
2025[0m[0m-09[0m[0m-08[0m[0m 08[0m[0m:55[0m[0m:17[0m[0m.342[0m[0m [97m[1mTRACE[22m[39m[0m[0m [[37m\tests\Regrese\Doklady\Cerpadlove_listy\Cerpadlove_listy_regrese_filtry_API.spec.ts:82[39m[0m[0m]Ověřuji rok: Očekávaná hodnota: 2025, Nalezená hodnota: 2025
2025[0m[0m-09[0m[0m-08[0m[0m 08[0m[0m:55[0m[0m:17[0m[0m.344[0m[0m [97m[1mTRACE[22m[39m[0m[0m [[37m\tests\Regrese\Doklady\Cerpadlove_listy\Cerpadlove_listy_regrese_filtry_API.spec.ts:82[39m[0m[0m]Ověřuji rok: Očekávaná hodnota: 2025, Nalezená hodnota: 2025
2025[0m[0m-09[0m[0m-08[0m[0m 08[0m[0m:55[0m[0m:17[0m[0m.345[0m[0m [97m[1mTRACE[22m[39m[0m[0m [[37m\tests\Regrese\Doklady\Cerpadlove_listy\Cerpadlove_listy_regrese_filtry_API.spec.ts:82[39m[0m[0m]Ověřuji rok: Očekávaná hodnota: 2025, Nalezená hodnota: 2025
2025[0m[0m-09[0m[0m-08[0m[0m 08[0m[0m:55[0m[0m:17[0m[0m.349[0m[0m [97m[1mTRACE[22m[39m[0m[0m [[37m\tests\Regrese\Doklady\Cerpadlove_listy\Cerpadlove_listy_regrese_filtry_API.spec.ts:82[39m[0m[0m]Ověřuji rok: Očekávaná hodnota: 2025, Nalezená hodnota: 2025
2025[0m[0m-09[0m[0m-08[0m[0m 08[0m[0m:55[0m[0m:17[0m[0m.351[0m[0m [97m[1mTRACE[22m[39m[0m[0m [[37m\tests\Regrese\Doklady\Cerpadlove_listy\Cerpadlove_listy_regrese_filtry_API.spec.ts:82[39m[0m[0m]Ověřuji rok: Očekávaná hodnota: 2025, Nalezená hodnota: 2025
2025[0m[0m-09[0m[0m-08[0m[0m 08[0m[0m:55[0m[0m:17[0m[0m.352[0m[0m [97m[1mTRACE[22m[39m[0m[0m [[37m\tests\Regrese\Doklady\Cerpadlove_listy\Cerpadlove_listy_regrese_filtry_API.spec.ts:82[39m[0m[0m]Ověřuji rok: Očekávaná hodnota: 2025, Nalezená hodnota: 2025
2025[0m[0m-09[0m[0m-08[0m[0m 08[0m[0m:55[0m[0m:17[0m[0m.354[0m[0m [97m[1mTRACE[22m[39m[0m[0m [[37m\tests\Regrese\Doklady\Cerpadlove_listy\Cerpadlove_listy_regrese_filtry_API.spec.ts:82[39m[0m[0m]Ověřuji rok: Očekávaná hodnota: 2025, Nalezená hodnota: 2025
2025[0m[0m-09[0m[0m-08[0m[0m 08[0m[0m:55[0m[0m:17[0m[0m.357[0m[0m [97m[1mTRACE[22m[39m[0m[0m [[37m\tests\Regrese\Doklady\Cerpadlove_listy\Cerpadlove_listy_regrese_filtry_API.spec.ts:82[39m[0m[0m]Ověřuji rok: Očekávaná hodnota: 2025, Nalezená hodnota: 2025
2025[0m[0m-09[0m[0m-08[0m[0m 08[0m[0m:55[0m[0m:17[0m[0m.358[0m[0m [97m[1mTRACE[22m[39m[0m[0m [[37m\tests\Regrese\Doklady\Cerpadlove_listy\Cerpadlove_listy_regrese_filtry_API.spec.ts:82[39m[0m[0m]Ověřuji rok: Očekávaná hodnota: 2025, Nalezená hodnota: 2025
2025[0m[0m-09[0m[0m-08[0m[0m 08[0m[0m:55[0m[0m:17[0m[0m.361[0m[0m [97m[1mTRACE[22m[39m[0m[0m [[37m\tests\Regrese\Doklady\Cerpadlove_listy\Cerpadlove_listy_regrese_filtry_API.spec.ts:82[39m[0m[0m]Ověřuji rok: Očekávaná hodnota: 2025, Nalezená hodnota: 2025
2025[0m[0m-09[0m[0m-08[0m[0m 08[0m[0m:55[0m[0m:17[0m[0m.364[0m[0m [97m[1mTRACE[22m[39m[0m[0m [[37m\tests\Regrese\Doklady\Cerpadlove_listy\Cerpadlove_listy_regrese_filtry_API.spec.ts:82[39m[0m[0m]Ověřuji rok: Očekávaná hodnota: 2025, Nalezená hodnota: 2025
2025[0m[0m-09[0m[0m-08[0m[0m 08[0m[0m:55[0m[0m:17[0m[0m.366[0m[0m [97m[1mTRACE[22m[39m[0m[0m [[37m\tests\Regrese\Doklady\Cerpadlove_listy\Cerpadlove_listy_regrese_filtry_API.spec.ts:82[39m[0m[0m]Ověřuji rok: Očekávaná hodnota: 2025, Nalezená hodnota: 2025
2025[0m[0m-09[0m[0m-08[0m[0m 08[0m[0m:55[0m[0m:17[0m[0m.369[0m[0m [97m[1mTRACE[22m[39m[0m[0m [[37m\tests\Regrese\Doklady\Cerpadlove_listy\Cerpadlove_listy_regrese_filtry_API.spec.ts:82[39m[0m[0m]Ověřuji rok: Očekávaná hodnota: 2025, Nalezená hodnota: 2025
2025[0m[0m-09[0m[0m-08[0m[0m 08[0m[0m:55[0m[0m:17[0m[0m.372[0m[0m [97m[1mTRACE[22m[39m[0m[0m [[37m\tests\Regrese\Doklady\Cerpadlove_listy\Cerpadlove_listy_regrese_filtry_API.spec.ts:82[39m[0m[0m]Ověřuji rok: Očekávaná hodnota: 2025, Nalezená hodnota: 2025
2025[0m[0m-09[0m[0m-08[0m[0m 08[0m[0m:55[0m[0m:17[0m[0m.373[0m[0m [97m[1mTRACE[22m[39m[0m[0m [[37m\tests\Regrese\Doklady\Cerpadlove_listy\Cerpadlove_listy_regrese_filtry_API.spec.ts:82[39m[0m[0m]Ověřuji rok: Očekávaná hodnota: 2025, Nalezená hodnota: 2025
2025[0m[0m-09[0m[0m-08[0m[0m 08[0m[0m:55[0m[0m:17[0m[0m.376[0m[0m [97m[1mTRACE[22m[39m[0m[0m [[37m\tests\Regrese\Doklady\Cerpadlove_listy\Cerpadlove_listy_regrese_filtry_API.spec.ts:82[39m[0m[0m]Ověřuji rok: Očekávaná hodnota: 2025, Nalezená hodnota: 2025
2025[0m[0m-09[0m[0m-08[0m[0m 08[0m[0m:55[0m[0m:17[0m[0m.378[0m[0m [97m[1mTRACE[22m[39m[0m[0m [[37m\tests\Regrese\Doklady\Cerpadlove_listy\Cerpadlove_listy_regrese_filtry_API.spec.ts:82[39m[0m[0m]Ověřuji rok: Očekávaná hodnota: 2025, Nalezená hodnota: 2025
2025[0m[0m-09[0m[0m-08[0m[0m 08[0m[0m:55[0m[0m:17[0m[0m.382[0m[0m [97m[1mTRACE[22m[39m[0m[0m [[37m\tests\Regrese\Doklady\Cerpadlove_listy\Cerpadlove_listy_regrese_filtry_API.spec.ts:82[39m[0m[0m]Ověřuji rok: Očekávaná hodnota: 2025, Nalezená hodnota: 2025
2025[0m[0m-09[0m[0m-08[0m[0m 08[0m[0m:55[0m[0m:17[0m[0m.387[0m[0m [97m[1mTRACE[22m[39m[0m[0m [[37m\tests\Regrese\Doklady\Cerpadlove_listy\Cerpadlove_listy_regrese_filtry_API.spec.ts:82[39m[0m[0m]Ověřuji rok: Očekávaná hodnota: 2025, Nalezená hodnota: 2025
2025[0m[0m-09[0m[0m-08[0m[0m 08[0m[0m:55[0m[0m:17[0m[0m.389[0m[0m [97m[1mTRACE[22m[39m[0m[0m [[37m\tests\Regrese\Doklady\Cerpadlove_listy\Cerpadlove_listy_regrese_filtry_API.spec.ts:82[39m[0m[0m]Ověřuji rok: Očekávaná hodnota: 2025, Nalezená hodnota: 2025
2025[0m[0m-09[0m[0m-08[0m[0m 08[0m[0m:55[0m[0m:17[0m[0m.391[0m[0m [97m[1mTRACE[22m[39m[0m[0m [[37m\tests\Regrese\Doklady\Cerpadlove_listy\Cerpadlove_listy_regrese_filtry_API.spec.ts:82[39m[0m[0m]Ověřuji rok: Očekávaná hodnota: 2025, Nalezená hodnota: 2025
2025[0m[0m-09[0m[0m-08[0m[0m 08[0m[0m:55[0m[0m:17[0m[0m.394[0m[0m [97m[1mTRACE[22m[39m[0m[0m [[37m\tests\Regrese\Doklady\Cerpadlove_listy\Cerpadlove_listy_regrese_filtry_API.spec.ts:82[39m[0m[0m]Ověřuji rok: Očekávaná hodnota: 2025, Nalezená hodnota: 2025
2025[0m[0m-09[0m[0m-08[0m[0m 08[0m[0m:55[0m[0m:17[0m[0m.398[0m[0m [97m[1mTRACE[22m[39m[0m[0m [[37m\tests\Regrese\Doklady\Cerpadlove_listy\Cerpadlove_listy_regrese_filtry_API.spec.ts:82[39m[0m[0m]Ověřuji rok: Očekávaná hodnota: 2025, Nalezená hodnota: 2025
2025[0m[0m-09[0m[0m-08[0m[0m 08[0m[0m:55[0m[0m:17[0m[0m.399[0m[0m [97m[1mTRACE[22m[39m[0m[0m [[37m\tests\Regrese\Doklady\Cerpadlove_listy\Cerpadlove_listy_regrese_filtry_API.spec.ts:82[39m[0m[0m]Ověřuji rok: Očekávaná hodnota: 2025, Nalezená hodnota: 2025
2025[0m[0m-09[0m[0m-08[0m[0m 08[0m[0m:55[0m[0m:17[0m[0m.401[0m[0m [97m[1mTRACE[22m[39m[0m[0m [[37m\tests\Regrese\Doklady\Cerpadlove_listy\Cerpadlove_listy_regrese_filtry_API.spec.ts:82[39m[0m[0m]Ověřuji rok: Očekávaná hodnota: 2025, Nalezená hodnota: 2025
2025[0m[0m-09[0m[0m-08[0m[0m 08[0m[0m:55[0m[0m:17[0m[0m.404[0m[0m [97m[1mTRACE[22m[39m[0m[0m [[37m\tests\Regrese\Doklady\Cerpadlove_listy\Cerpadlove_listy_regrese_filtry_API.spec.ts:82[39m[0m[0m]Ověřuji rok: Očekávaná hodnota: 2025, Nalezená hodnota: 2025
2025[0m[0m-09[0m[0m-08[0m[0m 08[0m[0m:55[0m[0m:17[0m[0m.406[0m[0m [97m[1mTRACE[22m[39m[0m[0m [[37m\tests\Regrese\Doklady\Cerpadlove_listy\Cerpadlove_listy_regrese_filtry_API.spec.ts:82[39m[0m[0m]Ověřuji rok: Očekávaná hodnota: 2025, Nalezená hodnota: 2025
2025[0m[0m-09[0m[0m-08[0m[0m 08[0m[0m:55[0m[0m:17[0m[0m.408[0m[0m [97m[1mTRACE[22m[39m[0m[0m [[37m\tests\Regrese\Doklady\Cerpadlove_listy\Cerpadlove_listy_regrese_filtry_API.spec.ts:82[39m[0m[0m]Ověřuji rok: Očekávaná hodnota: 2025, Nalezená hodnota: 2025
2025[0m[0m-09[0m[0m-08[0m[0m 08[0m[0m:55[0m[0m:17[0m[0m.411[0m[0m [97m[1mTRACE[22m[39m[0m[0m [[37m\tests\Regrese\Doklady\Cerpadlove_listy\Cerpadlove_listy_regrese_filtry_API.spec.ts:82[39m[0m[0m]Ověřuji rok: Očekávaná hodnota: 2025, Nalezená hodnota: 2025
2025[0m[0m-09[0m[0m-08[0m[0m 08[0m[0m:55[0m[0m:17[0m[0m.414[0m[0m [97m[1mTRACE[22m[39m[0m[0m [[37m\tests\Regrese\Doklady\Cerpadlove_listy\Cerpadlove_listy_regrese_filtry_API.spec.ts:82[39m[0m[0m]Ověřuji rok: Očekávaná hodnota: 2025, Nalezená hodnota: 2025
2025[0m[0m-09[0m[0m-08[0m[0m 08[0m[0m:55[0m[0m:17[0m[0m.417[0m[0m [97m[1mTRACE[22m[39m[0m[0m [[37m\tests\Regrese\Doklady\Cerpadlove_listy\Cerpadlove_listy_regrese_filtry_API.spec.ts:82[39m[0m[0m]Ověřuji rok: Očekávaná hodnota: 2025, Nalezená hodnota: 2025
2025[0m[0m-09[0m[0m-08[0m[0m 08[0m[0m:55[0m[0m:17[0m[0m.419[0m[0m [97m[1mTRACE[22m[39m[0m[0m [[37m\tests\Regrese\Doklady\Cerpadlove_listy\Cerpadlove_listy_regrese_filtry_API.spec.ts:82[39m[0m[0m]Ověřuji rok: Očekávaná hodnota: 2025, Nalezená hodnota: 2025
2025[0m[0m-09[0m[0m-08[0m[0m 08[0m[0m:55[0m[0m:17[0m[0m.421[0m[0m [97m[1mTRACE[22m[39m[0m[0m [[37m\tests\Regrese\Doklady\Cerpadlove_listy\Cerpadlove_listy_regrese_filtry_API.spec.ts:82[39m[0m[0m]Ověřuji rok: Očekávaná hodnota: 2025, Nalezená hodnota: 2025
2025[0m[0m-09[0m[0m-08[0m[0m 08[0m[0m:55[0m[0m:17[0m[0m.423[0m[0m [97m[1mTRACE[22m[39m[0m[0m [[37m\tests\Regrese\Doklady\Cerpadlove_listy\Cerpadlove_listy_regrese_filtry_API.spec.ts:82[39m[0m[0m]Ověřuji rok: Očekávaná hodnota: 2025, Nalezená hodnota: 2025
2025[0m[0m-09[0m[0m-08[0m[0m 08[0m[0m:55[0m[0m:17[0m[0m.427[0m[0m [97m[1mTRACE[22m[39m[0m[0m [[37m\tests\Regrese\Doklady\Cerpadlove_listy\Cerpadlove_listy_regrese_filtry_API.spec.ts:82[39m[0m[0m]Ověřuji rok: Očekávaná hodnota: 2025, Nalezená hodnota: 2025
2025[0m[0m-09[0m[0m-08[0m[0m 08[0m[0m:55[0m[0m:17[0m[0m.428[0m[0m [97m[1mTRACE[22m[39m[0m[0m [[37m\tests\Regrese\Doklady\Cerpadlove_listy\Cerpadlove_listy_regrese_filtry_API.spec.ts:82[39m[0m[0m]Ověřuji rok: Očekávaná hodnota: 2025, Nalezená hodnota: 2025
2025[0m[0m-09[0m[0m-08[0m[0m 08[0m[0m:55[0m[0m:17[0m[0m.432[0m[0m [97m[1mTRACE[22m[39m[0m[0m [[37m\tests\Regrese\Doklady\Cerpadlove_listy\Cerpadlove_listy_regrese_filtry_API.spec.ts:82[39m[0m[0m]Ověřuji rok: Očekávaná hodnota: 2025, Nalezená hodnota: 2025
2025[0m[0m-09[0m[0m-08[0m[0m 08[0m[0m:55[0m[0m:17[0m[0m.435[0m[0m [97m[1mTRACE[22m[39m[0m[0m [[37m\tests\Regrese\Doklady\Cerpadlove_listy\Cerpadlove_listy_regrese_filtry_API.spec.ts:82[39m[0m[0m]Ověřuji rok: Očekávaná hodnota: 2025, Nalezená hodnota: 2025
2025[0m[0m-09[0m[0m-08[0m[0m 08[0m[0m:55[0m[0m:17[0m[0m.439[0m[0m [97m[1mTRACE[22m[39m[0m[0m [[37m\tests\Regrese\Doklady\Cerpadlove_listy\Cerpadlove_listy_regrese_filtry_API.spec.ts:82[39m[0m[0m]Ověřuji rok: Očekávaná hodnota: 2025, Nalezená hodnota: 2025
2025[0m[0m-09[0m[0m-08[0m[0m 08[0m[0m:55[0m[0m:17[0m[0m.441[0m[0m [97m[1mTRACE[22m[39m[0m[0m [[37m\tests\Regrese\Doklady\Cerpadlove_listy\Cerpadlove_listy_regrese_filtry_API.spec.ts:82[39m[0m[0m]Ověřuji rok: Očekávaná hodnota: 2025, Nalezená hodnota: 2025
2025[0m[0m-09[0m[0m-08[0m[0m 08[0m[0m:55[0m[0m:17[0m[0m.442[0m[0m [97m[1mTRACE[22m[39m[0m[0m [[37m\tests\Regrese\Doklady\Cerpadlove_listy\Cerpadlove_listy_regrese_filtry_API.spec.ts:82[39m[0m[0m]Ověřuji rok: Očekávaná hodnota: 2025, Nalezená hodnota: 2025
2025[0m[0m-09[0m[0m-08[0m[0m 08[0m[0m:55[0m[0m:17[0m[0m.446[0m[0m [97m[1mTRACE[22m[39m[0m[0m [[37m\tests\Regrese\Doklady\Cerpadlove_listy\Cerpadlove_listy_regrese_filtry_API.spec.ts:82[39m[0m[0m]Ověřuji rok: Očekávaná hodnota: 2025, Nalezená hodnota: 2025
2025[0m[0m-09[0m[0m-08[0m[0m 08[0m[0m:55[0m[0m:17[0m[0m.448[0m[0m [97m[1mTRACE[22m[39m[0m[0m [[37m\tests\Regrese\Doklady\Cerpadlove_listy\Cerpadlove_listy_regrese_filtry_API.spec.ts:82[39m[0m[0m]Ověřuji rok: Očekávaná hodnota: 2025, Nalezená hodnota: 2025
2025[0m[0m-09[0m[0m-08[0m[0m 08[0m[0m:55[0m[0m:17[0m[0m.453[0m[0m [97m[1mTRACE[22m[39m[0m[0m [[37m\tests\Regrese\Doklady\Cerpadlove_listy\Cerpadlove_listy_regrese_filtry_API.spec.ts:82[39m[0m[0m]Ověřuji rok: Očekávaná hodnota: 2025, Nalezená hodnota: 2025
2025[0m[0m-09[0m[0m-08[0m[0m 08[0m[0m:55[0m[0m:17[0m[0m.455[0m[0m [97m[1mTRACE[22m[39m[0m[0m [[37m\tests\Regrese\Doklady\Cerpadlove_listy\Cerpadlove_listy_regrese_filtry_API.spec.ts:82[39m[0m[0m]Ověřuji rok: Očekávaná hodnota: 2025, Nalezená hodnota: 2025
2025[0m[0m-09[0m[0m-08[0m[0m 08[0m[0m:55[0m[0m:17[0m[0m.457[0m[0m [97m[1mTRACE[22m[39m[0m[0m [[37m\tests\Regrese\Doklady\Cerpadlove_listy\Cerpadlove_listy_regrese_filtry_API.spec.ts:82[39m[0m[0m]Ověřuji rok: Očekávaná hodnota: 2025, Nalezená hodnota: 2025
2025[0m[0m-09[0m[0m-08[0m[0m 08[0m[0m:55[0m[0m:17[0m[0m.461[0m[0m [97m[1mTRACE[22m[39m[0m[0m [[37m\tests\Regrese\Doklady\Cerpadlove_listy\Cerpadlove_listy_regrese_filtry_API.spec.ts:82[39m[0m[0m]Ověřuji rok: Očekávaná hodnota: 2025, Nalezená hodnota: 2025
2025[0m[0m-09[0m[0m-08[0m[0m 08[0m[0m:55[0m[0m:17[0m[0m.463[0m[0m [97m[1mTRACE[22m[39m[0m[0m [[37m\tests\Regrese\Doklady\Cerpadlove_listy\Cerpadlove_listy_regrese_filtry_API.spec.ts:82[39m[0m[0m]Ověřuji rok: Očekávaná hodnota: 2025, Nalezená hodnota: 2025
2025[0m[0m-09[0m[0m-08[0m[0m 08[0m[0m:55[0m[0m:17[0m[0m.466[0m[0m [97m[1mTRACE[22m[39m[0m[0m [[37m\tests\Regrese\Doklady\Cerpadlove_listy\Cerpadlove_listy_regrese_filtry_API.spec.ts:82[39m[0m[0m]Ověřuji rok: Očekávaná hodnota: 2025, Nalezená hodnota: 2025
2025[0m[0m-09[0m[0m-08[0m[0m 08[0m[0m:55[0m[0m:17[0m[0m.470[0m[0m [97m[1mTRACE[22m[39m[0m[0m [[37m\tests\Regrese\Doklady\Cerpadlove_listy\Cerpadlove_listy_regrese_filtry_API.spec.ts:82[39m[0m[0m]Ověřuji rok: Očekávaná hodnota: 2025, Nalezená hodnota: 2025
2025[0m[0m-09[0m[0m-08[0m[0m 08[0m[0m:55[0m[0m:17[0m[0m.474[0m[0m [97m[1mTRACE[22m[39m[0m[0m [[37m\tests\Regrese\Doklady\Cerpadlove_listy\Cerpadlove_listy_regrese_filtry_API.spec.ts:82[39m[0m[0m]Ověřuji rok: Očekávaná hodnota: 2025, Nalezená hodnota: 2025
2025[0m[0m-09[0m[0m-08[0m[0m 08[0m[0m:55[0m[0m:17[0m[0m.478[0m[0m [97m[1mTRACE[22m[39m[0m[0m [[37m\tests\Regrese\Doklady\Cerpadlove_listy\Cerpadlove_listy_regrese_filtry_API.spec.ts:82[39m[0m[0m]Ověřuji rok: Očekávaná hodnota: 2025, Nalezená hodnota: 2025
2025[0m[0m-09[0m[0m-08[0m[0m 08[0m[0m:55[0m[0m:17[0m[0m.482[0m[0m [97m[1mTRACE[22m[39m[0m[0m [[37m\tests\Regrese\Doklady\Cerpadlove_listy\Cerpadlove_listy_regrese_filtry_API.spec.ts:82[39m[0m[0m]Ověřuji rok: Očekávaná hodnota: 2025, Nalezená hodnota: 2025
2025[0m[0m-09[0m[0m-08[0m[0m 08[0m[0m:55[0m[0m:17[0m[0m.485[0m[0m [97m[1mTRACE[22m[39m[0m[0m [[37m\tests\Regrese\Doklady\Cerpadlove_listy\Cerpadlove_listy_regrese_filtry_API.spec.ts:82[39m[0m[0m]Ověřuji rok: Očekávaná hodnota: 2025, Nalezená hodnota: 2025
2025[0m[0m-09[0m[0m-08[0m[0m 08[0m[0m:55[0m[0m:17[0m[0m.489[0m[0m [97m[1mTRACE[22m[39m[0m[0m [[37m\tests\Regrese\Doklady\Cerpadlove_listy\Cerpadlove_listy_regrese_filtry_API.spec.ts:82[39m[0m[0m]Ověřuji rok: Očekávaná hodnota: 2025, Nalezená hodnota: 2025
2025[0m[0m-09[0m[0m-08[0m[0m 08[0m[0m:55[0m[0m:17[0m[0m.491[0m[0m [97m[1mTRACE[22m[39m[0m[0m [[37m\tests\Regrese\Doklady\Cerpadlove_listy\Cerpadlove_listy_regrese_filtry_API.spec.ts:82[39m[0m[0m]Ověřuji rok: Očekávaná hodnota: 2025, Nalezená hodnota: 2025
2025[0m[0m-09[0m[0m-08[0m[0m 08[0m[0m:55[0m[0m:17[0m[0m.494[0m[0m [97m[1mTRACE[22m[39m[0m[0m [[37m\tests\Regrese\Doklady\Cerpadlove_listy\Cerpadlove_listy_regrese_filtry_API.spec.ts:82[39m[0m[0m]Ověřuji rok: Očekávaná hodnota: 2025, Nalezená hodnota: 2025
2025[0m[0m-09[0m[0m-08[0m[0m 08[0m[0m:55[0m[0m:17[0m[0m.496[0m[0m [97m[1mTRACE[22m[39m[0m[0m [[37m\tests\Regrese\Doklady\Cerpadlove_listy\Cerpadlove_listy_regrese_filtry_API.spec.ts:82[39m[0m[0m]Ověřuji rok: Očekávaná hodnota: 2025, Nalezená hodnota: 2025
2025[0m[0m-09[0m[0m-08[0m[0m 08[0m[0m:55[0m[0m:17[0m[0m.499[0m[0m [97m[1mTRACE[22m[39m[0m[0m [[37m\tests\Regrese\Doklady\Cerpadlove_listy\Cerpadlove_listy_regrese_filtry_API.spec.ts:82[39m[0m[0m]Ověřuji rok: Očekávaná hodnota: 2025, Nalezená hodnota: 2025
2025[0m[0m-09[0m[0m-08[0m[0m 08[0m[0m:55[0m[0m:17[0m[0m.504[0m[0m [97m[1mTRACE[22m[39m[0m[0m [[37m\tests\Regrese\Doklady\Cerpadlove_listy\Cerpadlove_listy_regrese_filtry_API.spec.ts:82[39m[0m[0m]Ověřuji rok: Očekávaná hodnota: 2025, Nalezená hodnota: 2025
2025[0m[0m-09[0m[0m-08[0m[0m 08[0m[0m:55[0m[0m:17[0m[0m.508[0m[0m [97m[1mTRACE[22m[39m[0m[0m [[37m\tests\Regrese\Doklady\Cerpadlove_listy\Cerpadlove_listy_regrese_filtry_API.spec.ts:82[39m[0m[0m]Ověřuji rok: Očekávaná hodnota: 2025, Nalezená hodnota: 2025
2025[0m[0m-09[0m[0m-08[0m[0m 08[0m[0m:55[0m[0m:17[0m[0m.511[0m[0m [34m[1mINFO[22m[39m[0m[0m [[37m\tests\Regrese\Doklady\Cerpadlove_listy\Cerpadlove_listy_regrese_filtry_API.spec.ts:100[39m[0m[0m]Test pro Filtrování podle roku proběhl úspěšně. Všechny záznamy odpovídají filtru.
]]></system-out>
    </testcase>
    <testcase name="Testy filtrů listOfDrivers › TC-02 Test filtru: Filtrování podle měsíce @regression @CerpadloveDodaciListy @API" classname="Regrese\Doklady\Cerpadlove_listy\Cerpadlove_listy_regrese_filtry_API.spec.ts" time="1.788" id="TC-02">
      <system-out><![CDATA[2025[0m[0m-09[0m[0m-08[0m[0m 08[0m[0m:55[0m[0m:17[0m[0m.615[0m[0m [97m[1mTRACE[22m[39m[0m[0m [[37m\support\fixtures\auth.fixture.ts:23[39m[0m[0m]FIXTURE 'authToken': Budu vytvářet nový request kontext...
2025[0m[0m-09[0m[0m-08[0m[0m 08[0m[0m:55[0m[0m:17[0m[0m.617[0m[0m [97m[1mTRACE[22m[39m[0m[0m [[37m\support\fixtures\auth.fixture.ts:25[39m[0m[0m]FIXTURE 'authToken': Request kontext vytvořen.
2025[0m[0m-09[0m[0m-08[0m[0m 08[0m[0m:55[0m[0m:18[0m[0m.284[0m[0m [97m[1mTRACE[22m[39m[0m[0m [[37m\support\fixtures\auth.fixture.ts:33[39m[0m[0m]FIXTURE 'authToken': Odpověď přijata se statusem 201.
2025[0m[0m-09[0m[0m-08[0m[0m 08[0m[0m:55[0m[0m:18[0m[0m.287[0m[0m [97m[1mTRACE[22m[39m[0m[0m [[37m\support\fixtures\auth.fixture.ts:50[39m[0m[0m]FIXTURE 'authToken': Získávám 'accessToken' z JSON odpovědi.
2025[0m[0m-09[0m[0m-08[0m[0m 08[0m[0m:55[0m[0m:18[0m[0m.289[0m[0m [97m[1mTRACE[22m[39m[0m[0m [[37m\support\fixtures\auth.fixture.ts:54[39m[0m[0m]FIXTURE 'authToken': Volám 'use(token)' a předávám token dál...
2025[0m[0m-09[0m[0m-08[0m[0m 08[0m[0m:55[0m[0m:18[0m[0m.291[0m[0m [97m[1mTRACE[22m[39m[0m[0m [[37m\support\fixtures\auth.fixture.ts:64[39m[0m[0m]FIXTURE 'page' (rozšířená): Budu vkládat inicializační skript pro nastavení localStorage...
2025[0m[0m-09[0m[0m-08[0m[0m 08[0m[0m:55[0m[0m:18[0m[0m.295[0m[0m [97m[1mTRACE[22m[39m[0m[0m [[37m\support\fixtures\auth.fixture.ts:74[39m[0m[0m]FIXTURE 'page' (rozšířená): Inicializační skript byl přidán.
2025[0m[0m-09[0m[0m-08[0m[0m 08[0m[0m:55[0m[0m:19[0m[0m.050[0m[0m [97m[1mTRACE[22m[39m[0m[0m [[37m\support\fixtures\auth.fixture.ts:78[39m[0m[0m]FIXTURE 'page' (rozšířená): Navigace na '/' dokončena.
2025[0m[0m-09[0m[0m-08[0m[0m 08[0m[0m:55[0m[0m:19[0m[0m.051[0m[0m [97m[1mTRACE[22m[39m[0m[0m [[37m\support\fixtures\auth.fixture.ts:80[39m[0m[0m]FIXTURE 'page' (rozšířená): Volám 'use(page)' a předávám připravenou stránku testu...
2025[0m[0m-09[0m[0m-08[0m[0m 08[0m[0m:55[0m[0m:19[0m[0m.052[0m[0m [34m[1mINFO[22m[39m[0m[0m [[37m\tests\Regrese\Doklady\Cerpadlove_listy\Cerpadlove_listy_regrese_filtry_API.spec.ts:35[39m[0m[0m]Spouštím sadu testů pro filtry seznamu řidičů.
2025[0m[0m-09[0m[0m-08[0m[0m 08[0m[0m:55[0m[0m:19[0m[0m.121[0m[0m [97m[1mTRACE[22m[39m[0m[0m [[37m\tests\Regrese\Doklady\Cerpadlove_listy\Cerpadlove_listy_regrese_filtry_API.spec.ts:37[39m[0m[0m]Naviguji na domovskou stránku pro získání tokenu.
2025[0m[0m-09[0m[0m-08[0m[0m 08[0m[0m:55[0m[0m:19[0m[0m.132[0m[0m [97m[1mTRACE[22m[39m[0m[0m [[37m\tests\Regrese\Doklady\Cerpadlove_listy\Cerpadlove_listy_regrese_filtry_API.spec.ts:40[39m[0m[0m]Autentizační token úspěšně získán.
2025[0m[0m-09[0m[0m-08[0m[0m 08[0m[0m:55[0m[0m:19[0m[0m.133[0m[0m [97m[1mTRACE[22m[39m[0m[0m [[37m\tests\Regrese\Doklady\Cerpadlove_listy\Cerpadlove_listy_regrese_filtry_API.spec.ts:42[39m[0m[0m]ApiClient byl inicializován.
2025[0m[0m-09[0m[0m-08[0m[0m 08[0m[0m:55[0m[0m:19[0m[0m.135[0m[0m [34m[1mINFO[22m[39m[0m[0m [[37m\tests\Regrese\Doklady\Cerpadlove_listy\Cerpadlove_listy_regrese_filtry_API.spec.ts:53[39m[0m[0m]Spouštím test pro: Filtrování podle měsíce
2025[0m[0m-09[0m[0m-08[0m[0m 08[0m[0m:55[0m[0m:19[0m[0m.136[0m[0m [32m[1mDEBUG[22m[39m[0m[0m [[37m\tests\Regrese\Doklady\Cerpadlove_listy\Cerpadlove_listy_regrese_filtry_API.spec.ts:60[39m[0m[0m]Připravuji API volání s payloadem: {"accOwner":"60193531","year":2025,"month":9,"stockId":230}
2025[0m[0m-09[0m[0m-08[0m[0m 08[0m[0m:55[0m[0m:19[0m[0m.137[0m[0m [97m[1mTRACE[22m[39m[0m[0m [[37m\tests\Regrese\Doklady\Cerpadlove_listy\Cerpadlove_listy_regrese_filtry_API.spec.ts:61[39m[0m[0m]Volání API s payloadem: {"accOwner":"60193531","year":2025,"month":9,"stockId":230}
2025[0m[0m-09[0m[0m-08[0m[0m 08[0m[0m:55[0m[0m:19[0m[0m.138[0m[0m [97m[1mTRACE[22m[39m[0m[0m [[37m\support\ApiClient.ts:1370[39m[0m[0m]Odesílám GET požadavek na /reports-api/listOfWetDeliveryNotes s parametry: {"accOwner":"60193531","year":2025,"month":9,"stockId":230}
2025[0m[0m-09[0m[0m-08[0m[0m 08[0m[0m:55[0m[0m:19[0m[0m.200[0m[0m [34m[1mINFO[22m[39m[0m[0m [[37m\support\ApiClient.ts:1380[39m[0m[0m]URL: http://192.168.130.239:8180//reports-api/listOfWetDeliveryNotes Status: 200
2025[0m[0m-09[0m[0m-08[0m[0m 08[0m[0m:55[0m[0m:19[0m[0m.201[0m[0m [34m[1mINFO[22m[39m[0m[0m [[37m\support\ApiClient.ts:1383[39m[0m[0m]Požadavek na '/reports-api/listOfWetDeliveryNotes' byl úspěšný s HTTP status 200
2025[0m[0m-09[0m[0m-08[0m[0m 08[0m[0m:55[0m[0m:19[0m[0m.205[0m[0m [97m[1mTRACE[22m[39m[0m[0m [[37m\tests\Regrese\Doklady\Cerpadlove_listy\Cerpadlove_listy_regrese_filtry_API.spec.ts:77[39m[0m[0m]Zahajuji ověření vrácených dat pro test "Filtrování podle měsíce".
2025[0m[0m-09[0m[0m-08[0m[0m 08[0m[0m:55[0m[0m:19[0m[0m.205[0m[0m [97m[1mTRACE[22m[39m[0m[0m [[37m\tests\Regrese\Doklady\Cerpadlove_listy\Cerpadlove_listy_regrese_filtry_API.spec.ts:82[39m[0m[0m]Ověřuji rok: Očekávaná hodnota: 2025, Nalezená hodnota: 2025
2025[0m[0m-09[0m[0m-08[0m[0m 08[0m[0m:55[0m[0m:19[0m[0m.207[0m[0m [97m[1mTRACE[22m[39m[0m[0m [[37m\tests\Regrese\Doklady\Cerpadlove_listy\Cerpadlove_listy_regrese_filtry_API.spec.ts:89[39m[0m[0m]Ověřuji měsíc: Očekávaná hodnota: 9, Nalezená hodnota: 8
2025[0m[0m-09[0m[0m-08[0m[0m 08[0m[0m:55[0m[0m:19[0m[0m.209[0m[0m [97m[1mTRACE[22m[39m[0m[0m [[37m\tests\Regrese\Doklady\Cerpadlove_listy\Cerpadlove_listy_regrese_filtry_API.spec.ts:82[39m[0m[0m]Ověřuji rok: Očekávaná hodnota: 2025, Nalezená hodnota: 2025
2025[0m[0m-09[0m[0m-08[0m[0m 08[0m[0m:55[0m[0m:19[0m[0m.210[0m[0m [97m[1mTRACE[22m[39m[0m[0m [[37m\tests\Regrese\Doklady\Cerpadlove_listy\Cerpadlove_listy_regrese_filtry_API.spec.ts:89[39m[0m[0m]Ověřuji měsíc: Očekávaná hodnota: 9, Nalezená hodnota: 8
2025[0m[0m-09[0m[0m-08[0m[0m 08[0m[0m:55[0m[0m:19[0m[0m.211[0m[0m [97m[1mTRACE[22m[39m[0m[0m [[37m\tests\Regrese\Doklady\Cerpadlove_listy\Cerpadlove_listy_regrese_filtry_API.spec.ts:82[39m[0m[0m]Ověřuji rok: Očekávaná hodnota: 2025, Nalezená hodnota: 2025
2025[0m[0m-09[0m[0m-08[0m[0m 08[0m[0m:55[0m[0m:19[0m[0m.212[0m[0m [97m[1mTRACE[22m[39m[0m[0m [[37m\tests\Regrese\Doklady\Cerpadlove_listy\Cerpadlove_listy_regrese_filtry_API.spec.ts:89[39m[0m[0m]Ověřuji měsíc: Očekávaná hodnota: 9, Nalezená hodnota: 8
2025[0m[0m-09[0m[0m-08[0m[0m 08[0m[0m:55[0m[0m:19[0m[0m.213[0m[0m [97m[1mTRACE[22m[39m[0m[0m [[37m\tests\Regrese\Doklady\Cerpadlove_listy\Cerpadlove_listy_regrese_filtry_API.spec.ts:82[39m[0m[0m]Ověřuji rok: Očekávaná hodnota: 2025, Nalezená hodnota: 2025
2025[0m[0m-09[0m[0m-08[0m[0m 08[0m[0m:55[0m[0m:19[0m[0m.214[0m[0m [97m[1mTRACE[22m[39m[0m[0m [[37m\tests\Regrese\Doklady\Cerpadlove_listy\Cerpadlove_listy_regrese_filtry_API.spec.ts:89[39m[0m[0m]Ověřuji měsíc: Očekávaná hodnota: 9, Nalezená hodnota: 8
2025[0m[0m-09[0m[0m-08[0m[0m 08[0m[0m:55[0m[0m:19[0m[0m.218[0m[0m [97m[1mTRACE[22m[39m[0m[0m [[37m\tests\Regrese\Doklady\Cerpadlove_listy\Cerpadlove_listy_regrese_filtry_API.spec.ts:82[39m[0m[0m]Ověřuji rok: Očekávaná hodnota: 2025, Nalezená hodnota: 2025
2025[0m[0m-09[0m[0m-08[0m[0m 08[0m[0m:55[0m[0m:19[0m[0m.220[0m[0m [97m[1mTRACE[22m[39m[0m[0m [[37m\tests\Regrese\Doklady\Cerpadlove_listy\Cerpadlove_listy_regrese_filtry_API.spec.ts:89[39m[0m[0m]Ověřuji měsíc: Očekávaná hodnota: 9, Nalezená hodnota: 8
2025[0m[0m-09[0m[0m-08[0m[0m 08[0m[0m:55[0m[0m:19[0m[0m.223[0m[0m [97m[1mTRACE[22m[39m[0m[0m [[37m\tests\Regrese\Doklady\Cerpadlove_listy\Cerpadlove_listy_regrese_filtry_API.spec.ts:82[39m[0m[0m]Ověřuji rok: Očekávaná hodnota: 2025, Nalezená hodnota: 2025
2025[0m[0m-09[0m[0m-08[0m[0m 08[0m[0m:55[0m[0m:19[0m[0m.226[0m[0m [97m[1mTRACE[22m[39m[0m[0m [[37m\tests\Regrese\Doklady\Cerpadlove_listy\Cerpadlove_listy_regrese_filtry_API.spec.ts:89[39m[0m[0m]Ověřuji měsíc: Očekávaná hodnota: 9, Nalezená hodnota: 8
2025[0m[0m-09[0m[0m-08[0m[0m 08[0m[0m:55[0m[0m:19[0m[0m.230[0m[0m [97m[1mTRACE[22m[39m[0m[0m [[37m\tests\Regrese\Doklady\Cerpadlove_listy\Cerpadlove_listy_regrese_filtry_API.spec.ts:82[39m[0m[0m]Ověřuji rok: Očekávaná hodnota: 2025, Nalezená hodnota: 2025
2025[0m[0m-09[0m[0m-08[0m[0m 08[0m[0m:55[0m[0m:19[0m[0m.234[0m[0m [97m[1mTRACE[22m[39m[0m[0m [[37m\tests\Regrese\Doklady\Cerpadlove_listy\Cerpadlove_listy_regrese_filtry_API.spec.ts:89[39m[0m[0m]Ověřuji měsíc: Očekávaná hodnota: 9, Nalezená hodnota: 8
2025[0m[0m-09[0m[0m-08[0m[0m 08[0m[0m:55[0m[0m:19[0m[0m.237[0m[0m [97m[1mTRACE[22m[39m[0m[0m [[37m\tests\Regrese\Doklady\Cerpadlove_listy\Cerpadlove_listy_regrese_filtry_API.spec.ts:82[39m[0m[0m]Ověřuji rok: Očekávaná hodnota: 2025, Nalezená hodnota: 2025
2025[0m[0m-09[0m[0m-08[0m[0m 08[0m[0m:55[0m[0m:19[0m[0m.239[0m[0m [97m[1mTRACE[22m[39m[0m[0m [[37m\tests\Regrese\Doklady\Cerpadlove_listy\Cerpadlove_listy_regrese_filtry_API.spec.ts:89[39m[0m[0m]Ověřuji měsíc: Očekávaná hodnota: 9, Nalezená hodnota: 8
2025[0m[0m-09[0m[0m-08[0m[0m 08[0m[0m:55[0m[0m:19[0m[0m.241[0m[0m [97m[1mTRACE[22m[39m[0m[0m [[37m\tests\Regrese\Doklady\Cerpadlove_listy\Cerpadlove_listy_regrese_filtry_API.spec.ts:82[39m[0m[0m]Ověřuji rok: Očekávaná hodnota: 2025, Nalezená hodnota: 2025
2025[0m[0m-09[0m[0m-08[0m[0m 08[0m[0m:55[0m[0m:19[0m[0m.243[0m[0m [97m[1mTRACE[22m[39m[0m[0m [[37m\tests\Regrese\Doklady\Cerpadlove_listy\Cerpadlove_listy_regrese_filtry_API.spec.ts:89[39m[0m[0m]Ověřuji měsíc: Očekávaná hodnota: 9, Nalezená hodnota: 8
2025[0m[0m-09[0m[0m-08[0m[0m 08[0m[0m:55[0m[0m:19[0m[0m.246[0m[0m [97m[1mTRACE[22m[39m[0m[0m [[37m\tests\Regrese\Doklady\Cerpadlove_listy\Cerpadlove_listy_regrese_filtry_API.spec.ts:82[39m[0m[0m]Ověřuji rok: Očekávaná hodnota: 2025, Nalezená hodnota: 2025
2025[0m[0m-09[0m[0m-08[0m[0m 08[0m[0m:55[0m[0m:19[0m[0m.249[0m[0m [97m[1mTRACE[22m[39m[0m[0m [[37m\tests\Regrese\Doklady\Cerpadlove_listy\Cerpadlove_listy_regrese_filtry_API.spec.ts:89[39m[0m[0m]Ověřuji měsíc: Očekávaná hodnota: 9, Nalezená hodnota: 8
2025[0m[0m-09[0m[0m-08[0m[0m 08[0m[0m:55[0m[0m:19[0m[0m.252[0m[0m [97m[1mTRACE[22m[39m[0m[0m [[37m\tests\Regrese\Doklady\Cerpadlove_listy\Cerpadlove_listy_regrese_filtry_API.spec.ts:82[39m[0m[0m]Ověřuji rok: Očekávaná hodnota: 2025, Nalezená hodnota: 2025
2025[0m[0m-09[0m[0m-08[0m[0m 08[0m[0m:55[0m[0m:19[0m[0m.256[0m[0m [97m[1mTRACE[22m[39m[0m[0m [[37m\tests\Regrese\Doklady\Cerpadlove_listy\Cerpadlove_listy_regrese_filtry_API.spec.ts:89[39m[0m[0m]Ověřuji měsíc: Očekávaná hodnota: 9, Nalezená hodnota: 8
2025[0m[0m-09[0m[0m-08[0m[0m 08[0m[0m:55[0m[0m:19[0m[0m.258[0m[0m [97m[1mTRACE[22m[39m[0m[0m [[37m\tests\Regrese\Doklady\Cerpadlove_listy\Cerpadlove_listy_regrese_filtry_API.spec.ts:82[39m[0m[0m]Ověřuji rok: Očekávaná hodnota: 2025, Nalezená hodnota: 2025
2025[0m[0m-09[0m[0m-08[0m[0m 08[0m[0m:55[0m[0m:19[0m[0m.260[0m[0m [97m[1mTRACE[22m[39m[0m[0m [[37m\tests\Regrese\Doklady\Cerpadlove_listy\Cerpadlove_listy_regrese_filtry_API.spec.ts:89[39m[0m[0m]Ověřuji měsíc: Očekávaná hodnota: 9, Nalezená hodnota: 8
2025[0m[0m-09[0m[0m-08[0m[0m 08[0m[0m:55[0m[0m:19[0m[0m.264[0m[0m [97m[1mTRACE[22m[39m[0m[0m [[37m\tests\Regrese\Doklady\Cerpadlove_listy\Cerpadlove_listy_regrese_filtry_API.spec.ts:82[39m[0m[0m]Ověřuji rok: Očekávaná hodnota: 2025, Nalezená hodnota: 2025
2025[0m[0m-09[0m[0m-08[0m[0m 08[0m[0m:55[0m[0m:19[0m[0m.268[0m[0m [97m[1mTRACE[22m[39m[0m[0m [[37m\tests\Regrese\Doklady\Cerpadlove_listy\Cerpadlove_listy_regrese_filtry_API.spec.ts:89[39m[0m[0m]Ověřuji měsíc: Očekávaná hodnota: 9, Nalezená hodnota: 8
2025[0m[0m-09[0m[0m-08[0m[0m 08[0m[0m:55[0m[0m:19[0m[0m.271[0m[0m [97m[1mTRACE[22m[39m[0m[0m [[37m\tests\Regrese\Doklady\Cerpadlove_listy\Cerpadlove_listy_regrese_filtry_API.spec.ts:82[39m[0m[0m]Ověřuji rok: Očekávaná hodnota: 2025, Nalezená hodnota: 2025
2025[0m[0m-09[0m[0m-08[0m[0m 08[0m[0m:55[0m[0m:19[0m[0m.276[0m[0m [97m[1mTRACE[22m[39m[0m[0m [[37m\tests\Regrese\Doklady\Cerpadlove_listy\Cerpadlove_listy_regrese_filtry_API.spec.ts:89[39m[0m[0m]Ověřuji měsíc: Očekávaná hodnota: 9, Nalezená hodnota: 8
2025[0m[0m-09[0m[0m-08[0m[0m 08[0m[0m:55[0m[0m:19[0m[0m.277[0m[0m [97m[1mTRACE[22m[39m[0m[0m [[37m\tests\Regrese\Doklady\Cerpadlove_listy\Cerpadlove_listy_regrese_filtry_API.spec.ts:82[39m[0m[0m]Ověřuji rok: Očekávaná hodnota: 2025, Nalezená hodnota: 2025
2025[0m[0m-09[0m[0m-08[0m[0m 08[0m[0m:55[0m[0m:19[0m[0m.280[0m[0m [97m[1mTRACE[22m[39m[0m[0m [[37m\tests\Regrese\Doklady\Cerpadlove_listy\Cerpadlove_listy_regrese_filtry_API.spec.ts:89[39m[0m[0m]Ověřuji měsíc: Očekávaná hodnota: 9, Nalezená hodnota: 8
2025[0m[0m-09[0m[0m-08[0m[0m 08[0m[0m:55[0m[0m:19[0m[0m.283[0m[0m [97m[1mTRACE[22m[39m[0m[0m [[37m\tests\Regrese\Doklady\Cerpadlove_listy\Cerpadlove_listy_regrese_filtry_API.spec.ts:82[39m[0m[0m]Ověřuji rok: Očekávaná hodnota: 2025, Nalezená hodnota: 2025
2025[0m[0m-09[0m[0m-08[0m[0m 08[0m[0m:55[0m[0m:19[0m[0m.285[0m[0m [97m[1mTRACE[22m[39m[0m[0m [[37m\tests\Regrese\Doklady\Cerpadlove_listy\Cerpadlove_listy_regrese_filtry_API.spec.ts:89[39m[0m[0m]Ověřuji měsíc: Očekávaná hodnota: 9, Nalezená hodnota: 8
2025[0m[0m-09[0m[0m-08[0m[0m 08[0m[0m:55[0m[0m:19[0m[0m.287[0m[0m [97m[1mTRACE[22m[39m[0m[0m [[37m\tests\Regrese\Doklady\Cerpadlove_listy\Cerpadlove_listy_regrese_filtry_API.spec.ts:82[39m[0m[0m]Ověřuji rok: Očekávaná hodnota: 2025, Nalezená hodnota: 2025
2025[0m[0m-09[0m[0m-08[0m[0m 08[0m[0m:55[0m[0m:19[0m[0m.288[0m[0m [97m[1mTRACE[22m[39m[0m[0m [[37m\tests\Regrese\Doklady\Cerpadlove_listy\Cerpadlove_listy_regrese_filtry_API.spec.ts:89[39m[0m[0m]Ověřuji měsíc: Očekávaná hodnota: 9, Nalezená hodnota: 8
2025[0m[0m-09[0m[0m-08[0m[0m 08[0m[0m:55[0m[0m:19[0m[0m.290[0m[0m [97m[1mTRACE[22m[39m[0m[0m [[37m\tests\Regrese\Doklady\Cerpadlove_listy\Cerpadlove_listy_regrese_filtry_API.spec.ts:82[39m[0m[0m]Ověřuji rok: Očekávaná hodnota: 2025, Nalezená hodnota: 2025
2025[0m[0m-09[0m[0m-08[0m[0m 08[0m[0m:55[0m[0m:19[0m[0m.293[0m[0m [97m[1mTRACE[22m[39m[0m[0m [[37m\tests\Regrese\Doklady\Cerpadlove_listy\Cerpadlove_listy_regrese_filtry_API.spec.ts:89[39m[0m[0m]Ověřuji měsíc: Očekávaná hodnota: 9, Nalezená hodnota: 8
2025[0m[0m-09[0m[0m-08[0m[0m 08[0m[0m:55[0m[0m:19[0m[0m.295[0m[0m [97m[1mTRACE[22m[39m[0m[0m [[37m\tests\Regrese\Doklady\Cerpadlove_listy\Cerpadlove_listy_regrese_filtry_API.spec.ts:82[39m[0m[0m]Ověřuji rok: Očekávaná hodnota: 2025, Nalezená hodnota: 2025
2025[0m[0m-09[0m[0m-08[0m[0m 08[0m[0m:55[0m[0m:19[0m[0m.300[0m[0m [97m[1mTRACE[22m[39m[0m[0m [[37m\tests\Regrese\Doklady\Cerpadlove_listy\Cerpadlove_listy_regrese_filtry_API.spec.ts:89[39m[0m[0m]Ověřuji měsíc: Očekávaná hodnota: 9, Nalezená hodnota: 8
2025[0m[0m-09[0m[0m-08[0m[0m 08[0m[0m:55[0m[0m:19[0m[0m.305[0m[0m [97m[1mTRACE[22m[39m[0m[0m [[37m\tests\Regrese\Doklady\Cerpadlove_listy\Cerpadlove_listy_regrese_filtry_API.spec.ts:82[39m[0m[0m]Ověřuji rok: Očekávaná hodnota: 2025, Nalezená hodnota: 2025
2025[0m[0m-09[0m[0m-08[0m[0m 08[0m[0m:55[0m[0m:19[0m[0m.309[0m[0m [97m[1mTRACE[22m[39m[0m[0m [[37m\tests\Regrese\Doklady\Cerpadlove_listy\Cerpadlove_listy_regrese_filtry_API.spec.ts:89[39m[0m[0m]Ověřuji měsíc: Očekávaná hodnota: 9, Nalezená hodnota: 8
2025[0m[0m-09[0m[0m-08[0m[0m 08[0m[0m:55[0m[0m:19[0m[0m.310[0m[0m [34m[1mINFO[22m[39m[0m[0m [[37m\tests\Regrese\Doklady\Cerpadlove_listy\Cerpadlove_listy_regrese_filtry_API.spec.ts:100[39m[0m[0m]Test pro Filtrování podle měsíce proběhl úspěšně. Všechny záznamy odpovídají filtru.
]]></system-out>
    </testcase>
    <testcase name="Testy filtrů listOfDrivers › TC-03 Test filtru: Filtrování podle operátora @regression @CerpadloveDodaciListy @API" classname="Regrese\Doklady\Cerpadlove_listy\Cerpadlove_listy_regrese_filtry_API.spec.ts" time="1.691" id="TC-03">
      <system-out><![CDATA[2025[0m[0m-09[0m[0m-08[0m[0m 08[0m[0m:55[0m[0m:19[0m[0m.392[0m[0m [97m[1mTRACE[22m[39m[0m[0m [[37m\support\fixtures\auth.fixture.ts:23[39m[0m[0m]FIXTURE 'authToken': Budu vytvářet nový request kontext...
2025[0m[0m-09[0m[0m-08[0m[0m 08[0m[0m:55[0m[0m:19[0m[0m.395[0m[0m [97m[1mTRACE[22m[39m[0m[0m [[37m\support\fixtures\auth.fixture.ts:25[39m[0m[0m]FIXTURE 'authToken': Request kontext vytvořen.
2025[0m[0m-09[0m[0m-08[0m[0m 08[0m[0m:55[0m[0m:20[0m[0m.079[0m[0m [97m[1mTRACE[22m[39m[0m[0m [[37m\support\fixtures\auth.fixture.ts:33[39m[0m[0m]FIXTURE 'authToken': Odpověď přijata se statusem 201.
2025[0m[0m-09[0m[0m-08[0m[0m 08[0m[0m:55[0m[0m:20[0m[0m.080[0m[0m [97m[1mTRACE[22m[39m[0m[0m [[37m\support\fixtures\auth.fixture.ts:50[39m[0m[0m]FIXTURE 'authToken': Získávám 'accessToken' z JSON odpovědi.
2025[0m[0m-09[0m[0m-08[0m[0m 08[0m[0m:55[0m[0m:20[0m[0m.082[0m[0m [97m[1mTRACE[22m[39m[0m[0m [[37m\support\fixtures\auth.fixture.ts:54[39m[0m[0m]FIXTURE 'authToken': Volám 'use(token)' a předávám token dál...
2025[0m[0m-09[0m[0m-08[0m[0m 08[0m[0m:55[0m[0m:20[0m[0m.083[0m[0m [97m[1mTRACE[22m[39m[0m[0m [[37m\support\fixtures\auth.fixture.ts:64[39m[0m[0m]FIXTURE 'page' (rozšířená): Budu vkládat inicializační skript pro nastavení localStorage...
2025[0m[0m-09[0m[0m-08[0m[0m 08[0m[0m:55[0m[0m:20[0m[0m.086[0m[0m [97m[1mTRACE[22m[39m[0m[0m [[37m\support\fixtures\auth.fixture.ts:74[39m[0m[0m]FIXTURE 'page' (rozšířená): Inicializační skript byl přidán.
2025[0m[0m-09[0m[0m-08[0m[0m 08[0m[0m:55[0m[0m:20[0m[0m.823[0m[0m [97m[1mTRACE[22m[39m[0m[0m [[37m\support\fixtures\auth.fixture.ts:78[39m[0m[0m]FIXTURE 'page' (rozšířená): Navigace na '/' dokončena.
2025[0m[0m-09[0m[0m-08[0m[0m 08[0m[0m:55[0m[0m:20[0m[0m.824[0m[0m [97m[1mTRACE[22m[39m[0m[0m [[37m\support\fixtures\auth.fixture.ts:80[39m[0m[0m]FIXTURE 'page' (rozšířená): Volám 'use(page)' a předávám připravenou stránku testu...
2025[0m[0m-09[0m[0m-08[0m[0m 08[0m[0m:55[0m[0m:20[0m[0m.825[0m[0m [34m[1mINFO[22m[39m[0m[0m [[37m\tests\Regrese\Doklady\Cerpadlove_listy\Cerpadlove_listy_regrese_filtry_API.spec.ts:35[39m[0m[0m]Spouštím sadu testů pro filtry seznamu řidičů.
2025[0m[0m-09[0m[0m-08[0m[0m 08[0m[0m:55[0m[0m:20[0m[0m.898[0m[0m [97m[1mTRACE[22m[39m[0m[0m [[37m\tests\Regrese\Doklady\Cerpadlove_listy\Cerpadlove_listy_regrese_filtry_API.spec.ts:37[39m[0m[0m]Naviguji na domovskou stránku pro získání tokenu.
2025[0m[0m-09[0m[0m-08[0m[0m 08[0m[0m:55[0m[0m:20[0m[0m.912[0m[0m [97m[1mTRACE[22m[39m[0m[0m [[37m\tests\Regrese\Doklady\Cerpadlove_listy\Cerpadlove_listy_regrese_filtry_API.spec.ts:40[39m[0m[0m]Autentizační token úspěšně získán.
2025[0m[0m-09[0m[0m-08[0m[0m 08[0m[0m:55[0m[0m:20[0m[0m.912[0m[0m [97m[1mTRACE[22m[39m[0m[0m [[37m\tests\Regrese\Doklady\Cerpadlove_listy\Cerpadlove_listy_regrese_filtry_API.spec.ts:42[39m[0m[0m]ApiClient byl inicializován.
2025[0m[0m-09[0m[0m-08[0m[0m 08[0m[0m:55[0m[0m:20[0m[0m.914[0m[0m [34m[1mINFO[22m[39m[0m[0m [[37m\tests\Regrese\Doklady\Cerpadlove_listy\Cerpadlove_listy_regrese_filtry_API.spec.ts:53[39m[0m[0m]Spouštím test pro: Filtrování podle operátora
2025[0m[0m-09[0m[0m-08[0m[0m 08[0m[0m:55[0m[0m:20[0m[0m.915[0m[0m [32m[1mDEBUG[22m[39m[0m[0m [[37m\tests\Regrese\Doklady\Cerpadlove_listy\Cerpadlove_listy_regrese_filtry_API.spec.ts:60[39m[0m[0m]Připravuji API volání s payloadem: {"accOwner":"60193531","year":2025,"operator":"MH","stockId":230}
2025[0m[0m-09[0m[0m-08[0m[0m 08[0m[0m:55[0m[0m:20[0m[0m.917[0m[0m [97m[1mTRACE[22m[39m[0m[0m [[37m\tests\Regrese\Doklady\Cerpadlove_listy\Cerpadlove_listy_regrese_filtry_API.spec.ts:61[39m[0m[0m]Volání API s payloadem: {"accOwner":"60193531","year":2025,"operator":"MH","stockId":230}
2025[0m[0m-09[0m[0m-08[0m[0m 08[0m[0m:55[0m[0m:20[0m[0m.918[0m[0m [97m[1mTRACE[22m[39m[0m[0m [[37m\support\ApiClient.ts:1370[39m[0m[0m]Odesílám GET požadavek na /reports-api/listOfWetDeliveryNotes s parametry: {"accOwner":"60193531","year":2025,"operator":"MH","stockId":230}
2025[0m[0m-09[0m[0m-08[0m[0m 08[0m[0m:55[0m[0m:20[0m[0m.969[0m[0m [34m[1mINFO[22m[39m[0m[0m [[37m\support\ApiClient.ts:1380[39m[0m[0m]URL: http://192.168.130.239:8180//reports-api/listOfWetDeliveryNotes Status: 200
2025[0m[0m-09[0m[0m-08[0m[0m 08[0m[0m:55[0m[0m:20[0m[0m.971[0m[0m [34m[1mINFO[22m[39m[0m[0m [[37m\support\ApiClient.ts:1383[39m[0m[0m]Požadavek na '/reports-api/listOfWetDeliveryNotes' byl úspěšný s HTTP status 200
2025[0m[0m-09[0m[0m-08[0m[0m 08[0m[0m:55[0m[0m:20[0m[0m.975[0m[0m [97m[1mTRACE[22m[39m[0m[0m [[37m\tests\Regrese\Doklady\Cerpadlove_listy\Cerpadlove_listy_regrese_filtry_API.spec.ts:77[39m[0m[0m]Zahajuji ověření vrácených dat pro test "Filtrování podle operátora".
2025[0m[0m-09[0m[0m-08[0m[0m 08[0m[0m:55[0m[0m:20[0m[0m.976[0m[0m [97m[1mTRACE[22m[39m[0m[0m [[37m\tests\Regrese\Doklady\Cerpadlove_listy\Cerpadlove_listy_regrese_filtry_API.spec.ts:82[39m[0m[0m]Ověřuji rok: Očekávaná hodnota: 2025, Nalezená hodnota: 2025
2025[0m[0m-09[0m[0m-08[0m[0m 08[0m[0m:55[0m[0m:20[0m[0m.979[0m[0m [97m[1mTRACE[22m[39m[0m[0m [[37m\tests\Regrese\Doklady\Cerpadlove_listy\Cerpadlove_listy_regrese_filtry_API.spec.ts:95[39m[0m[0m]Ověřuji operátora: očekávaná hodnota: MH, Nalezená hodnota: MH
2025[0m[0m-09[0m[0m-08[0m[0m 08[0m[0m:55[0m[0m:20[0m[0m.980[0m[0m [97m[1mTRACE[22m[39m[0m[0m [[37m\tests\Regrese\Doklady\Cerpadlove_listy\Cerpadlove_listy_regrese_filtry_API.spec.ts:82[39m[0m[0m]Ověřuji rok: Očekávaná hodnota: 2025, Nalezená hodnota: 2025
2025[0m[0m-09[0m[0m-08[0m[0m 08[0m[0m:55[0m[0m:20[0m[0m.982[0m[0m [97m[1mTRACE[22m[39m[0m[0m [[37m\tests\Regrese\Doklady\Cerpadlove_listy\Cerpadlove_listy_regrese_filtry_API.spec.ts:95[39m[0m[0m]Ověřuji operátora: očekávaná hodnota: MH, Nalezená hodnota: MH
2025[0m[0m-09[0m[0m-08[0m[0m 08[0m[0m:55[0m[0m:20[0m[0m.983[0m[0m [97m[1mTRACE[22m[39m[0m[0m [[37m\tests\Regrese\Doklady\Cerpadlove_listy\Cerpadlove_listy_regrese_filtry_API.spec.ts:82[39m[0m[0m]Ověřuji rok: Očekávaná hodnota: 2025, Nalezená hodnota: 2025
2025[0m[0m-09[0m[0m-08[0m[0m 08[0m[0m:55[0m[0m:20[0m[0m.985[0m[0m [97m[1mTRACE[22m[39m[0m[0m [[37m\tests\Regrese\Doklady\Cerpadlove_listy\Cerpadlove_listy_regrese_filtry_API.spec.ts:95[39m[0m[0m]Ověřuji operátora: očekávaná hodnota: MH, Nalezená hodnota: MH
2025[0m[0m-09[0m[0m-08[0m[0m 08[0m[0m:55[0m[0m:20[0m[0m.987[0m[0m [97m[1mTRACE[22m[39m[0m[0m [[37m\tests\Regrese\Doklady\Cerpadlove_listy\Cerpadlove_listy_regrese_filtry_API.spec.ts:82[39m[0m[0m]Ověřuji rok: Očekávaná hodnota: 2025, Nalezená hodnota: 2025
2025[0m[0m-09[0m[0m-08[0m[0m 08[0m[0m:55[0m[0m:20[0m[0m.990[0m[0m [97m[1mTRACE[22m[39m[0m[0m [[37m\tests\Regrese\Doklady\Cerpadlove_listy\Cerpadlove_listy_regrese_filtry_API.spec.ts:95[39m[0m[0m]Ověřuji operátora: očekávaná hodnota: MH, Nalezená hodnota: MH
2025[0m[0m-09[0m[0m-08[0m[0m 08[0m[0m:55[0m[0m:20[0m[0m.992[0m[0m [97m[1mTRACE[22m[39m[0m[0m [[37m\tests\Regrese\Doklady\Cerpadlove_listy\Cerpadlove_listy_regrese_filtry_API.spec.ts:82[39m[0m[0m]Ověřuji rok: Očekávaná hodnota: 2025, Nalezená hodnota: 2025
2025[0m[0m-09[0m[0m-08[0m[0m 08[0m[0m:55[0m[0m:20[0m[0m.995[0m[0m [97m[1mTRACE[22m[39m[0m[0m [[37m\tests\Regrese\Doklady\Cerpadlove_listy\Cerpadlove_listy_regrese_filtry_API.spec.ts:95[39m[0m[0m]Ověřuji operátora: očekávaná hodnota: MH, Nalezená hodnota: MH
2025[0m[0m-09[0m[0m-08[0m[0m 08[0m[0m:55[0m[0m:20[0m[0m.997[0m[0m [97m[1mTRACE[22m[39m[0m[0m [[37m\tests\Regrese\Doklady\Cerpadlove_listy\Cerpadlove_listy_regrese_filtry_API.spec.ts:82[39m[0m[0m]Ověřuji rok: Očekávaná hodnota: 2025, Nalezená hodnota: 2025
2025[0m[0m-09[0m[0m-08[0m[0m 08[0m[0m:55[0m[0m:21[0m[0m.002[0m[0m [97m[1mTRACE[22m[39m[0m[0m [[37m\tests\Regrese\Doklady\Cerpadlove_listy\Cerpadlove_listy_regrese_filtry_API.spec.ts:95[39m[0m[0m]Ověřuji operátora: očekávaná hodnota: MH, Nalezená hodnota: MH
2025[0m[0m-09[0m[0m-08[0m[0m 08[0m[0m:55[0m[0m:21[0m[0m.005[0m[0m [97m[1mTRACE[22m[39m[0m[0m [[37m\tests\Regrese\Doklady\Cerpadlove_listy\Cerpadlove_listy_regrese_filtry_API.spec.ts:82[39m[0m[0m]Ověřuji rok: Očekávaná hodnota: 2025, Nalezená hodnota: 2025
2025[0m[0m-09[0m[0m-08[0m[0m 08[0m[0m:55[0m[0m:21[0m[0m.008[0m[0m [97m[1mTRACE[22m[39m[0m[0m [[37m\tests\Regrese\Doklady\Cerpadlove_listy\Cerpadlove_listy_regrese_filtry_API.spec.ts:95[39m[0m[0m]Ověřuji operátora: očekávaná hodnota: MH, Nalezená hodnota: MH
2025[0m[0m-09[0m[0m-08[0m[0m 08[0m[0m:55[0m[0m:21[0m[0m.010[0m[0m [97m[1mTRACE[22m[39m[0m[0m [[37m\tests\Regrese\Doklady\Cerpadlove_listy\Cerpadlove_listy_regrese_filtry_API.spec.ts:82[39m[0m[0m]Ověřuji rok: Očekávaná hodnota: 2025, Nalezená hodnota: 2025
2025[0m[0m-09[0m[0m-08[0m[0m 08[0m[0m:55[0m[0m:21[0m[0m.011[0m[0m [97m[1mTRACE[22m[39m[0m[0m [[37m\tests\Regrese\Doklady\Cerpadlove_listy\Cerpadlove_listy_regrese_filtry_API.spec.ts:95[39m[0m[0m]Ověřuji operátora: očekávaná hodnota: MH, Nalezená hodnota: MH
2025[0m[0m-09[0m[0m-08[0m[0m 08[0m[0m:55[0m[0m:21[0m[0m.014[0m[0m [34m[1mINFO[22m[39m[0m[0m [[37m\tests\Regrese\Doklady\Cerpadlove_listy\Cerpadlove_listy_regrese_filtry_API.spec.ts:100[39m[0m[0m]Test pro Filtrování podle operátora proběhl úspěšně. Všechny záznamy odpovídají filtru.
]]></system-out>
    </testcase>
  </testsuite>
</testsuites>