<testsuites id="" name="" tests="4" failures="2" skipped="2" errors="0" time="17.07074">
<testsuite name="Regrese\Doklady\Objednavky\Regrese_API.spec.ts" timestamp="2025-08-31T09:07:44.440Z" hostname="chromium" tests="1" failures="1" skipped="0" time="6.886" errors="0">
<testcase name="API testy objednávky › TC-XY -01: Vytvoření a ověření objednávky přes API @regression @API @objednavky @medium" classname="Regrese\Doklady\Objednavky\Regrese_API.spec.ts" time="6.886">
<failure message="Regrese_API.spec.ts:20:9 TC-XY -01: Vytvoření a ověření objednávky přes API @regression @API @objednavky @medium" type="FAILURE">
<![CDATA[  [chromium] › Regrese\Doklady\Objednavky\Regrese_API.spec.ts:20:9 › API testy objednávky › TC-XY -01: Vytvoření a ověření objednávky přes API @regression @API @objednavky @medium 

    Error: expect(received).toBeTruthy()

    Received: null

      15 |         await page.goto('/');
      16 |         token = await page.evaluate(() => window.localStorage.getItem('auth_token'));
    > 17 |         expect(token).toBeTruthy();
         |                       ^
      18 |     });                                 
      19 |
      20 |     test('TC-XY -01: Vytvoření a ověření objednávky přes API @regression @API @objednavky @medium', async ({ page }) => {
        at C:\Users\novakma\Testy_CBOS\tests\Regrese\Doklady\Objednavky\Regrese_API.spec.ts:17:23

    attachment #1: video (video/webm) ──────────────────────────────────────────────────────────────
    test-results\Regrese-Doklady-Objednavky-c27fc-ssion-API-objednavky-medium-chromium\video.webm
    ────────────────────────────────────────────────────────────────────────────────────────────────

    Error Context: ..\test-results\Regrese-Doklady-Objednavky-c27fc-ssion-API-objednavky-medium-chromium\error-context.md

    Retry #1 ───────────────────────────────────────────────────────────────────────────────────────

    Error: expect(received).toBeTruthy()

    Received: null

      15 |         await page.goto('/');
      16 |         token = await page.evaluate(() => window.localStorage.getItem('auth_token'));
    > 17 |         expect(token).toBeTruthy();
         |                       ^
      18 |     });                                 
      19 |
      20 |     test('TC-XY -01: Vytvoření a ověření objednávky přes API @regression @API @objednavky @medium', async ({ page }) => {
        at C:\Users\novakma\Testy_CBOS\tests\Regrese\Doklady\Objednavky\Regrese_API.spec.ts:17:23

    attachment #1: video (video/webm) ──────────────────────────────────────────────────────────────
    test-results\Regrese-Doklady-Objednavky-c27fc-ssion-API-objednavky-medium-chromium-retry1\video.webm
    ────────────────────────────────────────────────────────────────────────────────────────────────

    Error Context: ..\test-results\Regrese-Doklady-Objednavky-c27fc-ssion-API-objednavky-medium-chromium-retry1\error-context.md
]]>
</failure>
<system-out>
<![CDATA[
[[ATTACHMENT|test-results\Regrese-Doklady-Objednavky-c27fc-ssion-API-objednavky-medium-chromium\video.webm]]

[[ATTACHMENT|test-results\Regrese-Doklady-Objednavky-c27fc-ssion-API-objednavky-medium-chromium\error-context.md]]

[[ATTACHMENT|test-results\Regrese-Doklady-Objednavky-c27fc-ssion-API-objednavky-medium-chromium-retry1\video.webm]]

[[ATTACHMENT|test-results\Regrese-Doklady-Objednavky-c27fc-ssion-API-objednavky-medium-chromium-retry1\error-context.md]]
]]>
</system-out>
</testcase>
</testsuite>
<testsuite name="Regrese\Doklady\Objednavky\Regrese_API.spec.ts" timestamp="2025-08-31T09:07:44.440Z" hostname="firefox" tests="1" failures="1" skipped="0" time="2.444" errors="0">
<testcase name="API testy objednávky › TC-XY -01: Vytvoření a ověření objednávky přes API @regression @API @objednavky @medium" classname="Regrese\Doklady\Objednavky\Regrese_API.spec.ts" time="2.444">
<failure message="Regrese_API.spec.ts:20:9 TC-XY -01: Vytvoření a ověření objednávky přes API @regression @API @objednavky @medium" type="FAILURE">
<![CDATA[  [firefox] › Regrese\Doklady\Objednavky\Regrese_API.spec.ts:20:9 › API testy objednávky › TC-XY -01: Vytvoření a ověření objednávky přes API @regression @API @objednavky @medium 

    Error: expect(received).toBeTruthy()

    Received: null

      15 |         await page.goto('/');
      16 |         token = await page.evaluate(() => window.localStorage.getItem('auth_token'));
    > 17 |         expect(token).toBeTruthy();
         |                       ^
      18 |     });                                 
      19 |
      20 |     test('TC-XY -01: Vytvoření a ověření objednávky přes API @regression @API @objednavky @medium', async ({ page }) => {
        at C:\Users\novakma\Testy_CBOS\tests\Regrese\Doklady\Objednavky\Regrese_API.spec.ts:17:23

    attachment #1: video (video/webm) ──────────────────────────────────────────────────────────────
    test-results\Regrese-Doklady-Objednavky-c27fc-ssion-API-objednavky-medium-firefox\video.webm
    ────────────────────────────────────────────────────────────────────────────────────────────────

    Error Context: ..\test-results\Regrese-Doklady-Objednavky-c27fc-ssion-API-objednavky-medium-firefox\error-context.md

    Retry #1 ───────────────────────────────────────────────────────────────────────────────────────

    Test was interrupted.
]]>
</failure>
<system-out>
<![CDATA[
[[ATTACHMENT|test-results\Regrese-Doklady-Objednavky-c27fc-ssion-API-objednavky-medium-firefox\video.webm]]

[[ATTACHMENT|test-results\Regrese-Doklady-Objednavky-c27fc-ssion-API-objednavky-medium-firefox\error-context.md]]
]]>
</system-out>
</testcase>
</testsuite>
<testsuite name="Regrese\Doklady\Objednavky\Regrese_API.spec.ts" timestamp="2025-08-31T09:07:44.440Z" hostname="edge" tests="1" failures="0" skipped="1" time="0" errors="0">
<testcase name="API testy objednávky › TC-XY -01: Vytvoření a ověření objednávky přes API @regression @API @objednavky @medium" classname="Regrese\Doklady\Objednavky\Regrese_API.spec.ts" time="0">
<skipped>
</skipped>
</testcase>
</testsuite>
<testsuite name="Regrese\Doklady\Objednavky\Regrese_API.spec.ts" timestamp="2025-08-31T09:07:44.440Z" hostname="API" tests="1" failures="0" skipped="1" time="0" errors="0">
<testcase name="API testy objednávky › TC-XY -01: Vytvoření a ověření objednávky přes API @regression @API @objednavky @medium" classname="Regrese\Doklady\Objednavky\Regrese_API.spec.ts" time="0">
<skipped>
</skipped>
</testcase>
</testsuite>
</testsuites>