<testsuites id="" name="" tests="1" failures="0" skipped="0" errors="0" time="148.67645199999998">
  <testsuite name="Smoke\login_E2E.spec.ts" timestamp="2025-11-24T08:35:38.219Z" hostname="chromium" tests="1" failures="0" skipped="0" time="147.019" errors="0">
    <testcase name="CBOS - Smoke Login Test › Přihlášení uživatele TESTING_AUTOMAT pomocí AI @e2e, @login, @test2" classname="Smoke\login_E2E.spec.ts" time="147.019">
      <system-out><![CDATA[2025[0m[0m-11[0m[0m-24[0m[0m 08[0m[0m:35[0m[0m:41[0m[0m.433[0m[0m [34m[1mINFO[22m[39m[0m[0m [[37m\tests\Smoke\login_E2E.spec.ts:13[39m[0m[0m][CBOS Test] Otevírám aplikaci: http://192.168.130.239:8180/login
2025[0m[0m-11[0m[0m-24[0m[0m 08[0m[0m:37[0m[0m:55[0m[0m.225[0m[0m [32m[1mDEBUG[22m[39m[0m[0m [[37m\tests\Smoke\login_E2E.spec.ts:19[39m[0m[0m][CBOS Test] Čekám na stav "networkidle" (načtení skriptů)...
2025[0m[0m-11[0m[0m-24[0m[0m 08[0m[0m:37[0m[0m:56[0m[0m.673[0m[0m [32m[1mDEBUG[22m[39m[0m[0m [[37m\tests\Smoke\login_E2E.spec.ts:22[39m[0m[0m][CBOS Test] Stránka je stabilní (networkidle).
2025[0m[0m-11[0m[0m-24[0m[0m 08[0m[0m:37[0m[0m:56[0m[0m.678[0m[0m [32m[1mDEBUG[22m[39m[0m[0m [[37m\support\fixtures\ai-test.ts:20[39m[0m[0m][AiFixture] Inicializuji SmartFinder pro test: Smoke_login_E2E_spec_ts_CBOS___Smoke_Login_Test_P_ihl__en__u_ivatele_TESTING_AUTOMAT_pomoc__AI__e2e___login___test2
2025[0m[0m-11[0m[0m-24[0m[0m 08[0m[0m:37[0m[0m:56[0m[0m.682[0m[0m [32m[1mDEBUG[22m[39m[0m[0m [[37m\ai-core\llm-service.ts:16[39m[0m[0m][GeminiService] Inicializuji model "gemini-flash-latest.
2025[0m[0m-11[0m[0m-24[0m[0m 08[0m[0m:37[0m[0m:56[0m[0m.688[0m[0m [32m[1mDEBUG[22m[39m[0m[0m [[37m\ai-core\locator-store.ts:24[39m[0m[0m][LocatorStore] Inicializace pro soubor: Smoke_login_E2E_spec_ts_CBOS___Smoke_Login_Test_P_ihl__en__u_ivatele_TESTING_AUTOMAT_pomoc__AI__e2e___login___test2.locators.json
2025[0m[0m-11[0m[0m-24[0m[0m 08[0m[0m:37[0m[0m:56[0m[0m.695[0m[0m [32m[1mDEBUG[22m[39m[0m[0m [[37m\ai-core\locator-store.ts:40[39m[0m[0m][LocatorStore] Načteno 5 záznamů.
2025[0m[0m-11[0m[0m-24[0m[0m 08[0m[0m:37[0m[0m:56[0m[0m.702[0m[0m [34m[1mINFO[22m[39m[0m[0m [[37m\tests\Smoke\login_E2E.spec.ts:29[39m[0m[0m]--- START SCÉNÁŘE: PŘIHLÁŠENÍ ---
2025[0m[0m-11[0m[0m-24[0m[0m 08[0m[0m:37[0m[0m:56[0m[0m.705[0m[0m [32m[1mDEBUG[22m[39m[0m[0m [[37m\tests\Smoke\login_E2E.spec.ts:33[39m[0m[0m][KROK 1] Volám AI pro nalezení inputu uživatele...
2025[0m[0m-11[0m[0m-24[0m[0m 08[0m[0m:37[0m[0m:56[0m[0m.711[0m[0m [97m[1mTRACE[22m[39m[0m[0m [[37m\support\fixtures\ai-test.ts:31[39m[0m[0m][AiFixture] Volání ai('cbos-login-username')
2025[0m[0m-11[0m[0m-24[0m[0m 08[0m[0m:37[0m[0m:56[0m[0m.716[0m[0m [32m[1mDEBUG[22m[39m[0m[0m [[37m\ai-core\smart-finder.ts:24[39m[0m[0m][SmartFinder] Start hledání pro klíč: "cbos-login-username"
2025[0m[0m-11[0m[0m-24[0m[0m 08[0m[0m:37[0m[0m:56[0m[0m.719[0m[0m [97m[1mTRACE[22m[39m[0m[0m [[37m\ai-core\smart-finder.ts:27[39m[0m[0m][SmartFinder] Hledám element podle popisu: "Input pole (textové pole) pro zadání uživatelského jména nebo loginu."
2025[0m[0m-11[0m[0m-24[0m[0m 08[0m[0m:37[0m[0m:56[0m[0m.722[0m[0m [97m[1mTRACE[22m[39m[0m[0m [[37m\ai-core\smart-finder.ts:31[39m[0m[0m][SmartFinder] V paměti nalezen selektor: ".box .field:nth-child(1) input"
2025[0m[0m-11[0m[0m-24[0m[0m 08[0m[0m:37[0m[0m:56[0m[0m.793[0m[0m [34m[1mINFO[22m[39m[0m[0m [[37m\ai-core\smart-finder.ts:38[39m[0m[0m][SmartFinder] Cache Hit: Selektor ".box .field:nth-child(1) input" je stále platný.
2025[0m[0m-11[0m[0m-24[0m[0m 08[0m[0m:37[0m[0m:56[0m[0m.795[0m[0m [97m[1mTRACE[22m[39m[0m[0m [[37m\tests\Smoke\login_E2E.spec.ts:37[39m[0m[0m][KROK 1] Ověřuji viditelnost pole pro jméno.
2025[0m[0m-11[0m[0m-24[0m[0m 08[0m[0m:37[0m[0m:56[0m[0m.830[0m[0m [34m[1mINFO[22m[39m[0m[0m [[37m\tests\Smoke\login_E2E.spec.ts:41[39m[0m[0m][KROK 1] Vyplňuji uživatele: TESTING_AUTOMAT
2025[0m[0m-11[0m[0m-24[0m[0m 08[0m[0m:37[0m[0m:56[0m[0m.870[0m[0m [32m[1mDEBUG[22m[39m[0m[0m [[37m\tests\Smoke\login_E2E.spec.ts:47[39m[0m[0m][KROK 2] Volám AI pro nalezení inputu hesla...
2025[0m[0m-11[0m[0m-24[0m[0m 08[0m[0m:37[0m[0m:56[0m[0m.872[0m[0m [97m[1mTRACE[22m[39m[0m[0m [[37m\support\fixtures\ai-test.ts:31[39m[0m[0m][AiFixture] Volání ai('cbos-login-password')
2025[0m[0m-11[0m[0m-24[0m[0m 08[0m[0m:37[0m[0m:56[0m[0m.875[0m[0m [32m[1mDEBUG[22m[39m[0m[0m [[37m\ai-core\smart-finder.ts:24[39m[0m[0m][SmartFinder] Start hledání pro klíč: "cbos-login-password"
2025[0m[0m-11[0m[0m-24[0m[0m 08[0m[0m:37[0m[0m:56[0m[0m.877[0m[0m [97m[1mTRACE[22m[39m[0m[0m [[37m\ai-core\smart-finder.ts:27[39m[0m[0m][SmartFinder] Hledám element podle popisu: "Input pole pro zadání hesla (typ elementu je password)."
2025[0m[0m-11[0m[0m-24[0m[0m 08[0m[0m:37[0m[0m:56[0m[0m.879[0m[0m [97m[1mTRACE[22m[39m[0m[0m [[37m\ai-core\smart-finder.ts:31[39m[0m[0m][SmartFinder] V paměti nalezen selektor: "input[type="password"]"
2025[0m[0m-11[0m[0m-24[0m[0m 08[0m[0m:37[0m[0m:56[0m[0m.905[0m[0m [34m[1mINFO[22m[39m[0m[0m [[37m\ai-core\smart-finder.ts:38[39m[0m[0m][SmartFinder] Cache Hit: Selektor "input[type="password"]" je stále platný.
2025[0m[0m-11[0m[0m-24[0m[0m 08[0m[0m:37[0m[0m:56[0m[0m.906[0m[0m [97m[1mTRACE[22m[39m[0m[0m [[37m\tests\Smoke\login_E2E.spec.ts:51[39m[0m[0m][KROK 2] Ověřuji viditelnost pole pro heslo.
2025[0m[0m-11[0m[0m-24[0m[0m 08[0m[0m:37[0m[0m:56[0m[0m.923[0m[0m [34m[1mINFO[22m[39m[0m[0m [[37m\tests\Smoke\login_E2E.spec.ts:55[39m[0m[0m][KROK 2] Vyplňuji heslo (hodnota skryta).
2025[0m[0m-11[0m[0m-24[0m[0m 08[0m[0m:37[0m[0m:56[0m[0m.954[0m[0m [32m[1mDEBUG[22m[39m[0m[0m [[37m\tests\Smoke\login_E2E.spec.ts:61[39m[0m[0m][KROK 3] Volám AI pro nalezení tlačítka Přihlásit...
2025[0m[0m-11[0m[0m-24[0m[0m 08[0m[0m:37[0m[0m:56[0m[0m.957[0m[0m [97m[1mTRACE[22m[39m[0m[0m [[37m\support\fixtures\ai-test.ts:31[39m[0m[0m][AiFixture] Volání ai('cbos-login-submit-btn')
2025[0m[0m-11[0m[0m-24[0m[0m 08[0m[0m:37[0m[0m:56[0m[0m.961[0m[0m [32m[1mDEBUG[22m[39m[0m[0m [[37m\ai-core\smart-finder.ts:24[39m[0m[0m][SmartFinder] Start hledání pro klíč: "cbos-login-submit-btn"
2025[0m[0m-11[0m[0m-24[0m[0m 08[0m[0m:37[0m[0m:56[0m[0m.964[0m[0m [97m[1mTRACE[22m[39m[0m[0m [[37m\ai-core\smart-finder.ts:27[39m[0m[0m][SmartFinder] Hledám element podle popisu: "Tlačítko pro odeslání přihlašovacího formuláře (Login, Přihlásit se, Vstoupit)."
2025[0m[0m-11[0m[0m-24[0m[0m 08[0m[0m:37[0m[0m:56[0m[0m.966[0m[0m [97m[1mTRACE[22m[39m[0m[0m [[37m\ai-core\smart-finder.ts:31[39m[0m[0m][SmartFinder] V paměti nalezen selektor: "button[type="submit"]"
2025[0m[0m-11[0m[0m-24[0m[0m 08[0m[0m:37[0m[0m:56[0m[0m.987[0m[0m [34m[1mINFO[22m[39m[0m[0m [[37m\ai-core\smart-finder.ts:38[39m[0m[0m][SmartFinder] Cache Hit: Selektor "button[type="submit"]" je stále platný.
2025[0m[0m-11[0m[0m-24[0m[0m 08[0m[0m:37[0m[0m:56[0m[0m.989[0m[0m [97m[1mTRACE[22m[39m[0m[0m [[37m\tests\Smoke\login_E2E.spec.ts:65[39m[0m[0m][KROK 3] Ověřuji viditelnost tlačítka.
2025[0m[0m-11[0m[0m-24[0m[0m 08[0m[0m:37[0m[0m:57[0m[0m.011[0m[0m [34m[1mINFO[22m[39m[0m[0m [[37m\tests\Smoke\login_E2E.spec.ts:69[39m[0m[0m][KROK 3] Klikám na tlačítko přihlásit.
2025[0m[0m-11[0m[0m-24[0m[0m 08[0m[0m:37[0m[0m:57[0m[0m.080[0m[0m [34m[1mINFO[22m[39m[0m[0m [[37m\tests\Smoke\login_E2E.spec.ts:74[39m[0m[0m][KROK 4] Čekám na reakci systému po odeslání...
2025[0m[0m-11[0m[0m-24[0m[0m 08[0m[0m:37[0m[0m:59[0m[0m.089[0m[0m [34m[1mINFO[22m[39m[0m[0m [[37m\tests\Smoke\login_E2E.spec.ts:80[39m[0m[0m]--- START BLOKU: DETEKCE VÝBĚRU SÍTĚ ---
2025[0m[0m-11[0m[0m-24[0m[0m 08[0m[0m:37[0m[0m:59[0m[0m.091[0m[0m [32m[1mDEBUG[22m[39m[0m[0m [[37m\tests\Smoke\login_E2E.spec.ts:81[39m[0m[0m][KROK 5] Spouštím logiku pro případný mezikrok s výběrem sítě.
2025[0m[0m-11[0m[0m-24[0m[0m 08[0m[0m:37[0m[0m:59[0m[0m.093[0m[0m [34m[1mINFO[22m[39m[0m[0m [[37m\tests\Smoke\login_E2E.spec.ts:84[39m[0m[0m]--- START BLOKU: DETEKCE VÝBĚRU SÍTĚ ---
2025[0m[0m-11[0m[0m-24[0m[0m 08[0m[0m:37[0m[0m:59[0m[0m.095[0m[0m [97m[1mTRACE[22m[39m[0m[0m [[37m\support\fixtures\ai-test.ts:31[39m[0m[0m][AiFixture] Volání ai('network-confirm-btn')
2025[0m[0m-11[0m[0m-24[0m[0m 08[0m[0m:37[0m[0m:59[0m[0m.096[0m[0m [32m[1mDEBUG[22m[39m[0m[0m [[37m\ai-core\smart-finder.ts:24[39m[0m[0m][SmartFinder] Start hledání pro klíč: "network-confirm-btn"
2025[0m[0m-11[0m[0m-24[0m[0m 08[0m[0m:37[0m[0m:59[0m[0m.098[0m[0m [97m[1mTRACE[22m[39m[0m[0m [[37m\ai-core\smart-finder.ts:27[39m[0m[0m][SmartFinder] Hledám element podle popisu: "Tlačítko pro potvrzení výběru sítě (Potvrdit, Pokračovat, Vstoupit)."
2025[0m[0m-11[0m[0m-24[0m[0m 08[0m[0m:37[0m[0m:59[0m[0m.100[0m[0m [97m[1mTRACE[22m[39m[0m[0m [[37m\ai-core\smart-finder.ts:31[39m[0m[0m][SmartFinder] V paměti nalezen selektor: ".box button[type="submit"]"
2025[0m[0m-11[0m[0m-24[0m[0m 08[0m[0m:37[0m[0m:59[0m[0m.121[0m[0m [34m[1mINFO[22m[39m[0m[0m [[37m\ai-core\smart-finder.ts:38[39m[0m[0m][SmartFinder] Cache Hit: Selektor ".box button[type="submit"]" je stále platný.
2025[0m[0m-11[0m[0m-24[0m[0m 08[0m[0m:37[0m[0m:59[0m[0m.134[0m[0m [34m[1mINFO[22m[39m[0m[0m [[37m\tests\Smoke\login_E2E.spec.ts:92[39m[0m[0m][CBOS Test] DETEKOVÁN MEZIKROK: Výběr sítě.
2025[0m[0m-11[0m[0m-24[0m[0m 08[0m[0m:37[0m[0m:59[0m[0m.136[0m[0m [97m[1mTRACE[22m[39m[0m[0m [[37m\support\fixtures\ai-test.ts:31[39m[0m[0m][AiFixture] Volání ai('network-combobox')
2025[0m[0m-11[0m[0m-24[0m[0m 08[0m[0m:37[0m[0m:59[0m[0m.139[0m[0m [32m[1mDEBUG[22m[39m[0m[0m [[37m\ai-core\smart-finder.ts:24[39m[0m[0m][SmartFinder] Start hledání pro klíč: "network-combobox"
2025[0m[0m-11[0m[0m-24[0m[0m 08[0m[0m:37[0m[0m:59[0m[0m.141[0m[0m [97m[1mTRACE[22m[39m[0m[0m [[37m\ai-core\smart-finder.ts:27[39m[0m[0m][SmartFinder] Hledám element podle popisu: "Combobox (select element) pro výběr vlastníka sítě/účtu."
2025[0m[0m-11[0m[0m-24[0m[0m 08[0m[0m:37[0m[0m:59[0m[0m.144[0m[0m [97m[1mTRACE[22m[39m[0m[0m [[37m\ai-core\smart-finder.ts:31[39m[0m[0m][SmartFinder] V paměti nalezen selektor: "#account"
2025[0m[0m-11[0m[0m-24[0m[0m 08[0m[0m:37[0m[0m:59[0m[0m.171[0m[0m [34m[1mINFO[22m[39m[0m[0m [[37m\ai-core\smart-finder.ts:38[39m[0m[0m][SmartFinder] Cache Hit: Selektor "#account" je stále platný.
2025[0m[0m-11[0m[0m-24[0m[0m 08[0m[0m:37[0m[0m:59[0m[0m.184[0m[0m [34m[1mINFO[22m[39m[0m[0m [[37m\tests\Smoke\login_E2E.spec.ts:98[39m[0m[0m][CBOS Test] Vybírám síť ID: 60193531
2025[0m[0m-11[0m[0m-24[0m[0m 08[0m[0m:37[0m[0m:59[0m[0m.276[0m[0m [32m[1mDEBUG[22m[39m[0m[0m [[37m\tests\Smoke\login_E2E.spec.ts:112[39m[0m[0m][CBOS Test] Čekám na načtení dashboardu...
]]></system-out>
    </testcase>
  </testsuite>
</testsuites>