<testsuites id="" name="" tests="11" failures="0" skipped="0" errors="0" time="13.059217">
  <testsuite name="Regrese\Sestavy\Uzivatelske_Sestavy_Life_Cycle_api.spec.ts" timestamp="2025-11-19T14:20:36.957Z" hostname="API" tests="11" failures="0" skipped="0" time="11.919" errors="0">
    <testcase name="TC_Sestavy_017: Přehled prodejů - Všechna seskupení  @regression @report @api @high @grouping" classname="Regrese\Sestavy\Uzivatelske_Sestavy_Life_Cycle_api.spec.ts" time="1.1">
      <system-out><![CDATA[2025[0m[0m-11[0m[0m-19[0m[0m 14[0m[0m:20[0m[0m:38[0m[0m.578[0m[0m [32m[1mDEBUG[22m[39m[0m[0m [[37m\support\fixtures\auth.fixture.ts:45[39m[0m[0m]FIXTURE 'authToken': Kontroluji, zda je odpověď OK (status 2xx)...
2025[0m[0m-11[0m[0m-19[0m[0m 14[0m[0m:20[0m[0m:38[0m[0m.587[0m[0m [32m[1mDEBUG[22m[39m[0m[0m [[37m\tests\Regrese\Sestavy\Uzivatelske_Sestavy_Life_Cycle_api.spec.ts:80[39m[0m[0m]Generuji unikátní název sestavy pro testovací případ 'TC_Sestavy_017': Přehled prodejů - Všechna seskupení - 1763562038587
2025[0m[0m-11[0m[0m-19[0m[0m 14[0m[0m:20[0m[0m:38[0m[0m.589[0m[0m [34m[1mINFO[22m[39m[0m[0m [[37m\tests\Regrese\Sestavy\Uzivatelske_Sestavy_Life_Cycle_api.spec.ts:86[39m[0m[0m]Spouštím test životního cyklu sestavy: Přehled prodejů - Všechna seskupení - 1763562038587 (Definice: D001)
2025[0m[0m-11[0m[0m-19[0m[0m 14[0m[0m:20[0m[0m:38[0m[0m.592[0m[0m [34m[1mINFO[22m[39m[0m[0m [[37m\tests\Regrese\Sestavy\Uzivatelske_Sestavy_Life_Cycle_api.spec.ts:92[39m[0m[0m]Krok 1: Vytváření nové sestavy: Přehled prodejů - Všechna seskupení - 1763562038587
2025[0m[0m-11[0m[0m-19[0m[0m 14[0m[0m:20[0m[0m:38[0m[0m.593[0m[0m [32m[1mDEBUG[22m[39m[0m[0m [[37m\tests\Regrese\Sestavy\Uzivatelske_Sestavy_Life_Cycle_api.spec.ts:105[39m[0m[0m]Payload pro /reports-api/usersReports/60193531: {
  "name": "Přehled prodejů - Všechna seskupení - 1763562038587",
  "public": false,
  "reportDefinitionId": "D001",
  "settings": {
    "availableFilters": [
      "stockId",
      "stkitmType",
      "groupId",
      "goodsOwnerId",
      "paidBy",
      "cardOwnerId",
      "cardIssuerId"
    ],
    "dateModelType": "range",
    "dateFrom": "2025-10-31T23:00:00.000Z",
    "dateTo": null,
    "stockId": [],
    "stkitmType": [],
    "groupId": [],
    "goodsOwnerId": [],
    "paidBy": [],
    "cardOwnerId": [],
    "cardIssuerId": [],
    "grouping": [
      "date",
      "monthLabel",
      "stockLabel",
      "stkitmTypeLabel",
      "groupLabel",
      "plu",
      "recText",
      "paidByLabel",
      "vatValue",
      "cardIssuerLabel",
      "localCardOwnerLabel"
    ],
    "sort": "",
    "exportParameters": {
      "tabsParam": "",
      "exportIntoTabs": false,
      "exportFileName": false,
      "exportDateTime": true,
      "summaries": false
    }
  }
}
2025[0m[0m-11[0m[0m-19[0m[0m 14[0m[0m:20[0m[0m:38[0m[0m.760[0m[0m [34m[1mINFO[22m[39m[0m[0m [[37m\api\BaseApiClient.ts:94[39m[0m[0m][df2522ed] <--- 200 POST http://192.168.130.239:8180/reports-api/usersReports/60193531 (165.00 ms)
2025[0m[0m-11[0m[0m-19[0m[0m 14[0m[0m:20[0m[0m:38[0m[0m.763[0m[0m [34m[1mINFO[22m[39m[0m[0m [[37m\tests\Regrese\Sestavy\Uzivatelske_Sestavy_Life_Cycle_api.spec.ts:112[39m[0m[0m]Krok 1: Sestava úspěšně vytvořena (Status 201 OK).
2025[0m[0m-11[0m[0m-19[0m[0m 14[0m[0m:20[0m[0m:38[0m[0m.764[0m[0m [34m[1mINFO[22m[39m[0m[0m [[37m\tests\Regrese\Sestavy\Uzivatelske_Sestavy_Life_Cycle_api.spec.ts:124[39m[0m[0m]Krok 2: Ověření vytvoření sestavy a čtení dat.
2025[0m[0m-11[0m[0m-19[0m[0m 14[0m[0m:20[0m[0m:38[0m[0m.765[0m[0m [32m[1mDEBUG[22m[39m[0m[0m [[37m\tests\Regrese\Sestavy\Uzivatelske_Sestavy_Life_Cycle_api.spec.ts:135[39m[0m[0m]Parametry pro /reports-api/listOfUsersReports/60193531: {"offset":0,"limit":1,"sort":"-updated"}
2025[0m[0m-11[0m[0m-19[0m[0m 14[0m[0m:20[0m[0m:38[0m[0m.859[0m[0m [34m[1mINFO[22m[39m[0m[0m [[37m\api\BaseApiClient.ts:94[39m[0m[0m][5299b7e0] <--- 200 GET http://192.168.130.239:8180/reports-api/listOfUsersReports/60193531 (92.46 ms)
2025[0m[0m-11[0m[0m-19[0m[0m 14[0m[0m:20[0m[0m:38[0m[0m.868[0m[0m [34m[1mINFO[22m[39m[0m[0m [[37m\tests\Regrese\Sestavy\Uzivatelske_Sestavy_Life_Cycle_api.spec.ts:157[39m[0m[0m]Krok 2: Sestava 'Přehled prodejů - Všechna seskupení - 1763562038587' úspěšně nalezena s ID: 2832.
2025[0m[0m-11[0m[0m-19[0m[0m 14[0m[0m:20[0m[0m:38[0m[0m.869[0m[0m [32m[1mDEBUG[22m[39m[0m[0m [[37m\tests\Regrese\Sestavy\Uzivatelske_Sestavy_Life_Cycle_api.spec.ts:161[39m[0m[0m]Nalezen počet položek (itemsCount): 56
2025[0m[0m-11[0m[0m-19[0m[0m 14[0m[0m:20[0m[0m:38[0m[0m.871[0m[0m [34m[1mINFO[22m[39m[0m[0m [[37m\tests\Regrese\Sestavy\Uzivatelske_Sestavy_Life_Cycle_api.spec.ts:169[39m[0m[0m]Krok 2: Sestava obsahuje 56 položek.
2025[0m[0m-11[0m[0m-19[0m[0m 14[0m[0m:20[0m[0m:38[0m[0m.874[0m[0m [32m[1mDEBUG[22m[39m[0m[0m [[37m\tests\Regrese\Sestavy\Uzivatelske_Sestavy_Life_Cycle_api.spec.ts:173[39m[0m[0m]Sestava 'Přehled prodejů - Všechna seskupení - 1763562038587' má vlastnost public: false. Očekáváno: false
2025[0m[0m-11[0m[0m-19[0m[0m 14[0m[0m:20[0m[0m:38[0m[0m.879[0m[0m [34m[1mINFO[22m[39m[0m[0m [[37m\tests\Regrese\Sestavy\Uzivatelske_Sestavy_Life_Cycle_api.spec.ts:194[39m[0m[0m]Krok 3: Mažu vytvořenou sestavu s ID: 2832
2025[0m[0m-11[0m[0m-19[0m[0m 14[0m[0m:20[0m[0m:38[0m[0m.941[0m[0m [34m[1mINFO[22m[39m[0m[0m [[37m\api\BaseApiClient.ts:94[39m[0m[0m][7f255fb2] <--- 200 DELETE http://192.168.130.239:8180/reports-api/usersReports/2832 (59.93 ms)
2025[0m[0m-11[0m[0m-19[0m[0m 14[0m[0m:20[0m[0m:38[0m[0m.946[0m[0m [34m[1mINFO[22m[39m[0m[0m [[37m\tests\Regrese\Sestavy\Uzivatelske_Sestavy_Life_Cycle_api.spec.ts:201[39m[0m[0m]Krok 3: Sestava s ID 2832 úspěšně smazána.
]]></system-out>
    </testcase>
    <testcase name="TC_Sestavy_018: Přehled prodejů - Seskupení bez localCardOwnerLabel  @regression @report @api @medium @grouping" classname="Regrese\Sestavy\Uzivatelske_Sestavy_Life_Cycle_api.spec.ts" time="1.199">
      <system-out><![CDATA[2025[0m[0m-11[0m[0m-19[0m[0m 14[0m[0m:20[0m[0m:39[0m[0m.753[0m[0m [32m[1mDEBUG[22m[39m[0m[0m [[37m\support\fixtures\auth.fixture.ts:45[39m[0m[0m]FIXTURE 'authToken': Kontroluji, zda je odpověď OK (status 2xx)...
2025[0m[0m-11[0m[0m-19[0m[0m 14[0m[0m:20[0m[0m:39[0m[0m.758[0m[0m [32m[1mDEBUG[22m[39m[0m[0m [[37m\tests\Regrese\Sestavy\Uzivatelske_Sestavy_Life_Cycle_api.spec.ts:80[39m[0m[0m]Generuji unikátní název sestavy pro testovací případ 'TC_Sestavy_018': Přehled prodejů - Seskupení bez localCardOwnerLabel - 1763562039758
2025[0m[0m-11[0m[0m-19[0m[0m 14[0m[0m:20[0m[0m:39[0m[0m.759[0m[0m [34m[1mINFO[22m[39m[0m[0m [[37m\tests\Regrese\Sestavy\Uzivatelske_Sestavy_Life_Cycle_api.spec.ts:86[39m[0m[0m]Spouštím test životního cyklu sestavy: Přehled prodejů - Seskupení bez localCardOwnerLabel - 1763562039758 (Definice: D001)
2025[0m[0m-11[0m[0m-19[0m[0m 14[0m[0m:20[0m[0m:39[0m[0m.762[0m[0m [34m[1mINFO[22m[39m[0m[0m [[37m\tests\Regrese\Sestavy\Uzivatelske_Sestavy_Life_Cycle_api.spec.ts:92[39m[0m[0m]Krok 1: Vytváření nové sestavy: Přehled prodejů - Seskupení bez localCardOwnerLabel - 1763562039758
2025[0m[0m-11[0m[0m-19[0m[0m 14[0m[0m:20[0m[0m:39[0m[0m.763[0m[0m [32m[1mDEBUG[22m[39m[0m[0m [[37m\tests\Regrese\Sestavy\Uzivatelske_Sestavy_Life_Cycle_api.spec.ts:105[39m[0m[0m]Payload pro /reports-api/usersReports/60193531: {
  "name": "Přehled prodejů - Seskupení bez localCardOwnerLabel - 1763562039758",
  "public": false,
  "reportDefinitionId": "D001",
  "settings": {
    "availableFilters": [
      "stockId",
      "stkitmType",
      "groupId",
      "goodsOwnerId",
      "paidBy",
      "cardOwnerId",
      "cardIssuerId"
    ],
    "dateModelType": "range",
    "dateFrom": "2025-10-31T23:00:00.000Z",
    "dateTo": null,
    "stockId": [],
    "stkitmType": [],
    "groupId": [],
    "goodsOwnerId": [],
    "paidBy": [],
    "cardOwnerId": [],
    "cardIssuerId": [],
    "grouping": [
      "date",
      "monthLabel",
      "stockLabel",
      "stkitmTypeLabel",
      "groupLabel",
      "plu",
      "recText",
      "paidByLabel",
      "vatValue",
      "cardIssuerLabel"
    ],
    "sort": "",
    "exportParameters": {
      "tabsParam": "",
      "exportIntoTabs": false,
      "exportFileName": false,
      "exportDateTime": true,
      "summaries": false
    }
  }
}
2025[0m[0m-11[0m[0m-19[0m[0m 14[0m[0m:20[0m[0m:40[0m[0m.003[0m[0m [34m[1mINFO[22m[39m[0m[0m [[37m\api\BaseApiClient.ts:94[39m[0m[0m][b4509fe9] <--- 200 POST http://192.168.130.239:8180/reports-api/usersReports/60193531 (238.55 ms)
2025[0m[0m-11[0m[0m-19[0m[0m 14[0m[0m:20[0m[0m:40[0m[0m.008[0m[0m [34m[1mINFO[22m[39m[0m[0m [[37m\tests\Regrese\Sestavy\Uzivatelske_Sestavy_Life_Cycle_api.spec.ts:112[39m[0m[0m]Krok 1: Sestava úspěšně vytvořena (Status 201 OK).
2025[0m[0m-11[0m[0m-19[0m[0m 14[0m[0m:20[0m[0m:40[0m[0m.009[0m[0m [34m[1mINFO[22m[39m[0m[0m [[37m\tests\Regrese\Sestavy\Uzivatelske_Sestavy_Life_Cycle_api.spec.ts:124[39m[0m[0m]Krok 2: Ověření vytvoření sestavy a čtení dat.
2025[0m[0m-11[0m[0m-19[0m[0m 14[0m[0m:20[0m[0m:40[0m[0m.011[0m[0m [32m[1mDEBUG[22m[39m[0m[0m [[37m\tests\Regrese\Sestavy\Uzivatelske_Sestavy_Life_Cycle_api.spec.ts:135[39m[0m[0m]Parametry pro /reports-api/listOfUsersReports/60193531: {"offset":0,"limit":1,"sort":"-updated"}
2025[0m[0m-11[0m[0m-19[0m[0m 14[0m[0m:20[0m[0m:40[0m[0m.093[0m[0m [34m[1mINFO[22m[39m[0m[0m [[37m\api\BaseApiClient.ts:94[39m[0m[0m][8c0ce363] <--- 200 GET http://192.168.130.239:8180/reports-api/listOfUsersReports/60193531 (78.51 ms)
2025[0m[0m-11[0m[0m-19[0m[0m 14[0m[0m:20[0m[0m:40[0m[0m.097[0m[0m [34m[1mINFO[22m[39m[0m[0m [[37m\tests\Regrese\Sestavy\Uzivatelske_Sestavy_Life_Cycle_api.spec.ts:157[39m[0m[0m]Krok 2: Sestava 'Přehled prodejů - Seskupení bez localCardOwnerLabel - 1763562039758' úspěšně nalezena s ID: 2833.
2025[0m[0m-11[0m[0m-19[0m[0m 14[0m[0m:20[0m[0m:40[0m[0m.098[0m[0m [32m[1mDEBUG[22m[39m[0m[0m [[37m\tests\Regrese\Sestavy\Uzivatelske_Sestavy_Life_Cycle_api.spec.ts:161[39m[0m[0m]Nalezen počet položek (itemsCount): 56
2025[0m[0m-11[0m[0m-19[0m[0m 14[0m[0m:20[0m[0m:40[0m[0m.099[0m[0m [34m[1mINFO[22m[39m[0m[0m [[37m\tests\Regrese\Sestavy\Uzivatelske_Sestavy_Life_Cycle_api.spec.ts:169[39m[0m[0m]Krok 2: Sestava obsahuje 56 položek.
2025[0m[0m-11[0m[0m-19[0m[0m 14[0m[0m:20[0m[0m:40[0m[0m.101[0m[0m [32m[1mDEBUG[22m[39m[0m[0m [[37m\tests\Regrese\Sestavy\Uzivatelske_Sestavy_Life_Cycle_api.spec.ts:173[39m[0m[0m]Sestava 'Přehled prodejů - Seskupení bez localCardOwnerLabel - 1763562039758' má vlastnost public: false. Očekáváno: false
2025[0m[0m-11[0m[0m-19[0m[0m 14[0m[0m:20[0m[0m:40[0m[0m.108[0m[0m [34m[1mINFO[22m[39m[0m[0m [[37m\tests\Regrese\Sestavy\Uzivatelske_Sestavy_Life_Cycle_api.spec.ts:194[39m[0m[0m]Krok 3: Mažu vytvořenou sestavu s ID: 2833
2025[0m[0m-11[0m[0m-19[0m[0m 14[0m[0m:20[0m[0m:40[0m[0m.166[0m[0m [34m[1mINFO[22m[39m[0m[0m [[37m\api\BaseApiClient.ts:94[39m[0m[0m][372efc2f] <--- 200 DELETE http://192.168.130.239:8180/reports-api/usersReports/2833 (56.96 ms)
2025[0m[0m-11[0m[0m-19[0m[0m 14[0m[0m:20[0m[0m:40[0m[0m.171[0m[0m [34m[1mINFO[22m[39m[0m[0m [[37m\tests\Regrese\Sestavy\Uzivatelske_Sestavy_Life_Cycle_api.spec.ts:201[39m[0m[0m]Krok 3: Sestava s ID 2833 úspěšně smazána.
]]></system-out>
    </testcase>
    <testcase name="TC_Sestavy_019: Přehled prodejů - Seskupení bez cardIssuerLabel  @regression @report @api @medium @grouping" classname="Regrese\Sestavy\Uzivatelske_Sestavy_Life_Cycle_api.spec.ts" time="1.209">
      <system-out><![CDATA[2025[0m[0m-11[0m[0m-19[0m[0m 14[0m[0m:20[0m[0m:40[0m[0m.904[0m[0m [32m[1mDEBUG[22m[39m[0m[0m [[37m\support\fixtures\auth.fixture.ts:45[39m[0m[0m]FIXTURE 'authToken': Kontroluji, zda je odpověď OK (status 2xx)...
2025[0m[0m-11[0m[0m-19[0m[0m 14[0m[0m:20[0m[0m:40[0m[0m.908[0m[0m [32m[1mDEBUG[22m[39m[0m[0m [[37m\tests\Regrese\Sestavy\Uzivatelske_Sestavy_Life_Cycle_api.spec.ts:80[39m[0m[0m]Generuji unikátní název sestavy pro testovací případ 'TC_Sestavy_019': Přehled prodejů - Seskupení bez cardIssuerLabel - 1763562040908
2025[0m[0m-11[0m[0m-19[0m[0m 14[0m[0m:20[0m[0m:40[0m[0m.909[0m[0m [34m[1mINFO[22m[39m[0m[0m [[37m\tests\Regrese\Sestavy\Uzivatelske_Sestavy_Life_Cycle_api.spec.ts:86[39m[0m[0m]Spouštím test životního cyklu sestavy: Přehled prodejů - Seskupení bez cardIssuerLabel - 1763562040908 (Definice: D001)
2025[0m[0m-11[0m[0m-19[0m[0m 14[0m[0m:20[0m[0m:40[0m[0m.910[0m[0m [34m[1mINFO[22m[39m[0m[0m [[37m\tests\Regrese\Sestavy\Uzivatelske_Sestavy_Life_Cycle_api.spec.ts:92[39m[0m[0m]Krok 1: Vytváření nové sestavy: Přehled prodejů - Seskupení bez cardIssuerLabel - 1763562040908
2025[0m[0m-11[0m[0m-19[0m[0m 14[0m[0m:20[0m[0m:40[0m[0m.911[0m[0m [32m[1mDEBUG[22m[39m[0m[0m [[37m\tests\Regrese\Sestavy\Uzivatelske_Sestavy_Life_Cycle_api.spec.ts:105[39m[0m[0m]Payload pro /reports-api/usersReports/60193531: {
  "name": "Přehled prodejů - Seskupení bez cardIssuerLabel - 1763562040908",
  "public": false,
  "reportDefinitionId": "D001",
  "settings": {
    "availableFilters": [
      "stockId",
      "stkitmType",
      "groupId",
      "goodsOwnerId",
      "paidBy",
      "cardOwnerId",
      "cardIssuerId"
    ],
    "dateModelType": "range",
    "dateFrom": "2025-10-31T23:00:00.000Z",
    "dateTo": null,
    "stockId": [],
    "stkitmType": [],
    "groupId": [],
    "goodsOwnerId": [],
    "paidBy": [],
    "cardOwnerId": [],
    "cardIssuerId": [],
    "grouping": [
      "date",
      "monthLabel",
      "stockLabel",
      "stkitmTypeLabel",
      "groupLabel",
      "plu",
      "recText",
      "paidByLabel",
      "vatValue"
    ],
    "sort": "",
    "exportParameters": {
      "tabsParam": "",
      "exportIntoTabs": false,
      "exportFileName": false,
      "exportDateTime": true,
      "summaries": false
    }
  }
}
2025[0m[0m-11[0m[0m-19[0m[0m 14[0m[0m:20[0m[0m:41[0m[0m.193[0m[0m [34m[1mINFO[22m[39m[0m[0m [[37m\api\BaseApiClient.ts:94[39m[0m[0m][be870030] <--- 200 POST http://192.168.130.239:8180/reports-api/usersReports/60193531 (280.98 ms)
2025[0m[0m-11[0m[0m-19[0m[0m 14[0m[0m:20[0m[0m:41[0m[0m.197[0m[0m [34m[1mINFO[22m[39m[0m[0m [[37m\tests\Regrese\Sestavy\Uzivatelske_Sestavy_Life_Cycle_api.spec.ts:112[39m[0m[0m]Krok 1: Sestava úspěšně vytvořena (Status 201 OK).
2025[0m[0m-11[0m[0m-19[0m[0m 14[0m[0m:20[0m[0m:41[0m[0m.198[0m[0m [34m[1mINFO[22m[39m[0m[0m [[37m\tests\Regrese\Sestavy\Uzivatelske_Sestavy_Life_Cycle_api.spec.ts:124[39m[0m[0m]Krok 2: Ověření vytvoření sestavy a čtení dat.
2025[0m[0m-11[0m[0m-19[0m[0m 14[0m[0m:20[0m[0m:41[0m[0m.200[0m[0m [32m[1mDEBUG[22m[39m[0m[0m [[37m\tests\Regrese\Sestavy\Uzivatelske_Sestavy_Life_Cycle_api.spec.ts:135[39m[0m[0m]Parametry pro /reports-api/listOfUsersReports/60193531: {"offset":0,"limit":1,"sort":"-updated"}
2025[0m[0m-11[0m[0m-19[0m[0m 14[0m[0m:20[0m[0m:41[0m[0m.288[0m[0m [34m[1mINFO[22m[39m[0m[0m [[37m\api\BaseApiClient.ts:94[39m[0m[0m][63f7cd4a] <--- 200 GET http://192.168.130.239:8180/reports-api/listOfUsersReports/60193531 (86.90 ms)
2025[0m[0m-11[0m[0m-19[0m[0m 14[0m[0m:20[0m[0m:41[0m[0m.306[0m[0m [34m[1mINFO[22m[39m[0m[0m [[37m\tests\Regrese\Sestavy\Uzivatelske_Sestavy_Life_Cycle_api.spec.ts:157[39m[0m[0m]Krok 2: Sestava 'Přehled prodejů - Seskupení bez cardIssuerLabel - 1763562040908' úspěšně nalezena s ID: 2834.
2025[0m[0m-11[0m[0m-19[0m[0m 14[0m[0m:20[0m[0m:41[0m[0m.308[0m[0m [32m[1mDEBUG[22m[39m[0m[0m [[37m\tests\Regrese\Sestavy\Uzivatelske_Sestavy_Life_Cycle_api.spec.ts:161[39m[0m[0m]Nalezen počet položek (itemsCount): 132
2025[0m[0m-11[0m[0m-19[0m[0m 14[0m[0m:20[0m[0m:41[0m[0m.310[0m[0m [34m[1mINFO[22m[39m[0m[0m [[37m\tests\Regrese\Sestavy\Uzivatelske_Sestavy_Life_Cycle_api.spec.ts:169[39m[0m[0m]Krok 2: Sestava obsahuje 132 položek.
2025[0m[0m-11[0m[0m-19[0m[0m 14[0m[0m:20[0m[0m:41[0m[0m.313[0m[0m [32m[1mDEBUG[22m[39m[0m[0m [[37m\tests\Regrese\Sestavy\Uzivatelske_Sestavy_Life_Cycle_api.spec.ts:173[39m[0m[0m]Sestava 'Přehled prodejů - Seskupení bez cardIssuerLabel - 1763562040908' má vlastnost public: false. Očekáváno: false
2025[0m[0m-11[0m[0m-19[0m[0m 14[0m[0m:20[0m[0m:41[0m[0m.319[0m[0m [34m[1mINFO[22m[39m[0m[0m [[37m\tests\Regrese\Sestavy\Uzivatelske_Sestavy_Life_Cycle_api.spec.ts:194[39m[0m[0m]Krok 3: Mažu vytvořenou sestavu s ID: 2834
2025[0m[0m-11[0m[0m-19[0m[0m 14[0m[0m:20[0m[0m:41[0m[0m.380[0m[0m [34m[1mINFO[22m[39m[0m[0m [[37m\api\BaseApiClient.ts:94[39m[0m[0m][b8058d3e] <--- 200 DELETE http://192.168.130.239:8180/reports-api/usersReports/2834 (57.40 ms)
2025[0m[0m-11[0m[0m-19[0m[0m 14[0m[0m:20[0m[0m:41[0m[0m.383[0m[0m [34m[1mINFO[22m[39m[0m[0m [[37m\tests\Regrese\Sestavy\Uzivatelske_Sestavy_Life_Cycle_api.spec.ts:201[39m[0m[0m]Krok 3: Sestava s ID 2834 úspěšně smazána.
]]></system-out>
    </testcase>
    <testcase name="TC_Sestavy_020: Přehled prodejů - Seskupení bez vatValue  @regression @report @api @medium @grouping" classname="Regrese\Sestavy\Uzivatelske_Sestavy_Life_Cycle_api.spec.ts" time="0.921">
      <system-out><![CDATA[2025[0m[0m-11[0m[0m-19[0m[0m 14[0m[0m:20[0m[0m:42[0m[0m.093[0m[0m [32m[1mDEBUG[22m[39m[0m[0m [[37m\support\fixtures\auth.fixture.ts:45[39m[0m[0m]FIXTURE 'authToken': Kontroluji, zda je odpověď OK (status 2xx)...
2025[0m[0m-11[0m[0m-19[0m[0m 14[0m[0m:20[0m[0m:42[0m[0m.097[0m[0m [32m[1mDEBUG[22m[39m[0m[0m [[37m\tests\Regrese\Sestavy\Uzivatelske_Sestavy_Life_Cycle_api.spec.ts:80[39m[0m[0m]Generuji unikátní název sestavy pro testovací případ 'TC_Sestavy_020': Přehled prodejů - Seskupení bez vatValue - 1763562042097
2025[0m[0m-11[0m[0m-19[0m[0m 14[0m[0m:20[0m[0m:42[0m[0m.098[0m[0m [34m[1mINFO[22m[39m[0m[0m [[37m\tests\Regrese\Sestavy\Uzivatelske_Sestavy_Life_Cycle_api.spec.ts:86[39m[0m[0m]Spouštím test životního cyklu sestavy: Přehled prodejů - Seskupení bez vatValue - 1763562042097 (Definice: D001)
2025[0m[0m-11[0m[0m-19[0m[0m 14[0m[0m:20[0m[0m:42[0m[0m.100[0m[0m [34m[1mINFO[22m[39m[0m[0m [[37m\tests\Regrese\Sestavy\Uzivatelske_Sestavy_Life_Cycle_api.spec.ts:92[39m[0m[0m]Krok 1: Vytváření nové sestavy: Přehled prodejů - Seskupení bez vatValue - 1763562042097
2025[0m[0m-11[0m[0m-19[0m[0m 14[0m[0m:20[0m[0m:42[0m[0m.102[0m[0m [32m[1mDEBUG[22m[39m[0m[0m [[37m\tests\Regrese\Sestavy\Uzivatelske_Sestavy_Life_Cycle_api.spec.ts:105[39m[0m[0m]Payload pro /reports-api/usersReports/60193531: {
  "name": "Přehled prodejů - Seskupení bez vatValue - 1763562042097",
  "public": false,
  "reportDefinitionId": "D001",
  "settings": {
    "availableFilters": [
      "stockId",
      "stkitmType",
      "groupId",
      "goodsOwnerId",
      "paidBy",
      "cardOwnerId",
      "cardIssuerId"
    ],
    "dateModelType": "range",
    "dateFrom": "2025-10-31T23:00:00.000Z",
    "dateTo": null,
    "stockId": [],
    "stkitmType": [],
    "groupId": [],
    "goodsOwnerId": [],
    "paidBy": [],
    "cardOwnerId": [],
    "cardIssuerId": [],
    "grouping": [
      "date",
      "monthLabel",
      "stockLabel",
      "stkitmTypeLabel",
      "groupLabel",
      "plu",
      "recText",
      "paidByLabel"
    ],
    "sort": "",
    "exportParameters": {
      "tabsParam": "",
      "exportIntoTabs": false,
      "exportFileName": false,
      "exportDateTime": true,
      "summaries": false
    }
  }
}
2025[0m[0m-11[0m[0m-19[0m[0m 14[0m[0m:20[0m[0m:42[0m[0m.204[0m[0m [34m[1mINFO[22m[39m[0m[0m [[37m\api\BaseApiClient.ts:94[39m[0m[0m][c41e3d69] <--- 200 POST http://192.168.130.239:8180/reports-api/usersReports/60193531 (99.74 ms)
2025[0m[0m-11[0m[0m-19[0m[0m 14[0m[0m:20[0m[0m:42[0m[0m.207[0m[0m [34m[1mINFO[22m[39m[0m[0m [[37m\tests\Regrese\Sestavy\Uzivatelske_Sestavy_Life_Cycle_api.spec.ts:112[39m[0m[0m]Krok 1: Sestava úspěšně vytvořena (Status 201 OK).
2025[0m[0m-11[0m[0m-19[0m[0m 14[0m[0m:20[0m[0m:42[0m[0m.208[0m[0m [34m[1mINFO[22m[39m[0m[0m [[37m\tests\Regrese\Sestavy\Uzivatelske_Sestavy_Life_Cycle_api.spec.ts:124[39m[0m[0m]Krok 2: Ověření vytvoření sestavy a čtení dat.
2025[0m[0m-11[0m[0m-19[0m[0m 14[0m[0m:20[0m[0m:42[0m[0m.210[0m[0m [32m[1mDEBUG[22m[39m[0m[0m [[37m\tests\Regrese\Sestavy\Uzivatelske_Sestavy_Life_Cycle_api.spec.ts:135[39m[0m[0m]Parametry pro /reports-api/listOfUsersReports/60193531: {"offset":0,"limit":1,"sort":"-updated"}
2025[0m[0m-11[0m[0m-19[0m[0m 14[0m[0m:20[0m[0m:42[0m[0m.274[0m[0m [34m[1mINFO[22m[39m[0m[0m [[37m\api\BaseApiClient.ts:94[39m[0m[0m][7f722daa] <--- 200 GET http://192.168.130.239:8180/reports-api/listOfUsersReports/60193531 (63.39 ms)
2025[0m[0m-11[0m[0m-19[0m[0m 14[0m[0m:20[0m[0m:42[0m[0m.278[0m[0m [34m[1mINFO[22m[39m[0m[0m [[37m\tests\Regrese\Sestavy\Uzivatelske_Sestavy_Life_Cycle_api.spec.ts:157[39m[0m[0m]Krok 2: Sestava 'Přehled prodejů - Seskupení bez vatValue - 1763562042097' úspěšně nalezena s ID: 2835.
2025[0m[0m-11[0m[0m-19[0m[0m 14[0m[0m:20[0m[0m:42[0m[0m.278[0m[0m [32m[1mDEBUG[22m[39m[0m[0m [[37m\tests\Regrese\Sestavy\Uzivatelske_Sestavy_Life_Cycle_api.spec.ts:161[39m[0m[0m]Nalezen počet položek (itemsCount): 132
2025[0m[0m-11[0m[0m-19[0m[0m 14[0m[0m:20[0m[0m:42[0m[0m.280[0m[0m [34m[1mINFO[22m[39m[0m[0m [[37m\tests\Regrese\Sestavy\Uzivatelske_Sestavy_Life_Cycle_api.spec.ts:169[39m[0m[0m]Krok 2: Sestava obsahuje 132 položek.
2025[0m[0m-11[0m[0m-19[0m[0m 14[0m[0m:20[0m[0m:42[0m[0m.281[0m[0m [32m[1mDEBUG[22m[39m[0m[0m [[37m\tests\Regrese\Sestavy\Uzivatelske_Sestavy_Life_Cycle_api.spec.ts:173[39m[0m[0m]Sestava 'Přehled prodejů - Seskupení bez vatValue - 1763562042097' má vlastnost public: false. Očekáváno: false
2025[0m[0m-11[0m[0m-19[0m[0m 14[0m[0m:20[0m[0m:42[0m[0m.283[0m[0m [34m[1mINFO[22m[39m[0m[0m [[37m\tests\Regrese\Sestavy\Uzivatelske_Sestavy_Life_Cycle_api.spec.ts:194[39m[0m[0m]Krok 3: Mažu vytvořenou sestavu s ID: 2835
2025[0m[0m-11[0m[0m-19[0m[0m 14[0m[0m:20[0m[0m:42[0m[0m.311[0m[0m [34m[1mINFO[22m[39m[0m[0m [[37m\api\BaseApiClient.ts:94[39m[0m[0m][45a973f7] <--- 200 DELETE http://192.168.130.239:8180/reports-api/usersReports/2835 (27.08 ms)
2025[0m[0m-11[0m[0m-19[0m[0m 14[0m[0m:20[0m[0m:42[0m[0m.312[0m[0m [34m[1mINFO[22m[39m[0m[0m [[37m\tests\Regrese\Sestavy\Uzivatelske_Sestavy_Life_Cycle_api.spec.ts:201[39m[0m[0m]Krok 3: Sestava s ID 2835 úspěšně smazána.
]]></system-out>
    </testcase>
    <testcase name="TC_Sestavy_021: Přehled prodejů - Seskupení bez paidByLabel  @regression @report @api @medium @grouping" classname="Regrese\Sestavy\Uzivatelske_Sestavy_Life_Cycle_api.spec.ts" time="1.035">
      <system-out><![CDATA[2025[0m[0m-11[0m[0m-19[0m[0m 14[0m[0m:20[0m[0m:43[0m[0m.113[0m[0m [32m[1mDEBUG[22m[39m[0m[0m [[37m\support\fixtures\auth.fixture.ts:45[39m[0m[0m]FIXTURE 'authToken': Kontroluji, zda je odpověď OK (status 2xx)...
2025[0m[0m-11[0m[0m-19[0m[0m 14[0m[0m:20[0m[0m:43[0m[0m.115[0m[0m [32m[1mDEBUG[22m[39m[0m[0m [[37m\tests\Regrese\Sestavy\Uzivatelske_Sestavy_Life_Cycle_api.spec.ts:80[39m[0m[0m]Generuji unikátní název sestavy pro testovací případ 'TC_Sestavy_021': Přehled prodejů - Seskupení bez paidByLabel - 1763562043115
2025[0m[0m-11[0m[0m-19[0m[0m 14[0m[0m:20[0m[0m:43[0m[0m.116[0m[0m [34m[1mINFO[22m[39m[0m[0m [[37m\tests\Regrese\Sestavy\Uzivatelske_Sestavy_Life_Cycle_api.spec.ts:86[39m[0m[0m]Spouštím test životního cyklu sestavy: Přehled prodejů - Seskupení bez paidByLabel - 1763562043115 (Definice: D001)
2025[0m[0m-11[0m[0m-19[0m[0m 14[0m[0m:20[0m[0m:43[0m[0m.117[0m[0m [34m[1mINFO[22m[39m[0m[0m [[37m\tests\Regrese\Sestavy\Uzivatelske_Sestavy_Life_Cycle_api.spec.ts:92[39m[0m[0m]Krok 1: Vytváření nové sestavy: Přehled prodejů - Seskupení bez paidByLabel - 1763562043115
2025[0m[0m-11[0m[0m-19[0m[0m 14[0m[0m:20[0m[0m:43[0m[0m.118[0m[0m [32m[1mDEBUG[22m[39m[0m[0m [[37m\tests\Regrese\Sestavy\Uzivatelske_Sestavy_Life_Cycle_api.spec.ts:105[39m[0m[0m]Payload pro /reports-api/usersReports/60193531: {
  "name": "Přehled prodejů - Seskupení bez paidByLabel - 1763562043115",
  "public": false,
  "reportDefinitionId": "D001",
  "settings": {
    "availableFilters": [
      "stockId",
      "stkitmType",
      "groupId",
      "goodsOwnerId",
      "paidBy",
      "cardOwnerId",
      "cardIssuerId"
    ],
    "dateModelType": "range",
    "dateFrom": "2025-10-31T23:00:00.000Z",
    "dateTo": null,
    "stockId": [],
    "stkitmType": [],
    "groupId": [],
    "goodsOwnerId": [],
    "paidBy": [],
    "cardOwnerId": [],
    "cardIssuerId": [],
    "grouping": [
      "date",
      "monthLabel",
      "stockLabel",
      "stkitmTypeLabel",
      "groupLabel",
      "plu",
      "recText"
    ],
    "sort": "",
    "exportParameters": {
      "tabsParam": "",
      "exportIntoTabs": false,
      "exportFileName": false,
      "exportDateTime": true,
      "summaries": false
    }
  }
}
2025[0m[0m-11[0m[0m-19[0m[0m 14[0m[0m:20[0m[0m:43[0m[0m.237[0m[0m [34m[1mINFO[22m[39m[0m[0m [[37m\api\BaseApiClient.ts:94[39m[0m[0m][70ac7de4] <--- 200 POST http://192.168.130.239:8180/reports-api/usersReports/60193531 (117.70 ms)
2025[0m[0m-11[0m[0m-19[0m[0m 14[0m[0m:20[0m[0m:43[0m[0m.240[0m[0m [34m[1mINFO[22m[39m[0m[0m [[37m\tests\Regrese\Sestavy\Uzivatelske_Sestavy_Life_Cycle_api.spec.ts:112[39m[0m[0m]Krok 1: Sestava úspěšně vytvořena (Status 201 OK).
2025[0m[0m-11[0m[0m-19[0m[0m 14[0m[0m:20[0m[0m:43[0m[0m.242[0m[0m [34m[1mINFO[22m[39m[0m[0m [[37m\tests\Regrese\Sestavy\Uzivatelske_Sestavy_Life_Cycle_api.spec.ts:124[39m[0m[0m]Krok 2: Ověření vytvoření sestavy a čtení dat.
2025[0m[0m-11[0m[0m-19[0m[0m 14[0m[0m:20[0m[0m:43[0m[0m.242[0m[0m [32m[1mDEBUG[22m[39m[0m[0m [[37m\tests\Regrese\Sestavy\Uzivatelske_Sestavy_Life_Cycle_api.spec.ts:135[39m[0m[0m]Parametry pro /reports-api/listOfUsersReports/60193531: {"offset":0,"limit":1,"sort":"-updated"}
2025[0m[0m-11[0m[0m-19[0m[0m 14[0m[0m:20[0m[0m:43[0m[0m.294[0m[0m [34m[1mINFO[22m[39m[0m[0m [[37m\api\BaseApiClient.ts:94[39m[0m[0m][5351613a] <--- 200 GET http://192.168.130.239:8180/reports-api/listOfUsersReports/60193531 (51.17 ms)
2025[0m[0m-11[0m[0m-19[0m[0m 14[0m[0m:20[0m[0m:43[0m[0m.298[0m[0m [34m[1mINFO[22m[39m[0m[0m [[37m\tests\Regrese\Sestavy\Uzivatelske_Sestavy_Life_Cycle_api.spec.ts:157[39m[0m[0m]Krok 2: Sestava 'Přehled prodejů - Seskupení bez paidByLabel - 1763562043115' úspěšně nalezena s ID: 2836.
2025[0m[0m-11[0m[0m-19[0m[0m 14[0m[0m:20[0m[0m:43[0m[0m.298[0m[0m [32m[1mDEBUG[22m[39m[0m[0m [[37m\tests\Regrese\Sestavy\Uzivatelske_Sestavy_Life_Cycle_api.spec.ts:161[39m[0m[0m]Nalezen počet položek (itemsCount): 79
2025[0m[0m-11[0m[0m-19[0m[0m 14[0m[0m:20[0m[0m:43[0m[0m.299[0m[0m [34m[1mINFO[22m[39m[0m[0m [[37m\tests\Regrese\Sestavy\Uzivatelske_Sestavy_Life_Cycle_api.spec.ts:169[39m[0m[0m]Krok 2: Sestava obsahuje 79 položek.
2025[0m[0m-11[0m[0m-19[0m[0m 14[0m[0m:20[0m[0m:43[0m[0m.300[0m[0m [32m[1mDEBUG[22m[39m[0m[0m [[37m\tests\Regrese\Sestavy\Uzivatelske_Sestavy_Life_Cycle_api.spec.ts:173[39m[0m[0m]Sestava 'Přehled prodejů - Seskupení bez paidByLabel - 1763562043115' má vlastnost public: false. Očekáváno: false
2025[0m[0m-11[0m[0m-19[0m[0m 14[0m[0m:20[0m[0m:43[0m[0m.303[0m[0m [34m[1mINFO[22m[39m[0m[0m [[37m\tests\Regrese\Sestavy\Uzivatelske_Sestavy_Life_Cycle_api.spec.ts:194[39m[0m[0m]Krok 3: Mažu vytvořenou sestavu s ID: 2836
2025[0m[0m-11[0m[0m-19[0m[0m 14[0m[0m:20[0m[0m:43[0m[0m.347[0m[0m [34m[1mINFO[22m[39m[0m[0m [[37m\api\BaseApiClient.ts:94[39m[0m[0m][87196c0d] <--- 200 DELETE http://192.168.130.239:8180/reports-api/usersReports/2836 (43.77 ms)
2025[0m[0m-11[0m[0m-19[0m[0m 14[0m[0m:20[0m[0m:43[0m[0m.349[0m[0m [34m[1mINFO[22m[39m[0m[0m [[37m\tests\Regrese\Sestavy\Uzivatelske_Sestavy_Life_Cycle_api.spec.ts:201[39m[0m[0m]Krok 3: Sestava s ID 2836 úspěšně smazána.
]]></system-out>
    </testcase>
    <testcase name="TC_Sestavy_022: Přehled prodejů - Seskupení bez recText  @regression @report @api @medium @grouping" classname="Regrese\Sestavy\Uzivatelske_Sestavy_Life_Cycle_api.spec.ts" time="1.103">
      <system-out><![CDATA[2025[0m[0m-11[0m[0m-19[0m[0m 14[0m[0m:20[0m[0m:44[0m[0m.121[0m[0m [32m[1mDEBUG[22m[39m[0m[0m [[37m\support\fixtures\auth.fixture.ts:45[39m[0m[0m]FIXTURE 'authToken': Kontroluji, zda je odpověď OK (status 2xx)...
2025[0m[0m-11[0m[0m-19[0m[0m 14[0m[0m:20[0m[0m:44[0m[0m.126[0m[0m [32m[1mDEBUG[22m[39m[0m[0m [[37m\tests\Regrese\Sestavy\Uzivatelske_Sestavy_Life_Cycle_api.spec.ts:80[39m[0m[0m]Generuji unikátní název sestavy pro testovací případ 'TC_Sestavy_022': Přehled prodejů - Seskupení bez recText - 1763562044125
2025[0m[0m-11[0m[0m-19[0m[0m 14[0m[0m:20[0m[0m:44[0m[0m.127[0m[0m [34m[1mINFO[22m[39m[0m[0m [[37m\tests\Regrese\Sestavy\Uzivatelske_Sestavy_Life_Cycle_api.spec.ts:86[39m[0m[0m]Spouštím test životního cyklu sestavy: Přehled prodejů - Seskupení bez recText - 1763562044125 (Definice: D001)
2025[0m[0m-11[0m[0m-19[0m[0m 14[0m[0m:20[0m[0m:44[0m[0m.129[0m[0m [34m[1mINFO[22m[39m[0m[0m [[37m\tests\Regrese\Sestavy\Uzivatelske_Sestavy_Life_Cycle_api.spec.ts:92[39m[0m[0m]Krok 1: Vytváření nové sestavy: Přehled prodejů - Seskupení bez recText - 1763562044125
2025[0m[0m-11[0m[0m-19[0m[0m 14[0m[0m:20[0m[0m:44[0m[0m.130[0m[0m [32m[1mDEBUG[22m[39m[0m[0m [[37m\tests\Regrese\Sestavy\Uzivatelske_Sestavy_Life_Cycle_api.spec.ts:105[39m[0m[0m]Payload pro /reports-api/usersReports/60193531: {
  "name": "Přehled prodejů - Seskupení bez recText - 1763562044125",
  "public": false,
  "reportDefinitionId": "D001",
  "settings": {
    "availableFilters": [
      "stockId",
      "stkitmType",
      "groupId",
      "goodsOwnerId",
      "paidBy",
      "cardOwnerId",
      "cardIssuerId"
    ],
    "dateModelType": "range",
    "dateFrom": "2025-10-31T23:00:00.000Z",
    "dateTo": null,
    "stockId": [],
    "stkitmType": [],
    "groupId": [],
    "goodsOwnerId": [],
    "paidBy": [],
    "cardOwnerId": [],
    "cardIssuerId": [],
    "grouping": [
      "date",
      "monthLabel",
      "stockLabel",
      "stkitmTypeLabel",
      "groupLabel",
      "plu"
    ],
    "sort": "",
    "exportParameters": {
      "tabsParam": "",
      "exportIntoTabs": false,
      "exportFileName": false,
      "exportDateTime": true,
      "summaries": false
    }
  }
}
2025[0m[0m-11[0m[0m-19[0m[0m 14[0m[0m:20[0m[0m:44[0m[0m.237[0m[0m [34m[1mINFO[22m[39m[0m[0m [[37m\api\BaseApiClient.ts:94[39m[0m[0m][3056eb28] <--- 200 POST http://192.168.130.239:8180/reports-api/usersReports/60193531 (105.28 ms)
2025[0m[0m-11[0m[0m-19[0m[0m 14[0m[0m:20[0m[0m:44[0m[0m.240[0m[0m [34m[1mINFO[22m[39m[0m[0m [[37m\tests\Regrese\Sestavy\Uzivatelske_Sestavy_Life_Cycle_api.spec.ts:112[39m[0m[0m]Krok 1: Sestava úspěšně vytvořena (Status 201 OK).
2025[0m[0m-11[0m[0m-19[0m[0m 14[0m[0m:20[0m[0m:44[0m[0m.241[0m[0m [34m[1mINFO[22m[39m[0m[0m [[37m\tests\Regrese\Sestavy\Uzivatelske_Sestavy_Life_Cycle_api.spec.ts:124[39m[0m[0m]Krok 2: Ověření vytvoření sestavy a čtení dat.
2025[0m[0m-11[0m[0m-19[0m[0m 14[0m[0m:20[0m[0m:44[0m[0m.242[0m[0m [32m[1mDEBUG[22m[39m[0m[0m [[37m\tests\Regrese\Sestavy\Uzivatelske_Sestavy_Life_Cycle_api.spec.ts:135[39m[0m[0m]Parametry pro /reports-api/listOfUsersReports/60193531: {"offset":0,"limit":1,"sort":"-updated"}
2025[0m[0m-11[0m[0m-19[0m[0m 14[0m[0m:20[0m[0m:44[0m[0m.409[0m[0m [34m[1mINFO[22m[39m[0m[0m [[37m\api\BaseApiClient.ts:94[39m[0m[0m][11d9cec0] <--- 200 GET http://192.168.130.239:8180/reports-api/listOfUsersReports/60193531 (166.41 ms)
2025[0m[0m-11[0m[0m-19[0m[0m 14[0m[0m:20[0m[0m:44[0m[0m.412[0m[0m [34m[1mINFO[22m[39m[0m[0m [[37m\tests\Regrese\Sestavy\Uzivatelske_Sestavy_Life_Cycle_api.spec.ts:157[39m[0m[0m]Krok 2: Sestava 'Přehled prodejů - Seskupení bez recText - 1763562044125' úspěšně nalezena s ID: 2837.
2025[0m[0m-11[0m[0m-19[0m[0m 14[0m[0m:20[0m[0m:44[0m[0m.413[0m[0m [32m[1mDEBUG[22m[39m[0m[0m [[37m\tests\Regrese\Sestavy\Uzivatelske_Sestavy_Life_Cycle_api.spec.ts:161[39m[0m[0m]Nalezen počet položek (itemsCount): 79
2025[0m[0m-11[0m[0m-19[0m[0m 14[0m[0m:20[0m[0m:44[0m[0m.414[0m[0m [34m[1mINFO[22m[39m[0m[0m [[37m\tests\Regrese\Sestavy\Uzivatelske_Sestavy_Life_Cycle_api.spec.ts:169[39m[0m[0m]Krok 2: Sestava obsahuje 79 položek.
2025[0m[0m-11[0m[0m-19[0m[0m 14[0m[0m:20[0m[0m:44[0m[0m.414[0m[0m [32m[1mDEBUG[22m[39m[0m[0m [[37m\tests\Regrese\Sestavy\Uzivatelske_Sestavy_Life_Cycle_api.spec.ts:173[39m[0m[0m]Sestava 'Přehled prodejů - Seskupení bez recText - 1763562044125' má vlastnost public: false. Očekáváno: false
2025[0m[0m-11[0m[0m-19[0m[0m 14[0m[0m:20[0m[0m:44[0m[0m.416[0m[0m [34m[1mINFO[22m[39m[0m[0m [[37m\tests\Regrese\Sestavy\Uzivatelske_Sestavy_Life_Cycle_api.spec.ts:194[39m[0m[0m]Krok 3: Mažu vytvořenou sestavu s ID: 2837
2025[0m[0m-11[0m[0m-19[0m[0m 14[0m[0m:20[0m[0m:44[0m[0m.459[0m[0m [34m[1mINFO[22m[39m[0m[0m [[37m\api\BaseApiClient.ts:94[39m[0m[0m][8521173f] <--- 200 DELETE http://192.168.130.239:8180/reports-api/usersReports/2837 (42.55 ms)
2025[0m[0m-11[0m[0m-19[0m[0m 14[0m[0m:20[0m[0m:44[0m[0m.461[0m[0m [34m[1mINFO[22m[39m[0m[0m [[37m\tests\Regrese\Sestavy\Uzivatelske_Sestavy_Life_Cycle_api.spec.ts:201[39m[0m[0m]Krok 3: Sestava s ID 2837 úspěšně smazána.
]]></system-out>
    </testcase>
    <testcase name="TC_Sestavy_023: Přehled prodejů - Seskupení bez plu  @regression @report @api @medium @grouping" classname="Regrese\Sestavy\Uzivatelske_Sestavy_Life_Cycle_api.spec.ts" time="1.015">
      <system-out><![CDATA[2025[0m[0m-11[0m[0m-19[0m[0m 14[0m[0m:20[0m[0m:45[0m[0m.200[0m[0m [32m[1mDEBUG[22m[39m[0m[0m [[37m\support\fixtures\auth.fixture.ts:45[39m[0m[0m]FIXTURE 'authToken': Kontroluji, zda je odpověď OK (status 2xx)...
2025[0m[0m-11[0m[0m-19[0m[0m 14[0m[0m:20[0m[0m:45[0m[0m.206[0m[0m [32m[1mDEBUG[22m[39m[0m[0m [[37m\tests\Regrese\Sestavy\Uzivatelske_Sestavy_Life_Cycle_api.spec.ts:80[39m[0m[0m]Generuji unikátní název sestavy pro testovací případ 'TC_Sestavy_023': Přehled prodejů - Seskupení bez plu - 1763562045206
2025[0m[0m-11[0m[0m-19[0m[0m 14[0m[0m:20[0m[0m:45[0m[0m.208[0m[0m [34m[1mINFO[22m[39m[0m[0m [[37m\tests\Regrese\Sestavy\Uzivatelske_Sestavy_Life_Cycle_api.spec.ts:86[39m[0m[0m]Spouštím test životního cyklu sestavy: Přehled prodejů - Seskupení bez plu - 1763562045206 (Definice: D001)
2025[0m[0m-11[0m[0m-19[0m[0m 14[0m[0m:20[0m[0m:45[0m[0m.211[0m[0m [34m[1mINFO[22m[39m[0m[0m [[37m\tests\Regrese\Sestavy\Uzivatelske_Sestavy_Life_Cycle_api.spec.ts:92[39m[0m[0m]Krok 1: Vytváření nové sestavy: Přehled prodejů - Seskupení bez plu - 1763562045206
2025[0m[0m-11[0m[0m-19[0m[0m 14[0m[0m:20[0m[0m:45[0m[0m.214[0m[0m [32m[1mDEBUG[22m[39m[0m[0m [[37m\tests\Regrese\Sestavy\Uzivatelske_Sestavy_Life_Cycle_api.spec.ts:105[39m[0m[0m]Payload pro /reports-api/usersReports/60193531: {
  "name": "Přehled prodejů - Seskupení bez plu - 1763562045206",
  "public": false,
  "reportDefinitionId": "D001",
  "settings": {
    "availableFilters": [
      "stockId",
      "stkitmType",
      "groupId",
      "goodsOwnerId",
      "paidBy",
      "cardOwnerId",
      "cardIssuerId"
    ],
    "dateModelType": "range",
    "dateFrom": "2025-10-31T23:00:00.000Z",
    "dateTo": null,
    "stockId": [],
    "stkitmType": [],
    "groupId": [],
    "goodsOwnerId": [],
    "paidBy": [],
    "cardOwnerId": [],
    "cardIssuerId": [],
    "grouping": [
      "date",
      "monthLabel",
      "stockLabel",
      "stkitmTypeLabel",
      "groupLabel"
    ],
    "sort": "",
    "exportParameters": {
      "tabsParam": "",
      "exportIntoTabs": false,
      "exportFileName": false,
      "exportDateTime": true,
      "summaries": false
    }
  }
}
2025[0m[0m-11[0m[0m-19[0m[0m 14[0m[0m:20[0m[0m:45[0m[0m.320[0m[0m [34m[1mINFO[22m[39m[0m[0m [[37m\api\BaseApiClient.ts:94[39m[0m[0m][f35f5a70] <--- 200 POST http://192.168.130.239:8180/reports-api/usersReports/60193531 (103.73 ms)
2025[0m[0m-11[0m[0m-19[0m[0m 14[0m[0m:20[0m[0m:45[0m[0m.323[0m[0m [34m[1mINFO[22m[39m[0m[0m [[37m\tests\Regrese\Sestavy\Uzivatelske_Sestavy_Life_Cycle_api.spec.ts:112[39m[0m[0m]Krok 1: Sestava úspěšně vytvořena (Status 201 OK).
2025[0m[0m-11[0m[0m-19[0m[0m 14[0m[0m:20[0m[0m:45[0m[0m.324[0m[0m [34m[1mINFO[22m[39m[0m[0m [[37m\tests\Regrese\Sestavy\Uzivatelske_Sestavy_Life_Cycle_api.spec.ts:124[39m[0m[0m]Krok 2: Ověření vytvoření sestavy a čtení dat.
2025[0m[0m-11[0m[0m-19[0m[0m 14[0m[0m:20[0m[0m:45[0m[0m.325[0m[0m [32m[1mDEBUG[22m[39m[0m[0m [[37m\tests\Regrese\Sestavy\Uzivatelske_Sestavy_Life_Cycle_api.spec.ts:135[39m[0m[0m]Parametry pro /reports-api/listOfUsersReports/60193531: {"offset":0,"limit":1,"sort":"-updated"}
2025[0m[0m-11[0m[0m-19[0m[0m 14[0m[0m:20[0m[0m:45[0m[0m.433[0m[0m [34m[1mINFO[22m[39m[0m[0m [[37m\api\BaseApiClient.ts:94[39m[0m[0m][7b7d6471] <--- 200 GET http://192.168.130.239:8180/reports-api/listOfUsersReports/60193531 (107.30 ms)
2025[0m[0m-11[0m[0m-19[0m[0m 14[0m[0m:20[0m[0m:45[0m[0m.436[0m[0m [34m[1mINFO[22m[39m[0m[0m [[37m\tests\Regrese\Sestavy\Uzivatelske_Sestavy_Life_Cycle_api.spec.ts:157[39m[0m[0m]Krok 2: Sestava 'Přehled prodejů - Seskupení bez plu - 1763562045206' úspěšně nalezena s ID: 2838.
2025[0m[0m-11[0m[0m-19[0m[0m 14[0m[0m:20[0m[0m:45[0m[0m.437[0m[0m [32m[1mDEBUG[22m[39m[0m[0m [[37m\tests\Regrese\Sestavy\Uzivatelske_Sestavy_Life_Cycle_api.spec.ts:161[39m[0m[0m]Nalezen počet položek (itemsCount): 65
2025[0m[0m-11[0m[0m-19[0m[0m 14[0m[0m:20[0m[0m:45[0m[0m.438[0m[0m [34m[1mINFO[22m[39m[0m[0m [[37m\tests\Regrese\Sestavy\Uzivatelske_Sestavy_Life_Cycle_api.spec.ts:169[39m[0m[0m]Krok 2: Sestava obsahuje 65 položek.
2025[0m[0m-11[0m[0m-19[0m[0m 14[0m[0m:20[0m[0m:45[0m[0m.438[0m[0m [32m[1mDEBUG[22m[39m[0m[0m [[37m\tests\Regrese\Sestavy\Uzivatelske_Sestavy_Life_Cycle_api.spec.ts:173[39m[0m[0m]Sestava 'Přehled prodejů - Seskupení bez plu - 1763562045206' má vlastnost public: false. Očekáváno: false
2025[0m[0m-11[0m[0m-19[0m[0m 14[0m[0m:20[0m[0m:45[0m[0m.440[0m[0m [34m[1mINFO[22m[39m[0m[0m [[37m\tests\Regrese\Sestavy\Uzivatelske_Sestavy_Life_Cycle_api.spec.ts:194[39m[0m[0m]Krok 3: Mažu vytvořenou sestavu s ID: 2838
2025[0m[0m-11[0m[0m-19[0m[0m 14[0m[0m:20[0m[0m:45[0m[0m.479[0m[0m [34m[1mINFO[22m[39m[0m[0m [[37m\api\BaseApiClient.ts:94[39m[0m[0m][e4299c23] <--- 200 DELETE http://192.168.130.239:8180/reports-api/usersReports/2838 (37.27 ms)
2025[0m[0m-11[0m[0m-19[0m[0m 14[0m[0m:20[0m[0m:45[0m[0m.481[0m[0m [34m[1mINFO[22m[39m[0m[0m [[37m\tests\Regrese\Sestavy\Uzivatelske_Sestavy_Life_Cycle_api.spec.ts:201[39m[0m[0m]Krok 3: Sestava s ID 2838 úspěšně smazána.
]]></system-out>
    </testcase>
    <testcase name="TC_Sestavy_024: Přehled prodejů - Seskupení bez groupLabel  @regression @report @api @medium @grouping" classname="Regrese\Sestavy\Uzivatelske_Sestavy_Life_Cycle_api.spec.ts" time="1.029">
      <system-out><![CDATA[2025[0m[0m-11[0m[0m-19[0m[0m 14[0m[0m:20[0m[0m:46[0m[0m.262[0m[0m [32m[1mDEBUG[22m[39m[0m[0m [[37m\support\fixtures\auth.fixture.ts:45[39m[0m[0m]FIXTURE 'authToken': Kontroluji, zda je odpověď OK (status 2xx)...
2025[0m[0m-11[0m[0m-19[0m[0m 14[0m[0m:20[0m[0m:46[0m[0m.266[0m[0m [32m[1mDEBUG[22m[39m[0m[0m [[37m\tests\Regrese\Sestavy\Uzivatelske_Sestavy_Life_Cycle_api.spec.ts:80[39m[0m[0m]Generuji unikátní název sestavy pro testovací případ 'TC_Sestavy_024': Přehled prodejů - Seskupení bez groupLabel - 1763562046266
2025[0m[0m-11[0m[0m-19[0m[0m 14[0m[0m:20[0m[0m:46[0m[0m.267[0m[0m [34m[1mINFO[22m[39m[0m[0m [[37m\tests\Regrese\Sestavy\Uzivatelske_Sestavy_Life_Cycle_api.spec.ts:86[39m[0m[0m]Spouštím test životního cyklu sestavy: Přehled prodejů - Seskupení bez groupLabel - 1763562046266 (Definice: D001)
2025[0m[0m-11[0m[0m-19[0m[0m 14[0m[0m:20[0m[0m:46[0m[0m.271[0m[0m [34m[1mINFO[22m[39m[0m[0m [[37m\tests\Regrese\Sestavy\Uzivatelske_Sestavy_Life_Cycle_api.spec.ts:92[39m[0m[0m]Krok 1: Vytváření nové sestavy: Přehled prodejů - Seskupení bez groupLabel - 1763562046266
2025[0m[0m-11[0m[0m-19[0m[0m 14[0m[0m:20[0m[0m:46[0m[0m.273[0m[0m [32m[1mDEBUG[22m[39m[0m[0m [[37m\tests\Regrese\Sestavy\Uzivatelske_Sestavy_Life_Cycle_api.spec.ts:105[39m[0m[0m]Payload pro /reports-api/usersReports/60193531: {
  "name": "Přehled prodejů - Seskupení bez groupLabel - 1763562046266",
  "public": false,
  "reportDefinitionId": "D001",
  "settings": {
    "availableFilters": [
      "stockId",
      "stkitmType",
      "groupId",
      "goodsOwnerId",
      "paidBy",
      "cardOwnerId",
      "cardIssuerId"
    ],
    "dateModelType": "range",
    "dateFrom": "2025-10-31T23:00:00.000Z",
    "dateTo": null,
    "stockId": [],
    "stkitmType": [],
    "groupId": [],
    "goodsOwnerId": [],
    "paidBy": [],
    "cardOwnerId": [],
    "cardIssuerId": [],
    "grouping": [
      "date",
      "monthLabel",
      "stockLabel",
      "stkitmTypeLabel"
    ],
    "sort": "",
    "exportParameters": {
      "tabsParam": "",
      "exportIntoTabs": false,
      "exportFileName": false,
      "exportDateTime": true,
      "summaries": false
    }
  }
}
2025[0m[0m-11[0m[0m-19[0m[0m 14[0m[0m:20[0m[0m:46[0m[0m.390[0m[0m [34m[1mINFO[22m[39m[0m[0m [[37m\api\BaseApiClient.ts:94[39m[0m[0m][3f671143] <--- 200 POST http://192.168.130.239:8180/reports-api/usersReports/60193531 (116.06 ms)
2025[0m[0m-11[0m[0m-19[0m[0m 14[0m[0m:20[0m[0m:46[0m[0m.392[0m[0m [34m[1mINFO[22m[39m[0m[0m [[37m\tests\Regrese\Sestavy\Uzivatelske_Sestavy_Life_Cycle_api.spec.ts:112[39m[0m[0m]Krok 1: Sestava úspěšně vytvořena (Status 201 OK).
2025[0m[0m-11[0m[0m-19[0m[0m 14[0m[0m:20[0m[0m:46[0m[0m.394[0m[0m [34m[1mINFO[22m[39m[0m[0m [[37m\tests\Regrese\Sestavy\Uzivatelske_Sestavy_Life_Cycle_api.spec.ts:124[39m[0m[0m]Krok 2: Ověření vytvoření sestavy a čtení dat.
2025[0m[0m-11[0m[0m-19[0m[0m 14[0m[0m:20[0m[0m:46[0m[0m.395[0m[0m [32m[1mDEBUG[22m[39m[0m[0m [[37m\tests\Regrese\Sestavy\Uzivatelske_Sestavy_Life_Cycle_api.spec.ts:135[39m[0m[0m]Parametry pro /reports-api/listOfUsersReports/60193531: {"offset":0,"limit":1,"sort":"-updated"}
2025[0m[0m-11[0m[0m-19[0m[0m 14[0m[0m:20[0m[0m:46[0m[0m.462[0m[0m [34m[1mINFO[22m[39m[0m[0m [[37m\api\BaseApiClient.ts:94[39m[0m[0m][4c697fe7] <--- 200 GET http://192.168.130.239:8180/reports-api/listOfUsersReports/60193531 (66.20 ms)
2025[0m[0m-11[0m[0m-19[0m[0m 14[0m[0m:20[0m[0m:46[0m[0m.466[0m[0m [34m[1mINFO[22m[39m[0m[0m [[37m\tests\Regrese\Sestavy\Uzivatelske_Sestavy_Life_Cycle_api.spec.ts:157[39m[0m[0m]Krok 2: Sestava 'Přehled prodejů - Seskupení bez groupLabel - 1763562046266' úspěšně nalezena s ID: 2839.
2025[0m[0m-11[0m[0m-19[0m[0m 14[0m[0m:20[0m[0m:46[0m[0m.467[0m[0m [32m[1mDEBUG[22m[39m[0m[0m [[37m\tests\Regrese\Sestavy\Uzivatelske_Sestavy_Life_Cycle_api.spec.ts:161[39m[0m[0m]Nalezen počet položek (itemsCount): 29
2025[0m[0m-11[0m[0m-19[0m[0m 14[0m[0m:20[0m[0m:46[0m[0m.468[0m[0m [34m[1mINFO[22m[39m[0m[0m [[37m\tests\Regrese\Sestavy\Uzivatelske_Sestavy_Life_Cycle_api.spec.ts:169[39m[0m[0m]Krok 2: Sestava obsahuje 29 položek.
2025[0m[0m-11[0m[0m-19[0m[0m 14[0m[0m:20[0m[0m:46[0m[0m.469[0m[0m [32m[1mDEBUG[22m[39m[0m[0m [[37m\tests\Regrese\Sestavy\Uzivatelske_Sestavy_Life_Cycle_api.spec.ts:173[39m[0m[0m]Sestava 'Přehled prodejů - Seskupení bez groupLabel - 1763562046266' má vlastnost public: false. Očekáváno: false
2025[0m[0m-11[0m[0m-19[0m[0m 14[0m[0m:20[0m[0m:46[0m[0m.473[0m[0m [34m[1mINFO[22m[39m[0m[0m [[37m\tests\Regrese\Sestavy\Uzivatelske_Sestavy_Life_Cycle_api.spec.ts:194[39m[0m[0m]Krok 3: Mažu vytvořenou sestavu s ID: 2839
2025[0m[0m-11[0m[0m-19[0m[0m 14[0m[0m:20[0m[0m:46[0m[0m.510[0m[0m [34m[1mINFO[22m[39m[0m[0m [[37m\api\BaseApiClient.ts:94[39m[0m[0m][ff5a4b66] <--- 200 DELETE http://192.168.130.239:8180/reports-api/usersReports/2839 (36.43 ms)
2025[0m[0m-11[0m[0m-19[0m[0m 14[0m[0m:20[0m[0m:46[0m[0m.513[0m[0m [34m[1mINFO[22m[39m[0m[0m [[37m\tests\Regrese\Sestavy\Uzivatelske_Sestavy_Life_Cycle_api.spec.ts:201[39m[0m[0m]Krok 3: Sestava s ID 2839 úspěšně smazána.
]]></system-out>
    </testcase>
    <testcase name="TC_Sestavy_025: Přehled prodejů - Seskupení bez stkitmTypeLabel  @regression @report @api @medium @grouping" classname="Regrese\Sestavy\Uzivatelske_Sestavy_Life_Cycle_api.spec.ts" time="1.104">
      <system-out><![CDATA[2025[0m[0m-11[0m[0m-19[0m[0m 14[0m[0m:20[0m[0m:47[0m[0m.336[0m[0m [32m[1mDEBUG[22m[39m[0m[0m [[37m\support\fixtures\auth.fixture.ts:45[39m[0m[0m]FIXTURE 'authToken': Kontroluji, zda je odpověď OK (status 2xx)...
2025[0m[0m-11[0m[0m-19[0m[0m 14[0m[0m:20[0m[0m:47[0m[0m.338[0m[0m [32m[1mDEBUG[22m[39m[0m[0m [[37m\tests\Regrese\Sestavy\Uzivatelske_Sestavy_Life_Cycle_api.spec.ts:80[39m[0m[0m]Generuji unikátní název sestavy pro testovací případ 'TC_Sestavy_025': Přehled prodejů - Seskupení bez stkitmTypeLabel - 1763562047338
2025[0m[0m-11[0m[0m-19[0m[0m 14[0m[0m:20[0m[0m:47[0m[0m.339[0m[0m [34m[1mINFO[22m[39m[0m[0m [[37m\tests\Regrese\Sestavy\Uzivatelske_Sestavy_Life_Cycle_api.spec.ts:86[39m[0m[0m]Spouštím test životního cyklu sestavy: Přehled prodejů - Seskupení bez stkitmTypeLabel - 1763562047338 (Definice: D001)
2025[0m[0m-11[0m[0m-19[0m[0m 14[0m[0m:20[0m[0m:47[0m[0m.341[0m[0m [34m[1mINFO[22m[39m[0m[0m [[37m\tests\Regrese\Sestavy\Uzivatelske_Sestavy_Life_Cycle_api.spec.ts:92[39m[0m[0m]Krok 1: Vytváření nové sestavy: Přehled prodejů - Seskupení bez stkitmTypeLabel - 1763562047338
2025[0m[0m-11[0m[0m-19[0m[0m 14[0m[0m:20[0m[0m:47[0m[0m.341[0m[0m [32m[1mDEBUG[22m[39m[0m[0m [[37m\tests\Regrese\Sestavy\Uzivatelske_Sestavy_Life_Cycle_api.spec.ts:105[39m[0m[0m]Payload pro /reports-api/usersReports/60193531: {
  "name": "Přehled prodejů - Seskupení bez stkitmTypeLabel - 1763562047338",
  "public": false,
  "reportDefinitionId": "D001",
  "settings": {
    "availableFilters": [
      "stockId",
      "stkitmType",
      "groupId",
      "goodsOwnerId",
      "paidBy",
      "cardOwnerId",
      "cardIssuerId"
    ],
    "dateModelType": "range",
    "dateFrom": "2025-10-31T23:00:00.000Z",
    "dateTo": null,
    "stockId": [],
    "stkitmType": [],
    "groupId": [],
    "goodsOwnerId": [],
    "paidBy": [],
    "cardOwnerId": [],
    "cardIssuerId": [],
    "grouping": [
      "date",
      "monthLabel",
      "stockLabel"
    ],
    "sort": "",
    "exportParameters": {
      "tabsParam": "",
      "exportIntoTabs": false,
      "exportFileName": false,
      "exportDateTime": true,
      "summaries": false
    }
  }
}
2025[0m[0m-11[0m[0m-19[0m[0m 14[0m[0m:20[0m[0m:47[0m[0m.487[0m[0m [34m[1mINFO[22m[39m[0m[0m [[37m\api\BaseApiClient.ts:94[39m[0m[0m][41a1f2ab] <--- 200 POST http://192.168.130.239:8180/reports-api/usersReports/60193531 (145.50 ms)
2025[0m[0m-11[0m[0m-19[0m[0m 14[0m[0m:20[0m[0m:47[0m[0m.491[0m[0m [34m[1mINFO[22m[39m[0m[0m [[37m\tests\Regrese\Sestavy\Uzivatelske_Sestavy_Life_Cycle_api.spec.ts:112[39m[0m[0m]Krok 1: Sestava úspěšně vytvořena (Status 201 OK).
2025[0m[0m-11[0m[0m-19[0m[0m 14[0m[0m:20[0m[0m:47[0m[0m.492[0m[0m [34m[1mINFO[22m[39m[0m[0m [[37m\tests\Regrese\Sestavy\Uzivatelske_Sestavy_Life_Cycle_api.spec.ts:124[39m[0m[0m]Krok 2: Ověření vytvoření sestavy a čtení dat.
2025[0m[0m-11[0m[0m-19[0m[0m 14[0m[0m:20[0m[0m:47[0m[0m.493[0m[0m [32m[1mDEBUG[22m[39m[0m[0m [[37m\tests\Regrese\Sestavy\Uzivatelske_Sestavy_Life_Cycle_api.spec.ts:135[39m[0m[0m]Parametry pro /reports-api/listOfUsersReports/60193531: {"offset":0,"limit":1,"sort":"-updated"}
2025[0m[0m-11[0m[0m-19[0m[0m 14[0m[0m:20[0m[0m:47[0m[0m.562[0m[0m [34m[1mINFO[22m[39m[0m[0m [[37m\api\BaseApiClient.ts:94[39m[0m[0m][6bbc2775] <--- 200 GET http://192.168.130.239:8180/reports-api/listOfUsersReports/60193531 (68.44 ms)
2025[0m[0m-11[0m[0m-19[0m[0m 14[0m[0m:20[0m[0m:47[0m[0m.566[0m[0m [34m[1mINFO[22m[39m[0m[0m [[37m\tests\Regrese\Sestavy\Uzivatelske_Sestavy_Life_Cycle_api.spec.ts:157[39m[0m[0m]Krok 2: Sestava 'Přehled prodejů - Seskupení bez stkitmTypeLabel - 1763562047338' úspěšně nalezena s ID: 2840.
2025[0m[0m-11[0m[0m-19[0m[0m 14[0m[0m:20[0m[0m:47[0m[0m.567[0m[0m [32m[1mDEBUG[22m[39m[0m[0m [[37m\tests\Regrese\Sestavy\Uzivatelske_Sestavy_Life_Cycle_api.spec.ts:161[39m[0m[0m]Nalezen počet položek (itemsCount): 14
2025[0m[0m-11[0m[0m-19[0m[0m 14[0m[0m:20[0m[0m:47[0m[0m.569[0m[0m [34m[1mINFO[22m[39m[0m[0m [[37m\tests\Regrese\Sestavy\Uzivatelske_Sestavy_Life_Cycle_api.spec.ts:169[39m[0m[0m]Krok 2: Sestava obsahuje 14 položek.
2025[0m[0m-11[0m[0m-19[0m[0m 14[0m[0m:20[0m[0m:47[0m[0m.572[0m[0m [32m[1mDEBUG[22m[39m[0m[0m [[37m\tests\Regrese\Sestavy\Uzivatelske_Sestavy_Life_Cycle_api.spec.ts:173[39m[0m[0m]Sestava 'Přehled prodejů - Seskupení bez stkitmTypeLabel - 1763562047338' má vlastnost public: false. Očekáváno: false
2025[0m[0m-11[0m[0m-19[0m[0m 14[0m[0m:20[0m[0m:47[0m[0m.577[0m[0m [34m[1mINFO[22m[39m[0m[0m [[37m\tests\Regrese\Sestavy\Uzivatelske_Sestavy_Life_Cycle_api.spec.ts:194[39m[0m[0m]Krok 3: Mažu vytvořenou sestavu s ID: 2840
2025[0m[0m-11[0m[0m-19[0m[0m 14[0m[0m:20[0m[0m:47[0m[0m.616[0m[0m [34m[1mINFO[22m[39m[0m[0m [[37m\api\BaseApiClient.ts:94[39m[0m[0m][c8bf5a16] <--- 200 DELETE http://192.168.130.239:8180/reports-api/usersReports/2840 (37.85 ms)
2025[0m[0m-11[0m[0m-19[0m[0m 14[0m[0m:20[0m[0m:47[0m[0m.619[0m[0m [34m[1mINFO[22m[39m[0m[0m [[37m\tests\Regrese\Sestavy\Uzivatelske_Sestavy_Life_Cycle_api.spec.ts:201[39m[0m[0m]Krok 3: Sestava s ID 2840 úspěšně smazána.
]]></system-out>
    </testcase>
    <testcase name="TC_Sestavy_026: Přehled prodejů - Seskupení bez stockLabel  @regression @report @api @medium @grouping" classname="Regrese\Sestavy\Uzivatelske_Sestavy_Life_Cycle_api.spec.ts" time="1.04">
      <system-out><![CDATA[2025[0m[0m-11[0m[0m-19[0m[0m 14[0m[0m:20[0m[0m:48[0m[0m.422[0m[0m [32m[1mDEBUG[22m[39m[0m[0m [[37m\support\fixtures\auth.fixture.ts:45[39m[0m[0m]FIXTURE 'authToken': Kontroluji, zda je odpověď OK (status 2xx)...
2025[0m[0m-11[0m[0m-19[0m[0m 14[0m[0m:20[0m[0m:48[0m[0m.425[0m[0m [32m[1mDEBUG[22m[39m[0m[0m [[37m\tests\Regrese\Sestavy\Uzivatelske_Sestavy_Life_Cycle_api.spec.ts:80[39m[0m[0m]Generuji unikátní název sestavy pro testovací případ 'TC_Sestavy_026': Přehled prodejů - Seskupení bez stockLabel - 1763562048425
2025[0m[0m-11[0m[0m-19[0m[0m 14[0m[0m:20[0m[0m:48[0m[0m.427[0m[0m [34m[1mINFO[22m[39m[0m[0m [[37m\tests\Regrese\Sestavy\Uzivatelske_Sestavy_Life_Cycle_api.spec.ts:86[39m[0m[0m]Spouštím test životního cyklu sestavy: Přehled prodejů - Seskupení bez stockLabel - 1763562048425 (Definice: D001)
2025[0m[0m-11[0m[0m-19[0m[0m 14[0m[0m:20[0m[0m:48[0m[0m.429[0m[0m [34m[1mINFO[22m[39m[0m[0m [[37m\tests\Regrese\Sestavy\Uzivatelske_Sestavy_Life_Cycle_api.spec.ts:92[39m[0m[0m]Krok 1: Vytváření nové sestavy: Přehled prodejů - Seskupení bez stockLabel - 1763562048425
2025[0m[0m-11[0m[0m-19[0m[0m 14[0m[0m:20[0m[0m:48[0m[0m.430[0m[0m [32m[1mDEBUG[22m[39m[0m[0m [[37m\tests\Regrese\Sestavy\Uzivatelske_Sestavy_Life_Cycle_api.spec.ts:105[39m[0m[0m]Payload pro /reports-api/usersReports/60193531: {
  "name": "Přehled prodejů - Seskupení bez stockLabel - 1763562048425",
  "public": false,
  "reportDefinitionId": "D001",
  "settings": {
    "availableFilters": [
      "stockId",
      "stkitmType",
      "groupId",
      "goodsOwnerId",
      "paidBy",
      "cardOwnerId",
      "cardIssuerId"
    ],
    "dateModelType": "range",
    "dateFrom": "2025-10-31T23:00:00.000Z",
    "dateTo": null,
    "stockId": [],
    "stkitmType": [],
    "groupId": [],
    "goodsOwnerId": [],
    "paidBy": [],
    "cardOwnerId": [],
    "cardIssuerId": [],
    "grouping": [
      "date",
      "monthLabel"
    ],
    "sort": "",
    "exportParameters": {
      "tabsParam": "",
      "exportIntoTabs": false,
      "exportFileName": false,
      "exportDateTime": true,
      "summaries": false
    }
  }
}
2025[0m[0m-11[0m[0m-19[0m[0m 14[0m[0m:20[0m[0m:48[0m[0m.524[0m[0m [34m[1mINFO[22m[39m[0m[0m [[37m\api\BaseApiClient.ts:94[39m[0m[0m][a6279c44] <--- 200 POST http://192.168.130.239:8180/reports-api/usersReports/60193531 (92.24 ms)
2025[0m[0m-11[0m[0m-19[0m[0m 14[0m[0m:20[0m[0m:48[0m[0m.526[0m[0m [34m[1mINFO[22m[39m[0m[0m [[37m\tests\Regrese\Sestavy\Uzivatelske_Sestavy_Life_Cycle_api.spec.ts:112[39m[0m[0m]Krok 1: Sestava úspěšně vytvořena (Status 201 OK).
2025[0m[0m-11[0m[0m-19[0m[0m 14[0m[0m:20[0m[0m:48[0m[0m.527[0m[0m [34m[1mINFO[22m[39m[0m[0m [[37m\tests\Regrese\Sestavy\Uzivatelske_Sestavy_Life_Cycle_api.spec.ts:124[39m[0m[0m]Krok 2: Ověření vytvoření sestavy a čtení dat.
2025[0m[0m-11[0m[0m-19[0m[0m 14[0m[0m:20[0m[0m:48[0m[0m.527[0m[0m [32m[1mDEBUG[22m[39m[0m[0m [[37m\tests\Regrese\Sestavy\Uzivatelske_Sestavy_Life_Cycle_api.spec.ts:135[39m[0m[0m]Parametry pro /reports-api/listOfUsersReports/60193531: {"offset":0,"limit":1,"sort":"-updated"}
2025[0m[0m-11[0m[0m-19[0m[0m 14[0m[0m:20[0m[0m:48[0m[0m.588[0m[0m [34m[1mINFO[22m[39m[0m[0m [[37m\api\BaseApiClient.ts:94[39m[0m[0m][96ba7704] <--- 200 GET http://192.168.130.239:8180/reports-api/listOfUsersReports/60193531 (60.27 ms)
2025[0m[0m-11[0m[0m-19[0m[0m 14[0m[0m:20[0m[0m:48[0m[0m.593[0m[0m [34m[1mINFO[22m[39m[0m[0m [[37m\tests\Regrese\Sestavy\Uzivatelske_Sestavy_Life_Cycle_api.spec.ts:157[39m[0m[0m]Krok 2: Sestava 'Přehled prodejů - Seskupení bez stockLabel - 1763562048425' úspěšně nalezena s ID: 2841.
2025[0m[0m-11[0m[0m-19[0m[0m 14[0m[0m:20[0m[0m:48[0m[0m.594[0m[0m [32m[1mDEBUG[22m[39m[0m[0m [[37m\tests\Regrese\Sestavy\Uzivatelske_Sestavy_Life_Cycle_api.spec.ts:161[39m[0m[0m]Nalezen počet položek (itemsCount): 13
2025[0m[0m-11[0m[0m-19[0m[0m 14[0m[0m:20[0m[0m:48[0m[0m.595[0m[0m [34m[1mINFO[22m[39m[0m[0m [[37m\tests\Regrese\Sestavy\Uzivatelske_Sestavy_Life_Cycle_api.spec.ts:169[39m[0m[0m]Krok 2: Sestava obsahuje 13 položek.
2025[0m[0m-11[0m[0m-19[0m[0m 14[0m[0m:20[0m[0m:48[0m[0m.595[0m[0m [32m[1mDEBUG[22m[39m[0m[0m [[37m\tests\Regrese\Sestavy\Uzivatelske_Sestavy_Life_Cycle_api.spec.ts:173[39m[0m[0m]Sestava 'Přehled prodejů - Seskupení bez stockLabel - 1763562048425' má vlastnost public: false. Očekáváno: false
2025[0m[0m-11[0m[0m-19[0m[0m 14[0m[0m:20[0m[0m:48[0m[0m.597[0m[0m [34m[1mINFO[22m[39m[0m[0m [[37m\tests\Regrese\Sestavy\Uzivatelske_Sestavy_Life_Cycle_api.spec.ts:194[39m[0m[0m]Krok 3: Mažu vytvořenou sestavu s ID: 2841
2025[0m[0m-11[0m[0m-19[0m[0m 14[0m[0m:20[0m[0m:48[0m[0m.664[0m[0m [34m[1mINFO[22m[39m[0m[0m [[37m\api\BaseApiClient.ts:94[39m[0m[0m][a5cd448e] <--- 200 DELETE http://192.168.130.239:8180/reports-api/usersReports/2841 (66.11 ms)
2025[0m[0m-11[0m[0m-19[0m[0m 14[0m[0m:20[0m[0m:48[0m[0m.667[0m[0m [34m[1mINFO[22m[39m[0m[0m [[37m\tests\Regrese\Sestavy\Uzivatelske_Sestavy_Life_Cycle_api.spec.ts:201[39m[0m[0m]Krok 3: Sestava s ID 2841 úspěšně smazána.
]]></system-out>
    </testcase>
    <testcase name="TC_Sestavy_027: Přehled prodejů - Seskupení jen podle data  @regression @report @api @medium @grouping" classname="Regrese\Sestavy\Uzivatelske_Sestavy_Life_Cycle_api.spec.ts" time="1.164">
      <system-out><![CDATA[2025[0m[0m-11[0m[0m-19[0m[0m 14[0m[0m:20[0m[0m:49[0m[0m.537[0m[0m [32m[1mDEBUG[22m[39m[0m[0m [[37m\support\fixtures\auth.fixture.ts:45[39m[0m[0m]FIXTURE 'authToken': Kontroluji, zda je odpověď OK (status 2xx)...
2025[0m[0m-11[0m[0m-19[0m[0m 14[0m[0m:20[0m[0m:49[0m[0m.539[0m[0m [32m[1mDEBUG[22m[39m[0m[0m [[37m\tests\Regrese\Sestavy\Uzivatelske_Sestavy_Life_Cycle_api.spec.ts:80[39m[0m[0m]Generuji unikátní název sestavy pro testovací případ 'TC_Sestavy_027': Přehled prodejů - Seskupení jen podle data - 1763562049539
2025[0m[0m-11[0m[0m-19[0m[0m 14[0m[0m:20[0m[0m:49[0m[0m.539[0m[0m [34m[1mINFO[22m[39m[0m[0m [[37m\tests\Regrese\Sestavy\Uzivatelske_Sestavy_Life_Cycle_api.spec.ts:86[39m[0m[0m]Spouštím test životního cyklu sestavy: Přehled prodejů - Seskupení jen podle data - 1763562049539 (Definice: D001)
2025[0m[0m-11[0m[0m-19[0m[0m 14[0m[0m:20[0m[0m:49[0m[0m.541[0m[0m [34m[1mINFO[22m[39m[0m[0m [[37m\tests\Regrese\Sestavy\Uzivatelske_Sestavy_Life_Cycle_api.spec.ts:92[39m[0m[0m]Krok 1: Vytváření nové sestavy: Přehled prodejů - Seskupení jen podle data - 1763562049539
2025[0m[0m-11[0m[0m-19[0m[0m 14[0m[0m:20[0m[0m:49[0m[0m.541[0m[0m [32m[1mDEBUG[22m[39m[0m[0m [[37m\tests\Regrese\Sestavy\Uzivatelske_Sestavy_Life_Cycle_api.spec.ts:105[39m[0m[0m]Payload pro /reports-api/usersReports/60193531: {
  "name": "Přehled prodejů - Seskupení jen podle data - 1763562049539",
  "public": false,
  "reportDefinitionId": "D001",
  "settings": {
    "availableFilters": [
      "stockId",
      "stkitmType",
      "groupId",
      "goodsOwnerId",
      "paidBy",
      "cardOwnerId",
      "cardIssuerId"
    ],
    "dateModelType": "range",
    "dateFrom": "2025-10-31T23:00:00.000Z",
    "dateTo": null,
    "stockId": [],
    "stkitmType": [],
    "groupId": [],
    "goodsOwnerId": [],
    "paidBy": [],
    "cardOwnerId": [],
    "cardIssuerId": [],
    "grouping": [
      "date"
    ],
    "sort": "",
    "exportParameters": {
      "tabsParam": "",
      "exportIntoTabs": false,
      "exportFileName": false,
      "exportDateTime": true,
      "summaries": false
    }
  }
}
2025[0m[0m-11[0m[0m-19[0m[0m 14[0m[0m:20[0m[0m:49[0m[0m.638[0m[0m [34m[1mINFO[22m[39m[0m[0m [[37m\api\BaseApiClient.ts:94[39m[0m[0m][db2d6303] <--- 200 POST http://192.168.130.239:8180/reports-api/usersReports/60193531 (95.77 ms)
2025[0m[0m-11[0m[0m-19[0m[0m 14[0m[0m:20[0m[0m:49[0m[0m.641[0m[0m [34m[1mINFO[22m[39m[0m[0m [[37m\tests\Regrese\Sestavy\Uzivatelske_Sestavy_Life_Cycle_api.spec.ts:112[39m[0m[0m]Krok 1: Sestava úspěšně vytvořena (Status 201 OK).
2025[0m[0m-11[0m[0m-19[0m[0m 14[0m[0m:20[0m[0m:49[0m[0m.642[0m[0m [34m[1mINFO[22m[39m[0m[0m [[37m\tests\Regrese\Sestavy\Uzivatelske_Sestavy_Life_Cycle_api.spec.ts:124[39m[0m[0m]Krok 2: Ověření vytvoření sestavy a čtení dat.
2025[0m[0m-11[0m[0m-19[0m[0m 14[0m[0m:20[0m[0m:49[0m[0m.643[0m[0m [32m[1mDEBUG[22m[39m[0m[0m [[37m\tests\Regrese\Sestavy\Uzivatelske_Sestavy_Life_Cycle_api.spec.ts:135[39m[0m[0m]Parametry pro /reports-api/listOfUsersReports/60193531: {"offset":0,"limit":1,"sort":"-updated"}
2025[0m[0m-11[0m[0m-19[0m[0m 14[0m[0m:20[0m[0m:49[0m[0m.769[0m[0m [34m[1mINFO[22m[39m[0m[0m [[37m\api\BaseApiClient.ts:94[39m[0m[0m][86761a5f] <--- 200 GET http://192.168.130.239:8180/reports-api/listOfUsersReports/60193531 (125.32 ms)
2025[0m[0m-11[0m[0m-19[0m[0m 14[0m[0m:20[0m[0m:49[0m[0m.776[0m[0m [34m[1mINFO[22m[39m[0m[0m [[37m\tests\Regrese\Sestavy\Uzivatelske_Sestavy_Life_Cycle_api.spec.ts:157[39m[0m[0m]Krok 2: Sestava 'Přehled prodejů - Seskupení jen podle data - 1763562049539' úspěšně nalezena s ID: 2842.
2025[0m[0m-11[0m[0m-19[0m[0m 14[0m[0m:20[0m[0m:49[0m[0m.777[0m[0m [32m[1mDEBUG[22m[39m[0m[0m [[37m\tests\Regrese\Sestavy\Uzivatelske_Sestavy_Life_Cycle_api.spec.ts:161[39m[0m[0m]Nalezen počet položek (itemsCount): 13
2025[0m[0m-11[0m[0m-19[0m[0m 14[0m[0m:20[0m[0m:49[0m[0m.778[0m[0m [34m[1mINFO[22m[39m[0m[0m [[37m\tests\Regrese\Sestavy\Uzivatelske_Sestavy_Life_Cycle_api.spec.ts:169[39m[0m[0m]Krok 2: Sestava obsahuje 13 položek.
2025[0m[0m-11[0m[0m-19[0m[0m 14[0m[0m:20[0m[0m:49[0m[0m.780[0m[0m [32m[1mDEBUG[22m[39m[0m[0m [[37m\tests\Regrese\Sestavy\Uzivatelske_Sestavy_Life_Cycle_api.spec.ts:173[39m[0m[0m]Sestava 'Přehled prodejů - Seskupení jen podle data - 1763562049539' má vlastnost public: false. Očekáváno: false
2025[0m[0m-11[0m[0m-19[0m[0m 14[0m[0m:20[0m[0m:49[0m[0m.786[0m[0m [34m[1mINFO[22m[39m[0m[0m [[37m\tests\Regrese\Sestavy\Uzivatelske_Sestavy_Life_Cycle_api.spec.ts:194[39m[0m[0m]Krok 3: Mažu vytvořenou sestavu s ID: 2842
2025[0m[0m-11[0m[0m-19[0m[0m 14[0m[0m:20[0m[0m:49[0m[0m.838[0m[0m [34m[1mINFO[22m[39m[0m[0m [[37m\api\BaseApiClient.ts:94[39m[0m[0m][4a2de033] <--- 200 DELETE http://192.168.130.239:8180/reports-api/usersReports/2842 (48.50 ms)
2025[0m[0m-11[0m[0m-19[0m[0m 14[0m[0m:20[0m[0m:49[0m[0m.841[0m[0m [34m[1mINFO[22m[39m[0m[0m [[37m\tests\Regrese\Sestavy\Uzivatelske_Sestavy_Life_Cycle_api.spec.ts:201[39m[0m[0m]Krok 3: Sestava s ID 2842 úspěšně smazána.
]]></system-out>
    </testcase>
  </testsuite>
</testsuites>