<testsuites id="" name="" tests="30" failures="3" skipped="27" errors="0" time="184.39264300000002">
<testsuite name="Regrese\Sestavy\D001_alltimes_E2E.spec.ts" timestamp="2025-09-01T10:40:16.585Z" hostname="chromium" tests="10" failures="1" skipped="9" time="71.179" errors="0">
<testcase name="E2E testy pro sestavu D001 s plovoucím obdobím › TC-1287: Vytvoření sestavy pro období: &apos;Aktuální týden&apos;@regression @sestavy @E2E @medium @period @FloatPeriod" classname="Regrese\Sestavy\D001_alltimes_E2E.spec.ts" time="71.179">
<failure message="D001_alltimes_E2E.spec.ts:94:13 TC-1287: Vytvoření sestavy pro období: &apos;Aktuální týden&apos;@regression @sestavy @E2E @medium @period @FloatPeriod" type="FAILURE">
<![CDATA[  [chromium] › Regrese\Sestavy\D001_alltimes_E2E.spec.ts:94:13 › E2E testy pro sestavu D001 s plovoucím obdobím › TC-1287: Vytvoření sestavy pro období: 'Aktuální týden'@regression @sestavy @E2E @medium @period @FloatPeriod 

    Error: page.goto: net::ERR_CONNECTION_TIMED_OUT at http://192.168.130.239:8180/
    Call log:
      - navigating to "http://192.168.130.239:8180/", waiting until "load"


       at ..\support\fixtures\auth_FE.fixture.ts:14

      12 |         logger.info(`Připojuji na: ${baseURL} uživatele ${username}`);
      13 |         
    > 14 |         await page.goto('/');
         |                    ^
      15 |         await page.locator('input[type="text"]').fill(username);
      16 |         await page.locator('input[type="password"]').fill(passwordOne);
      17 |         await page.getByRole('button', { name: 'Log in' }).click();
        at Object.page (C:\Users\novakma\Testy_CBOS\support\fixtures\auth_FE.fixture.ts:14:20)

    attachment #1: video (video/webm) ──────────────────────────────────────────────────────────────
    test-results\Regrese-Sestavy-D001_allti-49e79-E-medium-period-FloatPeriod-chromium\video.webm
    ────────────────────────────────────────────────────────────────────────────────────────────────

    Error Context: ..\test-results\Regrese-Sestavy-D001_allti-49e79-E-medium-period-FloatPeriod-chromium\error-context.md

    Retry #1 ───────────────────────────────────────────────────────────────────────────────────────

    Error: page.goto: net::ERR_CONNECTION_TIMED_OUT at http://192.168.130.239:8180/
    Call log:
      - navigating to "http://192.168.130.239:8180/", waiting until "load"


       at ..\support\fixtures\auth_FE.fixture.ts:14

      12 |         logger.info(`Připojuji na: ${baseURL} uživatele ${username}`);
      13 |         
    > 14 |         await page.goto('/');
         |                    ^
      15 |         await page.locator('input[type="text"]').fill(username);
      16 |         await page.locator('input[type="password"]').fill(passwordOne);
      17 |         await page.getByRole('button', { name: 'Log in' }).click();
        at Object.page (C:\Users\novakma\Testy_CBOS\support\fixtures\auth_FE.fixture.ts:14:20)

    attachment #1: video (video/webm) ──────────────────────────────────────────────────────────────
    test-results\Regrese-Sestavy-D001_allti-49e79-E-medium-period-FloatPeriod-chromium-retry1\video.webm
    ────────────────────────────────────────────────────────────────────────────────────────────────

    Error Context: ..\test-results\Regrese-Sestavy-D001_allti-49e79-E-medium-period-FloatPeriod-chromium-retry1\error-context.md
]]>
</failure>
<system-out>
<![CDATA[2025[0m[0m-09[0m[0m-01[0m[0m 10[0m[0m:40[0m[0m:17[0m[0m.974[0m[0m [34m[1mINFO[22m[39m[0m[0m [[37m\support\fixtures\auth_FE.fixture.ts:12[39m[0m[0m]Připojuji na: http://192.168.130.239:8180 uživatele MN_TETST_AUTOMAT

[[ATTACHMENT|test-results\Regrese-Sestavy-D001_allti-49e79-E-medium-period-FloatPeriod-chromium\video.webm]]

[[ATTACHMENT|test-results\Regrese-Sestavy-D001_allti-49e79-E-medium-period-FloatPeriod-chromium\error-context.md]]
2025[0m[0m-09[0m[0m-01[0m[0m 10[0m[0m:41[0m[0m:04[0m[0m.950[0m[0m [34m[1mINFO[22m[39m[0m[0m [[37m\support\fixtures\auth_FE.fixture.ts:12[39m[0m[0m]Připojuji na: http://192.168.130.239:8180 uživatele MN_TETST_AUTOMAT

[[ATTACHMENT|test-results\Regrese-Sestavy-D001_allti-49e79-E-medium-period-FloatPeriod-chromium-retry1\video.webm]]

[[ATTACHMENT|test-results\Regrese-Sestavy-D001_allti-49e79-E-medium-period-FloatPeriod-chromium-retry1\error-context.md]]
]]>
</system-out>
</testcase>
<testcase name="E2E testy pro sestavu D001 s plovoucím obdobím › TC-1288: Vytvoření sestavy pro období: &apos;Druhé čtvrtletí&apos;@regression @sestavy @E2E @medium @period @FloatPeriod" classname="Regrese\Sestavy\D001_alltimes_E2E.spec.ts" time="0">
<skipped>
</skipped>
</testcase>
<testcase name="E2E testy pro sestavu D001 s plovoucím obdobím › TC-1289: Vytvoření sestavy pro období: &apos;Třetí čtvrtletí&apos;@regression @sestavy @E2E @medium @period @FloatPeriod" classname="Regrese\Sestavy\D001_alltimes_E2E.spec.ts" time="0">
<skipped>
</skipped>
</testcase>
<testcase name="E2E testy pro sestavu D001 s plovoucím obdobím › TC-1290: Vytvoření sestavy pro období: &apos;Čtvrté čtvrtletí&apos;@regression @sestavy @E2E @medium @period @FloatPeriod" classname="Regrese\Sestavy\D001_alltimes_E2E.spec.ts" time="0">
<skipped>
</skipped>
</testcase>
<testcase name="E2E testy pro sestavu D001 s plovoucím obdobím › TC-1291: Vytvoření sestavy pro období: &apos;První čtvrtletí&apos;@regression @sestavy @E2E @medium @period @FloatPeriod" classname="Regrese\Sestavy\D001_alltimes_E2E.spec.ts" time="0">
<skipped>
</skipped>
</testcase>
<testcase name="E2E testy pro sestavu D001 s plovoucím obdobím › TC-1291: Vytvoření sestavy pro období: &apos;Předchozí 2 týdny&apos;@regression @sestavy @E2E @medium @period @FloatPeriod" classname="Regrese\Sestavy\D001_alltimes_E2E.spec.ts" time="0">
<skipped>
</skipped>
</testcase>
<testcase name="E2E testy pro sestavu D001 s plovoucím obdobím › TC-1292: Vytvoření sestavy pro období: &apos;Aktuální měsíc&apos;@regression @sestavy @E2E @medium @period @FloatPeriod" classname="Regrese\Sestavy\D001_alltimes_E2E.spec.ts" time="0">
<skipped>
</skipped>
</testcase>
<testcase name="E2E testy pro sestavu D001 s plovoucím obdobím › TC-1293: Vytvoření sestavy pro období: &apos;Předchozí 3 měsíce&apos;@regression @sestavy @E2E @medium @period @FloatPeriod" classname="Regrese\Sestavy\D001_alltimes_E2E.spec.ts" time="0">
<skipped>
</skipped>
</testcase>
<testcase name="E2E testy pro sestavu D001 s plovoucím obdobím › TC-1294: Vytvoření sestavy pro období: &apos;minulý měsíc&apos;@regression @sestavy @E2E @medium @period @FloatPeriod" classname="Regrese\Sestavy\D001_alltimes_E2E.spec.ts" time="0">
<skipped>
</skipped>
</testcase>
<testcase name="E2E testy pro sestavu D001 s plovoucím obdobím › TC-1295: Vytvoření sestavy pro období: &apos;minulý týden&apos;@regression @sestavy @E2E @medium @period @FloatPeriod" classname="Regrese\Sestavy\D001_alltimes_E2E.spec.ts" time="0">
<skipped>
</skipped>
</testcase>
</testsuite>
<testsuite name="Regrese\Sestavy\D001_alltimes_E2E.spec.ts" timestamp="2025-09-01T10:40:16.585Z" hostname="firefox" tests="10" failures="1" skipped="9" time="44.064" errors="0">
<testcase name="E2E testy pro sestavu D001 s plovoucím obdobím › TC-1287: Vytvoření sestavy pro období: &apos;Aktuální týden&apos;@regression @sestavy @E2E @medium @period @FloatPeriod" classname="Regrese\Sestavy\D001_alltimes_E2E.spec.ts" time="44.064">
<failure message="D001_alltimes_E2E.spec.ts:94:13 TC-1287: Vytvoření sestavy pro období: &apos;Aktuální týden&apos;@regression @sestavy @E2E @medium @period @FloatPeriod" type="FAILURE">
<![CDATA[  [firefox] › Regrese\Sestavy\D001_alltimes_E2E.spec.ts:94:13 › E2E testy pro sestavu D001 s plovoucím obdobím › TC-1287: Vytvoření sestavy pro období: 'Aktuální týden'@regression @sestavy @E2E @medium @period @FloatPeriod 

    Error: page.goto: NS_ERROR_NET_TIMEOUT
    Call log:
      - navigating to "http://192.168.130.239:8180/", waiting until "load"


       at ..\support\fixtures\auth_FE.fixture.ts:14

      12 |         logger.info(`Připojuji na: ${baseURL} uživatele ${username}`);
      13 |         
    > 14 |         await page.goto('/');
         |                    ^
      15 |         await page.locator('input[type="text"]').fill(username);
      16 |         await page.locator('input[type="password"]').fill(passwordOne);
      17 |         await page.getByRole('button', { name: 'Log in' }).click();
        at Object.page (C:\Users\novakma\Testy_CBOS\support\fixtures\auth_FE.fixture.ts:14:20)

    attachment #1: video (video/webm) ──────────────────────────────────────────────────────────────
    test-results\Regrese-Sestavy-D001_allti-49e79-E-medium-period-FloatPeriod-firefox\video.webm
    ────────────────────────────────────────────────────────────────────────────────────────────────

    Error Context: ..\test-results\Regrese-Sestavy-D001_allti-49e79-E-medium-period-FloatPeriod-firefox\error-context.md

    Retry #1 ───────────────────────────────────────────────────────────────────────────────────────

    Error: page.goto: NS_ERROR_NET_TIMEOUT
    Call log:
      - navigating to "http://192.168.130.239:8180/", waiting until "load"


       at ..\support\fixtures\auth_FE.fixture.ts:14

      12 |         logger.info(`Připojuji na: ${baseURL} uživatele ${username}`);
      13 |         
    > 14 |         await page.goto('/');
         |                    ^
      15 |         await page.locator('input[type="text"]').fill(username);
      16 |         await page.locator('input[type="password"]').fill(passwordOne);
      17 |         await page.getByRole('button', { name: 'Log in' }).click();
        at Object.page (C:\Users\novakma\Testy_CBOS\support\fixtures\auth_FE.fixture.ts:14:20)

    attachment #1: video (video/webm) ──────────────────────────────────────────────────────────────
    test-results\Regrese-Sestavy-D001_allti-49e79-E-medium-period-FloatPeriod-firefox-retry1\video.webm
    ────────────────────────────────────────────────────────────────────────────────────────────────

    Error Context: ..\test-results\Regrese-Sestavy-D001_allti-49e79-E-medium-period-FloatPeriod-firefox-retry1\error-context.md
]]>
</failure>
<system-out>
<![CDATA[2025[0m[0m-09[0m[0m-01[0m[0m 10[0m[0m:41[0m[0m:32[0m[0m.777[0m[0m [34m[1mINFO[22m[39m[0m[0m [[37m\support\fixtures\auth_FE.fixture.ts:12[39m[0m[0m]Připojuji na: http://192.168.130.239:8180 uživatele MN_TETST_AUTOMAT

[[ATTACHMENT|test-results\Regrese-Sestavy-D001_allti-49e79-E-medium-period-FloatPeriod-firefox\video.webm]]

[[ATTACHMENT|test-results\Regrese-Sestavy-D001_allti-49e79-E-medium-period-FloatPeriod-firefox\error-context.md]]
2025[0m[0m-09[0m[0m-01[0m[0m 10[0m[0m:41[0m[0m:56[0m[0m.364[0m[0m [34m[1mINFO[22m[39m[0m[0m [[37m\support\fixtures\auth_FE.fixture.ts:12[39m[0m[0m]Připojuji na: http://192.168.130.239:8180 uživatele MN_TETST_AUTOMAT

[[ATTACHMENT|test-results\Regrese-Sestavy-D001_allti-49e79-E-medium-period-FloatPeriod-firefox-retry1\video.webm]]

[[ATTACHMENT|test-results\Regrese-Sestavy-D001_allti-49e79-E-medium-period-FloatPeriod-firefox-retry1\error-context.md]]
]]>
</system-out>
</testcase>
<testcase name="E2E testy pro sestavu D001 s plovoucím obdobím › TC-1288: Vytvoření sestavy pro období: &apos;Druhé čtvrtletí&apos;@regression @sestavy @E2E @medium @period @FloatPeriod" classname="Regrese\Sestavy\D001_alltimes_E2E.spec.ts" time="0">
<skipped>
</skipped>
</testcase>
<testcase name="E2E testy pro sestavu D001 s plovoucím obdobím › TC-1289: Vytvoření sestavy pro období: &apos;Třetí čtvrtletí&apos;@regression @sestavy @E2E @medium @period @FloatPeriod" classname="Regrese\Sestavy\D001_alltimes_E2E.spec.ts" time="0">
<skipped>
</skipped>
</testcase>
<testcase name="E2E testy pro sestavu D001 s plovoucím obdobím › TC-1290: Vytvoření sestavy pro období: &apos;Čtvrté čtvrtletí&apos;@regression @sestavy @E2E @medium @period @FloatPeriod" classname="Regrese\Sestavy\D001_alltimes_E2E.spec.ts" time="0">
<skipped>
</skipped>
</testcase>
<testcase name="E2E testy pro sestavu D001 s plovoucím obdobím › TC-1291: Vytvoření sestavy pro období: &apos;První čtvrtletí&apos;@regression @sestavy @E2E @medium @period @FloatPeriod" classname="Regrese\Sestavy\D001_alltimes_E2E.spec.ts" time="0">
<skipped>
</skipped>
</testcase>
<testcase name="E2E testy pro sestavu D001 s plovoucím obdobím › TC-1291: Vytvoření sestavy pro období: &apos;Předchozí 2 týdny&apos;@regression @sestavy @E2E @medium @period @FloatPeriod" classname="Regrese\Sestavy\D001_alltimes_E2E.spec.ts" time="0">
<skipped>
</skipped>
</testcase>
<testcase name="E2E testy pro sestavu D001 s plovoucím obdobím › TC-1292: Vytvoření sestavy pro období: &apos;Aktuální měsíc&apos;@regression @sestavy @E2E @medium @period @FloatPeriod" classname="Regrese\Sestavy\D001_alltimes_E2E.spec.ts" time="0">
<skipped>
</skipped>
</testcase>
<testcase name="E2E testy pro sestavu D001 s plovoucím obdobím › TC-1293: Vytvoření sestavy pro období: &apos;Předchozí 3 měsíce&apos;@regression @sestavy @E2E @medium @period @FloatPeriod" classname="Regrese\Sestavy\D001_alltimes_E2E.spec.ts" time="0">
<skipped>
</skipped>
</testcase>
<testcase name="E2E testy pro sestavu D001 s plovoucím obdobím › TC-1294: Vytvoření sestavy pro období: &apos;minulý měsíc&apos;@regression @sestavy @E2E @medium @period @FloatPeriod" classname="Regrese\Sestavy\D001_alltimes_E2E.spec.ts" time="0">
<skipped>
</skipped>
</testcase>
<testcase name="E2E testy pro sestavu D001 s plovoucím obdobím › TC-1295: Vytvoření sestavy pro období: &apos;minulý týden&apos;@regression @sestavy @E2E @medium @period @FloatPeriod" classname="Regrese\Sestavy\D001_alltimes_E2E.spec.ts" time="0">
<skipped>
</skipped>
</testcase>
</testsuite>
<testsuite name="Regrese\Sestavy\D001_alltimes_E2E.spec.ts" timestamp="2025-09-01T10:40:16.585Z" hostname="edge" tests="10" failures="1" skipped="9" time="59.524" errors="0">
<testcase name="E2E testy pro sestavu D001 s plovoucím obdobím › TC-1287: Vytvoření sestavy pro období: &apos;Aktuální týden&apos;@regression @sestavy @E2E @medium @period @FloatPeriod" classname="Regrese\Sestavy\D001_alltimes_E2E.spec.ts" time="59.524">
<failure message="D001_alltimes_E2E.spec.ts:94:13 TC-1287: Vytvoření sestavy pro období: &apos;Aktuální týden&apos;@regression @sestavy @E2E @medium @period @FloatPeriod" type="FAILURE">
<![CDATA[  [edge] › Regrese\Sestavy\D001_alltimes_E2E.spec.ts:94:13 › E2E testy pro sestavu D001 s plovoucím obdobím › TC-1287: Vytvoření sestavy pro období: 'Aktuální týden'@regression @sestavy @E2E @medium @period @FloatPeriod 

    Error: page.goto: net::ERR_CONNECTION_TIMED_OUT at http://192.168.130.239:8180/
    Call log:
      - navigating to "http://192.168.130.239:8180/", waiting until "load"


       at ..\support\fixtures\auth_FE.fixture.ts:14

      12 |         logger.info(`Připojuji na: ${baseURL} uživatele ${username}`);
      13 |         
    > 14 |         await page.goto('/');
         |                    ^
      15 |         await page.locator('input[type="text"]').fill(username);
      16 |         await page.locator('input[type="password"]').fill(passwordOne);
      17 |         await page.getByRole('button', { name: 'Log in' }).click();
        at Object.page (C:\Users\novakma\Testy_CBOS\support\fixtures\auth_FE.fixture.ts:14:20)

    attachment #1: video (video/webm) ──────────────────────────────────────────────────────────────
    test-results\Regrese-Sestavy-D001_allti-49e79-E-medium-period-FloatPeriod-edge\video.webm
    ────────────────────────────────────────────────────────────────────────────────────────────────

    Error Context: ..\test-results\Regrese-Sestavy-D001_allti-49e79-E-medium-period-FloatPeriod-edge\error-context.md

    Retry #1 ───────────────────────────────────────────────────────────────────────────────────────

    Error: page.goto: net::ERR_CONNECTION_TIMED_OUT at http://192.168.130.239:8180/
    Call log:
      - navigating to "http://192.168.130.239:8180/", waiting until "load"


       at ..\support\fixtures\auth_FE.fixture.ts:14

      12 |         logger.info(`Připojuji na: ${baseURL} uživatele ${username}`);
      13 |         
    > 14 |         await page.goto('/');
         |                    ^
      15 |         await page.locator('input[type="text"]').fill(username);
      16 |         await page.locator('input[type="password"]').fill(passwordOne);
      17 |         await page.getByRole('button', { name: 'Log in' }).click();
        at Object.page (C:\Users\novakma\Testy_CBOS\support\fixtures\auth_FE.fixture.ts:14:20)

    attachment #1: video (video/webm) ──────────────────────────────────────────────────────────────
    test-results\Regrese-Sestavy-D001_allti-49e79-E-medium-period-FloatPeriod-edge-retry1\video.webm
    ────────────────────────────────────────────────────────────────────────────────────────────────

    Error Context: ..\test-results\Regrese-Sestavy-D001_allti-49e79-E-medium-period-FloatPeriod-edge-retry1\error-context.md
]]>
</failure>
<system-out>
<![CDATA[2025[0m[0m-09[0m[0m-01[0m[0m 10[0m[0m:42[0m[0m:19[0m[0m.684[0m[0m [34m[1mINFO[22m[39m[0m[0m [[37m\support\fixtures\auth_FE.fixture.ts:12[39m[0m[0m]Připojuji na: http://192.168.130.239:8180 uživatele MN_TETST_AUTOMAT

[[ATTACHMENT|test-results\Regrese-Sestavy-D001_allti-49e79-E-medium-period-FloatPeriod-edge\video.webm]]

[[ATTACHMENT|test-results\Regrese-Sestavy-D001_allti-49e79-E-medium-period-FloatPeriod-edge\error-context.md]]
2025[0m[0m-09[0m[0m-01[0m[0m 10[0m[0m:42[0m[0m:56[0m[0m.847[0m[0m [34m[1mINFO[22m[39m[0m[0m [[37m\support\fixtures\auth_FE.fixture.ts:12[39m[0m[0m]Připojuji na: http://192.168.130.239:8180 uživatele MN_TETST_AUTOMAT

[[ATTACHMENT|test-results\Regrese-Sestavy-D001_allti-49e79-E-medium-period-FloatPeriod-edge-retry1\video.webm]]

[[ATTACHMENT|test-results\Regrese-Sestavy-D001_allti-49e79-E-medium-period-FloatPeriod-edge-retry1\error-context.md]]
]]>
</system-out>
</testcase>
<testcase name="E2E testy pro sestavu D001 s plovoucím obdobím › TC-1288: Vytvoření sestavy pro období: &apos;Druhé čtvrtletí&apos;@regression @sestavy @E2E @medium @period @FloatPeriod" classname="Regrese\Sestavy\D001_alltimes_E2E.spec.ts" time="0">
<skipped>
</skipped>
</testcase>
<testcase name="E2E testy pro sestavu D001 s plovoucím obdobím › TC-1289: Vytvoření sestavy pro období: &apos;Třetí čtvrtletí&apos;@regression @sestavy @E2E @medium @period @FloatPeriod" classname="Regrese\Sestavy\D001_alltimes_E2E.spec.ts" time="0">
<skipped>
</skipped>
</testcase>
<testcase name="E2E testy pro sestavu D001 s plovoucím obdobím › TC-1290: Vytvoření sestavy pro období: &apos;Čtvrté čtvrtletí&apos;@regression @sestavy @E2E @medium @period @FloatPeriod" classname="Regrese\Sestavy\D001_alltimes_E2E.spec.ts" time="0">
<skipped>
</skipped>
</testcase>
<testcase name="E2E testy pro sestavu D001 s plovoucím obdobím › TC-1291: Vytvoření sestavy pro období: &apos;První čtvrtletí&apos;@regression @sestavy @E2E @medium @period @FloatPeriod" classname="Regrese\Sestavy\D001_alltimes_E2E.spec.ts" time="0">
<skipped>
</skipped>
</testcase>
<testcase name="E2E testy pro sestavu D001 s plovoucím obdobím › TC-1291: Vytvoření sestavy pro období: &apos;Předchozí 2 týdny&apos;@regression @sestavy @E2E @medium @period @FloatPeriod" classname="Regrese\Sestavy\D001_alltimes_E2E.spec.ts" time="0">
<skipped>
</skipped>
</testcase>
<testcase name="E2E testy pro sestavu D001 s plovoucím obdobím › TC-1292: Vytvoření sestavy pro období: &apos;Aktuální měsíc&apos;@regression @sestavy @E2E @medium @period @FloatPeriod" classname="Regrese\Sestavy\D001_alltimes_E2E.spec.ts" time="0">
<skipped>
</skipped>
</testcase>
<testcase name="E2E testy pro sestavu D001 s plovoucím obdobím › TC-1293: Vytvoření sestavy pro období: &apos;Předchozí 3 měsíce&apos;@regression @sestavy @E2E @medium @period @FloatPeriod" classname="Regrese\Sestavy\D001_alltimes_E2E.spec.ts" time="0">
<skipped>
</skipped>
</testcase>
<testcase name="E2E testy pro sestavu D001 s plovoucím obdobím › TC-1294: Vytvoření sestavy pro období: &apos;minulý měsíc&apos;@regression @sestavy @E2E @medium @period @FloatPeriod" classname="Regrese\Sestavy\D001_alltimes_E2E.spec.ts" time="0">
<skipped>
</skipped>
</testcase>
<testcase name="E2E testy pro sestavu D001 s plovoucím obdobím › TC-1295: Vytvoření sestavy pro období: &apos;minulý týden&apos;@regression @sestavy @E2E @medium @period @FloatPeriod" classname="Regrese\Sestavy\D001_alltimes_E2E.spec.ts" time="0">
<skipped>
</skipped>
</testcase>
</testsuite>
</testsuites>