<testsuites id="" name="" tests="15" failures="0" skipped="0" errors="0" time="25.234846">
  <testsuite name="Regrese\Sestavy\Uzivatelske_Sestavy_Life_Cycle_api.spec.ts" timestamp="2025-11-06T20:54:12.501Z" hostname="API" tests="15" failures="0" skipped="0" time="24.164" errors="0">
    <testcase name="TC_Sestavy_001: Krok 1: POST, Krok 2: GET, Krok 3: DELETE @regression @report @api @medium" classname="Regrese\Sestavy\Uzivatelske_Sestavy_Life_Cycle_api.spec.ts" time="1.13"/>
    <testcase name="TC_Sestavy_002: Krok 1: POST, Krok 2: GET, Krok 3: DELETE @regression @report @api @medium" classname="Regrese\Sestavy\Uzivatelske_Sestavy_Life_Cycle_api.spec.ts" time="0.99">
      <system-out><![CDATA[2025[0m[0m-11[0m[0m-06[0m[0m 20[0m[0m:54[0m[0m:15[0m[0m.433[0m[0m [33m[1mWARN[22m[39m[0m[0m [[37m\tests\Regrese\Sestavy\Uzivatelske_Sestavy_Life_Cycle_api.spec.ts:128[39m[0m[0m]Krok 2: Počet položek (itemsCount) je 0. Sestava je prázdná, ale test pokračuje.
]]></system-out>
    </testcase>
    <testcase name="TC_Sestavy_003: Krok 1: POST, Krok 2: GET, Krok 3: DELETE @regression @report @api @medium" classname="Regrese\Sestavy\Uzivatelske_Sestavy_Life_Cycle_api.spec.ts" time="0.964">
      <system-out><![CDATA[2025[0m[0m-11[0m[0m-06[0m[0m 20[0m[0m:54[0m[0m:16[0m[0m.389[0m[0m [33m[1mWARN[22m[39m[0m[0m [[37m\tests\Regrese\Sestavy\Uzivatelske_Sestavy_Life_Cycle_api.spec.ts:128[39m[0m[0m]Krok 2: Počet položek (itemsCount) je 0. Sestava je prázdná, ale test pokračuje.
]]></system-out>
    </testcase>
    <testcase name="TC_Sestavy_004: Krok 1: POST, Krok 2: GET, Krok 3: DELETE @regression @report @api @medium" classname="Regrese\Sestavy\Uzivatelske_Sestavy_Life_Cycle_api.spec.ts" time="0.813"/>
    <testcase name="TC_Sestavy_005: Krok 1: POST, Krok 2: GET, Krok 3: DELETE @regression @report @api @medium" classname="Regrese\Sestavy\Uzivatelske_Sestavy_Life_Cycle_api.spec.ts" time="0.842"/>
    <testcase name="TC_Sestavy_006: Krok 1: POST, Krok 2: GET, Krok 3: DELETE @regression @report @api @medium" classname="Regrese\Sestavy\Uzivatelske_Sestavy_Life_Cycle_api.spec.ts" time="11.278"/>
    <testcase name="TC_Sestavy_007: Krok 1: POST, Krok 2: GET, Krok 3: DELETE @regression @report @api @medium" classname="Regrese\Sestavy\Uzivatelske_Sestavy_Life_Cycle_api.spec.ts" time="0.895"/>
    <testcase name="TC_Sestavy_008: Krok 1: POST, Krok 2: GET, Krok 3: DELETE @regression @report @api @medium" classname="Regrese\Sestavy\Uzivatelske_Sestavy_Life_Cycle_api.spec.ts" time="0.828">
      <system-out><![CDATA[2025[0m[0m-11[0m[0m-06[0m[0m 20[0m[0m:54[0m[0m:31[0m[0m.120[0m[0m [33m[1mWARN[22m[39m[0m[0m [[37m\tests\Regrese\Sestavy\Uzivatelske_Sestavy_Life_Cycle_api.spec.ts:128[39m[0m[0m]Krok 2: Počet položek (itemsCount) je 0. Sestava je prázdná, ale test pokračuje.
]]></system-out>
    </testcase>
    <testcase name="TC_Sestavy_009: Krok 1: POST, Krok 2: GET, Krok 3: DELETE @regression @report @api @medium" classname="Regrese\Sestavy\Uzivatelske_Sestavy_Life_Cycle_api.spec.ts" time="1.089"/>
    <testcase name="TC_Sestavy_010: Krok 1: POST, Krok 2: GET, Krok 3: DELETE @regression @report @api @medium" classname="Regrese\Sestavy\Uzivatelske_Sestavy_Life_Cycle_api.spec.ts" time="1.008"/>
    <testcase name="TC_Sestavy_011: Krok 1: POST, Krok 2: GET, Krok 3: DELETE @regression @report @api @medium" classname="Regrese\Sestavy\Uzivatelske_Sestavy_Life_Cycle_api.spec.ts" time="1.048"/>
    <testcase name="TC_Sestavy_012: Krok 1: POST, Krok 2: GET, Krok 3: DELETE @regression @report @api @medium" classname="Regrese\Sestavy\Uzivatelske_Sestavy_Life_Cycle_api.spec.ts" time="0.848"/>
    <testcase name="TC_Sestavy_013: Krok 1: POST, Krok 2: GET, Krok 3: DELETE @regression @report @api @medium" classname="Regrese\Sestavy\Uzivatelske_Sestavy_Life_Cycle_api.spec.ts" time="0.789">
      <system-out><![CDATA[2025[0m[0m-11[0m[0m-06[0m[0m 20[0m[0m:54[0m[0m:35[0m[0m.933[0m[0m [33m[1mWARN[22m[39m[0m[0m [[37m\tests\Regrese\Sestavy\Uzivatelske_Sestavy_Life_Cycle_api.spec.ts:128[39m[0m[0m]Krok 2: Počet položek (itemsCount) je 0. Sestava je prázdná, ale test pokračuje.
]]></system-out>
    </testcase>
    <testcase name="TC_Sestavy_014: Krok 1: POST, Krok 2: GET, Krok 3: DELETE @regression @report @api @medium" classname="Regrese\Sestavy\Uzivatelske_Sestavy_Life_Cycle_api.spec.ts" time="0.803"/>
    <testcase name="TC_Sestavy_015: Krok 1: POST, Krok 2: GET, Krok 3: DELETE @regression @report @api @medium" classname="Regrese\Sestavy\Uzivatelske_Sestavy_Life_Cycle_api.spec.ts" time="0.839"/>
  </testsuite>
</testsuites>