<testsuites id="" name="" tests="7" failures="0" skipped="0" errors="0" time="6.732854">
  <testsuite name="Smoke\Smoke_All_Gets_api.spec.ts" timestamp="2025-11-13T10:24:44.405Z" hostname="API" tests="7" failures="0" skipped="0" time="5.596" errors="0">
    <testcase name="API Smoke Tests - GET Endpoints › Authenticated GETs from JSON › TC-175: Endpoint &quot;GET /administration-api/listOfCardDefinitions Seznam definic karet (základní)&quot; @api @smoke @high @cards @list @test" classname="Smoke\Smoke_All_Gets_api.spec.ts" time="1.253" id="TC-175"/>
    <testcase name="API Smoke Tests - GET Endpoints › Authenticated GETs from JSON › TC-176: Endpoint &quot;GET /administration-api/listOfCardDefinitions Seznam definic karet řazeno dle ISO karty&quot; @api @smoke @medium @cards @sort @test" classname="Smoke\Smoke_All_Gets_api.spec.ts" time="0.796" id="TC-176"/>
    <testcase name="API Smoke Tests - GET Endpoints › Authenticated GETs from JSON › TC-177: Endpoint &quot;GET /administration-api/listOfCardDefinitions Seznam definic karet řazeno dle Název karty&quot; @api @smoke @medium @cards @sort @test" classname="Smoke\Smoke_All_Gets_api.spec.ts" time="0.801" id="TC-177"/>
    <testcase name="API Smoke Tests - GET Endpoints › Authenticated GETs from JSON › TC-178: Endpoint &quot;GET /administration-api/listOfCardDefinitions Seznam definic karet řazeno dle Typ vydavatele karet&quot; @api @smoke @medium @cards @sort @test" classname="Smoke\Smoke_All_Gets_api.spec.ts" time="0.698" id="TC-178"/>
    <testcase name="API Smoke Tests - GET Endpoints › Authenticated GETs from JSON › TC-179: Endpoint &quot;GET /administration-api/listOfCardDefinitions Seznam definic karet řazeno dle Začátek platnosti&quot; @api @smoke @medium @cards @sort @test" classname="Smoke\Smoke_All_Gets_api.spec.ts" time="0.682" id="TC-179"/>
    <testcase name="API Smoke Tests - GET Endpoints › Authenticated GETs from JSON › TC-180: Endpoint &quot;GET /administration-api/listOfCardDefinitions Seznam definic karet řazeno dle Konec platnosti&quot; @api @smoke @medium @cards @sort @test" classname="Smoke\Smoke_All_Gets_api.spec.ts" time="0.683" id="TC-180"/>
    <testcase name="API Smoke Tests - GET Endpoints › Authenticated GETs from JSON › TC-181: Endpoint &quot;GET /administration-api/listOfCardDefinitions Seznam definic karet řazeno dle Poslední změny&quot; @api @smoke @medium @cards @sort @test" classname="Smoke\Smoke_All_Gets_api.spec.ts" time="0.683" id="TC-181"/>
  </testsuite>
</testsuites>