<testsuites id="" name="" tests="15" failures="0" skipped="11" errors="0" time="6.0366219999999995">
  <testsuite name="Regrese\Sestavy\Uzivatelske_Sestavy_Life_Cycle_api.spec.ts" timestamp="2025-11-06T21:09:40.674Z" hostname="API" tests="15" failures="0" skipped="11" time="4.937" errors="0">
    <testcase name="TC_Sestavy_001: Krok 1: POST, Krok 2: GET, Krok 3: DELETE @regression @report @api @medium" classname="Regrese\Sestavy\Uzivatelske_Sestavy_Life_Cycle_api.spec.ts" time="1.145">
      <system-out><![CDATA[2025[0m[0m-11[0m[0m-06[0m[0m 21[0m[0m:09[0m[0m:42[0m[0m.375[0m[0m [32m[1mDEBUG[22m[39m[0m[0m [[37m\support\fixtures\auth.fixture.ts:45[39m[0m[0m]FIXTURE 'authToken': Kontroluji, zda je odpověď OK (status 2xx)...
2025[0m[0m-11[0m[0m-06[0m[0m 21[0m[0m:09[0m[0m:42[0m[0m.389[0m[0m [34m[1mINFO[22m[39m[0m[0m [[37m\tests\Regrese\Sestavy\Uzivatelske_Sestavy_Life_Cycle_api.spec.ts:46[39m[0m[0m]Spouštím test životního cyklu sestavy: Přehled prodejů (D001) - 1762463382389 (Definice: D001)
2025[0m[0m-11[0m[0m-06[0m[0m 21[0m[0m:09[0m[0m:42[0m[0m.395[0m[0m [34m[1mINFO[22m[39m[0m[0m [[37m\tests\Regrese\Sestavy\Uzivatelske_Sestavy_Life_Cycle_api.spec.ts:52[39m[0m[0m]Krok 1: Vytváření nové sestavy: Přehled prodejů (D001) - 1762463382389
2025[0m[0m-11[0m[0m-06[0m[0m 21[0m[0m:09[0m[0m:42[0m[0m.399[0m[0m [32m[1mDEBUG[22m[39m[0m[0m [[37m\tests\Regrese\Sestavy\Uzivatelske_Sestavy_Life_Cycle_api.spec.ts:66[39m[0m[0m]Payload pro /reports-api/usersReports/60193531: {
  "name": "Přehled prodejů (D001) - 1762463382389",
  "public": false,
  "reportDefinitionId": "D001",
  "settings": {
    "availableFilters": [
      "stockId",
      "stkitmType",
      "groupId",
      "goodsOwnerId",
      "paidBy",
      "cardOwnerId",
      "cardIssuerId"
    ],
    "dateModelType": "range",
    "dateFrom": "2025-07-03T23:00:00.000Z",
    "dateTo": null,
    "stockId": [],
    "stkitmType": [],
    "groupId": [],
    "goodsOwnerId": [],
    "paidBy": [],
    "cardOwnerId": [],
    "cardIssuerId": [],
    "sort": "",
    "exportParameters": {
      "tabsParam": "",
      "exportIntoTabs": false,
      "exportFileName": false,
      "exportDateTime": true,
      "summaries": false
    }
  }
}
2025[0m[0m-11[0m[0m-06[0m[0m 21[0m[0m:09[0m[0m:42[0m[0m.662[0m[0m [34m[1mINFO[22m[39m[0m[0m [[37m\api\BaseApiClient.ts:94[39m[0m[0m][2667a8b9] <--- 200 POST http://192.168.130.240:8180/reports-api/usersReports/60193531 (259.61 ms)
2025[0m[0m-11[0m[0m-06[0m[0m 21[0m[0m:09[0m[0m:42[0m[0m.666[0m[0m [34m[1mINFO[22m[39m[0m[0m [[37m\tests\Regrese\Sestavy\Uzivatelske_Sestavy_Life_Cycle_api.spec.ts:73[39m[0m[0m]Krok 1: Sestava úspěšně vytvořena (Status 201 OK).
2025[0m[0m-11[0m[0m-06[0m[0m 21[0m[0m:09[0m[0m:42[0m[0m.668[0m[0m [34m[1mINFO[22m[39m[0m[0m [[37m\tests\Regrese\Sestavy\Uzivatelske_Sestavy_Life_Cycle_api.spec.ts:85[39m[0m[0m]Krok 2: Ověření vytvoření sestavy a čtení dat.
2025[0m[0m-11[0m[0m-06[0m[0m 21[0m[0m:09[0m[0m:42[0m[0m.669[0m[0m [32m[1mDEBUG[22m[39m[0m[0m [[37m\tests\Regrese\Sestavy\Uzivatelske_Sestavy_Life_Cycle_api.spec.ts:96[39m[0m[0m]Parametry pro /reports-api/listOfUsersReports/60193531: {"offset":0,"limit":1,"sort":"-updated"}
2025[0m[0m-11[0m[0m-06[0m[0m 21[0m[0m:09[0m[0m:42[0m[0m.708[0m[0m [34m[1mINFO[22m[39m[0m[0m [[37m\api\BaseApiClient.ts:94[39m[0m[0m][30e230b9] <--- 200 GET http://192.168.130.240:8180/reports-api/listOfUsersReports/60193531 (35.77 ms)
2025[0m[0m-11[0m[0m-06[0m[0m 21[0m[0m:09[0m[0m:42[0m[0m.714[0m[0m [34m[1mINFO[22m[39m[0m[0m [[37m\tests\Regrese\Sestavy\Uzivatelske_Sestavy_Life_Cycle_api.spec.ts:118[39m[0m[0m]Krok 2: Sestava 'Přehled prodejů (D001) - 1762463382389' úspěšně nalezena s ID: 1455.
2025[0m[0m-11[0m[0m-06[0m[0m 21[0m[0m:09[0m[0m:42[0m[0m.715[0m[0m [32m[1mDEBUG[22m[39m[0m[0m [[37m\tests\Regrese\Sestavy\Uzivatelske_Sestavy_Life_Cycle_api.spec.ts:122[39m[0m[0m]Nalezen počet položek (itemsCount): 1616
2025[0m[0m-11[0m[0m-06[0m[0m 21[0m[0m:09[0m[0m:42[0m[0m.717[0m[0m [34m[1mINFO[22m[39m[0m[0m [[37m\tests\Regrese\Sestavy\Uzivatelske_Sestavy_Life_Cycle_api.spec.ts:130[39m[0m[0m]Krok 2: Sestava obsahuje 1616 položek.
2025[0m[0m-11[0m[0m-06[0m[0m 21[0m[0m:09[0m[0m:42[0m[0m.719[0m[0m [32m[1mDEBUG[22m[39m[0m[0m [[37m\tests\Regrese\Sestavy\Uzivatelske_Sestavy_Life_Cycle_api.spec.ts:133[39m[0m[0m]Sestava 'Přehled prodejů (D001) - 1762463382389' má vlastnost public: false
2025[0m[0m-11[0m[0m-06[0m[0m 21[0m[0m:09[0m[0m:42[0m[0m.724[0m[0m [34m[1mINFO[22m[39m[0m[0m [[37m\tests\Regrese\Sestavy\Uzivatelske_Sestavy_Life_Cycle_api.spec.ts:158[39m[0m[0m]Krok 3: Mažu vytvořenou sestavu s ID: 1455
2025[0m[0m-11[0m[0m-06[0m[0m 21[0m[0m:09[0m[0m:42[0m[0m.765[0m[0m [34m[1mINFO[22m[39m[0m[0m [[37m\api\BaseApiClient.ts:94[39m[0m[0m][77ee764d] <--- 200 DELETE http://192.168.130.240:8180/reports-api/usersReports/1455 (37.65 ms)
2025[0m[0m-11[0m[0m-06[0m[0m 21[0m[0m:09[0m[0m:42[0m[0m.768[0m[0m [34m[1mINFO[22m[39m[0m[0m [[37m\tests\Regrese\Sestavy\Uzivatelske_Sestavy_Life_Cycle_api.spec.ts:165[39m[0m[0m]Krok 3: Sestava s ID 1455 úspěšně smazána.
]]></system-out>
    </testcase>
    <testcase name="TC_Sestavy_002: Krok 1: POST, Krok 2: GET, Krok 3: DELETE @regression @report @api @medium" classname="Regrese\Sestavy\Uzivatelske_Sestavy_Life_Cycle_api.spec.ts" time="1.238">
      <system-out><![CDATA[2025[0m[0m-11[0m[0m-06[0m[0m 21[0m[0m:09[0m[0m:43[0m[0m.688[0m[0m [32m[1mDEBUG[22m[39m[0m[0m [[37m\support\fixtures\auth.fixture.ts:45[39m[0m[0m]FIXTURE 'authToken': Kontroluji, zda je odpověď OK (status 2xx)...
2025[0m[0m-11[0m[0m-06[0m[0m 21[0m[0m:09[0m[0m:43[0m[0m.692[0m[0m [34m[1mINFO[22m[39m[0m[0m [[37m\tests\Regrese\Sestavy\Uzivatelske_Sestavy_Life_Cycle_api.spec.ts:46[39m[0m[0m]Spouštím test životního cyklu sestavy: Přehled prodejů PHM pro FÚ - 1762463383692 (Definice: D002)
2025[0m[0m-11[0m[0m-06[0m[0m 21[0m[0m:09[0m[0m:43[0m[0m.694[0m[0m [34m[1mINFO[22m[39m[0m[0m [[37m\tests\Regrese\Sestavy\Uzivatelske_Sestavy_Life_Cycle_api.spec.ts:52[39m[0m[0m]Krok 1: Vytváření nové sestavy: Přehled prodejů PHM pro FÚ - 1762463383692
2025[0m[0m-11[0m[0m-06[0m[0m 21[0m[0m:09[0m[0m:43[0m[0m.696[0m[0m [32m[1mDEBUG[22m[39m[0m[0m [[37m\tests\Regrese\Sestavy\Uzivatelske_Sestavy_Life_Cycle_api.spec.ts:66[39m[0m[0m]Payload pro /reports-api/usersReports/60193531: {
  "name": "Přehled prodejů PHM pro FÚ - 1762463383692",
  "public": false,
  "reportDefinitionId": "D002",
  "settings": {
    "availableFilters": [
      "stockId"
    ],
    "dateModelType": "ymd",
    "year": 2025,
    "month": 1,
    "day": "0",
    "stockId": [],
    "sort": "",
    "exportParameters": {
      "tabsParam": "",
      "exportIntoTabs": false,
      "exportFileName": false,
      "exportDateTime": true,
      "summaries": false
    }
  }
}
2025[0m[0m-11[0m[0m-06[0m[0m 21[0m[0m:09[0m[0m:43[0m[0m.882[0m[0m [34m[1mINFO[22m[39m[0m[0m [[37m\api\BaseApiClient.ts:94[39m[0m[0m][7c9d383d] <--- 200 POST http://192.168.130.240:8180/reports-api/usersReports/60193531 (183.21 ms)
2025[0m[0m-11[0m[0m-06[0m[0m 21[0m[0m:09[0m[0m:43[0m[0m.885[0m[0m [34m[1mINFO[22m[39m[0m[0m [[37m\tests\Regrese\Sestavy\Uzivatelske_Sestavy_Life_Cycle_api.spec.ts:73[39m[0m[0m]Krok 1: Sestava úspěšně vytvořena (Status 201 OK).
2025[0m[0m-11[0m[0m-06[0m[0m 21[0m[0m:09[0m[0m:43[0m[0m.887[0m[0m [34m[1mINFO[22m[39m[0m[0m [[37m\tests\Regrese\Sestavy\Uzivatelske_Sestavy_Life_Cycle_api.spec.ts:85[39m[0m[0m]Krok 2: Ověření vytvoření sestavy a čtení dat.
2025[0m[0m-11[0m[0m-06[0m[0m 21[0m[0m:09[0m[0m:43[0m[0m.888[0m[0m [32m[1mDEBUG[22m[39m[0m[0m [[37m\tests\Regrese\Sestavy\Uzivatelske_Sestavy_Life_Cycle_api.spec.ts:96[39m[0m[0m]Parametry pro /reports-api/listOfUsersReports/60193531: {"offset":0,"limit":1,"sort":"-updated"}
2025[0m[0m-11[0m[0m-06[0m[0m 21[0m[0m:09[0m[0m:43[0m[0m.938[0m[0m [34m[1mINFO[22m[39m[0m[0m [[37m\api\BaseApiClient.ts:94[39m[0m[0m][cd19fdb7] <--- 200 GET http://192.168.130.240:8180/reports-api/listOfUsersReports/60193531 (48.21 ms)
2025[0m[0m-11[0m[0m-06[0m[0m 21[0m[0m:09[0m[0m:43[0m[0m.943[0m[0m [34m[1mINFO[22m[39m[0m[0m [[37m\tests\Regrese\Sestavy\Uzivatelske_Sestavy_Life_Cycle_api.spec.ts:118[39m[0m[0m]Krok 2: Sestava 'Přehled prodejů PHM pro FÚ - 1762463383692' úspěšně nalezena s ID: 1456.
2025[0m[0m-11[0m[0m-06[0m[0m 21[0m[0m:09[0m[0m:43[0m[0m.945[0m[0m [32m[1mDEBUG[22m[39m[0m[0m [[37m\tests\Regrese\Sestavy\Uzivatelske_Sestavy_Life_Cycle_api.spec.ts:122[39m[0m[0m]Nalezen počet položek (itemsCount): 0
2025[0m[0m-11[0m[0m-06[0m[0m 21[0m[0m:09[0m[0m:43[0m[0m.950[0m[0m [33m[1mWARN[22m[39m[0m[0m [[37m\tests\Regrese\Sestavy\Uzivatelske_Sestavy_Life_Cycle_api.spec.ts:128[39m[0m[0m]undefined Přehled prodejů PHM pro FÚ - 1762463383692 Krok 2: Počet položek (itemsCount) je 0. Sestava je prázdná, ale test pokračuje.
2025[0m[0m-11[0m[0m-06[0m[0m 21[0m[0m:09[0m[0m:43[0m[0m.952[0m[0m [32m[1mDEBUG[22m[39m[0m[0m [[37m\tests\Regrese\Sestavy\Uzivatelske_Sestavy_Life_Cycle_api.spec.ts:133[39m[0m[0m]Sestava 'Přehled prodejů PHM pro FÚ - 1762463383692' má vlastnost public: false
2025[0m[0m-11[0m[0m-06[0m[0m 21[0m[0m:09[0m[0m:43[0m[0m.959[0m[0m [34m[1mINFO[22m[39m[0m[0m [[37m\tests\Regrese\Sestavy\Uzivatelske_Sestavy_Life_Cycle_api.spec.ts:158[39m[0m[0m]Krok 3: Mažu vytvořenou sestavu s ID: 1456
2025[0m[0m-11[0m[0m-06[0m[0m 21[0m[0m:09[0m[0m:44[0m[0m.008[0m[0m [34m[1mINFO[22m[39m[0m[0m [[37m\api\BaseApiClient.ts:94[39m[0m[0m][51d87b91] <--- 200 DELETE http://192.168.130.240:8180/reports-api/usersReports/1456 (46.25 ms)
2025[0m[0m-11[0m[0m-06[0m[0m 21[0m[0m:09[0m[0m:44[0m[0m.012[0m[0m [34m[1mINFO[22m[39m[0m[0m [[37m\tests\Regrese\Sestavy\Uzivatelske_Sestavy_Life_Cycle_api.spec.ts:165[39m[0m[0m]Krok 3: Sestava s ID 1456 úspěšně smazána.
]]></system-out>
    </testcase>
    <testcase name="TC_Sestavy_003: Krok 1: POST, Krok 2: GET, Krok 3: DELETE @regression @report @api @medium" classname="Regrese\Sestavy\Uzivatelske_Sestavy_Life_Cycle_api.spec.ts" time="0.85">
      <system-out><![CDATA[2025[0m[0m-11[0m[0m-06[0m[0m 21[0m[0m:09[0m[0m:44[0m[0m.683[0m[0m [32m[1mDEBUG[22m[39m[0m[0m [[37m\support\fixtures\auth.fixture.ts:45[39m[0m[0m]FIXTURE 'authToken': Kontroluji, zda je odpověď OK (status 2xx)...
2025[0m[0m-11[0m[0m-06[0m[0m 21[0m[0m:09[0m[0m:44[0m[0m.687[0m[0m [34m[1mINFO[22m[39m[0m[0m [[37m\tests\Regrese\Sestavy\Uzivatelske_Sestavy_Life_Cycle_api.spec.ts:46[39m[0m[0m]Spouštím test životního cyklu sestavy: Přehled prodejů se slevovou kartou - 1762463384687 (Definice: D003)
2025[0m[0m-11[0m[0m-06[0m[0m 21[0m[0m:09[0m[0m:44[0m[0m.688[0m[0m [34m[1mINFO[22m[39m[0m[0m [[37m\tests\Regrese\Sestavy\Uzivatelske_Sestavy_Life_Cycle_api.spec.ts:52[39m[0m[0m]Krok 1: Vytváření nové sestavy: Přehled prodejů se slevovou kartou - 1762463384687
2025[0m[0m-11[0m[0m-06[0m[0m 21[0m[0m:09[0m[0m:44[0m[0m.690[0m[0m [32m[1mDEBUG[22m[39m[0m[0m [[37m\tests\Regrese\Sestavy\Uzivatelske_Sestavy_Life_Cycle_api.spec.ts:66[39m[0m[0m]Payload pro /reports-api/usersReports/60193531: {
  "name": "Přehled prodejů se slevovou kartou - 1762463384687",
  "public": false,
  "reportDefinitionId": "D003",
  "settings": {
    "availableFilters": [
      "stockId",
      "partnerId"
    ],
    "dateModelType": "range",
    "dateFrom": "2025-07-03T23:00:00.000Z",
    "dateTo": null,
    "stockId": [],
    "partnerId": [
      1
    ],
    "sort": "",
    "exportParameters": {
      "tabsParam": "",
      "exportIntoTabs": false,
      "exportFileName": false,
      "exportDateTime": true,
      "summaries": false
    }
  }
}
2025[0m[0m-11[0m[0m-06[0m[0m 21[0m[0m:09[0m[0m:44[0m[0m.759[0m[0m [34m[1mINFO[22m[39m[0m[0m [[37m\api\BaseApiClient.ts:94[39m[0m[0m][65e2a373] <--- 200 POST http://192.168.130.240:8180/reports-api/usersReports/60193531 (66.04 ms)
2025[0m[0m-11[0m[0m-06[0m[0m 21[0m[0m:09[0m[0m:44[0m[0m.761[0m[0m [34m[1mINFO[22m[39m[0m[0m [[37m\tests\Regrese\Sestavy\Uzivatelske_Sestavy_Life_Cycle_api.spec.ts:73[39m[0m[0m]Krok 1: Sestava úspěšně vytvořena (Status 201 OK).
2025[0m[0m-11[0m[0m-06[0m[0m 21[0m[0m:09[0m[0m:44[0m[0m.763[0m[0m [34m[1mINFO[22m[39m[0m[0m [[37m\tests\Regrese\Sestavy\Uzivatelske_Sestavy_Life_Cycle_api.spec.ts:85[39m[0m[0m]Krok 2: Ověření vytvoření sestavy a čtení dat.
2025[0m[0m-11[0m[0m-06[0m[0m 21[0m[0m:09[0m[0m:44[0m[0m.767[0m[0m [32m[1mDEBUG[22m[39m[0m[0m [[37m\tests\Regrese\Sestavy\Uzivatelske_Sestavy_Life_Cycle_api.spec.ts:96[39m[0m[0m]Parametry pro /reports-api/listOfUsersReports/60193531: {"offset":0,"limit":1,"sort":"-updated"}
2025[0m[0m-11[0m[0m-06[0m[0m 21[0m[0m:09[0m[0m:44[0m[0m.804[0m[0m [34m[1mINFO[22m[39m[0m[0m [[37m\api\BaseApiClient.ts:94[39m[0m[0m][cf2eaa79] <--- 200 GET http://192.168.130.240:8180/reports-api/listOfUsersReports/60193531 (34.13 ms)
2025[0m[0m-11[0m[0m-06[0m[0m 21[0m[0m:09[0m[0m:44[0m[0m.809[0m[0m [34m[1mINFO[22m[39m[0m[0m [[37m\tests\Regrese\Sestavy\Uzivatelske_Sestavy_Life_Cycle_api.spec.ts:118[39m[0m[0m]Krok 2: Sestava 'Přehled prodejů se slevovou kartou - 1762463384687' úspěšně nalezena s ID: 1457.
2025[0m[0m-11[0m[0m-06[0m[0m 21[0m[0m:09[0m[0m:44[0m[0m.810[0m[0m [32m[1mDEBUG[22m[39m[0m[0m [[37m\tests\Regrese\Sestavy\Uzivatelske_Sestavy_Life_Cycle_api.spec.ts:122[39m[0m[0m]Nalezen počet položek (itemsCount): 0
2025[0m[0m-11[0m[0m-06[0m[0m 21[0m[0m:09[0m[0m:44[0m[0m.813[0m[0m [33m[1mWARN[22m[39m[0m[0m [[37m\tests\Regrese\Sestavy\Uzivatelske_Sestavy_Life_Cycle_api.spec.ts:128[39m[0m[0m]undefined Přehled prodejů se slevovou kartou - 1762463384687 Krok 2: Počet položek (itemsCount) je 0. Sestava je prázdná, ale test pokračuje.
2025[0m[0m-11[0m[0m-06[0m[0m 21[0m[0m:09[0m[0m:44[0m[0m.821[0m[0m [32m[1mDEBUG[22m[39m[0m[0m [[37m\tests\Regrese\Sestavy\Uzivatelske_Sestavy_Life_Cycle_api.spec.ts:133[39m[0m[0m]Sestava 'Přehled prodejů se slevovou kartou - 1762463384687' má vlastnost public: false
2025[0m[0m-11[0m[0m-06[0m[0m 21[0m[0m:09[0m[0m:44[0m[0m.828[0m[0m [34m[1mINFO[22m[39m[0m[0m [[37m\tests\Regrese\Sestavy\Uzivatelske_Sestavy_Life_Cycle_api.spec.ts:158[39m[0m[0m]Krok 3: Mažu vytvořenou sestavu s ID: 1457
2025[0m[0m-11[0m[0m-06[0m[0m 21[0m[0m:09[0m[0m:44[0m[0m.867[0m[0m [34m[1mINFO[22m[39m[0m[0m [[37m\api\BaseApiClient.ts:94[39m[0m[0m][468361a8] <--- 200 DELETE http://192.168.130.240:8180/reports-api/usersReports/1457 (33.40 ms)
2025[0m[0m-11[0m[0m-06[0m[0m 21[0m[0m:09[0m[0m:44[0m[0m.870[0m[0m [34m[1mINFO[22m[39m[0m[0m [[37m\tests\Regrese\Sestavy\Uzivatelske_Sestavy_Life_Cycle_api.spec.ts:165[39m[0m[0m]Krok 3: Sestava s ID 1457 úspěšně smazána.
]]></system-out>
    </testcase>
    <testcase name="TC_Sestavy_004: Krok 1: POST, Krok 2: GET, Krok 3: DELETE @regression @report @api @medium" classname="Regrese\Sestavy\Uzivatelske_Sestavy_Life_Cycle_api.spec.ts" time="0.855">
      <system-out><![CDATA[2025[0m[0m-11[0m[0m-06[0m[0m 21[0m[0m:09[0m[0m:45[0m[0m.549[0m[0m [32m[1mDEBUG[22m[39m[0m[0m [[37m\support\fixtures\auth.fixture.ts:45[39m[0m[0m]FIXTURE 'authToken': Kontroluji, zda je odpověď OK (status 2xx)...
2025[0m[0m-11[0m[0m-06[0m[0m 21[0m[0m:09[0m[0m:45[0m[0m.553[0m[0m [34m[1mINFO[22m[39m[0m[0m [[37m\tests\Regrese\Sestavy\Uzivatelske_Sestavy_Life_Cycle_api.spec.ts:46[39m[0m[0m]Spouštím test životního cyklu sestavy: Přehled smazaných položek účtenek - 1762463385553 (Definice: D004)
2025[0m[0m-11[0m[0m-06[0m[0m 21[0m[0m:09[0m[0m:45[0m[0m.556[0m[0m [34m[1mINFO[22m[39m[0m[0m [[37m\tests\Regrese\Sestavy\Uzivatelske_Sestavy_Life_Cycle_api.spec.ts:52[39m[0m[0m]Krok 1: Vytváření nové sestavy: Přehled smazaných položek účtenek - 1762463385553
2025[0m[0m-11[0m[0m-06[0m[0m 21[0m[0m:09[0m[0m:45[0m[0m.560[0m[0m [32m[1mDEBUG[22m[39m[0m[0m [[37m\tests\Regrese\Sestavy\Uzivatelske_Sestavy_Life_Cycle_api.spec.ts:66[39m[0m[0m]Payload pro /reports-api/usersReports/60193531: {
  "name": "Přehled smazaných položek účtenek - 1762463385553",
  "public": false,
  "reportDefinitionId": "D004",
  "settings": {
    "availableFilters": [
      "stockId",
      "termId",
      "groupId",
      "operator"
    ],
    "dateModelType": "range",
    "dateFrom": "2025-07-03T23:00:00.000Z",
    "dateTo": null,
    "stockId": [
      101
    ],
    "termId": [],
    "groupId": [],
    "operator": [],
    "sort": "",
    "exportParameters": {
      "tabsParam": "",
      "exportIntoTabs": false,
      "exportFileName": false,
      "exportDateTime": true,
      "summaries": false
    }
  }
}
2025[0m[0m-11[0m[0m-06[0m[0m 21[0m[0m:09[0m[0m:45[0m[0m.615[0m[0m [34m[1mINFO[22m[39m[0m[0m [[37m\api\BaseApiClient.ts:94[39m[0m[0m][b0a7bcce] <--- 200 POST http://192.168.130.240:8180/reports-api/usersReports/60193531 (52.44 ms)
2025[0m[0m-11[0m[0m-06[0m[0m 21[0m[0m:09[0m[0m:45[0m[0m.617[0m[0m [34m[1mINFO[22m[39m[0m[0m [[37m\tests\Regrese\Sestavy\Uzivatelske_Sestavy_Life_Cycle_api.spec.ts:73[39m[0m[0m]Krok 1: Sestava úspěšně vytvořena (Status 201 OK).
2025[0m[0m-11[0m[0m-06[0m[0m 21[0m[0m:09[0m[0m:45[0m[0m.619[0m[0m [34m[1mINFO[22m[39m[0m[0m [[37m\tests\Regrese\Sestavy\Uzivatelske_Sestavy_Life_Cycle_api.spec.ts:85[39m[0m[0m]Krok 2: Ověření vytvoření sestavy a čtení dat.
2025[0m[0m-11[0m[0m-06[0m[0m 21[0m[0m:09[0m[0m:45[0m[0m.621[0m[0m [32m[1mDEBUG[22m[39m[0m[0m [[37m\tests\Regrese\Sestavy\Uzivatelske_Sestavy_Life_Cycle_api.spec.ts:96[39m[0m[0m]Parametry pro /reports-api/listOfUsersReports/60193531: {"offset":0,"limit":1,"sort":"-updated"}
2025[0m[0m-11[0m[0m-06[0m[0m 21[0m[0m:09[0m[0m:45[0m[0m.659[0m[0m [34m[1mINFO[22m[39m[0m[0m [[37m\api\BaseApiClient.ts:94[39m[0m[0m][4b1aaf7f] <--- 200 GET http://192.168.130.240:8180/reports-api/listOfUsersReports/60193531 (36.31 ms)
2025[0m[0m-11[0m[0m-06[0m[0m 21[0m[0m:09[0m[0m:45[0m[0m.665[0m[0m [34m[1mINFO[22m[39m[0m[0m [[37m\tests\Regrese\Sestavy\Uzivatelske_Sestavy_Life_Cycle_api.spec.ts:118[39m[0m[0m]Krok 2: Sestava 'Přehled smazaných položek účtenek - 1762463385553' úspěšně nalezena s ID: 1458.
2025[0m[0m-11[0m[0m-06[0m[0m 21[0m[0m:09[0m[0m:45[0m[0m.666[0m[0m [32m[1mDEBUG[22m[39m[0m[0m [[37m\tests\Regrese\Sestavy\Uzivatelske_Sestavy_Life_Cycle_api.spec.ts:122[39m[0m[0m]Nalezen počet položek (itemsCount): 29
2025[0m[0m-11[0m[0m-06[0m[0m 21[0m[0m:09[0m[0m:45[0m[0m.669[0m[0m [34m[1mINFO[22m[39m[0m[0m [[37m\tests\Regrese\Sestavy\Uzivatelske_Sestavy_Life_Cycle_api.spec.ts:130[39m[0m[0m]Krok 2: Sestava obsahuje 29 položek.
2025[0m[0m-11[0m[0m-06[0m[0m 21[0m[0m:09[0m[0m:45[0m[0m.672[0m[0m [32m[1mDEBUG[22m[39m[0m[0m [[37m\tests\Regrese\Sestavy\Uzivatelske_Sestavy_Life_Cycle_api.spec.ts:133[39m[0m[0m]Sestava 'Přehled smazaných položek účtenek - 1762463385553' má vlastnost public: false
2025[0m[0m-11[0m[0m-06[0m[0m 21[0m[0m:09[0m[0m:45[0m[0m.677[0m[0m [34m[1mINFO[22m[39m[0m[0m [[37m\tests\Regrese\Sestavy\Uzivatelske_Sestavy_Life_Cycle_api.spec.ts:158[39m[0m[0m]Krok 3: Mažu vytvořenou sestavu s ID: 1458
2025[0m[0m-11[0m[0m-06[0m[0m 21[0m[0m:09[0m[0m:45[0m[0m.734[0m[0m [34m[1mINFO[22m[39m[0m[0m [[37m\api\BaseApiClient.ts:94[39m[0m[0m][5c010b06] <--- 200 DELETE http://192.168.130.240:8180/reports-api/usersReports/1458 (55.21 ms)
2025[0m[0m-11[0m[0m-06[0m[0m 21[0m[0m:09[0m[0m:45[0m[0m.735[0m[0m [34m[1mINFO[22m[39m[0m[0m [[37m\tests\Regrese\Sestavy\Uzivatelske_Sestavy_Life_Cycle_api.spec.ts:165[39m[0m[0m]Krok 3: Sestava s ID 1458 úspěšně smazána.
]]></system-out>
    </testcase>
    <testcase name="TC_Sestavy_005: Krok 1: POST, Krok 2: GET, Krok 3: DELETE @regression @report @api @medium" classname="Regrese\Sestavy\Uzivatelske_Sestavy_Life_Cycle_api.spec.ts" time="0.849">
      <skipped/>
    </testcase>
    <testcase name="TC_Sestavy_006: Krok 1: POST, Krok 2: GET, Krok 3: DELETE @regression @report @api @medium" classname="Regrese\Sestavy\Uzivatelske_Sestavy_Life_Cycle_api.spec.ts" time="0">
      <skipped/>
    </testcase>
    <testcase name="TC_Sestavy_007: Krok 1: POST, Krok 2: GET, Krok 3: DELETE @regression @report @api @medium" classname="Regrese\Sestavy\Uzivatelske_Sestavy_Life_Cycle_api.spec.ts" time="0">
      <skipped/>
    </testcase>
    <testcase name="TC_Sestavy_008: Krok 1: POST, Krok 2: GET, Krok 3: DELETE @regression @report @api @medium" classname="Regrese\Sestavy\Uzivatelske_Sestavy_Life_Cycle_api.spec.ts" time="0">
      <skipped/>
    </testcase>
    <testcase name="TC_Sestavy_009: Krok 1: POST, Krok 2: GET, Krok 3: DELETE @regression @report @api @medium" classname="Regrese\Sestavy\Uzivatelske_Sestavy_Life_Cycle_api.spec.ts" time="0">
      <skipped/>
    </testcase>
    <testcase name="TC_Sestavy_010: Krok 1: POST, Krok 2: GET, Krok 3: DELETE @regression @report @api @medium" classname="Regrese\Sestavy\Uzivatelske_Sestavy_Life_Cycle_api.spec.ts" time="0">
      <skipped/>
    </testcase>
    <testcase name="TC_Sestavy_011: Krok 1: POST, Krok 2: GET, Krok 3: DELETE @regression @report @api @medium" classname="Regrese\Sestavy\Uzivatelske_Sestavy_Life_Cycle_api.spec.ts" time="0">
      <skipped/>
    </testcase>
    <testcase name="TC_Sestavy_012: Krok 1: POST, Krok 2: GET, Krok 3: DELETE @regression @report @api @medium" classname="Regrese\Sestavy\Uzivatelske_Sestavy_Life_Cycle_api.spec.ts" time="0">
      <skipped/>
    </testcase>
    <testcase name="TC_Sestavy_013: Krok 1: POST, Krok 2: GET, Krok 3: DELETE @regression @report @api @medium" classname="Regrese\Sestavy\Uzivatelske_Sestavy_Life_Cycle_api.spec.ts" time="0">
      <skipped/>
    </testcase>
    <testcase name="TC_Sestavy_014: Krok 1: POST, Krok 2: GET, Krok 3: DELETE @regression @report @api @medium" classname="Regrese\Sestavy\Uzivatelske_Sestavy_Life_Cycle_api.spec.ts" time="0">
      <skipped/>
    </testcase>
    <testcase name="TC_Sestavy_015: Krok 1: POST, Krok 2: GET, Krok 3: DELETE @regression @report @api @medium" classname="Regrese\Sestavy\Uzivatelske_Sestavy_Life_Cycle_api.spec.ts" time="0">
      <skipped/>
    </testcase>
  </testsuite>
</testsuites>