<testsuites id="" name="" tests="1" failures="1" skipped="0" errors="0" time="5.693097000000001">
  <testsuite name="Regrese\Doklady\Objednavky\Objednvaky_life_cycle_regrese_api.spec.ts" timestamp="2025-09-10T14:53:05.688Z" hostname="API" tests="1" failures="1" skipped="0" time="3.655" errors="0">
    <testcase name="TC-001 Krok 1: POST /documents-api/orders/{stockId} Krok 2:  GET /reports-api/orders Krok 3: POST /documents-api/orderItems @regression @order @api @medium" classname="Regrese\Doklady\Objednavky\Objednvaky_life_cycle_regrese_api.spec.ts" time="3.655" id="TC-001">
      <failure message="Objednvaky_life_cycle_regrese_api.spec.ts:40:5 TC-001 Krok 1: POST /documents-api/orders/{stockId} Krok 2:  GET /reports-api/orders Krok 3: POST /documents-api/orderItems @regression @order @api @medium" type="FAILURE"><![CDATA[  [API] › Regrese\Doklady\Objednavky\Objednvaky_life_cycle_regrese_api.spec.ts:40:5 › TC-001 Krok 1: POST /documents-api/orders/{stockId} Krok 2:  GET /reports-api/orders Krok 3: POST /documents-api/orderItems @regression @order @api @medium › Krok 3: POST /documents-api/orderItems 

    Error: Chyba při vytváření položky objednávky. Status: status() {
        return this._initializer.status;
      }

       at ..\support\ApiClient.ts:2168

      2166 |             const errorText = await response.text();
      2167 |             logger.error(`Chyba při vytváření položky objednávky. Status: ${response.status}`, errorText);
    > 2168 |             throw new Error(`Chyba při vytváření položky objednávky. Status: ${response.status}`);
           |                   ^
      2169 |         }
      2170 |     }
      2171 | }
        at ApiClient.postOrderItems (C:\Users\novakma\Testy_CBOS\support\ApiClient.ts:2168:19)
        at C:\Users\novakma\Testy_CBOS\tests\Regrese\Doklady\Objednavky\Objednvaky_life_cycle_regrese_api.spec.ts:138:30
        at C:\Users\novakma\Testy_CBOS\tests\Regrese\Doklady\Objednavky\Objednvaky_life_cycle_regrese_api.spec.ts:125:5

    Error Context: ..\test-results\Regrese-Doklady-Objednavky-69b6c-regression-order-api-medium-API\error-context.md

    Retry #1 ───────────────────────────────────────────────────────────────────────────────────────

    Error: Chyba při vytváření položky objednávky. Status: status() {
        return this._initializer.status;
      }

       at ..\support\ApiClient.ts:2168

      2166 |             const errorText = await response.text();
      2167 |             logger.error(`Chyba při vytváření položky objednávky. Status: ${response.status}`, errorText);
    > 2168 |             throw new Error(`Chyba při vytváření položky objednávky. Status: ${response.status}`);
           |                   ^
      2169 |         }
      2170 |     }
      2171 | }
        at ApiClient.postOrderItems (C:\Users\novakma\Testy_CBOS\support\ApiClient.ts:2168:19)
        at C:\Users\novakma\Testy_CBOS\tests\Regrese\Doklady\Objednavky\Objednvaky_life_cycle_regrese_api.spec.ts:138:30
        at C:\Users\novakma\Testy_CBOS\tests\Regrese\Doklady\Objednavky\Objednvaky_life_cycle_regrese_api.spec.ts:125:5

    Error Context: ..\test-results\Regrese-Doklady-Objednavky-69b6c-regression-order-api-medium-API-retry1\error-context.md

    attachment #2: trace (application/zip) ─────────────────────────────────────────────────────────
    test-results\Regrese-Doklady-Objednavky-69b6c-regression-order-api-medium-API-retry1\trace.zip
    Usage:

        npx playwright show-trace test-results\Regrese-Doklady-Objednavky-69b6c-regression-order-api-medium-API-retry1\trace.zip

    ────────────────────────────────────────────────────────────────────────────────────────────────
]]></failure>
      <system-out><![CDATA[2025[0m[0m-09[0m[0m-10[0m[0m 14[0m[0m:53[0m[0m:06[0m[0m.615[0m[0m [97m[1mTRACE[22m[39m[0m[0m [[37m\support\fixtures\auth.fixture.ts:23[39m[0m[0m]FIXTURE 'authToken': Budu vytvářet nový request kontext...
2025[0m[0m-09[0m[0m-10[0m[0m 14[0m[0m:53[0m[0m:06[0m[0m.620[0m[0m [97m[1mTRACE[22m[39m[0m[0m [[37m\support\fixtures\auth.fixture.ts:25[39m[0m[0m]FIXTURE 'authToken': Request kontext vytvořen.
2025[0m[0m-09[0m[0m-10[0m[0m 14[0m[0m:53[0m[0m:07[0m[0m.294[0m[0m [97m[1mTRACE[22m[39m[0m[0m [[37m\support\fixtures\auth.fixture.ts:33[39m[0m[0m]FIXTURE 'authToken': Odpověď přijata se statusem 201.
2025[0m[0m-09[0m[0m-10[0m[0m 14[0m[0m:53[0m[0m:07[0m[0m.298[0m[0m [97m[1mTRACE[22m[39m[0m[0m [[37m\support\fixtures\auth.fixture.ts:50[39m[0m[0m]FIXTURE 'authToken': Získávám 'accessToken' z JSON odpovědi.
2025[0m[0m-09[0m[0m-10[0m[0m 14[0m[0m:53[0m[0m:07[0m[0m.303[0m[0m [97m[1mTRACE[22m[39m[0m[0m [[37m\support\fixtures\auth.fixture.ts:54[39m[0m[0m]FIXTURE 'authToken': Volám 'use(token)' a předávám token dál...
2025[0m[0m-09[0m[0m-10[0m[0m 14[0m[0m:53[0m[0m:07[0m[0m.304[0m[0m [97m[1mTRACE[22m[39m[0m[0m [[37m\support\fixtures\auth.fixture.ts:64[39m[0m[0m]FIXTURE 'page' (rozšířená): Budu vkládat inicializační skript pro nastavení localStorage...
2025[0m[0m-09[0m[0m-10[0m[0m 14[0m[0m:53[0m[0m:07[0m[0m.308[0m[0m [97m[1mTRACE[22m[39m[0m[0m [[37m\support\fixtures\auth.fixture.ts:74[39m[0m[0m]FIXTURE 'page' (rozšířená): Inicializační skript byl přidán.
2025[0m[0m-09[0m[0m-10[0m[0m 14[0m[0m:53[0m[0m:07[0m[0m.769[0m[0m [97m[1mTRACE[22m[39m[0m[0m [[37m\support\fixtures\auth.fixture.ts:78[39m[0m[0m]FIXTURE 'page' (rozšířená): Navigace na '/' dokončena.
2025[0m[0m-09[0m[0m-10[0m[0m 14[0m[0m:53[0m[0m:07[0m[0m.769[0m[0m [97m[1mTRACE[22m[39m[0m[0m [[37m\support\fixtures\auth.fixture.ts:80[39m[0m[0m]FIXTURE 'page' (rozšířená): Volám 'use(page)' a předávám připravenou stránku testu...
2025[0m[0m-09[0m[0m-10[0m[0m 14[0m[0m:53[0m[0m:07[0m[0m.771[0m[0m [34m[1mINFO[22m[39m[0m[0m [[37m\tests\Regrese\Doklady\Objednavky\Objednvaky_life_cycle_regrese_api.spec.ts:46[39m[0m[0m]Spouštím sadu testů pro vytvoření objednávky.
2025[0m[0m-09[0m[0m-10[0m[0m 14[0m[0m:53[0m[0m:07[0m[0m.839[0m[0m [97m[1mTRACE[22m[39m[0m[0m [[37m\tests\Regrese\Doklady\Objednavky\Objednvaky_life_cycle_regrese_api.spec.ts:48[39m[0m[0m]Naviguji na domovskou stránku pro získání tokenu.
2025[0m[0m-09[0m[0m-10[0m[0m 14[0m[0m:53[0m[0m:07[0m[0m.857[0m[0m [97m[1mTRACE[22m[39m[0m[0m [[37m\tests\Regrese\Doklady\Objednavky\Objednvaky_life_cycle_regrese_api.spec.ts:51[39m[0m[0m]Autentizační token úspěšně získán.
2025[0m[0m-09[0m[0m-10[0m[0m 14[0m[0m:53[0m[0m:07[0m[0m.857[0m[0m [97m[1mTRACE[22m[39m[0m[0m [[37m\tests\Regrese\Doklady\Objednavky\Objednvaky_life_cycle_regrese_api.spec.ts:53[39m[0m[0m]ApiClient byl inicializován.
2025[0m[0m-09[0m[0m-10[0m[0m 14[0m[0m:53[0m[0m:07[0m[0m.860[0m[0m [34m[1mINFO[22m[39m[0m[0m [[37m\tests\Regrese\Doklady\Objednavky\Objednvaky_life_cycle_regrese_api.spec.ts:58[39m[0m[0m]Zahajuji testovací případ TC-001 pro: POST /documents-api/orders/{stockId}
2025[0m[0m-09[0m[0m-10[0m[0m 14[0m[0m:53[0m[0m:07[0m[0m.865[0m[0m [97m[1mTRACE[22m[39m[0m[0m [[37m\tests\Regrese\Doklady\Objednavky\Objednvaky_life_cycle_regrese_api.spec.ts:75[39m[0m[0m]Odesílám POST požadavek s payloadem: [object Object]
2025[0m[0m-09[0m[0m-10[0m[0m 14[0m[0m:53[0m[0m:07[0m[0m.868[0m[0m [97m[1mTRACE[22m[39m[0m[0m [[37m\support\ApiClient.ts:2003[39m[0m[0m]Odesílám POST požadavek na /documents-api/orders/230 s payloadem: {
  "description": "Automaticky vytvořená objednávka k rychlému ověření POST - Smoke test",
  "deliveryDate": "2025-09-11T14:53:07.771Z",
  "orderDate": "2025-09-11T14:53:07.771Z",
  "ownerId": 1,
  "ownerName": "ČEPRO, a.s.",
  "stockId": 230,
  "supplierId": 8,
  "supplierName": "Banner Baterie ČR spol.s r.o.",
  "transporterId": "7",
  "transporterName": "VELKÁ PECKA s.r.o."
}
2025[0m[0m-09[0m[0m-10[0m[0m 14[0m[0m:53[0m[0m:07[0m[0m.922[0m[0m [34m[1mINFO[22m[39m[0m[0m [[37m\support\ApiClient.ts:2014[39m[0m[0m]URL: http://192.168.130.239:8180//documents-api/orders/230 Status: 201
2025[0m[0m-09[0m[0m-10[0m[0m 14[0m[0m:53[0m[0m:07[0m[0m.926[0m[0m [34m[1mINFO[22m[39m[0m[0m [[37m\tests\Regrese\Doklady\Objednavky\Objednvaky_life_cycle_regrese_api.spec.ts:88[39m[0m[0m]Zahajuji získání ID vytvořené objednávky pro další testy.
2025[0m[0m-09[0m[0m-10[0m[0m 14[0m[0m:53[0m[0m:07[0m[0m.926[0m[0m [97m[1mTRACE[22m[39m[0m[0m [[37m\tests\Regrese\Doklady\Objednavky\Objednvaky_life_cycle_regrese_api.spec.ts:96[39m[0m[0m]Payload pro získání seznamu objednávek: [object Object]
2025[0m[0m-09[0m[0m-10[0m[0m 14[0m[0m:53[0m[0m:07[0m[0m.928[0m[0m [32m[1mDEBUG[22m[39m[0m[0m [[37m\tests\Regrese\Doklady\Objednavky\Objednvaky_life_cycle_regrese_api.spec.ts:99[39m[0m[0m]Volám metodu getListOfOrders pro získání seznamu objednávek.
2025[0m[0m-09[0m[0m-10[0m[0m 14[0m[0m:53[0m[0m:07[0m[0m.930[0m[0m [97m[1mTRACE[22m[39m[0m[0m [[37m\support\ApiClient.ts:2122[39m[0m[0m]Odesílám GET požadavek na /reports-api/listOfOrders s parametry: {"stockId":230,"year":2025}
2025[0m[0m-09[0m[0m-10[0m[0m 14[0m[0m:53[0m[0m:08[0m[0m.052[0m[0m [34m[1mINFO[22m[39m[0m[0m [[37m\support\ApiClient.ts:2132[39m[0m[0m]URL: http://192.168.130.239:8180/reports-api/listOfOrders Status: status() {
    return this._initializer.status;
  }
2025[0m[0m-09[0m[0m-10[0m[0m 14[0m[0m:53[0m[0m:08[0m[0m.056[0m[0m [97m[1mTRACE[22m[39m[0m[0m [[37m\tests\Regrese\Doklady\Objednavky\Objednvaky_life_cycle_regrese_api.spec.ts:109[39m[0m[0m]Získané ID vytvořené objednávky: createOrderId = 12
2025[0m[0m-09[0m[0m-10[0m[0m 14[0m[0m:53[0m[0m:08[0m[0m.058[0m[0m [97m[1mTRACE[22m[39m[0m[0m [[37m\tests\Regrese\Doklady\Objednavky\Objednvaky_life_cycle_regrese_api.spec.ts:111[39m[0m[0m]Ověřuji, že ID objednávky je větší než 0.
2025[0m[0m-09[0m[0m-10[0m[0m 14[0m[0m:53[0m[0m:08[0m[0m.061[0m[0m [97m[1mTRACE[22m[39m[0m[0m [[37m\tests\Regrese\Doklady\Objednavky\Objednvaky_life_cycle_regrese_api.spec.ts:113[39m[0m[0m]Ověření úspěšné: ID objednávky je větší než 0.
2025[0m[0m-09[0m[0m-10[0m[0m 14[0m[0m:53[0m[0m:08[0m[0m.065[0m[0m [34m[1mINFO[22m[39m[0m[0m [[37m\tests\Regrese\Doklady\Objednavky\Objednvaky_life_cycle_regrese_api.spec.ts:126[39m[0m[0m]Zahajuji přidání zboží do vytvořené objednávky.
2025[0m[0m-09[0m[0m-10[0m[0m 14[0m[0m:53[0m[0m:08[0m[0m.067[0m[0m [97m[1mTRACE[22m[39m[0m[0m [[37m\tests\Regrese\Doklady\Objednavky\Objednvaky_life_cycle_regrese_api.spec.ts:134[39m[0m[0m]Payload pro přidání zboží do objednávky: {"orderId":12,"stockCardId":1152,"amount":5}
2025[0m[0m-09[0m[0m-10[0m[0m 14[0m[0m:53[0m[0m:08[0m[0m.068[0m[0m [32m[1mDEBUG[22m[39m[0m[0m [[37m\tests\Regrese\Doklady\Objednavky\Objednvaky_life_cycle_regrese_api.spec.ts:137[39m[0m[0m]Volám metodu postOrderItems pro přidání zboží do objednávky.
2025[0m[0m-09[0m[0m-10[0m[0m 14[0m[0m:53[0m[0m:08[0m[0m.073[0m[0m [97m[1mTRACE[22m[39m[0m[0m [[37m\support\ApiClient.ts:2153[39m[0m[0m]Odesílám POST požadavek na /documents-api/orderItems s payloadem: {"orderId":12,"stockCardId":1152,"amount":5}
2025[0m[0m-09[0m[0m-10[0m[0m 14[0m[0m:53[0m[0m:08[0m[0m.102[0m[0m [34m[1mINFO[22m[39m[0m[0m [[37m\support\ApiClient.ts:2163[39m[0m[0m]URL: http://192.168.130.239:8180/documents-api/orderItems Status: status() {
    return this._initializer.status;
  }
2025[0m[0m-09[0m[0m-10[0m[0m 14[0m[0m:53[0m[0m:08[0m[0m.108[0m[0m [31m[1mERROR[22m[39m[0m[0m [[37m\support\ApiClient.ts:2167[39m[0m[0m]Chyba při vytváření položky objednávky. Status: status() {
    return this._initializer.status;
  } {"message":"Route not found."}
2025[0m[0m-09[0m[0m-10[0m[0m 14[0m[0m:53[0m[0m:08[0m[0m.110[0m[0m [31m[1mERROR[22m[39m[0m[0m [[37m\tests\Regrese\Doklady\Objednavky\Objednvaky_life_cycle_regrese_api.spec.ts:147[39m[0m[0m]Chyba při přidávání zboží do objednávky: Error: Chyba při vytváření položky objednávky. Status: status() {
    return this._initializer.status;
  }

[[ATTACHMENT|test-results\Regrese-Doklady-Objednavky-69b6c-regression-order-api-medium-API\error-context.md]]
2025[0m[0m-09[0m[0m-10[0m[0m 14[0m[0m:53[0m[0m:09[0m[0m.234[0m[0m [97m[1mTRACE[22m[39m[0m[0m [[37m\support\fixtures\auth.fixture.ts:23[39m[0m[0m]FIXTURE 'authToken': Budu vytvářet nový request kontext...
2025[0m[0m-09[0m[0m-10[0m[0m 14[0m[0m:53[0m[0m:09[0m[0m.242[0m[0m [97m[1mTRACE[22m[39m[0m[0m [[37m\support\fixtures\auth.fixture.ts:25[39m[0m[0m]FIXTURE 'authToken': Request kontext vytvořen.
2025[0m[0m-09[0m[0m-10[0m[0m 14[0m[0m:53[0m[0m:09[0m[0m.970[0m[0m [97m[1mTRACE[22m[39m[0m[0m [[37m\support\fixtures\auth.fixture.ts:33[39m[0m[0m]FIXTURE 'authToken': Odpověď přijata se statusem 201.
2025[0m[0m-09[0m[0m-10[0m[0m 14[0m[0m:53[0m[0m:09[0m[0m.972[0m[0m [97m[1mTRACE[22m[39m[0m[0m [[37m\support\fixtures\auth.fixture.ts:50[39m[0m[0m]FIXTURE 'authToken': Získávám 'accessToken' z JSON odpovědi.
2025[0m[0m-09[0m[0m-10[0m[0m 14[0m[0m:53[0m[0m:09[0m[0m.976[0m[0m [97m[1mTRACE[22m[39m[0m[0m [[37m\support\fixtures\auth.fixture.ts:54[39m[0m[0m]FIXTURE 'authToken': Volám 'use(token)' a předávám token dál...
2025[0m[0m-09[0m[0m-10[0m[0m 14[0m[0m:53[0m[0m:09[0m[0m.977[0m[0m [97m[1mTRACE[22m[39m[0m[0m [[37m\support\fixtures\auth.fixture.ts:64[39m[0m[0m]FIXTURE 'page' (rozšířená): Budu vkládat inicializační skript pro nastavení localStorage...
2025[0m[0m-09[0m[0m-10[0m[0m 14[0m[0m:53[0m[0m:09[0m[0m.983[0m[0m [97m[1mTRACE[22m[39m[0m[0m [[37m\support\fixtures\auth.fixture.ts:74[39m[0m[0m]FIXTURE 'page' (rozšířená): Inicializační skript byl přidán.
2025[0m[0m-09[0m[0m-10[0m[0m 14[0m[0m:53[0m[0m:10[0m[0m.545[0m[0m [97m[1mTRACE[22m[39m[0m[0m [[37m\support\fixtures\auth.fixture.ts:78[39m[0m[0m]FIXTURE 'page' (rozšířená): Navigace na '/' dokončena.
2025[0m[0m-09[0m[0m-10[0m[0m 14[0m[0m:53[0m[0m:10[0m[0m.547[0m[0m [97m[1mTRACE[22m[39m[0m[0m [[37m\support\fixtures\auth.fixture.ts:80[39m[0m[0m]FIXTURE 'page' (rozšířená): Volám 'use(page)' a předávám připravenou stránku testu...
2025[0m[0m-09[0m[0m-10[0m[0m 14[0m[0m:53[0m[0m:10[0m[0m.549[0m[0m [34m[1mINFO[22m[39m[0m[0m [[37m\tests\Regrese\Doklady\Objednavky\Objednvaky_life_cycle_regrese_api.spec.ts:46[39m[0m[0m]Spouštím sadu testů pro vytvoření objednávky.
2025[0m[0m-09[0m[0m-10[0m[0m 14[0m[0m:53[0m[0m:10[0m[0m.724[0m[0m [97m[1mTRACE[22m[39m[0m[0m [[37m\tests\Regrese\Doklady\Objednavky\Objednvaky_life_cycle_regrese_api.spec.ts:48[39m[0m[0m]Naviguji na domovskou stránku pro získání tokenu.
2025[0m[0m-09[0m[0m-10[0m[0m 14[0m[0m:53[0m[0m:10[0m[0m.739[0m[0m [97m[1mTRACE[22m[39m[0m[0m [[37m\tests\Regrese\Doklady\Objednavky\Objednvaky_life_cycle_regrese_api.spec.ts:51[39m[0m[0m]Autentizační token úspěšně získán.
2025[0m[0m-09[0m[0m-10[0m[0m 14[0m[0m:53[0m[0m:10[0m[0m.740[0m[0m [97m[1mTRACE[22m[39m[0m[0m [[37m\tests\Regrese\Doklady\Objednavky\Objednvaky_life_cycle_regrese_api.spec.ts:53[39m[0m[0m]ApiClient byl inicializován.
2025[0m[0m-09[0m[0m-10[0m[0m 14[0m[0m:53[0m[0m:10[0m[0m.743[0m[0m [34m[1mINFO[22m[39m[0m[0m [[37m\tests\Regrese\Doklady\Objednavky\Objednvaky_life_cycle_regrese_api.spec.ts:58[39m[0m[0m]Zahajuji testovací případ TC-001 pro: POST /documents-api/orders/{stockId}
2025[0m[0m-09[0m[0m-10[0m[0m 14[0m[0m:53[0m[0m:10[0m[0m.746[0m[0m [97m[1mTRACE[22m[39m[0m[0m [[37m\tests\Regrese\Doklady\Objednavky\Objednvaky_life_cycle_regrese_api.spec.ts:75[39m[0m[0m]Odesílám POST požadavek s payloadem: [object Object]
2025[0m[0m-09[0m[0m-10[0m[0m 14[0m[0m:53[0m[0m:10[0m[0m.749[0m[0m [97m[1mTRACE[22m[39m[0m[0m [[37m\support\ApiClient.ts:2003[39m[0m[0m]Odesílám POST požadavek na /documents-api/orders/230 s payloadem: {
  "description": "Automaticky vytvořená objednávka k rychlému ověření POST - Smoke test",
  "deliveryDate": "2025-09-11T14:53:10.549Z",
  "orderDate": "2025-09-11T14:53:10.549Z",
  "ownerId": 1,
  "ownerName": "ČEPRO, a.s.",
  "stockId": 230,
  "supplierId": 8,
  "supplierName": "Banner Baterie ČR spol.s r.o.",
  "transporterId": "7",
  "transporterName": "VELKÁ PECKA s.r.o."
}
2025[0m[0m-09[0m[0m-10[0m[0m 14[0m[0m:53[0m[0m:10[0m[0m.810[0m[0m [34m[1mINFO[22m[39m[0m[0m [[37m\support\ApiClient.ts:2014[39m[0m[0m]URL: http://192.168.130.239:8180//documents-api/orders/230 Status: 201
2025[0m[0m-09[0m[0m-10[0m[0m 14[0m[0m:53[0m[0m:10[0m[0m.816[0m[0m [34m[1mINFO[22m[39m[0m[0m [[37m\tests\Regrese\Doklady\Objednavky\Objednvaky_life_cycle_regrese_api.spec.ts:88[39m[0m[0m]Zahajuji získání ID vytvořené objednávky pro další testy.
2025[0m[0m-09[0m[0m-10[0m[0m 14[0m[0m:53[0m[0m:10[0m[0m.817[0m[0m [97m[1mTRACE[22m[39m[0m[0m [[37m\tests\Regrese\Doklady\Objednavky\Objednvaky_life_cycle_regrese_api.spec.ts:96[39m[0m[0m]Payload pro získání seznamu objednávek: [object Object]
2025[0m[0m-09[0m[0m-10[0m[0m 14[0m[0m:53[0m[0m:10[0m[0m.818[0m[0m [32m[1mDEBUG[22m[39m[0m[0m [[37m\tests\Regrese\Doklady\Objednavky\Objednvaky_life_cycle_regrese_api.spec.ts:99[39m[0m[0m]Volám metodu getListOfOrders pro získání seznamu objednávek.
2025[0m[0m-09[0m[0m-10[0m[0m 14[0m[0m:53[0m[0m:10[0m[0m.820[0m[0m [97m[1mTRACE[22m[39m[0m[0m [[37m\support\ApiClient.ts:2122[39m[0m[0m]Odesílám GET požadavek na /reports-api/listOfOrders s parametry: {"stockId":230,"year":2025}
2025[0m[0m-09[0m[0m-10[0m[0m 14[0m[0m:53[0m[0m:10[0m[0m.927[0m[0m [34m[1mINFO[22m[39m[0m[0m [[37m\support\ApiClient.ts:2132[39m[0m[0m]URL: http://192.168.130.239:8180/reports-api/listOfOrders Status: status() {
    return this._initializer.status;
  }
2025[0m[0m-09[0m[0m-10[0m[0m 14[0m[0m:53[0m[0m:10[0m[0m.932[0m[0m [97m[1mTRACE[22m[39m[0m[0m [[37m\tests\Regrese\Doklady\Objednavky\Objednvaky_life_cycle_regrese_api.spec.ts:109[39m[0m[0m]Získané ID vytvořené objednávky: createOrderId = 12
2025[0m[0m-09[0m[0m-10[0m[0m 14[0m[0m:53[0m[0m:10[0m[0m.933[0m[0m [97m[1mTRACE[22m[39m[0m[0m [[37m\tests\Regrese\Doklady\Objednavky\Objednvaky_life_cycle_regrese_api.spec.ts:111[39m[0m[0m]Ověřuji, že ID objednávky je větší než 0.
2025[0m[0m-09[0m[0m-10[0m[0m 14[0m[0m:53[0m[0m:10[0m[0m.935[0m[0m [97m[1mTRACE[22m[39m[0m[0m [[37m\tests\Regrese\Doklady\Objednavky\Objednvaky_life_cycle_regrese_api.spec.ts:113[39m[0m[0m]Ověření úspěšné: ID objednávky je větší než 0.
2025[0m[0m-09[0m[0m-10[0m[0m 14[0m[0m:53[0m[0m:10[0m[0m.937[0m[0m [34m[1mINFO[22m[39m[0m[0m [[37m\tests\Regrese\Doklady\Objednavky\Objednvaky_life_cycle_regrese_api.spec.ts:126[39m[0m[0m]Zahajuji přidání zboží do vytvořené objednávky.
2025[0m[0m-09[0m[0m-10[0m[0m 14[0m[0m:53[0m[0m:10[0m[0m.939[0m[0m [97m[1mTRACE[22m[39m[0m[0m [[37m\tests\Regrese\Doklady\Objednavky\Objednvaky_life_cycle_regrese_api.spec.ts:134[39m[0m[0m]Payload pro přidání zboží do objednávky: {"orderId":12,"stockCardId":1152,"amount":5}
2025[0m[0m-09[0m[0m-10[0m[0m 14[0m[0m:53[0m[0m:10[0m[0m.940[0m[0m [32m[1mDEBUG[22m[39m[0m[0m [[37m\tests\Regrese\Doklady\Objednavky\Objednvaky_life_cycle_regrese_api.spec.ts:137[39m[0m[0m]Volám metodu postOrderItems pro přidání zboží do objednávky.
2025[0m[0m-09[0m[0m-10[0m[0m 14[0m[0m:53[0m[0m:10[0m[0m.941[0m[0m [97m[1mTRACE[22m[39m[0m[0m [[37m\support\ApiClient.ts:2153[39m[0m[0m]Odesílám POST požadavek na /documents-api/orderItems s payloadem: {"orderId":12,"stockCardId":1152,"amount":5}
2025[0m[0m-09[0m[0m-10[0m[0m 14[0m[0m:53[0m[0m:10[0m[0m.997[0m[0m [34m[1mINFO[22m[39m[0m[0m [[37m\support\ApiClient.ts:2163[39m[0m[0m]URL: http://192.168.130.239:8180/documents-api/orderItems Status: status() {
    return this._initializer.status;
  }
2025[0m[0m-09[0m[0m-10[0m[0m 14[0m[0m:53[0m[0m:11[0m[0m.000[0m[0m [31m[1mERROR[22m[39m[0m[0m [[37m\support\ApiClient.ts:2167[39m[0m[0m]Chyba při vytváření položky objednávky. Status: status() {
    return this._initializer.status;
  } {"message":"Route not found."}
2025[0m[0m-09[0m[0m-10[0m[0m 14[0m[0m:53[0m[0m:11[0m[0m.001[0m[0m [31m[1mERROR[22m[39m[0m[0m [[37m\tests\Regrese\Doklady\Objednavky\Objednvaky_life_cycle_regrese_api.spec.ts:147[39m[0m[0m]Chyba při přidávání zboží do objednávky: Error: Chyba při vytváření položky objednávky. Status: status() {
    return this._initializer.status;
  }

[[ATTACHMENT|test-results\Regrese-Doklady-Objednavky-69b6c-regression-order-api-medium-API-retry1\error-context.md]]

[[ATTACHMENT|test-results\Regrese-Doklady-Objednavky-69b6c-regression-order-api-medium-API-retry1\trace.zip]]
]]></system-out>
    </testcase>
  </testsuite>
</testsuites>