<testsuites id="" name="" tests="29" failures="0" skipped="0" errors="0" time="21.864811">
  <testsuite name="Smoke\Smoke_All_Gets_api.spec.ts" timestamp="2025-11-11T08:31:36.924Z" hostname="API" tests="29" failures="0" skipped="0" time="20.844" errors="0">
    <testcase name="API Smoke Tests - GET Endpoints › Authenticated GETs from JSON › TC-001: Endpoint &quot;/administration-api/StockCardsSupergroupsLocal/ - Seznam lokálních nadskupin zboží řazení podle Operátora&quot; @api @smoke @medium @supergroupsLocal @sort" classname="Smoke\Smoke_All_Gets_api.spec.ts" time="0.676" id="TC-001"/>
    <testcase name="API Smoke Tests - GET Endpoints › Authenticated GETs from JSON › TC-003: Endpoint &quot;/reports-api/listOfUsersReports/ - Seznam uživatelských sestav řazení podle názvu&quot; @api @smoke @medium @reports @sort" classname="Smoke\Smoke_All_Gets_api.spec.ts" time="0.775" id="TC-003"/>
    <testcase name="API Smoke Tests - GET Endpoints › Authenticated GETs from JSON › TC-004: Endpoint &quot;/reports-api/listOfUsersReports/ - Seznam uživatelských sestav řazení podle Čísla sestavy&quot; @api @smoke @medium @reports @sort" classname="Smoke\Smoke_All_Gets_api.spec.ts" time="0.691" id="TC-004"/>
    <testcase name="API Smoke Tests - GET Endpoints › Authenticated GETs from JSON › TC-005: Endpoint &quot;/reports-api/listOfUsersReports/ - Seznam uživatelských sestav řazení podle Typu sestavy&quot; @api @smoke @medium @reports @sort" classname="Smoke\Smoke_All_Gets_api.spec.ts" time="0.717" id="TC-005"/>
    <testcase name="API Smoke Tests - GET Endpoints › Authenticated GETs from JSON › TC-006: Endpoint &quot;/reports-api/listOfUsersReports/ - Seznam uživatelských sestav řazení podle Poslední změny&quot; @api @smoke @medium @reports @sort" classname="Smoke\Smoke_All_Gets_api.spec.ts" time="0.647" id="TC-006"/>
    <testcase name="API Smoke Tests - GET Endpoints › Authenticated GETs from JSON › TC-007: Endpoint &quot;/reports-api/listOfUsersReports/ - Seznam uživatelských sestav řazení podle Operátora&quot; @api @smoke @medium @reports @sort" classname="Smoke\Smoke_All_Gets_api.spec.ts" time="0.632" id="TC-007"/>
    <testcase name="API Smoke Tests - GET Endpoints › Authenticated GETs from JSON › TC-008: Endpoint &quot;/reports-api/listOfStockCards/ - Seznam skladových karet řazení podle názvu&quot; @api @smoke @medium stockCards @sort" classname="Smoke\Smoke_All_Gets_api.spec.ts" time="0.692" id="TC-008"/>
    <testcase name="API Smoke Tests - GET Endpoints › Authenticated GETs from JSON › TC-009: Endpoint &quot;/reports-api/listOfStockCards/ - Seznam skladových karet řaazení podle Druhu zboží&quot; @api @smoke @medium stockCards @sort" classname="Smoke\Smoke_All_Gets_api.spec.ts" time="0.683" id="TC-009"/>
    <testcase name="API Smoke Tests - GET Endpoints › Authenticated GETs from JSON › TC-010: Endpoint &quot;/reports-api/listOfStockCards/ - Seznam skladových karet řaazení podle Centrální skupny&quot; @api @smoke @medium stockCards @sort" classname="Smoke\Smoke_All_Gets_api.spec.ts" time="0.696" id="TC-010"/>
    <testcase name="API Smoke Tests - GET Endpoints › Authenticated GETs from JSON › TC-011: Endpoint &quot;/reports-api/listOfStockCards/ - Seznam skladových karet řaazení podle Centrální kategorie&quot; @api @smoke @medium stockCards @sort" classname="Smoke\Smoke_All_Gets_api.spec.ts" time="0.709" id="TC-011"/>
    <testcase name="API Smoke Tests - GET Endpoints › Authenticated GETs from JSON › TC-012: Endpoint &quot;/reports-api/listOfStockCards/ - Seznam skladových karet řaazení podle Lokální skupiny&quot; @api @smoke @medium stockCards @sort" classname="Smoke\Smoke_All_Gets_api.spec.ts" time="0.668" id="TC-012"/>
    <testcase name="API Smoke Tests - GET Endpoints › Authenticated GETs from JSON › TC-013: Endpoint &quot;GET /reports-api/listOfStocks Obchodní místo řazení podle id&quot; @api @smoke @medium stocks @sort" classname="Smoke\Smoke_All_Gets_api.spec.ts" time="0.684" id="TC-013"/>
    <testcase name="API Smoke Tests - GET Endpoints › Authenticated GETs from JSON › TC-014: Endpoint &quot;GET /reports-api/listOfStocks Obchodní místo řazení podle Názvu&quot; @api @smoke @medium stocks @sort" classname="Smoke\Smoke_All_Gets_api.spec.ts" time="0.682" id="TC-014"/>
    <testcase name="API Smoke Tests - GET Endpoints › Authenticated GETs from JSON › TC-015: Endpoint &quot;GET /reports-api/listOfStocks Obchodní místo řazení podle Ulice&quot; @api @smoke @medium stocks @sort" classname="Smoke\Smoke_All_Gets_api.spec.ts" time="0.637" id="TC-015"/>
    <testcase name="API Smoke Tests - GET Endpoints › Authenticated GETs from JSON › TC-016: Endpoint &quot;GET /reports-api/listOfStocks Obchodní místo řazení podle Města&quot; @api @smoke @medium stocks @sort" classname="Smoke\Smoke_All_Gets_api.spec.ts" time="0.647" id="TC-016"/>
    <testcase name="API Smoke Tests - GET Endpoints › Authenticated GETs from JSON › TC-017: Endpoint &quot;GET /reports-api/listOfStocks Obchodní místo řazení podle PSČ&quot; @api @smoke @medium stocks @sort" classname="Smoke\Smoke_All_Gets_api.spec.ts" time="0.659" id="TC-017"/>
    <testcase name="API Smoke Tests - GET Endpoints › Authenticated GETs from JSON › TC-018: Endpoint &quot;GET /reports-api/listOfStocks Obchodní místo řazení podle Provozovatele ČS&quot; @api @smoke @medium stocks @sort" classname="Smoke\Smoke_All_Gets_api.spec.ts" time="0.671" id="TC-018"/>
    <testcase name="API Smoke Tests - GET Endpoints › Authenticated GETs from JSON › TC-019: Endpoint &quot;GET /reports-api/listOfStocks Obchodní místo řazení podle Poslední změny&quot; @api @smoke @medium stocks @sort" classname="Smoke\Smoke_All_Gets_api.spec.ts" time="0.656" id="TC-019"/>
    <testcase name="API Smoke Tests - GET Endpoints › Authenticated GETs from JSON › TC-020: Endpoint &quot;GET /reports-api/listOfStocks Obchodní místo řazení podle Kurzu Operátora&quot; @api @smoke @medium stocks @sort" classname="Smoke\Smoke_All_Gets_api.spec.ts" time="1.665" id="TC-020"/>
    <testcase name="API Smoke Tests - GET Endpoints › Authenticated GETs from JSON › TC-071: Endpoint &quot;GET /reports-api/listOfPartners Seznam partnerů řazení podle názvu partnera&quot; @api @smoke @high @sort @partners" classname="Smoke\Smoke_All_Gets_api.spec.ts" time="0.647" id="TC-071"/>
    <testcase name="API Smoke Tests - GET Endpoints › Authenticated GETs from JSON › TC-071: Endpoint &quot;GET /reports-api/listOfPartners Seznam partnerů řazení podle IČO&quot; @api @smoke @high @sort @partners" classname="Smoke\Smoke_All_Gets_api.spec.ts" time="0.662" id="TC-071"/>
    <testcase name="API Smoke Tests - GET Endpoints › Authenticated GETs from JSON › TC-071: Endpoint &quot;GET /reports-api/listOfPartners Seznam partnerů řazení podle názvu DIČ&quot; @api @smoke @high @sort @partners" classname="Smoke\Smoke_All_Gets_api.spec.ts" time="0.681" id="TC-071"/>
    <testcase name="API Smoke Tests - GET Endpoints › Authenticated GETs from JSON › TC-071: Endpoint &quot;GET /reports-api/listOfPartners Seznam partnerů řazení podle Ulice&quot; @api @smoke @high @sort @partners" classname="Smoke\Smoke_All_Gets_api.spec.ts" time="0.633" id="TC-071"/>
    <testcase name="API Smoke Tests - GET Endpoints › Authenticated GETs from JSON › TC-071: Endpoint &quot;GET /reports-api/listOfPartners Seznam partnerů řazení podle Města&quot; @api @smoke @high @sort @partners" classname="Smoke\Smoke_All_Gets_api.spec.ts" time="0.634" id="TC-071"/>
    <testcase name="API Smoke Tests - GET Endpoints › Authenticated GETs from JSON › TC-071: Endpoint &quot;GET /reports-api/listOfPartners Seznam partnerů řazení podle Poslední změny&quot; @api @smoke @high @sort @partners" classname="Smoke\Smoke_All_Gets_api.spec.ts" time="0.785" id="TC-071"/>
    <testcase name="API Smoke Tests - GET Endpoints › Authenticated GETs from JSON › TC-047: Endpoint &quot;GET /reports-api/listOfLocalCards - Serznam Fleet karet řazeno podle Čísla karty (elektornické karty)&quot; @api @smoke @medium @fleet @sort" classname="Smoke\Smoke_All_Gets_api.spec.ts" time="0.932" id="TC-047"/>
    <testcase name="API Smoke Tests - GET Endpoints › Authenticated GETs from JSON › TC-047: Endpoint &quot;GET /reports-api/listOfLocalCards - Serznam Fleet karet řazeno podle Čísla karty (tištěné)&quot; @api @smoke @medium @fleet @sort" classname="Smoke\Smoke_All_Gets_api.spec.ts" time="0.658" id="TC-047"/>
    <testcase name="API Smoke Tests - GET Endpoints › Authenticated GETs from JSON › TC-047: Endpoint &quot;GET /reports-api/listOfLocalCards - Serznam Fleet karet řazeno podle Typu karty&quot; @api @smoke @medium @fleet @sort" classname="Smoke\Smoke_All_Gets_api.spec.ts" time="0.676" id="TC-047"/>
    <testcase name="API Smoke Tests - GET Endpoints › Authenticated GETs from JSON › TC-047: Endpoint &quot;GET /reports-api/listOfLocalCards - Serznam Fleet karet řazeno podle Poslední změny&quot; @api @smoke @medium @fleet @sort" classname="Smoke\Smoke_All_Gets_api.spec.ts" time="0.649" id="TC-047"/>
  </testsuite>
</testsuites>