<testsuites id="" name="" tests="1" failures="0" skipped="0" errors="0" time="3.0497740000002085">
<testsuite name="Smoke\Moduly.spec.ts" timestamp="2025-08-25T14:22:29.122Z" hostname="chromium" tests="1" failures="0" skipped="0" time="1.007" errors="0">
<testcase name="API Smoke Tests › TC-1231: GET /administration-api/stockCardsCategories - Nastavení/ Centrální kategorie zboží @Smoke @API @Critical" classname="Smoke\Moduly.spec.ts" time="1.007">
<system-out>
<![CDATA[2025[0m[0m-08[0m[0m-25[0m[0m 14[0m[0m:22[0m[0m:31[0m[0m.013[0m[0m [34m[1mINFO[22m[39m[0m[0m [[37m\tests\Smoke\Moduly.spec.ts:29[39m[0m[0m]Zahajuji API smoke test suite...
2025[0m[0m-08[0m[0m-25[0m[0m 14[0m[0m:22[0m[0m:31[0m[0m.027[0m[0m [34m[1mINFO[22m[39m[0m[0m [[37m\tests\Smoke\Moduly.spec.ts:34[39m[0m[0m]ApiClient byl úspěšně inicializován s autorizačním tokenem.
2025[0m[0m-08[0m[0m-25[0m[0m 14[0m[0m:22[0m[0m:31[0m[0m.096[0m[0m [34m[1mINFO[22m[39m[0m[0m [[37m\tests\Smoke\Moduly.spec.ts:1033[39m[0m[0m]Endpoint úspěšně vrátil 10 kategorií zboží.
]]>
</system-out>
</testcase>
</testsuite>
</testsuites>