<testsuites id="" name="" tests="40" failures="19" skipped="0" errors="0" time="55.480830000000076">
<testsuite name="Smoke\Moduly.spec.ts" timestamp="2025-08-25T10:16:30.828Z" hostname="chromium" tests="40" failures="19" skipped="0" time="32.68" errors="0">
<testcase name="API Smoke Tests › TC-1194: TCGET /dashboard - Dashboard @Smoke @API @Critical" classname="Smoke\Moduly.spec.ts" time="1.011">
<system-out>
<![CDATA[2025[0m[0m-08[0m[0m-25[0m[0m 10[0m[0m:16[0m[0m:32[0m[0m.686[0m[0m [34m[1mINFO[22m[39m[0m[0m [[37m\tests\Smoke\Moduly.spec.ts:29[39m[0m[0m]Zahajuji API smoke test suite...
2025[0m[0m-08[0m[0m-25[0m[0m 10[0m[0m:16[0m[0m:32[0m[0m.691[0m[0m [34m[1mINFO[22m[39m[0m[0m [[37m\tests\Smoke\Moduly.spec.ts:34[39m[0m[0m]ApiClient byl úspěšně inicializován s autorizačním tokenem.
2025[0m[0m-08[0m[0m-25[0m[0m 10[0m[0m:16[0m[0m:32[0m[0m.758[0m[0m [34m[1mINFO[22m[39m[0m[0m [[37m\tests\Smoke\Moduly.spec.ts:45[39m[0m[0m]Endpoint GET /dashboard vrátil validní HTML obsah.
]]>
</system-out>
</testcase>
<testcase name="API Smoke Tests › TC-1195: GET /reports-api/listOfStocks - Obchodní místa @Smoke @API @Critical" classname="Smoke\Moduly.spec.ts" time="0.811">
<system-out>
<![CDATA[2025[0m[0m-08[0m[0m-25[0m[0m 10[0m[0m:16[0m[0m:33[0m[0m.490[0m[0m [34m[1mINFO[22m[39m[0m[0m [[37m\tests\Smoke\Moduly.spec.ts:29[39m[0m[0m]Zahajuji API smoke test suite...
2025[0m[0m-08[0m[0m-25[0m[0m 10[0m[0m:16[0m[0m:33[0m[0m.495[0m[0m [34m[1mINFO[22m[39m[0m[0m [[37m\tests\Smoke\Moduly.spec.ts:34[39m[0m[0m]ApiClient byl úspěšně inicializován s autorizačním tokenem.
2025[0m[0m-08[0m[0m-25[0m[0m 10[0m[0m:16[0m[0m:33[0m[0m.580[0m[0m [34m[1mINFO[22m[39m[0m[0m [[37m\tests\Smoke\Moduly.spec.ts:68[39m[0m[0m]Endpoint úspěšně vrátil 5 obchodních míst.
]]>
</system-out>
</testcase>
<testcase name="API Smoke Tests › TC-1196: GET /reports-api/listOfStockCards - Skladové karty @Smoke @API @Critical" classname="Smoke\Moduly.spec.ts" time="0.9">
<system-out>
<![CDATA[2025[0m[0m-08[0m[0m-25[0m[0m 10[0m[0m:16[0m[0m:34[0m[0m.319[0m[0m [34m[1mINFO[22m[39m[0m[0m [[37m\tests\Smoke\Moduly.spec.ts:29[39m[0m[0m]Zahajuji API smoke test suite...
2025[0m[0m-08[0m[0m-25[0m[0m 10[0m[0m:16[0m[0m:34[0m[0m.323[0m[0m [34m[1mINFO[22m[39m[0m[0m [[37m\tests\Smoke\Moduly.spec.ts:34[39m[0m[0m]ApiClient byl úspěšně inicializován s autorizačním tokenem.
2025[0m[0m-08[0m[0m-25[0m[0m 10[0m[0m:16[0m[0m:34[0m[0m.494[0m[0m [34m[1mINFO[22m[39m[0m[0m [[37m\tests\Smoke\Moduly.spec.ts:86[39m[0m[0m]Endpoint úspěšně vrátil 10 skladových karet.
]]>
</system-out>
</testcase>
<testcase name="API Smoke Tests › TC-1197: GET /administration-api/stockCardsGroupsLocal - Lokální skupiny @Smoke @API @Critical" classname="Smoke\Moduly.spec.ts" time="0.773">
<system-out>
<![CDATA[2025[0m[0m-08[0m[0m-25[0m[0m 10[0m[0m:16[0m[0m:35[0m[0m.193[0m[0m [34m[1mINFO[22m[39m[0m[0m [[37m\tests\Smoke\Moduly.spec.ts:29[39m[0m[0m]Zahajuji API smoke test suite...
2025[0m[0m-08[0m[0m-25[0m[0m 10[0m[0m:16[0m[0m:35[0m[0m.199[0m[0m [34m[1mINFO[22m[39m[0m[0m [[37m\tests\Smoke\Moduly.spec.ts:34[39m[0m[0m]ApiClient byl úspěšně inicializován s autorizačním tokenem.
2025[0m[0m-08[0m[0m-25[0m[0m 10[0m[0m:16[0m[0m:35[0m[0m.281[0m[0m [33m[1mWARN[22m[39m[0m[0m [[37m\tests\Smoke\Moduly.spec.ts:102[39m[0m[0m]Endpoint vrátil 0 lokálních skupin pro stockId: 230.
]]>
</system-out>
</testcase>
<testcase name="API Smoke Tests › TC-1198: GET /administration-api/stockCardsSupergroupsLocal - Lokální nadskupiny @Smoke @API @Critical" classname="Smoke\Moduly.spec.ts" time="0.795">
<system-out>
<![CDATA[2025[0m[0m-08[0m[0m-25[0m[0m 10[0m[0m:16[0m[0m:36[0m[0m.007[0m[0m [34m[1mINFO[22m[39m[0m[0m [[37m\tests\Smoke\Moduly.spec.ts:29[39m[0m[0m]Zahajuji API smoke test suite...
2025[0m[0m-08[0m[0m-25[0m[0m 10[0m[0m:16[0m[0m:36[0m[0m.010[0m[0m [34m[1mINFO[22m[39m[0m[0m [[37m\tests\Smoke\Moduly.spec.ts:34[39m[0m[0m]ApiClient byl úspěšně inicializován s autorizačním tokenem.
2025[0m[0m-08[0m[0m-25[0m[0m 10[0m[0m:16[0m[0m:36[0m[0m.080[0m[0m [33m[1mWARN[22m[39m[0m[0m [[37m\tests\Smoke\Moduly.spec.ts:120[39m[0m[0m]Endpoint vrátil 0 lokálních nadskupin pro stockId: 230.
]]>
</system-out>
</testcase>
<testcase name="API Smoke Tests › TC-1199: GET /administration-api/listOfPosTerminals - Rychlé volby 1/2 - POS Terminály @Smoke @API @Critical" classname="Smoke\Moduly.spec.ts" time="0.978">
<system-out>
<![CDATA[2025[0m[0m-08[0m[0m-25[0m[0m 10[0m[0m:16[0m[0m:36[0m[0m.793[0m[0m [34m[1mINFO[22m[39m[0m[0m [[37m\tests\Smoke\Moduly.spec.ts:29[39m[0m[0m]Zahajuji API smoke test suite...
2025[0m[0m-08[0m[0m-25[0m[0m 10[0m[0m:16[0m[0m:36[0m[0m.794[0m[0m [34m[1mINFO[22m[39m[0m[0m [[37m\tests\Smoke\Moduly.spec.ts:34[39m[0m[0m]ApiClient byl úspěšně inicializován s autorizačním tokenem.
2025[0m[0m-08[0m[0m-25[0m[0m 10[0m[0m:16[0m[0m:37[0m[0m.072[0m[0m [34m[1mINFO[22m[39m[0m[0m [[37m\tests\Smoke\Moduly.spec.ts:140[39m[0m[0m]Endpoint úspěšně vrátil 9 POS terminálů.
]]>
</system-out>
</testcase>
<testcase name="API Smoke Tests › TC-1200: GET /administration-api/listOfHotKeysDefinitions - Rychlé volby @Smoke @API @Critical POS Terminál 2/2" classname="Smoke\Moduly.spec.ts" time="0.839">
<system-out>
<![CDATA[2025[0m[0m-08[0m[0m-25[0m[0m 10[0m[0m:16[0m[0m:37[0m[0m.842[0m[0m [34m[1mINFO[22m[39m[0m[0m [[37m\tests\Smoke\Moduly.spec.ts:29[39m[0m[0m]Zahajuji API smoke test suite...
2025[0m[0m-08[0m[0m-25[0m[0m 10[0m[0m:16[0m[0m:37[0m[0m.844[0m[0m [34m[1mINFO[22m[39m[0m[0m [[37m\tests\Smoke\Moduly.spec.ts:34[39m[0m[0m]ApiClient byl úspěšně inicializován s autorizačním tokenem.
2025[0m[0m-08[0m[0m-25[0m[0m 10[0m[0m:16[0m[0m:37[0m[0m.920[0m[0m [34m[1mINFO[22m[39m[0m[0m [[37m\tests\Smoke\Moduly.spec.ts:159[39m[0m[0m]Endpoint úspěšně vrátil 32 rychlých voleb.
]]>
</system-out>
</testcase>
<testcase name="API Smoke Tests › TC-1201: GET /reports-api/listOfPartners - Obchod/Partneři 1/2 @Smoke @API @Critical" classname="Smoke\Moduly.spec.ts" time="0.87">
<system-out>
<![CDATA[2025[0m[0m-08[0m[0m-25[0m[0m 10[0m[0m:16[0m[0m:38[0m[0m.607[0m[0m [34m[1mINFO[22m[39m[0m[0m [[37m\tests\Smoke\Moduly.spec.ts:29[39m[0m[0m]Zahajuji API smoke test suite...
2025[0m[0m-08[0m[0m-25[0m[0m 10[0m[0m:16[0m[0m:38[0m[0m.613[0m[0m [34m[1mINFO[22m[39m[0m[0m [[37m\tests\Smoke\Moduly.spec.ts:34[39m[0m[0m]ApiClient byl úspěšně inicializován s autorizačním tokenem.
2025[0m[0m-08[0m[0m-25[0m[0m 10[0m[0m:16[0m[0m:38[0m[0m.801[0m[0m [34m[1mINFO[22m[39m[0m[0m [[37m\tests\Smoke\Moduly.spec.ts:178[39m[0m[0m]Endpoint úspěšně vrátil 156 partnerů.
]]>
</system-out>
</testcase>
<testcase name="API Smoke Tests › TC-1202: GET /dashboard-api/tablesCountInfo - Obchod/Partneři 2/2 @Smoke @API @Critical" classname="Smoke\Moduly.spec.ts" time="0.793">
<system-out>
<![CDATA[2025[0m[0m-08[0m[0m-25[0m[0m 10[0m[0m:16[0m[0m:39[0m[0m.524[0m[0m [34m[1mINFO[22m[39m[0m[0m [[37m\tests\Smoke\Moduly.spec.ts:29[39m[0m[0m]Zahajuji API smoke test suite...
2025[0m[0m-08[0m[0m-25[0m[0m 10[0m[0m:16[0m[0m:39[0m[0m.529[0m[0m [34m[1mINFO[22m[39m[0m[0m [[37m\tests\Smoke\Moduly.spec.ts:34[39m[0m[0m]ApiClient byl úspěšně inicializován s autorizačním tokenem.
2025[0m[0m-08[0m[0m-25[0m[0m 10[0m[0m:16[0m[0m:39[0m[0m.596[0m[0m [34m[1mINFO[22m[39m[0m[0m [[37m\tests\Smoke\Moduly.spec.ts:204[39m[0m[0m]Endpoint úspěšně vrátil počet záznamů pro tabulku "localCards": [object Object].
]]>
</system-out>
</testcase>
<testcase name="API Smoke Tests › TC-1203: GET /reports-api/listOfLocalCards - Obchod/Fleet karty @Smoke @API @Critical" classname="Smoke\Moduly.spec.ts" time="0.785">
<system-out>
<![CDATA[2025[0m[0m-08[0m[0m-25[0m[0m 10[0m[0m:16[0m[0m:40[0m[0m.324[0m[0m [34m[1mINFO[22m[39m[0m[0m [[37m\tests\Smoke\Moduly.spec.ts:29[39m[0m[0m]Zahajuji API smoke test suite...
2025[0m[0m-08[0m[0m-25[0m[0m 10[0m[0m:16[0m[0m:40[0m[0m.333[0m[0m [34m[1mINFO[22m[39m[0m[0m [[37m\tests\Smoke\Moduly.spec.ts:34[39m[0m[0m]ApiClient byl úspěšně inicializován s autorizačním tokenem.
2025[0m[0m-08[0m[0m-25[0m[0m 10[0m[0m:16[0m[0m:40[0m[0m.392[0m[0m [34m[1mINFO[22m[39m[0m[0m [[37m\tests\Smoke\Moduly.spec.ts:234[39m[0m[0m]Endpoint úspěšně vrátil 5 lokálních karet.
]]>
</system-out>
</testcase>
<testcase name="API Smoke Tests › TC-1204: GET /reports-api/listOfPricesCategories - Obchod/ Cenové kategorie @Smoke @API @Critical" classname="Smoke\Moduly.spec.ts" time="0.839">
<system-out>
<![CDATA[2025[0m[0m-08[0m[0m-25[0m[0m 10[0m[0m:16[0m[0m:41[0m[0m.176[0m[0m [34m[1mINFO[22m[39m[0m[0m [[37m\tests\Smoke\Moduly.spec.ts:29[39m[0m[0m]Zahajuji API smoke test suite...
2025[0m[0m-08[0m[0m-25[0m[0m 10[0m[0m:16[0m[0m:41[0m[0m.181[0m[0m [34m[1mINFO[22m[39m[0m[0m [[37m\tests\Smoke\Moduly.spec.ts:34[39m[0m[0m]ApiClient byl úspěšně inicializován s autorizačním tokenem.
2025[0m[0m-08[0m[0m-25[0m[0m 10[0m[0m:16[0m[0m:41[0m[0m.241[0m[0m [34m[1mINFO[22m[39m[0m[0m [[37m\tests\Smoke\Moduly.spec.ts:257[39m[0m[0m]Endpoint úspěšně vrátil 2 cenových kategorií.
]]>
</system-out>
</testcase>
<testcase name="API Smoke Tests › TC-1205: GET /reports-api/listOfEuroOilCardRequests - Obchod/Přehled žádostí o Euroil kartu @Smoke @API @Critical" classname="Smoke\Moduly.spec.ts" time="0.781">
<system-out>
<![CDATA[2025[0m[0m-08[0m[0m-25[0m[0m 10[0m[0m:16[0m[0m:41[0m[0m.956[0m[0m [34m[1mINFO[22m[39m[0m[0m [[37m\tests\Smoke\Moduly.spec.ts:29[39m[0m[0m]Zahajuji API smoke test suite...
2025[0m[0m-08[0m[0m-25[0m[0m 10[0m[0m:16[0m[0m:41[0m[0m.963[0m[0m [34m[1mINFO[22m[39m[0m[0m [[37m\tests\Smoke\Moduly.spec.ts:34[39m[0m[0m]ApiClient byl úspěšně inicializován s autorizačním tokenem.
2025[0m[0m-08[0m[0m-25[0m[0m 10[0m[0m:16[0m[0m:42[0m[0m.029[0m[0m [33m[1mWARN[22m[39m[0m[0m [[37m\tests\Smoke\Moduly.spec.ts:286[39m[0m[0m]Endpoint vrátil 0 žádostí o EuroOil karty pro stockId: 230.
]]>
</system-out>
</testcase>
<testcase name="API Smoke Tests › TC-1206: GET /reports-api/listOfBonusClasses - Obchod/Přehled slev a poplatků @Smoke @API @Critical" classname="Smoke\Moduly.spec.ts" time="0.727">
<system-out>
<![CDATA[2025[0m[0m-08[0m[0m-25[0m[0m 10[0m[0m:16[0m[0m:42[0m[0m.691[0m[0m [34m[1mINFO[22m[39m[0m[0m [[37m\tests\Smoke\Moduly.spec.ts:29[39m[0m[0m]Zahajuji API smoke test suite...
2025[0m[0m-08[0m[0m-25[0m[0m 10[0m[0m:16[0m[0m:42[0m[0m.697[0m[0m [34m[1mINFO[22m[39m[0m[0m [[37m\tests\Smoke\Moduly.spec.ts:34[39m[0m[0m]ApiClient byl úspěšně inicializován s autorizačním tokenem.
2025[0m[0m-08[0m[0m-25[0m[0m 10[0m[0m:16[0m[0m:42[0m[0m.761[0m[0m [34m[1mINFO[22m[39m[0m[0m [[37m\tests\Smoke\Moduly.spec.ts:319[39m[0m[0m]Endpoint úspěšně vrátil 10 bonusových tříd.
]]>
</system-out>
</testcase>
<testcase name="API Smoke Tests › TC-1207: GET /reports-api/listOfUsersReports - Sestavy/ Uživatelské sestavy @Smoke @API @Critical" classname="Smoke\Moduly.spec.ts" time="0.894">
<system-out>
<![CDATA[2025[0m[0m-08[0m[0m-25[0m[0m 10[0m[0m:16[0m[0m:43[0m[0m.588[0m[0m [34m[1mINFO[22m[39m[0m[0m [[37m\tests\Smoke\Moduly.spec.ts:29[39m[0m[0m]Zahajuji API smoke test suite...
2025[0m[0m-08[0m[0m-25[0m[0m 10[0m[0m:16[0m[0m:43[0m[0m.593[0m[0m [34m[1mINFO[22m[39m[0m[0m [[37m\tests\Smoke\Moduly.spec.ts:34[39m[0m[0m]ApiClient byl úspěšně inicializován s autorizačním tokenem.
2025[0m[0m-08[0m[0m-25[0m[0m 10[0m[0m:16[0m[0m:43[0m[0m.665[0m[0m [34m[1mINFO[22m[39m[0m[0m [[37m\tests\Smoke\Moduly.spec.ts:349[39m[0m[0m]Endpoint úspěšně vrátil 36 uživatelských sestav.
]]>
</system-out>
</testcase>
<testcase name="API Smoke Tests › TC-1208: GET /balances-api/supplyPeriodsEnums - Sestavy/ Přehled skladových zásob @Smoke @API @Critical" classname="Smoke\Moduly.spec.ts" time="0.774">
<system-out>
<![CDATA[2025[0m[0m-08[0m[0m-25[0m[0m 10[0m[0m:16[0m[0m:44[0m[0m.369[0m[0m [34m[1mINFO[22m[39m[0m[0m [[37m\tests\Smoke\Moduly.spec.ts:29[39m[0m[0m]Zahajuji API smoke test suite...
2025[0m[0m-08[0m[0m-25[0m[0m 10[0m[0m:16[0m[0m:44[0m[0m.371[0m[0m [34m[1mINFO[22m[39m[0m[0m [[37m\tests\Smoke\Moduly.spec.ts:34[39m[0m[0m]ApiClient byl úspěšně inicializován s autorizačním tokenem.
2025[0m[0m-08[0m[0m-25[0m[0m 10[0m[0m:16[0m[0m:44[0m[0m.428[0m[0m [34m[1mINFO[22m[39m[0m[0m [[37m\tests\Smoke\Moduly.spec.ts:364[39m[0m[0m]Endpoint úspěšně vrátil 2 položek v číselníku.
]]>
</system-out>
</testcase>
<testcase name="API Smoke Tests › TC-1209: GET /dashboard-api/stocksTanks - Stavy/ Ceník kapalin @Smoke @API @Critical" classname="Smoke\Moduly.spec.ts" time="0.754">
<failure message="Moduly.spec.ts:385:9 TC-1209: GET /dashboard-api/stocksTanks - Stavy/ Ceník kapalin @Smoke @API @Critical" type="FAILURE">
<![CDATA[  [chromium] › Smoke\Moduly.spec.ts:385:9 › API Smoke Tests › TC-1209: GET /dashboard-api/stocksTanks - Stavy/ Ceník kapalin @Smoke @API @Critical 

    Error: expect(received).toHaveProperty(path)

    Expected path: "capacity"
    Received path: []

    Received value: {"accOwner": "60193531", "averageStockPrice": 25, "changePhmPossible": false, "created": "2025-05-16T10:14:12.477Z", "ctrlId": 1, "fctctrlId": 1, "guardedVolume": 1050, "guiColor": "#1C4587", "id": 1, "maxVolume": 50000, "measureTimestamp": "2025-08-25T10:08:46.000Z", "minVolume": 1000, "sellingPriceWithVat": 32, "stockCardId": 100, "stockCardName": "NAFTA", "stockId": 230, "tandem": "N", "tankId": 1, "temperature": 20, "topLevel": 50.55, "updated": "2025-05-16T10:14:12.477Z", "volume": 5055, "volumeRef": 5029.73, "water": 0}

      403 |             expect.soft(firstTank).toHaveProperty('stockCardName');
      404 |             expect.soft(firstTank).toHaveProperty('volume');
    > 405 |             expect.soft(firstTank).toHaveProperty('capacity');
          |                                    ^
      406 |             expect.soft(firstTank).toHaveProperty('fillPercent');
      407 |             
      408 |             // Ověříme datové typy klíčových vlastností
        at C:\Users\novakma\Testy_CBOS\tests\Smoke\Moduly.spec.ts:405:36

    Error: expect(received).toHaveProperty(path)

    Expected path: "fillPercent"
    Received path: []

    Received value: {"accOwner": "60193531", "averageStockPrice": 25, "changePhmPossible": false, "created": "2025-05-16T10:14:12.477Z", "ctrlId": 1, "fctctrlId": 1, "guardedVolume": 1050, "guiColor": "#1C4587", "id": 1, "maxVolume": 50000, "measureTimestamp": "2025-08-25T10:08:46.000Z", "minVolume": 1000, "sellingPriceWithVat": 32, "stockCardId": 100, "stockCardName": "NAFTA", "stockId": 230, "tandem": "N", "tankId": 1, "temperature": 20, "topLevel": 50.55, "updated": "2025-05-16T10:14:12.477Z", "volume": 5055, "volumeRef": 5029.73, "water": 0}

      404 |             expect.soft(firstTank).toHaveProperty('volume');
      405 |             expect.soft(firstTank).toHaveProperty('capacity');
    > 406 |             expect.soft(firstTank).toHaveProperty('fillPercent');
          |                                    ^
      407 |             
      408 |             // Ověříme datové typy klíčových vlastností
      409 |             expect.soft(typeof firstTank.tankId, 'Vlastnost "tankId" musí být číslo').toBe('number');
        at C:\Users\novakma\Testy_CBOS\tests\Smoke\Moduly.spec.ts:406:36

    Error: Vlastnost "fillPercent" musí být číslo

    expect(received).toBe(expected) // Object.is equality

    Expected: "number"
    Received: "undefined"

      410 |             expect.soft(typeof firstTank.stockCardName, 'Vlastnost "stockCardName" musí být textový řetězec').toBe('string');
      411 |             expect.soft(typeof firstTank.volume, 'Vlastnost "volume" musí být číslo').toBe('number');
    > 412 |             expect.soft(typeof firstTank.fillPercent, 'Vlastnost "fillPercent" musí být číslo').toBe('number');
          |                                                                                                 ^
      413 |         } else {
      414 |             logger.warn(`Endpoint nevrátil žádná data o nádržích pro stockId: ${STOCK_ID}.`);
      415 |         }
        at C:\Users\novakma\Testy_CBOS\tests\Smoke\Moduly.spec.ts:412:97
]]>
</failure>
<system-out>
<![CDATA[2025[0m[0m-08[0m[0m-25[0m[0m 10[0m[0m:16[0m[0m:45[0m[0m.098[0m[0m [34m[1mINFO[22m[39m[0m[0m [[37m\tests\Smoke\Moduly.spec.ts:29[39m[0m[0m]Zahajuji API smoke test suite...
2025[0m[0m-08[0m[0m-25[0m[0m 10[0m[0m:16[0m[0m:45[0m[0m.100[0m[0m [34m[1mINFO[22m[39m[0m[0m [[37m\tests\Smoke\Moduly.spec.ts:34[39m[0m[0m]ApiClient byl úspěšně inicializován s autorizačním tokenem.
2025[0m[0m-08[0m[0m-25[0m[0m 10[0m[0m:16[0m[0m:45[0m[0m.174[0m[0m [34m[1mINFO[22m[39m[0m[0m [[37m\tests\Smoke\Moduly.spec.ts:397[39m[0m[0m]Endpoint úspěšně vrátil data pro 4 nádrží.
]]>
</system-out>
</testcase>
<testcase name="API Smoke Tests › TC-1210: GET /reports-api/listOfOperators - Doklady/ Účtenky @Smoke @API @Critical" classname="Smoke\Moduly.spec.ts" time="0.822">
<failure message="Moduly.spec.ts:418:9 TC-1210: GET /reports-api/listOfOperators - Doklady/ Účtenky @Smoke @API @Critical" type="FAILURE">
<![CDATA[  [chromium] › Smoke\Moduly.spec.ts:418:9 › API Smoke Tests › TC-1210: GET /reports-api/listOfOperators - Doklady/ Účtenky @Smoke @API @Critical 

    Error: expect(received).toHaveProperty(path)

    Expected path: "operator"
    Received path: []

    Received value: {"label": "COPT", "value": "COPT"}

      438 |                 // Ověříme strukturu prvního objektu v poli
      439 |                 expect.soft(firstOperator, 'První objekt operátora nesmí být null').not.toBeNull();
    > 440 |                 expect.soft(firstOperator).toHaveProperty('operator');
          |                                            ^
      441 |                 expect.soft(firstOperator).toHaveProperty('name');
      442 |                 
      443 |                 // Ověříme datové typy
        at C:\Users\novakma\Testy_CBOS\tests\Smoke\Moduly.spec.ts:440:44

    Error: expect(received).toHaveProperty(path)

    Expected path: "name"
    Received path: []

    Received value: {"label": "COPT", "value": "COPT"}

      439 |                 expect.soft(firstOperator, 'První objekt operátora nesmí být null').not.toBeNull();
      440 |                 expect.soft(firstOperator).toHaveProperty('operator');
    > 441 |                 expect.soft(firstOperator).toHaveProperty('name');
          |                                            ^
      442 |                 
      443 |                 // Ověříme datové typy
      444 |                 expect.soft(typeof firstOperator.operator, 'Vlastnost "operator" musí být textový řetězec').toBe('string');
        at C:\Users\novakma\Testy_CBOS\tests\Smoke\Moduly.spec.ts:441:44

    Error: Vlastnost "operator" musí být textový řetězec

    expect(received).toBe(expected) // Object.is equality

    Expected: "string"
    Received: "undefined"

      442 |                 
      443 |                 // Ověříme datové typy
    > 444 |                 expect.soft(typeof firstOperator.operator, 'Vlastnost "operator" musí být textový řetězec').toBe('string');
          |                                                                                                             ^
      445 |                 expect.soft(typeof firstOperator.name, 'Vlastnost "name" musí být textový řetězec').toBe('string');
      446 |             } else {
      447 |                 logger.warn(`Endpoint nevrátil žádné operátory pro parametry: ${JSON.stringify(testParams)}.`);
        at C:\Users\novakma\Testy_CBOS\tests\Smoke\Moduly.spec.ts:444:109

    Error: Vlastnost "name" musí být textový řetězec

    expect(received).toBe(expected) // Object.is equality

    Expected: "string"
    Received: "undefined"

      443 |                 // Ověříme datové typy
      444 |                 expect.soft(typeof firstOperator.operator, 'Vlastnost "operator" musí být textový řetězec').toBe('string');
    > 445 |                 expect.soft(typeof firstOperator.name, 'Vlastnost "name" musí být textový řetězec').toBe('string');
          |                                                                                                     ^
      446 |             } else {
      447 |                 logger.warn(`Endpoint nevrátil žádné operátory pro parametry: ${JSON.stringify(testParams)}.`);
      448 |             }
        at C:\Users\novakma\Testy_CBOS\tests\Smoke\Moduly.spec.ts:445:101
]]>
</failure>
<system-out>
<![CDATA[2025[0m[0m-08[0m[0m-25[0m[0m 10[0m[0m:16[0m[0m:46[0m[0m.894[0m[0m [34m[1mINFO[22m[39m[0m[0m [[37m\tests\Smoke\Moduly.spec.ts:29[39m[0m[0m]Zahajuji API smoke test suite...
2025[0m[0m-08[0m[0m-25[0m[0m 10[0m[0m:16[0m[0m:46[0m[0m.899[0m[0m [34m[1mINFO[22m[39m[0m[0m [[37m\tests\Smoke\Moduly.spec.ts:34[39m[0m[0m]ApiClient byl úspěšně inicializován s autorizačním tokenem.
2025[0m[0m-08[0m[0m-25[0m[0m 10[0m[0m:16[0m[0m:47[0m[0m.002[0m[0m [34m[1mINFO[22m[39m[0m[0m [[37m\tests\Smoke\Moduly.spec.ts:435[39m[0m[0m]Endpoint úspěšně vrátil 13 operátorů.
]]>
</system-out>
</testcase>
<testcase name="API Smoke Tests › TC-1211: GET /reports-api/listOfReceiptsUdd - Doklady/ Úplné daňové doklady @Smoke @API @Critical" classname="Smoke\Moduly.spec.ts" time="0.839">
<failure message="Moduly.spec.ts:451:9 TC-1211: GET /reports-api/listOfReceiptsUdd - Doklady/ Úplné daňové doklady @Smoke @API @Critical" type="FAILURE">
<![CDATA[  [chromium] › Smoke\Moduly.spec.ts:451:9 › API Smoke Tests › TC-1211: GET /reports-api/listOfReceiptsUdd - Doklady/ Úplné daňové doklady @Smoke @API @Critical 

    Error: Odpověď musí obsahovat pole "data"

    expect(received).toBeInstanceOf(expected)

    Expected constructor: Array

    Received value has no prototype
    Received value: undefined

      463 |
      464 |         // Pro tento typ endpointu očekáváme vždy objekt s 'data' a 'pagination'
    > 465 |         expect(response.data, 'Odpověď musí obsahovat pole "data"').toBeInstanceOf(Array);
          |                                                                     ^
      466 |         expect(response.pagination, 'Odpověď musí obsahovat objekt "pagination"').toBeDefined();
      467 |         
      468 |         if (response.data.length > 0) {
        at C:\Users\novakma\Testy_CBOS\tests\Smoke\Moduly.spec.ts:465:69
]]>
</failure>
<system-out>
<![CDATA[2025[0m[0m-08[0m[0m-25[0m[0m 10[0m[0m:16[0m[0m:48[0m[0m.827[0m[0m [34m[1mINFO[22m[39m[0m[0m [[37m\tests\Smoke\Moduly.spec.ts:29[39m[0m[0m]Zahajuji API smoke test suite...
2025[0m[0m-08[0m[0m-25[0m[0m 10[0m[0m:16[0m[0m:48[0m[0m.838[0m[0m [34m[1mINFO[22m[39m[0m[0m [[37m\tests\Smoke\Moduly.spec.ts:34[39m[0m[0m]ApiClient byl úspěšně inicializován s autorizačním tokenem.
]]>
</system-out>
</testcase>
<testcase name="API Smoke Tests › TC-1212: GET /reports-api/listOfPosTankTickets - Doklady/ stvrzenky o složení hotovosti @Smoke @API @Critical" classname="Smoke\Moduly.spec.ts" time="0.825">
<failure message="Moduly.spec.ts:478:9 TC-1212: GET /reports-api/listOfPosTankTickets - Doklady/ stvrzenky o složení hotovosti @Smoke @API @Critical" type="FAILURE">
<![CDATA[  [chromium] › Smoke\Moduly.spec.ts:478:9 › API Smoke Tests › TC-1212: GET /reports-api/listOfPosTankTickets - Doklady/ stvrzenky o složení hotovosti @Smoke @API @Critical 

    Error: Odpověď musí obsahovat pole "data"

    expect(received).toBeInstanceOf(expected)

    Expected constructor: Array

    Received value has no prototype
    Received value: undefined

      489 |         expect(response, 'Odpověď z /reports-api/listOfPosTankTickets nesmí být prázdná').toBeDefined();
      490 |
    > 491 |         expect(response.data, 'Odpověď musí obsahovat pole "data"').toBeInstanceOf(Array);
          |                                                                     ^
      492 |         expect(response.pagination, 'Odpověď musí obsahovat objekt "pagination"').toBeDefined();
      493 |         
      494 |         if (response.data.length > 0) {
        at C:\Users\novakma\Testy_CBOS\tests\Smoke\Moduly.spec.ts:491:69
]]>
</failure>
<system-out>
<![CDATA[2025[0m[0m-08[0m[0m-25[0m[0m 10[0m[0m:16[0m[0m:50[0m[0m.873[0m[0m [34m[1mINFO[22m[39m[0m[0m [[37m\tests\Smoke\Moduly.spec.ts:29[39m[0m[0m]Zahajuji API smoke test suite...
2025[0m[0m-08[0m[0m-25[0m[0m 10[0m[0m:16[0m[0m:50[0m[0m.886[0m[0m [34m[1mINFO[22m[39m[0m[0m [[37m\tests\Smoke\Moduly.spec.ts:34[39m[0m[0m]ApiClient byl úspěšně inicializován s autorizačním tokenem.
]]>
</system-out>
</testcase>
<testcase name="API Smoke Tests › TC-1213: GET /reports-api/listOfPosMoneyOperations - Doklady/Vklady a výběry v hotovosti @Smoke @API @Critical" classname="Smoke\Moduly.spec.ts" time="0.783">
<failure message="Moduly.spec.ts:501:9 TC-1213: GET /reports-api/listOfPosMoneyOperations - Doklady/Vklady a výběry v hotovosti @Smoke @API @Critical" type="FAILURE">
<![CDATA[  [chromium] › Smoke\Moduly.spec.ts:501:9 › API Smoke Tests › TC-1213: GET /reports-api/listOfPosMoneyOperations - Doklady/Vklady a výběry v hotovosti @Smoke @API @Critical 

    Error: Odpověď musí obsahovat pole "data"

    expect(received).toBeInstanceOf(expected)

    Expected constructor: Array

    Received value has no prototype
    Received value: undefined

      512 |         expect(response, 'Odpověď z /reports-api/listOfPosMoneyOperations nesmí být prázdná').toBeDefined();
      513 |
    > 514 |         expect(response.data, 'Odpověď musí obsahovat pole "data"').toBeInstanceOf(Array);
          |                                                                     ^
      515 |         expect(response.pagination, 'Odpověď musí obsahovat objekt "pagination"').toBeDefined();
      516 |         
      517 |         if (response.data.length > 0) {
        at C:\Users\novakma\Testy_CBOS\tests\Smoke\Moduly.spec.ts:514:69
]]>
</failure>
<system-out>
<![CDATA[2025[0m[0m-08[0m[0m-25[0m[0m 10[0m[0m:16[0m[0m:52[0m[0m.828[0m[0m [34m[1mINFO[22m[39m[0m[0m [[37m\tests\Smoke\Moduly.spec.ts:29[39m[0m[0m]Zahajuji API smoke test suite...
2025[0m[0m-08[0m[0m-25[0m[0m 10[0m[0m:16[0m[0m:52[0m[0m.834[0m[0m [34m[1mINFO[22m[39m[0m[0m [[37m\tests\Smoke\Moduly.spec.ts:34[39m[0m[0m]ApiClient byl úspěšně inicializován s autorizačním tokenem.
]]>
</system-out>
</testcase>
<testcase name="API Smoke Tests › TC-1214: GET /reports-api/listOfPosTankVouchers - Doklady/ přeplatkové poukázky @Smoke @API @Critical" classname="Smoke\Moduly.spec.ts" time="0.831">
<failure message="Moduly.spec.ts:524:9 TC-1214: GET /reports-api/listOfPosTankVouchers - Doklady/ přeplatkové poukázky @Smoke @API @Critical" type="FAILURE">
<![CDATA[  [chromium] › Smoke\Moduly.spec.ts:524:9 › API Smoke Tests › TC-1214: GET /reports-api/listOfPosTankVouchers - Doklady/ přeplatkové poukázky @Smoke @API @Critical 

    Error: Odpověď musí obsahovat pole "data"

    expect(received).toBeInstanceOf(expected)

    Expected constructor: Array

    Received value has no prototype
    Received value: undefined

      535 |         expect(response, 'Odpověď z /reports-api/listOfPosTankVouchers nesmí být prázdná').toBeDefined();
      536 |
    > 537 |         expect(response.data, 'Odpověď musí obsahovat pole "data"').toBeInstanceOf(Array);
          |                                                                     ^
      538 |         expect(response.pagination, 'Odpověď musí obsahovat objekt "pagination"').toBeDefined();
      539 |         
      540 |         if (response.data.length > 0) {
        at C:\Users\novakma\Testy_CBOS\tests\Smoke\Moduly.spec.ts:537:69
]]>
</failure>
<system-out>
<![CDATA[2025[0m[0m-08[0m[0m-25[0m[0m 10[0m[0m:16[0m[0m:54[0m[0m.885[0m[0m [34m[1mINFO[22m[39m[0m[0m [[37m\tests\Smoke\Moduly.spec.ts:29[39m[0m[0m]Zahajuji API smoke test suite...
2025[0m[0m-08[0m[0m-25[0m[0m 10[0m[0m:16[0m[0m:54[0m[0m.895[0m[0m [34m[1mINFO[22m[39m[0m[0m [[37m\tests\Smoke\Moduly.spec.ts:34[39m[0m[0m]ApiClient byl úspěšně inicializován s autorizačním tokenem.
]]>
</system-out>
</testcase>
<testcase name="API Smoke Tests › TC-1215: GET /reports-api/listOfGoodsInventories - Doklady/ Inventury zboží @Smoke @API @Critical" classname="Smoke\Moduly.spec.ts" time="0.799">
<system-out>
<![CDATA[2025[0m[0m-08[0m[0m-25[0m[0m 10[0m[0m:16[0m[0m:56[0m[0m.809[0m[0m [34m[1mINFO[22m[39m[0m[0m [[37m\tests\Smoke\Moduly.spec.ts:29[39m[0m[0m]Zahajuji API smoke test suite...
2025[0m[0m-08[0m[0m-25[0m[0m 10[0m[0m:16[0m[0m:56[0m[0m.819[0m[0m [34m[1mINFO[22m[39m[0m[0m [[37m\tests\Smoke\Moduly.spec.ts:34[39m[0m[0m]ApiClient byl úspěšně inicializován s autorizačním tokenem.
2025[0m[0m-08[0m[0m-25[0m[0m 10[0m[0m:16[0m[0m:56[0m[0m.886[0m[0m [34m[1mINFO[22m[39m[0m[0m [[37m\tests\Smoke\Moduly.spec.ts:563[39m[0m[0m]Endpoint úspěšně vrátil 14 inventur zboží.
]]>
</system-out>
</testcase>
<testcase name="API Smoke Tests › TC-1216: GET /reports-api/listOfOrders - Doklady/ Objednávky zboží @Smoke @API @Critical" classname="Smoke\Moduly.spec.ts" time="0.736">
<failure message="Moduly.spec.ts:569:9 TC-1216: GET /reports-api/listOfOrders - Doklady/ Objednávky zboží @Smoke @API @Critical" type="FAILURE">
<![CDATA[  [chromium] › Smoke\Moduly.spec.ts:569:9 › API Smoke Tests › TC-1216: GET /reports-api/listOfOrders - Doklady/ Objednávky zboží @Smoke @API @Critical 

    Error: Odpověď musí obsahovat pole "data"

    expect(received).toBeInstanceOf(expected)

    Expected constructor: Array

    Received value has no prototype
    Received value: undefined

      580 |         expect(response, 'Odpověď z /reports-api/listOfOrders nesmí být prázdná').toBeDefined();
      581 |
    > 582 |         expect(response.data, 'Odpověď musí obsahovat pole "data"').toBeInstanceOf(Array);
          |                                                                     ^
      583 |         expect(response.pagination, 'Odpověď musí obsahovat objekt "pagination"').toBeDefined();
      584 |         
      585 |         if (response.data.length > 0) {
        at C:\Users\novakma\Testy_CBOS\tests\Smoke\Moduly.spec.ts:582:69
]]>
</failure>
<system-out>
<![CDATA[2025[0m[0m-08[0m[0m-25[0m[0m 10[0m[0m:16[0m[0m:57[0m[0m.552[0m[0m [34m[1mINFO[22m[39m[0m[0m [[37m\tests\Smoke\Moduly.spec.ts:29[39m[0m[0m]Zahajuji API smoke test suite...
2025[0m[0m-08[0m[0m-25[0m[0m 10[0m[0m:16[0m[0m:57[0m[0m.557[0m[0m [34m[1mINFO[22m[39m[0m[0m [[37m\tests\Smoke\Moduly.spec.ts:34[39m[0m[0m]ApiClient byl úspěšně inicializován s autorizačním tokenem.
]]>
</system-out>
</testcase>
<testcase name="API Smoke Tests › TC-1217: GET /reports-api/listOfWetDeliveryNotes - Doklady/ Čerpadlové dodací listy @Smoke @API @Critical" classname="Smoke\Moduly.spec.ts" time="0.837">
<failure message="Moduly.spec.ts:592:9 TC-1217: GET /reports-api/listOfWetDeliveryNotes - Doklady/ Čerpadlové dodací listy @Smoke @API @Critical" type="FAILURE">
<![CDATA[  [chromium] › Smoke\Moduly.spec.ts:592:9 › API Smoke Tests › TC-1217: GET /reports-api/listOfWetDeliveryNotes - Doklady/ Čerpadlové dodací listy @Smoke @API @Critical 

    Error: Odpověď musí obsahovat pole "data"

    expect(received).toBeInstanceOf(expected)

    Expected constructor: Array

    Received value has no prototype
    Received value: undefined

      604 |         expect(response, 'Odpověď z /reports-api/listOfWetDeliveryNotes nesmí být prázdná').toBeDefined();
      605 |
    > 606 |         expect(response.data, 'Odpověď musí obsahovat pole "data"').toBeInstanceOf(Array);
          |                                                                     ^
      607 |         expect(response.pagination, 'Odpověď musí obsahovat objekt "pagination"').toBeDefined();
      608 |         
      609 |         if (response.data.length > 0) {
        at C:\Users\novakma\Testy_CBOS\tests\Smoke\Moduly.spec.ts:606:69
]]>
</failure>
<system-out>
<![CDATA[2025[0m[0m-08[0m[0m-25[0m[0m 10[0m[0m:16[0m[0m:59[0m[0m.379[0m[0m [34m[1mINFO[22m[39m[0m[0m [[37m\tests\Smoke\Moduly.spec.ts:29[39m[0m[0m]Zahajuji API smoke test suite...
2025[0m[0m-08[0m[0m-25[0m[0m 10[0m[0m:16[0m[0m:59[0m[0m.385[0m[0m [34m[1mINFO[22m[39m[0m[0m [[37m\tests\Smoke\Moduly.spec.ts:34[39m[0m[0m]ApiClient byl úspěšně inicializován s autorizačním tokenem.
]]>
</system-out>
</testcase>
<testcase name="API Smoke Tests › TC-1218: GET /balances-api/dailyBillances - Uzávěrky/ Denní uzávěrky @Smoke @API @Critical" classname="Smoke\Moduly.spec.ts" time="0.824">
<system-out>
<![CDATA[2025[0m[0m-08[0m[0m-25[0m[0m 10[0m[0m:17[0m[0m:01[0m[0m.169[0m[0m [34m[1mINFO[22m[39m[0m[0m [[37m\tests\Smoke\Moduly.spec.ts:29[39m[0m[0m]Zahajuji API smoke test suite...
2025[0m[0m-08[0m[0m-25[0m[0m 10[0m[0m:17[0m[0m:01[0m[0m.180[0m[0m [34m[1mINFO[22m[39m[0m[0m [[37m\tests\Smoke\Moduly.spec.ts:34[39m[0m[0m]ApiClient byl úspěšně inicializován s autorizačním tokenem.
2025[0m[0m-08[0m[0m-25[0m[0m 10[0m[0m:17[0m[0m:01[0m[0m.255[0m[0m [34m[1mINFO[22m[39m[0m[0m [[37m\tests\Smoke\Moduly.spec.ts:642[39m[0m[0m]Endpoint úspěšně vrátil 10 denních uzávěrek.
]]>
</system-out>
</testcase>
<testcase name="API Smoke Tests › TC-1219: GET /balances-api/dailyRevenues - Doklady/ poukázané tržby @Smoke @API @Critical" classname="Smoke\Moduly.spec.ts" time="0.831">
<failure message="Moduly.spec.ts:648:9 TC-1219: GET /balances-api/dailyRevenues - Doklady/ poukázané tržby @Smoke @API @Critical" type="FAILURE">
<![CDATA[  [chromium] › Smoke\Moduly.spec.ts:648:9 › API Smoke Tests › TC-1219: GET /balances-api/dailyRevenues - Doklady/ poukázané tržby @Smoke @API @Critical 

    Error: Odpověď musí obsahovat pole "data"

    expect(received).toBeInstanceOf(expected)

    Expected constructor: Array

    Received value has no prototype
    Received value: undefined

      654 |         logger.silly('Přijatá odpověď z API:\n' + JSON.stringify(response, null, 2));
      655 |         expect(response, 'Odpověď z /balances-api/dailyRevenues nesmí být prázdná').toBeDefined();
    > 656 |         expect(response.data, 'Odpověď musí obsahovat pole "data"').toBeInstanceOf(Array);
          |                                                                     ^
      657 |         expect(response.pagination, 'Odpověď musí obsahovat objekt "pagination"').toBeDefined();
      658 |         
      659 |         if (response.data.length > 0) {
        at C:\Users\novakma\Testy_CBOS\tests\Smoke\Moduly.spec.ts:656:69
]]>
</failure>
<system-out>
<![CDATA[2025[0m[0m-08[0m[0m-25[0m[0m 10[0m[0m:17[0m[0m:01[0m[0m.966[0m[0m [34m[1mINFO[22m[39m[0m[0m [[37m\tests\Smoke\Moduly.spec.ts:29[39m[0m[0m]Zahajuji API smoke test suite...
2025[0m[0m-08[0m[0m-25[0m[0m 10[0m[0m:17[0m[0m:01[0m[0m.974[0m[0m [34m[1mINFO[22m[39m[0m[0m [[37m\tests\Smoke\Moduly.spec.ts:34[39m[0m[0m]ApiClient byl úspěšně inicializován s autorizačním tokenem.
]]>
</system-out>
</testcase>
<testcase name="API Smoke Tests › TC-1220: GET /balances-api/turnovers - Doklady/ Účetní uzávěrky @Smoke @API @Critical" classname="Smoke\Moduly.spec.ts" time="0.828">
<failure message="Moduly.spec.ts:666:9 TC-1220: GET /balances-api/turnovers - Doklady/ Účetní uzávěrky @Smoke @API @Critical" type="FAILURE">
<![CDATA[  [chromium] › Smoke\Moduly.spec.ts:666:9 › API Smoke Tests › TC-1220: GET /balances-api/turnovers - Doklady/ Účetní uzávěrky @Smoke @API @Critical 

    Error: Odpověď musí obsahovat pole "data"

    expect(received).toBeInstanceOf(expected)

    Expected constructor: Array

    Received value has no prototype
    Received value: undefined

      672 |         logger.silly('Přijatá odpověď z API:\n' + JSON.stringify(response, null, 2));
      673 |         expect(response, 'Odpověď z /balances-api/turnovers nesmí být prázdná').toBeDefined();
    > 674 |         expect(response.data, 'Odpověď musí obsahovat pole "data"').toBeInstanceOf(Array);
          |                                                                     ^
      675 |         expect(response.pagination, 'Odpověď musí obsahovat objekt "pagination"').toBeDefined();
      676 |         
      677 |         if (response.data.length > 0) {
        at C:\Users\novakma\Testy_CBOS\tests\Smoke\Moduly.spec.ts:674:69
]]>
</failure>
<system-out>
<![CDATA[2025[0m[0m-08[0m[0m-25[0m[0m 10[0m[0m:17[0m[0m:03[0m[0m.946[0m[0m [34m[1mINFO[22m[39m[0m[0m [[37m\tests\Smoke\Moduly.spec.ts:29[39m[0m[0m]Zahajuji API smoke test suite...
2025[0m[0m-08[0m[0m-25[0m[0m 10[0m[0m:17[0m[0m:03[0m[0m.961[0m[0m [34m[1mINFO[22m[39m[0m[0m [[37m\tests\Smoke\Moduly.spec.ts:34[39m[0m[0m]ApiClient byl úspěšně inicializován s autorizačním tokenem.
]]>
</system-out>
</testcase>
<testcase name="API Smoke Tests › TC-1221: GET /reports-api/listOfPosSummaries - Doklady/ Pokladní uzávěrky @Smoke @API @Critical" classname="Smoke\Moduly.spec.ts" time="0.889">
<system-out>
<![CDATA[2025[0m[0m-08[0m[0m-25[0m[0m 10[0m[0m:17[0m[0m:06[0m[0m.521[0m[0m [34m[1mINFO[22m[39m[0m[0m [[37m\tests\Smoke\Moduly.spec.ts:29[39m[0m[0m]Zahajuji API smoke test suite...
2025[0m[0m-08[0m[0m-25[0m[0m 10[0m[0m:17[0m[0m:06[0m[0m.544[0m[0m [34m[1mINFO[22m[39m[0m[0m [[37m\tests\Smoke\Moduly.spec.ts:34[39m[0m[0m]ApiClient byl úspěšně inicializován s autorizačním tokenem.
2025[0m[0m-08[0m[0m-25[0m[0m 10[0m[0m:17[0m[0m:06[0m[0m.639[0m[0m [34m[1mINFO[22m[39m[0m[0m [[37m\tests\Smoke\Moduly.spec.ts:695[39m[0m[0m]Endpoint úspěšně vrátil 21 pokladních uzávěrek.
]]>
</system-out>
</testcase>
<testcase name="API Smoke Tests › TC-1222: GET /reports-api/listOfUsers - Nastavení/ Uživatelé @Smoke @API @Critical" classname="Smoke\Moduly.spec.ts" time="0.763">
<failure message="Moduly.spec.ts:700:9 TC-1222: GET /reports-api/listOfUsers - Nastavení/ Uživatelé @Smoke @API @Critical" type="FAILURE">
<![CDATA[  [chromium] › Smoke\Moduly.spec.ts:700:9 › API Smoke Tests › TC-1222: GET /reports-api/listOfUsers - Nastavení/ Uživatelé @Smoke @API @Critical 

    Error: Odpověď musí obsahovat pole "data"

    expect(received).toBeInstanceOf(expected)

    Expected constructor: Array

    Received value has no prototype
    Received value: undefined

      706 |         logger.silly('Přijatá odpověď z API:\n' + JSON.stringify(response, null, 2));
      707 |         expect(response, 'Odpověď z /reports-api/listOfUsers nesmí být prázdná').toBeDefined();
    > 708 |         expect(response.data, 'Odpověď musí obsahovat pole "data"').toBeInstanceOf(Array);
          |                                                                     ^
      709 |         expect(response.pagination, 'Odpověď musí obsahovat objekt "pagination"').toBeDefined();
      710 |         
      711 |         if (response.data.length > 0) {
        at C:\Users\novakma\Testy_CBOS\tests\Smoke\Moduly.spec.ts:708:69
]]>
</failure>
<system-out>
<![CDATA[2025[0m[0m-08[0m[0m-25[0m[0m 10[0m[0m:17[0m[0m:07[0m[0m.345[0m[0m [34m[1mINFO[22m[39m[0m[0m [[37m\tests\Smoke\Moduly.spec.ts:29[39m[0m[0m]Zahajuji API smoke test suite...
2025[0m[0m-08[0m[0m-25[0m[0m 10[0m[0m:17[0m[0m:07[0m[0m.351[0m[0m [34m[1mINFO[22m[39m[0m[0m [[37m\tests\Smoke\Moduly.spec.ts:34[39m[0m[0m]ApiClient byl úspěšně inicializován s autorizačním tokenem.
]]>
</system-out>
</testcase>
<testcase name="API Smoke Tests › TC-1223: GET /reports-api/listOfRoles - Nastavení/ Šablony pro nastavení práv @Smoke @API @Critical" classname="Smoke\Moduly.spec.ts" time="0.823">
<system-out>
<![CDATA[2025[0m[0m-08[0m[0m-25[0m[0m 10[0m[0m:17[0m[0m:09[0m[0m.389[0m[0m [34m[1mINFO[22m[39m[0m[0m [[37m\tests\Smoke\Moduly.spec.ts:29[39m[0m[0m]Zahajuji API smoke test suite...
2025[0m[0m-08[0m[0m-25[0m[0m 10[0m[0m:17[0m[0m:09[0m[0m.396[0m[0m [34m[1mINFO[22m[39m[0m[0m [[37m\tests\Smoke\Moduly.spec.ts:34[39m[0m[0m]ApiClient byl úspěšně inicializován s autorizačním tokenem.
2025[0m[0m-08[0m[0m-25[0m[0m 10[0m[0m:17[0m[0m:09[0m[0m.462[0m[0m [34m[1mINFO[22m[39m[0m[0m [[37m\tests\Smoke\Moduly.spec.ts:728[39m[0m[0m]Endpoint úspěšně vrátil 9 rolí.
]]>
</system-out>
</testcase>
<testcase name="API Smoke Tests › TC-1224: GET /reports-api/listOfVatClasses - Nastavení/ Správa tříd DPH @Smoke @API @Critical" classname="Smoke\Moduly.spec.ts" time="0.715">
<failure message="Moduly.spec.ts:734:9 TC-1224: GET /reports-api/listOfVatClasses - Nastavení/ Správa tříd DPH @Smoke @API @Critical" type="FAILURE">
<![CDATA[  [chromium] › Smoke\Moduly.spec.ts:734:9 › API Smoke Tests › TC-1224: GET /reports-api/listOfVatClasses - Nastavení/ Správa tříd DPH @Smoke @API @Critical 

    Error: Odpověď musí obsahovat pole "data"

    expect(received).toBeInstanceOf(expected)

    Expected constructor: Array

    Received value has no prototype
    Received value: undefined

      740 |         logger.silly('Přijatá odpověď z API:\n' + JSON.stringify(response, null, 2));
      741 |         expect(response, 'Odpověď z /reports-api/listOfVatClasses nesmí být prázdná').toBeDefined();
    > 742 |         expect(response.data, 'Odpověď musí obsahovat pole "data"').toBeInstanceOf(Array);
          |                                                                     ^
      743 |         expect(response.pagination, 'Odpověď musí obsahovat objekt "pagination"').toBeDefined();
      744 |         
      745 |         if (response.data.length > 0) {
        at C:\Users\novakma\Testy_CBOS\tests\Smoke\Moduly.spec.ts:742:69
]]>
</failure>
<system-out>
<![CDATA[2025[0m[0m-08[0m[0m-25[0m[0m 10[0m[0m:17[0m[0m:10[0m[0m.134[0m[0m [34m[1mINFO[22m[39m[0m[0m [[37m\tests\Smoke\Moduly.spec.ts:29[39m[0m[0m]Zahajuji API smoke test suite...
2025[0m[0m-08[0m[0m-25[0m[0m 10[0m[0m:17[0m[0m:10[0m[0m.137[0m[0m [34m[1mINFO[22m[39m[0m[0m [[37m\tests\Smoke\Moduly.spec.ts:34[39m[0m[0m]ApiClient byl úspěšně inicializován s autorizačním tokenem.
]]>
</system-out>
</testcase>
<testcase name="API Smoke Tests › TC-1225: GET /administration-api/listOfCardDefinitions - Nastavení/ Správa ISO kódů karet @Smoke @API @Critical" classname="Smoke\Moduly.spec.ts" time="0.802">
<failure message="Moduly.spec.ts:752:9 TC-1225: GET /administration-api/listOfCardDefinitions - Nastavení/ Správa ISO kódů karet @Smoke @API @Critical" type="FAILURE">
<![CDATA[  [chromium] › Smoke\Moduly.spec.ts:752:9 › API Smoke Tests › TC-1225: GET /administration-api/listOfCardDefinitions - Nastavení/ Správa ISO kódů karet @Smoke @API @Critical 

    Error: Odpověď musí obsahovat pole "data"

    expect(received).toBeInstanceOf(expected)

    Expected constructor: Array

    Received value has no prototype
    Received value: undefined

      758 |         logger.silly('Přijatá odpověď z API:\n' + JSON.stringify(response, null, 2));
      759 |         expect(response, 'Odpověď z /administration-api/listOfCardDefinitions nesmí být prázdná').toBeDefined();
    > 760 |         expect(response.data, 'Odpověď musí obsahovat pole "data"').toBeInstanceOf(Array);
          |                                                                     ^
      761 |         expect(response.pagination, 'Odpověď musí obsahovat objekt "pagination"').toBeDefined();
      762 |         
      763 |         if (response.data.length > 0) {
        at C:\Users\novakma\Testy_CBOS\tests\Smoke\Moduly.spec.ts:760:69
]]>
</failure>
<system-out>
<![CDATA[2025[0m[0m-08[0m[0m-25[0m[0m 10[0m[0m:17[0m[0m:11[0m[0m.895[0m[0m [34m[1mINFO[22m[39m[0m[0m [[37m\tests\Smoke\Moduly.spec.ts:29[39m[0m[0m]Zahajuji API smoke test suite...
2025[0m[0m-08[0m[0m-25[0m[0m 10[0m[0m:17[0m[0m:11[0m[0m.899[0m[0m [34m[1mINFO[22m[39m[0m[0m [[37m\tests\Smoke\Moduly.spec.ts:34[39m[0m[0m]ApiClient byl úspěšně inicializován s autorizačním tokenem.
]]>
</system-out>
</testcase>
<testcase name="API Smoke Tests › TC-1226: GET /socket-api/registeredClients - Socket API/ Registrovaní klienti @Smoke @API @Critical" classname="Smoke\Moduly.spec.ts" time="0.739">
<system-out>
<![CDATA[2025[0m[0m-08[0m[0m-25[0m[0m 10[0m[0m:17[0m[0m:13[0m[0m.609[0m[0m [34m[1mINFO[22m[39m[0m[0m [[37m\tests\Smoke\Moduly.spec.ts:29[39m[0m[0m]Zahajuji API smoke test suite...
2025[0m[0m-08[0m[0m-25[0m[0m 10[0m[0m:17[0m[0m:13[0m[0m.615[0m[0m [34m[1mINFO[22m[39m[0m[0m [[37m\tests\Smoke\Moduly.spec.ts:34[39m[0m[0m]ApiClient byl úspěšně inicializován s autorizačním tokenem.
2025[0m[0m-08[0m[0m-25[0m[0m 10[0m[0m:17[0m[0m:13[0m[0m.676[0m[0m [34m[1mINFO[22m[39m[0m[0m [[37m\tests\Smoke\Moduly.spec.ts:780[39m[0m[0m]Endpoint úspěšně vrátil 6 registrovaných klientů.
]]>
</system-out>
</testcase>
<testcase name="API Smoke Tests › TC-1227: GET /reports-api/listOfCardIssuers - Nastavení/ Správa vydavatelů karet @Smoke @API @Critical" classname="Smoke\Moduly.spec.ts" time="0.719">
<failure message="Moduly.spec.ts:783:9 TC-1227: GET /reports-api/listOfCardIssuers - Nastavení/ Správa vydavatelů karet @Smoke @API @Critical" type="FAILURE">
<![CDATA[  [chromium] › Smoke\Moduly.spec.ts:783:9 › API Smoke Tests › TC-1227: GET /reports-api/listOfCardIssuers - Nastavení/ Správa vydavatelů karet @Smoke @API @Critical 

    Error: Odpověď musí obsahovat pole "data"

    expect(received).toBeInstanceOf(expected)

    Expected constructor: Array

    Received value has no prototype
    Received value: undefined

      789 |         logger.silly('Přijatá odpověď z API:\n' + JSON.stringify(response, null, 2));
      790 |         expect(response, 'Odpověď z /reports-api/listOfCardIssuers nesmí být prázdná').toBeDefined();
    > 791 |         expect(response.data, 'Odpověď musí obsahovat pole "data"').toBeInstanceOf(Array);
          |                                                                     ^
      792 |         expect(response.pagination, 'Odpověď musí obsahovat objekt "pagination"').toBeDefined();
      793 |         
      794 |         if (response.data.length > 0) {
        at C:\Users\novakma\Testy_CBOS\tests\Smoke\Moduly.spec.ts:791:69
]]>
</failure>
<system-out>
<![CDATA[2025[0m[0m-08[0m[0m-25[0m[0m 10[0m[0m:17[0m[0m:14[0m[0m.343[0m[0m [34m[1mINFO[22m[39m[0m[0m [[37m\tests\Smoke\Moduly.spec.ts:29[39m[0m[0m]Zahajuji API smoke test suite...
2025[0m[0m-08[0m[0m-25[0m[0m 10[0m[0m:17[0m[0m:14[0m[0m.348[0m[0m [34m[1mINFO[22m[39m[0m[0m [[37m\tests\Smoke\Moduly.spec.ts:34[39m[0m[0m]ApiClient byl úspěšně inicializován s autorizačním tokenem.
]]>
</system-out>
</testcase>
<testcase name="API Smoke Tests › TC-1228: GET /reports-api/listOfForeignStocksCCS - Nastavení/ Správa konkurenčních OM - CCS @Smoke @API @Critical" classname="Smoke\Moduly.spec.ts" time="0.794">
<failure message="Moduly.spec.ts:801:9 TC-1228: GET /reports-api/listOfForeignStocksCCS - Nastavení/ Správa konkurenčních OM - CCS @Smoke @API @Critical" type="FAILURE">
<![CDATA[  [chromium] › Smoke\Moduly.spec.ts:801:9 › API Smoke Tests › TC-1228: GET /reports-api/listOfForeignStocksCCS - Nastavení/ Správa konkurenčních OM - CCS @Smoke @API @Critical 

    Error: Odpověď musí obsahovat pole "data"

    expect(received).toBeInstanceOf(expected)

    Expected constructor: Array

    Received value has no prototype
    Received value: undefined

      807 |         logger.silly('Přijatá odpověď z API:\n' + JSON.stringify(response, null, 2));
      808 |         expect(response, 'Odpověď z /reports-api/listOfForeignStocksCCS nesmí být prázdná').toBeDefined();
    > 809 |         expect(response.data, 'Odpověď musí obsahovat pole "data"').toBeInstanceOf(Array);
          |                                                                     ^
      810 |         expect(response.pagination, 'Odpověď musí obsahovat objekt "pagination"').toBeDefined();
      811 |         
      812 |         if (response.data.length > 0) {
        at C:\Users\novakma\Testy_CBOS\tests\Smoke\Moduly.spec.ts:809:69
]]>
</failure>
<system-out>
<![CDATA[2025[0m[0m-08[0m[0m-25[0m[0m 10[0m[0m:17[0m[0m:16[0m[0m.171[0m[0m [34m[1mINFO[22m[39m[0m[0m [[37m\tests\Smoke\Moduly.spec.ts:29[39m[0m[0m]Zahajuji API smoke test suite...
2025[0m[0m-08[0m[0m-25[0m[0m 10[0m[0m:17[0m[0m:16[0m[0m.177[0m[0m [34m[1mINFO[22m[39m[0m[0m [[37m\tests\Smoke\Moduly.spec.ts:34[39m[0m[0m]ApiClient byl úspěšně inicializován s autorizačním tokenem.
]]>
</system-out>
</testcase>
<testcase name="API Smoke Tests › TC-1229: GET /administration-api/listOfForeignStocks - Nastavení/ Správa konkurenčních OM @Smoke @API @Critical" classname="Smoke\Moduly.spec.ts" time="0.769">
<failure message="Moduly.spec.ts:819:9 TC-1229: GET /administration-api/listOfForeignStocks - Nastavení/ Správa konkurenčních OM @Smoke @API @Critical" type="FAILURE">
<![CDATA[  [chromium] › Smoke\Moduly.spec.ts:819:9 › API Smoke Tests › TC-1229: GET /administration-api/listOfForeignStocks - Nastavení/ Správa konkurenčních OM @Smoke @API @Critical 

    Error: Odpověď musí obsahovat pole "data"

    expect(received).toBeInstanceOf(expected)

    Expected constructor: Array

    Received value has no prototype
    Received value: undefined

      825 |         logger.silly('Přijatá odpověď z API:\n' + JSON.stringify(response, null, 2));
      826 |         expect(response, 'Odpověď z /administration-api/listOfForeignStocks nesmí být prázdná').toBeDefined();
    > 827 |         expect(response.data, 'Odpověď musí obsahovat pole "data"').toBeInstanceOf(Array);
          |                                                                     ^
      828 |         expect(response.pagination, 'Odpověď musí obsahovat objekt "pagination"').toBeDefined();
      829 |         
      830 |         if (response.data.length > 0) {
        at C:\Users\novakma\Testy_CBOS\tests\Smoke\Moduly.spec.ts:827:69
]]>
</failure>
<system-out>
<![CDATA[2025[0m[0m-08[0m[0m-25[0m[0m 10[0m[0m:17[0m[0m:17[0m[0m.911[0m[0m [34m[1mINFO[22m[39m[0m[0m [[37m\tests\Smoke\Moduly.spec.ts:29[39m[0m[0m]Zahajuji API smoke test suite...
2025[0m[0m-08[0m[0m-25[0m[0m 10[0m[0m:17[0m[0m:17[0m[0m.917[0m[0m [34m[1mINFO[22m[39m[0m[0m [[37m\tests\Smoke\Moduly.spec.ts:34[39m[0m[0m]ApiClient byl úspěšně inicializován s autorizačním tokenem.
]]>
</system-out>
</testcase>
<testcase name="API Smoke Tests › TC-1230: GET /reports-api/listOfCurrencyRates - Nastavení/ Správa centrálního kurzu EUR @Smoke @API @Critical" classname="Smoke\Moduly.spec.ts" time="0.744">
<failure message="Moduly.spec.ts:837:9 TC-1230: GET /reports-api/listOfCurrencyRates - Nastavení/ Správa centrálního kurzu EUR @Smoke @API @Critical" type="FAILURE">
<![CDATA[  [chromium] › Smoke\Moduly.spec.ts:837:9 › API Smoke Tests › TC-1230: GET /reports-api/listOfCurrencyRates - Nastavení/ Správa centrálního kurzu EUR @Smoke @API @Critical 

    Error: Odpověď musí obsahovat pole "data"

    expect(received).toBeInstanceOf(expected)

    Expected constructor: Array

    Received value has no prototype
    Received value: undefined

      843 |         logger.silly('Přijatá odpověď z API:\n' + JSON.stringify(response, null, 2));
      844 |         expect(response, 'Odpověď z /reports-api/listOfCurrencyRates nesmí být prázdná').toBeDefined();
    > 845 |         expect(response.data, 'Odpověď musí obsahovat pole "data"').toBeInstanceOf(Array);
          |                                                                     ^
      846 |         expect(response.pagination, 'Odpověď musí obsahovat objekt "pagination"').toBeDefined();
      847 |         
      848 |         if (response.data.length > 0) {
        at C:\Users\novakma\Testy_CBOS\tests\Smoke\Moduly.spec.ts:845:69
]]>
</failure>
<system-out>
<![CDATA[2025[0m[0m-08[0m[0m-25[0m[0m 10[0m[0m:17[0m[0m:19[0m[0m.630[0m[0m [34m[1mINFO[22m[39m[0m[0m [[37m\tests\Smoke\Moduly.spec.ts:29[39m[0m[0m]Zahajuji API smoke test suite...
2025[0m[0m-08[0m[0m-25[0m[0m 10[0m[0m:17[0m[0m:19[0m[0m.635[0m[0m [34m[1mINFO[22m[39m[0m[0m [[37m\tests\Smoke\Moduly.spec.ts:34[39m[0m[0m]ApiClient byl úspěšně inicializován s autorizačním tokenem.
]]>
</system-out>
</testcase>
<testcase name="API Smoke Tests › TC-1231: GET /administration-api/stockCardsCategoriesCentral - Nastavení/ Centrální kategorie zboží @Smoke @API @Critical" classname="Smoke\Moduly.spec.ts" time="0.784">
<failure message="Moduly.spec.ts:855:9 TC-1231: GET /administration-api/stockCardsCategoriesCentral - Nastavení/ Centrální kategorie zboží @Smoke @API @Critical" type="FAILURE">
<![CDATA[  [chromium] › Smoke\Moduly.spec.ts:855:9 › API Smoke Tests › TC-1231: GET /administration-api/stockCardsCategoriesCentral - Nastavení/ Centrální kategorie zboží @Smoke @API @Critical 

    Error: Chyba při získávání centrálních kategorií zboží. Status: 404

       at ..\support\ApiClient.ts:1630

      1628 |             const errorText = await response.text();
      1629 |             logger.error(`Chyba při získávání centrálních kategorií zboží. Status: ${response.status()}`, errorText);
    > 1630 |             throw new Error(`Chyba při získávání centrálních kategorií zboží. Status: ${response.status()}`);
           |                   ^
      1631 |         }
      1632 |         return response.json();
      1633 |     }
        at ApiClient.getStockCardsCategoriesCentral (C:\Users\novakma\Testy_CBOS\support\ApiClient.ts:1630:19)
        at C:\Users\novakma\Testy_CBOS\tests\Smoke\Moduly.spec.ts:859:26
]]>
</failure>
<system-out>
<![CDATA[2025[0m[0m-08[0m[0m-25[0m[0m 10[0m[0m:17[0m[0m:21[0m[0m.381[0m[0m [34m[1mINFO[22m[39m[0m[0m [[37m\tests\Smoke\Moduly.spec.ts:29[39m[0m[0m]Zahajuji API smoke test suite...
2025[0m[0m-08[0m[0m-25[0m[0m 10[0m[0m:17[0m[0m:21[0m[0m.387[0m[0m [34m[1mINFO[22m[39m[0m[0m [[37m\tests\Smoke\Moduly.spec.ts:34[39m[0m[0m]ApiClient byl úspěšně inicializován s autorizačním tokenem.
2025[0m[0m-08[0m[0m-25[0m[0m 10[0m[0m:17[0m[0m:21[0m[0m.445[0m[0m [31m[1mERROR[22m[39m[0m[0m [[37m\support\ApiClient.ts:1629[39m[0m[0m]Chyba při získávání centrálních kategorií zboží. Status: 404 {"message":"Route not found."}
]]>
</system-out>
</testcase>
<testcase name="API Smoke Tests › TC-1232: GET /administration-api/stockCardsGroupsCentral - Nastavení/ Centrální skupiny zboží @Smoke @API @Critical" classname="Smoke\Moduly.spec.ts" time="1.079">
<failure message="Moduly.spec.ts:873:9 TC-1232: GET /administration-api/stockCardsGroupsCentral - Nastavení/ Centrální skupiny zboží @Smoke @API @Critical" type="FAILURE">
<![CDATA[  [chromium] › Smoke\Moduly.spec.ts:873:9 › API Smoke Tests › TC-1232: GET /administration-api/stockCardsGroupsCentral - Nastavení/ Centrální skupiny zboží @Smoke @API @Critical 

    Error: Odpověď musí obsahovat pole "data"

    expect(received).toBeInstanceOf(expected)

    Expected constructor: Array

    Received value has no prototype
    Received value: undefined

      879 |         logger.silly('Přijatá odpověď z API:\n' + JSON.stringify(response, null, 2));
      880 |         expect(response, 'Odpověď z /administration-api/stockCardsGroupsCentral nesmí být prázdná').toBeDefined();
    > 881 |         expect(response.data, 'Odpověď musí obsahovat pole "data"').toBeInstanceOf(Array);
          |                                                                     ^
      882 |         expect(response.pagination, 'Odpověď musí obsahovat objekt "pagination"').toBeDefined();
      883 |         
      884 |         if (response.data.length > 0) {
        at C:\Users\novakma\Testy_CBOS\tests\Smoke\Moduly.spec.ts:881:69
]]>
</failure>
<system-out>
<![CDATA[2025[0m[0m-08[0m[0m-25[0m[0m 10[0m[0m:17[0m[0m:23[0m[0m.281[0m[0m [34m[1mINFO[22m[39m[0m[0m [[37m\tests\Smoke\Moduly.spec.ts:29[39m[0m[0m]Zahajuji API smoke test suite...
2025[0m[0m-08[0m[0m-25[0m[0m 10[0m[0m:17[0m[0m:23[0m[0m.288[0m[0m [34m[1mINFO[22m[39m[0m[0m [[37m\tests\Smoke\Moduly.spec.ts:34[39m[0m[0m]ApiClient byl úspěšně inicializován s autorizačním tokenem.
]]>
</system-out>
</testcase>
<testcase name="API Smoke Tests › TC-1233: GET /administration-api/fsfeature - Nastavení/ Centrální parametry systému @Smoke @API @Critical" classname="Smoke\Moduly.spec.ts" time="0.781">
<system-out>
<![CDATA[2025[0m[0m-08[0m[0m-25[0m[0m 10[0m[0m:17[0m[0m:25[0m[0m.116[0m[0m [34m[1mINFO[22m[39m[0m[0m [[37m\tests\Smoke\Moduly.spec.ts:29[39m[0m[0m]Zahajuji API smoke test suite...
2025[0m[0m-08[0m[0m-25[0m[0m 10[0m[0m:17[0m[0m:25[0m[0m.125[0m[0m [34m[1mINFO[22m[39m[0m[0m [[37m\tests\Smoke\Moduly.spec.ts:34[39m[0m[0m]ApiClient byl úspěšně inicializován s autorizačním tokenem.
2025[0m[0m-08[0m[0m-25[0m[0m 10[0m[0m:17[0m[0m:25[0m[0m.212[0m[0m [34m[1mINFO[22m[39m[0m[0m [[37m\tests\Smoke\Moduly.spec.ts:902[39m[0m[0m]Endpoint úspěšně vrátil 85 centrálních parametrů.
]]>
</system-out>
</testcase>
</testsuite>
</testsuites>