<testsuites id="" name="" tests="15" failures="1" skipped="0" errors="0" time="43.937943">
<testsuite name="Regrese\Sestavy\Sestavy_API_regrese-LifeCylcle.spec.ts" timestamp="2025-08-26T11:23:30.763Z" hostname="API" tests="15" failures="1" skipped="0" time="39.971" errors="0">
<testcase name="Cyklus pro všechny sestavy s dynamickým payloadem › TC-1234: Životní cyklus sestavy: D001 - Přehled prodejů, @regression @API @sestavy @high" classname="Regrese\Sestavy\Sestavy_API_regrese-LifeCylcle.spec.ts" time="2.663">
<system-out>
<![CDATA[2025[0m[0m-08[0m[0m-26[0m[0m 11[0m[0m:23[0m[0m:34[0m[0m.117[0m[0m [34m[1mINFO[22m[39m[0m[0m [[37m\tests\Regrese\Sestavy\Sestavy_API_regrese-LifeCylcle.spec.ts:91[39m[0m[0m]Sestava 'D001 - Přehled prodejů' byla úspěšně vytvořena.
2025[0m[0m-08[0m[0m-26[0m[0m 11[0m[0m:23[0m[0m:34[0m[0m.123[0m[0m [34m[1mINFO[22m[39m[0m[0m [[37m\tests\Regrese\Sestavy\Sestavy_API_regrese-LifeCylcle.spec.ts:110[39m[0m[0m]Test je v pořádku, sestava "D001 - Přehled prodejů" je sdílená.
]]>
</system-out>
</testcase>
<testcase name="Cyklus pro všechny sestavy s dynamickým payloadem › TC-1235: Životní cyklus sestavy: D005 - Přehled konkurenčních cen, @regression @API @sestavy @high" classname="Regrese\Sestavy\Sestavy_API_regrese-LifeCylcle.spec.ts" time="2.02">
<system-out>
<![CDATA[2025[0m[0m-08[0m[0m-26[0m[0m 11[0m[0m:23[0m[0m:36[0m[0m.173[0m[0m [34m[1mINFO[22m[39m[0m[0m [[37m\tests\Regrese\Sestavy\Sestavy_API_regrese-LifeCylcle.spec.ts:91[39m[0m[0m]Sestava 'D005 - Přehled konkurenčních cen' byla úspěšně vytvořena.
2025[0m[0m-08[0m[0m-26[0m[0m 11[0m[0m:23[0m[0m:36[0m[0m.177[0m[0m [34m[1mINFO[22m[39m[0m[0m [[37m\tests\Regrese\Sestavy\Sestavy_API_regrese-LifeCylcle.spec.ts:110[39m[0m[0m]Test je v pořádku, sestava "D005 - Přehled konkurenčních cen" je sdílená.
]]>
</system-out>
</testcase>
<testcase name="Cyklus pro všechny sestavy s dynamickým payloadem › TC-1236: Životní cyklus sestavy: P001 - Přehled nákupů zboží, @regression @API @sestavy @high" classname="Regrese\Sestavy\Sestavy_API_regrese-LifeCylcle.spec.ts" time="1.754">
<system-out>
<![CDATA[2025[0m[0m-08[0m[0m-26[0m[0m 11[0m[0m:23[0m[0m:37[0m[0m.909[0m[0m [34m[1mINFO[22m[39m[0m[0m [[37m\tests\Regrese\Sestavy\Sestavy_API_regrese-LifeCylcle.spec.ts:91[39m[0m[0m]Sestava 'P001 - Přehled nákupů zboží' byla úspěšně vytvořena.
2025[0m[0m-08[0m[0m-26[0m[0m 11[0m[0m:23[0m[0m:37[0m[0m.913[0m[0m [34m[1mINFO[22m[39m[0m[0m [[37m\tests\Regrese\Sestavy\Sestavy_API_regrese-LifeCylcle.spec.ts:110[39m[0m[0m]Test je v pořádku, sestava "P001 - Přehled nákupů zboží" je sdílená.
]]>
</system-out>
</testcase>
<testcase name="Cyklus pro všechny sestavy s dynamickým payloadem › TC-1237: Životní cyklus sestavy: S002 - Přehled přecenění, @regression @API @sestavy @high" classname="Regrese\Sestavy\Sestavy_API_regrese-LifeCylcle.spec.ts" time="1.717">
<system-out>
<![CDATA[2025[0m[0m-08[0m[0m-26[0m[0m 11[0m[0m:23[0m[0m:39[0m[0m.631[0m[0m [34m[1mINFO[22m[39m[0m[0m [[37m\tests\Regrese\Sestavy\Sestavy_API_regrese-LifeCylcle.spec.ts:91[39m[0m[0m]Sestava 'S002 - Přehled přecenění' byla úspěšně vytvořena.
2025[0m[0m-08[0m[0m-26[0m[0m 11[0m[0m:23[0m[0m:39[0m[0m.635[0m[0m [34m[1mINFO[22m[39m[0m[0m [[37m\tests\Regrese\Sestavy\Sestavy_API_regrese-LifeCylcle.spec.ts:110[39m[0m[0m]Test je v pořádku, sestava "S002 - Přehled přecenění" je sdílená.
]]>
</system-out>
</testcase>
<testcase name="Cyklus pro všechny sestavy s dynamickým payloadem › TC-1238: Životní cyklus sestavy: S003 - Půlnoční zásoby PHM, @regression @API @sestavy @high" classname="Regrese\Sestavy\Sestavy_API_regrese-LifeCylcle.spec.ts" time="1.668">
<system-out>
<![CDATA[2025[0m[0m-08[0m[0m-26[0m[0m 11[0m[0m:23[0m[0m:41[0m[0m.325[0m[0m [34m[1mINFO[22m[39m[0m[0m [[37m\tests\Regrese\Sestavy\Sestavy_API_regrese-LifeCylcle.spec.ts:91[39m[0m[0m]Sestava 'S003 - Půlnoční zásoby PHM' byla úspěšně vytvořena.
2025[0m[0m-08[0m[0m-26[0m[0m 11[0m[0m:23[0m[0m:41[0m[0m.328[0m[0m [34m[1mINFO[22m[39m[0m[0m [[37m\tests\Regrese\Sestavy\Sestavy_API_regrese-LifeCylcle.spec.ts:110[39m[0m[0m]Test je v pořádku, sestava "S003 - Půlnoční zásoby PHM" je sdílená.
]]>
</system-out>
</testcase>
<testcase name="Cyklus pro všechny sestavy s dynamickým payloadem › TC-1239: Životní cyklus sestavy: S004 - Půlnoční registry stojanů, @regression @API @sestavy @high" classname="Regrese\Sestavy\Sestavy_API_regrese-LifeCylcle.spec.ts" time="1.762">
<system-out>
<![CDATA[2025[0m[0m-08[0m[0m-26[0m[0m 11[0m[0m:23[0m[0m:43[0m[0m.090[0m[0m [34m[1mINFO[22m[39m[0m[0m [[37m\tests\Regrese\Sestavy\Sestavy_API_regrese-LifeCylcle.spec.ts:91[39m[0m[0m]Sestava 'S004 - Půlnoční registry stojanů' byla úspěšně vytvořena.
2025[0m[0m-08[0m[0m-26[0m[0m 11[0m[0m:23[0m[0m:43[0m[0m.092[0m[0m [34m[1mINFO[22m[39m[0m[0m [[37m\tests\Regrese\Sestavy\Sestavy_API_regrese-LifeCylcle.spec.ts:110[39m[0m[0m]Test je v pořádku, sestava "S004 - Půlnoční registry stojanů" je sdílená.
]]>
</system-out>
</testcase>
<testcase name="Cyklus pro všechny sestavy s dynamickým payloadem › TC-1240: Životní cyklus sestavy: T001 - Přehled neautorizovaných transakcí, @regression @API @sestavy @high" classname="Regrese\Sestavy\Sestavy_API_regrese-LifeCylcle.spec.ts" time="1.723">
<system-out>
<![CDATA[2025[0m[0m-08[0m[0m-26[0m[0m 11[0m[0m:23[0m[0m:44[0m[0m.838[0m[0m [34m[1mINFO[22m[39m[0m[0m [[37m\tests\Regrese\Sestavy\Sestavy_API_regrese-LifeCylcle.spec.ts:91[39m[0m[0m]Sestava 'T001 - Přehled neautorizovaných transakcí' byla úspěšně vytvořena.
2025[0m[0m-08[0m[0m-26[0m[0m 11[0m[0m:23[0m[0m:44[0m[0m.842[0m[0m [34m[1mINFO[22m[39m[0m[0m [[37m\tests\Regrese\Sestavy\Sestavy_API_regrese-LifeCylcle.spec.ts:110[39m[0m[0m]Test je v pořádku, sestava "T001 - Přehled neautorizovaných transakcí" je sdílená.
]]>
</system-out>
</testcase>
<testcase name="Cyklus pro všechny sestavy s dynamickým payloadem › TC-1241: Životní cyklus sestavy: T002 - Přehled odběrů podle řidiče, @regression @API @sestavy @high" classname="Regrese\Sestavy\Sestavy_API_regrese-LifeCylcle.spec.ts" time="1.681">
<system-out>
<![CDATA[2025[0m[0m-08[0m[0m-26[0m[0m 11[0m[0m:23[0m[0m:46[0m[0m.508[0m[0m [34m[1mINFO[22m[39m[0m[0m [[37m\tests\Regrese\Sestavy\Sestavy_API_regrese-LifeCylcle.spec.ts:91[39m[0m[0m]Sestava 'T002 - Přehled odběrů podle řidiče' byla úspěšně vytvořena.
2025[0m[0m-08[0m[0m-26[0m[0m 11[0m[0m:23[0m[0m:46[0m[0m.511[0m[0m [34m[1mINFO[22m[39m[0m[0m [[37m\tests\Regrese\Sestavy\Sestavy_API_regrese-LifeCylcle.spec.ts:110[39m[0m[0m]Test je v pořádku, sestava "T002 - Přehled odběrů podle řidiče" je sdílená.
]]>
</system-out>
</testcase>
<testcase name="Cyklus pro všechny sestavy s dynamickým payloadem › TC-1242: Životní cyklus sestavy: T003 - Přehled odběrů podle vozidla, @regression @API @sestavy @high" classname="Regrese\Sestavy\Sestavy_API_regrese-LifeCylcle.spec.ts" time="1.646">
<system-out>
<![CDATA[2025[0m[0m-08[0m[0m-26[0m[0m 11[0m[0m:23[0m[0m:48[0m[0m.162[0m[0m [34m[1mINFO[22m[39m[0m[0m [[37m\tests\Regrese\Sestavy\Sestavy_API_regrese-LifeCylcle.spec.ts:91[39m[0m[0m]Sestava 'T003 - Přehled odběrů podle vozidla' byla úspěšně vytvořena.
2025[0m[0m-08[0m[0m-26[0m[0m 11[0m[0m:23[0m[0m:48[0m[0m.165[0m[0m [34m[1mINFO[22m[39m[0m[0m [[37m\tests\Regrese\Sestavy\Sestavy_API_regrese-LifeCylcle.spec.ts:110[39m[0m[0m]Test je v pořádku, sestava "T003 - Přehled odběrů podle vozidla" je sdílená.
]]>
</system-out>
</testcase>
<testcase name="Cyklus pro všechny sestavy s dynamickým payloadem › TC-1243: Životní cyklus sestavy: D002 - Přehled prodejů PHM pro FÚ, @regression @API @sestavy @high" classname="Regrese\Sestavy\Sestavy_API_regrese-LifeCylcle.spec.ts" time="1.996">
<system-out>
<![CDATA[2025[0m[0m-08[0m[0m-26[0m[0m 11[0m[0m:23[0m[0m:50[0m[0m.146[0m[0m [34m[1mINFO[22m[39m[0m[0m [[37m\tests\Regrese\Sestavy\Sestavy_API_regrese-LifeCylcle.spec.ts:91[39m[0m[0m]Sestava 'D002 - Přehled prodejů PHM pro FÚ' byla úspěšně vytvořena.
2025[0m[0m-08[0m[0m-26[0m[0m 11[0m[0m:23[0m[0m:50[0m[0m.150[0m[0m [34m[1mINFO[22m[39m[0m[0m [[37m\tests\Regrese\Sestavy\Sestavy_API_regrese-LifeCylcle.spec.ts:110[39m[0m[0m]Test je v pořádku, sestava "D002 - Přehled prodejů PHM pro FÚ" je sdílená.
]]>
</system-out>
</testcase>
<testcase name="Cyklus pro všechny sestavy s dynamickým payloadem › TC-1244: Životní cyklus sestavy: P002 - Přehled dodávek PHM pro FÚ, @regression @API @sestavy @high" classname="Regrese\Sestavy\Sestavy_API_regrese-LifeCylcle.spec.ts" time="1.691">
<system-out>
<![CDATA[2025[0m[0m-08[0m[0m-26[0m[0m 11[0m[0m:23[0m[0m:51[0m[0m.854[0m[0m [34m[1mINFO[22m[39m[0m[0m [[37m\tests\Regrese\Sestavy\Sestavy_API_regrese-LifeCylcle.spec.ts:91[39m[0m[0m]Sestava 'P002 - Přehled dodávek PHM pro FÚ' byla úspěšně vytvořena.
2025[0m[0m-08[0m[0m-26[0m[0m 11[0m[0m:23[0m[0m:51[0m[0m.856[0m[0m [34m[1mINFO[22m[39m[0m[0m [[37m\tests\Regrese\Sestavy\Sestavy_API_regrese-LifeCylcle.spec.ts:110[39m[0m[0m]Test je v pořádku, sestava "P002 - Přehled dodávek PHM pro FÚ" je sdílená.
]]>
</system-out>
</testcase>
<testcase name="Cyklus pro všechny sestavy s dynamickým payloadem › TC-1245: Životní cyklus sestavy: S001 - Přehled pohybů zboží, @regression @API @sestavy @high" classname="Regrese\Sestavy\Sestavy_API_regrese-LifeCylcle.spec.ts" time="2.286">
<system-out>
<![CDATA[2025[0m[0m-08[0m[0m-26[0m[0m 11[0m[0m:23[0m[0m:54[0m[0m.182[0m[0m [34m[1mINFO[22m[39m[0m[0m [[37m\tests\Regrese\Sestavy\Sestavy_API_regrese-LifeCylcle.spec.ts:91[39m[0m[0m]Sestava 'S001 - Přehled pohybů zboží' byla úspěšně vytvořena.
2025[0m[0m-08[0m[0m-26[0m[0m 11[0m[0m:23[0m[0m:54[0m[0m.186[0m[0m [34m[1mINFO[22m[39m[0m[0m [[37m\tests\Regrese\Sestavy\Sestavy_API_regrese-LifeCylcle.spec.ts:110[39m[0m[0m]Test je v pořádku, sestava "S001 - Přehled pohybů zboží" je sdílená.
]]>
</system-out>
</testcase>
<testcase name="Cyklus pro všechny sestavy s dynamickým payloadem › TC-1246: Životní cyklus sestavy: D003 - Přehled prodejů se slevovou kartou, @regression @API @sestavy @high" classname="Regrese\Sestavy\Sestavy_API_regrese-LifeCylcle.spec.ts" time="5.614">
<failure message="Sestavy_API_regrese-LifeCylcle.spec.ts:51:13 TC-1246: Životní cyklus sestavy: D003 - Přehled prodejů se slevovou kartou, @regression @API @sestavy @high" type="FAILURE">
<![CDATA[  [API] › Regrese\Sestavy\Sestavy_API_regrese-LifeCylcle.spec.ts:51:13 › Cyklus pro všechny sestavy s dynamickým payloadem › TC-1246: Životní cyklus sestavy: D003 - Přehled prodejů se slevovou kartou, @regression @API @sestavy @high 

    Error: CHYBA: Sestava 'D003 - Přehled prodejů se slevovou kartou' selhala při generování na serveru (items je null).

    expect(received).not.toBeNull()

    Received: null

       98 |
       99 |                     //Kontorla item != null - pravděpoodbná chyba
    > 100 |                      expect(itemsCount, `CHYBA: Sestava '${report.name}' selhala při generování na serveru (items je null).`).not.toBeNull();
          |                                                                                                                                   ^
      101 |
      102 |                     if (itemsCount === 0) {
      103 |                         const errorMessage = `Počet objektů pro období '${report.name}' je '${itemsCount}'.`;
        at C:\Users\novakma\Testy_CBOS\tests\Regrese\Sestavy\Sestavy_API_regrese-LifeCylcle.spec.ts:100:131

    Error Context: ..\test-results\Regrese-Sestavy-Sestavy_AP-fd9fa-regression-API-sestavy-high-API\error-context.md

    Retry #1 ───────────────────────────────────────────────────────────────────────────────────────

    Error: CHYBA: Sestava 'D003 - Přehled prodejů se slevovou kartou' selhala při generování na serveru (items je null).

    expect(received).not.toBeNull()

    Received: null

       98 |
       99 |                     //Kontorla item != null - pravděpoodbná chyba
    > 100 |                      expect(itemsCount, `CHYBA: Sestava '${report.name}' selhala při generování na serveru (items je null).`).not.toBeNull();
          |                                                                                                                                   ^
      101 |
      102 |                     if (itemsCount === 0) {
      103 |                         const errorMessage = `Počet objektů pro období '${report.name}' je '${itemsCount}'.`;
        at C:\Users\novakma\Testy_CBOS\tests\Regrese\Sestavy\Sestavy_API_regrese-LifeCylcle.spec.ts:100:131

    Error Context: ..\test-results\Regrese-Sestavy-Sestavy_AP-fd9fa-regression-API-sestavy-high-API-retry1\error-context.md

    Retry #2 ───────────────────────────────────────────────────────────────────────────────────────

    Error: CHYBA: Sestava 'D003 - Přehled prodejů se slevovou kartou' selhala při generování na serveru (items je null).

    expect(received).not.toBeNull()

    Received: null

       98 |
       99 |                     //Kontorla item != null - pravděpoodbná chyba
    > 100 |                      expect(itemsCount, `CHYBA: Sestava '${report.name}' selhala při generování na serveru (items je null).`).not.toBeNull();
          |                                                                                                                                   ^
      101 |
      102 |                     if (itemsCount === 0) {
      103 |                         const errorMessage = `Počet objektů pro období '${report.name}' je '${itemsCount}'.`;
        at C:\Users\novakma\Testy_CBOS\tests\Regrese\Sestavy\Sestavy_API_regrese-LifeCylcle.spec.ts:100:131

    Error Context: ..\test-results\Regrese-Sestavy-Sestavy_AP-fd9fa-regression-API-sestavy-high-API-retry2\error-context.md
]]>
</failure>
<system-out>
<![CDATA[2025[0m[0m-08[0m[0m-26[0m[0m 11[0m[0m:23[0m[0m:56[0m[0m.003[0m[0m [34m[1mINFO[22m[39m[0m[0m [[37m\tests\Regrese\Sestavy\Sestavy_API_regrese-LifeCylcle.spec.ts:91[39m[0m[0m]Sestava 'D003 - Přehled prodejů se slevovou kartou' byla úspěšně vytvořena.
2025[0m[0m-08[0m[0m-26[0m[0m 11[0m[0m:23[0m[0m:56[0m[0m.008[0m[0m [91m[1mFATAL[22m[39m[0m[0m [[37m\tests\Regrese\Sestavy\Sestavy_API_regrese-LifeCylcle.spec.ts:118[39m[0m[0m]Došlo k fatální chybě během životního cyklu sestavy 'D003 - Přehled prodejů se slevovou kartou'.
[97m[101m[1m Error [22m[49m[39m[0m[0m CHYBA: Sestava 'D003 - Přehled prodejů se slevovou kartou' selhala při generování na serveru (items je null).

[2mexpect([22m[31mreceived[39m[2m).[22mnot[2m.[22mtoBeNull[2m()[22m

Received: [31mnull[39m, Error, [object Object][0m[0m
error stack:
  • [33m\tests\Regrese\Sestavy\Sestavy_API_regrese-LifeCylcle.spec.ts[39m[0m[0m:[0m[0m:[0m[0m
    [0m[0m[0m[0m

[[ATTACHMENT|test-results\Regrese-Sestavy-Sestavy_AP-fd9fa-regression-API-sestavy-high-API\error-context.md]]
2025[0m[0m-08[0m[0m-26[0m[0m 11[0m[0m:23[0m[0m:58[0m[0m.894[0m[0m [34m[1mINFO[22m[39m[0m[0m [[37m\tests\Regrese\Sestavy\Sestavy_API_regrese-LifeCylcle.spec.ts:91[39m[0m[0m]Sestava 'D003 - Přehled prodejů se slevovou kartou' byla úspěšně vytvořena.
2025[0m[0m-08[0m[0m-26[0m[0m 11[0m[0m:23[0m[0m:58[0m[0m.899[0m[0m [91m[1mFATAL[22m[39m[0m[0m [[37m\tests\Regrese\Sestavy\Sestavy_API_regrese-LifeCylcle.spec.ts:118[39m[0m[0m]Došlo k fatální chybě během životního cyklu sestavy 'D003 - Přehled prodejů se slevovou kartou'.
[97m[101m[1m Error [22m[49m[39m[0m[0m CHYBA: Sestava 'D003 - Přehled prodejů se slevovou kartou' selhala při generování na serveru (items je null).

[2mexpect([22m[31mreceived[39m[2m).[22mnot[2m.[22mtoBeNull[2m()[22m

Received: [31mnull[39m, Error, [object Object][0m[0m
error stack:
  • [33m\tests\Regrese\Sestavy\Sestavy_API_regrese-LifeCylcle.spec.ts[39m[0m[0m:[0m[0m:[0m[0m
    [0m[0m[0m[0m

[[ATTACHMENT|test-results\Regrese-Sestavy-Sestavy_AP-fd9fa-regression-API-sestavy-high-API-retry1\error-context.md]]
2025[0m[0m-08[0m[0m-26[0m[0m 11[0m[0m:24[0m[0m:01[0m[0m.616[0m[0m [34m[1mINFO[22m[39m[0m[0m [[37m\tests\Regrese\Sestavy\Sestavy_API_regrese-LifeCylcle.spec.ts:91[39m[0m[0m]Sestava 'D003 - Přehled prodejů se slevovou kartou' byla úspěšně vytvořena.
2025[0m[0m-08[0m[0m-26[0m[0m 11[0m[0m:24[0m[0m:01[0m[0m.621[0m[0m [91m[1mFATAL[22m[39m[0m[0m [[37m\tests\Regrese\Sestavy\Sestavy_API_regrese-LifeCylcle.spec.ts:118[39m[0m[0m]Došlo k fatální chybě během životního cyklu sestavy 'D003 - Přehled prodejů se slevovou kartou'.
[97m[101m[1m Error [22m[49m[39m[0m[0m CHYBA: Sestava 'D003 - Přehled prodejů se slevovou kartou' selhala při generování na serveru (items je null).

[2mexpect([22m[31mreceived[39m[2m).[22mnot[2m.[22mtoBeNull[2m()[22m

Received: [31mnull[39m, Error, [object Object][0m[0m
error stack:
  • [33m\tests\Regrese\Sestavy\Sestavy_API_regrese-LifeCylcle.spec.ts[39m[0m[0m:[0m[0m:[0m[0m
    [0m[0m[0m[0m

[[ATTACHMENT|test-results\Regrese-Sestavy-Sestavy_AP-fd9fa-regression-API-sestavy-high-API-retry2\error-context.md]]
]]>
</system-out>
</testcase>
<testcase name="Cyklus pro všechny sestavy s dynamickým payloadem › TC-1247: Životní cyklus sestavy: D004 - Přehled smazaných položek účtenek, @regression @API @sestavy @high" classname="Regrese\Sestavy\Sestavy_API_regrese-LifeCylcle.spec.ts" time="1.684">
<system-out>
<![CDATA[2025[0m[0m-08[0m[0m-26[0m[0m 11[0m[0m:24[0m[0m:04[0m[0m.295[0m[0m [34m[1mINFO[22m[39m[0m[0m [[37m\tests\Regrese\Sestavy\Sestavy_API_regrese-LifeCylcle.spec.ts:91[39m[0m[0m]Sestava 'D004 - Přehled smazaných položek účtenek' byla úspěšně vytvořena.
2025[0m[0m-08[0m[0m-26[0m[0m 11[0m[0m:24[0m[0m:04[0m[0m.299[0m[0m [34m[1mINFO[22m[39m[0m[0m [[37m\tests\Regrese\Sestavy\Sestavy_API_regrese-LifeCylcle.spec.ts:110[39m[0m[0m]Test je v pořádku, sestava "D004 - Přehled smazaných položek účtenek" je sdílená.
]]>
</system-out>
</testcase>
<testcase name="Cyklus pro všechny sestavy s dynamickým payloadem › TC-1248: Životní cyklus sestavy: D006 - Export položek pokladních dokladů, @regression @API @sestavy @high" classname="Regrese\Sestavy\Sestavy_API_regrese-LifeCylcle.spec.ts" time="10.066">
<system-out>
<![CDATA[2025[0m[0m-08[0m[0m-26[0m[0m 11[0m[0m:24[0m[0m:14[0m[0m.376[0m[0m [34m[1mINFO[22m[39m[0m[0m [[37m\tests\Regrese\Sestavy\Sestavy_API_regrese-LifeCylcle.spec.ts:91[39m[0m[0m]Sestava 'D006 - Export položek pokladních dokladů' byla úspěšně vytvořena.
2025[0m[0m-08[0m[0m-26[0m[0m 11[0m[0m:24[0m[0m:14[0m[0m.383[0m[0m [34m[1mINFO[22m[39m[0m[0m [[37m\tests\Regrese\Sestavy\Sestavy_API_regrese-LifeCylcle.spec.ts:110[39m[0m[0m]Test je v pořádku, sestava "D006 - Export položek pokladních dokladů" je sdílená.
]]>
</system-out>
</testcase>
</testsuite>
</testsuites>