<testsuites id="" name="" tests="2" failures="0" skipped="0" errors="0" time="2.814739">
  <testsuite name="Smoke\Smoke_All_Gets_api.spec.ts" timestamp="2025-11-12T12:37:03.064Z" hostname="API" tests="2" failures="0" skipped="0" time="1.583" errors="0">
    <testcase name="API Smoke Tests - GET Endpoints › Authenticated GETs from JSON › TC-129: Endpoint &quot;GET /reports-api/listOfPosTankVouchers Přeplatkové poukázky řazení podle Číslo poukázky (ID)&quot; @api @smoke @medium @pos @sort @test" classname="Smoke\Smoke_All_Gets_api.spec.ts" time="0.842" id="TC-129"/>
    <testcase name="API Smoke Tests - GET Endpoints › Authenticated GETs from JSON › TC-137: Endpoint &quot;GET /reports-api/listOfGoodsDeliveryNotes Příjemky a objednávky&quot; @api @smoke @high @pos @sort @test" classname="Smoke\Smoke_All_Gets_api.spec.ts" time="0.741" id="TC-137"/>
  </testsuite>
</testsuites>