<testsuites id="" name="" tests="1" failures="0" skipped="0" errors="0" time="2.6491629999997093">
<testsuite name="Smoke\Moduly.spec.ts" timestamp="2025-08-25T07:16:37.983Z" hostname="chromium" tests="1" failures="0" skipped="0" time="0.798" errors="0">
<testcase name="API Smoke Tests › TC-1208: GET /balances-api/supplyPeriodsEnums - Sestavy/ Přehled skladových zásob @Smoke @API @Critical" classname="Smoke\Moduly.spec.ts" time="0.798">
<system-out>
<![CDATA[2025[0m[0m-08[0m[0m-25[0m[0m 07[0m[0m:16[0m[0m:39[0m[0m.539[0m[0m [34m[1mINFO[22m[39m[0m[0m [[37m\tests\Smoke\Moduly.spec.ts:28[39m[0m[0m]Zahajuji API smoke test suite...
2025[0m[0m-08[0m[0m-25[0m[0m 07[0m[0m:16[0m[0m:39[0m[0m.545[0m[0m [34m[1mINFO[22m[39m[0m[0m [[37m\tests\Smoke\Moduly.spec.ts:33[39m[0m[0m]ApiClient byl úspěšně inicializován s autorizačním tokenem.
2025[0m[0m-08[0m[0m-25[0m[0m 07[0m[0m:16[0m[0m:39[0m[0m.615[0m[0m [34m[1mINFO[22m[39m[0m[0m [[37m\tests\Smoke\Moduly.spec.ts:363[39m[0m[0m]Endpoint úspěšně vrátil 2 položek v číselníku.
]]>
</system-out>
</testcase>
</testsuite>
</testsuites>