<testsuites id="" name="" tests="1" failures="0" skipped="0" errors="0" time="2.7463720000000005">
  <testsuite name="Regrese\Doklady\Objednavky\Objednvaky_life_cycle_regrese_api.spec.ts" timestamp="2025-11-25T09:24:41.405Z" hostname="API" tests="1" failures="0" skipped="0" time="1.819" errors="0">
    <testcase name="TC_001: Life Cycle ...  @regression @api @life_cycle @high @order @test" classname="Regrese\Doklady\Objednavky\Objednvaky_life_cycle_regrese_api.spec.ts" time="1.819">
      <system-out><![CDATA[2025[0m[0m-11[0m[0m-25[0m[0m 09[0m[0m:24[0m[0m:42[0m[0m.157[0m[0m [97m[1mTRACE[22m[39m[0m[0m [[37m\support\fixtures\auth.fixture.ts:23[39m[0m[0m]FIXTURE 'authToken': Budu vytvářet nový request kontext...
2025[0m[0m-11[0m[0m-25[0m[0m 09[0m[0m:24[0m[0m:42[0m[0m.163[0m[0m [97m[1mTRACE[22m[39m[0m[0m [[37m\support\fixtures\auth.fixture.ts:25[39m[0m[0m]FIXTURE 'authToken': Request kontext vytvořen.
2025[0m[0m-11[0m[0m-25[0m[0m 09[0m[0m:24[0m[0m:42[0m[0m.164[0m[0m [97m[1mTRACE[22m[39m[0m[0m [[37m\support\fixtures\auth.fixture.ts:27[39m[0m[0m]Definuji loginPayload pro přihlášení...
2025[0m[0m-11[0m[0m-25[0m[0m 09[0m[0m:24[0m[0m:42[0m[0m.165[0m[0m [97m[1mTRACE[22m[39m[0m[0m [[37m\support\fixtures\auth.fixture.ts:32[39m[0m[0m]Přihlašovací údaji: {"operator":"TESTING_AUTOMAT","password":"1"}
2025[0m[0m-11[0m[0m-25[0m[0m 09[0m[0m:24[0m[0m:42[0m[0m.166[0m[0m [97m[1mTRACE[22m[39m[0m[0m [[37m\support\fixtures\auth.fixture.ts:34[39m[0m[0m]FIXTURE 'authToken': Kóduji přihlašovací údaje do Base64...
2025[0m[0m-11[0m[0m-25[0m[0m 09[0m[0m:24[0m[0m:42[0m[0m.166[0m[0m [97m[1mTRACE[22m[39m[0m[0m [[37m\support\fixtures\auth.fixture.ts:38[39m[0m[0m]FIXTURE 'authToken': Odesílám POST požadavek na 'http://192.168.130.239:8180/auth-api/user/authorization' s Base64... 
2025[0m[0m-11[0m[0m-25[0m[0m 09[0m[0m:24[0m[0m:42[0m[0m.960[0m[0m [97m[1mTRACE[22m[39m[0m[0m [[37m\support\fixtures\auth.fixture.ts:43[39m[0m[0m]FIXTURE 'authToken': Odpověď přijata se statusem 201.
2025[0m[0m-11[0m[0m-25[0m[0m 09[0m[0m:24[0m[0m:42[0m[0m.961[0m[0m [32m[1mDEBUG[22m[39m[0m[0m [[37m\support\fixtures\auth.fixture.ts:45[39m[0m[0m]FIXTURE 'authToken': Kontroluji, zda je odpověď OK (status 2xx)...
2025[0m[0m-11[0m[0m-25[0m[0m 09[0m[0m:24[0m[0m:42[0m[0m.964[0m[0m [97m[1mTRACE[22m[39m[0m[0m [[37m\support\fixtures\auth.fixture.ts:62[39m[0m[0m]FIXTURE 'authToken': Získávám 'accessToken' z JSON odpovědi.
2025[0m[0m-11[0m[0m-25[0m[0m 09[0m[0m:24[0m[0m:42[0m[0m.967[0m[0m [97m[1mTRACE[22m[39m[0m[0m [[37m\support\fixtures\auth.fixture.ts:66[39m[0m[0m]FIXTURE 'authToken': Volám 'use(token)' a předávám token dál...
2025[0m[0m-11[0m[0m-25[0m[0m 09[0m[0m:24[0m[0m:42[0m[0m.967[0m[0m [97m[1mTRACE[22m[39m[0m[0m [[37m\support\fixtures\auth.fixture.ts:95[39m[0m[0m]FIXTURE 'apiClient': Budu vytvářet novou instanci ApiClient s poskytnutým tokenem.
2025[0m[0m-11[0m[0m-25[0m[0m 09[0m[0m:24[0m[0m:42[0m[0m.969[0m[0m [97m[1mTRACE[22m[39m[0m[0m [[37m\support\fixtures\auth.fixture.ts:98[39m[0m[0m]FIXTURE 'apiClient': Instance ApiClient byla úspěšně vytvořena.
2025[0m[0m-11[0m[0m-25[0m[0m 09[0m[0m:24[0m[0m:42[0m[0m.971[0m[0m [97m[1mTRACE[22m[39m[0m[0m [[37m\support\fixtures\auth.fixture.ts:100[39m[0m[0m]FIXTURE 'apiClient': Volám 'use(client)' a předávám hotového klienta testu...
2025[0m[0m-11[0m[0m-25[0m[0m 09[0m[0m:24[0m[0m:42[0m[0m.973[0m[0m [34m[1mINFO[22m[39m[0m[0m [[37m\tests\Regrese\Doklady\Objednavky\Objednvaky_life_cycle_regrese_api.spec.ts:78[39m[0m[0m]Spouštím test: TC_001 Regresní test životního cyklu objednávek přes API
2025[0m[0m-11[0m[0m-25[0m[0m 09[0m[0m:24[0m[0m:42[0m[0m.979[0m[0m [97m[1mTRACE[22m[39m[0m[0m [[37m\api\BaseApiClient.ts:76[39m[0m[0m][f66b395f] ---> POST http://192.168.130.239:8180/documents-api/orders/231 {
  params: [90mundefined[39m,
  data: {
    orderDate: [32m'2025-11-25T09:24:42.978Z'[39m,
    deliveryDate: [32m'2025-11-26T09:24:42.973Z'[39m,
    description: [32m'AutoTest_TC_001_1764062682973'[39m,
    ownerName: [32m'ČEPRO, a.s.'[39m,
    ownerId: [33m1[39m,
    stockId: [33m231[39m,
    supplierId: [33m8[39m,
    supplierName: [32m'Banner Baterie ČR spol.s r.o.'[39m
  },
  headers: {
    Accept: [32m'application/json, text/plain, */*'[39m,
    [32m'Content-Type'[39m: [32m'application/json;charset=UTF-8'[39m,
    [32m'X-Request-ID'[39m: [32m'f66b395f'[39m,
    Authorization: [32m'*** MASKED ***'[39m
  }
}
2025[0m[0m-11[0m[0m-25[0m[0m 09[0m[0m:24[0m[0m:43[0m[0m.053[0m[0m [34m[1mINFO[22m[39m[0m[0m [[37m\api\BaseApiClient.ts:94[39m[0m[0m][f66b395f] <--- 201 POST http://192.168.130.239:8180/documents-api/orders/231 (69.77 ms)
2025[0m[0m-11[0m[0m-25[0m[0m 09[0m[0m:24[0m[0m:43[0m[0m.060[0m[0m [34m[1mINFO[22m[39m[0m[0m [[37m\tests\Regrese\Doklady\Objednavky\Objednvaky_life_cycle_regrese_api.spec.ts:99[39m[0m[0m]Krok 1 OK: Objednávka vytvořena.
2025[0m[0m-11[0m[0m-25[0m[0m 09[0m[0m:24[0m[0m:43[0m[0m.062[0m[0m [97m[1mTRACE[22m[39m[0m[0m [[37m\api\BaseApiClient.ts:76[39m[0m[0m][8dee0b01] ---> GET http://192.168.130.239:8180/reports-api/listOfOrders {
  params: {
    stockId: [33m231[39m,
    year: [33m2025[39m
  },
  data: [90mundefined[39m,
  headers: {
    Accept: [32m'application/json, text/plain, */*'[39m,
    [32m'Content-Type'[39m: [32m'application/json;charset=UTF-8'[39m,
    [32m'X-Request-ID'[39m: [32m'8dee0b01'[39m,
    Authorization: [32m'*** MASKED ***'[39m
  }
}
2025[0m[0m-11[0m[0m-25[0m[0m 09[0m[0m:24[0m[0m:43[0m[0m.393[0m[0m [34m[1mINFO[22m[39m[0m[0m [[37m\api\BaseApiClient.ts:94[39m[0m[0m][8dee0b01] <--- 200 GET http://192.168.130.239:8180/reports-api/listOfOrders (329.33 ms)
2025[0m[0m-11[0m[0m-25[0m[0m 09[0m[0m:24[0m[0m:43[0m[0m.402[0m[0m [34m[1mINFO[22m[39m[0m[0m [[37m\tests\Regrese\Doklady\Objednavky\Objednvaky_life_cycle_regrese_api.spec.ts:114[39m[0m[0m]Krok 2 OK: Objednávka ID 137.
2025[0m[0m-11[0m[0m-25[0m[0m 09[0m[0m:24[0m[0m:43[0m[0m.404[0m[0m [97m[1mTRACE[22m[39m[0m[0m [[37m\api\BaseApiClient.ts:76[39m[0m[0m][cb8f1f38] ---> GET http://192.168.130.239:8180/reports-api/listOfStockCards/60193531/231 {
  params: {
    search: [32m'040328'[39m,
    searchType: [32m'PLU'[39m,
    stockId: [33m231[39m,
    ownerId: [33m1[39m,
    supplierId: [33m8[39m,
    stkitmType: [32m'D'[39m,
    for: [32m'orders'[39m
  },
  data: [90mundefined[39m,
  headers: {
    Accept: [32m'application/json, text/plain, */*'[39m,
    [32m'Content-Type'[39m: [32m'application/json;charset=UTF-8'[39m,
    [32m'X-Request-ID'[39m: [32m'cb8f1f38'[39m,
    Authorization: [32m'*** MASKED ***'[39m
  }
}
2025[0m[0m-11[0m[0m-25[0m[0m 09[0m[0m:24[0m[0m:43[0m[0m.566[0m[0m [34m[1mINFO[22m[39m[0m[0m [[37m\api\BaseApiClient.ts:94[39m[0m[0m][cb8f1f38] <--- 200 GET http://192.168.130.239:8180/reports-api/listOfStockCards/60193531/231 (160.55 ms)
2025[0m[0m-11[0m[0m-25[0m[0m 09[0m[0m:24[0m[0m:43[0m[0m.569[0m[0m [34m[1mINFO[22m[39m[0m[0m [[37m\tests\Regrese\Doklady\Objednavky\Objednvaky_life_cycle_regrese_api.spec.ts:134[39m[0m[0m]Krok 3 OK: StockCard ID: 959
2025[0m[0m-11[0m[0m-25[0m[0m 09[0m[0m:24[0m[0m:43[0m[0m.570[0m[0m [97m[1mTRACE[22m[39m[0m[0m [[37m\tests\Regrese\Doklady\Objednavky\Objednvaky_life_cycle_regrese_api.spec.ts:150[39m[0m[0m]Krok 4: Odesílám items...
2025[0m[0m-11[0m[0m-25[0m[0m 09[0m[0m:24[0m[0m:43[0m[0m.571[0m[0m [97m[1mTRACE[22m[39m[0m[0m [[37m\api\BaseApiClient.ts:76[39m[0m[0m][dc30b2c5] ---> POST http://192.168.130.239:8180/documents-api/ordersitems/231 {
  params: [90mundefined[39m,
  data: {
    orderId: [33m137[39m,
    stockCardId: [33m959[39m,
    amount: [33m1[39m
  },
  headers: {
    Accept: [32m'application/json, text/plain, */*'[39m,
    [32m'Content-Type'[39m: [32m'application/json;charset=UTF-8'[39m,
    [32m'X-Request-ID'[39m: [32m'dc30b2c5'[39m,
    Authorization: [32m'*** MASKED ***'[39m
  }
}
2025[0m[0m-11[0m[0m-25[0m[0m 09[0m[0m:24[0m[0m:43[0m[0m.640[0m[0m [34m[1mINFO[22m[39m[0m[0m [[37m\api\BaseApiClient.ts:94[39m[0m[0m][dc30b2c5] <--- 201 POST http://192.168.130.239:8180/documents-api/ordersitems/231 (66.35 ms)
2025[0m[0m-11[0m[0m-25[0m[0m 09[0m[0m:24[0m[0m:43[0m[0m.646[0m[0m [34m[1mINFO[22m[39m[0m[0m [[37m\tests\Regrese\Doklady\Objednavky\Objednvaky_life_cycle_regrese_api.spec.ts:157[39m[0m[0m]Krok 4 OK: Item odeslán.
2025[0m[0m-11[0m[0m-25[0m[0m 09[0m[0m:24[0m[0m:43[0m[0m.648[0m[0m [32m[1mDEBUG[22m[39m[0m[0m [[37m\tests\Regrese\Doklady\Objednavky\Objednvaky_life_cycle_regrese_api.spec.ts:164[39m[0m[0m]Krok 5: Stahuji items pro objednávku 137 k nalezení ID řádku.
2025[0m[0m-11[0m[0m-25[0m[0m 09[0m[0m:24[0m[0m:43[0m[0m.650[0m[0m [97m[1mTRACE[22m[39m[0m[0m [[37m\api\BaseApiClient.ts:76[39m[0m[0m][efd0fde2] ---> GET http://192.168.130.239:8180/documents-api/orders/items/231/137 {
  params: {},
  data: [90mundefined[39m,
  headers: {
    Accept: [32m'application/json, text/plain, */*'[39m,
    [32m'Content-Type'[39m: [32m'application/json;charset=UTF-8'[39m,
    [32m'X-Request-ID'[39m: [32m'efd0fde2'[39m,
    Authorization: [32m'*** MASKED ***'[39m
  }
}
2025[0m[0m-11[0m[0m-25[0m[0m 09[0m[0m:24[0m[0m:43[0m[0m.700[0m[0m [34m[1mINFO[22m[39m[0m[0m [[37m\api\BaseApiClient.ts:94[39m[0m[0m][efd0fde2] <--- 200 GET http://192.168.130.239:8180/documents-api/orders/items/231/137 (46.93 ms)
2025[0m[0m-11[0m[0m-25[0m[0m 09[0m[0m:24[0m[0m:43[0m[0m.703[0m[0m [34m[1mINFO[22m[39m[0m[0m [[37m\tests\Regrese\Doklady\Objednavky\Objednvaky_life_cycle_regrese_api.spec.ts:183[39m[0m[0m]Krok 5 OK: Získáno ordersItemId: 124
2025[0m[0m-11[0m[0m-25[0m[0m 09[0m[0m:24[0m[0m:43[0m[0m.705[0m[0m [97m[1mTRACE[22m[39m[0m[0m [[37m\api\BaseApiClient.ts:76[39m[0m[0m][6cdb506f] ---> PUT http://192.168.130.239:8180/documents-api/orders/ordersSend/231 {
  params: [90mundefined[39m,
  data: {
    stockId: [33m231[39m,
    orderId: [33m137[39m,
    sendOrder: [33mfalse[39m,
    saveEmail: [33mfalse[39m
  },
  headers: {
    Accept: [32m'application/json, text/plain, */*'[39m,
    [32m'Content-Type'[39m: [32m'application/json;charset=UTF-8'[39m,
    [32m'X-Request-ID'[39m: [32m'6cdb506f'[39m,
    Authorization: [32m'*** MASKED ***'[39m
  }
}
2025[0m[0m-11[0m[0m-25[0m[0m 09[0m[0m:24[0m[0m:43[0m[0m.873[0m[0m [34m[1mINFO[22m[39m[0m[0m [[37m\api\BaseApiClient.ts:94[39m[0m[0m][6cdb506f] <--- 204 PUT http://192.168.130.239:8180/documents-api/orders/ordersSend/231 (167.31 ms)
2025[0m[0m-11[0m[0m-25[0m[0m 09[0m[0m:24[0m[0m:43[0m[0m.878[0m[0m [34m[1mINFO[22m[39m[0m[0m [[37m\tests\Regrese\Doklady\Objednavky\Objednvaky_life_cycle_regrese_api.spec.ts:203[39m[0m[0m]Krok 6 OK: Objednávka odeslána.
2025[0m[0m-11[0m[0m-25[0m[0m 09[0m[0m:24[0m[0m:43[0m[0m.880[0m[0m [32m[1mDEBUG[22m[39m[0m[0m [[37m\tests\Regrese\Doklady\Objednavky\Objednvaky_life_cycle_regrese_api.spec.ts:225[39m[0m[0m]Krok 7: Odesílám: PUT: /documents-api/ordersItems/231/124, Payload: {"orderId":137,"stockCardId":959,"amount":10,"comment":"Schválení změny množství","agreement":true}
2025[0m[0m-11[0m[0m-25[0m[0m 09[0m[0m:24[0m[0m:43[0m[0m.882[0m[0m [97m[1mTRACE[22m[39m[0m[0m [[37m\api\BaseApiClient.ts:76[39m[0m[0m][5e666ab7] ---> PUT http://192.168.130.239:8180/documents-api/ordersItems/231/124 {
  params: [90mundefined[39m,
  data: {
    orderId: [33m137[39m,
    stockCardId: [33m959[39m,
    amount: [33m10[39m,
    comment: [32m'Schválení změny množství'[39m,
    agreement: [33mtrue[39m
  },
  headers: {
    Accept: [32m'application/json, text/plain, */*'[39m,
    [32m'Content-Type'[39m: [32m'application/json;charset=UTF-8'[39m,
    [32m'X-Request-ID'[39m: [32m'5e666ab7'[39m,
    Authorization: [32m'*** MASKED ***'[39m
  }
}
2025[0m[0m-11[0m[0m-25[0m[0m 09[0m[0m:24[0m[0m:43[0m[0m.917[0m[0m [34m[1mINFO[22m[39m[0m[0m [[37m\api\BaseApiClient.ts:94[39m[0m[0m][5e666ab7] <--- 204 PUT http://192.168.130.239:8180/documents-api/ordersItems/231/124 (32.57 ms)
2025[0m[0m-11[0m[0m-25[0m[0m 09[0m[0m:24[0m[0m:43[0m[0m.919[0m[0m [34m[1mINFO[22m[39m[0m[0m [[37m\tests\Regrese\Doklady\Objednavky\Objednvaky_life_cycle_regrese_api.spec.ts:228[39m[0m[0m]Krok 7 OK: Rozdíl schválen pro Item ID 124.
2025[0m[0m-11[0m[0m-25[0m[0m 09[0m[0m:24[0m[0m:43[0m[0m.921[0m[0m [34m[1mINFO[22m[39m[0m[0m [[37m\tests\Regrese\Doklady\Objednavky\Objednvaky_life_cycle_regrese_api.spec.ts:235[39m[0m[0m]Zahajuji schválení objednávky.
2025[0m[0m-11[0m[0m-25[0m[0m 09[0m[0m:24[0m[0m:43[0m[0m.921[0m[0m [32m[1mDEBUG[22m[39m[0m[0m [[37m\tests\Regrese\Doklady\Objednavky\Objednvaky_life_cycle_regrese_api.spec.ts:245[39m[0m[0m]Volám metodu approveOrder pro stockId: 231, orderId: 137
2025[0m[0m-11[0m[0m-25[0m[0m 09[0m[0m:24[0m[0m:43[0m[0m.923[0m[0m [97m[1mTRACE[22m[39m[0m[0m [[37m\api\BaseApiClient.ts:76[39m[0m[0m][0d364ae4] ---> POST http://192.168.130.239:8180/documents-api/orders/valid/231/137 {
  params: [90mundefined[39m,
  data: {},
  headers: {
    Accept: [32m'application/json, text/plain, */*'[39m,
    [32m'Content-Type'[39m: [32m'application/json;charset=UTF-8'[39m,
    [32m'X-Request-ID'[39m: [32m'0d364ae4'[39m,
    Authorization: [32m'*** MASKED ***'[39m
  }
}
2025[0m[0m-11[0m[0m-25[0m[0m 09[0m[0m:24[0m[0m:43[0m[0m.961[0m[0m [34m[1mINFO[22m[39m[0m[0m [[37m\api\BaseApiClient.ts:94[39m[0m[0m][0d364ae4] <--- 204 POST http://192.168.130.239:8180/documents-api/orders/valid/231/137 (36.97 ms)
2025[0m[0m-11[0m[0m-25[0m[0m 09[0m[0m:24[0m[0m:43[0m[0m.962[0m[0m [34m[1mINFO[22m[39m[0m[0m [[37m\tests\Regrese\Doklady\Objednavky\Objednvaky_life_cycle_regrese_api.spec.ts:250[39m[0m[0m]Krok 8 OK: Objednávka 137 byla úspěšně schválena.
]]></system-out>
    </testcase>
  </testsuite>
</testsuites>