<testsuites id="" name="" tests="1" failures="1" skipped="0" errors="0" time="3.198336000000127">
  <testsuite name="Smoke\Smoke_All_Gets_api.spec.ts" timestamp="2025-09-15T20:56:06.620Z" hostname="API" tests="1" failures="1" skipped="0" time="1.006" errors="0">
    <testcase name="API Smoke Tests - GET Endpoints › Authenticated GETs › Endpoint &quot;GET /documents-api/goodsInventories/resultPreview/{stockId}/{goodsInventoryId}&quot; should be available" classname="Smoke\Smoke_All_Gets_api.spec.ts" time="1.006">
      <failure message="Smoke_All_Gets_api.spec.ts:191:17 Endpoint &quot;GET /documents-api/goodsInventories/resultPreview/{stockId}/{goodsInventoryId}&quot; should be available" type="FAILURE"><![CDATA[  [API] › Smoke\Smoke_All_Gets_api.spec.ts:191:17 › API Smoke Tests - GET Endpoints › Authenticated GETs › Endpoint "GET /documents-api/goodsInventories/resultPreview/{stockId}/{goodsInventoryId}" should be available 

    Error: Status kód musí být 2xx

    expect(received).toBeLessThan(expected)

    Expected: < 300
    Received:   404

      215 |
      216 |                  // Klíčové ověření: Status kód musí být 2xx
    > 217 |                  expect(responseStatus, 'Status kód musí být 2xx').toBeLessThan(300);
          |                                                                    ^
      218 |                  logger.info(`Test pro "${endpoint.name}" úspěšně dokončen se statusem ${responseStatus}.`);
      219 |             });
      220 |         }
        at C:\Users\novakma\Testy_CBOS\tests\Smoke\Smoke_All_Gets_api.spec.ts:217:68
]]></failure>
      <system-out><![CDATA[2025[0m[0m-09[0m[0m-15[0m[0m 20[0m[0m:56[0m[0m:07[0m[0m.609[0m[0m [97m[1mTRACE[22m[39m[0m[0m [[37m\support\fixtures\auth.fixture.ts:23[39m[0m[0m]FIXTURE 'authToken': Budu vytvářet nový request kontext...
2025[0m[0m-09[0m[0m-15[0m[0m 20[0m[0m:56[0m[0m:07[0m[0m.618[0m[0m [97m[1mTRACE[22m[39m[0m[0m [[37m\support\fixtures\auth.fixture.ts:25[39m[0m[0m]FIXTURE 'authToken': Request kontext vytvořen.
2025[0m[0m-09[0m[0m-15[0m[0m 20[0m[0m:56[0m[0m:08[0m[0m.490[0m[0m [97m[1mTRACE[22m[39m[0m[0m [[37m\support\fixtures\auth.fixture.ts:33[39m[0m[0m]FIXTURE 'authToken': Odpověď přijata se statusem 201.
2025[0m[0m-09[0m[0m-15[0m[0m 20[0m[0m:56[0m[0m:08[0m[0m.493[0m[0m [97m[1mTRACE[22m[39m[0m[0m [[37m\support\fixtures\auth.fixture.ts:50[39m[0m[0m]FIXTURE 'authToken': Získávám 'accessToken' z JSON odpovědi.
2025[0m[0m-09[0m[0m-15[0m[0m 20[0m[0m:56[0m[0m:08[0m[0m.500[0m[0m [97m[1mTRACE[22m[39m[0m[0m [[37m\support\fixtures\auth.fixture.ts:54[39m[0m[0m]FIXTURE 'authToken': Volám 'use(token)' a předávám token dál...
2025[0m[0m-09[0m[0m-15[0m[0m 20[0m[0m:56[0m[0m:08[0m[0m.504[0m[0m [34m[1mINFO[22m[39m[0m[0m [[37m\tests\Smoke\Smoke_All_Gets_api.spec.ts:64[39m[0m[0m]Inicializuji ApiClient pro autorizované GET endpointy...
2025[0m[0m-09[0m[0m-15[0m[0m 20[0m[0m:56[0m[0m:08[0m[0m.510[0m[0m [34m[1mINFO[22m[39m[0m[0m [[37m\tests\Smoke\Smoke_All_Gets_api.spec.ts:67[39m[0m[0m]ApiClient byl úspěšně inicializován.
2025[0m[0m-09[0m[0m-15[0m[0m 20[0m[0m:56[0m[0m:08[0m[0m.515[0m[0m [34m[1mINFO[22m[39m[0m[0m [[37m\tests\Smoke\Smoke_All_Gets_api.spec.ts:192[39m[0m[0m]Spouštím smoke test pro: GET /documents-api/goodsInventories/resultPreview/{stockId}/{goodsInventoryId}
2025[0m[0m-09[0m[0m-15[0m[0m 20[0m[0m:56[0m[0m:08[0m[0m.521[0m[0m [97m[1mTRACE[22m[39m[0m[0m [[37m\api\BaseApiClient.ts:76[39m[0m[0m][6b308e89] ---> GET http://192.168.130.239:8180/documents-api/goodsInventories/resultPreview/230/141 {
  params: {},
  data: [90mundefined[39m,
  headers: {
    Accept: [32m'application/json, text/plain, */*'[39m,
    [32m'Content-Type'[39m: [32m'application/json;charset=UTF-8'[39m,
    [32m'X-Request-ID'[39m: [32m'6b308e89'[39m,
    Authorization: [32m'*** MASKED ***'[39m
  }
}
2025[0m[0m-09[0m[0m-15[0m[0m 20[0m[0m:56[0m[0m:08[0m[0m.581[0m[0m [34m[1mINFO[22m[39m[0m[0m [[37m\api\BaseApiClient.ts:94[39m[0m[0m][6b308e89] <--- 404 GET http://192.168.130.239:8180/documents-api/goodsInventories/resultPreview/230/141 (43.99 ms)
2025[0m[0m-09[0m[0m-15[0m[0m 20[0m[0m:56[0m[0m:08[0m[0m.587[0m[0m [31m[1mERROR[22m[39m[0m[0m [[37m\api\BaseApiClient.ts:117[39m[0m[0m][N/A] API Error: Status 404 on http://192.168.130.239:8180/documents-api/goodsInventories/resultPreview/230/141 {
  body: [32m`{"status":404,"message":"the inventory '141' not exist"}`[39m
}
2025[0m[0m-09[0m[0m-15[0m[0m 20[0m[0m:56[0m[0m:08[0m[0m.589[0m[0m [33m[1mWARN[22m[39m[0m[0m [[37m\tests\Smoke\Smoke_All_Gets_api.spec.ts:208[39m[0m[0m]Endpoint vrátil očekávaný status 404, který není 2xx.
]]></system-out>
    </testcase>
  </testsuite>
</testsuites>