<testsuites id="" name="" tests="261" failures="1" skipped="0" errors="0" time="259.851209">
  <testsuite name="Regrese\Doklady\Objednavky\Objednavky.spec.ts" timestamp="2025-12-02T07:34:42.379Z" hostname="API" tests="8" failures="0" skipped="0" time="17.852" errors="0">
    <testcase name="TC_001: Regresní test životního cyklu objednávek přes API ...  @regression @api @life_cycle @high @order" classname="Regrese\Doklady\Objednavky\Objednavky.spec.ts" time="1.582"/>
    <testcase name="TC_002: Negativní test - Duplicitní přidání položky OČEKÁVÁME ERROR 409 ...  @regression @api @medium @negative @order" classname="Regrese\Doklady\Objednavky\Objednavky.spec.ts" time="1.471">
      <system-out><![CDATA[2025[0m[0m-12[0m[0m-02[0m[0m 07[0m[0m:34[0m[0m:46[0m[0m.807[0m[0m [31m[1mERROR[22m[39m[0m[0m [[37m\api\BaseApiClient.ts:117[39m[0m[0m][N/A] API Error: Status 409 on http://192.168.130.239:8180/documents-api/ordersitems/231 {
  body: [32m'{"status":409,"message":"duplicate revaluation","duplicitItem":{"id":228,"category_id":36,"comment":null,"created":"2025-12-02T07:34:46.055Z","ean":"3800034955539","order_id":258,"stock_card_id":959,"plu":"040328","stock_card_name":"AREON MON CHOCOLATE & CHERRY","item_id":1,"supplier_goods_nr":null,"amount":10,"delivered_amount":null,"valid":null,"tandem":null,"tandem_connection_id":null,"updated":"2025-12-02T07:34:46.055Z","operator":"TESTING_AUTOMAT","supplier_status":false}}'[39m
}
]]></system-out>
    </testcase>
    <testcase name="TC_003: Odeslání objednávky na email (SaveEmail + SendOrder) ...  @regression @api @life_cycle @email @order" classname="Regrese\Doklady\Objednavky\Objednavky.spec.ts" time="6.795"/>
    <testcase name="TC_004: Schválení rozdílu se specifickým komentářem pro export ...  @regression @api @life_cycle @comment @order" classname="Regrese\Doklady\Objednavky\Objednavky.spec.ts" time="1.701"/>
    <testcase name="TC_005: Regresní test životního cyklu objednávek přes API - Znovu-objednání ...  @regression @api @life_cycle @high @order" classname="Regrese\Doklady\Objednavky\Objednavky.spec.ts" time="1.47"/>
    <testcase name="TC_006: E2E - Vytvoření, schválení, kopie a schválení kopie ...  @regression @api @life_cycle @copy_full @order" classname="Regrese\Doklady\Objednavky\Objednavky.spec.ts" time="1.198">
      <system-out><![CDATA[2025[0m[0m-12[0m[0m-02[0m[0m 07[0m[0m:34[0m[0m:57[0m[0m.980[0m[0m [33m[1mWARN[22m[39m[0m[0m [[37m\tests\Regrese\Doklady\Objednavky\Objednavky.spec.ts:464[39m[0m[0m]VAROVÁNÍ: Neznámá akce 'CopyOrder' v kroku '09_CreateCopy'. Zkontrolujte STEP_REGISTRY.
]]></system-out>
    </testcase>
    <testcase name="TC_007: Vytvoření objednávky, přidání a smazání položky, smazání objednávky ...  @regression @api @life_cycle @delete @order" classname="Regrese\Doklady\Objednavky\Objednavky.spec.ts" time="1.415">
      <system-out><![CDATA[2025[0m[0m-12[0m[0m-02[0m[0m 07[0m[0m:34[0m[0m:59[0m[0m.450[0m[0m [33m[1mWARN[22m[39m[0m[0m [[37m\tests\Regrese\Doklady\Objednavky\Objednavky.spec.ts:464[39m[0m[0m]VAROVÁNÍ: Neznámá akce 'DeleteOrderItem' v kroku '06_DeleteItem'. Zkontrolujte STEP_REGISTRY.
]]></system-out>
    </testcase>
    <testcase name="TC_008: E2E - Životní cyklus s vytvořením příjemky před schválením ...  @regression @api @life_cycle @delivery_note" classname="Regrese\Doklady\Objednavky\Objednavky.spec.ts" time="2.22">
      <system-out><![CDATA[2025[0m[0m-12[0m[0m-02[0m[0m 07[0m[0m:35[0m[0m:01[0m[0m.647[0m[0m [33m[1mWARN[22m[39m[0m[0m [[37m\tests\Regrese\Doklady\Objednavky\Objednavky.spec.ts:464[39m[0m[0m]VAROVÁNÍ: Neznámá akce 'CreateDeliveryNote' v kroku '08_MakeReceipt'. Zkontrolujte STEP_REGISTRY.
]]></system-out>
    </testcase>
  </testsuite>
  <testsuite name="Regrese\Doklady\Prijemky_Vydejky\Prijemky.spec.ts" timestamp="2025-12-02T07:34:42.379Z" hostname="API" tests="1" failures="1" skipped="0" time="0.905" errors="0">
    <testcase name="TC_GDN_001: Regresní test životního cyklu příjemky (Goods Delivery Note) ...  @regression @api @delivery_note @high @test" classname="Regrese\Doklady\Prijemky_Vydejky\Prijemky.spec.ts" time="0.905">
      <failure message="Prijemky.spec.ts:241:9 TC_GDN_001: Regresní test životního cyklu příjemky (Goods Delivery Note) ...  @regression @api @delivery_note @high @test" type="FAILURE"><![CDATA[  [API] › Regrese\Doklady\Prijemky_Vydejky\Prijemky.spec.ts:241:9 › TC_GDN_001: Regresní test životního cyklu příjemky (Goods Delivery Note) ...  @regression @api @delivery_note @high @test › Krok: Vytvoření příjemky POST documents-api/goodsDeliveryNotes 

    ApiError: [N/A] API Error: Status 400 on http://192.168.130.239:8180/documents-api/goodsDeliveryNotes/231

       at ..\api\BaseApiClient.ts:118

      116 |             const errorMessage = `[${requestId}] API Error: Status ${response.status()} on ${response.url()}`;
      117 |             logger.error(errorMessage, { body: responseBodyText });   // ...zalogujeme chybu
    > 118 |             throw new ApiError(errorMessage, response.status(), responseBodyText); // ...a vyhodíme naši vlastní chybovou třídu
          |                   ^
      119 |         }
      120 |         
      121 |         if (response.status() === 204 || responseBodyText.length === 0) { // Pokud je odpověď 'No Content' nebo prázdná...
        at DocumentsApiService._handleAndParseResponse (C:\Users\novakma\Testy_CBOS\api\BaseApiClient.ts:118:19)
        at C:\Users\novakma\Testy_CBOS\tests\Regrese\Doklady\Prijemky_Vydejky\Prijemky.spec.ts:77:26
        at createDeliveryNote (C:\Users\novakma\Testy_CBOS\tests\Regrese\Doklady\Prijemky_Vydejky\Prijemky.spec.ts:63:5)
        at C:\Users\novakma\Testy_CBOS\tests\Regrese\Doklady\Prijemky_Vydejky\Prijemky.spec.ts:265:17
]]></failure>
      <system-out><![CDATA[2025[0m[0m-12[0m[0m-02[0m[0m 07[0m[0m:35[0m[0m:02[0m[0m.636[0m[0m [31m[1mERROR[22m[39m[0m[0m [[37m\api\BaseApiClient.ts:117[39m[0m[0m][N/A] API Error: Status 400 on http://192.168.130.239:8180/documents-api/goodsDeliveryNotes/231 {
  body: [32m'{"errors":{"accOwner":{"msg":"errors.required","param":"accOwner","location":"body"},"documentSubType":{"msg":"errors.required","param":"documentSubType","location":"body"},"sign":{"msg":"errors.required","param":"sign","location":"body"},"ownerId":{"msg":"errors.required","param":"ownerId","location":"body"}}}'[39m
}
]]></system-out>
    </testcase>
  </testsuite>
  <testsuite name="Regrese\Sestavy\Uzivatelske_Sestavy_Life_Cycle_api.spec.ts" timestamp="2025-12-02T07:34:42.379Z" hostname="API" tests="36" failures="0" skipped="0" time="59.493" errors="0">
    <testcase name="TC_Sestavy_001: Přehled prodejů  @regression @report @api @high" classname="Regrese\Sestavy\Uzivatelske_Sestavy_Life_Cycle_api.spec.ts" time="1.515"/>
    <testcase name="TC_Sestavy_002: Přehled prodejů PHM pro FÚ  @regression @report @api @medium" classname="Regrese\Sestavy\Uzivatelske_Sestavy_Life_Cycle_api.spec.ts" time="1.335"/>
    <testcase name="TC_Sestavy_003: Přehled prodejů se slevovou kartou  @regression @report @api @medium" classname="Regrese\Sestavy\Uzivatelske_Sestavy_Life_Cycle_api.spec.ts" time="1.059">
      <system-out><![CDATA[2025[0m[0m-12[0m[0m-02[0m[0m 07[0m[0m:35[0m[0m:07[0m[0m.973[0m[0m [33m[1mWARN[22m[39m[0m[0m [[37m\tests\Regrese\Sestavy\Uzivatelske_Sestavy_Life_Cycle_api.spec.ts:167[39m[0m[0m]TC-Sestavy-003 D003 Přehled prodejů se slevovou kartou - 1764660907813 Krok 2: Počet položek (itemsCount) je 0. Sestava je prázdná, ale test pokračuje.
]]></system-out>
    </testcase>
    <testcase name="TC_Sestavy_004: Přehled smazaných položek účtenek  @regression @report @api @medium" classname="Regrese\Sestavy\Uzivatelske_Sestavy_Life_Cycle_api.spec.ts" time="0.961"/>
    <testcase name="TC_Sestavy_005: Přehled konkurenčních cen  @regression @report @api @medium" classname="Regrese\Sestavy\Uzivatelske_Sestavy_Life_Cycle_api.spec.ts" time="0.971"/>
    <testcase name="TC_Sestavy_006: Export položek pokladních dokladů  @regression @report @api @medium" classname="Regrese\Sestavy\Uzivatelske_Sestavy_Life_Cycle_api.spec.ts" time="21.037"/>
    <testcase name="TC_Sestavy_007: Přehled nákupů zboží  @regression @report @api @medium" classname="Regrese\Sestavy\Uzivatelske_Sestavy_Life_Cycle_api.spec.ts" time="0.968"/>
    <testcase name="TC_Sestavy_008: Přehled dodávek PHM pro FÚ  @regression @report @api @medium" classname="Regrese\Sestavy\Uzivatelske_Sestavy_Life_Cycle_api.spec.ts" time="1.321"/>
    <testcase name="TC_Sestavy_009: Přehled pohybů zboží  @regression @report @api @medium" classname="Regrese\Sestavy\Uzivatelske_Sestavy_Life_Cycle_api.spec.ts" time="1.602"/>
    <testcase name="TC_Sestavy_010: Přehled přecenění  @regression @report @api @medium" classname="Regrese\Sestavy\Uzivatelske_Sestavy_Life_Cycle_api.spec.ts" time="1.144"/>
    <testcase name="TC_Sestavy_011: Půlnoční zásoby PHM  @regression @report @api @medium" classname="Regrese\Sestavy\Uzivatelske_Sestavy_Life_Cycle_api.spec.ts" time="1.082"/>
    <testcase name="TC_Sestavy_012: Přehled minimální zásoby skladových karet  @regression @report @api @medium" classname="Regrese\Sestavy\Uzivatelske_Sestavy_Life_Cycle_api.spec.ts" time="1.073"/>
    <testcase name="TC_Sestavy_013: Přehled nedoautorizovaných transakcí  @regression @report @api @medium" classname="Regrese\Sestavy\Uzivatelske_Sestavy_Life_Cycle_api.spec.ts" time="1.028"/>
    <testcase name="TC_Sestavy_014: Přehled odběrů podle řidiče  @regression @report @api @medium" classname="Regrese\Sestavy\Uzivatelske_Sestavy_Life_Cycle_api.spec.ts" time="0.937"/>
    <testcase name="TC_Sestavy_015: Přehled odběrů podle vozidla  @regression @report @api @medium" classname="Regrese\Sestavy\Uzivatelske_Sestavy_Life_Cycle_api.spec.ts" time="0.987"/>
    <testcase name="TC_Sestavy_016: Přehled prodejů - sdílená sestava  @regression @report @api @high" classname="Regrese\Sestavy\Uzivatelske_Sestavy_Life_Cycle_api.spec.ts" time="1.223"/>
    <testcase name="TC_Sestavy_017: Přehled prodejů - Všechna seskupení  @regression @report @api @high @grouping" classname="Regrese\Sestavy\Uzivatelske_Sestavy_Life_Cycle_api.spec.ts" time="0.954"/>
    <testcase name="TC_Sestavy_018: Přehled prodejů - Seskupení bez localCardOwnerLabel  @regression @report @api @medium @grouping" classname="Regrese\Sestavy\Uzivatelske_Sestavy_Life_Cycle_api.spec.ts" time="1.005"/>
    <testcase name="TC_Sestavy_019: Přehled prodejů - Seskupení bez cardIssuerLabel  @regression @report @api @medium @grouping" classname="Regrese\Sestavy\Uzivatelske_Sestavy_Life_Cycle_api.spec.ts" time="1.133"/>
    <testcase name="TC_Sestavy_020: Přehled prodejů - Seskupení bez vatValue  @regression @report @api @medium @grouping" classname="Regrese\Sestavy\Uzivatelske_Sestavy_Life_Cycle_api.spec.ts" time="1.059"/>
    <testcase name="TC_Sestavy_021: Přehled prodejů - Seskupení bez paidByLabel  @regression @report @api @medium @grouping" classname="Regrese\Sestavy\Uzivatelske_Sestavy_Life_Cycle_api.spec.ts" time="1.132"/>
    <testcase name="TC_Sestavy_022: Přehled prodejů - Seskupení bez recText  @regression @report @api @medium @grouping" classname="Regrese\Sestavy\Uzivatelske_Sestavy_Life_Cycle_api.spec.ts" time="0.932"/>
    <testcase name="TC_Sestavy_023: Přehled prodejů - Seskupení bez plu  @regression @report @api @medium @grouping" classname="Regrese\Sestavy\Uzivatelske_Sestavy_Life_Cycle_api.spec.ts" time="0.916"/>
    <testcase name="TC_Sestavy_024: Přehled prodejů - Seskupení bez groupLabel  @regression @report @api @medium @grouping" classname="Regrese\Sestavy\Uzivatelske_Sestavy_Life_Cycle_api.spec.ts" time="0.869"/>
    <testcase name="TC_Sestavy_025: Přehled prodejů - Seskupení bez stkitmTypeLabel  @regression @report @api @medium @grouping" classname="Regrese\Sestavy\Uzivatelske_Sestavy_Life_Cycle_api.spec.ts" time="1.063"/>
    <testcase name="TC_Sestavy_026: Přehled prodejů - Seskupení bez stockLabel  @regression @report @api @medium @grouping" classname="Regrese\Sestavy\Uzivatelske_Sestavy_Life_Cycle_api.spec.ts" time="1.062"/>
    <testcase name="TC_Sestavy_027: Přehled prodejů - Seskupení jen podle data  @regression @report @api @medium @grouping" classname="Regrese\Sestavy\Uzivatelske_Sestavy_Life_Cycle_api.spec.ts" time="1.049"/>
    <testcase name="TC_Sestavy_028: Přehled prodejů - Seskupení jen podle data  @regression @report @api @medium @filter" classname="Regrese\Sestavy\Uzivatelske_Sestavy_Life_Cycle_api.spec.ts" time="1.222"/>
    <testcase name="TC_Sestavy_029: Přehled nákupů zboží - Všechna seskupení  @regression @report @api @high @grouping" classname="Regrese\Sestavy\Uzivatelske_Sestavy_Life_Cycle_api.spec.ts" time="1.119"/>
    <testcase name="TC_Sestavy_030: Přehled nákupů zboží - Seskupení bez documentLabel  @regression @report @api @medium @grouping" classname="Regrese\Sestavy\Uzivatelske_Sestavy_Life_Cycle_api.spec.ts" time="1.342"/>
    <testcase name="TC_Sestavy_031: Přehled nákupů zboží - Seskupení bez groupLabel  @regression @report @api @medium @grouping" classname="Regrese\Sestavy\Uzivatelske_Sestavy_Life_Cycle_api.spec.ts" time="1.088"/>
    <testcase name="TC_Sestavy_032: Přehled nákupů zboží - Seskupení bez stockLabel  @regression @report @api @medium @grouping" classname="Regrese\Sestavy\Uzivatelske_Sestavy_Life_Cycle_api.spec.ts" time="0.925"/>
    <testcase name="TC_Sestavy_033: Přehled nákupů zboží - Seskupení jen podle PLU  @regression @report @api @medium @grouping" classname="Regrese\Sestavy\Uzivatelske_Sestavy_Life_Cycle_api.spec.ts" time="1.031"/>
    <testcase name="TC_Sestavy_034: Přehled pohybů zboží - valid onlyWithMove  @regression @report @api @medium @filter" classname="Regrese\Sestavy\Uzivatelske_Sestavy_Life_Cycle_api.spec.ts" time="1.001"/>
    <testcase name="TC_Sestavy_035: Přehled pohybů zboží - valid onlyWithMove  @regression @report @api @medium @filter" classname="Regrese\Sestavy\Uzivatelske_Sestavy_Life_Cycle_api.spec.ts" time="1.083"/>
    <testcase name="TC_Sestavy_036: Půlnoční registry stojanů  @regression @report @api @medium" classname="Regrese\Sestavy\Uzivatelske_Sestavy_Life_Cycle_api.spec.ts" time="1.265"/>
  </testsuite>
  <testsuite name="Smoke\Gets_api.spec.ts" timestamp="2025-12-02T07:34:42.379Z" hostname="API" tests="216" failures="0" skipped="0" time="176.833" errors="0">
    <testcase name="API Smoke Tests - GET Endpoints › Authenticated GETs from JSON › TC-001: Endpoint &quot;/administration-api/StockCardsSupergroupsLocal/ - Seznam lokálních nadskupin zboží řazení podle Operátora&quot; @api @smoke @medium @supergroupsLocal @sort" classname="Smoke\Gets_api.spec.ts" time="0.82" id="TC-001"/>
    <testcase name="API Smoke Tests - GET Endpoints › Authenticated GETs from JSON › TC-002: Endpoint &quot;/reports-api/listOfUsersReports/ - Seznam uživatelských sestav&quot; @api @smoke @high @reports @list" classname="Smoke\Gets_api.spec.ts" time="0.716" id="TC-002"/>
    <testcase name="API Smoke Tests - GET Endpoints › Authenticated GETs from JSON › TC-003: Endpoint &quot;/reports-api/listOfUsersReports/ - Seznam uživatelských sestav řazení podle názvu&quot; @api @smoke @medium @reports @sort" classname="Smoke\Gets_api.spec.ts" time="0.899" id="TC-003"/>
    <testcase name="API Smoke Tests - GET Endpoints › Authenticated GETs from JSON › TC-004: Endpoint &quot;/reports-api/listOfUsersReports/ - Seznam uživatelských sestav řazení podle Čísla sestavy&quot; @api @smoke @medium @reports @sort" classname="Smoke\Gets_api.spec.ts" time="0.912" id="TC-004"/>
    <testcase name="API Smoke Tests - GET Endpoints › Authenticated GETs from JSON › TC-005: Endpoint &quot;/reports-api/listOfUsersReports/ - Seznam uživatelských sestav řazení podle Typu sestavy&quot; @api @smoke @medium @reports @sort" classname="Smoke\Gets_api.spec.ts" time="0.821" id="TC-005"/>
    <testcase name="API Smoke Tests - GET Endpoints › Authenticated GETs from JSON › TC-006: Endpoint &quot;/reports-api/listOfUsersReports/ - Seznam uživatelských sestav řazení podle Poslední změny&quot; @api @smoke @medium @reports @sort" classname="Smoke\Gets_api.spec.ts" time="0.715" id="TC-006"/>
    <testcase name="API Smoke Tests - GET Endpoints › Authenticated GETs from JSON › TC-007: Endpoint &quot;/reports-api/listOfUsersReports/ - Seznam uživatelských sestav řazení podle Operátora&quot; @api @smoke @medium @reports @sort" classname="Smoke\Gets_api.spec.ts" time="0.893" id="TC-007"/>
    <testcase name="API Smoke Tests - GET Endpoints › Authenticated GETs from JSON › TC-008: Endpoint &quot;/reports-api/listOfStockCards/ - Seznam skladových karet řazení podle názvu&quot; @api @smoke @medium stockCards @sort" classname="Smoke\Gets_api.spec.ts" time="0.87" id="TC-008"/>
    <testcase name="API Smoke Tests - GET Endpoints › Authenticated GETs from JSON › TC-009: Endpoint &quot;/reports-api/listOfStockCards/ - Seznam skladových karet řaazení podle Druhu zboží&quot; @api @smoke @medium stockCards @sort" classname="Smoke\Gets_api.spec.ts" time="0.797" id="TC-009"/>
    <testcase name="API Smoke Tests - GET Endpoints › Authenticated GETs from JSON › TC-010: Endpoint &quot;/reports-api/listOfStockCards/ - Seznam skladových karet řaazení podle Centrální skupny&quot; @api @smoke @medium stockCards @sort" classname="Smoke\Gets_api.spec.ts" time="0.778" id="TC-010"/>
    <testcase name="API Smoke Tests - GET Endpoints › Authenticated GETs from JSON › TC-011: Endpoint &quot;/reports-api/listOfStockCards/ - Seznam skladových karet řaazení podle Centrální kategorie&quot; @api @smoke @medium stockCards @sort" classname="Smoke\Gets_api.spec.ts" time="0.856" id="TC-011"/>
    <testcase name="API Smoke Tests - GET Endpoints › Authenticated GETs from JSON › TC-012: Endpoint &quot;/reports-api/listOfStockCards/ - Seznam skladových karet řaazení podle Lokální skupiny&quot; @api @smoke @medium stockCards @sort" classname="Smoke\Gets_api.spec.ts" time="0.878" id="TC-012"/>
    <testcase name="API Smoke Tests - GET Endpoints › Authenticated GETs from JSON › TC-013: Endpoint &quot;GET /reports-api/listOfStocks Obchodní místo řazení podle id&quot; @api @smoke @medium stocks @sort" classname="Smoke\Gets_api.spec.ts" time="0.736" id="TC-013"/>
    <testcase name="API Smoke Tests - GET Endpoints › Authenticated GETs from JSON › TC-014: Endpoint &quot;GET /reports-api/listOfStocks Obchodní místo řazení podle Názvu&quot; @api @smoke @medium stocks @sort" classname="Smoke\Gets_api.spec.ts" time="0.924" id="TC-014"/>
    <testcase name="API Smoke Tests - GET Endpoints › Authenticated GETs from JSON › TC-015: Endpoint &quot;GET /reports-api/listOfStocks Obchodní místo řazení podle Ulice&quot; @api @smoke @medium stocks @sort" classname="Smoke\Gets_api.spec.ts" time="1.042" id="TC-015"/>
    <testcase name="API Smoke Tests - GET Endpoints › Authenticated GETs from JSON › TC-016: Endpoint &quot;GET /reports-api/listOfStocks Obchodní místo řazení podle Města&quot; @api @smoke @medium stocks @sort" classname="Smoke\Gets_api.spec.ts" time="0.856" id="TC-016"/>
    <testcase name="API Smoke Tests - GET Endpoints › Authenticated GETs from JSON › TC-017: Endpoint &quot;GET /reports-api/listOfStocks Obchodní místo řazení podle PSČ&quot; @api @smoke @medium stocks @sort" classname="Smoke\Gets_api.spec.ts" time="0.744" id="TC-017"/>
    <testcase name="API Smoke Tests - GET Endpoints › Authenticated GETs from JSON › TC-018: Endpoint &quot;GET /reports-api/listOfStocks Obchodní místo řazení podle Provozovatele ČS&quot; @api @smoke @medium stocks @sort" classname="Smoke\Gets_api.spec.ts" time="0.803" id="TC-018"/>
    <testcase name="API Smoke Tests - GET Endpoints › Authenticated GETs from JSON › TC-019: Endpoint &quot;GET /reports-api/listOfStocks Obchodní místo řazení podle Poslední změny&quot; @api @smoke @medium stocks @sort" classname="Smoke\Gets_api.spec.ts" time="0.855" id="TC-019"/>
    <testcase name="API Smoke Tests - GET Endpoints › Authenticated GETs from JSON › TC-020: Endpoint &quot;GET /reports-api/listOfStocks Obchodní místo řazení podle Kurzu Operátora&quot; @api @smoke @medium stocks @sort" classname="Smoke\Gets_api.spec.ts" time="0.754" id="TC-020"/>
    <testcase name="API Smoke Tests - GET Endpoints › Authenticated GETs from JSON › TC-021: Endpoint &quot;GET /reports-api/listOfCtClasses&quot; @api @smoke @high @list" classname="Smoke\Gets_api.spec.ts" time="0.774" id="TC-021"/>
    <testcase name="API Smoke Tests - GET Endpoints › Authenticated GETs from JSON › TC-022: Endpoint &quot;GET /reports-api/partnerTransactions&quot; @api @smoke @high" classname="Smoke\Gets_api.spec.ts" time="0.77" id="TC-022"/>
    <testcase name="API Smoke Tests - GET Endpoints › Authenticated GETs from JSON › TC-023: Endpoint &quot;GET /reports-api/usersReports/{id}&quot; @api @smoke @high" classname="Smoke\Gets_api.spec.ts" time="0.778" id="TC-023"/>
    <testcase name="API Smoke Tests - GET Endpoints › Authenticated GETs from JSON › TC-024: Endpoint &quot;GET /documents-api/receipts/{stockId}&quot; @api @smoke @high" classname="Smoke\Gets_api.spec.ts" time="0.824" id="TC-024"/>
    <testcase name="API Smoke Tests - GET Endpoints › Authenticated GETs from JSON › TC-025: Endpoint &quot;GET /documents-api/posSummaries/{stockId}/{posSummaryKey}&quot; @api @smoke @high" classname="Smoke\Gets_api.spec.ts" time="0.807" id="TC-025"/>
    <testcase name="API Smoke Tests - GET Endpoints › Authenticated GETs from JSON › TC-026: Endpoint &quot;GET /documents-api/receiptsUdd/{stockId}/{receiptUddId} detail účtenky UDD&quot; @api @smoke @high @udd" classname="Smoke\Gets_api.spec.ts" time="0.869" id="TC-026"/>
    <testcase name="API Smoke Tests - GET Endpoints › Authenticated GETs from JSON › TC-027: Endpoint &quot;GET /documents-api/wetDeliveryNotesAccessories/{stockId}&quot; @api @smoke @high" classname="Smoke\Gets_api.spec.ts" time="1.161" id="TC-027"/>
    <testcase name="API Smoke Tests - GET Endpoints › Authenticated GETs from JSON › TC-028: Endpoint &quot;GET /documents-api/wetDeliveryNotes/{stockId}/{wetDeliveryNoteId}&quot; @api @smoke @high" classname="Smoke\Gets_api.spec.ts" time="0.723" id="TC-028"/>
    <testcase name="API Smoke Tests - GET Endpoints › Authenticated GETs from JSON › TC-029: Endpoint &quot;GET /documents-api/wetDeliveryNotes/caData/{stockId}/{wetDeliveryNoteId}&quot; @api @smoke @high" classname="Smoke\Gets_api.spec.ts" time="0.841" id="TC-029"/>
    <testcase name="API Smoke Tests - GET Endpoints › Authenticated GETs from JSON › TC-030: Endpoint &quot;GET /documents-api/wetDeliveryNotes/measures/{stockId}/{wetDeliveryNoteId}&quot; @api @smoke @high" classname="Smoke\Gets_api.spec.ts" time="0.99" id="TC-030"/>
    <testcase name="API Smoke Tests - GET Endpoints › Authenticated GETs from JSON › TC-031: Endpoint &quot;GET /documents-api/wetDeliveryNotes/registers/{stockId}/{wetDeliveryNoteId}&quot; @api @smoke @high" classname="Smoke\Gets_api.spec.ts" time="0.876" id="TC-031"/>
    <testcase name="API Smoke Tests - GET Endpoints › Authenticated GETs from JSON › TC-032: Endpoint &quot;GET /documents-api/info/documentsMaxDate/{stockId}&quot; @api @smoke @high" classname="Smoke\Gets_api.spec.ts" time="0.77" id="TC-032"/>
    <testcase name="API Smoke Tests - GET Endpoints › Authenticated GETs from JSON › TC-033: Endpoint &quot;GET /documents-api/orders/{stockId}/{orderId}&quot; @api @smoke @high" classname="Smoke\Gets_api.spec.ts" time="0.764" id="TC-033"/>
    <testcase name="API Smoke Tests - GET Endpoints › Authenticated GETs from JSON › TC-034: Endpoint &quot;GET /documents-api/goodsDeliveryNotes/vatRecap/{stockId}/{goodsDeliveryNoteId}&quot; @api @smoke @high" classname="Smoke\Gets_api.spec.ts" time="0.791" id="TC-034"/>
    <testcase name="API Smoke Tests - GET Endpoints › Authenticated GETs from JSON › TC-035: Endpoint &quot;GET /documents-api/goodsInventories/{stockId}/{goodsInventoryId}&quot; @api @smoke @high" classname="Smoke\Gets_api.spec.ts" time="0.718" id="TC-035"/>
    <testcase name="API Smoke Tests - GET Endpoints › Authenticated GETs from JSON › TC-036: Endpoint &quot;GET /documents-api/goodsInventories/items/{stockId}/{goodsInventoryId}&quot; @api @smoke @high" classname="Smoke\Gets_api.spec.ts" time="0.754" id="TC-036"/>
    <testcase name="API Smoke Tests - GET Endpoints › Authenticated GETs from JSON › TC-037: Endpoint &quot;GET /documents-api/goodsInventories/protocol/{stockId}/{goodsInventoryId}&quot; @api @smoke @high" classname="Smoke\Gets_api.spec.ts" time="0.816" id="TC-037"/>
    <testcase name="API Smoke Tests - GET Endpoints › Authenticated GETs from JSON › TC-038: Endpoint &quot;GET /documents-api/wetDeliveryNotesCaData/{stockId}/{wetDeliveryNoteId}/{caDataId}&quot; @api @smoke @high" classname="Smoke\Gets_api.spec.ts" time="0.715" id="TC-038"/>
    <testcase name="API Smoke Tests - GET Endpoints › Authenticated GETs from JSON › TC-039: Endpoint &quot;GET /documents-api/wetDeliveryNotesMeasures/{stockId}/{wetDeliveryNoteId}/{measureId}&quot; @api @smoke @high" classname="Smoke\Gets_api.spec.ts" time="0.863" id="TC-039"/>
    <testcase name="API Smoke Tests - GET Endpoints › Authenticated GETs from JSON › TC-040: Endpoint &quot;GET /reports-api/listOfCardIssuers Seznam vydavatelů karet&quot; @api @smoke @high @cards @list" classname="Smoke\Gets_api.spec.ts" time="0.798" id="TC-040"/>
    <testcase name="API Smoke Tests - GET Endpoints › Authenticated GETs from JSON › TC-041: Endpoint &quot;GET /reports-api/listOfRegisters Seznam registrů výdejních pistolí&quot; @api @smoke @high" classname="Smoke\Gets_api.spec.ts" time="0.805" id="TC-041"/>
    <testcase name="API Smoke Tests - GET Endpoints › Authenticated GETs from JSON › TC-042: Endpoint &quot;GET /reports-api/listOfRegisters Seznam registrů výdejních pistolí řazeno podle data vytvoření&quot; @api @smoke @medium" classname="Smoke\Gets_api.spec.ts" time="0.702" id="TC-042"/>
    <testcase name="API Smoke Tests - GET Endpoints › Authenticated GETs from JSON › TC-043: Endpoint &quot;GET /reports-api/listOfRegisters Seznam registrů výdejních pistolí řazeno podle data odečtu hodnot&quot; @api @smoke @medium" classname="Smoke\Gets_api.spec.ts" time="0.804" id="TC-043"/>
    <testcase name="API Smoke Tests - GET Endpoints › Authenticated GETs from JSON › TC-044: Endpoint &quot;GET /reports-api/listOfRegisters Seznam registrů výdejních pistolí řazeno podle Typu záznamu&quot; @api @smoke @medium" classname="Smoke\Gets_api.spec.ts" time="0.777" id="TC-044"/>
    <testcase name="API Smoke Tests - GET Endpoints › Authenticated GETs from JSON › TC-045: Endpoint &quot;GET /reports-api/listOfRegisters Seznam registrů výdejních pistolí řazeno podle Operárora&quot; @api @smoke @medium" classname="Smoke\Gets_api.spec.ts" time="0.765" id="TC-045"/>
    <testcase name="API Smoke Tests - GET Endpoints › Authenticated GETs from JSON › TC-046: Endpoint &quot;GET /reports-api/listOfBonusClasses Přehled slev a poplatků&quot; @api @smoke @high @bonuses @list" classname="Smoke\Gets_api.spec.ts" time="1.003" id="TC-046"/>
    <testcase name="API Smoke Tests - GET Endpoints › Authenticated GETs from JSON › TC-047: Endpoint &quot;GET /reports-api/listOfLocalCards - Serznam Fleet karet&quot; @api @smoke @medium @fleet" classname="Smoke\Gets_api.spec.ts" time="0.914" id="TC-047"/>
    <testcase name="API Smoke Tests - GET Endpoints › Authenticated GETs from JSON › TC-048: Endpoint &quot;GET /reports-api/listOfPartners Seznam partnerů&quot; @api @smoke @high @list @partners" classname="Smoke\Gets_api.spec.ts" time="0.862" id="TC-048"/>
    <testcase name="API Smoke Tests - GET Endpoints › Authenticated GETs from JSON › TC-049: Endpoint &quot;GET /reports-api/listOfForeignStocksCCS&quot; @api @smoke @medium" classname="Smoke\Gets_api.spec.ts" time="1.017" id="TC-049"/>
    <testcase name="API Smoke Tests - GET Endpoints › Authenticated GETs from JSON › TC-050: Endpoint &quot;GET /reports-api/listOfForeignStocksPrices&quot; @api @smoke @medium" classname="Smoke\Gets_api.spec.ts" time="0.759" id="TC-050"/>
    <testcase name="API Smoke Tests - GET Endpoints › Authenticated GETs from JSON › TC-051: Endpoint &quot;GET /reports-api/listOfPricesCategories&quot; @api @smoke @medium" classname="Smoke\Gets_api.spec.ts" time="0.891" id="TC-051"/>
    <testcase name="API Smoke Tests - GET Endpoints › Authenticated GETs from JSON › TC-052: Endpoint &quot;GET /reports-api/listOfRootStockCards&quot; @api @smoke @medium" classname="Smoke\Gets_api.spec.ts" time="0.938" id="TC-052"/>
    <testcase name="API Smoke Tests - GET Endpoints › Authenticated GETs from JSON › TC-053: Endpoint &quot;GET /reports-api/listOfStocks&quot; @api @smoke @medium" classname="Smoke\Gets_api.spec.ts" time="0.816" id="TC-053"/>
    <testcase name="API Smoke Tests - GET Endpoints › Authenticated GETs from JSON › TC-054: Endpoint &quot;GET /reports-api/listOfUsers&quot; @api @smoke @medium" classname="Smoke\Gets_api.spec.ts" time="0.738" id="TC-054"/>
    <testcase name="API Smoke Tests - GET Endpoints › Authenticated GETs from JSON › TC-055: Endpoint &quot;GET /reports-api/listOfVatClasses&quot; @api @smoke @medium" classname="Smoke\Gets_api.spec.ts" time="0.777" id="TC-055"/>
    <testcase name="API Smoke Tests - GET Endpoints › Authenticated GETs from JSON › TC-056: Endpoint &quot;GET /reports-api/listOfRoles&quot; @api @smoke @medium" classname="Smoke\Gets_api.spec.ts" time="0.802" id="TC-056"/>
    <testcase name="API Smoke Tests - GET Endpoints › Authenticated GETs from JSON › TC-057: Endpoint &quot;GET /reports-api/listOfUsersReports/{accOwner}&quot; @api @smoke @medium" classname="Smoke\Gets_api.spec.ts" time="0.698" id="TC-057"/>
    <testcase name="API Smoke Tests - GET Endpoints › Authenticated GETs from JSON › TC-058: Endpoint &quot;GET /documents-api/goodsDeliveryNotes/{stockId}/{goodsDeliveryNoteId}&quot; @api @smoke @medium" classname="Smoke\Gets_api.spec.ts" time="0.816" id="TC-058"/>
    <testcase name="API Smoke Tests - GET Endpoints › Authenticated GETs from JSON › TC-059: Endpoint &quot;GET /administration-api/status&quot; @api @smoke @medium" classname="Smoke\Gets_api.spec.ts" time="0.755" id="TC-059"/>
    <testcase name="API Smoke Tests - GET Endpoints › Authenticated GETs from JSON › TC-060: Endpoint &quot;GET /administration-api/accountsParameters/{account}&quot; @api @smoke @medium" classname="Smoke\Gets_api.spec.ts" time="0.71" id="TC-060"/>
    <testcase name="API Smoke Tests - GET Endpoints › Authenticated GETs from JSON › TC-061: Endpoint &quot;GET /administration-api/ctClasses/{id}&quot; @api @smoke @medium" classname="Smoke\Gets_api.spec.ts" time="0.719" id="TC-061"/>
    <testcase name="API Smoke Tests - GET Endpoints › Authenticated GETs from JSON › TC-062: Endpoint &quot;GET /administration-api/vatClasses/{id}&quot; @api @smoke @medium" classname="Smoke\Gets_api.spec.ts" time="0.845" id="TC-062"/>
    <testcase name="API Smoke Tests - GET Endpoints › Authenticated GETs from JSON › TC-063: Endpoint &quot;GET /administration-api/stocks/fsfeatures/{stockId}&quot; @api @smoke @medium" classname="Smoke\Gets_api.spec.ts" time="0.785" id="TC-063"/>
    <testcase name="API Smoke Tests - GET Endpoints › Authenticated GETs from JSON › TC-064: Endpoint &quot;GET /administration-api/stocks/{stockId}/fsfeatureDefinitions&quot; @api @smoke @medium" classname="Smoke\Gets_api.spec.ts" time="0.811" id="TC-064"/>
    <testcase name="API Smoke Tests - GET Endpoints › Authenticated GETs from JSON › TC-065: Endpoint &quot;GET /administration-api/fsfeatureDefinitions/{accOwner}&quot; @api @smoke @medium" classname="Smoke\Gets_api.spec.ts" time="0.909" id="TC-065"/>
    <testcase name="API Smoke Tests - GET Endpoints › Authenticated GETs from JSON › TC-066: Endpoint &quot;GET /administration-api/fsfeature/{accOwner}&quot; @api @smoke @medium" classname="Smoke\Gets_api.spec.ts" time="0.738" id="TC-066"/>
    <testcase name="API Smoke Tests - GET Endpoints › Authenticated GETs from JSON › TC-067: Endpoint &quot;GET /administration-api/partners/{id}&quot; @api @smoke @medium" classname="Smoke\Gets_api.spec.ts" time="0.692" id="TC-067"/>
    <testcase name="API Smoke Tests - GET Endpoints › Authenticated GETs from JSON › TC-068: Endpoint &quot;GET /administration-api/partners/{id}/status&quot; @api @smoke @medium" classname="Smoke\Gets_api.spec.ts" time="0.825" id="TC-068"/>
    <testcase name="API Smoke Tests - GET Endpoints › Authenticated GETs from JSON › TC-069: Endpoint &quot;GET /administration-api/partners/{partnerId}/payments&quot; @api @smoke @medium" classname="Smoke\Gets_api.spec.ts" time="0.946" id="TC-069"/>
    <testcase name="API Smoke Tests - GET Endpoints › Authenticated GETs from JSON › TC-070: Endpoint &quot;GET /administration-api/massOperations/listOfChangedItems/{changeType}&quot; @api @smoke @medium" classname="Smoke\Gets_api.spec.ts" time="0.809" id="TC-070"/>
    <testcase name="API Smoke Tests - GET Endpoints › Authenticated GETs from JSON › TC-071: Endpoint &quot;GET /reports-api/listOfPartners Seznam partnerů řazení podle názvu partnera&quot; @api @smoke @high @sort @partners" classname="Smoke\Gets_api.spec.ts" time="0.712" id="TC-071"/>
    <testcase name="API Smoke Tests - GET Endpoints › Authenticated GETs from JSON › TC-072: Endpoint &quot;GET /reports-api/listOfPartners Seznam partnerů řazení podle IČO&quot; @api @smoke @high @sort @partners" classname="Smoke\Gets_api.spec.ts" time="0.888" id="TC-072"/>
    <testcase name="API Smoke Tests - GET Endpoints › Authenticated GETs from JSON › TC-073: Endpoint &quot;GET /reports-api/listOfPartners Seznam partnerů řazení podle názvu DIČ&quot; @api @smoke @high @sort @partners" classname="Smoke\Gets_api.spec.ts" time="0.816" id="TC-073"/>
    <testcase name="API Smoke Tests - GET Endpoints › Authenticated GETs from JSON › TC-074: Endpoint &quot;GET /reports-api/listOfPartners Seznam partnerů řazení podle Ulice&quot; @api @smoke @high @sort @partners" classname="Smoke\Gets_api.spec.ts" time="0.724" id="TC-074"/>
    <testcase name="API Smoke Tests - GET Endpoints › Authenticated GETs from JSON › TC-075: Endpoint &quot;GET /reports-api/listOfPartners Seznam partnerů řazení podle Města&quot; @api @smoke @high @sort @partners" classname="Smoke\Gets_api.spec.ts" time="0.761" id="TC-075"/>
    <testcase name="API Smoke Tests - GET Endpoints › Authenticated GETs from JSON › TC-076: Endpoint &quot;GET /reports-api/listOfPartners Seznam partnerů řazení podle Poslední změny&quot; @api @smoke @high @sort @partners" classname="Smoke\Gets_api.spec.ts" time="0.862" id="TC-076"/>
    <testcase name="API Smoke Tests - GET Endpoints › Authenticated GETs from JSON › TC-047: Endpoint &quot;GET /reports-api/listOfLocalCards - Serznam Fleet karet řazeno podle Čísla karty (elektornické karty)&quot; @api @smoke @medium @fleet @sort" classname="Smoke\Gets_api.spec.ts" time="0.864" id="TC-047"/>
    <testcase name="API Smoke Tests - GET Endpoints › Authenticated GETs from JSON › TC-077: Endpoint &quot;GET /reports-api/listOfLocalCards - Serznam Fleet karet řazeno podle Čísla karty (tištěné)&quot; @api @smoke @medium @fleet @sort" classname="Smoke\Gets_api.spec.ts" time="0.711" id="TC-077"/>
    <testcase name="API Smoke Tests - GET Endpoints › Authenticated GETs from JSON › TC-078: Endpoint &quot;GET /reports-api/listOfLocalCards - Serznam Fleet karet řazeno podle Typu karty&quot; @api @smoke @medium @fleet @sort" classname="Smoke\Gets_api.spec.ts" time="0.983" id="TC-078"/>
    <testcase name="API Smoke Tests - GET Endpoints › Authenticated GETs from JSON › TC-079: Endpoint &quot;GET /reports-api/listOfLocalCards - Serznam Fleet karet řazeno podle Poslední změny&quot; @api @smoke @medium @fleet @sort" classname="Smoke\Gets_api.spec.ts" time="0.781" id="TC-079"/>
    <testcase name="API Smoke Tests - GET Endpoints › Authenticated GETs from JSON › TC-080: Endpoint &quot;GET /reports-api/listOfEuroOilCardRequests - Serznam Přehled žádostí o EuroOil karty&quot; @api @smoke @high @eurooil @list" classname="Smoke\Gets_api.spec.ts" time="0.814" id="TC-080"/>
    <testcase name="API Smoke Tests - GET Endpoints › Authenticated GETs from JSON › TC-081: Endpoint &quot;GET /reports-api/listOfEuroOilCardRequests - Serznam Přehled žádostí o EuroOil karty řazeno podle id&quot; @api @smoke @medium @eurooil @sort" classname="Smoke\Gets_api.spec.ts" time="0.698" id="TC-081"/>
    <testcase name="API Smoke Tests - GET Endpoints › Authenticated GETs from JSON › TC-082: Endpoint &quot;GET /reports-api/listOfEuroOilCardRequests - Serznam Přehled žádostí o EuroOil karty řazeno podle Zadáno&quot; @api @smoke @medium @eurooil @sort" classname="Smoke\Gets_api.spec.ts" time="0.809" id="TC-082"/>
    <testcase name="API Smoke Tests - GET Endpoints › Authenticated GETs from JSON › TC-083: Endpoint &quot;GET /reports-api/listOfEuroOilCardRequests - Serznam Přehled žádostí o EuroOil karty řazeno podle Telefonu&quot; @api @smoke @medium @eurooil @sort" classname="Smoke\Gets_api.spec.ts" time="0.77" id="TC-083"/>
    <testcase name="API Smoke Tests - GET Endpoints › Authenticated GETs from JSON › TC-084: Endpoint &quot;GET /reports-api/listOfEuroOilCardRequests - Serznam Přehled žádostí o EuroOil karty řazeno podle emailu&quot; @api @smoke @medium @eurooil @sort" classname="Smoke\Gets_api.spec.ts" time="0.696" id="TC-084"/>
    <testcase name="API Smoke Tests - GET Endpoints › Authenticated GETs from JSON › TC-085: Endpoint &quot;GET /reports-api/listOfEuroOilCardRequests - Serznam Přehled žádostí o EuroOil karty řazeno podle města&quot; @api @smoke @medium @eurooil @sort" classname="Smoke\Gets_api.spec.ts" time="0.785" id="TC-085"/>
    <testcase name="API Smoke Tests - GET Endpoints › Authenticated GETs from JSON › TC-086: Endpoint &quot;GET /reports-api/listOfEuroOilCardRequests - Serznam Přehled žádostí o EuroOil karty řazeno podle Měsíční odběr CZK&quot; @api @smoke @medium @eurooil @sort" classname="Smoke\Gets_api.spec.ts" time="0.863" id="TC-086"/>
    <testcase name="API Smoke Tests - GET Endpoints › Authenticated GETs from JSON › TC-087: Endpoint &quot;GET /reports-api/listOfEuroOilCardRequests - Serznam Přehled žádostí o EuroOil karty řazeno podle Operátora&quot; @api @smoke @medium @eurooil @sort" classname="Smoke\Gets_api.spec.ts" time="0.697" id="TC-087"/>
    <testcase name="API Smoke Tests - GET Endpoints › Authenticated GETs from JSON › TC-088: Endpoint &quot;GET /reports-api/listOfBonusClasses Seznam přehledu slev a poplatků řazeno podle id&quot; @api @smoke @medium @bonuses @sort" classname="Smoke\Gets_api.spec.ts" time="0.88" id="TC-088"/>
    <testcase name="API Smoke Tests - GET Endpoints › Authenticated GETs from JSON › TC-089: Endpoint &quot;GET /reports-api/listOfBonusClasses Seznam přehledu slev a poplatků řazeno podle Názvu slevy/poplatku&quot; @api @smoke @medium @bonuses @sort" classname="Smoke\Gets_api.spec.ts" time="0.922" id="TC-089"/>
    <testcase name="API Smoke Tests - GET Endpoints › Authenticated GETs from JSON › TC-090: Endpoint &quot;GET /reports-api/listOfBonusClasses Seznam přehledu slev a poplatků řazeno podle Začátku platnosti&quot; @api @smoke @medium @bonuses @sort" classname="Smoke\Gets_api.spec.ts" time="0.774" id="TC-090"/>
    <testcase name="API Smoke Tests - GET Endpoints › Authenticated GETs from JSON › TC-091: Endpoint &quot;GET /reports-api/listOfBonusClasses Seznam přehledu slev a poplatků řazeno podle Začátku platnosti&quot; @api @smoke @medium @bonuses @sort" classname="Smoke\Gets_api.spec.ts" time="0.704" id="TC-091"/>
    <testcase name="API Smoke Tests - GET Endpoints › Authenticated GETs from JSON › TC-092: Endpoint &quot;GET /reports-api/listOfBonusClasses Seznam přehledu slev a poplatků řazeno podle Poslední změny&quot; @api @smoke @medium @bonuses @sort" classname="Smoke\Gets_api.spec.ts" time="0.773" id="TC-092"/>
    <testcase name="API Smoke Tests - GET Endpoints › Authenticated GETs from JSON › TC-093: Endpoint &quot;GET /reports-api/listOfBonusClasses Seznam přehledu slev a poplatků řazeno podle Začátku platnosti&quot; @api @smoke @medium @bonuses @sort" classname="Smoke\Gets_api.spec.ts" time="0.792" id="TC-093"/>
    <testcase name="API Smoke Tests - GET Endpoints › Authenticated GETs from JSON › TC-094: Endpoint &quot;GET /reports-api/listOfBonusClasses Seznam přehledu slev a poplatků řazeno Operátora&quot; @api @smoke @medium @bonuses @sort" classname="Smoke\Gets_api.spec.ts" time="0.688" id="TC-094"/>
    <testcase name="API Smoke Tests - GET Endpoints › Authenticated GETs from JSON › TC-095: Endpoint &quot;GET /reports-api/listOfReceiptsUdd Seznam Úplněných daňových dokladů&quot; @api @smoke @high @udd @list" classname="Smoke\Gets_api.spec.ts" time="0.763" id="TC-095"/>
    <testcase name="API Smoke Tests - GET Endpoints › Authenticated GETs from JSON › TC-096: Endpoint &quot;GET /reports-api/listOfReceiptsUdd Seznam Úplněných daňových dokladů řazení podle Typu účtenky&quot; @api @smoke @medium @udd @sort" classname="Smoke\Gets_api.spec.ts" time="0.75" id="TC-096"/>
    <testcase name="API Smoke Tests - GET Endpoints › Authenticated GETs from JSON › TC-097: Endpoint &quot;GET /reports-api/listOfReceiptsUdd Seznam Úplněných daňových dokladů řazení podle IČO&quot; @api @smoke @medium @udd @sort" classname="Smoke\Gets_api.spec.ts" time="0.696" id="TC-097"/>
    <testcase name="API Smoke Tests - GET Endpoints › Authenticated GETs from JSON › TC-098: Endpoint &quot;GET /reports-api/listOfReceiptsUdd Seznam Úplněných daňových dokladů řazení podle Čísla dokladu&quot; @api @smoke @medium @udd @sort" classname="Smoke\Gets_api.spec.ts" time="0.773" id="TC-098"/>
    <testcase name="API Smoke Tests - GET Endpoints › Authenticated GETs from JSON › TC-099: Endpoint &quot;GET /reports-api/listOfReceiptsUdd Seznam Úplněných daňových dokladů řazení podle DIČ&quot; @api @smoke @medium @udd @sort" classname="Smoke\Gets_api.spec.ts" time="0.917" id="TC-099"/>
    <testcase name="API Smoke Tests - GET Endpoints › Authenticated GETs from JSON › TC-100: Endpoint &quot;GET /reports-api/listOfReceiptsUdd Seznam Úplněných daňových dokladů řazení podle Typu účtenky&quot; @api @smoke @medium @udd @sort" classname="Smoke\Gets_api.spec.ts" time="0.751" id="TC-100"/>
    <testcase name="API Smoke Tests - GET Endpoints › Authenticated GETs from JSON › TC-231: Endpoint &quot;GET /reports-api/listOfReceiptsUdd Seznam Úplněných daňových dokladů řazení podle Jméno zákazníka/Název firmy&quot; @api @smoke @medium @udd @sort" classname="Smoke\Gets_api.spec.ts" time="1.006" id="TC-231"/>
    <testcase name="API Smoke Tests - GET Endpoints › Authenticated GETs from JSON › TC-102: Endpoint &quot;GET /reports-api/listOfReceiptsUdd Seznam Úplněných daňových dokladů řazení podle Vytvořeno&quot; @api @smoke @medium @udd @sort" classname="Smoke\Gets_api.spec.ts" time="0.778" id="TC-102"/>
    <testcase name="API Smoke Tests - GET Endpoints › Authenticated GETs from JSON › TC-103: Endpoint &quot;GET /reports-api/listOfReceiptsUdd Seznam Úplněných daňových dokladů řazení podle Vytvořil&quot; @api @smoke @medium @udd @sort" classname="Smoke\Gets_api.spec.ts" time="0.694" id="TC-103"/>
    <testcase name="API Smoke Tests - GET Endpoints › Authenticated GETs from JSON › TC-104: Endpoint &quot;GET /reports-api/listOfReceiptsUdd Seznam Úplněných daňových dokladů řazení podle Poslední úpravy&quot; @api @smoke @medium @udd @sort" classname="Smoke\Gets_api.spec.ts" time="0.744" id="TC-104"/>
    <testcase name="API Smoke Tests - GET Endpoints › Authenticated GETs from JSON › TC-105: Endpoint &quot;GET /reports-api/listOfReceiptsUdd Seznam Úplněných daňových dokladů řazení podle Upravil&quot; @api @smoke @medium @udd @sort" classname="Smoke\Gets_api.spec.ts" time="0.888" id="TC-105"/>
    <testcase name="API Smoke Tests - GET Endpoints › Authenticated GETs from JSON › TC-106: Endpoint &quot;GET /reports-api/listOfReceiptsUdd Seznam Úplněných daňových dokladů řazení podle výtisků&quot; @api @smoke @medium @udd @sort" classname="Smoke\Gets_api.spec.ts" time="0.774" id="TC-106"/>
    <testcase name="API Smoke Tests - GET Endpoints › Authenticated GETs from JSON › TC-107: Endpoint &quot;GET /reports-api/listOfReceiptsUdd Seznam Úplněných daňových dokladů řazení podle Naposledy vytisknuto&quot; @api @smoke @medium @udd @sort" classname="Smoke\Gets_api.spec.ts" time="0.691" id="TC-107"/>
    <testcase name="API Smoke Tests - GET Endpoints › Authenticated GETs from JSON › TC-108: Endpoint &quot;GET /reports-api/listOfReceiptsUdd Seznam Úplněných daňových dokladů řazení podle Vytiskl&quot; @api @smoke @medium @udd @sort" classname="Smoke\Gets_api.spec.ts" time="0.899" id="TC-108"/>
    <testcase name="API Smoke Tests - GET Endpoints › Authenticated GETs from JSON › TC-109: Endpoint &quot;GET /reports-api/listOfReceiptsUdd Seznam Úplněných daňových dokladů řazení podle Stornováno&quot; @api @smoke @medium @udd @sort" classname="Smoke\Gets_api.spec.ts" time="0.757" id="TC-109"/>
    <testcase name="API Smoke Tests - GET Endpoints › Authenticated GETs from JSON › TC-110: Endpoint &quot;GET /reports-api/listOfReceiptsUdd Seznam Úplněných daňových dokladů řazení podle Stornoval&quot; @api @smoke @medium @udd @sort" classname="Smoke\Gets_api.spec.ts" time="0.699" id="TC-110"/>
    <testcase name="API Smoke Tests - GET Endpoints › Authenticated GETs from JSON › TC-111: Endpoint &quot;GET /reports-api/listOfPosTankTickets Seznam stvrzenek o složení hotovosti&quot; @api @smoke @high @pos @list" classname="Smoke\Gets_api.spec.ts" time="0.753" id="TC-111"/>
    <testcase name="API Smoke Tests - GET Endpoints › Authenticated GETs from JSON › TC-112: Endpoint &quot;GET /reports-api/listOfPosTankTickets Seznam stvrzenek o složení hotovosti s řazením podle Vystavena&quot; @api @smoke @medium @pos @sort" classname="Smoke\Gets_api.spec.ts" time="0.799" id="TC-112"/>
    <testcase name="API Smoke Tests - GET Endpoints › Authenticated GETs from JSON › TC-113: Endpoint &quot;GET /reports-api/listOfPosTankTickets Seznam stvrzenek o složení hotovosti s řazením podle Číslo stvrzenky&quot; @api @smoke @medium @pos @sort" classname="Smoke\Gets_api.spec.ts" time="0.945" id="TC-113"/>
    <testcase name="API Smoke Tests - GET Endpoints › Authenticated GETs from JSON › TC-114: Endpoint &quot;GET /reports-api/listOfPosTankTickets Seznam stvrzenek o složení hotovosti s řazením podle Vytištěna&quot; @api @smoke @medium @pos @sort" classname="Smoke\Gets_api.spec.ts" time="0.91" id="TC-114"/>
    <testcase name="API Smoke Tests - GET Endpoints › Authenticated GETs from JSON › TC-115: Endpoint &quot;GET /reports-api/listOfPosTankTickets Seznam stvrzenek o složení hotovosti s řazením podle Expiruje&quot; @api @smoke @medium @pos @sort" classname="Smoke\Gets_api.spec.ts" time="0.77" id="TC-115"/>
    <testcase name="API Smoke Tests - GET Endpoints › Authenticated GETs from JSON › TC-116: Endpoint &quot;GET /reports-api/listOfPosTankTickets Seznam stvrzenek o složení hotovosti s řazením podle Akceptováno&quot; @api @smoke @medium @pos @sort" classname="Smoke\Gets_api.spec.ts" time="0.767" id="TC-116"/>
    <testcase name="API Smoke Tests - GET Endpoints › Authenticated GETs from JSON › TC-117: Endpoint &quot;GET /reports-api/listOfPosTankTickets Seznam stvrzenek o složení hotovosti s řazením podle Účtenka (Hotovostní)&quot; @api @smoke @medium @pos @sort" classname="Smoke\Gets_api.spec.ts" time="0.726" id="TC-117"/>
    <testcase name="API Smoke Tests - GET Endpoints › Authenticated GETs from JSON › TC-118: Endpoint &quot;GET /reports-api/listOfPosTankTickets Seznam stvrzenek o složení hotovosti s řazením podle Vydaná přeplatková poukázka&quot; @api @smoke @medium @pos @sort" classname="Smoke\Gets_api.spec.ts" time="0.922" id="TC-118"/>
    <testcase name="API Smoke Tests - GET Endpoints › Authenticated GETs from JSON › TC-119: Endpoint &quot;GET /reports-api/listOfPosMoneyOperations Seznam vkladů a výběrů hotovosti&quot; @api @smoke @high @pos @list" classname="Smoke\Gets_api.spec.ts" time="0.821" id="TC-119"/>
    <testcase name="API Smoke Tests - GET Endpoints › Authenticated GETs from JSON › TC-120: Endpoint &quot;GET /reports-api/listOfPosMoneyOperations Seznam vkladů/výběrů řazení podle Typu&quot; @api @smoke @medium @pos @sort" classname="Smoke\Gets_api.spec.ts" time="0.714" id="TC-120"/>
    <testcase name="API Smoke Tests - GET Endpoints › Authenticated GETs from JSON › TC-121: Endpoint &quot;GET /reports-api/listOfPosMoneyOperations Seznam vkladů/výběrů řazení podle Zaevidováno&quot; @api @smoke @medium @pos @sort" classname="Smoke\Gets_api.spec.ts" time="0.776" id="TC-121"/>
    <testcase name="API Smoke Tests - GET Endpoints › Authenticated GETs from JSON › TC-122: Endpoint &quot;GET /reports-api/listOfPosMoneyOperations Seznam vkladů/výběrů řazení podle OM&quot; @api @smoke @medium @pos @sort" classname="Smoke\Gets_api.spec.ts" time="0.753" id="TC-122"/>
    <testcase name="API Smoke Tests - GET Endpoints › Authenticated GETs from JSON › TC-123: Endpoint &quot;GET /reports-api/listOfPosMoneyOperations Seznam vkladů/výběrů řazení podle Pokladny&quot; @api @smoke @medium @pos @sort" classname="Smoke\Gets_api.spec.ts" time="0.707" id="TC-123"/>
    <testcase name="API Smoke Tests - GET Endpoints › Authenticated GETs from JSON › TC-124: Endpoint &quot;GET /reports-api/listOfPosMoneyOperations Seznam vkladů/výběrů řazení podle Popisu&quot; @api @smoke @medium @pos @sort" classname="Smoke\Gets_api.spec.ts" time="0.805" id="TC-124"/>
    <testcase name="API Smoke Tests - GET Endpoints › Authenticated GETs from JSON › TC-125: Endpoint &quot;GET /reports-api/listOfPosMoneyOperations Seznam vkladů/výběrů řazení podle Částky&quot; @api @smoke @medium @pos @sort" classname="Smoke\Gets_api.spec.ts" time="0.775" id="TC-125"/>
    <testcase name="API Smoke Tests - GET Endpoints › Authenticated GETs from JSON › TC-126: Endpoint &quot;GET /reports-api/listOfPosMoneyOperations Seznam vkladů/výběrů řazení podle Operátora&quot; @api @smoke @medium @pos @sort" classname="Smoke\Gets_api.spec.ts" time="0.934" id="TC-126"/>
    <testcase name="API Smoke Tests - GET Endpoints › Authenticated GETs from JSON › TC-127: Endpoint &quot;GET /reports-api/listOfPosTankVouchers Seznam přeplatkových poukázek (základní)&quot; @api @smoke @high @pos @list" classname="Smoke\Gets_api.spec.ts" time="0.83" id="TC-127"/>
    <testcase name="API Smoke Tests - GET Endpoints › Authenticated GETs from JSON › TC-128: Endpoint &quot;GET /reports-api/listOfPosTankVouchers Přeplatkové poukázky řazení podle Pokladna&quot; @api @smoke @medium @pos @sort" classname="Smoke\Gets_api.spec.ts" time="0.772" id="TC-128"/>
    <testcase name="API Smoke Tests - GET Endpoints › Authenticated GETs from JSON › TC-129: Endpoint &quot;GET /reports-api/listOfPosTankVouchers Přeplatkové poukázky řazení podle Číslo poukázky (ID)&quot; @api @smoke @medium @pos @sort" classname="Smoke\Gets_api.spec.ts" time="0.793" id="TC-129"/>
    <testcase name="API Smoke Tests - GET Endpoints › Authenticated GETs from JSON › TC-130: Endpoint &quot;GET /reports-api/listOfPosTankVouchers Přeplatkové poukázky řazení podle Vystavena&quot; @api @smoke @medium @pos @sort" classname="Smoke\Gets_api.spec.ts" time="0.845" id="TC-130"/>
    <testcase name="API Smoke Tests - GET Endpoints › Authenticated GETs from JSON › TC-131: Endpoint &quot;GET /reports-api/listOfPosTankVouchers Přeplatkové poukázky řazení podle Plán do (Expirace)&quot; @api @smoke @medium @pos @sort" classname="Smoke\Gets_api.spec.ts" time="0.82" id="TC-131"/>
    <testcase name="API Smoke Tests - GET Endpoints › Authenticated GETs from JSON › TC-132: Endpoint &quot;GET /reports-api/listOfPosTankVouchers Přeplatkové poukázky řazení podle Akceptováno&quot; @api @smoke @medium @pos @sort" classname="Smoke\Gets_api.spec.ts" time="0.842" id="TC-132"/>
    <testcase name="API Smoke Tests - GET Endpoints › Authenticated GETs from JSON › TC-133: Endpoint &quot;GET /reports-api/listOfPosTankVouchers Přeplatkové poukázky řazení podle Číslo stvrzenky&quot; @api @smoke @medium @pos @sort" classname="Smoke\Gets_api.spec.ts" time="0.889" id="TC-133"/>
    <testcase name="API Smoke Tests - GET Endpoints › Authenticated GETs from JSON › TC-134: Endpoint &quot;GET /reports-api/listOfPosTankVouchers Přeplatkové poukázky řazení podle Rezervováno&quot; @api @smoke @medium @pos @sort" classname="Smoke\Gets_api.spec.ts" time="0.81" id="TC-134"/>
    <testcase name="API Smoke Tests - GET Endpoints › Authenticated GETs from JSON › TC-135: Endpoint &quot;GET /reports-api/listOfPosTankVouchers Přeplatkové poukázky řazení podle Místo rezervace&quot; @api @smoke @medium @pos @sort" classname="Smoke\Gets_api.spec.ts" time="0.683" id="TC-135"/>
    <testcase name="API Smoke Tests - GET Endpoints › Authenticated GETs from JSON › TC-136: Endpoint &quot;GET /reports-api/listOfPosTankVouchers Přeplatkové poukázky řazení podle Nominální hodnota&quot; @api @smoke @medium @pos @sort" classname="Smoke\Gets_api.spec.ts" time="0.767" id="TC-136"/>
    <testcase name="API Smoke Tests - GET Endpoints › Authenticated GETs from JSON › TC-137: Endpoint &quot;GET /reports-api/listOfGoodsDeliveryNotes Příjemky a výdejky&quot; @api @smoke @high @goodsDeliveries @list" classname="Smoke\Gets_api.spec.ts" time="0.812" id="TC-137"/>
    <testcase name="API Smoke Tests - GET Endpoints › Authenticated GETs from JSON › TC-138: Endpoint &quot;GET /reports-api/listOfGoodsDeliveryNotes Příjemky a výdejky řazení podle Doklad&quot; @api @smoke @medium @goodsDeliveries @sort" classname="Smoke\Gets_api.spec.ts" time="0.965" id="TC-138"/>
    <testcase name="API Smoke Tests - GET Endpoints › Authenticated GETs from JSON › TC-139: Endpoint &quot;GET /reports-api/listOfGoodsDeliveryNotes Příjemky a výdejky řazení podle Datum dokladu&quot; @api @smoke @medium @goodsDeliveries @sort" classname="Smoke\Gets_api.spec.ts" time="0.82" id="TC-139"/>
    <testcase name="API Smoke Tests - GET Endpoints › Authenticated GETs from JSON › TC-140: Endpoint &quot;GET /reports-api/listOfGoodsDeliveryNotes Příjemky a výdejky řazení podle Datum naskladnění&quot; @api @smoke @medium @goodsDeliveries @sort" classname="Smoke\Gets_api.spec.ts" time="0.928" id="TC-140"/>
    <testcase name="API Smoke Tests - GET Endpoints › Authenticated GETs from JSON › TC-141: Endpoint &quot;GET /reports-api/listOfGoodsDeliveryNotes Příjemky a výdejky řazení podle Datum schválení&quot; @api @smoke @medium @goodsDeliveries @sort" classname="Smoke\Gets_api.spec.ts" time="0.817" id="TC-141"/>
    <testcase name="API Smoke Tests - GET Endpoints › Authenticated GETs from JSON › TC-142: Endpoint &quot;GET /reports-api/listOfGoodsInventories Seznam inventur&quot; @api @smoke @high @inventory" classname="Smoke\Gets_api.spec.ts" time="0.955" id="TC-142"/>
    <testcase name="API Smoke Tests - GET Endpoints › Authenticated GETs from JSON › TC-143: Endpoint &quot;GET /reports-api/listOfGoodsInventories Seznam inventur řazení podle Doklad&quot; @api @smoke @medium @inventory @sort" classname="Smoke\Gets_api.spec.ts" time="0.706" id="TC-143"/>
    <testcase name="API Smoke Tests - GET Endpoints › Authenticated GETs from JSON › TC-144: Endpoint &quot;GET /reports-api/listOfGoodsInventories Seznam inventur řazení podle Popis inventury&quot; @api @smoke @medium @inventory @sort" classname="Smoke\Gets_api.spec.ts" time="0.753" id="TC-144"/>
    <testcase name="API Smoke Tests - GET Endpoints › Authenticated GETs from JSON › TC-145: Endpoint &quot;GET /reports-api/listOfGoodsInventories Seznam inventur řazení podle Založena&quot; @api @smoke @medium @inventory @sort" classname="Smoke\Gets_api.spec.ts" time="0.851" id="TC-145"/>
    <testcase name="API Smoke Tests - GET Endpoints › Authenticated GETs from JSON › TC-146: Endpoint &quot;GET /reports-api/listOfGoodsInventories Seznam inventur řazení podle Aktualizováno&quot; @api @smoke @medium @inventory @sort" classname="Smoke\Gets_api.spec.ts" time="0.696" id="TC-146"/>
    <testcase name="API Smoke Tests - GET Endpoints › Authenticated GETs from JSON › TC-147: Endpoint &quot;GET /reports-api/listOfGoodsInventories Seznam inventur řazení podle Spuštěna kontrola&quot; @api @smoke @medium @inventory @sort" classname="Smoke\Gets_api.spec.ts" time="0.774" id="TC-147"/>
    <testcase name="API Smoke Tests - GET Endpoints › Authenticated GETs from JSON › TC-148: Endpoint &quot;GET /reports-api/listOfGoodsInventories Seznam inventur řazení podle Dokončena&quot; @api @smoke @medium @inventory @sort" classname="Smoke\Gets_api.spec.ts" time="0.762" id="TC-148"/>
    <testcase name="API Smoke Tests - GET Endpoints › Authenticated GETs from JSON › TC-149: Endpoint &quot;GET /reports-api/listOfOrders Seznam objednávek&quot; @api @smoke @high @order @list" classname="Smoke\Gets_api.spec.ts" time="1.093" id="TC-149"/>
    <testcase name="API Smoke Tests - GET Endpoints › Authenticated GETs from JSON › TC-150: Endpoint &quot;GET /reports-api/listOfOrders Seznam objednávek řazení podle Doklad&quot; @api @smoke @medium @order @sort" classname="Smoke\Gets_api.spec.ts" time="1.293" id="TC-150"/>
    <testcase name="API Smoke Tests - GET Endpoints › Authenticated GETs from JSON › TC-151: Endpoint &quot;GET /reports-api/listOfOrders Seznam objednávek řazení podle Datum vytvoření&quot; @api @smoke @medium @order @sort" classname="Smoke\Gets_api.spec.ts" time="1.063" id="TC-151"/>
    <testcase name="API Smoke Tests - GET Endpoints › Authenticated GETs from JSON › TC-152: Endpoint &quot;GET /reports-api/listOfOrders Seznam objednávek řazení podle Datum objednání&quot; @api @smoke @medium @order @sort" classname="Smoke\Gets_api.spec.ts" time="0.835" id="TC-152"/>
    <testcase name="API Smoke Tests - GET Endpoints › Authenticated GETs from JSON › TC-153: Endpoint &quot;GET /reports-api/listOfOrders Seznam objednávek řazení podle Datum uzavření&quot; @api @smoke @medium @order @sort" classname="Smoke\Gets_api.spec.ts" time="0.994" id="TC-153"/>
    <testcase name="API Smoke Tests - GET Endpoints › Authenticated GETs from JSON › TC-154: Endpoint &quot;GET /reports-api/listOfOrders Seznam objednávek řazení podle Dodavatel zboží&quot; @api @smoke @medium @order @sort" classname="Smoke\Gets_api.spec.ts" time="1.047" id="TC-154"/>
    <testcase name="API Smoke Tests - GET Endpoints › Authenticated GETs from JSON › TC-155: Endpoint &quot;GET /reports-api/listOfOrders Seznam objednávek řazení podle Poslední změny&quot; @api @smoke @medium @order @sort" classname="Smoke\Gets_api.spec.ts" time="0.961" id="TC-155"/>
    <testcase name="API Smoke Tests - GET Endpoints › Authenticated GETs from JSON › TC-156: Endpoint &quot;GET /reports-api/listOfWetDeliveryNotes Seznam čerpadlových dodacích listů&quot; @api @smoke @high @wetdeliverynotes @list" classname="Smoke\Gets_api.spec.ts" time="0.912" id="TC-156"/>
    <testcase name="API Smoke Tests - GET Endpoints › Authenticated GETs from JSON › TC-157: Endpoint &quot;GET /reports-api/listOfWetDeliveryNotes Seznam čerpadlových dodacích listů řazení podle Doklad&quot; @api @smoke @medium @wetdeliverynotes @sort" classname="Smoke\Gets_api.spec.ts" time="0.783" id="TC-157"/>
    <testcase name="API Smoke Tests - GET Endpoints › Authenticated GETs from JSON › TC-158: Endpoint &quot;GET /reports-api/listOfWetDeliveryNotes Seznam čerpadlových dodacích listů řazení podle Datum dokladu&quot; @api @smoke @medium @wetdeliverynotes @sort" classname="Smoke\Gets_api.spec.ts" time="0.735" id="TC-158"/>
    <testcase name="API Smoke Tests - GET Endpoints › Authenticated GETs from JSON › TC-159: Endpoint &quot;GET /reports-api/listOfWetDeliveryNotes Seznam čerpadlových dodacích listů řazení podle Naskladněno/vyskladněno&quot; @api @smoke @medium @wetdeliverynotes @sort" classname="Smoke\Gets_api.spec.ts" time="0.815" id="TC-159"/>
    <testcase name="API Smoke Tests - GET Endpoints › Authenticated GETs from JSON › TC-160: Endpoint &quot;GET /reports-api/listOfWetDeliveryNotes Seznam čerpadlových dodacích listů řazení podle Datum schválení&quot; @api @smoke @medium @wetdeliverynotes @sort" classname="Smoke\Gets_api.spec.ts" time="0.803" id="TC-160"/>
    <testcase name="API Smoke Tests - GET Endpoints › Authenticated GETs from JSON › TC-161: Endpoint &quot;GET /reports-api/listOfUsers Seznam uživatelů (základní)&quot; @api @smoke @high @users @list" classname="Smoke\Gets_api.spec.ts" time="0.859" id="TC-161"/>
    <testcase name="API Smoke Tests - GET Endpoints › Authenticated GETs from JSON › TC-162: Endpoint &quot;GET /reports-api/listOfUsers Seznam uživatelů řazení podle Přihlašovací kód uživatele&quot; @api @smoke @medium @users @sort" classname="Smoke\Gets_api.spec.ts" time="0.815" id="TC-162"/>
    <testcase name="API Smoke Tests - GET Endpoints › Authenticated GETs from JSON › TC-163: Endpoint &quot;GET /reports-api/listOfUsers Seznam uživatelů řazení podle Jméno uživatele&quot; @api @smoke @medium @users @sort" classname="Smoke\Gets_api.spec.ts" time="0.793" id="TC-163"/>
    <testcase name="API Smoke Tests - GET Endpoints › Authenticated GETs from JSON › TC-164: Endpoint &quot;GET /reports-api/listOfUsers Seznam uživatelů řazení podle Přístupová karta&quot; @api @smoke @medium @users @sort" classname="Smoke\Gets_api.spec.ts" time="0.738" id="TC-164"/>
    <testcase name="API Smoke Tests - GET Endpoints › Authenticated GETs from JSON › TC-165: Endpoint &quot;GET /reports-api/listOfUsers Seznam uživatelů řazení podle Naposledy přihlášen&quot; @api @smoke @medium @users @sort" classname="Smoke\Gets_api.spec.ts" time="0.793" id="TC-165"/>
    <testcase name="API Smoke Tests - GET Endpoints › Authenticated GETs from JSON › TC-166: Endpoint &quot;GET /reports-api/listOfRoles Seznam šablon práv (základní)&quot; @api @smoke @high @roles @list" classname="Smoke\Gets_api.spec.ts" time="0.816" id="TC-166"/>
    <testcase name="API Smoke Tests - GET Endpoints › Authenticated GETs from JSON › TC-167: Endpoint &quot;GET /reports-api/listOfVatClasses Seznam tříd DPH (základní)&quot; @api @smoke @high @vat @list" classname="Smoke\Gets_api.spec.ts" time="0.77" id="TC-167"/>
    <testcase name="API Smoke Tests - GET Endpoints › Authenticated GETs from JSON › TC-168: Endpoint &quot;GET /reports-api/listOfVatClasses Seznam tříd DPH řazeno dle Třída (Názvu)&quot; @api @smoke @medium @vat @sort" classname="Smoke\Gets_api.spec.ts" time="0.695" id="TC-168"/>
    <testcase name="API Smoke Tests - GET Endpoints › Authenticated GETs from JSON › TC-169: Endpoint &quot;GET /reports-api/listOfVatClasses Seznam tříd DPH řazeno dle Sazba&quot; @api @smoke @medium @vat @sort" classname="Smoke\Gets_api.spec.ts" time="0.85" id="TC-169"/>
    <testcase name="API Smoke Tests - GET Endpoints › Authenticated GETs from JSON › TC-170: Endpoint &quot;GET /reports-api/listOfVatClasses Seznam tříd DPH řazeno dle Začátek platnosti&quot; @api @smoke @medium @vat @sort" classname="Smoke\Gets_api.spec.ts" time="0.751" id="TC-170"/>
    <testcase name="API Smoke Tests - GET Endpoints › Authenticated GETs from JSON › TC-171: Endpoint &quot;GET /reports-api/listOfVatClasses Seznam tříd DPH řazeno dle Poslední změny&quot; @api @smoke @medium @vat @sort" classname="Smoke\Gets_api.spec.ts" time="0.681" id="TC-171"/>
    <testcase name="API Smoke Tests - GET Endpoints › Authenticated GETs from JSON › TC-172: Endpoint &quot;GET /reports-api/listOfVatClasses Seznam tříd DPH řazeno dle Operátor&quot; @api @smoke @medium @vat @sort" classname="Smoke\Gets_api.spec.ts" time="0.801" id="TC-172"/>
    <testcase name="API Smoke Tests - GET Endpoints › Authenticated GETs from JSON › TC-167: Endpoint &quot;GET /reports-api/listOfCtClasses Seznam tříd spotřebních daní (základní)&quot; @api @smoke @high @ctclasses @list" classname="Smoke\Gets_api.spec.ts" time="0.948" id="TC-167"/>
    <testcase name="API Smoke Tests - GET Endpoints › Authenticated GETs from JSON › TC-168: Endpoint &quot;GET /reports-api/listOfCtClasses Seznam tříd spotřebních daní řazeno dle ID&quot; @api @smoke @medium @ctclasses @sort" classname="Smoke\Gets_api.spec.ts" time="0.88" id="TC-168"/>
    <testcase name="API Smoke Tests - GET Endpoints › Authenticated GETs from JSON › TC-169: Endpoint &quot;GET /reports-api/listOfCtClasses Seznam tříd spotřebních daní řazeno dle Třída&quot; @api @smoke @medium @ctclasses @sort" classname="Smoke\Gets_api.spec.ts" time="0.755" id="TC-169"/>
    <testcase name="API Smoke Tests - GET Endpoints › Authenticated GETs from JSON › TC-170: Endpoint &quot;GET /reports-api/listOfCtClasses Seznam tříd spotřebních daní řazeno dle Sazba [kč]&quot; @api @smoke @medium @ctclasses @sort" classname="Smoke\Gets_api.spec.ts" time="0.784" id="TC-170"/>
    <testcase name="API Smoke Tests - GET Endpoints › Authenticated GETs from JSON › TC-171: Endpoint &quot;GET /reports-api/listOfCtClasses Seznam tříd spotřebních daní řazeno dle Nomenklatura&quot; @api @smoke @medium @ctclasses @sort" classname="Smoke\Gets_api.spec.ts" time="1.041" id="TC-171"/>
    <testcase name="API Smoke Tests - GET Endpoints › Authenticated GETs from JSON › TC-172: Endpoint &quot;GET /reports-api/listOfCtClasses Seznam tříd spotřebních daní řazeno dle Začátek platnosti&quot; @api @smoke @medium @ctclasses @sort" classname="Smoke\Gets_api.spec.ts" time="0.779" id="TC-172"/>
    <testcase name="API Smoke Tests - GET Endpoints › Authenticated GETs from JSON › TC-173: Endpoint &quot;GET /reports-api/listOfCtClasses Seznam tříd spotřebních daní řazeno dle Poslední změny&quot; @api @smoke @medium @ctclasses @sort" classname="Smoke\Gets_api.spec.ts" time="0.686" id="TC-173"/>
    <testcase name="API Smoke Tests - GET Endpoints › Authenticated GETs from JSON › TC-174: Endpoint &quot;GET /reports-api/listOfCtClasses Seznam tříd spotřebních daní řazeno dle Operátor&quot; @api @smoke @medium @ctclasses @sort" classname="Smoke\Gets_api.spec.ts" time="0.82" id="TC-174"/>
    <testcase name="API Smoke Tests - GET Endpoints › Authenticated GETs from JSON › TC-175: Endpoint &quot;GET /administration-api/listOfCardDefinitions Seznam definic karet (základní)&quot; @api @smoke @high @cards @list" classname="Smoke\Gets_api.spec.ts" time="0.789" id="TC-175"/>
    <testcase name="API Smoke Tests - GET Endpoints › Authenticated GETs from JSON › TC-176: Endpoint &quot;GET /administration-api/listOfCardDefinitions Seznam definic karet řazeno dle ISO karty&quot; @api @smoke @medium @cards @sort" classname="Smoke\Gets_api.spec.ts" time="0.689" id="TC-176"/>
    <testcase name="API Smoke Tests - GET Endpoints › Authenticated GETs from JSON › TC-177: Endpoint &quot;GET /administration-api/listOfCardDefinitions Seznam definic karet řazeno dle Název karty&quot; @api @smoke @medium @cards @sort" classname="Smoke\Gets_api.spec.ts" time="0.753" id="TC-177"/>
    <testcase name="API Smoke Tests - GET Endpoints › Authenticated GETs from JSON › TC-178: Endpoint &quot;GET /administration-api/listOfCardDefinitions Seznam definic karet řazeno dle Typ vydavatele karet&quot; @api @smoke @medium @cards @sort" classname="Smoke\Gets_api.spec.ts" time="0.757" id="TC-178"/>
    <testcase name="API Smoke Tests - GET Endpoints › Authenticated GETs from JSON › TC-179: Endpoint &quot;GET /administration-api/listOfCardDefinitions Seznam definic karet řazeno dle Začátek platnosti&quot; @api @smoke @medium @cards @sort" classname="Smoke\Gets_api.spec.ts" time="0.678" id="TC-179"/>
    <testcase name="API Smoke Tests - GET Endpoints › Authenticated GETs from JSON › TC-180: Endpoint &quot;GET /administration-api/listOfCardDefinitions Seznam definic karet řazeno dle Konec platnosti&quot; @api @smoke @medium @cards @sort" classname="Smoke\Gets_api.spec.ts" time="0.82" id="TC-180"/>
    <testcase name="API Smoke Tests - GET Endpoints › Authenticated GETs from JSON › TC-181: Endpoint &quot;GET /administration-api/listOfCardDefinitions Seznam definic karet řazeno dle Poslední změny&quot; @api @smoke @medium @cards @sort" classname="Smoke\Gets_api.spec.ts" time="0.832" id="TC-181"/>
    <testcase name="API Smoke Tests - GET Endpoints › Authenticated GETs from JSON › TC-182: Endpoint &quot;GET /reports-api/listOfCardIssuers Seznam vydavatelů karet řazeno dle ID&quot; @api @smoke @medium @cards @sort" classname="Smoke\Gets_api.spec.ts" time="0.702" id="TC-182"/>
    <testcase name="API Smoke Tests - GET Endpoints › Authenticated GETs from JSON › TC-183: Endpoint &quot;GET /reports-api/listOfCardIssuers Seznam vydavatelů karet řazeno dle Název vydavatele&quot; @api @smoke @medium @cards @sort" classname="Smoke\Gets_api.spec.ts" time="0.724" id="TC-183"/>
    <testcase name="API Smoke Tests - GET Endpoints › Authenticated GETs from JSON › TC-184: Endpoint &quot;GET /reports-api/listOfCardIssuers Seznam vydavatelů karet řazeno dle Typ vydavatele&quot; @api @smoke @medium @cards @sort" classname="Smoke\Gets_api.spec.ts" time="0.77" id="TC-184"/>
    <testcase name="API Smoke Tests - GET Endpoints › Authenticated GETs from JSON › TC-185: Endpoint &quot;GET /reports-api/listOfCardIssuers Seznam vydavatelů karet řazeno dle Číselník skupin&quot; @api @smoke @medium @cards @sort" classname="Smoke\Gets_api.spec.ts" time="0.71" id="TC-185"/>
    <testcase name="API Smoke Tests - GET Endpoints › Authenticated GETs from JSON › TC-186: Endpoint &quot;GET /reports-api/listOfCardIssuers Seznam vydavatelů karet řazeno dle Poslední změny&quot; @api @smoke @medium @cards @sort" classname="Smoke\Gets_api.spec.ts" time="0.73" id="TC-186"/>
    <testcase name="API Smoke Tests - GET Endpoints › Authenticated GETs from JSON › TC-187: Endpoint &quot;GET /reports-api/listOfCardIssuers Seznam vydavatelů karet řazeno dle Operátor&quot; @api @smoke @medium @cards @sort" classname="Smoke\Gets_api.spec.ts" time="0.756" id="TC-187"/>
    <testcase name="API Smoke Tests - GET Endpoints › Authenticated GETs from JSON › TC-189: Endpoint &quot;GET /reports-api/listOfForeignStocksCCS Správa konkurenčních obchodních míst - CCS řazeno dle Konkurenční obchodní místo&quot; @api @smoke @medium @foreignstocks @sort" classname="Smoke\Gets_api.spec.ts" time="0.917" id="TC-189"/>
    <testcase name="API Smoke Tests - GET Endpoints › Authenticated GETs from JSON › TC-190: Endpoint &quot;GET /reports-api/listOfForeignStocksCCS Správa konkurenčních obchodních míst - CCS řazeno dle Město&quot; @api @smoke @medium @foreignstocks @sort" classname="Smoke\Gets_api.spec.ts" time="0.848" id="TC-190"/>
    <testcase name="API Smoke Tests - GET Endpoints › Authenticated GETs from JSON › TC-191: Endpoint &quot;GET /reports-api/listOfForeignStocksCCS Správa konkurenčních obchodních míst - CCS řazeno dle Ulice&quot; @api @smoke @medium @foreignstocks @sort" classname="Smoke\Gets_api.spec.ts" time="0.969" id="TC-191"/>
    <testcase name="API Smoke Tests - GET Endpoints › Authenticated GETs from JSON › TC-192: Endpoint &quot;GET /reports-api/listOfForeignStocksCCS Správa konkurenčních obchodních míst - CCS řazeno dle Okres&quot; @api @smoke @medium @foreignstocks @sort" classname="Smoke\Gets_api.spec.ts" time="0.983" id="TC-192"/>
    <testcase name="API Smoke Tests - GET Endpoints › Authenticated GETs from JSON › TC-193: Endpoint &quot;GET /reports-api/listOfForeignStocksCCS Správa konkurenčních obchodních míst - CCS řazeno dle Země&quot; @api @smoke @medium @foreignstocks @sort" classname="Smoke\Gets_api.spec.ts" time="1.081" id="TC-193"/>
    <testcase name="API Smoke Tests - GET Endpoints › Authenticated GETs from JSON › TC-194: Endpoint &quot;GET /reports-api/listOfForeignStocksCCS Správa konkurenčních obchodních míst - CCS řazeno dle Poslední změny&quot; @api @smoke @medium @foreignstocks @sort" classname="Smoke\Gets_api.spec.ts" time="1.031" id="TC-194"/>
    <testcase name="API Smoke Tests - GET Endpoints › Authenticated GETs from JSON › TC-195: Endpoint &quot;GET /reports-api/listOfForeignStocksCCS Správa konkurenčních obchodních míst - CCS řazeno dle Operátor&quot; @api @smoke @medium @foreignstocks @sort" classname="Smoke\Gets_api.spec.ts" time="0.947" id="TC-195"/>
    <testcase name="API Smoke Tests - GET Endpoints › Authenticated GETs from JSON › TC-196: Endpoint &quot;GET /reports-api/listOfCurrencyRates Seznam centrálních kurzů (základní)&quot; @api @smoke @high @currency @list" classname="Smoke\Gets_api.spec.ts" time="0.755" id="TC-196"/>
    <testcase name="API Smoke Tests - GET Endpoints › Authenticated GETs from JSON › TC-197: Endpoint &quot;GET /reports-api/listOfCurrencyRates Seznam centrálních kurzů řazeno dle Začátek platnosti&quot; @api @smoke @medium @currency @sort" classname="Smoke\Gets_api.spec.ts" time="0.717" id="TC-197"/>
    <testcase name="API Smoke Tests - GET Endpoints › Authenticated GETs from JSON › TC-198: Endpoint &quot;GET /reports-api/listOfCurrencyRates Seznam centrálních kurzů řazeno dle Operátor&quot; @api @smoke @medium @currency @sort" classname="Smoke\Gets_api.spec.ts" time="0.766" id="TC-198"/>
    <testcase name="API Smoke Tests - GET Endpoints › Authenticated GETs from JSON › TC-199: Endpoint &quot;GET /administration-api/stockCardsGroupsCentral Seznam centrálních skupin zboží (základní)&quot; @api @smoke @high @groups @list" classname="Smoke\Gets_api.spec.ts" time="0.946" id="TC-199"/>
    <testcase name="API Smoke Tests - GET Endpoints › Authenticated GETs from JSON › TC-200: Endpoint &quot;GET /administration-api/stockCardsGroupsCentral Seznam centrálních skupin zboží řazeno dle Číslo&quot; @api @smoke @medium @groups @sort" classname="Smoke\Gets_api.spec.ts" time="0.91" id="TC-200"/>
    <testcase name="API Smoke Tests - GET Endpoints › Authenticated GETs from JSON › TC-201: Endpoint &quot;GET /administration-api/stockCardsGroupsCentral Seznam centrálních skupin zboží řazeno dle Název&quot; @api @smoke @medium @groups @sort" classname="Smoke\Gets_api.spec.ts" time="0.908" id="TC-201"/>
    <testcase name="API Smoke Tests - GET Endpoints › Authenticated GETs from JSON › TC-202: Endpoint &quot;GET /administration-api/stockCardsGroupsCentral Seznam centrálních skupin zboží řazeno dle Začátek platnosti&quot; @api @smoke @medium @groups @sort" classname="Smoke\Gets_api.spec.ts" time="0.71" id="TC-202"/>
    <testcase name="API Smoke Tests - GET Endpoints › Authenticated GETs from JSON › TC-203: Endpoint &quot;GET /administration-api/stockCardsGroupsCentral Seznam centrálních skupin zboží řazeno dle Poslední změny&quot; @api @smoke @medium @groups @sort" classname="Smoke\Gets_api.spec.ts" time="0.86" id="TC-203"/>
    <testcase name="API Smoke Tests - GET Endpoints › Authenticated GETs from JSON › TC-204: Endpoint &quot;GET /administration-api/stockCardsGroupsCentral Seznam centrálních skupin zboží řazeno dle Operátor&quot; @api @smoke @medium @groups @sort" classname="Smoke\Gets_api.spec.ts" time="0.794" id="TC-204"/>
    <testcase name="API Smoke Tests - GET Endpoints › Authenticated GETs from JSON › TC-205: Endpoint &quot;GET /administration-api/fsfeature Seznam Centrálních parametrů systému (základní)&quot; @api @smoke @high @fsfeature @list" classname="Smoke\Gets_api.spec.ts" time="0.818" id="TC-205"/>
    <testcase name="API Smoke Tests - GET Endpoints › Authenticated GETs from JSON › TC-206: Endpoint &quot;GET /administration-api/fsfeature Seznam Centrálních parametrů systému řazeno dle Skupina&quot; @api @smoke @medium @fsfeature @sort" classname="Smoke\Gets_api.spec.ts" time="0.882" id="TC-206"/>
    <testcase name="API Smoke Tests - GET Endpoints › Authenticated GETs from JSON › TC-207: Endpoint &quot;GET /administration-api/fsfeature Seznam Centrálních parametrů systému řazeno dle Jméno parametru&quot; @api @smoke @medium @fsfeature @sort" classname="Smoke\Gets_api.spec.ts" time="0.862" id="TC-207"/>
    <testcase name="API Smoke Tests - GET Endpoints › Authenticated GETs from JSON › TC-208: Endpoint &quot;GET /administration-api/fsfeature Seznam Centrálních parametrů systému řazeno dle Platnost&quot; @api @smoke @medium @fsfeature @sort" classname="Smoke\Gets_api.spec.ts" time="0.863" id="TC-208"/>
    <testcase name="API Smoke Tests - GET Endpoints › Authenticated GETs from JSON › TC-209: Endpoint &quot;GET /administration-api/fsfeature Seznam Centrálních parametrů systému řazeno dle Poslední změny&quot; @api @smoke @medium @fsfeature @sort" classname="Smoke\Gets_api.spec.ts" time="0.727" id="TC-209"/>
    <testcase name="API Smoke Tests - GET Endpoints › Authenticated GETs from JSON › TC-210: Endpoint &quot;GET /administration-api/fsfeature Seznam Centrálních parametrů systému řazeno dle Operátor&quot; @api @smoke @medium @fsfeature @sort" classname="Smoke\Gets_api.spec.ts" time="0.827" id="TC-210"/>
  </testsuite>
</testsuites>