<testsuites id="" name="" tests="58" failures="0" skipped="0" errors="0" time="40.01969100000001">
  <testsuite name="Smoke\Smoke_All_Gets_api.spec.ts" timestamp="2025-11-11T11:43:41.279Z" hostname="API" tests="58" failures="0" skipped="0" time="38.518" errors="0">
    <testcase name="API Smoke Tests - GET Endpoints › Authenticated GETs from JSON › TC-001: Endpoint &quot;/administration-api/StockCardsSupergroupsLocal/ - Seznam lokálních nadskupin zboží řazení podle Operátora&quot; @api @smoke @medium @supergroupsLocal @sort" classname="Smoke\Smoke_All_Gets_api.spec.ts" time="0.675" id="TC-001"/>
    <testcase name="API Smoke Tests - GET Endpoints › Authenticated GETs from JSON › TC-003: Endpoint &quot;/reports-api/listOfUsersReports/ - Seznam uživatelských sestav řazení podle názvu&quot; @api @smoke @medium @reports @sort" classname="Smoke\Smoke_All_Gets_api.spec.ts" time="0.649" id="TC-003"/>
    <testcase name="API Smoke Tests - GET Endpoints › Authenticated GETs from JSON › TC-004: Endpoint &quot;/reports-api/listOfUsersReports/ - Seznam uživatelských sestav řazení podle Čísla sestavy&quot; @api @smoke @medium @reports @sort" classname="Smoke\Smoke_All_Gets_api.spec.ts" time="0.931" id="TC-004"/>
    <testcase name="API Smoke Tests - GET Endpoints › Authenticated GETs from JSON › TC-005: Endpoint &quot;/reports-api/listOfUsersReports/ - Seznam uživatelských sestav řazení podle Typu sestavy&quot; @api @smoke @medium @reports @sort" classname="Smoke\Smoke_All_Gets_api.spec.ts" time="0.663" id="TC-005"/>
    <testcase name="API Smoke Tests - GET Endpoints › Authenticated GETs from JSON › TC-006: Endpoint &quot;/reports-api/listOfUsersReports/ - Seznam uživatelských sestav řazení podle Poslední změny&quot; @api @smoke @medium @reports @sort" classname="Smoke\Smoke_All_Gets_api.spec.ts" time="0.658" id="TC-006"/>
    <testcase name="API Smoke Tests - GET Endpoints › Authenticated GETs from JSON › TC-007: Endpoint &quot;/reports-api/listOfUsersReports/ - Seznam uživatelských sestav řazení podle Operátora&quot; @api @smoke @medium @reports @sort" classname="Smoke\Smoke_All_Gets_api.spec.ts" time="0.866" id="TC-007"/>
    <testcase name="API Smoke Tests - GET Endpoints › Authenticated GETs from JSON › TC-008: Endpoint &quot;/reports-api/listOfStockCards/ - Seznam skladových karet řazení podle názvu&quot; @api @smoke @medium stockCards @sort" classname="Smoke\Smoke_All_Gets_api.spec.ts" time="0.694" id="TC-008"/>
    <testcase name="API Smoke Tests - GET Endpoints › Authenticated GETs from JSON › TC-009: Endpoint &quot;/reports-api/listOfStockCards/ - Seznam skladových karet řaazení podle Druhu zboží&quot; @api @smoke @medium stockCards @sort" classname="Smoke\Smoke_All_Gets_api.spec.ts" time="0.699" id="TC-009"/>
    <testcase name="API Smoke Tests - GET Endpoints › Authenticated GETs from JSON › TC-010: Endpoint &quot;/reports-api/listOfStockCards/ - Seznam skladových karet řaazení podle Centrální skupny&quot; @api @smoke @medium stockCards @sort" classname="Smoke\Smoke_All_Gets_api.spec.ts" time="0.673" id="TC-010"/>
    <testcase name="API Smoke Tests - GET Endpoints › Authenticated GETs from JSON › TC-011: Endpoint &quot;/reports-api/listOfStockCards/ - Seznam skladových karet řaazení podle Centrální kategorie&quot; @api @smoke @medium stockCards @sort" classname="Smoke\Smoke_All_Gets_api.spec.ts" time="0.685" id="TC-011"/>
    <testcase name="API Smoke Tests - GET Endpoints › Authenticated GETs from JSON › TC-012: Endpoint &quot;/reports-api/listOfStockCards/ - Seznam skladových karet řaazení podle Lokální skupiny&quot; @api @smoke @medium stockCards @sort" classname="Smoke\Smoke_All_Gets_api.spec.ts" time="0.711" id="TC-012"/>
    <testcase name="API Smoke Tests - GET Endpoints › Authenticated GETs from JSON › TC-013: Endpoint &quot;GET /reports-api/listOfStocks Obchodní místo řazení podle id&quot; @api @smoke @medium stocks @sort" classname="Smoke\Smoke_All_Gets_api.spec.ts" time="0.655" id="TC-013"/>
    <testcase name="API Smoke Tests - GET Endpoints › Authenticated GETs from JSON › TC-014: Endpoint &quot;GET /reports-api/listOfStocks Obchodní místo řazení podle Názvu&quot; @api @smoke @medium stocks @sort" classname="Smoke\Smoke_All_Gets_api.spec.ts" time="0.666" id="TC-014"/>
    <testcase name="API Smoke Tests - GET Endpoints › Authenticated GETs from JSON › TC-015: Endpoint &quot;GET /reports-api/listOfStocks Obchodní místo řazení podle Ulice&quot; @api @smoke @medium stocks @sort" classname="Smoke\Smoke_All_Gets_api.spec.ts" time="0.645" id="TC-015"/>
    <testcase name="API Smoke Tests - GET Endpoints › Authenticated GETs from JSON › TC-016: Endpoint &quot;GET /reports-api/listOfStocks Obchodní místo řazení podle Města&quot; @api @smoke @medium stocks @sort" classname="Smoke\Smoke_All_Gets_api.spec.ts" time="0.66" id="TC-016"/>
    <testcase name="API Smoke Tests - GET Endpoints › Authenticated GETs from JSON › TC-017: Endpoint &quot;GET /reports-api/listOfStocks Obchodní místo řazení podle PSČ&quot; @api @smoke @medium stocks @sort" classname="Smoke\Smoke_All_Gets_api.spec.ts" time="0.646" id="TC-017"/>
    <testcase name="API Smoke Tests - GET Endpoints › Authenticated GETs from JSON › TC-018: Endpoint &quot;GET /reports-api/listOfStocks Obchodní místo řazení podle Provozovatele ČS&quot; @api @smoke @medium stocks @sort" classname="Smoke\Smoke_All_Gets_api.spec.ts" time="0.656" id="TC-018"/>
    <testcase name="API Smoke Tests - GET Endpoints › Authenticated GETs from JSON › TC-019: Endpoint &quot;GET /reports-api/listOfStocks Obchodní místo řazení podle Poslední změny&quot; @api @smoke @medium stocks @sort" classname="Smoke\Smoke_All_Gets_api.spec.ts" time="0.661" id="TC-019"/>
    <testcase name="API Smoke Tests - GET Endpoints › Authenticated GETs from JSON › TC-020: Endpoint &quot;GET /reports-api/listOfStocks Obchodní místo řazení podle Kurzu Operátora&quot; @api @smoke @medium stocks @sort" classname="Smoke\Smoke_All_Gets_api.spec.ts" time="0.664" id="TC-020"/>
    <testcase name="API Smoke Tests - GET Endpoints › Authenticated GETs from JSON › TC-071: Endpoint &quot;GET /reports-api/listOfPartners Seznam partnerů řazení podle názvu partnera&quot; @api @smoke @high @sort @partners" classname="Smoke\Smoke_All_Gets_api.spec.ts" time="0.647" id="TC-071"/>
    <testcase name="API Smoke Tests - GET Endpoints › Authenticated GETs from JSON › TC-072: Endpoint &quot;GET /reports-api/listOfPartners Seznam partnerů řazení podle IČO&quot; @api @smoke @high @sort @partners" classname="Smoke\Smoke_All_Gets_api.spec.ts" time="0.657" id="TC-072"/>
    <testcase name="API Smoke Tests - GET Endpoints › Authenticated GETs from JSON › TC-073: Endpoint &quot;GET /reports-api/listOfPartners Seznam partnerů řazení podle názvu DIČ&quot; @api @smoke @high @sort @partners" classname="Smoke\Smoke_All_Gets_api.spec.ts" time="0.654" id="TC-073"/>
    <testcase name="API Smoke Tests - GET Endpoints › Authenticated GETs from JSON › TC-074: Endpoint &quot;GET /reports-api/listOfPartners Seznam partnerů řazení podle Ulice&quot; @api @smoke @high @sort @partners" classname="Smoke\Smoke_All_Gets_api.spec.ts" time="0.661" id="TC-074"/>
    <testcase name="API Smoke Tests - GET Endpoints › Authenticated GETs from JSON › TC-075: Endpoint &quot;GET /reports-api/listOfPartners Seznam partnerů řazení podle Města&quot; @api @smoke @high @sort @partners" classname="Smoke\Smoke_All_Gets_api.spec.ts" time="0.668" id="TC-075"/>
    <testcase name="API Smoke Tests - GET Endpoints › Authenticated GETs from JSON › TC-076: Endpoint &quot;GET /reports-api/listOfPartners Seznam partnerů řazení podle Poslední změny&quot; @api @smoke @high @sort @partners" classname="Smoke\Smoke_All_Gets_api.spec.ts" time="0.644" id="TC-076"/>
    <testcase name="API Smoke Tests - GET Endpoints › Authenticated GETs from JSON › TC-047: Endpoint &quot;GET /reports-api/listOfLocalCards - Serznam Fleet karet řazeno podle Čísla karty (elektornické karty)&quot; @api @smoke @medium @fleet @sort" classname="Smoke\Smoke_All_Gets_api.spec.ts" time="0.656" id="TC-047"/>
    <testcase name="API Smoke Tests - GET Endpoints › Authenticated GETs from JSON › TC-077: Endpoint &quot;GET /reports-api/listOfLocalCards - Serznam Fleet karet řazeno podle Čísla karty (tištěné)&quot; @api @smoke @medium @fleet @sort" classname="Smoke\Smoke_All_Gets_api.spec.ts" time="0.686" id="TC-077"/>
    <testcase name="API Smoke Tests - GET Endpoints › Authenticated GETs from JSON › TC-078: Endpoint &quot;GET /reports-api/listOfLocalCards - Serznam Fleet karet řazeno podle Typu karty&quot; @api @smoke @medium @fleet @sort" classname="Smoke\Smoke_All_Gets_api.spec.ts" time="0.64" id="TC-078"/>
    <testcase name="API Smoke Tests - GET Endpoints › Authenticated GETs from JSON › TC-079: Endpoint &quot;GET /reports-api/listOfLocalCards - Serznam Fleet karet řazeno podle Poslední změny&quot; @api @smoke @medium @fleet @sort" classname="Smoke\Smoke_All_Gets_api.spec.ts" time="0.672" id="TC-079"/>
    <testcase name="API Smoke Tests - GET Endpoints › Authenticated GETs from JSON › TC-081: Endpoint &quot;GET /reports-api/listOfEuroOilCardRequests - Serznam Přehled žádostí o EuroOil karty řazeno podle id&quot; @api @smoke @medium @eurooil @sort" classname="Smoke\Smoke_All_Gets_api.spec.ts" time="0.666" id="TC-081"/>
    <testcase name="API Smoke Tests - GET Endpoints › Authenticated GETs from JSON › TC-082: Endpoint &quot;GET /reports-api/listOfEuroOilCardRequests - Serznam Přehled žádostí o EuroOil karty řazeno podle Zadáno&quot; @api @smoke @medium @eurooil @sort" classname="Smoke\Smoke_All_Gets_api.spec.ts" time="0.685" id="TC-082"/>
    <testcase name="API Smoke Tests - GET Endpoints › Authenticated GETs from JSON › TC-083: Endpoint &quot;GET /reports-api/listOfEuroOilCardRequests - Serznam Přehled žádostí o EuroOil karty řazeno podle Telefonu&quot; @api @smoke @medium @eurooil @sort" classname="Smoke\Smoke_All_Gets_api.spec.ts" time="0.663" id="TC-083"/>
    <testcase name="API Smoke Tests - GET Endpoints › Authenticated GETs from JSON › TC-084: Endpoint &quot;GET /reports-api/listOfEuroOilCardRequests - Serznam Přehled žádostí o EuroOil karty řazeno podle emailu&quot; @api @smoke @medium @eurooil @sort" classname="Smoke\Smoke_All_Gets_api.spec.ts" time="0.644" id="TC-084"/>
    <testcase name="API Smoke Tests - GET Endpoints › Authenticated GETs from JSON › TC-085: Endpoint &quot;GET /reports-api/listOfEuroOilCardRequests - Serznam Přehled žádostí o EuroOil karty řazeno podle města&quot; @api @smoke @medium @eurooil @sort" classname="Smoke\Smoke_All_Gets_api.spec.ts" time="0.651" id="TC-085"/>
    <testcase name="API Smoke Tests - GET Endpoints › Authenticated GETs from JSON › TC-086: Endpoint &quot;GET /reports-api/listOfEuroOilCardRequests - Serznam Přehled žádostí o EuroOil karty řazeno podle Měsíční odběr CZK&quot; @api @smoke @medium @eurooil @sort" classname="Smoke\Smoke_All_Gets_api.spec.ts" time="0.653" id="TC-086"/>
    <testcase name="API Smoke Tests - GET Endpoints › Authenticated GETs from JSON › TC-087: Endpoint &quot;GET /reports-api/listOfEuroOilCardRequests - Serznam Přehled žádostí o EuroOil karty řazeno podle Operátora&quot; @api @smoke @medium @eurooil @sort" classname="Smoke\Smoke_All_Gets_api.spec.ts" time="0.624" id="TC-087"/>
    <testcase name="API Smoke Tests - GET Endpoints › Authenticated GETs from JSON › TC-088: Endpoint &quot;GET /reports-api/listOfBonusClasses Seznam přehledu slev a poplatků řazeno podle id&quot; @api @smoke @medium @bonuses @sort" classname="Smoke\Smoke_All_Gets_api.spec.ts" time="0.669" id="TC-088"/>
    <testcase name="API Smoke Tests - GET Endpoints › Authenticated GETs from JSON › TC-089: Endpoint &quot;GET /reports-api/listOfBonusClasses Seznam přehledu slev a poplatků řazeno podle Názvu slevy/poplatku&quot; @api @smoke @medium @bonuses @sort" classname="Smoke\Smoke_All_Gets_api.spec.ts" time="0.633" id="TC-089"/>
    <testcase name="API Smoke Tests - GET Endpoints › Authenticated GETs from JSON › TC-090: Endpoint &quot;GET /reports-api/listOfBonusClasses Seznam přehledu slev a poplatků řazeno podle Začátku platnosti&quot; @api @smoke @medium @bonuses @sort" classname="Smoke\Smoke_All_Gets_api.spec.ts" time="0.642" id="TC-090"/>
    <testcase name="API Smoke Tests - GET Endpoints › Authenticated GETs from JSON › TC-091: Endpoint &quot;GET /reports-api/listOfBonusClasses Seznam přehledu slev a poplatků řazeno podle Začátku platnosti&quot; @api @smoke @medium @bonuses @sort" classname="Smoke\Smoke_All_Gets_api.spec.ts" time="0.645" id="TC-091"/>
    <testcase name="API Smoke Tests - GET Endpoints › Authenticated GETs from JSON › TC-092: Endpoint &quot;GET /reports-api/listOfBonusClasses Seznam přehledu slev a poplatků řazeno podle Poslední změny&quot; @api @smoke @medium @bonuses @sort" classname="Smoke\Smoke_All_Gets_api.spec.ts" time="0.627" id="TC-092"/>
    <testcase name="API Smoke Tests - GET Endpoints › Authenticated GETs from JSON › TC-093: Endpoint &quot;GET /reports-api/listOfBonusClasses Seznam přehledu slev a poplatků řazeno podle Začátku platnosti&quot; @api @smoke @medium @bonuses @sort" classname="Smoke\Smoke_All_Gets_api.spec.ts" time="0.633" id="TC-093"/>
    <testcase name="API Smoke Tests - GET Endpoints › Authenticated GETs from JSON › TC-094: Endpoint &quot;GET /reports-api/listOfBonusClasses Seznam přehledu slev a poplatků řazeno Operátora&quot; @api @smoke @medium @bonuses @sort" classname="Smoke\Smoke_All_Gets_api.spec.ts" time="0.64" id="TC-094"/>
    <testcase name="API Smoke Tests - GET Endpoints › Authenticated GETs from JSON › TC-096: Endpoint &quot;GET /reports-api/listOfReceiptsUdd Seznam Úplněných daňových dokladů řazení podle Typu účtenky&quot; @api @smoke @medium @udd @sort" classname="Smoke\Smoke_All_Gets_api.spec.ts" time="0.652" id="TC-096"/>
    <testcase name="API Smoke Tests - GET Endpoints › Authenticated GETs from JSON › TC-097: Endpoint &quot;GET /reports-api/listOfReceiptsUdd Seznam Úplněných daňových dokladů řazení podle IČO&quot; @api @smoke @medium @udd @sort" classname="Smoke\Smoke_All_Gets_api.spec.ts" time="0.652" id="TC-097"/>
    <testcase name="API Smoke Tests - GET Endpoints › Authenticated GETs from JSON › TC-098: Endpoint &quot;GET /reports-api/listOfReceiptsUdd Seznam Úplněných daňových dokladů řazení podle Čísla dokladu&quot; @api @smoke @medium @udd @sort" classname="Smoke\Smoke_All_Gets_api.spec.ts" time="0.634" id="TC-098"/>
    <testcase name="API Smoke Tests - GET Endpoints › Authenticated GETs from JSON › TC-099: Endpoint &quot;GET /reports-api/listOfReceiptsUdd Seznam Úplněných daňových dokladů řazení podle DIČ&quot; @api @smoke @medium @udd @sort" classname="Smoke\Smoke_All_Gets_api.spec.ts" time="0.655" id="TC-099"/>
    <testcase name="API Smoke Tests - GET Endpoints › Authenticated GETs from JSON › TC-100: Endpoint &quot;GET /reports-api/listOfReceiptsUdd Seznam Úplněných daňových dokladů řazení podle Typu účtenky&quot; @api @smoke @medium @udd @sort" classname="Smoke\Smoke_All_Gets_api.spec.ts" time="0.65" id="TC-100"/>
    <testcase name="API Smoke Tests - GET Endpoints › Authenticated GETs from JSON › TC-101: Endpoint &quot;GET /reports-api/listOfReceiptsUdd Seznam Úplněných daňových dokladů řazení podle Jméno zákazníka/Název firmy&quot; @api @smoke @medium @udd @sort" classname="Smoke\Smoke_All_Gets_api.spec.ts" time="0.659" id="TC-101"/>
    <testcase name="API Smoke Tests - GET Endpoints › Authenticated GETs from JSON › TC-102: Endpoint &quot;GET /reports-api/listOfReceiptsUdd Seznam Úplněných daňových dokladů řazení podle Vytvořeno&quot; @api @smoke @medium @udd @sort" classname="Smoke\Smoke_All_Gets_api.spec.ts" time="0.644" id="TC-102"/>
    <testcase name="API Smoke Tests - GET Endpoints › Authenticated GETs from JSON › TC-103: Endpoint &quot;GET /reports-api/listOfReceiptsUdd Seznam Úplněných daňových dokladů řazení podle Vytvořil&quot; @api @smoke @medium @udd @sort" classname="Smoke\Smoke_All_Gets_api.spec.ts" time="0.633" id="TC-103"/>
    <testcase name="API Smoke Tests - GET Endpoints › Authenticated GETs from JSON › TC-104: Endpoint &quot;GET /reports-api/listOfReceiptsUdd Seznam Úplněných daňových dokladů řazení podle Poslední úpravy&quot; @api @smoke @medium @udd @sort" classname="Smoke\Smoke_All_Gets_api.spec.ts" time="0.643" id="TC-104"/>
    <testcase name="API Smoke Tests - GET Endpoints › Authenticated GETs from JSON › TC-105: Endpoint &quot;GET /reports-api/listOfReceiptsUdd Seznam Úplněných daňových dokladů řazení podle Upravil&quot; @api @smoke @medium @udd @sort" classname="Smoke\Smoke_All_Gets_api.spec.ts" time="0.636" id="TC-105"/>
    <testcase name="API Smoke Tests - GET Endpoints › Authenticated GETs from JSON › TC-106: Endpoint &quot;GET /reports-api/listOfReceiptsUdd Seznam Úplněných daňových dokladů řazení podle výtisků&quot; @api @smoke @medium @udd @sort" classname="Smoke\Smoke_All_Gets_api.spec.ts" time="0.64" id="TC-106"/>
    <testcase name="API Smoke Tests - GET Endpoints › Authenticated GETs from JSON › TC-107: Endpoint &quot;GET /reports-api/listOfReceiptsUdd Seznam Úplněných daňových dokladů řazení podle Naposledy vytisknuto&quot; @api @smoke @medium @udd @sort" classname="Smoke\Smoke_All_Gets_api.spec.ts" time="0.662" id="TC-107"/>
    <testcase name="API Smoke Tests - GET Endpoints › Authenticated GETs from JSON › TC-108: Endpoint &quot;GET /reports-api/listOfReceiptsUdd Seznam Úplněných daňových dokladů řazení podle Vytiskl&quot; @api @smoke @medium @udd @sort" classname="Smoke\Smoke_All_Gets_api.spec.ts" time="0.646" id="TC-108"/>
    <testcase name="API Smoke Tests - GET Endpoints › Authenticated GETs from JSON › TC-109: Endpoint &quot;GET /reports-api/listOfReceiptsUdd Seznam Úplněných daňových dokladů řazení podle Stornováno&quot; @api @smoke @medium @udd @sort" classname="Smoke\Smoke_All_Gets_api.spec.ts" time="0.657" id="TC-109"/>
    <testcase name="API Smoke Tests - GET Endpoints › Authenticated GETs from JSON › TC-110: Endpoint &quot;GET /reports-api/listOfReceiptsUdd Seznam Úplněných daňových dokladů řazení podle Stornoval&quot; @api @smoke @medium @udd @sort" classname="Smoke\Smoke_All_Gets_api.spec.ts" time="0.638" id="TC-110"/>
  </testsuite>
</testsuites>