<testsuites id="" name="" tests="1" failures="1" skipped="0" errors="0" time="2.320259">
  <testsuite name="Regrese\Doklady\Prijemky_Vydejky\Prijemky.spec.ts" timestamp="2025-12-07T11:35:17.734Z" hostname="API" tests="1" failures="1" skipped="0" time="1.149" errors="0">
    <testcase name="TC_GDN_001: Regresní test životního cyklu příjemky (Goods Delivery Note) ...  @regression @api @delivery_note @high @test" classname="Regrese\Doklady\Prijemky_Vydejky\Prijemky.spec.ts" time="1.149">
      <failure message="Prijemky.spec.ts:251:9 TC_GDN_001: Regresní test životního cyklu příjemky (Goods Delivery Note) ...  @regression @api @delivery_note @high @test" type="FAILURE"><![CDATA[  [API] › Regrese\Doklady\Prijemky_Vydejky\Prijemky.spec.ts:251:9 › TC_GDN_001: Regresní test životního cyklu příjemky (Goods Delivery Note) ...  @regression @api @delivery_note @high @test › Krok: Ověření příjemky GET reports-api/listOfGoodsDeliveryNotes 

    Error: Příjemka s popisem AutoTest_GDN_1765107319483 nebyla nalezena.

      127 |                  expect(exists, "Příjemka s ID z vytvoření nebyla nalezena v seznamu.").toBeTruthy();
      128 |             } else {
    > 129 |                 throw new Error(`Příjemka s popisem ${ctx.uniqueDescription} nebyla nalezena.`);
          |                       ^
      130 |             }
      131 |         }
      132 |     });
        at C:\Users\novakma\Testy_CBOS\tests\Regrese\Doklady\Prijemky_Vydejky\Prijemky.spec.ts:129:23
        at verifyDeliveryNoteList (C:\Users\novakma\Testy_CBOS\tests\Regrese\Doklady\Prijemky_Vydejky\Prijemky.spec.ts:102:5)
        at C:\Users\novakma\Testy_CBOS\tests\Regrese\Doklady\Prijemky_Vydejky\Prijemky.spec.ts:275:17
]]></failure>
      <system-out><![CDATA[2025[0m[0m-12[0m[0m-07[0m[0m 11[0m[0m:35[0m[0m:18[0m[0m.656[0m[0m [97m[1mTRACE[22m[39m[0m[0m [[37m\support\fixtures\auth.fixture.ts:23[39m[0m[0m]FIXTURE 'authToken': Budu vytvářet nový request kontext...
2025[0m[0m-12[0m[0m-07[0m[0m 11[0m[0m:35[0m[0m:18[0m[0m.666[0m[0m [97m[1mTRACE[22m[39m[0m[0m [[37m\support\fixtures\auth.fixture.ts:25[39m[0m[0m]FIXTURE 'authToken': Request kontext vytvořen.
2025[0m[0m-12[0m[0m-07[0m[0m 11[0m[0m:35[0m[0m:18[0m[0m.667[0m[0m [97m[1mTRACE[22m[39m[0m[0m [[37m\support\fixtures\auth.fixture.ts:27[39m[0m[0m]Definuji loginPayload pro přihlášení...
2025[0m[0m-12[0m[0m-07[0m[0m 11[0m[0m:35[0m[0m:18[0m[0m.669[0m[0m [97m[1mTRACE[22m[39m[0m[0m [[37m\support\fixtures\auth.fixture.ts:32[39m[0m[0m]Přihlašovací údaji: {"operator":"TESTING_AUTOMAT","password":"1"}
2025[0m[0m-12[0m[0m-07[0m[0m 11[0m[0m:35[0m[0m:18[0m[0m.670[0m[0m [97m[1mTRACE[22m[39m[0m[0m [[37m\support\fixtures\auth.fixture.ts:34[39m[0m[0m]FIXTURE 'authToken': Kóduji přihlašovací údaje do Base64...
2025[0m[0m-12[0m[0m-07[0m[0m 11[0m[0m:35[0m[0m:18[0m[0m.671[0m[0m [97m[1mTRACE[22m[39m[0m[0m [[37m\support\fixtures\auth.fixture.ts:38[39m[0m[0m]FIXTURE 'authToken': Odesílám POST požadavek na 'http://192.168.130.239:8180/auth-api/user/authorization' s Base64... 
2025[0m[0m-12[0m[0m-07[0m[0m 11[0m[0m:35[0m[0m:19[0m[0m.441[0m[0m [97m[1mTRACE[22m[39m[0m[0m [[37m\support\fixtures\auth.fixture.ts:43[39m[0m[0m]FIXTURE 'authToken': Odpověď přijata se statusem 201.
2025[0m[0m-12[0m[0m-07[0m[0m 11[0m[0m:35[0m[0m:19[0m[0m.445[0m[0m [32m[1mDEBUG[22m[39m[0m[0m [[37m\support\fixtures\auth.fixture.ts:45[39m[0m[0m]FIXTURE 'authToken': Kontroluji, zda je odpověď OK (status 2xx)...
2025[0m[0m-12[0m[0m-07[0m[0m 11[0m[0m:35[0m[0m:19[0m[0m.451[0m[0m [97m[1mTRACE[22m[39m[0m[0m [[37m\support\fixtures\auth.fixture.ts:62[39m[0m[0m]FIXTURE 'authToken': Získávám 'accessToken' z JSON odpovědi.
2025[0m[0m-12[0m[0m-07[0m[0m 11[0m[0m:35[0m[0m:19[0m[0m.462[0m[0m [97m[1mTRACE[22m[39m[0m[0m [[37m\support\fixtures\auth.fixture.ts:66[39m[0m[0m]FIXTURE 'authToken': Volám 'use(token)' a předávám token dál...
2025[0m[0m-12[0m[0m-07[0m[0m 11[0m[0m:35[0m[0m:19[0m[0m.467[0m[0m [97m[1mTRACE[22m[39m[0m[0m [[37m\support\fixtures\auth.fixture.ts:95[39m[0m[0m]FIXTURE 'apiClient': Budu vytvářet novou instanci ApiClient s poskytnutým tokenem.
2025[0m[0m-12[0m[0m-07[0m[0m 11[0m[0m:35[0m[0m:19[0m[0m.471[0m[0m [97m[1mTRACE[22m[39m[0m[0m [[37m\support\fixtures\auth.fixture.ts:98[39m[0m[0m]FIXTURE 'apiClient': Instance ApiClient byla úspěšně vytvořena.
2025[0m[0m-12[0m[0m-07[0m[0m 11[0m[0m:35[0m[0m:19[0m[0m.475[0m[0m [97m[1mTRACE[22m[39m[0m[0m [[37m\support\fixtures\auth.fixture.ts:100[39m[0m[0m]FIXTURE 'apiClient': Volám 'use(client)' a předávám hotového klienta testu...
2025[0m[0m-12[0m[0m-07[0m[0m 11[0m[0m:35[0m[0m:19[0m[0m.481[0m[0m [34m[1mINFO[22m[39m[0m[0m [[37m\tests\Regrese\Doklady\Prijemky_Vydejky\Prijemky.spec.ts:252[39m[0m[0m]Spouštím test: TC_GDN_001
2025[0m[0m-12[0m[0m-07[0m[0m 11[0m[0m:35[0m[0m:19[0m[0m.487[0m[0m [32m[1mDEBUG[22m[39m[0m[0m [[37m\tests\Regrese\Doklady\Prijemky_Vydejky\Prijemky.spec.ts:84[39m[0m[0m]Vytvářím příjemku: {"stockId":231,"ownerId":8,"accOwner":"60193531","documentType":1,"documentSubType":1,"sign":"+","description":"AutoTest_GDN_1765107319483","deliveryDate":"2025-12-07T11:35:19.487Z","supplierId":8,"supplierName":"Banner Baterie ČR spol.s r.o.","ownerName":"Banner Baterie ČR spol.s r.o."}
2025[0m[0m-12[0m[0m-07[0m[0m 11[0m[0m:35[0m[0m:19[0m[0m.493[0m[0m [97m[1mTRACE[22m[39m[0m[0m [[37m\api\BaseApiClient.ts:76[39m[0m[0m][d060b7f9] ---> POST http://192.168.130.239:8180/documents-api/goodsDeliveryNotes/231 {
  params: [90mundefined[39m,
  data: {
    stockId: [33m231[39m,
    ownerId: [33m8[39m,
    accOwner: [32m'60193531'[39m,
    documentType: [33m1[39m,
    documentSubType: [33m1[39m,
    sign: [32m'+'[39m,
    description: [32m'AutoTest_GDN_1765107319483'[39m,
    deliveryDate: [32m'2025-12-07T11:35:19.487Z'[39m,
    supplierId: [33m8[39m,
    supplierName: [32m'Banner Baterie ČR spol.s r.o.'[39m,
    ownerName: [32m'Banner Baterie ČR spol.s r.o.'[39m
  },
  headers: {
    Accept: [32m'application/json, text/plain, */*'[39m,
    [32m'Content-Type'[39m: [32m'application/json;charset=UTF-8'[39m,
    [32m'X-Request-ID'[39m: [32m'd060b7f9'[39m,
    Authorization: [32m'*** MASKED ***'[39m
  }
}
2025[0m[0m-12[0m[0m-07[0m[0m 11[0m[0m:35[0m[0m:19[0m[0m.634[0m[0m [34m[1mINFO[22m[39m[0m[0m [[37m\api\BaseApiClient.ts:94[39m[0m[0m][d060b7f9] <--- 201 POST http://192.168.130.239:8180/documents-api/goodsDeliveryNotes/231 (127.89 ms)
2025[0m[0m-12[0m[0m-07[0m[0m 11[0m[0m:35[0m[0m:19[0m[0m.637[0m[0m [33m[1mWARN[22m[39m[0m[0m [[37m\tests\Regrese\Doklady\Prijemky_Vydejky\Prijemky.spec.ts:95[39m[0m[0m]API nevrátilo ID příjemky přímo. Bude nutné ho dohledat v seznamu.
2025[0m[0m-12[0m[0m-07[0m[0m 11[0m[0m:35[0m[0m:19[0m[0m.640[0m[0m [97m[1mTRACE[22m[39m[0m[0m [[37m\api\BaseApiClient.ts:76[39m[0m[0m][9d99905b] ---> GET http://192.168.130.239:8180/reports-api/listOfGoodsDeliveryNotes {
  params: {
    stockId: [33m231[39m,
    year: [33m2025[39m,
    accOwner: [32m'60193531'[39m,
    documentType: [33m1[39m,
    limit: [33m100[39m,
    sort: [32m'-documentLabel'[39m
  },
  data: [90mundefined[39m,
  headers: {
    Accept: [32m'application/json, text/plain, */*'[39m,
    [32m'Content-Type'[39m: [32m'application/json;charset=UTF-8'[39m,
    [32m'X-Request-ID'[39m: [32m'9d99905b'[39m,
    Authorization: [32m'*** MASKED ***'[39m
  }
}
2025[0m[0m-12[0m[0m-07[0m[0m 11[0m[0m:35[0m[0m:19[0m[0m.785[0m[0m [34m[1mINFO[22m[39m[0m[0m [[37m\api\BaseApiClient.ts:94[39m[0m[0m][9d99905b] <--- 200 GET http://192.168.130.239:8180/reports-api/listOfGoodsDeliveryNotes (143.09 ms)
]]></system-out>
    </testcase>
  </testsuite>
</testsuites>