<testsuites id="" name="" tests="36" failures="3" skipped="0" errors="0" time="47.528324999999995">
<testsuite name="Smoke\Moduly.spec.ts" timestamp="2025-08-24T17:30:01.427Z" hostname="chromium" tests="12" failures="1" skipped="0" time="11.688" errors="0">
<testcase name="API Smoke Tests › TC-1194: TCGET /dashboard - Dashboard @Smoke @API @Critical" classname="Smoke\Moduly.spec.ts" time="0.989">
<system-out>
<![CDATA[2025[0m[0m-08[0m[0m-24[0m[0m 17[0m[0m:30[0m[0m:02[0m[0m.352[0m[0m [97m[1mTRACE[22m[39m[0m[0m [[37m\support\fixtures\auth.fixture.ts:22[39m[0m[0m]Spouštím 'authToken' fixture pro získání tokenu...
2025[0m[0m-08[0m[0m-24[0m[0m 17[0m[0m:30[0m[0m:03[0m[0m.255[0m[0m [97m[1mTRACE[22m[39m[0m[0m [[37m\support\fixtures\auth.fixture.ts:38[39m[0m[0m]Token úspěšně získán.
2025[0m[0m-08[0m[0m-24[0m[0m 17[0m[0m:30[0m[0m:03[0m[0m.258[0m[0m [34m[1mINFO[22m[39m[0m[0m [[37m\tests\Smoke\Moduly.spec.ts:28[39m[0m[0m]Zahajuji API smoke test suite...
2025[0m[0m-08[0m[0m-24[0m[0m 17[0m[0m:30[0m[0m:03[0m[0m.262[0m[0m [34m[1mINFO[22m[39m[0m[0m [[37m\tests\Smoke\Moduly.spec.ts:33[39m[0m[0m]ApiClient byl úspěšně inicializován s autorizačním tokenem.
2025[0m[0m-08[0m[0m-24[0m[0m 17[0m[0m:30[0m[0m:03[0m[0m.264[0m[0m [97m[1mTRACE[22m[39m[0m[0m [[37m\tests\Smoke\Moduly.spec.ts:37[39m[0m[0m]Spouštím test pro endpoint: GET /dashboard
2025[0m[0m-08[0m[0m-24[0m[0m 17[0m[0m:30[0m[0m:03[0m[0m.266[0m[0m [97m[1mTRACE[22m[39m[0m[0m [[37m\support\ApiClient.ts:462[39m[0m[0m]Odesílám GET požadavek na /dashboard
2025[0m[0m-08[0m[0m-24[0m[0m 17[0m[0m:30[0m[0m:03[0m[0m.319[0m[0m [37m[1mSILLY[22m[39m[0m[0m [[37m\support\ApiClient.ts:479[39m[0m[0m]Dashboard byl úspěšně načten.
2025[0m[0m-08[0m[0m-24[0m[0m 17[0m[0m:30[0m[0m:03[0m[0m.324[0m[0m [34m[1mINFO[22m[39m[0m[0m [[37m\tests\Smoke\Moduly.spec.ts:44[39m[0m[0m]Endpoint GET /dashboard vrátil validní HTML obsah.
]]>
</system-out>
</testcase>
<testcase name="API Smoke Tests › TC-1195: GET /reports-api/listOfStocks - Obchodní místa @Smoke @API @Critical" classname="Smoke\Moduly.spec.ts" time="0.842">
<system-out>
<![CDATA[2025[0m[0m-08[0m[0m-24[0m[0m 17[0m[0m:30[0m[0m:03[0m[0m.347[0m[0m [97m[1mTRACE[22m[39m[0m[0m [[37m\support\fixtures\auth.fixture.ts:22[39m[0m[0m]Spouštím 'authToken' fixture pro získání tokenu...
2025[0m[0m-08[0m[0m-24[0m[0m 17[0m[0m:30[0m[0m:04[0m[0m.062[0m[0m [97m[1mTRACE[22m[39m[0m[0m [[37m\support\fixtures\auth.fixture.ts:38[39m[0m[0m]Token úspěšně získán.
2025[0m[0m-08[0m[0m-24[0m[0m 17[0m[0m:30[0m[0m:04[0m[0m.063[0m[0m [34m[1mINFO[22m[39m[0m[0m [[37m\tests\Smoke\Moduly.spec.ts:28[39m[0m[0m]Zahajuji API smoke test suite...
2025[0m[0m-08[0m[0m-24[0m[0m 17[0m[0m:30[0m[0m:04[0m[0m.068[0m[0m [34m[1mINFO[22m[39m[0m[0m [[37m\tests\Smoke\Moduly.spec.ts:33[39m[0m[0m]ApiClient byl úspěšně inicializován s autorizačním tokenem.
2025[0m[0m-08[0m[0m-24[0m[0m 17[0m[0m:30[0m[0m:04[0m[0m.070[0m[0m [97m[1mTRACE[22m[39m[0m[0m [[37m\tests\Smoke\Moduly.spec.ts:48[39m[0m[0m]Spouštím test pro endpoint: GET /reports-api/listOfStocks
2025[0m[0m-08[0m[0m-24[0m[0m 17[0m[0m:30[0m[0m:04[0m[0m.074[0m[0m [97m[1mTRACE[22m[39m[0m[0m [[37m\support\ApiClient.ts:347[39m[0m[0m]Odesílám GET požadavek na /reports-api/listOfStocks?accOwner=60193531&limit=5
2025[0m[0m-08[0m[0m-24[0m[0m 17[0m[0m:30[0m[0m:04[0m[0m.174[0m[0m [37m[1mSILLY[22m[39m[0m[0m [[37m\support\ApiClient.ts:361[39m[0m[0m]Seznam obchodních míst byl úspěšně získán.
2025[0m[0m-08[0m[0m-24[0m[0m 17[0m[0m:30[0m[0m:04[0m[0m.177[0m[0m [37m[1mSILLY[22m[39m[0m[0m [[37m\tests\Smoke\Moduly.spec.ts:51[39m[0m[0m]Přijatá odpověď z API:
[
  {
    "accOwner": "60193531",
    "accOwnerName": "ČEPRO, a.s.",
    "city": "",
    "country": "CZ",
    "created": "2025-05-16T09:13:52.082Z",
    "cardResult": null,
    "cardEnabled": true,
    "authResult": null,
    "authEnabled": true,
    "transferResult": null,
    "transferEnabled": true,
    "testResult": null,
    "dryGoodsOwnerId": 1,
    "drySupplierId": 1,
    "dryTransporterId": null,
    "erpAccountantEmail": "",
    "erpBalancesOrdIn": "",
    "erpBalancesOrdOut": "",
    "erpConnectedDate": null,
    "erpCostCenter": "",
    "erpDryCardAccount": "",
    "erpDryCardCost": "",
    "erpDryCardYield": "",
    "erpEnabled": false,
    "erpExtId": "",
    "erpGoodsDeliveryNotesDelDry": "",
    "erpGoodsDeliveryNotesDelDryAcc": "",
    "erpGoodsDeliveryNotesRecDry": "",
    "erpName": "777",
    "erpPrepare": false,
    "erpReceiptsSalCrd": "",
    "erpReceiptsSalFk": "",
    "erpReceiptsSalMon": "",
    "erpServiceCost": "",
    "erpServiceYield": "",
    "erpStockType": "W",
    "erpWetCardAccount": "",
    "erpWetCardCost": "",
    "erpWetCardYield": "",
    "erpWetDeliveryNotesDelWet": "",
    "erpWetDeliveryNotesDelWetAcc": "",
    "erpWetDeliveryNotesRecWet": "",
    "evigneteSalespointId": "",
    "franchiserId": 1,
    "id": 777,
    "natsChannel": "D-60193531-777",
    "natsReqChannel": "R-60193531-777",
    "operator": "TJ",
    "patternStock": true,
    "restrictedMode": true,
    "auxiliaryStorage": false,
    "placeIdEet": "",
    "reInit": false,
    "regNrMpo": "",
    "stockCardsCount": 1015,
    "stockCardsValidCount": 1010,
    "street": "",
    "supplyToMinus": false,
    "text": "Centrální správa SK",
    "updated": "2025-05-16T11:23:50.928Z",
    "valid": true,
    "wetGoodsOwnerId": 1,
    "wetSupplierId": 1,
    "wetTransporterId": null,
    "zip": "",
    "isDistributed": true
  },
  {
    "accOwner": "60193531",
    "accOwnerName": "ČEPRO, a.s.",
    "city": "Praha",
    "country": "CZ",
    "created": "2025-05-16T09:16:12.985Z",
    "cardResult": true,
    "cardEnabled": true,
    "authResult": true,
    "authEnabled": true,
    "transferResult": true,
    "transferEnabled": true,
    "testResult": true,
    "dryGoodsOwnerId": 1,
    "drySupplierId": 8,
    "dryTransporterId": 7,
    "erpAccountantEmail": "",
    "erpBalancesOrdIn": "",
    "erpBalancesOrdOut": "",
    "erpConnectedDate": null,
    "erpCostCenter": "",
    "erpDryCardAccount": "",
    "erpDryCardCost": "",
    "erpDryCardYield": "",
    "erpEnabled": false,
    "erpExtId": "",
    "erpGoodsDeliveryNotesDelDry": "",
    "erpGoodsDeliveryNotesDelDryAcc": "",
    "erpGoodsDeliveryNotesRecDry": "",
    "erpName": "230",
    "erpPrepare": false,
    "erpReceiptsSalCrd": "",
    "erpReceiptsSalFk": "",
    "erpReceiptsSalMon": "",
    "erpServiceCost": "",
    "erpServiceYield": "",
    "erpStockType": "W",
    "erpWetCardAccount": "",
    "erpWetCardCost": "",
    "erpWetCardYield": "",
    "erpWetDeliveryNotesDelWet": "",
    "erpWetDeliveryNotesDelWetAcc": "",
    "erpWetDeliveryNotesRecWet": "",
    "evigneteSalespointId": "cd9cbe30-38a8-4fde-bfde-a4993df45cb4",
    "franchiserId": 1,
    "id": 230,
    "natsChannel": "D-60193531-230",
    "natsReqChannel": "R-60193531-230",
    "operator": "OCTOPOS",
    "patternStock": false,
    "restrictedMode": false,
    "auxiliaryStorage": false,
    "placeIdEet": "",
    "reInit": false,
    "regNrMpo": "",
    "stockCardsCount": 1026,
    "stockCardsValidCount": 999,
    "street": "Pod Vyhlídkou 3",
    "supplyToMinus": false,
    "text": "Laboratoř I.",
    "updated": "2025-07-24T09:25:15.198Z",
    "valid": true,
    "wetGoodsOwnerId": 1,
    "wetSupplierId": 4,
    "wetTransporterId": 3,
    "zip": "14000",
    "isDistributed": true
  },
  {
    "accOwner": "60193531",
    "accOwnerName": "ČEPRO, a.s.",
    "city": "Praha",
    "country": "CZ",
    "created": "2025-05-16T09:17:03.018Z",
    "cardResult": true,
    "cardEnabled": true,
    "authResult": true,
    "authEnabled": true,
    "transferResult": true,
    "transferEnabled": true,
    "testResult": true,
    "dryGoodsOwnerId": 1,
    "drySupplierId": null,
    "dryTransporterId": null,
    "erpAccountantEmail": "",
    "erpBalancesOrdIn": "",
    "erpBalancesOrdOut": "",
    "erpConnectedDate": null,
    "erpCostCenter": "",
    "erpDryCardAccount": "",
    "erpDryCardCost": "",
    "erpDryCardYield": "",
    "erpEnabled": false,
    "erpExtId": "",
    "erpGoodsDeliveryNotesDelDry": "",
    "erpGoodsDeliveryNotesDelDryAcc": "",
    "erpGoodsDeliveryNotesRecDry": "",
    "erpName": "231",
    "erpPrepare": false,
    "erpReceiptsSalCrd": "",
    "erpReceiptsSalFk": "",
    "erpReceiptsSalMon": "",
    "erpServiceCost": "",
    "erpServiceYield": "",
    "erpStockType": "W",
    "erpWetCardAccount": "",
    "erpWetCardCost": "",
    "erpWetCardYield": "",
    "erpWetDeliveryNotesDelWet": "",
    "erpWetDeliveryNotesDelWetAcc": "",
    "erpWetDeliveryNotesRecWet": "",
    "evigneteSalespointId": "",
    "franchiserId": 2,
    "id": 231,
    "natsChannel": "D-60193531-231",
    "natsReqChannel": "R-60193531-231",
    "operator": "MARTIN_007",
    "patternStock": false,
    "restrictedMode": false,
    "auxiliaryStorage": false,
    "placeIdEet": "",
    "reInit": false,
    "regNrMpo": "",
    "stockCardsCount": 1022,
    "stockCardsValidCount": 995,
    "street": "Nad řekou 15",
    "supplyToMinus": false,
    "text": "Laboratoř II.",
    "updated": "2025-08-21T07:43:16.487Z",
    "valid": true,
    "wetGoodsOwnerId": 1,
    "wetSupplierId": 4,
    "wetTransporterId": null,
    "zip": "14000",
    "isDistributed": true
  },
  {
    "accOwner": "60193531",
    "accOwnerName": "ČEPRO, a.s.",
    "city": "Praha",
    "country": "CZ",
    "created": "2025-05-16T10:38:45.861Z",
    "cardResult": null,
    "cardEnabled": true,
    "authResult": null,
    "authEnabled": true,
    "transferResult": null,
    "transferEnabled": true,
    "testResult": null,
    "dryGoodsOwnerId": 1,
    "drySupplierId": 1,
    "dryTransporterId": null,
    "erpAccountantEmail": "",
    "erpBalancesOrdIn": "",
    "erpBalancesOrdOut": "",
    "erpConnectedDate": null,
    "erpCostCenter": "",
    "erpDryCardAccount": "",
    "erpDryCardCost": "",
    "erpDryCardYield": "",
    "erpEnabled": false,
    "erpExtId": "",
    "erpGoodsDeliveryNotesDelDry": "",
    "erpGoodsDeliveryNotesDelDryAcc": "",
    "erpGoodsDeliveryNotesRecDry": "",
    "erpName": "730",
    "erpPrepare": false,
    "erpReceiptsSalCrd": "",
    "erpReceiptsSalFk": "",
    "erpReceiptsSalMon": "",
    "erpServiceCost": "",
    "erpServiceYield": "",
    "erpStockType": "W",
    "erpWetCardAccount": "",
    "erpWetCardCost": "",
    "erpWetCardYield": "",
    "erpWetDeliveryNotesDelWet": "",
    "erpWetDeliveryNotesDelWetAcc": "",
    "erpWetDeliveryNotesRecWet": "",
    "evigneteSalespointId": "",
    "franchiserId": 1,
    "id": 730,
    "natsChannel": "D-60193531-730",
    "natsReqChannel": "R-60193531-730",
    "operator": "JEZEK",
    "patternStock": false,
    "restrictedMode": false,
    "auxiliaryStorage": true,
    "placeIdEet": "",
    "reInit": false,
    "regNrMpo": "",
    "stockCardsCount": 13,
    "stockCardsValidCount": 13,
    "street": "",
    "supplyToMinus": false,
    "text": "Mezisklad Cepro - I.",
    "updated": "2025-06-20T07:30:56.059Z",
    "valid": true,
    "wetGoodsOwnerId": 1,
    "wetSupplierId": 1,
    "wetTransporterId": null,
    "zip": "14000",
    "isDistributed": true
  },
  {
    "accOwner": "60193531",
    "accOwnerName": "ČEPRO, a.s.",
    "city": "Praha",
    "country": "CZ",
    "created": "2025-05-16T10:42:53.179Z",
    "cardResult": null,
    "cardEnabled": true,
    "authResult": null,
    "authEnabled": true,
    "transferResult": null,
    "transferEnabled": true,
    "testResult": null,
    "dryGoodsOwnerId": 2,
    "drySupplierId": 2,
    "dryTransporterId": null,
    "erpAccountantEmail": "",
    "erpBalancesOrdIn": "",
    "erpBalancesOrdOut": "",
    "erpConnectedDate": null,
    "erpCostCenter": "",
    "erpDryCardAccount": "",
    "erpDryCardCost": "",
    "erpDryCardYield": "",
    "erpEnabled": false,
    "erpExtId": "",
    "erpGoodsDeliveryNotesDelDry": "",
    "erpGoodsDeliveryNotesDelDryAcc": "",
    "erpGoodsDeliveryNotesRecDry": "",
    "erpName": "731",
    "erpPrepare": false,
    "erpReceiptsSalCrd": "",
    "erpReceiptsSalFk": "",
    "erpReceiptsSalMon": "",
    "erpServiceCost": "",
    "erpServiceYield": "",
    "erpStockType": "W",
    "erpWetCardAccount": "",
    "erpWetCardCost": "",
    "erpWetCardYield": "",
    "erpWetDeliveryNotesDelWet": "",
    "erpWetDeliveryNotesDelWetAcc": "",
    "erpWetDeliveryNotesRecWet": "",
    "evigneteSalespointId": "",
    "franchiserId": 2,
    "id": 731,
    "natsChannel": "D-60193531-731",
    "natsReqChannel": "R-60193531-731",
    "operator": "JEZEK",
    "patternStock": false,
    "restrictedMode": false,
    "auxiliaryStorage": true,
    "placeIdEet": "",
    "reInit": false,
    "regNrMpo": "",
    "stockCardsCount": 11,
    "stockCardsValidCount": 11,
    "street": "",
    "supplyToMinus": false,
    "text": "Mezisklad YS - III.",
    "updated": "2025-06-20T07:31:50.515Z",
    "valid": true,
    "wetGoodsOwnerId": 2,
    "wetSupplierId": 2,
    "wetTransporterId": null,
    "zip": "14000",
    "isDistributed": true
  }
]
2025[0m[0m-08[0m[0m-24[0m[0m 17[0m[0m:30[0m[0m:04[0m[0m.181[0m[0m [34m[1mINFO[22m[39m[0m[0m [[37m\tests\Smoke\Moduly.spec.ts:67[39m[0m[0m]Endpoint úspěšně vrátil 5 obchodních míst.
]]>
</system-out>
</testcase>
<testcase name="API Smoke Tests › TC-1196: GET /reports-api/listOfStockCards - Skladové karty @Smoke @API @Critical" classname="Smoke\Moduly.spec.ts" time="0.819">
<system-out>
<![CDATA[2025[0m[0m-08[0m[0m-24[0m[0m 17[0m[0m:30[0m[0m:04[0m[0m.200[0m[0m [97m[1mTRACE[22m[39m[0m[0m [[37m\support\fixtures\auth.fixture.ts:22[39m[0m[0m]Spouštím 'authToken' fixture pro získání tokenu...
2025[0m[0m-08[0m[0m-24[0m[0m 17[0m[0m:30[0m[0m:04[0m[0m.883[0m[0m [97m[1mTRACE[22m[39m[0m[0m [[37m\support\fixtures\auth.fixture.ts:38[39m[0m[0m]Token úspěšně získán.
2025[0m[0m-08[0m[0m-24[0m[0m 17[0m[0m:30[0m[0m:04[0m[0m.884[0m[0m [34m[1mINFO[22m[39m[0m[0m [[37m\tests\Smoke\Moduly.spec.ts:28[39m[0m[0m]Zahajuji API smoke test suite...
2025[0m[0m-08[0m[0m-24[0m[0m 17[0m[0m:30[0m[0m:04[0m[0m.891[0m[0m [34m[1mINFO[22m[39m[0m[0m [[37m\tests\Smoke\Moduly.spec.ts:33[39m[0m[0m]ApiClient byl úspěšně inicializován s autorizačním tokenem.
2025[0m[0m-08[0m[0m-24[0m[0m 17[0m[0m:30[0m[0m:04[0m[0m.894[0m[0m [97m[1mTRACE[22m[39m[0m[0m [[37m\tests\Smoke\Moduly.spec.ts:72[39m[0m[0m]Spouštím test pro endpoint: GET /reports-api/listOfStockCards
2025[0m[0m-08[0m[0m-24[0m[0m 17[0m[0m:30[0m[0m:04[0m[0m.897[0m[0m [97m[1mTRACE[22m[39m[0m[0m [[37m\support\ApiClient.ts:399[39m[0m[0m]Odesílám GET požadavek na /reports-api/listOfStockCards/60193531/230 s parametry: {"limit":10}
2025[0m[0m-08[0m[0m-24[0m[0m 17[0m[0m:30[0m[0m:04[0m[0m.998[0m[0m [37m[1mSILLY[22m[39m[0m[0m [[37m\support\ApiClient.ts:415[39m[0m[0m]Seznam skladových karet byl úspěšně získán.
2025[0m[0m-08[0m[0m-24[0m[0m 17[0m[0m:30[0m[0m:05[0m[0m.001[0m[0m [37m[1mSILLY[22m[39m[0m[0m [[37m\tests\Smoke\Moduly.spec.ts:75[39m[0m[0m]Přijatá odpověď z API:
[
  {
    "accOwner": "60193531",
    "accOwnerName": "ČEPRO, a.s.",
    "stockId": 230,
    "stockName": "Laboratoř I.",
    "id": 100,
    "ceproId": "1",
    "skodaId": "",
    "ccsId": 19,
    "cgroupId": 3,
    "cgroupName": "NAFTA ADITIV",
    "newGroupId": null,
    "newGroupName": null,
    "newGroupDate": null,
    "ctclsId": 1,
    "ctClsCkncs": "27101943",
    "ctClsName": "Nafta, arktická nafta",
    "ctClsNameLong": "Nafta, arktická nafta - 9950",
    "ctClsValue": 9950,
    "erpExtId": "",
    "erpAccount": "",
    "erpPriceGroup": "",
    "distributed": true,
    "erpYield": "",
    "erpCost": "",
    "fuCode": "",
    "lastUpdate": "2025-08-24T17:29:04.520Z",
    "lastDocument": "R",
    "lastDocumentId": "2025-0079800",
    "lgroupId": null,
    "lgroupName": null,
    "name": "NAFTA",
    "stockCardName": "NAFTA",
    "receiptText": "NAFTA",
    "lastEan": "0000000001410",
    "eans": [
      "0000000001410"
    ],
    "stkitmPackage": "L",
    "operator": "JEZEK",
    "packageAmountSrc": "",
    "packageUnitSrc": "",
    "packageUnitDest": "",
    "plu": "1",
    "initEan": "0000000001410",
    "ownerId": 1,
    "ownerName": "ČEPRO, a.s.",
    "changePrice": "C",
    "stkitmType": "W",
    "stkitmTypeName": "enums.Wet",
    "saleToMinus": false,
    "tandem": false,
    "tandemStockCardId": null,
    "tandemStockCardPlu": null,
    "tandemStockCardName": null,
    "sellingPriceDate": "2025-06-16T15:08:00.000Z",
    "sellingPrice": 32,
    "sellingPriceWithoutVat": 26.45,
    "newSellingPrice": null,
    "newSellingPriceDate": null,
    "averageStockPrice": 25,
    "lastPurchPrice": 25,
    "minimalMargin": null,
    "guiColor": "#1C4587",
    "valid": true,
    "approved": true,
    "updated": "2025-08-19T06:07:28.321Z",
    "created": "2025-05-16T09:19:53.860Z",
    "createdByStock": null,
    "supply": -26346.34,
    "minimalSupply": null,
    "guardedSupply": null,
    "supplyStatus": -1,
    "isImported": true,
    "categoryId": null,
    "category": null,
    "categoryName": null,
    "lvl1": null,
    "lvl2": null,
    "lvl3": null,
    "vatClsId": 2,
    "vatClsName": "Základní",
    "ccsNameLong": "19 - NAFTA PLUS",
    "vatClsNameLong": "Základní (21%)",
    "vatValue": 21
  },
  {
    "accOwner": "60193531",
    "accOwnerName": "ČEPRO, a.s.",
    "stockId": 230,
    "stockName": "Laboratoř I.",
    "id": 101,
    "ceproId": "4",
    "skodaId": "",
    "ccsId": 4,
    "cgroupId": 4,
    "cgroupName": "BA 95 NATURAL",
    "newGroupId": null,
    "newGroupName": null,
    "newGroupDate": null,
    "ctclsId": 11,
    "ctClsCkncs": "27101245",
    "ctClsName": "BA95",
    "ctClsNameLong": "BA95 - 12840",
    "ctClsValue": 12840,
    "erpExtId": "",
    "erpAccount": "",
    "erpPriceGroup": "",
    "distributed": true,
    "erpYield": "",
    "erpCost": "",
    "fuCode": "",
    "lastUpdate": "2025-08-24T17:28:34.417Z",
    "lastDocument": "R",
    "lastDocumentId": "2025-0079799",
    "lgroupId": null,
    "lgroupName": null,
    "name": "NATURAL95",
    "stockCardName": "NATURAL95",
    "receiptText": "NATURAL95",
    "lastEan": "0000000004060",
    "eans": [
      "0000000004060"
    ],
    "stkitmPackage": "L",
    "operator": "JEZEK",
    "packageAmountSrc": "",
    "packageUnitSrc": "",
    "packageUnitDest": "",
    "plu": "4",
    "initEan": "0000000004060",
    "ownerId": 1,
    "ownerName": "ČEPRO, a.s.",
    "changePrice": "C",
    "stkitmType": "W",
    "stkitmTypeName": "enums.Wet",
    "saleToMinus": false,
    "tandem": false,
    "tandemStockCardId": null,
    "tandemStockCardPlu": null,
    "tandemStockCardName": null,
    "sellingPriceDate": "2025-08-01T05:24:15.000Z",
    "sellingPrice": 34.5,
    "sellingPriceWithoutVat": 28.51,
    "newSellingPrice": null,
    "newSellingPriceDate": null,
    "averageStockPrice": 30,
    "lastPurchPrice": 30,
    "minimalMargin": null,
    "guiColor": "#38761D",
    "valid": true,
    "approved": true,
    "updated": "2025-08-19T06:08:02.518Z",
    "created": "2025-05-16T09:21:17.377Z",
    "createdByStock": null,
    "supply": -24134.33,
    "minimalSupply": null,
    "guardedSupply": null,
    "supplyStatus": -1,
    "isImported": true,
    "categoryId": null,
    "category": null,
    "categoryName": null,
    "lvl1": null,
    "lvl2": null,
    "lvl3": null,
    "vatClsId": 2,
    "vatClsName": "Základní",
    "ccsNameLong": "4 - NATURAL",
    "vatClsNameLong": "Základní (21%)",
    "vatValue": 21
  },
  {
    "accOwner": "60193531",
    "accOwnerName": "ČEPRO, a.s.",
    "stockId": 230,
    "stockName": "Laboratoř I.",
    "id": 102,
    "ceproId": "8",
    "skodaId": "",
    "ccsId": 21,
    "cgroupId": 8,
    "cgroupName": "LPG PROPAN BUTAN",
    "newGroupId": null,
    "newGroupName": null,
    "newGroupDate": null,
    "ctclsId": 4,
    "ctClsCkncs": "",
    "ctClsName": "Propan-butan pro pohon",
    "ctClsNameLong": "Propan-butan pro pohon - 2200",
    "ctClsValue": 2200,
    "erpExtId": "",
    "erpAccount": "",
    "erpPriceGroup": "",
    "distributed": true,
    "erpYield": "",
    "erpCost": "",
    "fuCode": "",
    "lastUpdate": "2025-08-24T17:26:34.152Z",
    "lastDocument": "R",
    "lastDocumentId": "2025-0079797",
    "lgroupId": null,
    "lgroupName": null,
    "name": "LPG",
    "stockCardName": "LPG",
    "receiptText": "LPG",
    "lastEan": "0000000008549",
    "eans": [
      "0000000008549"
    ],
    "stkitmPackage": "L",
    "operator": "JEZEK",
    "packageAmountSrc": "",
    "packageUnitSrc": "",
    "packageUnitDest": "",
    "plu": "8",
    "initEan": "0000000008549",
    "ownerId": 1,
    "ownerName": "ČEPRO, a.s.",
    "changePrice": "C",
    "stkitmType": "W",
    "stkitmTypeName": "enums.Wet",
    "saleToMinus": false,
    "tandem": false,
    "tandemStockCardId": null,
    "tandemStockCardPlu": null,
    "tandemStockCardName": null,
    "sellingPriceDate": "2025-06-24T12:43:00.000Z",
    "sellingPrice": 22.5,
    "sellingPriceWithoutVat": 18.6,
    "newSellingPrice": null,
    "newSellingPriceDate": null,
    "averageStockPrice": 20,
    "lastPurchPrice": 20,
    "minimalMargin": null,
    "guiColor": "#E69138",
    "valid": true,
    "approved": true,
    "updated": "2025-08-19T06:08:24.527Z",
    "created": "2025-05-16T09:21:51.716Z",
    "createdByStock": null,
    "supply": -30421.73,
    "minimalSupply": null,
    "guardedSupply": null,
    "supplyStatus": -1,
    "isImported": true,
    "categoryId": null,
    "category": null,
    "categoryName": null,
    "lvl1": null,
    "lvl2": null,
    "lvl3": null,
    "vatClsId": 2,
    "vatClsName": "Základní",
    "ccsNameLong": "21 - LPG",
    "vatClsNameLong": "Základní (21%)",
    "vatValue": 21
  },
  {
    "accOwner": "60193531",
    "accOwnerName": "ČEPRO, a.s.",
    "stockId": 230,
    "stockName": "Laboratoř I.",
    "id": 103,
    "ceproId": "",
    "skodaId": "",
    "ccsId": 15,
    "cgroupId": 42,
    "cgroupName": "POTRAVINY z.s.",
    "newGroupId": null,
    "newGroupName": null,
    "newGroupDate": null,
    "ctclsId": 8,
    "ctClsCkncs": null,
    "ctClsName": "Výrobky bez spotř. daně",
    "ctClsNameLong": "Výrobky bez spotř. daně - 0",
    "ctClsValue": 0,
    "erpExtId": "",
    "erpAccount": "",
    "erpPriceGroup": "",
    "distributed": true,
    "erpYield": "",
    "erpCost": "",
    "fuCode": "",
    "lastUpdate": "2025-08-24T17:23:33.801Z",
    "lastDocument": "R",
    "lastDocumentId": "2025-0079793",
    "lgroupId": null,
    "lgroupName": null,
    "name": "Tatranka",
    "stockCardName": "Tatranka",
    "receiptText": "Tatranka",
    "lastEan": "0000000010313",
    "eans": [
      "0000000010313"
    ],
    "stkitmPackage": "P",
    "operator": "JEZEK",
    "packageAmountSrc": "",
    "packageUnitSrc": "",
    "packageUnitDest": "",
    "plu": "10",
    "initEan": "0000000010313",
    "ownerId": 1,
    "ownerName": "ČEPRO, a.s.",
    "changePrice": "C",
    "stkitmType": "D",
    "stkitmTypeName": "enums.Dry",
    "saleToMinus": false,
    "tandem": false,
    "tandemStockCardId": null,
    "tandemStockCardPlu": null,
    "tandemStockCardName": null,
    "sellingPriceDate": "2025-08-19T07:12:15.000Z",
    "sellingPrice": 7,
    "sellingPriceWithoutVat": 5.79,
    "newSellingPrice": null,
    "newSellingPriceDate": null,
    "averageStockPrice": 20,
    "lastPurchPrice": 20,
    "minimalMargin": null,
    "guiColor": "#A64D79",
    "valid": true,
    "approved": true,
    "updated": "2025-08-19T07:12:15.947Z",
    "created": "2025-05-16T11:50:25.844Z",
    "createdByStock": null,
    "supply": 4931,
    "minimalSupply": 100,
    "guardedSupply": 120,
    "supplyStatus": 0,
    "isImported": true,
    "categoryId": null,
    "category": null,
    "categoryName": null,
    "lvl1": null,
    "lvl2": null,
    "lvl3": null,
    "vatClsId": 2,
    "vatClsName": "Základní",
    "ccsNameLong": "15 - OBČERSTVENÍ",
    "vatClsNameLong": "Základní (21%)",
    "vatValue": 21
  },
  {
    "accOwner": "60193531",
    "accOwnerName": "ČEPRO, a.s.",
    "stockId": 230,
    "stockName": "Laboratoř I.",
    "id": 104,
    "ceproId": "",
    "skodaId": "",
    "ccsId": 25,
    "cgroupId": 55,
    "cgroupName": "VRATNÉ OBALY 0%",
    "newGroupId": null,
    "newGroupName": null,
    "newGroupDate": null,
    "ctclsId": 8,
    "ctClsCkncs": null,
    "ctClsName": "Výrobky bez spotř. daně",
    "ctClsNameLong": "Výrobky bez spotř. daně - 0",
    "ctClsValue": 0,
    "erpExtId": "",
    "erpAccount": "",
    "erpPriceGroup": "",
    "distributed": true,
    "erpYield": "",
    "erpCost": "",
    "fuCode": "",
    "lastUpdate": "2025-08-24T17:26:34.152Z",
    "lastDocument": "R",
    "lastDocumentId": "2025-0079797",
    "lgroupId": null,
    "lgroupName": null,
    "name": "Láhev",
    "stockCardName": "Láhev",
    "receiptText": "Láhev",
    "lastEan": "0000000011259",
    "eans": [
      "0000000011259"
    ],
    "stkitmPackage": "P",
    "operator": "MNA",
    "packageAmountSrc": "",
    "packageUnitSrc": "",
    "packageUnitDest": "",
    "plu": "11",
    "initEan": "0000000011259",
    "ownerId": 1,
    "ownerName": "ČEPRO, a.s.",
    "changePrice": "C",
    "stkitmType": "D",
    "stkitmTypeName": "enums.Dry",
    "saleToMinus": false,
    "tandem": true,
    "tandemStockCardId": null,
    "tandemStockCardPlu": null,
    "tandemStockCardName": null,
    "sellingPriceDate": "2025-05-16T11:56:56.000Z",
    "sellingPrice": 3,
    "sellingPriceWithoutVat": 3,
    "newSellingPrice": null,
    "newSellingPriceDate": null,
    "averageStockPrice": 3.001,
    "lastPurchPrice": 3.5,
    "minimalMargin": null,
    "guiColor": "#45818E",
    "valid": true,
    "approved": true,
    "updated": "2025-08-18T12:11:01.563Z",
    "created": "2025-05-16T11:51:58.596Z",
    "createdByStock": null,
    "supply": 13145,
    "minimalSupply": 100,
    "guardedSupply": 120,
    "supplyStatus": 0,
    "isImported": true,
    "categoryId": null,
    "category": null,
    "categoryName": null,
    "lvl1": null,
    "lvl2": null,
    "lvl3": null,
    "vatClsId": 0,
    "vatClsName": "Bez daně",
    "ccsNameLong": "25 - VRATNÉ OBALY",
    "vatClsNameLong": "Bez daně (0%)",
    "vatValue": 0
  },
  {
    "accOwner": "60193531",
    "accOwnerName": "ČEPRO, a.s.",
    "stockId": 230,
    "stockName": "Laboratoř I.",
    "id": 105,
    "ceproId": "",
    "skodaId": "",
    "ccsId": 15,
    "cgroupId": 44,
    "cgroupName": "ALKOHOLICKÉ NÁPOJE z.s.",
    "newGroupId": null,
    "newGroupName": null,
    "newGroupDate": null,
    "ctclsId": 7,
    "ctClsCkncs": null,
    "ctClsName": "Ost. výrobky se spotř. daní",
    "ctClsNameLong": "Ost. výrobky se spotř. daní - 0",
    "ctClsValue": 0,
    "erpExtId": "",
    "erpAccount": "",
    "erpPriceGroup": "",
    "distributed": true,
    "erpYield": "",
    "erpCost": "",
    "fuCode": "",
    "lastUpdate": "2025-08-24T17:26:34.152Z",
    "lastDocument": "R",
    "lastDocumentId": "2025-0079797",
    "lgroupId": null,
    "lgroupName": null,
    "name": "Pivo",
    "stockCardName": "Pivo",
    "receiptText": "Pivo",
    "lastEan": "0000000012546",
    "eans": [
      "0000000012546"
    ],
    "stkitmPackage": "P",
    "operator": "MARTIN_007",
    "packageAmountSrc": "",
    "packageUnitSrc": "",
    "packageUnitDest": "",
    "plu": "12",
    "initEan": "0000000012546",
    "ownerId": 1,
    "ownerName": "ČEPRO, a.s.",
    "changePrice": "C",
    "stkitmType": "D",
    "stkitmTypeName": "enums.Dry",
    "saleToMinus": false,
    "tandem": false,
    "tandemStockCardId": 104,
    "tandemStockCardPlu": "11",
    "tandemStockCardName": "Láhev",
    "sellingPriceDate": "2025-05-25T11:46:33.000Z",
    "sellingPrice": 49.8,
    "sellingPriceWithoutVat": 41.16,
    "newSellingPrice": null,
    "newSellingPriceDate": null,
    "averageStockPrice": 30.007,
    "lastPurchPrice": 31.5,
    "minimalMargin": null,
    "guiColor": "#6AA84F",
    "valid": true,
    "approved": true,
    "updated": "2025-08-22T12:45:45.497Z",
    "created": "2025-05-16T11:52:31.554Z",
    "createdByStock": null,
    "supply": -514,
    "minimalSupply": 100,
    "guardedSupply": 120,
    "supplyStatus": 2,
    "isImported": true,
    "categoryId": null,
    "category": null,
    "categoryName": null,
    "lvl1": null,
    "lvl2": null,
    "lvl3": null,
    "vatClsId": 2,
    "vatClsName": "Základní",
    "ccsNameLong": "15 - OBČERSTVENÍ",
    "vatClsNameLong": "Základní (21%)",
    "vatValue": 21
  },
  {
    "accOwner": "60193531",
    "accOwnerName": "ČEPRO, a.s.",
    "stockId": 230,
    "stockName": "Laboratoř I.",
    "id": 106,
    "ceproId": "",
    "skodaId": "",
    "ccsId": 14,
    "cgroupId": 72,
    "cgroupName": "MYTÍ AUT z.s.",
    "newGroupId": null,
    "newGroupName": null,
    "newGroupDate": null,
    "ctclsId": null,
    "ctClsCkncs": null,
    "ctClsName": null,
    "ctClsNameLong": " - ",
    "ctClsValue": null,
    "erpExtId": "",
    "erpAccount": "",
    "erpPriceGroup": "",
    "distributed": true,
    "erpYield": "",
    "erpCost": "",
    "fuCode": "",
    "lastUpdate": null,
    "lastDocument": "",
    "lastDocumentId": "",
    "lgroupId": null,
    "lgroupName": null,
    "name": "Myčka",
    "stockCardName": "Myčka",
    "receiptText": "Myčka",
    "lastEan": "0000000100946",
    "eans": [
      "0000000100946"
    ],
    "stkitmPackage": "P",
    "operator": "MARTIN_007",
    "packageAmountSrc": "",
    "packageUnitSrc": "",
    "packageUnitDest": "",
    "plu": "100",
    "initEan": "0000000100946",
    "ownerId": 1,
    "ownerName": "ČEPRO, a.s.",
    "changePrice": "C",
    "stkitmType": "S",
    "stkitmTypeName": "enums.Service",
    "saleToMinus": false,
    "tandem": false,
    "tandemStockCardId": null,
    "tandemStockCardPlu": null,
    "tandemStockCardName": null,
    "sellingPriceDate": "2025-05-16T12:12:00.000Z",
    "sellingPrice": 300,
    "sellingPriceWithoutVat": 247.93,
    "newSellingPrice": null,
    "newSellingPriceDate": null,
    "averageStockPrice": null,
    "lastPurchPrice": null,
    "minimalMargin": null,
    "guiColor": "#2E7AF5",
    "valid": true,
    "approved": true,
    "updated": "2025-08-11T14:34:45.694Z",
    "created": "2025-05-16T11:53:28.768Z",
    "createdByStock": null,
    "supply": 0,
    "minimalSupply": null,
    "guardedSupply": null,
    "supplyStatus": -1,
    "isImported": true,
    "categoryId": null,
    "category": null,
    "categoryName": null,
    "lvl1": null,
    "lvl2": null,
    "lvl3": null,
    "vatClsId": 2,
    "vatClsName": "Základní",
    "ccsNameLong": "14 - MYTÍ VOZIDEL",
    "vatClsNameLong": "Základní (21%)",
    "vatValue": 21
  },
  {
    "accOwner": "60193531",
    "accOwnerName": "ČEPRO, a.s.",
    "stockId": 230,
    "stockName": "Laboratoř I.",
    "id": 107,
    "ceproId": "",
    "skodaId": "",
    "ccsId": 44,
    "cgroupId": 40,
    "cgroupName": "TISKOVINY z.s.",
    "newGroupId": null,
    "newGroupName": null,
    "newGroupDate": null,
    "ctclsId": 8,
    "ctClsCkncs": null,
    "ctClsName": "Výrobky bez spotř. daně",
    "ctClsNameLong": "Výrobky bez spotř. daně - 0",
    "ctClsValue": 0,
    "erpExtId": "",
    "erpAccount": "",
    "erpPriceGroup": "",
    "distributed": true,
    "erpYield": "",
    "erpCost": "",
    "fuCode": "",
    "lastUpdate": "2025-08-24T17:28:34.417Z",
    "lastDocument": "R",
    "lastDocumentId": "2025-0079799",
    "lgroupId": null,
    "lgroupName": null,
    "name": "Noviny",
    "stockCardName": "Noviny",
    "receiptText": "Noviny",
    "lastEan": "0000000013871",
    "eans": [
      "0000000013871"
    ],
    "stkitmPackage": "P",
    "operator": "MH",
    "packageAmountSrc": "",
    "packageUnitSrc": "",
    "packageUnitDest": "",
    "plu": "13",
    "initEan": "0000000013871",
    "ownerId": 1,
    "ownerName": "ČEPRO, a.s.",
    "changePrice": "C",
    "stkitmType": "D",
    "stkitmTypeName": "enums.Dry",
    "saleToMinus": false,
    "tandem": false,
    "tandemStockCardId": null,
    "tandemStockCardPlu": null,
    "tandemStockCardName": null,
    "sellingPriceDate": "2025-06-10T09:10:50.000Z",
    "sellingPrice": 20,
    "sellingPriceWithoutVat": 16.53,
    "newSellingPrice": null,
    "newSellingPriceDate": null,
    "averageStockPrice": 15,
    "lastPurchPrice": 15,
    "minimalMargin": null,
    "guiColor": "#B7B7B7",
    "valid": true,
    "approved": true,
    "updated": "2025-08-13T12:42:47.542Z",
    "created": "2025-05-16T14:28:05.782Z",
    "createdByStock": null,
    "supply": 2028,
    "minimalSupply": 100,
    "guardedSupply": 120,
    "supplyStatus": 0,
    "isImported": true,
    "categoryId": null,
    "category": null,
    "categoryName": null,
    "lvl1": null,
    "lvl2": null,
    "lvl3": null,
    "vatClsId": 2,
    "vatClsName": "Základní",
    "ccsNameLong": "44 - KNIHY NOVINY",
    "vatClsNameLong": "Základní (21%)",
    "vatValue": 21
  },
  {
    "accOwner": "60193531",
    "accOwnerName": "ČEPRO, a.s.",
    "stockId": 230,
    "stockName": "Laboratoř I.",
    "id": 108,
    "ceproId": "",
    "skodaId": "",
    "ccsId": null,
    "cgroupId": 200,
    "cgroupName": "VODÍK",
    "newGroupId": null,
    "newGroupName": null,
    "newGroupDate": null,
    "ctclsId": null,
    "ctClsCkncs": null,
    "ctClsName": null,
    "ctClsNameLong": " - ",
    "ctClsValue": null,
    "erpExtId": "",
    "erpAccount": "",
    "erpPriceGroup": "",
    "distributed": true,
    "erpYield": "",
    "erpCost": "",
    "fuCode": "",
    "lastUpdate": null,
    "lastDocument": "",
    "lastDocumentId": "",
    "lgroupId": null,
    "lgroupName": null,
    "name": "Vodík",
    "stockCardName": "Vodík",
    "receiptText": "Vodík",
    "lastEan": "7849668336594",
    "eans": [
      "7849668336594"
    ],
    "stkitmPackage": "L",
    "operator": "MH",
    "packageAmountSrc": "",
    "packageUnitSrc": "",
    "packageUnitDest": "",
    "plu": "150",
    "initEan": "7849668336594",
    "ownerId": 1,
    "ownerName": "ČEPRO, a.s.",
    "changePrice": "C",
    "stkitmType": "W",
    "stkitmTypeName": "enums.Wet",
    "saleToMinus": false,
    "tandem": false,
    "tandemStockCardId": null,
    "tandemStockCardPlu": null,
    "tandemStockCardName": null,
    "sellingPriceDate": null,
    "sellingPrice": null,
    "sellingPriceWithoutVat": null,
    "newSellingPrice": null,
    "newSellingPriceDate": null,
    "averageStockPrice": null,
    "lastPurchPrice": null,
    "minimalMargin": null,
    "guiColor": "",
    "valid": false,
    "approved": true,
    "updated": "2025-06-16T10:06:12.182Z",
    "created": "2025-05-16T18:18:14.797Z",
    "createdByStock": null,
    "supply": 0,
    "minimalSupply": null,
    "guardedSupply": null,
    "supplyStatus": -1,
    "isImported": true,
    "categoryId": null,
    "category": null,
    "categoryName": null,
    "lvl1": null,
    "lvl2": null,
    "lvl3": null,
    "vatClsId": 2,
    "vatClsName": "Základní",
    "ccsNameLong": "",
    "vatClsNameLong": "Základní (21%)",
    "vatValue": 21
  },
  {
    "accOwner": "60193531",
    "accOwnerName": "ČEPRO, a.s.",
    "stockId": 230,
    "stockName": "Laboratoř I.",
    "id": 109,
    "ceproId": "",
    "skodaId": "",
    "ccsId": 43,
    "cgroupId": 52,
    "cgroupName": "OSTATNÍ ZBOŽÍ z.s.",
    "newGroupId": null,
    "newGroupName": null,
    "newGroupDate": null,
    "ctclsId": 8,
    "ctClsCkncs": null,
    "ctClsName": "Výrobky bez spotř. daně",
    "ctClsNameLong": "Výrobky bez spotř. daně - 0",
    "ctClsValue": 0,
    "erpExtId": "",
    "erpAccount": "",
    "erpPriceGroup": "",
    "distributed": true,
    "erpYield": "",
    "erpCost": "",
    "fuCode": "",
    "lastUpdate": "2025-08-24T17:28:34.417Z",
    "lastDocument": "R",
    "lastDocumentId": "2025-0079799",
    "lgroupId": null,
    "lgroupName": null,
    "name": "Orion čokoláda",
    "stockCardName": "Orion čokoláda",
    "receiptText": "Orion čokoláda",
    "lastEan": "4761847903348",
    "eans": [
      "4761847903348"
    ],
    "stkitmPackage": "P",
    "operator": "MH",
    "packageAmountSrc": "",
    "packageUnitSrc": "",
    "packageUnitDest": "",
    "plu": "70",
    "initEan": "4761847903348",
    "ownerId": 1,
    "ownerName": "ČEPRO, a.s.",
    "changePrice": "C",
    "stkitmType": "D",
    "stkitmTypeName": "enums.Dry",
    "saleToMinus": false,
    "tandem": false,
    "tandemStockCardId": null,
    "tandemStockCardPlu": null,
    "tandemStockCardName": null,
    "sellingPriceDate": "2025-06-10T09:10:50.000Z",
    "sellingPrice": 30,
    "sellingPriceWithoutVat": 24.79,
    "newSellingPrice": null,
    "newSellingPriceDate": null,
    "averageStockPrice": 20,
    "lastPurchPrice": 20,
    "minimalMargin": null,
    "guiColor": "#0B5394",
    "valid": true,
    "approved": true,
    "updated": "2025-08-13T12:43:13.062Z",
    "created": "2025-05-16T18:19:45.386Z",
    "createdByStock": null,
    "supply": 2116,
    "minimalSupply": 100,
    "guardedSupply": 120,
    "supplyStatus": 0,
    "isImported": true,
    "categoryId": null,
    "category": null,
    "categoryName": null,
    "lvl1": null,
    "lvl2": null,
    "lvl3": null,
    "vatClsId": 2,
    "vatClsName": "Základní",
    "ccsNameLong": "43 - ZBOŽÍ NESPECIFIK.",
    "vatClsNameLong": "Základní (21%)",
    "vatValue": 21
  }
]
2025[0m[0m-08[0m[0m-24[0m[0m 17[0m[0m:30[0m[0m:05[0m[0m.007[0m[0m [34m[1mINFO[22m[39m[0m[0m [[37m\tests\Smoke\Moduly.spec.ts:85[39m[0m[0m]Endpoint úspěšně vrátil 10 skladových karet.
]]>
</system-out>
</testcase>
<testcase name="API Smoke Tests › TC-1197: GET /administration-api/stockCardsGroupsLocal - Lokální skupiny @Smoke @API @Critical" classname="Smoke\Moduly.spec.ts" time="0.79">
<system-out>
<![CDATA[2025[0m[0m-08[0m[0m-24[0m[0m 17[0m[0m:30[0m[0m:05[0m[0m.027[0m[0m [97m[1mTRACE[22m[39m[0m[0m [[37m\support\fixtures\auth.fixture.ts:22[39m[0m[0m]Spouštím 'authToken' fixture pro získání tokenu...
2025[0m[0m-08[0m[0m-24[0m[0m 17[0m[0m:30[0m[0m:05[0m[0m.724[0m[0m [97m[1mTRACE[22m[39m[0m[0m [[37m\support\fixtures\auth.fixture.ts:38[39m[0m[0m]Token úspěšně získán.
2025[0m[0m-08[0m[0m-24[0m[0m 17[0m[0m:30[0m[0m:05[0m[0m.726[0m[0m [34m[1mINFO[22m[39m[0m[0m [[37m\tests\Smoke\Moduly.spec.ts:28[39m[0m[0m]Zahajuji API smoke test suite...
2025[0m[0m-08[0m[0m-24[0m[0m 17[0m[0m:30[0m[0m:05[0m[0m.737[0m[0m [34m[1mINFO[22m[39m[0m[0m [[37m\tests\Smoke\Moduly.spec.ts:33[39m[0m[0m]ApiClient byl úspěšně inicializován s autorizačním tokenem.
2025[0m[0m-08[0m[0m-24[0m[0m 17[0m[0m:30[0m[0m:05[0m[0m.742[0m[0m [97m[1mTRACE[22m[39m[0m[0m [[37m\tests\Smoke\Moduly.spec.ts:90[39m[0m[0m]Spouštím test pro endpoint: GET /administration-api/stockCardsGroupsLocal
2025[0m[0m-08[0m[0m-24[0m[0m 17[0m[0m:30[0m[0m:05[0m[0m.747[0m[0m [97m[1mTRACE[22m[39m[0m[0m [[37m\support\ApiClient.ts:496[39m[0m[0m]Odesílám GET požadavek na /administration-api/stockCardsGroupsLocal/230 s parametry: {"limit":10}
2025[0m[0m-08[0m[0m-24[0m[0m 17[0m[0m:30[0m[0m:05[0m[0m.802[0m[0m [37m[1mSILLY[22m[39m[0m[0m [[37m\support\ApiClient.ts:513[39m[0m[0m]Lokální skupiny skladových karet pro sklad 230 byly úspěšně získány.
2025[0m[0m-08[0m[0m-24[0m[0m 17[0m[0m:30[0m[0m:05[0m[0m.805[0m[0m [37m[1mSILLY[22m[39m[0m[0m [[37m\tests\Smoke\Moduly.spec.ts:93[39m[0m[0m]Přijatá odpověď z API:
[]
2025[0m[0m-08[0m[0m-24[0m[0m 17[0m[0m:30[0m[0m:05[0m[0m.810[0m[0m [33m[1mWARN[22m[39m[0m[0m [[37m\tests\Smoke\Moduly.spec.ts:101[39m[0m[0m]Endpoint vrátil 0 lokálních skupin pro stockId: 230.
]]>
</system-out>
</testcase>
<testcase name="API Smoke Tests › TC-1198: GET /administration-api/stockCardsSupergroupsLocal - Lokální nadskupiny @Smoke @API @Critical" classname="Smoke\Moduly.spec.ts" time="0.792">
<system-out>
<![CDATA[2025[0m[0m-08[0m[0m-24[0m[0m 17[0m[0m:30[0m[0m:05[0m[0m.823[0m[0m [97m[1mTRACE[22m[39m[0m[0m [[37m\support\fixtures\auth.fixture.ts:22[39m[0m[0m]Spouštím 'authToken' fixture pro získání tokenu...
2025[0m[0m-08[0m[0m-24[0m[0m 17[0m[0m:30[0m[0m:06[0m[0m.547[0m[0m [97m[1mTRACE[22m[39m[0m[0m [[37m\support\fixtures\auth.fixture.ts:38[39m[0m[0m]Token úspěšně získán.
2025[0m[0m-08[0m[0m-24[0m[0m 17[0m[0m:30[0m[0m:06[0m[0m.548[0m[0m [34m[1mINFO[22m[39m[0m[0m [[37m\tests\Smoke\Moduly.spec.ts:28[39m[0m[0m]Zahajuji API smoke test suite...
2025[0m[0m-08[0m[0m-24[0m[0m 17[0m[0m:30[0m[0m:06[0m[0m.555[0m[0m [34m[1mINFO[22m[39m[0m[0m [[37m\tests\Smoke\Moduly.spec.ts:33[39m[0m[0m]ApiClient byl úspěšně inicializován s autorizačním tokenem.
2025[0m[0m-08[0m[0m-24[0m[0m 17[0m[0m:30[0m[0m:06[0m[0m.559[0m[0m [97m[1mTRACE[22m[39m[0m[0m [[37m\tests\Smoke\Moduly.spec.ts:108[39m[0m[0m]Spouštím test pro endpoint: GET /administration-api/stockCardsSupergroupsLocal
2025[0m[0m-08[0m[0m-24[0m[0m 17[0m[0m:30[0m[0m:06[0m[0m.562[0m[0m [97m[1mTRACE[22m[39m[0m[0m [[37m\support\ApiClient.ts:530[39m[0m[0m]Odesílám GET požadavek na /administration-api/stockCardsSupergroupsLocal/230 s parametry: {"limit":10}
2025[0m[0m-08[0m[0m-24[0m[0m 17[0m[0m:30[0m[0m:06[0m[0m.604[0m[0m [37m[1mSILLY[22m[39m[0m[0m [[37m\support\ApiClient.ts:547[39m[0m[0m]Lokální nadskupiny skladových karet pro sklad 230 byly úspěšně získány.
2025[0m[0m-08[0m[0m-24[0m[0m 17[0m[0m:30[0m[0m:06[0m[0m.607[0m[0m [37m[1mSILLY[22m[39m[0m[0m [[37m\tests\Smoke\Moduly.spec.ts:111[39m[0m[0m]Přijatá odpověď z API:
[]
2025[0m[0m-08[0m[0m-24[0m[0m 17[0m[0m:30[0m[0m:06[0m[0m.610[0m[0m [33m[1mWARN[22m[39m[0m[0m [[37m\tests\Smoke\Moduly.spec.ts:119[39m[0m[0m]Endpoint vrátil 0 lokálních nadskupin pro stockId: 230.
]]>
</system-out>
</testcase>
<testcase name="API Smoke Tests › TC-1199: GET /administration-api/listOfPosTerminals - Rychlé volby 1/2 - POS Terminály @Smoke @API @Critical" classname="Smoke\Moduly.spec.ts" time="0.914">
<system-out>
<![CDATA[2025[0m[0m-08[0m[0m-24[0m[0m 17[0m[0m:30[0m[0m:06[0m[0m.624[0m[0m [97m[1mTRACE[22m[39m[0m[0m [[37m\support\fixtures\auth.fixture.ts:22[39m[0m[0m]Spouštím 'authToken' fixture pro získání tokenu...
2025[0m[0m-08[0m[0m-24[0m[0m 17[0m[0m:30[0m[0m:07[0m[0m.448[0m[0m [97m[1mTRACE[22m[39m[0m[0m [[37m\support\fixtures\auth.fixture.ts:38[39m[0m[0m]Token úspěšně získán.
2025[0m[0m-08[0m[0m-24[0m[0m 17[0m[0m:30[0m[0m:07[0m[0m.449[0m[0m [34m[1mINFO[22m[39m[0m[0m [[37m\tests\Smoke\Moduly.spec.ts:28[39m[0m[0m]Zahajuji API smoke test suite...
2025[0m[0m-08[0m[0m-24[0m[0m 17[0m[0m:30[0m[0m:07[0m[0m.455[0m[0m [34m[1mINFO[22m[39m[0m[0m [[37m\tests\Smoke\Moduly.spec.ts:33[39m[0m[0m]ApiClient byl úspěšně inicializován s autorizačním tokenem.
2025[0m[0m-08[0m[0m-24[0m[0m 17[0m[0m:30[0m[0m:07[0m[0m.458[0m[0m [97m[1mTRACE[22m[39m[0m[0m [[37m\tests\Smoke\Moduly.spec.ts:126[39m[0m[0m]Spouštím test pro endpoint: GET /administration-api/listOfPosTerminals
2025[0m[0m-08[0m[0m-24[0m[0m 17[0m[0m:30[0m[0m:07[0m[0m.463[0m[0m [97m[1mTRACE[22m[39m[0m[0m [[37m\support\ApiClient.ts:566[39m[0m[0m]Odesílám GET požadavek na /administration-api/listOfPosTerminals/230 s parametry: {}
2025[0m[0m-08[0m[0m-24[0m[0m 17[0m[0m:30[0m[0m:07[0m[0m.517[0m[0m [37m[1mSILLY[22m[39m[0m[0m [[37m\support\ApiClient.ts:582[39m[0m[0m]Seznam POS terminálů pro sklad 230 byl úspěšně získán.
2025[0m[0m-08[0m[0m-24[0m[0m 17[0m[0m:30[0m[0m:07[0m[0m.519[0m[0m [37m[1mSILLY[22m[39m[0m[0m [[37m\tests\Smoke\Moduly.spec.ts:129[39m[0m[0m]Přijatá odpověď z API:
[
  {
    "terminalKey": "23008",
    "fixPosition": false,
    "frank": false,
    "id": 8,
    "mpay": false,
    "name": "Octomat - Petr",
    "octomat": true,
    "stockId": 230,
    "gposConfig": {
      "api": {
        "url": "http://192.168.130.230:8998"
      },
      "ocm": {
        "enable": true,
        "password": null,
        "username": null,
        "allLanguages": true,
        "automaticSummary": true,
        "automaticSummaryPeriod": "0 0 * * *",
        "savescreenAfterPayment": true,
        "savescreenBackgroundColor": "#013584"
      },
      "nats": {
        "id": "gpos-8",
        "url": "nats://192.168.130.230:4222",
        "channel": "hubd2nats",
        "timeout": 10000,
        "channelPublish": "nats2hubd"
      },
      "other": {
        "logoutTime": 300000,
        "returnBack": "ASK",
        "testServer": false,
        "nis2Enable": true,
        "printHeader": false,
        "terminalsUrl": null,
        "shutdownEnable": false,
        "strictRfidLogin": false,
        "dispensersCenter": false,
        "eurPaymentEnable": false,
        "logTerminalState": false,
        "takeReceiptEnable": true,
        "complexTransaction": false,
        "maxBadLoginAttempts": 10,
        "stornoReceiptEnable": true,
        "emptyReceiptsAllowed": 0,
        "registerManualFueling": false,
        "complexTransactionLimit": 999999,
        "manualTransactionMaxAmount": 9900,
        "complexTransactionAutomaticPay": false,
        "customerDisplaySubtotalTimeout": 1000
      },
      "ticket": {
        "url": null,
        "strategy": "OCTO",
        "preloadLimit": 10,
        "categoryGroup": 99,
        "preloadEnable": false,
        "printDisabled": false,
        "reloadInterval": 5000
      },
      "banknote": {
        "enable": false,
        "strategy": "OCTO",
        "banknoteId": "4",
        "barCodeEnable": false
      },
      "language": "cs",
      "services": {
        "cbosUrl": null,
        "gatewayApiUrl": "http://192.168.130.230:6011"
      },
      "terminal": {
        "code": "V",
        "bonusCardEnable": false,
        "possumTicketPath": "/opt/possum",
        "bonusCardFolderPath": "/opt/bonus_card",
        "bonusCardReloadInterval": 3600000
      },
      "simulator": {
        "enable": false,
        "paymentTypes": {
          "eur": {
            "chance": 0
          },
          "cash": {
            "chance": 100
          },
          "bankCard": {
            "chance": 0
          },
          "localCard": {
            "pin": null,
            "card": null,
            "chance": 0
          }
        },
        "summaryPeriod": "0 0 * * *"
      },
      "localCards": {
        "enable": false,
        "prefix": null,
        "rfidEnable": true,
        "rfidKeyboardReader": true
      },
      "technology": {
        "enable": true,
        "strategy": "OCTO",
        "productListWithTechnologies": true
      },
      "ticketPrinter": {
        "printUrl": null,
        "strategy": "DUMMY",
        "autoPrint": false
      },
      "receiptPrinter": {
        "printUrl": null,
        "strategy": "DUMMY"
      }
    }
  },
  {
    "terminalKey": "23004",
    "fixPosition": true,
    "frank": false,
    "id": 4,
    "mpay": false,
    "name": "Honza - pokladna",
    "octomat": false,
    "stockId": 230,
    "gposConfig": {
      "ocm": {
        "enable": false,
        "password": null,
        "username": null,
        "allLanguages": true,
        "automaticSummary": false,
        "automaticSummaryPeriod": "0 0 * * *",
        "savescreenAfterPayment": true,
        "savescreenBackgroundColor": "#013584"
      },
      "nats": {
        "id": "gpos-4",
        "url": "nats://192.168.130.230:4222",
        "channel": "hubd2nats",
        "timeout": 10000,
        "channelPublish": "nats2hubd"
      },
      "other": {
        "logoutTime": 300000,
        "returnBack": "ASK",
        "testServer": false,
        "nis2Enable": true,
        "printHeader": false,
        "terminalsUrl": "http://192.168.130.230:8600",
        "shutdownEnable": false,
        "strictRfidLogin": false,
        "dispensersCenter": false,
        "eurPaymentEnable": false,
        "logTerminalState": false,
        "takeReceiptEnable": true,
        "complexTransaction": false,
        "maxBadLoginAttempts": 10,
        "stornoReceiptEnable": true,
        "emptyReceiptsAllowed": 0,
        "registerManualFueling": false,
        "complexTransactionLimit": 999999,
        "manualTransactionMaxAmount": 9900,
        "complexTransactionAutomaticPay": false,
        "customerDisplaySubtotalTimeout": 1000
      },
      "ticket": {
        "url": null,
        "strategy": "OCTO",
        "preloadLimit": 10,
        "categoryGroup": 99,
        "preloadEnable": false,
        "printDisabled": false,
        "reloadInterval": 5000
      },
      "banknote": {
        "enable": true,
        "strategy": "OCTO",
        "banknoteId": null
      },
      "language": "cs",
      "services": {
        "cbosUrl": "http://192.168.130.239:8180",
        "gatewayApiUrl": "http://192.168.130.230:6011"
      },
      "terminal": {
        "code": "I",
        "bonusCardEnable": false,
        "possumTicketPath": "/opt/possum",
        "bonusCardFolderPath": "/opt/bonus_card",
        "bonusCardReloadInterval": 3600000
      },
      "simulator": {
        "enable": false,
        "paymentTypes": {
          "eur": {
            "chance": 0
          },
          "cash": {
            "chance": 50
          },
          "bankCard": {
            "chance": 50
          },
          "localCard": {
            "pin": "6547",
            "card": "912165326",
            "chance": 0
          }
        },
        "summaryPeriod": "0 0 * * *"
      },
      "localCards": {
        "enable": true,
        "prefix": null,
        "rfidEnable": true,
        "rfidKeyboardReader": true
      },
      "technology": {
        "enable": true,
        "strategy": "OCTO",
        "productListWithTechnologies": true
      },
      "ticketPrinter": {
        "printUrl": null,
        "strategy": "DUMMY",
        "autoPrint": false
      },
      "receiptPrinter": {
        "printUrl": null,
        "strategy": "DUMMY"
      }
    }
  },
  {
    "terminalKey": "23005",
    "fixPosition": true,
    "frank": false,
    "id": 5,
    "mpay": false,
    "name": "Pokladna - vitan",
    "octomat": false,
    "stockId": 230,
    "gposConfig": {
      "ocm": {
        "enable": false,
        "password": null,
        "username": null,
        "allLanguages": true,
        "automaticSummary": false,
        "automaticSummaryPeriod": "0 0 * * *",
        "savescreenAfterPayment": true,
        "savescreenBackgroundColor": "#013584"
      },
      "nats": {
        "id": "gpos-5",
        "url": "nats://192.168.130.230:4222",
        "channel": "hubd2nats",
        "timeout": 10000,
        "channelPublish": "nats2hubd"
      },
      "other": {
        "logoutTime": 300000,
        "returnBack": "ASK",
        "testServer": false,
        "nis2Enable": true,
        "printHeader": false,
        "terminalsUrl": null,
        "shutdownEnable": false,
        "strictRfidLogin": false,
        "dispensersCenter": false,
        "eurPaymentEnable": false,
        "logTerminalState": false,
        "takeReceiptEnable": true,
        "complexTransaction": false,
        "maxBadLoginAttempts": 10,
        "stornoReceiptEnable": true,
        "emptyReceiptsAllowed": 0,
        "registerManualFueling": false,
        "complexTransactionLimit": 999999,
        "manualTransactionMaxAmount": 9900,
        "complexTransactionAutomaticPay": false,
        "customerDisplaySubtotalTimeout": 1000
      },
      "ticket": {
        "url": null,
        "strategy": "OCTO",
        "preloadLimit": 10,
        "categoryGroup": 99,
        "preloadEnable": false,
        "printDisabled": false,
        "reloadInterval": 5000
      },
      "banknote": {
        "enable": true,
        "strategy": "OCTO",
        "banknoteId": null
      },
      "language": "cs",
      "services": {
        "cbosUrl": null,
        "gatewayApiUrl": "http://192.168.130.230:6011"
      },
      "terminal": {
        "code": "V",
        "bonusCardEnable": false,
        "possumTicketPath": "/opt/possum",
        "bonusCardFolderPath": "/opt/bonus_card",
        "bonusCardReloadInterval": 3600000
      },
      "simulator": {
        "enable": false,
        "paymentTypes": {
          "eur": {
            "chance": 0
          },
          "cash": {
            "chance": 100
          },
          "bankCard": {
            "chance": 0
          },
          "localCard": {
            "pin": null,
            "card": null,
            "chance": 0
          }
        },
        "summaryPeriod": "0 0 * * *"
      },
      "localCards": {
        "enable": true,
        "prefix": null,
        "rfidEnable": true,
        "rfidKeyboardReader": true
      },
      "technology": {
        "enable": true,
        "strategy": "OCTO",
        "productListWithTechnologies": true
      },
      "ticketPrinter": {
        "printUrl": null,
        "strategy": "DUMMY",
        "autoPrint": false
      },
      "receiptPrinter": {
        "printUrl": null,
        "strategy": "DUMMY"
      }
    }
  },
  {
    "terminalKey": "23007",
    "fixPosition": false,
    "frank": false,
    "id": 7,
    "mpay": false,
    "name": "Octomat-5002",
    "octomat": true,
    "stockId": 230,
    "gposConfig": {
      "api": {
        "url": "http://gpos-ocm_websocket-server:3000"
      },
      "ocm": {
        "enable": true,
        "password": null,
        "username": null,
        "allLanguages": true,
        "automaticSummary": false,
        "automaticSummaryPeriod": "0 0 * * *",
        "savescreenAfterPayment": true,
        "separatePredefinedValues": true,
        "savescreenBackgroundColor": "#013584"
      },
      "nats": {
        "id": "gpos-7",
        "url": "nats://192.168.130.230:4222",
        "channel": "hubd2nats",
        "timeout": 10000,
        "channelPublish": "nats2hubd"
      },
      "other": {
        "logoutTime": 300000,
        "returnBack": "ASK",
        "testServer": false,
        "nis2Enable": true,
        "printHeader": false,
        "terminalsUrl": null,
        "shutdownEnable": false,
        "strictRfidLogin": false,
        "dispensersCenter": false,
        "eurPaymentEnable": false,
        "logTerminalState": false,
        "takeReceiptEnable": true,
        "complexTransaction": false,
        "maxBadLoginAttempts": 10,
        "stornoReceiptEnable": true,
        "emptyReceiptsAllowed": 0,
        "registerManualFueling": false,
        "complexTransactionLimit": 999999,
        "manualTransactionMaxAmount": 9900,
        "complexTransactionAutomaticPay": false,
        "customerDisplaySubtotalTimeout": 1000
      },
      "ticket": {
        "url": null,
        "strategy": "OCTO",
        "preloadLimit": 10,
        "categoryGroup": 99,
        "preloadEnable": false,
        "printDisabled": false,
        "reloadInterval": 5000
      },
      "banknote": {
        "enable": false,
        "strategy": "OCTO",
        "banknoteId": null
      },
      "language": "cs",
      "services": {
        "cbosUrl": null,
        "gatewayApiUrl": "https://192.168.130.230:6011"
      },
      "terminal": {
        "code": "V",
        "bonusCardEnable": false,
        "possumTicketPath": "/opt/possum",
        "bonusCardFolderPath": "/opt/bonus_card",
        "bonusCardReloadInterval": 3600000
      },
      "simulator": {
        "enable": false,
        "paymentTypes": {
          "eur": {
            "chance": 0
          },
          "cash": {
            "chance": 100
          },
          "bankCard": {
            "chance": 0
          },
          "localCard": {
            "pin": null,
            "card": null,
            "chance": 0
          }
        },
        "summaryPeriod": "0 0 * * *"
      },
      "localCards": {
        "enable": false,
        "prefix": null,
        "rfidEnable": true,
        "rfidKeyboardReader": true
      },
      "technology": {
        "enable": true,
        "strategy": "OCTO",
        "productListWithTechnologies": true
      },
      "ticketPrinter": {
        "printUrl": null,
        "strategy": "DUMMY",
        "autoPrint": false
      },
      "receiptPrinter": {
        "printUrl": null,
        "strategy": "DUMMY"
      }
    }
  },
  {
    "terminalKey": "23006",
    "fixPosition": false,
    "frank": false,
    "id": 6,
    "mpay": false,
    "name": "OCM - Honza",
    "octomat": true,
    "stockId": 230,
    "gposConfig": {
      "ocm": {
        "enable": true,
        "password": null,
        "username": null,
        "allLanguages": true,
        "automaticSummary": true,
        "automaticSummaryPeriod": "0 0 * * *",
        "savescreenAfterPayment": true,
        "savescreenBackgroundColor": "#013584"
      },
      "nats": {
        "id": "gpos-6",
        "url": "nats://192.168.130.230:4222",
        "channel": "hubd2nats",
        "timeout": 10000,
        "channelPublish": "nats2hubd"
      },
      "other": {
        "logoutTime": "30000",
        "returnBack": "ASK",
        "testServer": false,
        "nis2Enable": true,
        "printHeader": false,
        "terminalsUrl": "http://192.168.130.230:8601",
        "shutdownEnable": false,
        "strictRfidLogin": false,
        "dispensersCenter": false,
        "eurPaymentEnable": false,
        "logTerminalState": false,
        "takeReceiptEnable": true,
        "complexTransaction": false,
        "maxBadLoginAttempts": 10,
        "stornoReceiptEnable": true,
        "emptyReceiptsAllowed": 0,
        "registerManualFueling": false,
        "complexTransactionLimit": 999999,
        "manualTransactionMaxAmount": 9900,
        "complexTransactionAutomaticPay": false,
        "customerDisplaySubtotalTimeout": 1000
      },
      "ticket": {
        "url": null,
        "strategy": "OCTO",
        "preloadLimit": 10,
        "categoryGroup": 99,
        "preloadEnable": false,
        "printDisabled": false,
        "reloadInterval": 5000
      },
      "banknote": {
        "enable": false,
        "strategy": "OCTO",
        "banknoteId": "0",
        "barCodeEnable": false
      },
      "language": "cs",
      "services": {
        "cbosUrl": null,
        "gatewayApiUrl": "http://192.168.130.230:6011"
      },
      "terminal": {
        "code": "V",
        "bonusCardEnable": false,
        "possumTicketPath": "/opt/possum",
        "bonusCardFolderPath": "/opt/bonus_card",
        "bonusCardReloadInterval": 3600000
      },
      "simulator": {
        "enable": true,
        "paymentTypes": {
          "eur": {
            "chance": 0
          },
          "cash": {
            "chance": 50
          },
          "bankCard": {
            "chance": 50
          },
          "localCard": {
            "pin": "6547",
            "card": "912165326",
            "chance": 0
          }
        },
        "summaryPeriod": "0 0 * * *"
      },
      "localCards": {
        "enable": false,
        "prefix": null,
        "rfidEnable": true,
        "rfidKeyboardReader": true
      },
      "technology": {
        "enable": true,
        "strategy": "OCTO",
        "productListWithTechnologies": true
      },
      "ticketPrinter": {
        "printUrl": null,
        "strategy": "DUMMY",
        "autoPrint": false
      },
      "receiptPrinter": {
        "printUrl": null,
        "strategy": "DUMMY"
      }
    }
  },
  {
    "terminalKey": "23003",
    "fixPosition": false,
    "frank": false,
    "id": 3,
    "mpay": false,
    "name": "Octomat-5001",
    "octomat": true,
    "stockId": 230,
    "gposConfig": {
      "api": {
        "url": "http://gpos-ocm_websocket-server:3000"
      },
      "ocm": {
        "enable": true,
        "password": null,
        "username": null,
        "allLanguages": true,
        "automaticSummary": false,
        "automaticSummaryPeriod": "0 0 * * *",
        "savescreenAfterPayment": true,
        "separatePredefinedValues": true,
        "savescreenBackgroundColor": "#013584"
      },
      "nats": {
        "id": "gpos-3",
        "url": "nats://192.168.130.230:4222",
        "channel": "hubd2nats",
        "timeout": 10000,
        "channelPublish": "nats2hubd"
      },
      "other": {
        "logoutTime": "300000",
        "returnBack": "ASK",
        "testServer": false,
        "nis2Enable": true,
        "printHeader": false,
        "terminalsUrl": null,
        "shutdownEnable": false,
        "strictRfidLogin": false,
        "dispensersCenter": false,
        "eurPaymentEnable": false,
        "logTerminalState": false,
        "takeReceiptEnable": true,
        "complexTransaction": false,
        "maxBadLoginAttempts": 10,
        "stornoReceiptEnable": true,
        "emptyReceiptsAllowed": 0,
        "registerManualFueling": false,
        "complexTransactionLimit": 999999,
        "manualTransactionMaxAmount": 9900,
        "complexTransactionAutomaticPay": false,
        "customerDisplaySubtotalTimeout": 1000
      },
      "ticket": {
        "url": null,
        "strategy": "OCTO",
        "preloadLimit": 10,
        "categoryGroup": 99,
        "preloadEnable": false,
        "printDisabled": false,
        "reloadInterval": 5000
      },
      "banknote": {
        "enable": false,
        "strategy": "OCTO",
        "banknoteId": "4",
        "barCodeEnable": true
      },
      "language": "cs",
      "services": {
        "cbosUrl": null,
        "gatewayApiUrl": "http://192.168.130.230:6011"
      },
      "terminal": {
        "code": "V",
        "bonusCardEnable": false,
        "possumTicketPath": "/opt/possum",
        "bonusCardFolderPath": "/opt/bonus_card",
        "bonusCardReloadInterval": 3600000
      },
      "simulator": {
        "enable": false,
        "paymentTypes": {
          "eur": {
            "chance": 0
          },
          "cash": {
            "chance": 100
          },
          "bankCard": {
            "chance": 0
          },
          "localCard": {
            "pin": null,
            "card": null,
            "chance": 0
          }
        },
        "summaryPeriod": "0 0 * * *"
      },
      "localCards": {
        "enable": false,
        "prefix": null,
        "rfidEnable": true,
        "rfidKeyboardReader": true
      },
      "technology": {
        "enable": true,
        "strategy": "OCTO",
        "productListWithTechnologies": true
      },
      "ticketPrinter": {
        "printUrl": null,
        "strategy": "DUMMY",
        "autoPrint": false
      },
      "receiptPrinter": {
        "printUrl": null,
        "strategy": "DUMMY"
      }
    }
  },
  {
    "terminalKey": "23001",
    "fixPosition": true,
    "frank": false,
    "id": 1,
    "mpay": false,
    "name": "Pokladna 1",
    "octomat": false,
    "stockId": 230,
    "gposConfig": {
      "ocm": {
        "enable": false,
        "password": null,
        "username": null,
        "allLanguages": true,
        "automaticSummary": false,
        "automaticSummaryPeriod": "0 0 * * *",
        "savescreenAfterPayment": true,
        "savescreenBackgroundColor": "#013584"
      },
      "nats": {
        "id": "gpos-1",
        "url": "nats://192.168.130.230:4222",
        "channel": "hubd2nats",
        "timeout": 10000,
        "channelPublish": "nats2hubd"
      },
      "other": {
        "logoutTime": "3000000",
        "returnBack": "ASK",
        "testServer": false,
        "nis2Enable": true,
        "printHeader": false,
        "terminalsUrl": "http://192.168.130.230:8600",
        "shutdownEnable": false,
        "strictRfidLogin": false,
        "dispensersCenter": false,
        "eurPaymentEnable": false,
        "logTerminalState": false,
        "takeReceiptEnable": true,
        "complexTransaction": false,
        "maxBadLoginAttempts": 10,
        "stornoReceiptEnable": true,
        "emptyReceiptsAllowed": 0,
        "registerManualFueling": false,
        "complexTransactionLimit": 999999,
        "manualTransactionMaxAmount": 9900,
        "complexTransactionAutomaticPay": false,
        "customerDisplaySubtotalTimeout": 1000
      },
      "ticket": {
        "url": null,
        "strategy": "OCTO",
        "preloadLimit": 10,
        "categoryGroup": 99,
        "preloadEnable": false,
        "printDisabled": false,
        "reloadInterval": 5000
      },
      "banknote": {
        "enable": true,
        "strategy": "OCTO",
        "banknoteId": null
      },
      "language": "cs",
      "services": {
        "cbosUrl": null,
        "gatewayApiUrl": "http://192.168.130.230:6011"
      },
      "terminal": {
        "code": "I",
        "bonusCardEnable": false,
        "possumTicketPath": "/opt/possum",
        "bonusCardFolderPath": "/opt/bonus_card",
        "bonusCardReloadInterval": 3600000
      },
      "simulator": {
        "enable": true,
        "paymentTypes": {
          "eur": {
            "chance": 0
          },
          "cash": {
            "chance": 100
          },
          "bankCard": {
            "chance": 0
          },
          "localCard": {
            "chance": 0
          }
        },
        "summaryPeriod": "0 0 * * *"
      },
      "localCards": {
        "enable": true,
        "prefix": null,
        "rfidEnable": true,
        "rfidKeyboardReader": true
      },
      "technology": {
        "enable": true,
        "strategy": "OCTO",
        "productListWithTechnologies": true
      },
      "ticketPrinter": {
        "printUrl": null,
        "strategy": "DUMMY",
        "autoPrint": false
      },
      "receiptPrinter": {
        "printUrl": null,
        "strategy": "DUMMY"
      }
    }
  },
  {
    "terminalKey": "23009",
    "fixPosition": false,
    "frank": false,
    "id": 9,
    "mpay": false,
    "name": "test",
    "octomat": false,
    "stockId": 230,
    "gposConfig": {
      "ocm": {
        "enable": false,
        "password": null,
        "username": null,
        "allLanguages": true,
        "automaticSummary": true,
        "automaticSummaryPeriod": "0 0 * * *",
        "savescreenAfterPayment": true,
        "separatePredefinedValues": false,
        "savescreenBackgroundColor": "#013584"
      },
      "nats": {
        "id": "gpos-9",
        "url": "nats://192.168.130.230:4222",
        "channel": "hubd2nats",
        "timeout": 10000,
        "channelPublish": "nats2hubd"
      },
      "other": {
        "logoutTime": 300000,
        "returnBack": "ASK",
        "testServer": false,
        "nis2Enable": true,
        "printHeader": false,
        "terminalsUrl": null,
        "shutdownEnable": false,
        "strictRfidLogin": false,
        "dispensersCenter": false,
        "eurPaymentEnable": false,
        "logTerminalState": false,
        "takeReceiptEnable": true,
        "complexTransaction": false,
        "maxBadLoginAttempts": 10,
        "stornoReceiptEnable": true,
        "emptyReceiptsAllowed": 0,
        "registerManualFueling": false,
        "complexTransactionLimit": 999999,
        "manualTransactionMaxAmount": 9900,
        "complexTransactionAutomaticPay": false,
        "customerDisplaySubtotalTimeout": 1000
      },
      "ticket": {
        "url": null,
        "strategy": "OCTO",
        "preloadLimit": 10,
        "categoryGroup": 99,
        "preloadEnable": false,
        "printDisabled": false,
        "reloadInterval": 5000
      },
      "banknote": {
        "enable": true,
        "strategy": "OCTO",
        "banknoteId": null,
        "barCodeEnable": false
      },
      "language": "cs",
      "services": {
        "cbosUrl": null,
        "gatewayApiUrl": "http://192.168.130.230:6011"
      },
      "terminal": {
        "code": "V",
        "bonusCardEnable": false,
        "possumTicketPath": "/opt/possum",
        "bonusCardFolderPath": "/opt/bonus_card",
        "bonusCardReloadInterval": 3600000
      },
      "simulator": {
        "enable": false,
        "paymentTypes": {
          "eur": {
            "chance": 0
          },
          "cash": {
            "chance": 100
          },
          "bankCard": {
            "chance": 0
          },
          "localCard": {
            "pin": null,
            "card": null,
            "chance": 0
          }
        },
        "summaryPeriod": "0 0 * * *"
      },
      "localCards": {
        "enable": false,
        "prefix": null,
        "rfidEnable": true,
        "rfidKeyboardReader": true
      },
      "technology": {
        "enable": true,
        "strategy": "OCTO",
        "productListWithTechnologies": true
      },
      "ticketPrinter": {
        "printUrl": null,
        "strategy": "DUMMY",
        "autoPrint": false
      },
      "receiptPrinter": {
        "printUrl": null,
        "strategy": "DUMMY"
      }
    }
  },
  {
    "terminalKey": "23002",
    "fixPosition": false,
    "frank": false,
    "id": 2,
    "mpay": false,
    "name": "Octomat",
    "octomat": true,
    "stockId": 230,
    "gposConfig": {
      "api": {
        "url": "http://192.168.130.230:8998"
      },
      "ocm": {
        "enable": true,
        "password": null,
        "username": null,
        "allLanguages": true,
        "automaticSummary": false,
        "automaticSummaryPeriod": "0 0 * * *",
        "savescreenAfterPayment": true,
        "separatePredefinedValues": false,
        "savescreenBackgroundColor": "#013584"
      },
      "nats": {
        "id": "gpos-2",
        "url": "nats://192.168.130.230:4222",
        "channel": "hubd2nats",
        "timeout": 10000,
        "channelPublish": "nats2hubd"
      },
      "other": {
        "logoutTime": 300000,
        "returnBack": "ASK",
        "testServer": false,
        "nis2Enable": true,
        "printHeader": false,
        "terminalsUrl": "http://192.168.130.230:8601",
        "shutdownEnable": false,
        "strictRfidLogin": false,
        "dispensersCenter": false,
        "eurPaymentEnable": false,
        "logTerminalState": false,
        "takeReceiptEnable": true,
        "complexTransaction": false,
        "maxBadLoginAttempts": 10,
        "stornoReceiptEnable": true,
        "emptyReceiptsAllowed": 0,
        "registerManualFueling": false,
        "complexTransactionLimit": 999999,
        "manualTransactionMaxAmount": 9900,
        "complexTransactionAutomaticPay": false,
        "customerDisplaySubtotalTimeout": 1000
      },
      "ticket": {
        "url": null,
        "strategy": "OCTO",
        "preloadLimit": 10,
        "categoryGroup": 99,
        "preloadEnable": false,
        "printDisabled": false,
        "reloadInterval": 5000
      },
      "banknote": {
        "enable": true,
        "strategy": "OCTO",
        "banknoteId": "4",
        "barCodeEnable": false
      },
      "language": "cs",
      "services": {
        "cbosUrl": null,
        "gatewayApiUrl": "http://192.168.130.230:6011"
      },
      "terminal": {
        "code": "V",
        "bonusCardEnable": false,
        "possumTicketPath": "/opt/possum",
        "bonusCardFolderPath": "/opt/bonus_card",
        "bonusCardReloadInterval": 3600000
      },
      "simulator": {
        "enable": false,
        "paymentTypes": {
          "eur": {
            "chance": 0
          },
          "cash": {
            "chance": 100
          },
          "bankCard": {
            "chance": 0
          },
          "localCard": {
            "pin": null,
            "card": null,
            "chance": 0
          }
        },
        "summaryPeriod": "0 0 * * *"
      },
      "localCards": {
        "enable": false,
        "prefix": null,
        "rfidEnable": true,
        "rfidKeyboardReader": true
      },
      "technology": {
        "enable": true,
        "strategy": "OCTO",
        "productListWithTechnologies": true
      },
      "ticketPrinter": {
        "printUrl": null,
        "strategy": "DUMMY",
        "autoPrint": false
      },
      "receiptPrinter": {
        "printUrl": null,
        "strategy": "DUMMY"
      }
    }
  }
]
2025[0m[0m-08[0m[0m-24[0m[0m 17[0m[0m:30[0m[0m:07[0m[0m.524[0m[0m [34m[1mINFO[22m[39m[0m[0m [[37m\tests\Smoke\Moduly.spec.ts:139[39m[0m[0m]Endpoint úspěšně vrátil 9 POS terminálů.
]]>
</system-out>
</testcase>
<testcase name="API Smoke Tests › TC-1200: GET /administration-api/listOfHotKeysDefinitions - Rychlé volby @Smoke @API @Critical POS Terminál 2/2" classname="Smoke\Moduly.spec.ts" time="0.877">
<system-out>
<![CDATA[2025[0m[0m-08[0m[0m-24[0m[0m 17[0m[0m:30[0m[0m:07[0m[0m.544[0m[0m [97m[1mTRACE[22m[39m[0m[0m [[37m\support\fixtures\auth.fixture.ts:22[39m[0m[0m]Spouštím 'authToken' fixture pro získání tokenu...
2025[0m[0m-08[0m[0m-24[0m[0m 17[0m[0m:30[0m[0m:08[0m[0m.335[0m[0m [97m[1mTRACE[22m[39m[0m[0m [[37m\support\fixtures\auth.fixture.ts:38[39m[0m[0m]Token úspěšně získán.
2025[0m[0m-08[0m[0m-24[0m[0m 17[0m[0m:30[0m[0m:08[0m[0m.337[0m[0m [34m[1mINFO[22m[39m[0m[0m [[37m\tests\Smoke\Moduly.spec.ts:28[39m[0m[0m]Zahajuji API smoke test suite...
2025[0m[0m-08[0m[0m-24[0m[0m 17[0m[0m:30[0m[0m:08[0m[0m.343[0m[0m [34m[1mINFO[22m[39m[0m[0m [[37m\tests\Smoke\Moduly.spec.ts:33[39m[0m[0m]ApiClient byl úspěšně inicializován s autorizačním tokenem.
2025[0m[0m-08[0m[0m-24[0m[0m 17[0m[0m:30[0m[0m:08[0m[0m.345[0m[0m [97m[1mTRACE[22m[39m[0m[0m [[37m\tests\Smoke\Moduly.spec.ts:145[39m[0m[0m]Spouštím test pro endpoint: GET /administration-api/listOfHotKeysDefinitions
2025[0m[0m-08[0m[0m-24[0m[0m 17[0m[0m:30[0m[0m:08[0m[0m.348[0m[0m [97m[1mTRACE[22m[39m[0m[0m [[37m\support\ApiClient.ts:600[39m[0m[0m]Odesílám GET požadavek na /administration-api/listOfHotKeysDefinitions/230/23001 s parametry: {}
2025[0m[0m-08[0m[0m-24[0m[0m 17[0m[0m:30[0m[0m:08[0m[0m.410[0m[0m [37m[1mSILLY[22m[39m[0m[0m [[37m\support\ApiClient.ts:616[39m[0m[0m]Definice rychlých voleb byly úspěšně získány.
2025[0m[0m-08[0m[0m-24[0m[0m 17[0m[0m:30[0m[0m:08[0m[0m.413[0m[0m [37m[1mSILLY[22m[39m[0m[0m [[37m\tests\Smoke\Moduly.spec.ts:148[39m[0m[0m]Přijatá odpověď z API:
[
  {
    "definitionKey": "23001003",
    "posTerminalKey": "23001",
    "id": 52,
    "keyNumber": 3,
    "stockCardId": 757,
    "stockCardName": "CANDY UP ČOKO 0.5l",
    "guiColor": "#85200C",
    "guiText": "",
    "guiTextSubtitle": "",
    "backgroundColor": false,
    "showPrice": false,
    "hotKeysGroupId": 19,
    "foreignHotKeysGroupId": null,
    "foreignHotKeysGroupName": null,
    "foreignHotKeysGroupColor": null,
    "sellingPrice": null,
    "iconFile": "false",
    "languages": null
  },
  {
    "definitionKey": "23001001",
    "posTerminalKey": "23001",
    "id": 46,
    "keyNumber": 1,
    "stockCardId": 107,
    "stockCardName": "Noviny",
    "guiColor": "#B7B7B7",
    "guiText": "",
    "guiTextSubtitle": "",
    "backgroundColor": true,
    "showPrice": false,
    "hotKeysGroupId": 31,
    "foreignHotKeysGroupId": null,
    "foreignHotKeysGroupName": null,
    "foreignHotKeysGroupColor": null,
    "sellingPrice": 20,
    "iconFile": "false",
    "languages": null
  },
  {
    "definitionKey": "23001001",
    "posTerminalKey": "23001",
    "id": 50,
    "keyNumber": 1,
    "stockCardId": 107,
    "stockCardName": "Noviny",
    "guiColor": "#B7B7B7",
    "guiText": "",
    "guiTextSubtitle": "",
    "backgroundColor": true,
    "showPrice": true,
    "hotKeysGroupId": 19,
    "foreignHotKeysGroupId": null,
    "foreignHotKeysGroupName": null,
    "foreignHotKeysGroupColor": null,
    "sellingPrice": 20,
    "iconFile": "false",
    "languages": null
  },
  {
    "definitionKey": "23001010",
    "posTerminalKey": "23001",
    "id": 56,
    "keyNumber": 10,
    "stockCardId": 693,
    "stockCardName": "HD STICK MANGO 80ml",
    "guiColor": "#38761D",
    "guiText": "",
    "guiTextSubtitle": "",
    "backgroundColor": true,
    "showPrice": false,
    "hotKeysGroupId": 19,
    "foreignHotKeysGroupId": null,
    "foreignHotKeysGroupName": null,
    "foreignHotKeysGroupColor": null,
    "sellingPrice": null,
    "iconFile": "false",
    "languages": null
  },
  {
    "definitionKey": "23001002",
    "posTerminalKey": "23001",
    "id": 51,
    "keyNumber": 2,
    "stockCardId": 109,
    "stockCardName": "Orion čokoláda",
    "guiColor": "#0B5394",
    "guiText": "",
    "guiTextSubtitle": "",
    "backgroundColor": true,
    "showPrice": true,
    "hotKeysGroupId": 19,
    "foreignHotKeysGroupId": null,
    "foreignHotKeysGroupName": null,
    "foreignHotKeysGroupColor": null,
    "sellingPrice": 30,
    "iconFile": "false",
    "languages": null
  },
  {
    "definitionKey": "23001015",
    "posTerminalKey": "23001",
    "id": 53,
    "keyNumber": 15,
    "stockCardId": 329,
    "stockCardName": "Bílá čoko s malinami 85g",
    "guiColor": "#D0E0E3",
    "guiText": "",
    "guiTextSubtitle": "",
    "backgroundColor": true,
    "showPrice": true,
    "hotKeysGroupId": 19,
    "foreignHotKeysGroupId": null,
    "foreignHotKeysGroupName": null,
    "foreignHotKeysGroupColor": null,
    "sellingPrice": null,
    "iconFile": "false",
    "languages": null
  },
  {
    "definitionKey": "23001001",
    "posTerminalKey": "23001",
    "id": 69,
    "keyNumber": 1,
    "stockCardId": 111,
    "stockCardName": "Hadřík na sklo",
    "guiColor": "#F1C232",
    "guiText": "Sleva 1+1",
    "guiTextSubtitle": "Sleva 1+1",
    "backgroundColor": false,
    "showPrice": false,
    "hotKeysGroupId": 42,
    "foreignHotKeysGroupId": null,
    "foreignHotKeysGroupName": null,
    "foreignHotKeysGroupColor": null,
    "sellingPrice": 55,
    "iconFile": "false",
    "languages": null
  },
  {
    "definitionKey": "23001002",
    "posTerminalKey": "23001",
    "id": 70,
    "keyNumber": 2,
    "stockCardId": 103,
    "stockCardName": "Tatranka",
    "guiColor": "#A64D79",
    "guiText": "",
    "guiTextSubtitle": "Sleva",
    "backgroundColor": false,
    "showPrice": false,
    "hotKeysGroupId": 42,
    "foreignHotKeysGroupId": null,
    "foreignHotKeysGroupName": null,
    "foreignHotKeysGroupColor": null,
    "sellingPrice": 7,
    "iconFile": "false",
    "languages": null
  },
  {
    "definitionKey": "23001001",
    "posTerminalKey": "23001",
    "id": 92,
    "keyNumber": 1,
    "stockCardId": null,
    "stockCardName": "",
    "guiColor": "",
    "guiText": "",
    "guiTextSubtitle": "",
    "backgroundColor": false,
    "showPrice": false,
    "hotKeysGroupId": 2,
    "foreignHotKeysGroupId": 19,
    "foreignHotKeysGroupName": "Zelenoučká skupinka",
    "foreignHotKeysGroupColor": "#D9EAD3",
    "sellingPrice": null,
    "iconFile": "false",
    "languages": null
  },
  {
    "definitionKey": "23001001",
    "posTerminalKey": "23001",
    "id": 79,
    "keyNumber": 1,
    "stockCardId": 105,
    "stockCardName": "Pivo",
    "guiColor": "#6AA84F",
    "guiText": "Pivo",
    "guiTextSubtitle": "test",
    "backgroundColor": true,
    "showPrice": true,
    "hotKeysGroupId": 48,
    "foreignHotKeysGroupId": null,
    "foreignHotKeysGroupName": null,
    "foreignHotKeysGroupColor": null,
    "sellingPrice": 49.8,
    "iconFile": "false",
    "languages": null
  },
  {
    "definitionKey": "23001002",
    "posTerminalKey": "23001",
    "id": 6,
    "keyNumber": 2,
    "stockCardId": 104,
    "stockCardName": "Láhev",
    "guiColor": "#45818E",
    "guiText": "",
    "guiTextSubtitle": "",
    "backgroundColor": true,
    "showPrice": true,
    "hotKeysGroupId": 2,
    "foreignHotKeysGroupId": null,
    "foreignHotKeysGroupName": null,
    "foreignHotKeysGroupColor": null,
    "sellingPrice": 3,
    "iconFile": "false",
    "languages": null
  },
  {
    "definitionKey": "23001003",
    "posTerminalKey": "23001",
    "id": 80,
    "keyNumber": 3,
    "stockCardId": null,
    "stockCardName": "",
    "guiColor": "",
    "guiText": "",
    "guiTextSubtitle": "",
    "backgroundColor": false,
    "showPrice": false,
    "hotKeysGroupId": 2,
    "foreignHotKeysGroupId": 48,
    "foreignHotKeysGroupName": "TJ Skupina",
    "foreignHotKeysGroupColor": "#741B47",
    "sellingPrice": null,
    "iconFile": "false",
    "languages": null
  },
  {
    "definitionKey": "23001004",
    "posTerminalKey": "23001",
    "id": 71,
    "keyNumber": 4,
    "stockCardId": null,
    "stockCardName": "",
    "guiColor": "",
    "guiText": "",
    "guiTextSubtitle": "",
    "backgroundColor": false,
    "showPrice": false,
    "hotKeysGroupId": 2,
    "foreignHotKeysGroupId": 42,
    "foreignHotKeysGroupName": "Slevičky",
    "foreignHotKeysGroupColor": "#F5F910",
    "sellingPrice": null,
    "iconFile": "false",
    "languages": null
  },
  {
    "definitionKey": "23001005",
    "posTerminalKey": "23001",
    "id": 57,
    "keyNumber": 5,
    "stockCardId": null,
    "stockCardName": "",
    "guiColor": "",
    "guiText": "",
    "guiTextSubtitle": "",
    "backgroundColor": false,
    "showPrice": false,
    "hotKeysGroupId": 2,
    "foreignHotKeysGroupId": 37,
    "foreignHotKeysGroupName": "Pitíčko",
[...]

    Expected: "number"
    Received: "object"

      198 |         // Specifická aserce: ověříme, že odpověď obsahuje klíč pro dotazovanou tabulku a že hodnota je číslo
      199 |         expect(response[tableToQuery], `Odpověď musí obsahovat klíč pro tabulku "${tableToQuery}"`).toBeDefined();
    > 200 |         expect(typeof response[tableToQuery], `Hodnota pro "${tableToQuery}" musí být číslo`).toBe('number');
          |                                                                                               ^
      201 |         expect(response[tableToQuery], `Počet záznamů pro "${tableToQuery}" musí být 0 nebo více`).toBeGreaterThanOrEqual(0);
      202 |
      203 |         logger.info(`Endpoint úspěšně vrátil počet záznamů pro tabulku "${tableToQuery}": ${response[tableToQuery]}.`);
        at C:\Users\novakma\Testy_CBOS\tests\Smoke\Moduly.spec.ts:200:95

    Retry #1 ───────────────────────────────────────────────────────────────────────────────────────

    Error: Hodnota pro "localCards" musí být číslo

    expect(received).toBe(expected) // Object.is equality

    Expected: "number"
    Received: "object"

      198 |         // Specifická aserce: ověříme, že odpověď obsahuje klíč pro dotazovanou tabulku a že hodnota je číslo
      199 |         expect(response[tableToQuery], `Odpověď musí obsahovat klíč pro tabulku "${tableToQuery}"`).toBeDefined();
    > 200 |         expect(typeof response[tableToQuery], `Hodnota pro "${tableToQuery}" musí být číslo`).toBe('number');
          |                                                                                               ^
      201 |         expect(response[tableToQuery], `Počet záznamů pro "${tableToQuery}" musí být 0 nebo více`).toBeGreaterThanOrEqual(0);
      202 |
      203 |         logger.info(`Endpoint úspěšně vrátil počet záznamů pro tabulku "${tableToQuery}": ${response[tableToQuery]}.`);
        at C:\Users\novakma\Testy_CBOS\tests\Smoke\Moduly.spec.ts:200:95

    Retry #2 ───────────────────────────────────────────────────────────────────────────────────────

    Error: Hodnota pro "localCards" musí být číslo

    expect(received).toBe(expected) // Object.is equality

    Expected: "number"
    Received: "object"

      198 |         // Specifická aserce: ověříme, že odpověď obsahuje klíč pro dotazovanou tabulku a že hodnota je číslo
      199 |         expect(response[tableToQuery], `Odpověď musí obsahovat klíč pro tabulku "${tableToQuery}"`).toBeDefined();
    > 200 |         expect(typeof response[tableToQuery], `Hodnota pro "${tableToQuery}" musí být číslo`).toBe('number');
          |                                                                                               ^
      201 |         expect(response[tableToQuery], `Počet záznamů pro "${tableToQuery}" musí být 0 nebo více`).toBeGreaterThanOrEqual(0);
      202 |
      203 |         logger.info(`Endpoint úspěšně vrátil počet záznamů pro tabulku "${tableToQuery}": ${response[tableToQuery]}.`);
        at C:\Users\novakma\Testy_CBOS\tests\Smoke\Moduly.spec.ts:200:95
]]>
</failure>
<system-out>
<![CDATA[2025[0m[0m-08[0m[0m-24[0m[0m 17[0m[0m:30[0m[0m:40[0m[0m.543[0m[0m [97m[1mTRACE[22m[39m[0m[0m [[37m\support\fixtures\auth.fixture.ts:22[39m[0m[0m]Spouštím 'authToken' fixture pro získání tokenu...
2025[0m[0m-08[0m[0m-24[0m[0m 17[0m[0m:30[0m[0m:41[0m[0m.218[0m[0m [97m[1mTRACE[22m[39m[0m[0m [[37m\support\fixtures\auth.fixture.ts:38[39m[0m[0m]Token úspěšně získán.
2025[0m[0m-08[0m[0m-24[0m[0m 17[0m[0m:30[0m[0m:41[0m[0m.219[0m[0m [34m[1mINFO[22m[39m[0m[0m [[37m\tests\Smoke\Moduly.spec.ts:28[39m[0m[0m]Zahajuji API smoke test suite...
2025[0m[0m-08[0m[0m-24[0m[0m 17[0m[0m:30[0m[0m:41[0m[0m.225[0m[0m [34m[1mINFO[22m[39m[0m[0m [[37m\tests\Smoke\Moduly.spec.ts:33[39m[0m[0m]ApiClient byl úspěšně inicializován s autorizačním tokenem.
2025[0m[0m-08[0m[0m-24[0m[0m 17[0m[0m:30[0m[0m:41[0m[0m.229[0m[0m [97m[1mTRACE[22m[39m[0m[0m [[37m\tests\Smoke\Moduly.spec.ts:183[39m[0m[0m]Spouštím test pro endpoint: GET /dashboard-api/tablesCountInfo
2025[0m[0m-08[0m[0m-24[0m[0m 17[0m[0m:30[0m[0m:41[0m[0m.234[0m[0m [97m[1mTRACE[22m[39m[0m[0m [[37m\support\ApiClient.ts:636[39m[0m[0m]Odesílám GET požadavek na /dashboard-api/tablesCountInfo s parametry: {"accOwner":"60193531","tables":"localCards"}
2025[0m[0m-08[0m[0m-24[0m[0m 17[0m[0m:30[0m[0m:41[0m[0m.315[0m[0m [37m[1mSILLY[22m[39m[0m[0m [[37m\support\ApiClient.ts:652[39m[0m[0m]Informace o počtech tabulek byly úspěšně získány.
2025[0m[0m-08[0m[0m-24[0m[0m 17[0m[0m:30[0m[0m:41[0m[0m.317[0m[0m [37m[1mSILLY[22m[39m[0m[0m [[37m\tests\Smoke\Moduly.spec.ts:191[39m[0m[0m]Přijatá odpověď z API:
{
  "localCards": {
    "active": 4,
    "count": 8
  }
}
2025[0m[0m-08[0m[0m-24[0m[0m 17[0m[0m:30[0m[0m:42[0m[0m.590[0m[0m [97m[1mTRACE[22m[39m[0m[0m [[37m\support\fixtures\auth.fixture.ts:22[39m[0m[0m]Spouštím 'authToken' fixture pro získání tokenu...
2025[0m[0m-08[0m[0m-24[0m[0m 17[0m[0m:30[0m[0m:43[0m[0m.258[0m[0m [97m[1mTRACE[22m[39m[0m[0m [[37m\support\fixtures\auth.fixture.ts:38[39m[0m[0m]Token úspěšně získán.
2025[0m[0m-08[0m[0m-24[0m[0m 17[0m[0m:30[0m[0m:43[0m[0m.261[0m[0m [34m[1mINFO[22m[39m[0m[0m [[37m\tests\Smoke\Moduly.spec.ts:28[39m[0m[0m]Zahajuji API smoke test suite...
2025[0m[0m-08[0m[0m-24[0m[0m 17[0m[0m:30[0m[0m:43[0m[0m.264[0m[0m [34m[1mINFO[22m[39m[0m[0m [[37m\tests\Smoke\Moduly.spec.ts:33[39m[0m[0m]ApiClient byl úspěšně inicializován s autorizačním tokenem.
2025[0m[0m-08[0m[0m-24[0m[0m 17[0m[0m:30[0m[0m:43[0m[0m.267[0m[0m [97m[1mTRACE[22m[39m[0m[0m [[37m\tests\Smoke\Moduly.spec.ts:183[39m[0m[0m]Spouštím test pro endpoint: GET /dashboard-api/tablesCountInfo
2025[0m[0m-08[0m[0m-24[0m[0m 17[0m[0m:30[0m[0m:43[0m[0m.269[0m[0m [97m[1mTRACE[22m[39m[0m[0m [[37m\support\ApiClient.ts:636[39m[0m[0m]Odesílám GET požadavek na /dashboard-api/tablesCountInfo s parametry: {"accOwner":"60193531","tables":"localCards"}
2025[0m[0m-08[0m[0m-24[0m[0m 17[0m[0m:30[0m[0m:43[0m[0m.319[0m[0m [37m[1mSILLY[22m[39m[0m[0m [[37m\support\ApiClient.ts:652[39m[0m[0m]Informace o počtech tabulek byly úspěšně získány.
2025[0m[0m-08[0m[0m-24[0m[0m 17[0m[0m:30[0m[0m:43[0m[0m.321[0m[0m [37m[1mSILLY[22m[39m[0m[0m [[37m\tests\Smoke\Moduly.spec.ts:191[39m[0m[0m]Přijatá odpověď z API:
{
  "localCards": {
    "active": 4,
    "count": 8
  }
}
2025[0m[0m-08[0m[0m-24[0m[0m 17[0m[0m:30[0m[0m:44[0m[0m.358[0m[0m [97m[1mTRACE[22m[39m[0m[0m [[37m\support\fixtures\auth.fixture.ts:22[39m[0m[0m]Spouštím 'authToken' fixture pro získání tokenu...
2025[0m[0m-08[0m[0m-24[0m[0m 17[0m[0m:30[0m[0m:45[0m[0m.083[0m[0m [97m[1mTRACE[22m[39m[0m[0m [[37m\support\fixtures\auth.fixture.ts:38[39m[0m[0m]Token úspěšně získán.
2025[0m[0m-08[0m[0m-24[0m[0m 17[0m[0m:30[0m[0m:45[0m[0m.086[0m[0m [34m[1mINFO[22m[39m[0m[0m [[37m\tests\Smoke\Moduly.spec.ts:28[39m[0m[0m]Zahajuji API smoke test suite...
2025[0m[0m-08[0m[0m-24[0m[0m 17[0m[0m:30[0m[0m:45[0m[0m.088[0m[0m [34m[1mINFO[22m[39m[0m[0m [[37m\tests\Smoke\Moduly.spec.ts:33[39m[0m[0m]ApiClient byl úspěšně inicializován s autorizačním tokenem.
2025[0m[0m-08[0m[0m-24[0m[0m 17[0m[0m:30[0m[0m:45[0m[0m.089[0m[0m [97m[1mTRACE[22m[39m[0m[0m [[37m\tests\Smoke\Moduly.spec.ts:183[39m[0m[0m]Spouštím test pro endpoint: GET /dashboard-api/tablesCountInfo
2025[0m[0m-08[0m[0m-24[0m[0m 17[0m[0m:30[0m[0m:45[0m[0m.090[0m[0m [97m[1mTRACE[22m[39m[0m[0m [[37m\support\ApiClient.ts:636[39m[0m[0m]Odesílám GET požadavek na /dashboard-api/tablesCountInfo s parametry: {"accOwner":"60193531","tables":"localCards"}
2025[0m[0m-08[0m[0m-24[0m[0m 17[0m[0m:30[0m[0m:45[0m[0m.140[0m[0m [37m[1mSILLY[22m[39m[0m[0m [[37m\support\ApiClient.ts:652[39m[0m[0m]Informace o počtech tabulek byly úspěšně získány.
2025[0m[0m-08[0m[0m-24[0m[0m 17[0m[0m:30[0m[0m:45[0m[0m.145[0m[0m [37m[1mSILLY[22m[39m[0m[0m [[37m\tests\Smoke\Moduly.spec.ts:191[39m[0m[0m]Přijatá odpověď z API:
{
  "localCards": {
    "active": 4,
    "count": 8
  }
}
]]>
</system-out>
</testcase>
<testcase name="API Smoke Tests › TC-1203: GET /reports-api/listOfLocalCards - Obchod/Fleet karty @Smoke @API @Critical" classname="Smoke\Moduly.spec.ts" time="0.888">
<system-out>
<![CDATA[2025[0m[0m-08[0m[0m-24[0m[0m 17[0m[0m:30[0m[0m:46[0m[0m.089[0m[0m [97m[1mTRACE[22m[39m[0m[0m [[37m\support\fixtures\auth.fixture.ts:22[39m[0m[0m]Spouštím 'authToken' fixture pro získání tokenu...
2025[0m[0m-08[0m[0m-24[0m[0m 17[0m[0m:30[0m[0m:46[0m[0m.862[0m[0m [97m[1mTRACE[22m[39m[0m[0m [[37m\support\fixtures\auth.fixture.ts:38[39m[0m[0m]Token úspěšně získán.
2025[0m[0m-08[0m[0m-24[0m[0m 17[0m[0m:30[0m[0m:46[0m[0m.865[0m[0m [34m[1mINFO[22m[39m[0m[0m [[37m\tests\Smoke\Moduly.spec.ts:28[39m[0m[0m]Zahajuji API smoke test suite...
2025[0m[0m-08[0m[0m-24[0m[0m 17[0m[0m:30[0m[0m:46[0m[0m.868[0m[0m [34m[1mINFO[22m[39m[0m[0m [[37m\tests\Smoke\Moduly.spec.ts:33[39m[0m[0m]ApiClient byl úspěšně inicializován s autorizačním tokenem.
2025[0m[0m-08[0m[0m-24[0m[0m 17[0m[0m:30[0m[0m:46[0m[0m.870[0m[0m [97m[1mTRACE[22m[39m[0m[0m [[37m\tests\Smoke\Moduly.spec.ts:207[39m[0m[0m]Spouštím test pro endpoint: GET /reports-api/listOfLocalCards
2025[0m[0m-08[0m[0m-24[0m[0m 17[0m[0m:30[0m[0m:46[0m[0m.871[0m[0m [97m[1mTRACE[22m[39m[0m[0m [[37m\support\ApiClient.ts:676[39m[0m[0m]Odesílám GET požadavek na /reports-api/listOfLocalCards s parametry: {"accOwner":"60193531","limit":5}
2025[0m[0m-08[0m[0m-24[0m[0m 17[0m[0m:30[0m[0m:46[0m[0m.958[0m[0m [37m[1mSILLY[22m[39m[0m[0m [[37m\support\ApiClient.ts:692[39m[0m[0m]Seznam lokálních karet byl úspěšně získán.
2025[0m[0m-08[0m[0m-24[0m[0m 17[0m[0m:30[0m[0m:46[0m[0m.959[0m[0m [37m[1mSILLY[22m[39m[0m[0m [[37m\tests\Smoke\Moduly.spec.ts:215[39m[0m[0m]Přijatá odpověď z API:
[
  {
    "cardLabel": "012345678911111",
    "cardNr": "012345678911111",
    "cardType": 1,
    "cardTypeName": "enums.Payment",
    "created": "2025-06-06T13:33:37.830Z",
    "isImported": false,
    "updated": "2025-06-24T11:16:45.526Z",
    "valid": true,
    "localCardDetailId": 3,
    "carNr": "",
    "cardIdentification": "",
    "cardIdentificationName": "enums.Universale",
    "driverName": "",
    "endValid": null,
    "groupInterval": [],
    "groupIntervalUnlimited": true,
    "limitDay": null,
    "limitDayCurrent": 0,
    "limitMonth": null,
    "limitMonthCurrent": 0,
    "limitsReset": "2025-08-23T22:00:00.137Z",
    "limitTrans": null,
    "limitWeek": null,
    "limitWeekCurrent": 0,
    "needSecondCard": false,
    "partnerAccOwner": "60193531",
    "partnerId": 1,
    "partnerName": "ČEPRO, a.s.",
    "personalNumber": "",
    "pinNr": "$2b$12$SmECzoSTFJDdr69v1y.Uh.uyzfntYHAlbOFszYGvoVzi8HnJi2KM.",
    "startValid": "2025-06-11T12:23:07.890Z",
    "vehicleName": "",
    "detail": [
      {
        "limitDay": null,
        "limitWeek": null,
        "limitMonth": null,
        "limitTrans": null
      }
    ]
  },
  {
    "cardLabel": "012345678911112",
    "cardNr": "012345678911112",
    "cardType": 2,
    "cardTypeName": "enums.Discount",
    "created": "2025-06-17T10:41:24.787Z",
    "isImported": false,
    "updated": "2025-06-17T10:41:24.787Z",
    "valid": false,
    "localCardDetailId": null,
    "carNr": null,
    "cardIdentification": null,
    "cardIdentificationName": null,
    "driverName": null,
    "endValid": null,
    "groupInterval": null,
    "groupIntervalUnlimited": null,
    "limitDay": null,
    "limitDayCurrent": null,
    "limitMonth": null,
    "limitMonthCurrent": null,
    "limitsReset": null,
    "limitTrans": null,
    "limitWeek": null,
    "limitWeekCurrent": null,
    "needSecondCard": null,
    "partnerAccOwner": null,
    "partnerId": null,
    "partnerName": null,
    "personalNumber": null,
    "pinNr": null,
    "startValid": null,
    "vehicleName": null,
    "detail": [
      {
        "limitDay": null,
        "limitWeek": null,
        "limitMonth": null,
        "limitTrans": null
      }
    ]
  },
  {
    "cardLabel": "012345678911113",
    "cardNr": "012345678911113",
    "cardType": 1,
    "cardTypeName": "enums.Payment",
    "created": "2025-06-17T10:42:54.385Z",
    "isImported": false,
    "updated": "2025-06-17T10:42:54.385Z",
    "valid": false,
    "localCardDetailId": null,
    "carNr": null,
    "cardIdentification": null,
    "cardIdentificationName": null,
    "driverName": null,
    "endValid": null,
    "groupInterval": null,
    "groupIntervalUnlimited": null,
    "limitDay": null,
    "limitDayCurrent": null,
    "limitMonth": null,
    "limitMonthCurrent": null,
    "limitsReset": null,
    "limitTrans": null,
    "limitWeek": null,
    "limitWeekCurrent": null,
    "needSecondCard": null,
    "partnerAccOwner": null,
    "partnerId": null,
    "partnerName": null,
    "personalNumber": null,
    "pinNr": null,
    "startValid": null,
    "vehicleName": null,
    "detail": [
      {
        "limitDay": null,
        "limitWeek": null,
        "limitMonth": null,
        "limitTrans": null
      }
    ]
  },
  {
    "cardLabel": "012345678912345",
    "cardNr": "012345678912345",
    "cardType": 1,
    "cardTypeName": "enums.Payment",
    "created": "2025-06-11T08:17:42.630Z",
    "isImported": false,
    "updated": "2025-06-11T12:30:00.516Z",
    "valid": false,
    "localCardDetailId": 2,
    "carNr": "",
    "cardIdentification": "",
    "cardIdentificationName": "enums.Universale",
    "driverName": "",
    "endValid": null,
    "groupInterval": [],
    "groupIntervalUnlimited": true,
    "limitDay": null,
    "limitDayCurrent": 0,
    "limitMonth": null,
    "limitMonthCurrent": 0,
    "limitsReset": "2025-08-23T22:00:00.137Z",
    "limitTrans": null,
    "limitWeek": null,
    "limitWeekCurrent": 0,
    "needSecondCard": false,
    "partnerAccOwner": "60193531",
    "partnerId": 8,
    "partnerName": "PepsiCo Services CZ s.r.o.",
    "personalNumber": "",
    "pinNr": "$2b$12$JHjQmpBNdpSFUZMyR.UDX.odw1aK.cJwHxwdYgtmXj/dfN4Tn0nNK",
    "startValid": "2025-06-11T08:18:21.014Z",
    "vehicleName": "",
    "detail": [
      {
        "limitDay": null,
        "limitWeek": null,
        "limitMonth": null,
        "limitTrans": null
      }
    ]
  },
  {
    "cardLabel": "015458966547854",
    "cardNr": "015458966547854",
    "cardType": 1,
    "cardTypeName": "enums.Payment",
    "created": "2025-06-06T12:19:04.079Z",
    "isImported": false,
    "updated": "2025-07-18T14:57:09.111Z",
    "valid": true,
    "localCardDetailId": 4,
    "carNr": "",
    "cardIdentification": "D",
    "cardIdentificationName": "enums.Driver",
    "driverName": "Chcankopták",
    "endValid": null,
    "groupInterval": [],
    "groupIntervalUnlimited": true,
    "limitDay": null,
    "limitDayCurrent": 0,
    "limitMonth": null,
    "limitMonthCurrent": 0,
    "limitsReset": "2025-08-23T22:00:00.137Z",
    "limitTrans": null,
    "limitWeek": null,
    "limitWeekCurrent": 0,
    "needSecondCard": false,
    "partnerAccOwner": "60193531",
    "partnerId": 1,
    "partnerName": "ČEPRO, a.s.",
    "personalNumber": "1230",
    "pinNr": "$2b$12$2HL9uMa6LQbA4wgMR0CXXuu1XUbiDgLArgg.dShcuayEdGdfluOuu",
    "startValid": "2025-06-24T12:02:51.943Z",
    "vehicleName": "",
    "detail": [
      {
        "limitDay": null,
        "limitWeek": null,
        "limitMonth": null,
        "limitTrans": null
      }
    ]
  }
]
2025[0m[0m-08[0m[0m-24[0m[0m 17[0m[0m:30[0m[0m:46[0m[0m.962[0m[0m [34m[1mINFO[22m[39m[0m[0m [[37m\tests\Smoke\Moduly.spec.ts:233[39m[0m[0m]Endpoint úspěšně vrátil 5 lokálních karet.
]]>
</system-out>
</testcase>
<testcase name="API Smoke Tests › TC-1204: GET /reports-api/listOfPricesCategories - Obchod/ Cenové kategorie @Smoke @API @Critical" classname="Smoke\Moduly.spec.ts" time="0.772">
<system-out>
<![CDATA[2025[0m[0m-08[0m[0m-24[0m[0m 17[0m[0m:30[0m[0m:46[0m[0m.975[0m[0m [97m[1mTRACE[22m[39m[0m[0m [[37m\support\fixtures\auth.fixture.ts:22[39m[0m[0m]Spouštím 'authToken' fixture pro získání tokenu...
2025[0m[0m-08[0m[0m-24[0m[0m 17[0m[0m:30[0m[0m:47[0m[0m.680[0m[0m [97m[1mTRACE[22m[39m[0m[0m [[37m\support\fixtures\auth.fixture.ts:38[39m[0m[0m]Token úspěšně získán.
2025[0m[0m-08[0m[0m-24[0m[0m 17[0m[0m:30[0m[0m:47[0m[0m.681[0m[0m [34m[1mINFO[22m[39m[0m[0m [[37m\tests\Smoke\Moduly.spec.ts:28[39m[0m[0m]Zahajuji API smoke test suite...
2025[0m[0m-08[0m[0m-24[0m[0m 17[0m[0m:30[0m[0m:47[0m[0m.686[0m[0m [34m[1mINFO[22m[39m[0m[0m [[37m\tests\Smoke\Moduly.spec.ts:33[39m[0m[0m]ApiClient byl úspěšně inicializován s autorizačním tokenem.
2025[0m[0m-08[0m[0m-24[0m[0m 17[0m[0m:30[0m[0m:47[0m[0m.688[0m[0m [97m[1mTRACE[22m[39m[0m[0m [[37m\tests\Smoke\Moduly.spec.ts:238[39m[0m[0m]Spouštím test pro endpoint: GET /reports-api/listOfPricesCategories
2025[0m[0m-08[0m[0m-24[0m[0m 17[0m[0m:30[0m[0m:47[0m[0m.689[0m[0m [97m[1mTRACE[22m[39m[0m[0m [[37m\support\ApiClient.ts:710[39m[0m[0m]Odesílám GET požadavek na /reports-api/listOfPricesCategories s parametry: {"accOwner":"60193531"}
2025[0m[0m-08[0m[0m-24[0m[0m 17[0m[0m:30[0m[0m:47[0m[0m.734[0m[0m [37m[1mSILLY[22m[39m[0m[0m [[37m\support\ApiClient.ts:726[39m[0m[0m]Seznam cenových kategorií byl úspěšně získán.
2025[0m[0m-08[0m[0m-24[0m[0m 17[0m[0m:30[0m[0m:47[0m[0m.735[0m[0m [37m[1mSILLY[22m[39m[0m[0m [[37m\tests\Smoke\Moduly.spec.ts:245[39m[0m[0m]Přijatá odpověď z API:
[
  {
    "id": 1,
    "created": "2025-06-20T08:56:00.069Z",
    "updated": "2025-07-22T10:38:20.700Z",
    "accOwner": "60193531",
    "name": "test",
    "type": "P",
    "typeName": "enums.PriceCategorieP",
    "itemsCount": 1,
    "partnersCount": 0,
    "valid": true,
    "operator": "OCTOPOS"
  },
  {
    "id": 2,
    "created": "2025-06-20T08:56:08.121Z",
    "updated": "2025-07-22T10:37:46.833Z",
    "accOwner": "60193531",
    "name": "Test",
    "type": "F",
    "typeName": "enums.PriceCategorieF",
    "itemsCount": 0,
    "partnersCount": 0,
    "valid": true,
    "operator": "OCTOPOS"
  }
]
2025[0m[0m-08[0m[0m-24[0m[0m 17[0m[0m:30[0m[0m:47[0m[0m.738[0m[0m [34m[1mINFO[22m[39m[0m[0m [[37m\tests\Smoke\Moduly.spec.ts:256[39m[0m[0m]Endpoint úspěšně vrátil 2 cenových kategorií.
]]>
</system-out>
</testcase>
<testcase name="API Smoke Tests › TC-1205: GET /reports-api/listOfEuroOilCardRequests - Obchod/Přehled žádostí o Euroil kartu @Smoke @API @Critical" classname="Smoke\Moduly.spec.ts" time="0.917">
<system-out>
<![CDATA[2025[0m[0m-08[0m[0m-24[0m[0m 17[0m[0m:30[0m[0m:47[0m[0m.755[0m[0m [97m[1mTRACE[22m[39m[0m[0m [[37m\support\fixtures\auth.fixture.ts:22[39m[0m[0m]Spouštím 'authToken' fixture pro získání tokenu...
2025[0m[0m-08[0m[0m-24[0m[0m 17[0m[0m:30[0m[0m:48[0m[0m.607[0m[0m [97m[1mTRACE[22m[39m[0m[0m [[37m\support\fixtures\auth.fixture.ts:38[39m[0m[0m]Token úspěšně získán.
2025[0m[0m-08[0m[0m-24[0m[0m 17[0m[0m:30[0m[0m:48[0m[0m.608[0m[0m [34m[1mINFO[22m[39m[0m[0m [[37m\tests\Smoke\Moduly.spec.ts:28[39m[0m[0m]Zahajuji API smoke test suite...
2025[0m[0m-08[0m[0m-24[0m[0m 17[0m[0m:30[0m[0m:48[0m[0m.611[0m[0m [34m[1mINFO[22m[39m[0m[0m [[37m\tests\Smoke\Moduly.spec.ts:33[39m[0m[0m]ApiClient byl úspěšně inicializován s autorizačním tokenem.
2025[0m[0m-08[0m[0m-24[0m[0m 17[0m[0m:30[0m[0m:48[0m[0m.611[0m[0m [97m[1mTRACE[22m[39m[0m[0m [[37m\tests\Smoke\Moduly.spec.ts:261[39m[0m[0m]Spouštím test pro endpoint: GET /reports-api/listOfEuroOilCardRequests
2025[0m[0m-08[0m[0m-24[0m[0m 17[0m[0m:30[0m[0m:48[0m[0m.613[0m[0m [97m[1mTRACE[22m[39m[0m[0m [[37m\support\ApiClient.ts:748[39m[0m[0m]Odesílám GET požadavek na /reports-api/listOfEuroOilCardRequests s parametry: {"stockId":"230","limit":5}
2025[0m[0m-08[0m[0m-24[0m[0m 17[0m[0m:30[0m[0m:48[0m[0m.660[0m[0m [37m[1mSILLY[22m[39m[0m[0m [[37m\support\ApiClient.ts:764[39m[0m[0m]Seznam žádostí o EuroOil karty byl úspěšně získán.
2025[0m[0m-08[0m[0m-24[0m[0m 17[0m[0m:30[0m[0m:48[0m[0m.663[0m[0m [37m[1mSILLY[22m[39m[0m[0m [[37m\tests\Smoke\Moduly.spec.ts:269[39m[0m[0m]Přijatá odpověď z API:
[]
2025[0m[0m-08[0m[0m-24[0m[0m 17[0m[0m:30[0m[0m:48[0m[0m.667[0m[0m [33m[1mWARN[22m[39m[0m[0m [[37m\tests\Smoke\Moduly.spec.ts:285[39m[0m[0m]Endpoint vrátil 0 žádostí o EuroOil karty pro stockId: 230.
]]>
</system-out>
</testcase>
</testsuite>
</testsuites>