<testsuites id="" name="" tests="1" failures="0" skipped="0" errors="0" time="2.3815159999999995">
  <testsuite name="Regrese\Doklady\Objednavky\Objednvaky_life_cycle_regrese_api.spec.ts" timestamp="2025-11-26T15:24:38.523Z" hostname="API" tests="1" failures="0" skipped="0" time="1.381" errors="0">
    <testcase name="TC_008: E2E - Životní cyklus s vytvořením příjemky před schválením ...  @regression @api @life_cycle @delivery_note @test" classname="Regrese\Doklady\Objednavky\Objednvaky_life_cycle_regrese_api.spec.ts" time="1.381">
      <system-out><![CDATA[2025[0m[0m-11[0m[0m-26[0m[0m 15[0m[0m:24[0m[0m:40[0m[0m.683[0m[0m [33m[1mWARN[22m[39m[0m[0m [[37m\tests\Regrese\Doklady\Objednavky\Objednvaky_life_cycle_regrese_api.spec.ts:464[39m[0m[0m]VAROVÁNÍ: Neznámá akce 'CreateDeliveryNote' v kroku '08_MakeReceipt'. Zkontrolujte STEP_REGISTRY.
]]></system-out>
    </testcase>
  </testsuite>
</testsuites>