<testsuites id="" name="" tests="16" failures="0" skipped="0" errors="0" time="44.557646999999996">
<testsuite name="Regrese\Sestavy\Sestavy_regrese-LifeCylcle_API.spec.ts" timestamp="2025-09-01T15:35:05.228Z" hostname="API" tests="16" failures="0" skipped="0" time="43.338" errors="0">
<testcase name="Cyklus pro všechny sestavy s dynamickým payloadem › TC-1234: Životní cyklus sestavy: D001 - Přehled prodejů, @regression @API @sestavy @high" classname="Regrese\Sestavy\Sestavy_regrese-LifeCylcle_API.spec.ts" time="2.845">
<system-out>
<![CDATA[2025[0m[0m-09[0m[0m-01[0m[0m 15[0m[0m:35[0m[0m:06[0m[0m.149[0m[0m [97m[1mTRACE[22m[39m[0m[0m [[37m\support\fixtures\auth.fixture.ts:23[39m[0m[0m]FIXTURE 'authToken': Budu vytvářet nový request kontext...
2025[0m[0m-09[0m[0m-01[0m[0m 15[0m[0m:35[0m[0m:06[0m[0m.156[0m[0m [97m[1mTRACE[22m[39m[0m[0m [[37m\support\fixtures\auth.fixture.ts:25[39m[0m[0m]FIXTURE 'authToken': Request kontext vytvořen.
2025[0m[0m-09[0m[0m-01[0m[0m 15[0m[0m:35[0m[0m:06[0m[0m.157[0m[0m [97m[1mTRACE[22m[39m[0m[0m [[37m\support\fixtures\auth.fixture.ts:28[39m[0m[0m]{
  message: [32m"FIXTURE 'authToken': Odesílám POST request pro získání tokenu."[39m,
  url: [32m'http://192.168.130.239:8180/auth-api/user/authorization'[39m,
  data: [32m'eyJvcGVyYXRvciI6Ik1OX1RFVFNUX0FVVE9NQVQiLCJwYXNzd29yZCI6IjEifQ=='[39m
} Detail requestu
2025[0m[0m-09[0m[0m-01[0m[0m 15[0m[0m:35[0m[0m:07[0m[0m.033[0m[0m [97m[1mTRACE[22m[39m[0m[0m [[37m\support\fixtures\auth.fixture.ts:39[39m[0m[0m]FIXTURE 'authToken': Odpověď přijata se statusem 201.
2025[0m[0m-09[0m[0m-01[0m[0m 15[0m[0m:35[0m[0m:07[0m[0m.035[0m[0m [97m[1mTRACE[22m[39m[0m[0m [[37m\support\fixtures\auth.fixture.ts:60[39m[0m[0m]FIXTURE 'authToken': Získávám 'accessToken' z JSON odpovědi.
2025[0m[0m-09[0m[0m-01[0m[0m 15[0m[0m:35[0m[0m:07[0m[0m.038[0m[0m [97m[1mTRACE[22m[39m[0m[0m [[37m\support\fixtures\auth.fixture.ts:64[39m[0m[0m]FIXTURE 'authToken': Volám 'use(token)' a předávám token dál...
2025[0m[0m-09[0m[0m-01[0m[0m 15[0m[0m:35[0m[0m:07[0m[0m.039[0m[0m [97m[1mTRACE[22m[39m[0m[0m [[37m\support\fixtures\auth.fixture.ts:74[39m[0m[0m]FIXTURE 'page' (rozšířená): Budu vkládat inicializační skript pro nastavení localStorage...
2025[0m[0m-09[0m[0m-01[0m[0m 15[0m[0m:35[0m[0m:07[0m[0m.043[0m[0m [97m[1mTRACE[22m[39m[0m[0m [[37m\support\fixtures\auth.fixture.ts:84[39m[0m[0m]FIXTURE 'page' (rozšířená): Inicializační skript byl přidán.
2025[0m[0m-09[0m[0m-01[0m[0m 15[0m[0m:35[0m[0m:07[0m[0m.961[0m[0m [97m[1mTRACE[22m[39m[0m[0m [[37m\support\fixtures\auth.fixture.ts:88[39m[0m[0m]FIXTURE 'page' (rozšířená): Navigace na '/' dokončena.
2025[0m[0m-09[0m[0m-01[0m[0m 15[0m[0m:35[0m[0m:07[0m[0m.962[0m[0m [97m[1mTRACE[22m[39m[0m[0m [[37m\support\fixtures\auth.fixture.ts:90[39m[0m[0m]FIXTURE 'page' (rozšířená): Volám 'use(page)' a předávám připravenou stránku testu...
2025[0m[0m-09[0m[0m-01[0m[0m 15[0m[0m:35[0m[0m:07[0m[0m.965[0m[0m [34m[1mINFO[22m[39m[0m[0m [[37m\tests\Regrese\Sestavy\Sestavy_regrese-LifeCylcle_API.spec.ts:36[39m[0m[0m]Spouštím test životního cyklu pro sestavu: 'D001 - Přehled prodejů'
2025[0m[0m-09[0m[0m-01[0m[0m 15[0m[0m:35[0m[0m:08[0m[0m.055[0m[0m [97m[1mTRACE[22m[39m[0m[0m [[37m\tests\Regrese\Sestavy\Sestavy_regrese-LifeCylcle_API.spec.ts:38[39m[0m[0m]Naviguji na domovskou stránku pro získání tokenu.
2025[0m[0m-09[0m[0m-01[0m[0m 15[0m[0m:35[0m[0m:08[0m[0m.071[0m[0m [97m[1mTRACE[22m[39m[0m[0m [[37m\tests\Regrese\Sestavy\Sestavy_regrese-LifeCylcle_API.spec.ts:41[39m[0m[0m]Autentizační token úspěšně získán.
2025[0m[0m-09[0m[0m-01[0m[0m 15[0m[0m:35[0m[0m:08[0m[0m.073[0m[0m [97m[1mTRACE[22m[39m[0m[0m [[37m\tests\Regrese\Sestavy\Sestavy_regrese-LifeCylcle_API.spec.ts:44[39m[0m[0m]ApiClient byl inicializován.
2025[0m[0m-09[0m[0m-01[0m[0m 15[0m[0m:35[0m[0m:08[0m[0m.073[0m[0m [97m[1mTRACE[22m[39m[0m[0m [[37m\tests\Regrese\Sestavy\Sestavy_regrese-LifeCylcle_API.spec.ts:48[39m[0m[0m]Inicializuji ReportBuilder pro sestavu 'D001 - Přehled prodejů'.
2025[0m[0m-09[0m[0m-01[0m[0m 15[0m[0m:35[0m[0m:08[0m[0m.074[0m[0m [97m[1mTRACE[22m[39m[0m[0m [[37m\tests\Regrese\Sestavy\Sestavy_regrese-LifeCylcle_API.spec.ts:49[39m[0m[0m]Vytvářím sestavu 'D001 - Přehled prodejů' s konfigurací: {"dateType":"dateRange"}
2025[0m[0m-09[0m[0m-01[0m[0m 15[0m[0m:35[0m[0m:08[0m[0m.075[0m[0m [32m[1mDEBUG[22m[39m[0m[0m [[37m\tests\Regrese\Sestavy\Sestavy_regrese-LifeCylcle_API.spec.ts:55[39m[0m[0m]Nastavuji časový rozsah (dateRange) pro sestavu 'D001 - Přehled prodejů'.
2025[0m[0m-09[0m[0m-01[0m[0m 15[0m[0m:35[0m[0m:08[0m[0m.077[0m[0m [32m[1mDEBUG[22m[39m[0m[0m [[37m\tests\Regrese\Sestavy\Sestavy_regrese-LifeCylcle_API.spec.ts:80[39m[0m[0m]Nastavuji příznak 'public' na 'true' pro sestavu 'D001 - Přehled prodejů'.
2025[0m[0m-09[0m[0m-01[0m[0m 15[0m[0m:35[0m[0m:08[0m[0m.078[0m[0m [97m[1mTRACE[22m[39m[0m[0m [[37m\support\ApiClient.ts:192[39m[0m[0m]Odesílaný PAYLOAD:
{
  "settings": {
    "availableFilters": [
      "stockId",
      "stkitmType",
      "grouping",
      "goodsOwnerId",
      "paidBy",
      "cardOwnerId",
      "cardIssuerId"
    ],
    "dateModelType": "range",
    "dateFrom": "2025-01-01T00:00:00.000Z",
    "dateTo": "2025-12-31T00:00:00.000Z",
    "stockId": [],
    "stkitmType": [],
    "grouping": [],
    "goodsOwnerId": [],
    "paidBy": [],
    "cardOwnerId": [],
    "cardIssuerId": [],
    "sort": "",
    "partnerId": [],
    "termId": []
  },
  "name": "D001 - Přehled prodejů",
  "public": true,
  "reportDefinitionId": "D001"
}
2025[0m[0m-09[0m[0m-01[0m[0m 15[0m[0m:35[0m[0m:08[0m[0m.633[0m[0m [97m[1mTRACE[22m[39m[0m[0m [[37m\tests\Regrese\Sestavy\Sestavy_regrese-LifeCylcle_API.spec.ts:85[39m[0m[0m]Požadavek na vytvoření sestavy 'D001 - Přehled prodejů' odeslán.
2025[0m[0m-09[0m[0m-01[0m[0m 15[0m[0m:35[0m[0m:08[0m[0m.636[0m[0m [97m[1mTRACE[22m[39m[0m[0m [[37m\support\ApiClient.ts:162[39m[0m[0m]Odesílám GET požadavek na /reports-api/listOfUsersReports/60193531 s parametry: {}
2025[0m[0m-09[0m[0m-01[0m[0m 15[0m[0m:35[0m[0m:08[0m[0m.712[0m[0m [97m[1mTRACE[22m[39m[0m[0m [[37m\tests\Regrese\Sestavy\Sestavy_regrese-LifeCylcle_API.spec.ts:88[39m[0m[0m]Získávám seznam všech uživatelských sestav pro ověření.
2025[0m[0m-09[0m[0m-01[0m[0m 15[0m[0m:35[0m[0m:08[0m[0m.713[0m[0m [34m[1mINFO[22m[39m[0m[0m [[37m\tests\Regrese\Sestavy\Sestavy_regrese-LifeCylcle_API.spec.ts:92[39m[0m[0m]Sestava 'D001 - Přehled prodejů' byla úspěšně vytvořena s ID: 1985.
2025[0m[0m-09[0m[0m-01[0m[0m 15[0m[0m:35[0m[0m:08[0m[0m.714[0m[0m [97m[1mTRACE[22m[39m[0m[0m [[37m\tests\Regrese\Sestavy\Sestavy_regrese-LifeCylcle_API.spec.ts:99[39m[0m[0m]Ověřuji, že počet položek (items) v sestavě 'D001 - Přehled prodejů' není null.
2025[0m[0m-09[0m[0m-01[0m[0m 15[0m[0m:35[0m[0m:08[0m[0m.716[0m[0m [34m[1mINFO[22m[39m[0m[0m [[37m\tests\Regrese\Sestavy\Sestavy_regrese-LifeCylcle_API.spec.ts:106[39m[0m[0m]Vytvořená sestava 'D001 - Přehled prodejů' (ID: 1985) obsahuje 3980 položek.
2025[0m[0m-09[0m[0m-01[0m[0m 15[0m[0m:35[0m[0m:08[0m[0m.716[0m[0m [97m[1mTRACE[22m[39m[0m[0m [[37m\tests\Regrese\Sestavy\Sestavy_regrese-LifeCylcle_API.spec.ts:109[39m[0m[0m]Ověřuji, že sestava 'D001 - Přehled prodejů' je správně označena jako sdílená.
2025[0m[0m-09[0m[0m-01[0m[0m 15[0m[0m:35[0m[0m:08[0m[0m.718[0m[0m [34m[1mINFO[22m[39m[0m[0m [[37m\tests\Regrese\Sestavy\Sestavy_regrese-LifeCylcle_API.spec.ts:111[39m[0m[0m]Ověření příznaku sdílení pro sestavu "D001 - Přehled prodejů" je v pořádku.
2025[0m[0m-09[0m[0m-01[0m[0m 15[0m[0m:35[0m[0m:08[0m[0m.719[0m[0m [97m[1mTRACE[22m[39m[0m[0m [[37m\tests\Regrese\Sestavy\Sestavy_regrese-LifeCylcle_API.spec.ts:125[39m[0m[0m](FINALLY BLOCK) Zahajuji úklid pro sestavu 'D001 - Přehled prodejů' s ID: 1985.
2025[0m[0m-09[0m[0m-01[0m[0m 15[0m[0m:35[0m[0m:08[0m[0m.732[0m[0m [97m[1mTRACE[22m[39m[0m[0m [[37m\support\ApiClient.ts:211[39m[0m[0m]Odesílám DELETE požadavek na smazání sestavy: /reports-api/usersReports/1985
2025[0m[0m-09[0m[0m-01[0m[0m 15[0m[0m:35[0m[0m:08[0m[0m.766[0m[0m [97m[1mTRACE[22m[39m[0m[0m [[37m\tests\Regrese\Sestavy\Sestavy_regrese-LifeCylcle_API.spec.ts:129[39m[0m[0m]Požadavek na smazání sestavy 'D001 - Přehled prodejů' (ID: 1985) byl odeslán.
2025[0m[0m-09[0m[0m-01[0m[0m 15[0m[0m:35[0m[0m:08[0m[0m.767[0m[0m [97m[1mTRACE[22m[39m[0m[0m [[37m\tests\Regrese\Sestavy\Sestavy_regrese-LifeCylcle_API.spec.ts:131[39m[0m[0m]Ověřuji, že sestava (ID: 1985) byla skutečně smazána...
2025[0m[0m-09[0m[0m-01[0m[0m 15[0m[0m:35[0m[0m:08[0m[0m.768[0m[0m [97m[1mTRACE[22m[39m[0m[0m [[37m\support\ApiClient.ts:162[39m[0m[0m]Odesílám GET požadavek na /reports-api/listOfUsersReports/60193531 s parametry: {}
2025[0m[0m-09[0m[0m-01[0m[0m 15[0m[0m:35[0m[0m:08[0m[0m.891[0m[0m [34m[1mINFO[22m[39m[0m[0m [[37m\tests\Regrese\Sestavy\Sestavy_regrese-LifeCylcle_API.spec.ts:136[39m[0m[0m]Úklid úspěšný: Sestava 'D001 - Přehled prodejů' (ID: 1985) byla ověřitelně smazána ze serveru.
]]>
</system-out>
</testcase>
<testcase name="Cyklus pro všechny sestavy s dynamickým payloadem › TC-1235: Životní cyklus sestavy: D005 - Přehled konkurenčních cen, @regression @API @sestavy @high" classname="Regrese\Sestavy\Sestavy_regrese-LifeCylcle_API.spec.ts" time="2.026">
<system-out>
<![CDATA[2025[0m[0m-09[0m[0m-01[0m[0m 15[0m[0m:35[0m[0m:08[0m[0m.972[0m[0m [97m[1mTRACE[22m[39m[0m[0m [[37m\support\fixtures\auth.fixture.ts:23[39m[0m[0m]FIXTURE 'authToken': Budu vytvářet nový request kontext...
2025[0m[0m-09[0m[0m-01[0m[0m 15[0m[0m:35[0m[0m:08[0m[0m.975[0m[0m [97m[1mTRACE[22m[39m[0m[0m [[37m\support\fixtures\auth.fixture.ts:25[39m[0m[0m]FIXTURE 'authToken': Request kontext vytvořen.
2025[0m[0m-09[0m[0m-01[0m[0m 15[0m[0m:35[0m[0m:08[0m[0m.975[0m[0m [97m[1mTRACE[22m[39m[0m[0m [[37m\support\fixtures\auth.fixture.ts:28[39m[0m[0m]{
  message: [32m"FIXTURE 'authToken': Odesílám POST request pro získání tokenu."[39m,
  url: [32m'http://192.168.130.239:8180/auth-api/user/authorization'[39m,
  data: [32m'eyJvcGVyYXRvciI6Ik1OX1RFVFNUX0FVVE9NQVQiLCJwYXNzd29yZCI6IjEifQ=='[39m
} Detail requestu
2025[0m[0m-09[0m[0m-01[0m[0m 15[0m[0m:35[0m[0m:09[0m[0m.659[0m[0m [97m[1mTRACE[22m[39m[0m[0m [[37m\support\fixtures\auth.fixture.ts:39[39m[0m[0m]FIXTURE 'authToken': Odpověď přijata se statusem 201.
2025[0m[0m-09[0m[0m-01[0m[0m 15[0m[0m:35[0m[0m:09[0m[0m.661[0m[0m [97m[1mTRACE[22m[39m[0m[0m [[37m\support\fixtures\auth.fixture.ts:60[39m[0m[0m]FIXTURE 'authToken': Získávám 'accessToken' z JSON odpovědi.
2025[0m[0m-09[0m[0m-01[0m[0m 15[0m[0m:35[0m[0m:09[0m[0m.664[0m[0m [97m[1mTRACE[22m[39m[0m[0m [[37m\support\fixtures\auth.fixture.ts:64[39m[0m[0m]FIXTURE 'authToken': Volám 'use(token)' a předávám token dál...
2025[0m[0m-09[0m[0m-01[0m[0m 15[0m[0m:35[0m[0m:09[0m[0m.666[0m[0m [97m[1mTRACE[22m[39m[0m[0m [[37m\support\fixtures\auth.fixture.ts:74[39m[0m[0m]FIXTURE 'page' (rozšířená): Budu vkládat inicializační skript pro nastavení localStorage...
2025[0m[0m-09[0m[0m-01[0m[0m 15[0m[0m:35[0m[0m:09[0m[0m.669[0m[0m [97m[1mTRACE[22m[39m[0m[0m [[37m\support\fixtures\auth.fixture.ts:84[39m[0m[0m]FIXTURE 'page' (rozšířená): Inicializační skript byl přidán.
2025[0m[0m-09[0m[0m-01[0m[0m 15[0m[0m:35[0m[0m:10[0m[0m.424[0m[0m [97m[1mTRACE[22m[39m[0m[0m [[37m\support\fixtures\auth.fixture.ts:88[39m[0m[0m]FIXTURE 'page' (rozšířená): Navigace na '/' dokončena.
2025[0m[0m-09[0m[0m-01[0m[0m 15[0m[0m:35[0m[0m:10[0m[0m.425[0m[0m [97m[1mTRACE[22m[39m[0m[0m [[37m\support\fixtures\auth.fixture.ts:90[39m[0m[0m]FIXTURE 'page' (rozšířená): Volám 'use(page)' a předávám připravenou stránku testu...
2025[0m[0m-09[0m[0m-01[0m[0m 15[0m[0m:35[0m[0m:10[0m[0m.426[0m[0m [34m[1mINFO[22m[39m[0m[0m [[37m\tests\Regrese\Sestavy\Sestavy_regrese-LifeCylcle_API.spec.ts:36[39m[0m[0m]Spouštím test životního cyklu pro sestavu: 'D005 - Přehled konkurenčních cen'
2025[0m[0m-09[0m[0m-01[0m[0m 15[0m[0m:35[0m[0m:10[0m[0m.512[0m[0m [97m[1mTRACE[22m[39m[0m[0m [[37m\tests\Regrese\Sestavy\Sestavy_regrese-LifeCylcle_API.spec.ts:38[39m[0m[0m]Naviguji na domovskou stránku pro získání tokenu.
2025[0m[0m-09[0m[0m-01[0m[0m 15[0m[0m:35[0m[0m:10[0m[0m.531[0m[0m [97m[1mTRACE[22m[39m[0m[0m [[37m\tests\Regrese\Sestavy\Sestavy_regrese-LifeCylcle_API.spec.ts:41[39m[0m[0m]Autentizační token úspěšně získán.
2025[0m[0m-09[0m[0m-01[0m[0m 15[0m[0m:35[0m[0m:10[0m[0m.533[0m[0m [97m[1mTRACE[22m[39m[0m[0m [[37m\tests\Regrese\Sestavy\Sestavy_regrese-LifeCylcle_API.spec.ts:44[39m[0m[0m]ApiClient byl inicializován.
2025[0m[0m-09[0m[0m-01[0m[0m 15[0m[0m:35[0m[0m:10[0m[0m.535[0m[0m [97m[1mTRACE[22m[39m[0m[0m [[37m\tests\Regrese\Sestavy\Sestavy_regrese-LifeCylcle_API.spec.ts:48[39m[0m[0m]Inicializuji ReportBuilder pro sestavu 'D005 - Přehled konkurenčních cen'.
2025[0m[0m-09[0m[0m-01[0m[0m 15[0m[0m:35[0m[0m:10[0m[0m.537[0m[0m [97m[1mTRACE[22m[39m[0m[0m [[37m\tests\Regrese\Sestavy\Sestavy_regrese-LifeCylcle_API.spec.ts:49[39m[0m[0m]Vytvářím sestavu 'D005 - Přehled konkurenčních cen' s konfigurací: {"dateType":"dateRange"}
2025[0m[0m-09[0m[0m-01[0m[0m 15[0m[0m:35[0m[0m:10[0m[0m.539[0m[0m [32m[1mDEBUG[22m[39m[0m[0m [[37m\tests\Regrese\Sestavy\Sestavy_regrese-LifeCylcle_API.spec.ts:55[39m[0m[0m]Nastavuji časový rozsah (dateRange) pro sestavu 'D005 - Přehled konkurenčních cen'.
2025[0m[0m-09[0m[0m-01[0m[0m 15[0m[0m:35[0m[0m:10[0m[0m.541[0m[0m [32m[1mDEBUG[22m[39m[0m[0m [[37m\tests\Regrese\Sestavy\Sestavy_regrese-LifeCylcle_API.spec.ts:80[39m[0m[0m]Nastavuji příznak 'public' na 'true' pro sestavu 'D005 - Přehled konkurenčních cen'.
2025[0m[0m-09[0m[0m-01[0m[0m 15[0m[0m:35[0m[0m:10[0m[0m.542[0m[0m [97m[1mTRACE[22m[39m[0m[0m [[37m\support\ApiClient.ts:192[39m[0m[0m]Odesílaný PAYLOAD:
{
  "settings": {
    "availableFilters": [
      "stockId",
      "stkitmType",
      "grouping",
      "goodsOwnerId",
      "paidBy",
      "cardOwnerId",
      "cardIssuerId"
    ],
    "dateModelType": "range",
    "dateFrom": "2025-01-01T00:00:00.000Z",
    "dateTo": "2025-12-31T00:00:00.000Z",
    "stockId": [],
    "stkitmType": [],
    "grouping": [],
    "goodsOwnerId": [],
    "paidBy": [],
    "cardOwnerId": [],
    "cardIssuerId": [],
    "sort": "",
    "partnerId": [],
    "termId": []
  },
  "name": "D005 - Přehled konkurenčních cen",
  "public": true,
  "reportDefinitionId": "D005"
}
2025[0m[0m-09[0m[0m-01[0m[0m 15[0m[0m:35[0m[0m:10[0m[0m.647[0m[0m [97m[1mTRACE[22m[39m[0m[0m [[37m\tests\Regrese\Sestavy\Sestavy_regrese-LifeCylcle_API.spec.ts:85[39m[0m[0m]Požadavek na vytvoření sestavy 'D005 - Přehled konkurenčních cen' odeslán.
2025[0m[0m-09[0m[0m-01[0m[0m 15[0m[0m:35[0m[0m:10[0m[0m.649[0m[0m [97m[1mTRACE[22m[39m[0m[0m [[37m\support\ApiClient.ts:162[39m[0m[0m]Odesílám GET požadavek na /reports-api/listOfUsersReports/60193531 s parametry: {}
2025[0m[0m-09[0m[0m-01[0m[0m 15[0m[0m:35[0m[0m:10[0m[0m.784[0m[0m [97m[1mTRACE[22m[39m[0m[0m [[37m\tests\Regrese\Sestavy\Sestavy_regrese-LifeCylcle_API.spec.ts:88[39m[0m[0m]Získávám seznam všech uživatelských sestav pro ověření.
2025[0m[0m-09[0m[0m-01[0m[0m 15[0m[0m:35[0m[0m:10[0m[0m.785[0m[0m [34m[1mINFO[22m[39m[0m[0m [[37m\tests\Regrese\Sestavy\Sestavy_regrese-LifeCylcle_API.spec.ts:92[39m[0m[0m]Sestava 'D005 - Přehled konkurenčních cen' byla úspěšně vytvořena s ID: 1986.
2025[0m[0m-09[0m[0m-01[0m[0m 15[0m[0m:35[0m[0m:10[0m[0m.786[0m[0m [97m[1mTRACE[22m[39m[0m[0m [[37m\tests\Regrese\Sestavy\Sestavy_regrese-LifeCylcle_API.spec.ts:99[39m[0m[0m]Ověřuji, že počet položek (items) v sestavě 'D005 - Přehled konkurenčních cen' není null.
2025[0m[0m-09[0m[0m-01[0m[0m 15[0m[0m:35[0m[0m:10[0m[0m.789[0m[0m [34m[1mINFO[22m[39m[0m[0m [[37m\tests\Regrese\Sestavy\Sestavy_regrese-LifeCylcle_API.spec.ts:106[39m[0m[0m]Vytvořená sestava 'D005 - Přehled konkurenčních cen' (ID: 1986) obsahuje 22 položek.
2025[0m[0m-09[0m[0m-01[0m[0m 15[0m[0m:35[0m[0m:10[0m[0m.791[0m[0m [97m[1mTRACE[22m[39m[0m[0m [[37m\tests\Regrese\Sestavy\Sestavy_regrese-LifeCylcle_API.spec.ts:109[39m[0m[0m]Ověřuji, že sestava 'D005 - Přehled konkurenčních cen' je správně označena jako sdílená.
2025[0m[0m-09[0m[0m-01[0m[0m 15[0m[0m:35[0m[0m:10[0m[0m.795[0m[0m [34m[1mINFO[22m[39m[0m[0m [[37m\tests\Regrese\Sestavy\Sestavy_regrese-LifeCylcle_API.spec.ts:111[39m[0m[0m]Ověření příznaku sdílení pro sestavu "D005 - Přehled konkurenčních cen" je v pořádku.
2025[0m[0m-09[0m[0m-01[0m[0m 15[0m[0m:35[0m[0m:10[0m[0m.797[0m[0m [97m[1mTRACE[22m[39m[0m[0m [[37m\tests\Regrese\Sestavy\Sestavy_regrese-LifeCylcle_API.spec.ts:125[39m[0m[0m](FINALLY BLOCK) Zahajuji úklid pro sestavu 'D005 - Přehled konkurenčních cen' s ID: 1986.
2025[0m[0m-09[0m[0m-01[0m[0m 15[0m[0m:35[0m[0m:10[0m[0m.801[0m[0m [97m[1mTRACE[22m[39m[0m[0m [[37m\support\ApiClient.ts:211[39m[0m[0m]Odesílám DELETE požadavek na smazání sestavy: /reports-api/usersReports/1986
2025[0m[0m-09[0m[0m-01[0m[0m 15[0m[0m:35[0m[0m:10[0m[0m.844[0m[0m [97m[1mTRACE[22m[39m[0m[0m [[37m\tests\Regrese\Sestavy\Sestavy_regrese-LifeCylcle_API.spec.ts:129[39m[0m[0m]Požadavek na smazání sestavy 'D005 - Přehled konkurenčních cen' (ID: 1986) byl odeslán.
2025[0m[0m-09[0m[0m-01[0m[0m 15[0m[0m:35[0m[0m:10[0m[0m.845[0m[0m [97m[1mTRACE[22m[39m[0m[0m [[37m\tests\Regrese\Sestavy\Sestavy_regrese-LifeCylcle_API.spec.ts:131[39m[0m[0m]Ověřuji, že sestava (ID: 1986) byla skutečně smazána...
2025[0m[0m-09[0m[0m-01[0m[0m 15[0m[0m:35[0m[0m:10[0m[0m.847[0m[0m [97m[1mTRACE[22m[39m[0m[0m [[37m\support\ApiClient.ts:162[39m[0m[0m]Odesílám GET požadavek na /reports-api/listOfUsersReports/60193531 s parametry: {}
2025[0m[0m-09[0m[0m-01[0m[0m 15[0m[0m:35[0m[0m:10[0m[0m.939[0m[0m [34m[1mINFO[22m[39m[0m[0m [[37m\tests\Regrese\Sestavy\Sestavy_regrese-LifeCylcle_API.spec.ts:136[39m[0m[0m]Úklid úspěšný: Sestava 'D005 - Přehled konkurenčních cen' (ID: 1986) byla ověřitelně smazána ze serveru.
]]>
</system-out>
</testcase>
<testcase name="Cyklus pro všechny sestavy s dynamickým payloadem › TC-1236: Životní cyklus sestavy: P001 - Přehled nákupů zboží, @regression @API @sestavy @high" classname="Regrese\Sestavy\Sestavy_regrese-LifeCylcle_API.spec.ts" time="2.024">
<system-out>
<![CDATA[2025[0m[0m-09[0m[0m-01[0m[0m 15[0m[0m:35[0m[0m:11[0m[0m.005[0m[0m [97m[1mTRACE[22m[39m[0m[0m [[37m\support\fixtures\auth.fixture.ts:23[39m[0m[0m]FIXTURE 'authToken': Budu vytvářet nový request kontext...
2025[0m[0m-09[0m[0m-01[0m[0m 15[0m[0m:35[0m[0m:11[0m[0m.007[0m[0m [97m[1mTRACE[22m[39m[0m[0m [[37m\support\fixtures\auth.fixture.ts:25[39m[0m[0m]FIXTURE 'authToken': Request kontext vytvořen.
2025[0m[0m-09[0m[0m-01[0m[0m 15[0m[0m:35[0m[0m:11[0m[0m.009[0m[0m [97m[1mTRACE[22m[39m[0m[0m [[37m\support\fixtures\auth.fixture.ts:28[39m[0m[0m]{
  message: [32m"FIXTURE 'authToken': Odesílám POST request pro získání tokenu."[39m,
  url: [32m'http://192.168.130.239:8180/auth-api/user/authorization'[39m,
  data: [32m'eyJvcGVyYXRvciI6Ik1OX1RFVFNUX0FVVE9NQVQiLCJwYXNzd29yZCI6IjEifQ=='[39m
} Detail requestu
2025[0m[0m-09[0m[0m-01[0m[0m 15[0m[0m:35[0m[0m:11[0m[0m.754[0m[0m [97m[1mTRACE[22m[39m[0m[0m [[37m\support\fixtures\auth.fixture.ts:39[39m[0m[0m]FIXTURE 'authToken': Odpověď přijata se statusem 201.
2025[0m[0m-09[0m[0m-01[0m[0m 15[0m[0m:35[0m[0m:11[0m[0m.755[0m[0m [97m[1mTRACE[22m[39m[0m[0m [[37m\support\fixtures\auth.fixture.ts:60[39m[0m[0m]FIXTURE 'authToken': Získávám 'accessToken' z JSON odpovědi.
2025[0m[0m-09[0m[0m-01[0m[0m 15[0m[0m:35[0m[0m:11[0m[0m.757[0m[0m [97m[1mTRACE[22m[39m[0m[0m [[37m\support\fixtures\auth.fixture.ts:64[39m[0m[0m]FIXTURE 'authToken': Volám 'use(token)' a předávám token dál...
2025[0m[0m-09[0m[0m-01[0m[0m 15[0m[0m:35[0m[0m:11[0m[0m.758[0m[0m [97m[1mTRACE[22m[39m[0m[0m [[37m\support\fixtures\auth.fixture.ts:74[39m[0m[0m]FIXTURE 'page' (rozšířená): Budu vkládat inicializační skript pro nastavení localStorage...
2025[0m[0m-09[0m[0m-01[0m[0m 15[0m[0m:35[0m[0m:11[0m[0m.761[0m[0m [97m[1mTRACE[22m[39m[0m[0m [[37m\support\fixtures\auth.fixture.ts:84[39m[0m[0m]FIXTURE 'page' (rozšířená): Inicializační skript byl přidán.
2025[0m[0m-09[0m[0m-01[0m[0m 15[0m[0m:35[0m[0m:12[0m[0m.498[0m[0m [97m[1mTRACE[22m[39m[0m[0m [[37m\support\fixtures\auth.fixture.ts:88[39m[0m[0m]FIXTURE 'page' (rozšířená): Navigace na '/' dokončena.
2025[0m[0m-09[0m[0m-01[0m[0m 15[0m[0m:35[0m[0m:12[0m[0m.499[0m[0m [97m[1mTRACE[22m[39m[0m[0m [[37m\support\fixtures\auth.fixture.ts:90[39m[0m[0m]FIXTURE 'page' (rozšířená): Volám 'use(page)' a předávám připravenou stránku testu...
2025[0m[0m-09[0m[0m-01[0m[0m 15[0m[0m:35[0m[0m:12[0m[0m.501[0m[0m [34m[1mINFO[22m[39m[0m[0m [[37m\tests\Regrese\Sestavy\Sestavy_regrese-LifeCylcle_API.spec.ts:36[39m[0m[0m]Spouštím test životního cyklu pro sestavu: 'P001 - Přehled nákupů zboží'
2025[0m[0m-09[0m[0m-01[0m[0m 15[0m[0m:35[0m[0m:12[0m[0m.576[0m[0m [97m[1mTRACE[22m[39m[0m[0m [[37m\tests\Regrese\Sestavy\Sestavy_regrese-LifeCylcle_API.spec.ts:38[39m[0m[0m]Naviguji na domovskou stránku pro získání tokenu.
2025[0m[0m-09[0m[0m-01[0m[0m 15[0m[0m:35[0m[0m:12[0m[0m.587[0m[0m [97m[1mTRACE[22m[39m[0m[0m [[37m\tests\Regrese\Sestavy\Sestavy_regrese-LifeCylcle_API.spec.ts:41[39m[0m[0m]Autentizační token úspěšně získán.
2025[0m[0m-09[0m[0m-01[0m[0m 15[0m[0m:35[0m[0m:12[0m[0m.588[0m[0m [97m[1mTRACE[22m[39m[0m[0m [[37m\tests\Regrese\Sestavy\Sestavy_regrese-LifeCylcle_API.spec.ts:44[39m[0m[0m]ApiClient byl inicializován.
2025[0m[0m-09[0m[0m-01[0m[0m 15[0m[0m:35[0m[0m:12[0m[0m.589[0m[0m [97m[1mTRACE[22m[39m[0m[0m [[37m\tests\Regrese\Sestavy\Sestavy_regrese-LifeCylcle_API.spec.ts:48[39m[0m[0m]Inicializuji ReportBuilder pro sestavu 'P001 - Přehled nákupů zboží'.
2025[0m[0m-09[0m[0m-01[0m[0m 15[0m[0m:35[0m[0m:12[0m[0m.590[0m[0m [97m[1mTRACE[22m[39m[0m[0m [[37m\tests\Regrese\Sestavy\Sestavy_regrese-LifeCylcle_API.spec.ts:49[39m[0m[0m]Vytvářím sestavu 'P001 - Přehled nákupů zboží' s konfigurací: {"dateType":"dateRange"}
2025[0m[0m-09[0m[0m-01[0m[0m 15[0m[0m:35[0m[0m:12[0m[0m.592[0m[0m [32m[1mDEBUG[22m[39m[0m[0m [[37m\tests\Regrese\Sestavy\Sestavy_regrese-LifeCylcle_API.spec.ts:55[39m[0m[0m]Nastavuji časový rozsah (dateRange) pro sestavu 'P001 - Přehled nákupů zboží'.
2025[0m[0m-09[0m[0m-01[0m[0m 15[0m[0m:35[0m[0m:12[0m[0m.593[0m[0m [32m[1mDEBUG[22m[39m[0m[0m [[37m\tests\Regrese\Sestavy\Sestavy_regrese-LifeCylcle_API.spec.ts:80[39m[0m[0m]Nastavuji příznak 'public' na 'true' pro sestavu 'P001 - Přehled nákupů zboží'.
2025[0m[0m-09[0m[0m-01[0m[0m 15[0m[0m:35[0m[0m:12[0m[0m.595[0m[0m [97m[1mTRACE[22m[39m[0m[0m [[37m\support\ApiClient.ts:192[39m[0m[0m]Odesílaný PAYLOAD:
{
  "settings": {
    "availableFilters": [
      "stockId",
      "stkitmType",
      "grouping",
      "goodsOwnerId",
      "paidBy",
      "cardOwnerId",
      "cardIssuerId"
    ],
    "dateModelType": "range",
    "dateFrom": "2025-01-01T00:00:00.000Z",
    "dateTo": "2025-12-31T00:00:00.000Z",
    "stockId": [],
    "stkitmType": [],
    "grouping": [],
    "goodsOwnerId": [],
    "paidBy": [],
    "cardOwnerId": [],
    "cardIssuerId": [],
    "sort": "",
    "partnerId": [],
    "termId": []
  },
  "name": "P001 - Přehled nákupů zboží",
  "public": true,
  "reportDefinitionId": "P001"
}
2025[0m[0m-09[0m[0m-01[0m[0m 15[0m[0m:35[0m[0m:12[0m[0m.729[0m[0m [97m[1mTRACE[22m[39m[0m[0m [[37m\tests\Regrese\Sestavy\Sestavy_regrese-LifeCylcle_API.spec.ts:85[39m[0m[0m]Požadavek na vytvoření sestavy 'P001 - Přehled nákupů zboží' odeslán.
2025[0m[0m-09[0m[0m-01[0m[0m 15[0m[0m:35[0m[0m:12[0m[0m.731[0m[0m [97m[1mTRACE[22m[39m[0m[0m [[37m\support\ApiClient.ts:162[39m[0m[0m]Odesílám GET požadavek na /reports-api/listOfUsersReports/60193531 s parametry: {}
2025[0m[0m-09[0m[0m-01[0m[0m 15[0m[0m:35[0m[0m:12[0m[0m.840[0m[0m [97m[1mTRACE[22m[39m[0m[0m [[37m\tests\Regrese\Sestavy\Sestavy_regrese-LifeCylcle_API.spec.ts:88[39m[0m[0m]Získávám seznam všech uživatelských sestav pro ověření.
2025[0m[0m-09[0m[0m-01[0m[0m 15[0m[0m:35[0m[0m:12[0m[0m.840[0m[0m [34m[1mINFO[22m[39m[0m[0m [[37m\tests\Regrese\Sestavy\Sestavy_regrese-LifeCylcle_API.spec.ts:92[39m[0m[0m]Sestava 'P001 - Přehled nákupů zboží' byla úspěšně vytvořena s ID: 1987.
2025[0m[0m-09[0m[0m-01[0m[0m 15[0m[0m:35[0m[0m:12[0m[0m.841[0m[0m [97m[1mTRACE[22m[39m[0m[0m [[37m\tests\Regrese\Sestavy\Sestavy_regrese-LifeCylcle_API.spec.ts:99[39m[0m[0m]Ověřuji, že počet položek (items) v sestavě 'P001 - Přehled nákupů zboží' není null.
2025[0m[0m-09[0m[0m-01[0m[0m 15[0m[0m:35[0m[0m:12[0m[0m.843[0m[0m [34m[1mINFO[22m[39m[0m[0m [[37m\tests\Regrese\Sestavy\Sestavy_regrese-LifeCylcle_API.spec.ts:106[39m[0m[0m]Vytvořená sestava 'P001 - Přehled nákupů zboží' (ID: 1987) obsahuje 132 položek.
2025[0m[0m-09[0m[0m-01[0m[0m 15[0m[0m:35[0m[0m:12[0m[0m.844[0m[0m [97m[1mTRACE[22m[39m[0m[0m [[37m\tests\Regrese\Sestavy\Sestavy_regrese-LifeCylcle_API.spec.ts:109[39m[0m[0m]Ověřuji, že sestava 'P001 - Přehled nákupů zboží' je správně označena jako sdílená.
2025[0m[0m-09[0m[0m-01[0m[0m 15[0m[0m:35[0m[0m:12[0m[0m.845[0m[0m [34m[1mINFO[22m[39m[0m[0m [[37m\tests\Regrese\Sestavy\Sestavy_regrese-LifeCylcle_API.spec.ts:111[39m[0m[0m]Ověření příznaku sdílení pro sestavu "P001 - Přehled nákupů zboží" je v pořádku.
2025[0m[0m-09[0m[0m-01[0m[0m 15[0m[0m:35[0m[0m:12[0m[0m.846[0m[0m [97m[1mTRACE[22m[39m[0m[0m [[37m\tests\Regrese\Sestavy\Sestavy_regrese-LifeCylcle_API.spec.ts:125[39m[0m[0m](FINALLY BLOCK) Zahajuji úklid pro sestavu 'P001 - Přehled nákupů zboží' s ID: 1987.
2025[0m[0m-09[0m[0m-01[0m[0m 15[0m[0m:35[0m[0m:12[0m[0m.851[0m[0m [97m[1mTRACE[22m[39m[0m[0m [[37m\support\ApiClient.ts:211[39m[0m[0m]Odesílám DELETE požadavek na smazání sestavy: /reports-api/usersReports/1987
2025[0m[0m-09[0m[0m-01[0m[0m 15[0m[0m:35[0m[0m:12[0m[0m.881[0m[0m [97m[1mTRACE[22m[39m[0m[0m [[37m\tests\Regrese\Sestavy\Sestavy_regrese-LifeCylcle_API.spec.ts:129[39m[0m[0m]Požadavek na smazání sestavy 'P001 - Přehled nákupů zboží' (ID: 1987) byl odeslán.
2025[0m[0m-09[0m[0m-01[0m[0m 15[0m[0m:35[0m[0m:12[0m[0m.882[0m[0m [97m[1mTRACE[22m[39m[0m[0m [[37m\tests\Regrese\Sestavy\Sestavy_regrese-LifeCylcle_API.spec.ts:131[39m[0m[0m]Ověřuji, že sestava (ID: 1987) byla skutečně smazána...
2025[0m[0m-09[0m[0m-01[0m[0m 15[0m[0m:35[0m[0m:12[0m[0m.882[0m[0m [97m[1mTRACE[22m[39m[0m[0m [[37m\support\ApiClient.ts:162[39m[0m[0m]Odesílám GET požadavek na /reports-api/listOfUsersReports/60193531 s parametry: {}
2025[0m[0m-09[0m[0m-01[0m[0m 15[0m[0m:35[0m[0m:12[0m[0m.964[0m[0m [34m[1mINFO[22m[39m[0m[0m [[37m\tests\Regrese\Sestavy\Sestavy_regrese-LifeCylcle_API.spec.ts:136[39m[0m[0m]Úklid úspěšný: Sestava 'P001 - Přehled nákupů zboží' (ID: 1987) byla ověřitelně smazána ze serveru.
]]>
</system-out>
</testcase>
<testcase name="Cyklus pro všechny sestavy s dynamickým payloadem › TC-1237: Životní cyklus sestavy: S002 - Přehled přecenění, @regression @API @sestavy @high" classname="Regrese\Sestavy\Sestavy_regrese-LifeCylcle_API.spec.ts" time="2.466">
<system-out>
<![CDATA[2025[0m[0m-09[0m[0m-01[0m[0m 15[0m[0m:35[0m[0m:13[0m[0m.061[0m[0m [97m[1mTRACE[22m[39m[0m[0m [[37m\support\fixtures\auth.fixture.ts:23[39m[0m[0m]FIXTURE 'authToken': Budu vytvářet nový request kontext...
2025[0m[0m-09[0m[0m-01[0m[0m 15[0m[0m:35[0m[0m:13[0m[0m.063[0m[0m [97m[1mTRACE[22m[39m[0m[0m [[37m\support\fixtures\auth.fixture.ts:25[39m[0m[0m]FIXTURE 'authToken': Request kontext vytvořen.
2025[0m[0m-09[0m[0m-01[0m[0m 15[0m[0m:35[0m[0m:13[0m[0m.064[0m[0m [97m[1mTRACE[22m[39m[0m[0m [[37m\support\fixtures\auth.fixture.ts:28[39m[0m[0m]{
  message: [32m"FIXTURE 'authToken': Odesílám POST request pro získání tokenu."[39m,
  url: [32m'http://192.168.130.239:8180/auth-api/user/authorization'[39m,
  data: [32m'eyJvcGVyYXRvciI6Ik1OX1RFVFNUX0FVVE9NQVQiLCJwYXNzd29yZCI6IjEifQ=='[39m
} Detail requestu
2025[0m[0m-09[0m[0m-01[0m[0m 15[0m[0m:35[0m[0m:13[0m[0m.768[0m[0m [97m[1mTRACE[22m[39m[0m[0m [[37m\support\fixtures\auth.fixture.ts:39[39m[0m[0m]FIXTURE 'authToken': Odpověď přijata se statusem 201.
2025[0m[0m-09[0m[0m-01[0m[0m 15[0m[0m:35[0m[0m:13[0m[0m.774[0m[0m [97m[1mTRACE[22m[39m[0m[0m [[37m\support\fixtures\auth.fixture.ts:60[39m[0m[0m]FIXTURE 'authToken': Získávám 'accessToken' z JSON odpovědi.
2025[0m[0m-09[0m[0m-01[0m[0m 15[0m[0m:35[0m[0m:13[0m[0m.777[0m[0m [97m[1mTRACE[22m[39m[0m[0m [[37m\support\fixtures\auth.fixture.ts:64[39m[0m[0m]FIXTURE 'authToken': Volám 'use(token)' a předávám token dál...
2025[0m[0m-09[0m[0m-01[0m[0m 15[0m[0m:35[0m[0m:13[0m[0m.781[0m[0m [97m[1mTRACE[22m[39m[0m[0m [[37m\support\fixtures\auth.fixture.ts:74[39m[0m[0m]FIXTURE 'page' (rozšířená): Budu vkládat inicializační skript pro nastavení localStorage...
2025[0m[0m-09[0m[0m-01[0m[0m 15[0m[0m:35[0m[0m:13[0m[0m.789[0m[0m [97m[1mTRACE[22m[39m[0m[0m [[37m\support\fixtures\auth.fixture.ts:84[39m[0m[0m]FIXTURE 'page' (rozšířená): Inicializační skript byl přidán.
2025[0m[0m-09[0m[0m-01[0m[0m 15[0m[0m:35[0m[0m:14[0m[0m.696[0m[0m [97m[1mTRACE[22m[39m[0m[0m [[37m\support\fixtures\auth.fixture.ts:88[39m[0m[0m]FIXTURE 'page' (rozšířená): Navigace na '/' dokončena.
2025[0m[0m-09[0m[0m-01[0m[0m 15[0m[0m:35[0m[0m:14[0m[0m.697[0m[0m [97m[1mTRACE[22m[39m[0m[0m [[37m\support\fixtures\auth.fixture.ts:90[39m[0m[0m]FIXTURE 'page' (rozšířená): Volám 'use(page)' a předávám připravenou stránku testu...
2025[0m[0m-09[0m[0m-01[0m[0m 15[0m[0m:35[0m[0m:14[0m[0m.698[0m[0m [34m[1mINFO[22m[39m[0m[0m [[37m\tests\Regrese\Sestavy\Sestavy_regrese-LifeCylcle_API.spec.ts:36[39m[0m[0m]Spouštím test životního cyklu pro sestavu: 'S002 - Přehled přecenění'
2025[0m[0m-09[0m[0m-01[0m[0m 15[0m[0m:35[0m[0m:14[0m[0m.781[0m[0m [97m[1mTRACE[22m[39m[0m[0m [[37m\tests\Regrese\Sestavy\Sestavy_regrese-LifeCylcle_API.spec.ts:38[39m[0m[0m]Naviguji na domovskou stránku pro získání tokenu.
2025[0m[0m-09[0m[0m-01[0m[0m 15[0m[0m:35[0m[0m:14[0m[0m.818[0m[0m [97m[1mTRACE[22m[39m[0m[0m [[37m\tests\Regrese\Sestavy\Sestavy_regrese-LifeCylcle_API.spec.ts:41[39m[0m[0m]Autentizační token úspěšně získán.
2025[0m[0m-09[0m[0m-01[0m[0m 15[0m[0m:35[0m[0m:14[0m[0m.819[0m[0m [97m[1mTRACE[22m[39m[0m[0m [[37m\tests\Regrese\Sestavy\Sestavy_regrese-LifeCylcle_API.spec.ts:44[39m[0m[0m]ApiClient byl inicializován.
2025[0m[0m-09[0m[0m-01[0m[0m 15[0m[0m:35[0m[0m:14[0m[0m.821[0m[0m [97m[1mTRACE[22m[39m[0m[0m [[37m\tests\Regrese\Sestavy\Sestavy_regrese-LifeCylcle_API.spec.ts:48[39m[0m[0m]Inicializuji ReportBuilder pro sestavu 'S002 - Přehled přecenění'.
2025[0m[0m-09[0m[0m-01[0m[0m 15[0m[0m:35[0m[0m:14[0m[0m.825[0m[0m [97m[1mTRACE[22m[39m[0m[0m [[37m\tests\Regrese\Sestavy\Sestavy_regrese-LifeCylcle_API.spec.ts:49[39m[0m[0m]Vytvářím sestavu 'S002 - Přehled přecenění' s konfigurací: {"dateType":"dateRange"}
2025[0m[0m-09[0m[0m-01[0m[0m 15[0m[0m:35[0m[0m:14[0m[0m.830[0m[0m [32m[1mDEBUG[22m[39m[0m[0m [[37m\tests\Regrese\Sestavy\Sestavy_regrese-LifeCylcle_API.spec.ts:55[39m[0m[0m]Nastavuji časový rozsah (dateRange) pro sestavu 'S002 - Přehled přecenění'.
2025[0m[0m-09[0m[0m-01[0m[0m 15[0m[0m:35[0m[0m:14[0m[0m.833[0m[0m [32m[1mDEBUG[22m[39m[0m[0m [[37m\tests\Regrese\Sestavy\Sestavy_regrese-LifeCylcle_API.spec.ts:80[39m[0m[0m]Nastavuji příznak 'public' na 'true' pro sestavu 'S002 - Přehled přecenění'.
2025[0m[0m-09[0m[0m-01[0m[0m 15[0m[0m:35[0m[0m:14[0m[0m.838[0m[0m [97m[1mTRACE[22m[39m[0m[0m [[37m\support\ApiClient.ts:192[39m[0m[0m]Odesílaný PAYLOAD:
{
  "settings": {
    "availableFilters": [
      "stockId",
      "stkitmType",
      "grouping",
      "goodsOwnerId",
      "paidBy",
      "cardOwnerId",
      "cardIssuerId"
    ],
    "dateModelType": "range",
    "dateFrom": "2025-01-01T00:00:00.000Z",
    "dateTo": "2025-12-31T00:00:00.000Z",
    "stockId": [],
    "stkitmType": [],
    "grouping": [],
    "goodsOwnerId": [],
    "paidBy": [],
    "cardOwnerId": [],
    "cardIssuerId": [],
    "sort": "",
    "partnerId": [],
    "termId": []
  },
  "name": "S002 - Přehled přecenění",
  "public": true,
  "reportDefinitionId": "S002"
}
2025[0m[0m-09[0m[0m-01[0m[0m 15[0m[0m:35[0m[0m:15[0m[0m.054[0m[0m [97m[1mTRACE[22m[39m[0m[0m [[37m\tests\Regrese\Sestavy\Sestavy_regrese-LifeCylcle_API.spec.ts:85[39m[0m[0m]Požadavek na vytvoření sestavy 'S002 - Přehled přecenění' odeslán.
2025[0m[0m-09[0m[0m-01[0m[0m 15[0m[0m:35[0m[0m:15[0m[0m.056[0m[0m [97m[1mTRACE[22m[39m[0m[0m [[37m\support\ApiClient.ts:162[39m[0m[0m]Odesílám GET požadavek na /reports-api/listOfUsersReports/60193531 s parametry: {}
2025[0m[0m-09[0m[0m-01[0m[0m 15[0m[0m:35[0m[0m:15[0m[0m.196[0m[0m [97m[1mTRACE[22m[39m[0m[0m [[37m\tests\Regrese\Sestavy\Sestavy_regrese-LifeCylcle_API.spec.ts:88[39m[0m[0m]Získávám seznam všech uživatelských sestav pro ověření.
2025[0m[0m-09[0m[0m-01[0m[0m 15[0m[0m:35[0m[0m:15[0m[0m.197[0m[0m [34m[1mINFO[22m[39m[0m[0m [[37m\tests\Regrese\Sestavy\Sestavy_regrese-LifeCylcle_API.spec.ts:92[39m[0m[0m]Sestava 'S002 - Přehled přecenění' byla úspěšně vytvořena s ID: 1988.
2025[0m[0m-09[0m[0m-01[0m[0m 15[0m[0m:35[0m[0m:15[0m[0m.198[0m[0m [97m[1mTRACE[22m[39m[0m[0m [[37m\tests\Regrese\Sestavy\Sestavy_regrese-LifeCylcle_API.spec.ts:99[39m[0m[0m]Ověřuji, že počet položek (items) v sestavě 'S002 - Přehled přecenění' není null.
2025[0m[0m-09[0m[0m-01[0m[0m 15[0m[0m:35[0m[0m:15[0m[0m.200[0m[0m [34m[1mINFO[22m[39m[0m[0m [[37m\tests\Regrese\Sestavy\Sestavy_regrese-LifeCylcle_API.spec.ts:106[39m[0m[0m]Vytvořená sestava 'S002 - Přehled přecenění' (ID: 1988) obsahuje 30 položek.
2025[0m[0m-09[0m[0m-01[0m[0m 15[0m[0m:35[0m[0m:15[0m[0m.202[0m[0m [97m[1mTRACE[22m[39m[0m[0m [[37m\tests\Regrese\Sestavy\Sestavy_regrese-LifeCylcle_API.spec.ts:109[39m[0m[0m]Ověřuji, že sestava 'S002 - Přehled přecenění' je správně označena jako sdílená.
2025[0m[0m-09[0m[0m-01[0m[0m 15[0m[0m:35[0m[0m:15[0m[0m.206[0m[0m [34m[1mINFO[22m[39m[0m[0m [[37m\tests\Regrese\Sestavy\Sestavy_regrese-LifeCylcle_API.spec.ts:111[39m[0m[0m]Ověření příznaku sdílení pro sestavu "S002 - Přehled přecenění" je v pořádku.
2025[0m[0m-09[0m[0m-01[0m[0m 15[0m[0m:35[0m[0m:15[0m[0m.207[0m[0m [97m[1mTRACE[22m[39m[0m[0m [[37m\tests\Regrese\Sestavy\Sestavy_regrese-LifeCylcle_API.spec.ts:125[39m[0m[0m](FINALLY BLOCK) Zahajuji úklid pro sestavu 'S002 - Přehled přecenění' s ID: 1988.
2025[0m[0m-09[0m[0m-01[0m[0m 15[0m[0m:35[0m[0m:15[0m[0m.218[0m[0m [97m[1mTRACE[22m[39m[0m[0m [[37m\support\ApiClient.ts:211[39m[0m[0m]Odesílám DELETE požadavek na smazání sestavy: /reports-api/usersReports/1988
2025[0m[0m-09[0m[0m-01[0m[0m 15[0m[0m:35[0m[0m:15[0m[0m.319[0m[0m [97m[1mTRACE[22m[39m[0m[0m [[37m\tests\Regrese\Sestavy\Sestavy_regrese-LifeCylcle_API.spec.ts:129[39m[0m[0m]Požadavek na smazání sestavy 'S002 - Přehled přecenění' (ID: 1988) byl odeslán.
2025[0m[0m-09[0m[0m-01[0m[0m 15[0m[0m:35[0m[0m:15[0m[0m.321[0m[0m [97m[1mTRACE[22m[39m[0m[0m [[37m\tests\Regrese\Sestavy\Sestavy_regrese-LifeCylcle_API.spec.ts:131[39m[0m[0m]Ověřuji, že sestava (ID: 1988) byla skutečně smazána...
2025[0m[0m-09[0m[0m-01[0m[0m 15[0m[0m:35[0m[0m:15[0m[0m.324[0m[0m [97m[1mTRACE[22m[39m[0m[0m [[37m\support\ApiClient.ts:162[39m[0m[0m]Odesílám GET požadavek na /reports-api/listOfUsersReports/60193531 s parametry: {}
2025[0m[0m-09[0m[0m-01[0m[0m 15[0m[0m:35[0m[0m:15[0m[0m.442[0m[0m [34m[1mINFO[22m[39m[0m[0m [[37m\tests\Regrese\Sestavy\Sestavy_regrese-LifeCylcle_API.spec.ts:136[39m[0m[0m]Úklid úspěšný: Sestava 'S002 - Přehled přecenění' (ID: 1988) byla ověřitelně smazána ze serveru.
]]>
</system-out>
</testcase>
<testcase name="Cyklus pro všechny sestavy s dynamickým payloadem › TC-1238: Životní cyklus sestavy: S003 - Půlnoční zásoby PHM, @regression @API @sestavy @high" classname="Regrese\Sestavy\Sestavy_regrese-LifeCylcle_API.spec.ts" time="2.038">
<system-out>
<![CDATA[2025[0m[0m-09[0m[0m-01[0m[0m 15[0m[0m:35[0m[0m:15[0m[0m.514[0m[0m [97m[1mTRACE[22m[39m[0m[0m [[37m\support\fixtures\auth.fixture.ts:23[39m[0m[0m]FIXTURE 'authToken': Budu vytvářet nový request kontext...
2025[0m[0m-09[0m[0m-01[0m[0m 15[0m[0m:35[0m[0m:15[0m[0m.517[0m[0m [97m[1mTRACE[22m[39m[0m[0m [[37m\support\fixtures\auth.fixture.ts:25[39m[0m[0m]FIXTURE 'authToken': Request kontext vytvořen.
2025[0m[0m-09[0m[0m-01[0m[0m 15[0m[0m:35[0m[0m:15[0m[0m.518[0m[0m [97m[1mTRACE[22m[39m[0m[0m [[37m\support\fixtures\auth.fixture.ts:28[39m[0m[0m]{
  message: [32m"FIXTURE 'authToken': Odesílám POST request pro získání tokenu."[39m,
  url: [32m'http://192.168.130.239:8180/auth-api/user/authorization'[39m,
  data: [32m'eyJvcGVyYXRvciI6Ik1OX1RFVFNUX0FVVE9NQVQiLCJwYXNzd29yZCI6IjEifQ=='[39m
} Detail requestu
2025[0m[0m-09[0m[0m-01[0m[0m 15[0m[0m:35[0m[0m:16[0m[0m.161[0m[0m [97m[1mTRACE[22m[39m[0m[0m [[37m\support\fixtures\auth.fixture.ts:39[39m[0m[0m]FIXTURE 'authToken': Odpověď přijata se statusem 201.
2025[0m[0m-09[0m[0m-01[0m[0m 15[0m[0m:35[0m[0m:16[0m[0m.163[0m[0m [97m[1mTRACE[22m[39m[0m[0m [[37m\support\fixtures\auth.fixture.ts:60[39m[0m[0m]FIXTURE 'authToken': Získávám 'accessToken' z JSON odpovědi.
2025[0m[0m-09[0m[0m-01[0m[0m 15[0m[0m:35[0m[0m:16[0m[0m.164[0m[0m [97m[1mTRACE[22m[39m[0m[0m [[37m\support\fixtures\auth.fixture.ts:64[39m[0m[0m]FIXTURE 'authToken': Volám 'use(token)' a předávám token dál...
2025[0m[0m-09[0m[0m-01[0m[0m 15[0m[0m:35[0m[0m:16[0m[0m.166[0m[0m [97m[1mTRACE[22m[39m[0m[0m [[37m\support\fixtures\auth.fixture.ts:74[39m[0m[0m]FIXTURE 'page' (rozšířená): Budu vkládat inicializační skript pro nastavení localStorage...
2025[0m[0m-09[0m[0m-01[0m[0m 15[0m[0m:35[0m[0m:16[0m[0m.170[0m[0m [97m[1mTRACE[22m[39m[0m[0m [[37m\support\fixtures\auth.fixture.ts:84[39m[0m[0m]FIXTURE 'page' (rozšířená): Inicializační skript byl přidán.
2025[0m[0m-09[0m[0m-01[0m[0m 15[0m[0m:35[0m[0m:17[0m[0m.005[0m[0m [97m[1mTRACE[22m[39m[0m[0m [[37m\support\fixtures\auth.fixture.ts:88[39m[0m[0m]FIXTURE 'page' (rozšířená): Navigace na '/' dokončena.
2025[0m[0m-09[0m[0m-01[0m[0m 15[0m[0m:35[0m[0m:17[0m[0m.006[0m[0m [97m[1mTRACE[22m[39m[0m[0m [[37m\support\fixtures\auth.fixture.ts:90[39m[0m[0m]FIXTURE 'page' (rozšířená): Volám 'use(page)' a předávám připravenou stránku testu...
2025[0m[0m-09[0m[0m-01[0m[0m 15[0m[0m:35[0m[0m:17[0m[0m.009[0m[0m [34m[1mINFO[22m[39m[0m[0m [[37m\tests\Regrese\Sestavy\Sestavy_regrese-LifeCylcle_API.spec.ts:36[39m[0m[0m]Spouštím test životního cyklu pro sestavu: 'S003 - Půlnoční zásoby PHM'
2025[0m[0m-09[0m[0m-01[0m[0m 15[0m[0m:35[0m[0m:17[0m[0m.116[0m[0m [97m[1mTRACE[22m[39m[0m[0m [[37m\tests\Regrese\Sestavy\Sestavy_regrese-LifeCylcle_API.spec.ts:38[39m[0m[0m]Naviguji na domovskou stránku pro získání tokenu.
2025[0m[0m-09[0m[0m-01[0m[0m 15[0m[0m:35[0m[0m:17[0m[0m.126[0m[0m [97m[1mTRACE[22m[39m[0m[0m [[37m\tests\Regrese\Sestavy\Sestavy_regrese-LifeCylcle_API.spec.ts:41[39m[0m[0m]Autentizační token úspěšně získán.
2025[0m[0m-09[0m[0m-01[0m[0m 15[0m[0m:35[0m[0m:17[0m[0m.128[0m[0m [97m[1mTRACE[22m[39m[0m[0m [[37m\tests\Regrese\Sestavy\Sestavy_regrese-LifeCylcle_API.spec.ts:44[39m[0m[0m]ApiClient byl inicializován.
2025[0m[0m-09[0m[0m-01[0m[0m 15[0m[0m:35[0m[0m:17[0m[0m.129[0m[0m [97m[1mTRACE[22m[39m[0m[0m [[37m\tests\Regrese\Sestavy\Sestavy_regrese-LifeCylcle_API.spec.ts:48[39m[0m[0m]Inicializuji ReportBuilder pro sestavu 'S003 - Půlnoční zásoby PHM'.
2025[0m[0m-09[0m[0m-01[0m[0m 15[0m[0m:35[0m[0m:17[0m[0m.131[0m[0m [97m[1mTRACE[22m[39m[0m[0m [[37m\tests\Regrese\Sestavy\Sestavy_regrese-LifeCylcle_API.spec.ts:49[39m[0m[0m]Vytvářím sestavu 'S003 - Půlnoční zásoby PHM' s konfigurací: {"dateType":"dateRange"}
2025[0m[0m-09[0m[0m-01[0m[0m 15[0m[0m:35[0m[0m:17[0m[0m.134[0m[0m [32m[1mDEBUG[22m[39m[0m[0m [[37m\tests\Regrese\Sestavy\Sestavy_regrese-LifeCylcle_API.spec.ts:55[39m[0m[0m]Nastavuji časový rozsah (dateRange) pro sestavu 'S003 - Půlnoční zásoby PHM'.
2025[0m[0m-09[0m[0m-01[0m[0m 15[0m[0m:35[0m[0m:17[0m[0m.135[0m[0m [32m[1mDEBUG[22m[39m[0m[0m [[37m\tests\Regrese\Sestavy\Sestavy_regrese-LifeCylcle_API.spec.ts:80[39m[0m[0m]Nastavuji příznak 'public' na 'true' pro sestavu 'S003 - Půlnoční zásoby PHM'.
2025[0m[0m-09[0m[0m-01[0m[0m 15[0m[0m:35[0m[0m:17[0m[0m.137[0m[0m [97m[1mTRACE[22m[39m[0m[0m [[37m\support\ApiClient.ts:192[39m[0m[0m]Odesílaný PAYLOAD:
{
  "settings": {
    "availableFilters": [
      "stockId",
      "stkitmType",
      "grouping",
      "goodsOwnerId",
      "paidBy",
      "cardOwnerId",
      "cardIssuerId"
    ],
    "dateModelType": "range",
    "dateFrom": "2025-01-01T00:00:00.000Z",
    "dateTo": "2025-12-31T00:00:00.000Z",
    "stockId": [],
    "stkitmType": [],
    "grouping": [],
    "goodsOwnerId": [],
    "paidBy": [],
    "cardOwnerId": [],
    "cardIssuerId": [],
    "sort": "",
    "partnerId": [],
    "termId": []
  },
  "name": "S003 - Půlnoční zásoby PHM",
  "public": true,
  "reportDefinitionId": "S003"
}
2025[0m[0m-09[0m[0m-01[0m[0m 15[0m[0m:35[0m[0m:17[0m[0m.256[0m[0m [97m[1mTRACE[22m[39m[0m[0m [[37m\tests\Regrese\Sestavy\Sestavy_regrese-LifeCylcle_API.spec.ts:85[39m[0m[0m]Požadavek na vytvoření sestavy 'S003 - Půlnoční zásoby PHM' odeslán.
2025[0m[0m-09[0m[0m-01[0m[0m 15[0m[0m:35[0m[0m:17[0m[0m.258[0m[0m [97m[1mTRACE[22m[39m[0m[0m [[37m\support\ApiClient.ts:162[39m[0m[0m]Odesílám GET požadavek na /reports-api/listOfUsersReports/60193531 s parametry: {}
2025[0m[0m-09[0m[0m-01[0m[0m 15[0m[0m:35[0m[0m:17[0m[0m.352[0m[0m [97m[1mTRACE[22m[39m[0m[0m [[37m\tests\Regrese\Sestavy\Sestavy_regrese-LifeCylcle_API.spec.ts:88[39m[0m[0m]Získávám seznam všech uživatelských sestav pro ověření.
2025[0m[0m-09[0m[0m-01[0m[0m 15[0m[0m:35[0m[0m:17[0m[0m.354[0m[0m [34m[1mINFO[22m[39m[0m[0m [[37m\tests\Regrese\Sestavy\Sestavy_regrese-LifeCylcle_API.spec.ts:92[39m[0m[0m]Sestava 'S003 - Půlnoční zásoby PHM' byla úspěšně vytvořena s ID: 1989.
2025[0m[0m-09[0m[0m-01[0m[0m 15[0m[0m:35[0m[0m:17[0m[0m.355[0m[0m [97m[1mTRACE[22m[39m[0m[0m [[37m\tests\Regrese\Sestavy\Sestavy_regrese-LifeCylcle_API.spec.ts:99[39m[0m[0m]Ověřuji, že počet položek (items) v sestavě 'S003 - Půlnoční zásoby PHM' není null.
2025[0m[0m-09[0m[0m-01[0m[0m 15[0m[0m:35[0m[0m:17[0m[0m.358[0m[0m [34m[1mINFO[22m[39m[0m[0m [[37m\tests\Regrese\Sestavy\Sestavy_regrese-LifeCylcle_API.spec.ts:106[39m[0m[0m]Vytvořená sestava 'S003 - Půlnoční zásoby PHM' (ID: 1989) obsahuje 685 položek.
2025[0m[0m-09[0m[0m-01[0m[0m 15[0m[0m:35[0m[0m:17[0m[0m.359[0m[0m [97m[1mTRACE[22m[39m[0m[0m [[37m\tests\Regrese\Sestavy\Sestavy_regrese-LifeCylcle_API.spec.ts:109[39m[0m[0m]Ověřuji, že sestava 'S003 - Půlnoční zásoby PHM' je správně označena jako sdílená.
2025[0m[0m-09[0m[0m-01[0m[0m 15[0m[0m:35[0m[0m:17[0m[0m.361[0m[0m [34m[1mINFO[22m[39m[0m[0m [[37m\tests\Regrese\Sestavy\Sestavy_regrese-LifeCylcle_API.spec.ts:111[39m[0m[0m]Ověření příznaku sdílení pro sestavu "S003 - Půlnoční zásoby PHM" je v pořádku.
2025[0m[0m-09[0m[0m-01[0m[0m 15[0m[0m:35[0m[0m:17[0m[0m.362[0m[0m [97m[1mTRACE[22m[39m[0m[0m [[37m\tests\Regrese\Sestavy\Sestavy_regrese-LifeCylcle_API.spec.ts:125[39m[0m[0m](FINALLY BLOCK) Zahajuji úklid pro sestavu 'S003 - Půlnoční zásoby PHM' s ID: 1989.
2025[0m[0m-09[0m[0m-01[0m[0m 15[0m[0m:35[0m[0m:17[0m[0m.377[0m[0m [97m[1mTRACE[22m[39m[0m[0m [[37m\support\ApiClient.ts:211[39m[0m[0m]Odesílám DELETE požadavek na smazání sestavy: /reports-api/usersReports/1989
2025[0m[0m-09[0m[0m-01[0m[0m 15[0m[0m:35[0m[0m:17[0m[0m.403[0m[0m [97m[1mTRACE[22m[39m[0m[0m [[37m\tests\Regrese\Sestavy\Sestavy_regrese-LifeCylcle_API.spec.ts:129[39m[0m[0m]Požadavek na smazání sestavy 'S003 - Půlnoční zásoby PHM' (ID: 1989) byl odeslán.
2025[0m[0m-09[0m[0m-01[0m[0m 15[0m[0m:35[0m[0m:17[0m[0m.404[0m[0m [97m[1mTRACE[22m[39m[0m[0m [[37m\tests\Regrese\Sestavy\Sestavy_regrese-LifeCylcle_API.spec.ts:131[39m[0m[0m]Ověřuji, že sestava (ID: 1989) byla skutečně smazána...
2025[0m[0m-09[0m[0m-01[0m[0m 15[0m[0m:35[0m[0m:17[0m[0m.405[0m[0m [97m[1mTRACE[22m[39m[0m[0m [[37m\support\ApiClient.ts:162[39m[0m[0m]Odesílám GET požadavek na /reports-api/listOfUsersReports/60193531 s parametry: {}
2025[0m[0m-09[0m[0m-01[0m[0m 15[0m[0m:35[0m[0m:17[0m[0m.483[0m[0m [34m[1mINFO[22m[39m[0m[0m [[37m\tests\Regrese\Sestavy\Sestavy_regrese-LifeCylcle_API.spec.ts:136[39m[0m[0m]Úklid úspěšný: Sestava 'S003 - Půlnoční zásoby PHM' (ID: 1989) byla ověřitelně smazána ze serveru.
]]>
</system-out>
</testcase>
<testcase name="Cyklus pro všechny sestavy s dynamickým payloadem › TC-1239: Životní cyklus sestavy: S004 - Půlnoční registry stojanů, @regression @API @sestavy @high" classname="Regrese\Sestavy\Sestavy_regrese-LifeCylcle_API.spec.ts" time="2.063">
<system-out>
<![CDATA[2025[0m[0m-09[0m[0m-01[0m[0m 15[0m[0m:35[0m[0m:17[0m[0m.572[0m[0m [97m[1mTRACE[22m[39m[0m[0m [[37m\support\fixtures\auth.fixture.ts:23[39m[0m[0m]FIXTURE 'authToken': Budu vytvářet nový request kontext...
2025[0m[0m-09[0m[0m-01[0m[0m 15[0m[0m:35[0m[0m:17[0m[0m.575[0m[0m [97m[1mTRACE[22m[39m[0m[0m [[37m\support\fixtures\auth.fixture.ts:25[39m[0m[0m]FIXTURE 'authToken': Request kontext vytvořen.
2025[0m[0m-09[0m[0m-01[0m[0m 15[0m[0m:35[0m[0m:17[0m[0m.576[0m[0m [97m[1mTRACE[22m[39m[0m[0m [[37m\support\fixtures\auth.fixture.ts:28[39m[0m[0m]{
  message: [32m"FIXTURE 'authToken': Odesílám POST request pro získání tokenu."[39m,
  url: [32m'http://192.168.130.239:8180/auth-api/user/authorization'[39m,
  data: [32m'eyJvcGVyYXRvciI6Ik1OX1RFVFNUX0FVVE9NQVQiLCJwYXNzd29yZCI6IjEifQ=='[39m
} Detail requestu
2025[0m[0m-09[0m[0m-01[0m[0m 15[0m[0m:35[0m[0m:18[0m[0m.234[0m[0m [97m[1mTRACE[22m[39m[0m[0m [[37m\support\fixtures\auth.fixture.ts:39[39m[0m[0m]FIXTURE 'authToken': Odpověď přijata se statusem 201.
2025[0m[0m-09[0m[0m-01[0m[0m 15[0m[0m:35[0m[0m:18[0m[0m.236[0m[0m [97m[1mTRACE[22m[39m[0m[0m [[37m\support\fixtures\auth.fixture.ts:60[39m[0m[0m]FIXTURE 'authToken': Získávám 'accessToken' z JSON odpovědi.
2025[0m[0m-09[0m[0m-01[0m[0m 15[0m[0m:35[0m[0m:18[0m[0m.239[0m[0m [97m[1mTRACE[22m[39m[0m[0m [[37m\support\fixtures\auth.fixture.ts:64[39m[0m[0m]FIXTURE 'authToken': Volám 'use(token)' a předávám token dál...
2025[0m[0m-09[0m[0m-01[0m[0m 15[0m[0m:35[0m[0m:18[0m[0m.240[0m[0m [97m[1mTRACE[22m[39m[0m[0m [[37m\support\fixtures\auth.fixture.ts:74[39m[0m[0m]FIXTURE 'page' (rozšířená): Budu vkládat inicializační skript pro nastavení localStorage...
2025[0m[0m-09[0m[0m-01[0m[0m 15[0m[0m:35[0m[0m:18[0m[0m.244[0m[0m [97m[1mTRACE[22m[39m[0m[0m [[37m\support\fixtures\auth.fixture.ts:84[39m[0m[0m]FIXTURE 'page' (rozšířená): Inicializační skript byl přidán.
2025[0m[0m-09[0m[0m-01[0m[0m 15[0m[0m:35[0m[0m:18[0m[0m.970[0m[0m [97m[1mTRACE[22m[39m[0m[0m [[37m\support\fixtures\auth.fixture.ts:88[39m[0m[0m]FIXTURE 'page' (rozšířená): Navigace na '/' dokončena.
2025[0m[0m-09[0m[0m-01[0m[0m 15[0m[0m:35[0m[0m:18[0m[0m.971[0m[0m [97m[1mTRACE[22m[39m[0m[0m [[37m\support\fixtures\auth.fixture.ts:90[39m[0m[0m]FIXTURE 'page' (rozšířená): Volám 'use(page)' a předávám připravenou stránku testu...
2025[0m[0m-09[0m[0m-01[0m[0m 15[0m[0m:35[0m[0m:18[0m[0m.973[0m[0m [34m[1mINFO[22m[39m[0m[0m [[37m\tests\Regrese\Sestavy\Sestavy_regrese-LifeCylcle_API.spec.ts:36[39m[0m[0m]Spouštím test životního cyklu pro sestavu: 'S004 - Půlnoční registry stojanů'
2025[0m[0m-09[0m[0m-01[0m[0m 15[0m[0m:35[0m[0m:19[0m[0m.051[0m[0m [97m[1mTRACE[22m[39m[0m[0m [[37m\tests\Regrese\Sestavy\Sestavy_regrese-LifeCylcle_API.spec.ts:38[39m[0m[0m]Naviguji na domovskou stránku pro získání tokenu.
2025[0m[0m-09[0m[0m-01[0m[0m 15[0m[0m:35[0m[0m:19[0m[0m.065[0m[0m [97m[1mTRACE[22m[39m[0m[0m [[37m\tests\Regrese\Sestavy\Sestavy_regrese-LifeCylcle_API.spec.ts:41[39m[0m[0m]Autentizační token úspěšně získán.
2025[0m[0m-09[0m[0m-01[0m[0m 15[0m[0m:35[0m[0m:19[0m[0m.066[0m[0m [97m[1mTRACE[22m[39m[0m[0m [[37m\tests\Regrese\Sestavy\Sestavy_regrese-LifeCylcle_API.spec.ts:44[39m[0m[0m]ApiClient byl inicializován.
2025[0m[0m-09[0m[0m-01[0m[0m 15[0m[0m:35[0m[0m:19[0m[0m.067[0m[0m [97m[1mTRACE[22m[39m[0m[0m [[37m\tests\Regrese\Sestavy\Sestavy_regrese-LifeCylcle_API.spec.ts:48[39m[0m[0m]Inicializuji ReportBuilder pro sestavu 'S004 - Půlnoční registry stojanů'.
2025[0m[0m-09[0m[0m-01[0m[0m 15[0m[0m:35[0m[0m:19[0m[0m.069[0m[0m [97m[1mTRACE[22m[39m[0m[0m [[37m\tests\Regrese\Sestavy\Sestavy_regrese-LifeCylcle_API.spec.ts:49[39m[0m[0m]Vytvářím sestavu 'S004 - Půlnoční registry stojanů' s konfigurací: {"dateType":"dateRange"}
2025[0m[0m-09[0m[0m-01[0m[0m 15[0m[0m:35[0m[0m:19[0m[0m.070[0m[0m [32m[1mDEBUG[22m[39m[0m[0m [[37m\tests\Regrese\Sestavy\Sestavy_regrese-LifeCylcle_API.spec.ts:55[39m[0m[0m]Nastavuji časový rozsah (dateRange) pro sestavu 'S004 - Půlnoční registry stojanů'.
2025[0m[0m-09[0m[0m-01[0m[0m 15[0m[0m:35[0m[0m:19[0m[0m.072[0m[0m [32m[1mDEBUG[22m[39m[0m[0m [[37m\tests\Regrese\Sestavy\Sestavy_regrese-LifeCylcle_API.spec.ts:80[39m[0m[0m]Nastavuji příznak 'public' na 'true' pro sestavu 'S004 - Půlnoční registry stojanů'.
2025[0m[0m-09[0m[0m-01[0m[0m 15[0m[0m:35[0m[0m:19[0m[0m.074[0m[0m [97m[1mTRACE[22m[39m[0m[0m [[37m\support\ApiClient.ts:192[39m[0m[0m]Odesílaný PAYLOAD:
{
  "settings": {
    "availableFilters": [
      "stockId",
      "stkitmType",
      "grouping",
      "goodsOwnerId",
      "paidBy",
      "cardOwnerId",
      "cardIssuerId"
    ],
    "dateModelType": "range",
    "dateFrom": "2025-01-01T00:00:00.000Z",
    "dateTo": "2025-12-31T00:00:00.000Z",
    "stockId": [],
    "stkitmType": [],
    "grouping": [],
    "goodsOwnerId": [],
    "paidBy": [],
    "cardOwnerId": [],
    "cardIssuerId": [],
    "sort": "",
    "partnerId": [],
    "termId": []
  },
  "name": "S004 - Půlnoční registry stojanů",
  "public": true,
  "reportDefinitionId": "S004"
}
2025[0m[0m-09[0m[0m-01[0m[0m 15[0m[0m:35[0m[0m:19[0m[0m.326[0m[0m [97m[1mTRACE[22m[39m[0m[0m [[37m\tests\Regrese\Sestavy\Sestavy_regrese-LifeCylcle_API.spec.ts:85[39m[0m[0m]Požadavek na vytvoření sestavy 'S004 - Půlnoční registry stojanů' odeslán.
2025[0m[0m-09[0m[0m-01[0m[0m 15[0m[0m:35[0m[0m:19[0m[0m.327[0m[0m [97m[1mTRACE[22m[39m[0m[0m [[37m\support\ApiClient.ts:162[39m[0m[0m]Odesílám GET požadavek na /reports-api/listOfUsersReports/60193531 s parametry: {}
2025[0m[0m-09[0m[0m-01[0m[0m 15[0m[0m:35[0m[0m:19[0m[0m.406[0m[0m [97m[1mTRACE[22m[39m[0m[0m [[37m\tests\Regrese\Sestavy\Sestavy_regrese-LifeCylcle_API.spec.ts:88[39m[0m[0m]Získávám seznam všech uživatelských sestav pro ověření.
2025[0m[0m-09[0m[0m-01[0m[0m 15[0m[0m:35[0m[0m:19[0m[0m.407[0m[0m [34m[1mINFO[22m[39m[0m[0m [[37m\tests\Regrese\Sestavy\Sestavy_regrese-LifeCylcle_API.spec.ts:92[39m[0m[0m]Sestava 'S004 - Půlnoční registry stojanů' byla úspěšně vytvořena s ID: 1990.
2025[0m[0m-09[0m[0m-01[0m[0m 15[0m[0m:35[0m[0m:19[0m[0m.408[0m[0m [97m[1mTRACE[22m[39m[0m[0m [[37m\tests\Regrese\Sestavy\Sestavy_regrese-LifeCylcle_API.spec.ts:99[39m[0m[0m]Ověřuji, že počet položek (items) v sestavě 'S004 - Půlnoční registry stojanů' není null.
2025[0m[0m-09[0m[0m-01[0m[0m 15[0m[0m:35[0m[0m:19[0m[0m.413[0m[0m [34m[1mINFO[22m[39m[0m[0m [[37m\tests\Regrese\Sestavy\Sestavy_regrese-LifeCylcle_API.spec.ts:106[39m[0m[0m]Vytvořená sestava 'S004 - Půlnoční registry stojanů' (ID: 1990) obsahuje 4416 položek.
2025[0m[0m-09[0m[0m-01[0m[0m 15[0m[0m:35[0m[0m:19[0m[0m.415[0m[0m [97m[1mTRACE[22m[39m[0m[0m [[37m\tests\Regrese\Sestavy\Sestavy_regrese-LifeCylcle_API.spec.ts:109[39m[0m[0m]Ověřuji, že sestava 'S004 - Půlnoční registry stojanů' je správně označena jako sdílená.
2025[0m[0m-09[0m[0m-01[0m[0m 15[0m[0m:35[0m[0m:19[0m[0m.420[0m[0m [34m[1mINFO[22m[39m[0m[0m [[37m\tests\Regrese\Sestavy\Sestavy_regrese-LifeCylcle_API.spec.ts:111[39m[0m[0m]Ověření příznaku sdílení pro sestavu "S004 - Půlnoční registry stojanů" je v pořádku.
2025[0m[0m-09[0m[0m-01[0m[0m 15[0m[0m:35[0m[0m:19[0m[0m.422[0m[0m [97m[1mTRACE[22m[39m[0m[0m [[37m\tests\Regrese\Sestavy\Sestavy_regrese-LifeCylcle_API.spec.ts:125[39m[0m[0m](FINALLY BLOCK) Zahajuji úklid pro sestavu 'S004 - Půlnoční registry stojanů' s ID: 1990.
2025[0m[0m-09[0m[0m-01[0m[0m 15[0m[0m:35[0m[0m:19[0m[0m.438[0m[0m [97m[1mTRACE[22m[39m[0m[0m [[37m\support\ApiClient.ts:211[39m[0m[0m]Odesílám DELETE požadavek na smazání sestavy: /reports-api/usersReports/1990
2025[0m[0m-09[0m[0m-01[0m[0m 15[0m[0m:35[0m[0m:19[0m[0m.469[0m[0m [97m[1mTRACE[22m[39m[0m[0m [[37m\tests\Regrese\Sestavy\Sestavy_regrese-LifeCylcle_API.spec.ts:129[39m[0m[0m]Požadavek na smazání sestavy 'S004 - Půlnoční registry stojanů' (ID: 1990) byl odeslán.
2025[0m[0m-09[0m[0m-01[0m[0m 15[0m[0m:35[0m[0m:19[0m[0m.471[0m[0m [97m[1mTRACE[22m[39m[0m[0m [[37m\tests\Regrese\Sestavy\Sestavy_regrese-LifeCylcle_API.spec.ts:131[39m[0m[0m]Ověřuji, že sestava (ID: 1990) byla skutečně smazána...
2025[0m[0m-09[0m[0m-01[0m[0m 15[0m[0m:35[0m[0m:19[0m[0m.476[0m[0m [97m[1mTRACE[22m[39m[0m[0m [[37m\support\ApiClient.ts:162[39m[0m[0m]Odesílám GET požadavek na /reports-api/listOfUsersReports/60193531 s parametry: {}
2025[0m[0m-09[0m[0m-01[0m[0m 15[0m[0m:35[0m[0m:19[0m[0m.555[0m[0m [34m[1mINFO[22m[39m[0m[0m [[37m\tests\Regrese\Sestavy\Sestavy_regrese-LifeCylcle_API.spec.ts:136[39m[0m[0m]Úklid úspěšný: Sestava 'S004 - Půlnoční registry stojanů' (ID: 1990) byla ověřitelně smazána ze serveru.
]]>
</system-out>
</testcase>
<testcase name="Cyklus pro všechny sestavy s dynamickým payloadem › TC-1240: Životní cyklus sestavy: T001 - Přehled neautorizovaných transakcí, @regression @API @sestavy @high" classname="Regrese\Sestavy\Sestavy_regrese-LifeCylcle_API.spec.ts" time="2.321">
<system-out>
<![CDATA[2025[0m[0m-09[0m[0m-01[0m[0m 15[0m[0m:35[0m[0m:19[0m[0m.628[0m[0m [97m[1mTRACE[22m[39m[0m[0m [[37m\support\fixtures\auth.fixture.ts:23[39m[0m[0m]FIXTURE 'authToken': Budu vytvářet nový request kontext...
2025[0m[0m-09[0m[0m-01[0m[0m 15[0m[0m:35[0m[0m:19[0m[0m.630[0m[0m [97m[1mTRACE[22m[39m[0m[0m [[37m\support\fixtures\auth.fixture.ts:25[39m[0m[0m]FIXTURE 'authToken': Request kontext vytvořen.
2025[0m[0m-09[0m[0m-01[0m[0m 15[0m[0m:35[0m[0m:19[0m[0m.631[0m[0m [97m[1mTRACE[22m[39m[0m[0m [[37m\support\fixtures\auth.fixture.ts:28[39m[0m[0m]{
  message: [32m"FIXTURE 'authToken': Odesílám POST request pro získání tokenu."[39m,
  url: [32m'http://192.168.130.239:8180/auth-api/user/authorization'[39m,
  data: [32m'eyJvcGVyYXRvciI6Ik1OX1RFVFNUX0FVVE9NQVQiLCJwYXNzd29yZCI6IjEifQ=='[39m
} Detail requestu
2025[0m[0m-09[0m[0m-01[0m[0m 15[0m[0m:35[0m[0m:20[0m[0m.319[0m[0m [97m[1mTRACE[22m[39m[0m[0m [[37m\support\fixtures\auth.fixture.ts:39[39m[0m[0m]FIXTURE 'authToken': Odpověď přijata se statusem 201.
2025[0m[0m-09[0m[0m-01[0m[0m 15[0m[0m:35[0m[0m:20[0m[0m.322[0m[0m [97m[1mTRACE[22m[39m[0m[0m [[37m\support\fixtures\auth.fixture.ts:60[39m[0m[0m]FIXTURE 'authToken': Získávám 'accessToken' z JSON odpovědi.
2025[0m[0m-09[0m[0m-01[0m[0m 15[0m[0m:35[0m[0m:20[0m[0m.325[0m[0m [97m[1mTRACE[22m[39m[0m[0m [[37m\support\fixtures\auth.fixture.ts:64[39m[0m[0m]FIXTURE 'authToken': Volám 'use(token)' a předávám token dál...
2025[0m[0m-09[0m[0m-01[0m[0m 15[0m[0m:35[0m[0m:20[0m[0m.327[0m[0m [97m[1mTRACE[22m[39m[0m[0m [[37m\support\fixtures\auth.fixture.ts:74[39m[0m[0m]FIXTURE 'page' (rozšířená): Budu vkládat inicializační skript pro nastavení localStorage...
2025[0m[0m-09[0m[0m-01[0m[0m 15[0m[0m:35[0m[0m:20[0m[0m.334[0m[0m [97m[1mTRACE[22m[39m[0m[0m [[37m\support\fixtures\auth.fixture.ts:84[39m[0m[0m]FIXTURE 'page' (rozšířená): Inicializační skript byl přidán.
2025[0m[0m-09[0m[0m-01[0m[0m 15[0m[0m:35[0m[0m:21[0m[0m.202[0m[0m [97m[1mTRACE[22m[39m[0m[0m [[37m\support\fixtures\auth.fixture.ts:88[39m[0m[0m]FIXTURE 'page' (rozšířená): Navigace na '/' dokončena.
2025[0m[0m-09[0m[0m-01[0m[0m 15[0m[0m:35[0m[0m:21[0m[0m.204[0m[0m [97m[1mTRACE[22m[39m[0m[0m [[37m\support\fixtures\auth.fixture.ts:90[39m[0m[0m]FIXTURE 'page' (rozšířená): Volám 'use(page)' a předávám připravenou stránku testu...
2025[0m[0m-09[0m[0m-01[0m[0m 15[0m[0m:35[0m[0m:21[0m[0m.206[0m[0m [34m[1mINFO[22m[39m[0m[0m [[37m\tests\Regrese\Sestavy\Sestavy_regrese-LifeCylcle_API.spec.ts:36[39m[0m[0m]Spouštím test životního cyklu pro sestavu: 'T001 - Přehled neautorizovaných transakcí'
2025[0m[0m-09[0m[0m-01[0m[0m 15[0m[0m:35[0m[0m:21[0m[0m.319[0m[0m [97m[1mTRACE[22m[39m[0m[0m [[37m\tests\Regrese\Sestavy\Sestavy_regrese-LifeCylcle_API.spec.ts:38[39m[0m[0m]Naviguji na domovskou stránku pro získání tokenu.
2025[0m[0m-09[0m[0m-01[0m[0m 15[0m[0m:35[0m[0m:21[0m[0m.335[0m[0m [97m[1mTRACE[22m[39m[0m[0m [[37m\tests\Regrese\Sestavy\Sestavy_regrese-LifeCylcle_API.spec.ts:41[39m[0m[0m]Autentizační token úspěšně získán.
2025[0m[0m-09[0m[0m-01[0m[0m 15[0m[0m:35[0m[0m:21[0m[0m.337[0m[0m [97m[1mTRACE[22m[39m[0m[0m [[37m\tests\Regrese\Sestavy\Sestavy_regrese-LifeCylcle_API.spec.ts:44[39m[0m[0m]ApiClient byl inicializován.
2025[0m[0m-09[0m[0m-01[0m[0m 15[0m[0m:35[0m[0m:21[0m[0m.338[0m[0m [97m[1mTRACE[22m[39m[0m[0m [[37m\tests\Regrese\Sestavy\Sestavy_regrese-LifeCylcle_API.spec.ts:48[39m[0m[0m]Inicializuji ReportBuilder pro sestavu 'T001 - Přehled neautorizovaných transakcí'.
2025[0m[0m-09[0m[0m-01[0m[0m 15[0m[0m:35[0m[0m:21[0m[0m.340[0m[0m [97m[1mTRACE[22m[39m[0m[0m [[37m\tests\Regrese\Sestavy\Sestavy_regrese-LifeCylcle_API.spec.ts:49[39m[0m[0m]Vytvářím sestavu 'T001 - Přehled neautorizovaných transakcí' s konfigurací: {"dateType":"dateRange"}
2025[0m[0m-09[0m[0m-01[0m[0m 15[0m[0m:35[0m[0m:21[0m[0m.343[0m[0m [32m[1mDEBUG[22m[39m[0m[0m [[37m\tests\Regrese\Sestavy\Sestavy_regrese-LifeCylcle_API.spec.ts:55[39m[0m[0m]Nastavuji časový rozsah (dateRange) pro sestavu 'T001 - Přehled neautorizovaných transakcí'.
2025[0m[0m-09[0m[0m-01[0m[0m 15[0m[0m:35[0m[0m:21[0m[0m.345[0m[0m [32m[1mDEBUG[22m[39m[0m[0m [[37m\tests\Regrese\Sestavy\Sestavy_regrese-LifeCylcle_API.spec.ts:80[39m[0m[0m]Nastavuji příznak 'public' na 'true' pro sestavu 'T001 - Přehled neautorizovaných transakcí'.
2025[0m[0m-09[0m[0m-01[0m[0m 15[0m[0m:35[0m[0m:21[0m[0m.350[0m[0m [97m[1mTRACE[22m[39m[0m[0m [[37m\support\ApiClient.ts:192[39m[0m[0m]Odesílaný PAYLOAD:
{
  "settings": {
    "availableFilters": [
      "stockId",
      "stkitmType",
      "grouping",
      "goodsOwnerId",
      "paidBy",
      "cardOwnerId",
      "cardIssuerId"
    ],
    "dateModelType": "range",
    "dateFrom": "2025-01-01T00:00:00.000Z",
    "dateTo": "2025-12-31T00:00:00.000Z",
    "stockId": [],
    "stkitmType": [],
    "grouping": [],
    "goodsOwnerId": [],
    "paidBy": [],
    "cardOwnerId": [],
    "cardIssuerId": [],
    "sort": "",
    "partnerId": [],
    "termId": []
  },
  "name": "T001 - Přehled neautorizovaných transakcí",
  "public": true,
  "reportDefinitionId": "T001"
}
2025[0m[0m-09[0m[0m-01[0m[0m 15[0m[0m:35[0m[0m:21[0m[0m.450[0m[0m [97m[1mTRACE[22m[39m[0m[0m [[37m\tests\Regrese\Sestavy\Sestavy_regrese-LifeCylcle_API.spec.ts:85[39m[0m[0m]Požadavek na vytvoření sestavy 'T001 - Přehled neautorizovaných transakcí' odeslán.
2025[0m[0m-09[0m[0m-01[0m[0m 15[0m[0m:35[0m[0m:21[0m[0m.452[0m[0m [97m[1mTRACE[22m[39m[0m[0m [[37m\support\ApiClient.ts:162[39m[0m[0m]Odesílám GET požadavek na /reports-api/listOfUsersReports/60193531 s parametry: {}
2025[0m[0m-09[0m[0m-01[0m[0m 15[0m[0m:35[0m[0m:21[0m[0m.562[0m[0m [97m[1mTRACE[22m[39m[0m[0m [[37m\tests\Regrese\Sestavy\Sestavy_regrese-LifeCylcle_API.spec.ts:88[39m[0m[0m]Získávám seznam všech uživatelských sestav pro ověření.
2025[0m[0m-09[0m[0m-01[0m[0m 15[0m[0m:35[0m[0m:21[0m[0m.569[0m[0m [34m[1mINFO[22m[39m[0m[0m [[37m\tests\Regrese\Sestavy\Sestavy_regrese-LifeCylcle_API.spec.ts:92[39m[0m[0m]Sestava 'T001 - Přehled neautorizovaných transakcí' byla úspěšně vytvořena s ID: 1991.
2025[0m[0m-09[0m[0m-01[0m[0m 15[0m[0m:35[0m[0m:21[0m[0m.582[0m[0m [97m[1mTRACE[22m[39m[0m[0m [[37m\tests\Regrese\Sestavy\Sestavy_regrese-LifeCylcle_API.spec.ts:99[39m[0m[0m]Ověřuji, že počet položek (items) v sestavě 'T001 - Přehled neautorizovaných transakcí' není null.
2025[0m[0m-09[0m[0m-01[0m[0m 15[0m[0m:35[0m[0m:21[0m[0m.603[0m[0m [34m[1mINFO[22m[39m[0m[0m [[37m\tests\Regrese\Sestavy\Sestavy_regrese-LifeCylcle_API.spec.ts:106[39m[0m[0m]Vytvořená sestava 'T001 - Přehled neautorizovaných transakcí' (ID: 1991) obsahuje 7 položek.
2025[0m[0m-09[0m[0m-01[0m[0m 15[0m[0m:35[0m[0m:21[0m[0m.640[0m[0m [97m[1mTRACE[22m[39m[0m[0m [[37m\tests\Regrese\Sestavy\Sestavy_regrese-LifeCylcle_API.spec.ts:109[39m[0m[0m]Ověřuji, že sestava 'T001 - Přehled neautorizovaných transakcí' je správně označena jako sdílená.
2025[0m[0m-09[0m[0m-01[0m[0m 15[0m[0m:35[0m[0m:21[0m[0m.659[0m[0m [34m[1mINFO[22m[39m[0m[0m [[37m\tests\Regrese\Sestavy\Sestavy_regrese-LifeCylcle_API.spec.ts:111[39m[0m[0m]Ověření příznaku sdílení pro sestavu "T001 - Přehled neautorizovaných transakcí" je v pořádku.
2025[0m[0m-09[0m[0m-01[0m[0m 15[0m[0m:35[0m[0m:21[0m[0m.661[0m[0m [97m[1mTRACE[22m[39m[0m[0m [[37m\tests\Regrese\Sestavy\Sestavy_regrese-LifeCylcle_API.spec.ts:125[39m[0m[0m](FINALLY BLOCK) Zahajuji úklid pro sestavu 'T001 - Přehled neautorizovaných transakcí' s ID: 1991.
2025[0m[0m-09[0m[0m-01[0m[0m 15[0m[0m:35[0m[0m:21[0m[0m.702[0m[0m [97m[1mTRACE[22m[39m[0m[0m [[37m\support\ApiClient.ts:211[39m[0m[0m]Odesílám DELETE požadavek na smazání sestavy: /reports-api/usersReports/1991
2025[0m[0m-09[0m[0m-01[0m[0m 15[0m[0m:35[0m[0m:21[0m[0m.753[0m[0m [97m[1mTRACE[22m[39m[0m[0m [[37m\tests\Regrese\Sestavy\Sestavy_regrese-LifeCylcle_API.spec.ts:129[39m[0m[0m]Požadavek na smazání sestavy 'T001 - Přehled neautorizovaných transakcí' (ID: 1991) byl odeslán.
2025[0m[0m-09[0m[0m-01[0m[0m 15[0m[0m:35[0m[0m:21[0m[0m.755[0m[0m [97m[1mTRACE[22m[39m[0m[0m [[37m\tests\Regrese\Sestavy\Sestavy_regrese-LifeCylcle_API.spec.ts:131[39m[0m[0m]Ověřuji, že sestava (ID: 1991) byla skutečně smazána...
2025[0m[0m-09[0m[0m-01[0m[0m 15[0m[0m:35[0m[0m:21[0m[0m.757[0m[0m [97m[1mTRACE[22m[39m[0m[0m [[37m\support\ApiClient.ts:162[39m[0m[0m]Odesílám GET požadavek na /reports-api/listOfUsersReports/60193531 s parametry: {}
2025[0m[0m-09[0m[0m-01[0m[0m 15[0m[0m:35[0m[0m:21[0m[0m.880[0m[0m [34m[1mINFO[22m[39m[0m[0m [[37m\tests\Regrese\Sestavy\Sestavy_regrese-LifeCylcle_API.spec.ts:136[39m[0m[0m]Úklid úspěšný: Sestava 'T001 - Přehled neautorizovaných transakcí' (ID: 1991) byla ověřitelně smazána ze serveru.
]]>
</system-out>
</testcase>
<testcase name="Cyklus pro všechny sestavy s dynamickým payloadem › TC-1241: Životní cyklus sestavy: T002 - Přehled odběrů podle řidiče, @regression @API @sestavy @high" classname="Regrese\Sestavy\Sestavy_regrese-LifeCylcle_API.spec.ts" time="2.219">
<system-out>
<![CDATA[2025[0m[0m-09[0m[0m-01[0m[0m 15[0m[0m:35[0m[0m:21[0m[0m.969[0m[0m [97m[1mTRACE[22m[39m[0m[0m [[37m\support\fixtures\auth.fixture.ts:23[39m[0m[0m]FIXTURE 'authToken': Budu vytvářet nový request kontext...
2025[0m[0m-09[0m[0m-01[0m[0m 15[0m[0m:35[0m[0m:21[0m[0m.974[0m[0m [97m[1mTRACE[22m[39m[0m[0m [[37m\support\fixtures\auth.fixture.ts:25[39m[0m[0m]FIXTURE 'authToken': Request kontext vytvořen.
2025[0m[0m-09[0m[0m-01[0m[0m 15[0m[0m:35[0m[0m:21[0m[0m.975[0m[0m [97m[1mTRACE[22m[39m[0m[0m [[37m\support\fixtures\auth.fixture.ts:28[39m[0m[0m]{
  message: [32m"FIXTURE 'authToken': Odesílám POST request pro získání tokenu."[39m,
  url: [32m'http://192.168.130.239:8180/auth-api/user/authorization'[39m,
  data: [32m'eyJvcGVyYXRvciI6Ik1OX1RFVFNUX0FVVE9NQVQiLCJwYXNzd29yZCI6IjEifQ=='[39m
} Detail requestu
2025[0m[0m-09[0m[0m-01[0m[0m 15[0m[0m:35[0m[0m:22[0m[0m.626[0m[0m [97m[1mTRACE[22m[39m[0m[0m [[37m\support\fixtures\auth.fixture.ts:39[39m[0m[0m]FIXTURE 'authToken': Odpověď přijata se statusem 201.
2025[0m[0m-09[0m[0m-01[0m[0m 15[0m[0m:35[0m[0m:22[0m[0m.630[0m[0m [97m[1mTRACE[22m[39m[0m[0m [[37m\support\fixtures\auth.fixture.ts:60[39m[0m[0m]FIXTURE 'authToken': Získávám 'accessToken' z JSON odpovědi.
2025[0m[0m-09[0m[0m-01[0m[0m 15[0m[0m:35[0m[0m:22[0m[0m.633[0m[0m [97m[1mTRACE[22m[39m[0m[0m [[37m\support\fixtures\auth.fixture.ts:64[39m[0m[0m]FIXTURE 'authToken': Volám 'use(token)' a předávám token dál...
2025[0m[0m-09[0m[0m-01[0m[0m 15[0m[0m:35[0m[0m:22[0m[0m.636[0m[0m [97m[1mTRACE[22m[39m[0m[0m [[37m\support\fixtures\auth.fixture.ts:74[39m[0m[0m]FIXTURE 'page' (rozšířená): Budu vkládat inicializační skript pro nastavení localStorage...
2025[0m[0m-09[0m[0m-01[0m[0m 15[0m[0m:35[0m[0m:22[0m[0m.641[0m[0m [97m[1mTRACE[22m[39m[0m[0m [[37m\support\fixtures\auth.fixture.ts:84[39m[0m[0m]FIXTURE 'page' (rozšířená): Inicializační skript byl přidán.
2025[0m[0m-09[0m[0m-01[0m[0m 15[0m[0m:35[0m[0m:23[0m[0m.541[0m[0m [97m[1mTRACE[22m[39m[0m[0m [[37m\support\fixtures\auth.fixture.ts:88[39m[0m[0m]FIXTURE 'page' (rozšířená): Navigace na '/' dokončena.
2025[0m[0m-09[0m[0m-01[0m[0m 15[0m[0m:35[0m[0m:23[0m[0m.542[0m[0m [97m[1mTRACE[22m[39m[0m[0m [[37m\support\fixtures\auth.fixture.ts:90[39m[0m[0m]FIXTURE 'page' (rozšířená): Volám 'use(page)' a předávám připravenou stránku testu...
2025[0m[0m-09[0m[0m-01[0m[0m 15[0m[0m:35[0m[0m:23[0m[0m.544[0m[0m [34m[1mINFO[22m[39m[0m[0m [[37m\tests\Regrese\Sestavy\Sestavy_regrese-LifeCylcle_API.spec.ts:36[39m[0m[0m]Spouštím test životního cyklu pro sestavu: 'T002 - Přehled odběrů podle řidiče'
2025[0m[0m-09[0m[0m-01[0m[0m 15[0m[0m:35[0m[0m:23[0m[0m.635[0m[0m [97m[1mTRACE[22m[39m[0m[0m [[37m\tests\Regrese\Sestavy\Sestavy_regrese-LifeCylcle_API.spec.ts:38[39m[0m[0m]Naviguji na domovskou stránku pro získání tokenu.
2025[0m[0m-09[0m[0m-01[0m[0m 15[0m[0m:35[0m[0m:23[0m[0m.647[0m[0m [97m[1mTRACE[22m[39m[0m[0m [[37m\tests\Regrese\Sestavy\Sestavy_regrese-LifeCylcle_API.spec.ts:41[39m[0m[0m]Autentizační token úspěšně získán.
2025[0m[0m-09[0m[0m-01[0m[0m 15[0m[0m:35[0m[0m:23[0m[0m.649[0m[0m [97m[1mTRACE[22m[39m[0m[0m [[37m\tests\Regrese\Sestavy\Sestavy_regrese-LifeCylcle_API.spec.ts:44[39m[0m[0m]ApiClient byl inicializován.
2025[0m[0m-09[0m[0m-01[0m[0m 15[0m[0m:35[0m[0m:23[0m[0m.651[0m[0m [97m[1mTRACE[22m[39m[0m[0m [[37m\tests\Regrese\Sestavy\Sestavy_regrese-LifeCylcle_API.spec.ts:48[39m[0m[0m]Inicializuji ReportBuilder pro sestavu 'T002 - Přehled odběrů podle řidiče'.
2025[0m[0m-09[0m[0m-01[0m[0m 15[0m[0m:35[0m[0m:23[0m[0m.653[0m[0m [97m[1mTRACE[22m[39m[0m[0m [[37m\tests\Regrese\Sestavy\Sestavy_regrese-LifeCylcle_API.spec.ts:49[39m[0m[0m]Vytvářím sestavu 'T002 - Přehled odběrů podle řidiče' s konfigurací: {"dateType":"dateRange"}
2025[0m[0m-09[0m[0m-01[0m[0m 15[0m[0m:35[0m[0m:23[0m[0m.656[0m[0m [32m[1mDEBUG[22m[39m[0m[0m [[37m\tests\Regrese\Sestavy\Sestavy_regrese-LifeCylcle_API.spec.ts:55[39m[0m[0m]Nastavuji časový rozsah (dateRange) pro sestavu 'T002 - Přehled odběrů podle řidiče'.
2025[0m[0m-09[0m[0m-01[0m[0m 15[0m[0m:35[0m[0m:23[0m[0m.659[0m[0m [32m[1mDEBUG[22m[39m[0m[0m [[37m\tests\Regrese\Sestavy\Sestavy_regrese-LifeCylcle_API.spec.ts:80[39m[0m[0m]Nastavuji příznak 'public' na 'true' pro sestavu 'T002 - Přehled odběrů podle řidiče'.
2025[0m[0m-09[0m[0m-01[0m[0m 15[0m[0m:35[0m[0m:23[0m[0m.662[0m[0m [97m[1mTRACE[22m[39m[0m[0m [[37m\support\ApiClient.ts:192[39m[0m[0m]Odesílaný PAYLOAD:
{
  "settings": {
    "availableFilters": [
      "stockId",
      "stkitmType",
      "grouping",
      "goodsOwnerId",
      "paidBy",
      "cardOwnerId",
      "cardIssuerId"
    ],
    "dateModelType": "range",
    "dateFrom": "2025-01-01T00:00:00.000Z",
    "dateTo": "2025-12-31T00:00:00.000Z",
    "stockId": [],
    "stkitmType": [],
    "grouping": [],
    "goodsOwnerId": [],
    "paidBy": [],
    "cardOwnerId": [],
    "cardIssuerId": [],
    "sort": "",
    "partnerId": [],
    "termId": []
  },
  "name": "T002 - Přehled odběrů podle řidiče",
  "public": true,
  "reportDefinitionId": "T002"
}
2025[0m[0m-09[0m[0m-01[0m[0m 15[0m[0m:35[0m[0m:23[0m[0m.769[0m[0m [97m[1mTRACE[22m[39m[0m[0m [[37m\tests\Regrese\Sestavy\Sestavy_regrese-LifeCylcle_API.spec.ts:85[39m[0m[0m]Požadavek na vytvoření sestavy 'T002 - Přehled odběrů podle řidiče' odeslán.
2025[0m[0m-09[0m[0m-01[0m[0m 15[0m[0m:35[0m[0m:23[0m[0m.770[0m[0m [97m[1mTRACE[22m[39m[0m[0m [[37m\support\ApiClient.ts:162[39m[0m[0m]Odesílám GET požadavek na /reports-api/listOfUsersReports/60193531 s parametry: {}
2025[0m[0m-09[0m[0m-01[0m[0m 15[0m[0m:35[0m[0m:23[0m[0m.936[0m[0m [97m[1mTRACE[22m[39m[0m[0m [[37m\tests\Regrese\Sestavy\Sestavy_regrese-LifeCylcle_API.spec.ts:88[39m[0m[0m]Získávám seznam všech uživatelských sestav pro ověření.
2025[0m[0m-09[0m[0m-01[0m[0m 15[0m[0m:35[0m[0m:23[0m[0m.938[0m[0m [34m[1mINFO[22m[39m[0m[0m [[37m\tests\Regrese\Sestavy\Sestavy_regrese-LifeCylcle_API.spec.ts:92[39m[0m[0m]Sestava 'T002 - Přehled odběrů podle řidiče' byla úspěšně vytvořena s ID: 1992.
2025[0m[0m-09[0m[0m-01[0m[0m 15[0m[0m:35[0m[0m:23[0m[0m.940[0m[0m [97m[1mTRACE[22m[39m[0m[0m [[37m\tests\Regrese\Sestavy\Sestavy_regrese-LifeCylcle_API.spec.ts:99[39m[0m[0m]Ověřuji, že počet položek (items) v sestavě 'T002 - Přehled odběrů podle řidiče' není null.
2025[0m[0m-09[0m[0m-01[0m[0m 15[0m[0m:35[0m[0m:23[0m[0m.945[0m[0m [34m[1mINFO[22m[39m[0m[0m [[37m\tests\Regrese\Sestavy\Sestavy_regrese-LifeCylcle_API.spec.ts:106[39m[0m[0m]Vytvořená sestava 'T002 - Přehled odběrů podle řidiče' (ID: 1992) obsahuje 8 položek.
2025[0m[0m-09[0m[0m-01[0m[0m 15[0m[0m:35[0m[0m:23[0m[0m.947[0m[0m [97m[1mTRACE[22m[39m[0m[0m [[37m\tests\Regrese\Sestavy\Sestavy_regrese-LifeCylcle_API.spec.ts:109[39m[0m[0m]Ověřuji, že sestava 'T002 - Přehled odběrů podle řidiče' je správně označena jako sdílená.
2025[0m[0m-09[0m[0m-01[0m[0m 15[0m[0m:35[0m[0m:23[0m[0m.953[0m[0m [34m[1mINFO[22m[39m[0m[0m [[37m\tests\Regrese\Sestavy\Sestavy_regrese-LifeCylcle_API.spec.ts:111[39m[0m[0m]Ověření příznaku sdílení pro sestavu "T002 - Přehled odběrů podle řidiče" je v pořádku.
2025[0m[0m-09[0m[0m-01[0m[0m 15[0m[0m:35[0m[0m:23[0m[0m.956[0m[0m [97m[1mTRACE[22m[39m[0m[0m [[37m\tests\Regrese\Sestavy\Sestavy_regrese-LifeCylcle_API.spec.ts:125[39m[0m[0m](FINALLY BLOCK) Zahajuji úklid pro sestavu 'T002 - Přehled odběrů podle řidiče' s ID: 1992.
2025[0m[0m-09[0m[0m-01[0m[0m 15[0m[0m:35[0m[0m:23[0m[0m.967[0m[0m [97m[1mTRACE[22m[39m[0m[0m [[37m\support\ApiClient.ts:211[39m[0m[0m]Odesílám DELETE požadavek na smazání sestavy: /reports-api/usersReports/1992
2025[0m[0m-09[0m[0m-01[0m[0m 15[0m[0m:35[0m[0m:24[0m[0m.004[0m[0m [97m[1mTRACE[22m[39m[0m[0m [[37m\tests\Regrese\Sestavy\Sestavy_regrese-LifeCylcle_API.spec.ts:129[39m[0m[0m]Požadavek na smazání sestavy 'T002 - Přehled odběrů podle řidiče' (ID: 1992) byl odeslán.
2025[0m[0m-09[0m[0m-01[0m[0m 15[0m[0m:35[0m[0m:24[0m[0m.006[0m[0m [97m[1mTRACE[22m[39m[0m[0m [[37m\tests\Regrese\Sestavy\Sestavy_regrese-LifeCylcle_API.spec.ts:131[39m[0m[0m]Ověřuji, že sestava (ID: 1992) byla skutečně smazána...
2025[0m[0m-09[0m[0m-01[0m[0m 15[0m[0m:35[0m[0m:24[0m[0m.008[0m[0m [97m[1mTRACE[22m[39m[0m[0m [[37m\support\ApiClient.ts:162[39m[0m[0m]Odesílám GET požadavek na /reports-api/listOfUsersReports/60193531 s parametry: {}
2025[0m[0m-09[0m[0m-01[0m[0m 15[0m[0m:35[0m[0m:24[0m[0m.112[0m[0m [34m[1mINFO[22m[39m[0m[0m [[37m\tests\Regrese\Sestavy\Sestavy_regrese-LifeCylcle_API.spec.ts:136[39m[0m[0m]Úklid úspěšný: Sestava 'T002 - Přehled odběrů podle řidiče' (ID: 1992) byla ověřitelně smazána ze serveru.
]]>
</system-out>
</testcase>
<testcase name="Cyklus pro všechny sestavy s dynamickým payloadem › TC-1242: Životní cyklus sestavy: T003 - Přehled odběrů podle vozidla, @regression @API @sestavy @high" classname="Regrese\Sestavy\Sestavy_regrese-LifeCylcle_API.spec.ts" time="2.079">
<system-out>
<![CDATA[2025[0m[0m-09[0m[0m-01[0m[0m 15[0m[0m:35[0m[0m:24[0m[0m.219[0m[0m [97m[1mTRACE[22m[39m[0m[0m [[37m\support\fixtures\auth.fixture.ts:23[39m[0m[0m]FIXTURE 'authToken': Budu vytvářet nový request kontext...
2025[0m[0m-09[0m[0m-01[0m[0m 15[0m[0m:35[0m[0m:24[0m[0m.224[0m[0m [97m[1mTRACE[22m[39m[0m[0m [[37m\support\fixtures\auth.fixture.ts:25[39m[0m[0m]FIXTURE 'authToken': Request kontext vytvořen.
2025[0m[0m-09[0m[0m-01[0m[0m 15[0m[0m:35[0m[0m:24[0m[0m.226[0m[0m [97m[1mTRACE[22m[39m[0m[0m [[37m\support\fixtures\auth.fixture.ts:28[39m[0m[0m]{
  message: [32m"FIXTURE 'authToken': Odesílám POST request pro získání tokenu."[39m,
  url: [32m'http://192.168.130.239:8180/auth-api/user/authorization'[39m,
  data: [32m'eyJvcGVyYXRvciI6Ik1OX1RFVFNUX0FVVE9NQVQiLCJwYXNzd29yZCI6IjEifQ=='[39m
} Detail requestu
2025[0m[0m-09[0m[0m-01[0m[0m 15[0m[0m:35[0m[0m:24[0m[0m.863[0m[0m [97m[1mTRACE[22m[39m[0m[0m [[37m\support\fixtures\auth.fixture.ts:39[39m[0m[0m]FIXTURE 'authToken': Odpověď přijata se statusem 201.
2025[0m[0m-09[0m[0m-01[0m[0m 15[0m[0m:35[0m[0m:24[0m[0m.867[0m[0m [97m[1mTRACE[22m[39m[0m[0m [[37m\support\fixtures\auth.fixture.ts:60[39m[0m[0m]FIXTURE 'authToken': Získávám 'accessToken' z JSON odpovědi.
2025[0m[0m-09[0m[0m-01[0m[0m 15[0m[0m:35[0m[0m:24[0m[0m.871[0m[0m [97m[1mTRACE[22m[39m[0m[0m [[37m\support\fixtures\auth.fixture.ts:64[39m[0m[0m]FIXTURE 'authToken': Volám 'use(token)' a předávám token dál...
2025[0m[0m-09[0m[0m-01[0m[0m 15[0m[0m:35[0m[0m:24[0m[0m.876[0m[0m [97m[1mTRACE[22m[39m[0m[0m [[37m\support\fixtures\auth.fixture.ts:74[39m[0m[0m]FIXTURE 'page' (rozšířená): Budu vkládat inicializační skript pro nastavení localStorage...
2025[0m[0m-09[0m[0m-01[0m[0m 15[0m[0m:35[0m[0m:24[0m[0m.888[0m[0m [97m[1mTRACE[22m[39m[0m[0m [[37m\support\fixtures\auth.fixture.ts:84[39m[0m[0m]FIXTURE 'page' (rozšířená): Inicializační skript byl přidán.
2025[0m[0m-09[0m[0m-01[0m[0m 15[0m[0m:35[0m[0m:25[0m[0m.680[0m[0m [97m[1mTRACE[22m[39m[0m[0m [[37m\support\fixtures\auth.fixture.ts:88[39m[0m[0m]FIXTURE 'page' (rozšířená): Navigace na '/' dokončena.
2025[0m[0m-09[0m[0m-01[0m[0m 15[0m[0m:35[0m[0m:25[0m[0m.681[0m[0m [97m[1mTRACE[22m[39m[0m[0m [[37m\support\fixtures\auth.fixture.ts:90[39m[0m[0m]FIXTURE 'page' (rozšířená): Volám 'use(page)' a předávám připravenou stránku testu...
2025[0m[0m-09[0m[0m-01[0m[0m 15[0m[0m:35[0m[0m:25[0m[0m.682[0m[0m [34m[1mINFO[22m[39m[0m[0m [[37m\tests\Regrese\Sestavy\Sestavy_regrese-LifeCylcle_API.spec.ts:36[39m[0m[0m]Spouštím test životního cyklu pro sestavu: 'T003 - Přehled odběrů podle vozidla'
2025[0m[0m-09[0m[0m-01[0m[0m 15[0m[0m:35[0m[0m:25[0m[0m.765[0m[0m [97m[1mTRACE[22m[39m[0m[0m [[37m\tests\Regrese\Sestavy\Sestavy_regrese-LifeCylcle_API.spec.ts:38[39m[0m[0m]Naviguji na domovskou stránku pro získání tokenu.
2025[0m[0m-09[0m[0m-01[0m[0m 15[0m[0m:35[0m[0m:25[0m[0m.783[0m[0m [97m[1mTRACE[22m[39m[0m[0m [[37m\tests\Regrese\Sestavy\Sestavy_regrese-LifeCylcle_API.spec.ts:41[39m[0m[0m]Autentizační token úspěšně získán.
2025[0m[0m-09[0m[0m-01[0m[0m 15[0m[0m:35[0m[0m:25[0m[0m.784[0m[0m [97m[1mTRACE[22m[39m[0m[0m [[37m\tests\Regrese\Sestavy\Sestavy_regrese-LifeCylcle_API.spec.ts:44[39m[0m[0m]ApiClient byl inicializován.
2025[0m[0m-09[0m[0m-01[0m[0m 15[0m[0m:35[0m[0m:25[0m[0m.786[0m[0m [97m[1mTRACE[22m[39m[0m[0m [[37m\tests\Regrese\Sestavy\Sestavy_regrese-LifeCylcle_API.spec.ts:48[39m[0m[0m]Inicializuji ReportBuilder pro sestavu 'T003 - Přehled odběrů podle vozidla'.
2025[0m[0m-09[0m[0m-01[0m[0m 15[0m[0m:35[0m[0m:25[0m[0m.788[0m[0m [97m[1mTRACE[22m[39m[0m[0m [[37m\tests\Regrese\Sestavy\Sestavy_regrese-LifeCylcle_API.spec.ts:49[39m[0m[0m]Vytvářím sestavu 'T003 - Přehled odběrů podle vozidla' s konfigurací: {"dateType":"dateRange"}
2025[0m[0m-09[0m[0m-01[0m[0m 15[0m[0m:35[0m[0m:25[0m[0m.791[0m[0m [32m[1mDEBUG[22m[39m[0m[0m [[37m\tests\Regrese\Sestavy\Sestavy_regrese-LifeCylcle_API.spec.ts:55[39m[0m[0m]Nastavuji časový rozsah (dateRange) pro sestavu 'T003 - Přehled odběrů podle vozidla'.
2025[0m[0m-09[0m[0m-01[0m[0m 15[0m[0m:35[0m[0m:25[0m[0m.793[0m[0m [32m[1mDEBUG[22m[39m[0m[0m [[37m\tests\Regrese\Sestavy\Sestavy_regrese-LifeCylcle_API.spec.ts:80[39m[0m[0m]Nastavuji příznak 'public' na 'true' pro sestavu 'T003 - Přehled odběrů podle vozidla'.
2025[0m[0m-09[0m[0m-01[0m[0m 15[0m[0m:35[0m[0m:25[0m[0m.796[0m[0m [97m[1mTRACE[22m[39m[0m[0m [[37m\support\ApiClient.ts:192[39m[0m[0m]Odesílaný PAYLOAD:
{
  "settings": {
    "availableFilters": [
      "stockId",
      "stkitmType",
      "grouping",
      "goodsOwnerId",
      "paidBy",
      "cardOwnerId",
      "cardIssuerId"
    ],
    "dateModelType": "range",
    "dateFrom": "2025-01-01T00:00:00.000Z",
    "dateTo": "2025-12-31T00:00:00.000Z",
    "stockId": [],
    "stkitmType": [],
    "grouping": [],
    "goodsOwnerId": [],
    "paidBy": [],
    "cardOwnerId": [],
    "cardIssuerId": [],
    "sort": "",
    "partnerId": [],
    "termId": []
  },
  "name": "T003 - Přehled odběrů podle vozidla",
  "public": true,
  "reportDefinitionId": "T003"
}
2025[0m[0m-09[0m[0m-01[0m[0m 15[0m[0m:35[0m[0m:25[0m[0m.893[0m[0m [97m[1mTRACE[22m[39m[0m[0m [[37m\tests\Regrese\Sestavy\Sestavy_regrese-LifeCylcle_API.spec.ts:85[39m[0m[0m]Požadavek na vytvoření sestavy 'T003 - Přehled odběrů podle vozidla' odeslán.
2025[0m[0m-09[0m[0m-01[0m[0m 15[0m[0m:35[0m[0m:25[0m[0m.894[0m[0m [97m[1mTRACE[22m[39m[0m[0m [[37m\support\ApiClient.ts:162[39m[0m[0m]Odesílám GET požadavek na /reports-api/listOfUsersReports/60193531 s parametry: {}
2025[0m[0m-09[0m[0m-01[0m[0m 15[0m[0m:35[0m[0m:25[0m[0m.997[0m[0m [97m[1mTRACE[22m[39m[0m[0m [[37m\tests\Regrese\Sestavy\Sestavy_regrese-LifeCylcle_API.spec.ts:88[39m[0m[0m]Získávám seznam všech uživatelských sestav pro ověření.
2025[0m[0m-09[0m[0m-01[0m[0m 15[0m[0m:35[0m[0m:25[0m[0m.998[0m[0m [34m[1mINFO[22m[39m[0m[0m [[37m\tests\Regrese\Sestavy\Sestavy_regrese-LifeCylcle_API.spec.ts:92[39m[0m[0m]Sestava 'T003 - Přehled odběrů podle vozidla' byla úspěšně vytvořena s ID: 1993.
2025[0m[0m-09[0m[0m-01[0m[0m 15[0m[0m:35[0m[0m:26[0m[0m.000[0m[0m [97m[1mTRACE[22m[39m[0m[0m [[37m\tests\Regrese\Sestavy\Sestavy_regrese-LifeCylcle_API.spec.ts:99[39m[0m[0m]Ověřuji, že počet položek (items) v sestavě 'T003 - Přehled odběrů podle vozidla' není null.
2025[0m[0m-09[0m[0m-01[0m[0m 15[0m[0m:35[0m[0m:26[0m[0m.003[0m[0m [34m[1mINFO[22m[39m[0m[0m [[37m\tests\Regrese\Sestavy\Sestavy_regrese-LifeCylcle_API.spec.ts:106[39m[0m[0m]Vytvořená sestava 'T003 - Přehled odběrů podle vozidla' (ID: 1993) obsahuje 8 položek.
2025[0m[0m-09[0m[0m-01[0m[0m 15[0m[0m:35[0m[0m:26[0m[0m.005[0m[0m [97m[1mTRACE[22m[39m[0m[0m [[37m\tests\Regrese\Sestavy\Sestavy_regrese-LifeCylcle_API.spec.ts:109[39m[0m[0m]Ověřuji, že sestava 'T003 - Přehled odběrů podle vozidla' je správně označena jako sdílená.
2025[0m[0m-09[0m[0m-01[0m[0m 15[0m[0m:35[0m[0m:26[0m[0m.009[0m[0m [34m[1mINFO[22m[39m[0m[0m [[37m\tests\Regrese\Sestavy\Sestavy_regrese-LifeCylcle_API.spec.ts:111[39m[0m[0m]Ověření příznaku sdílení pro sestavu "T003 - Přehled odběrů podle vozidla" je v pořádku.
2025[0m[0m-09[0m[0m-01[0m[0m 15[0m[0m:35[0m[0m:26[0m[0m.012[0m[0m [97m[1mTRACE[22m[39m[0m[0m [[37m\tests\Regrese\Sestavy\Sestavy_regrese-LifeCylcle_API.spec.ts:125[39m[0m[0m](FINALLY BLOCK) Zahajuji úklid pro sestavu 'T003 - Přehled odběrů podle vozidla' s ID: 1993.
2025[0m[0m-09[0m[0m-01[0m[0m 15[0m[0m:35[0m[0m:26[0m[0m.020[0m[0m [97m[1mTRACE[22m[39m[0m[0m [[37m\support\ApiClient.ts:211[39m[0m[0m]Odesílám DELETE požadavek na smazání sestavy: /reports-api/usersReports/1993
2025[0m[0m-09[0m[0m-01[0m[0m 15[0m[0m:35[0m[0m:26[0m[0m.048[0m[0m [97m[1mTRACE[22m[39m[0m[0m [[37m\tests\Regrese\Sestavy\Sestavy_regrese-LifeCylcle_API.spec.ts:129[39m[0m[0m]Požadavek na smazání sestavy 'T003 - Přehled odběrů podle vozidla' (ID: 1993) byl odeslán.
2025[0m[0m-09[0m[0m-01[0m[0m 15[0m[0m:35[0m[0m:26[0m[0m.050[0m[0m [97m[1mTRACE[22m[39m[0m[0m [[37m\tests\Regrese\Sestavy\Sestavy_regrese-LifeCylcle_API.spec.ts:131[39m[0m[0m]Ověřuji, že sestava (ID: 1993) byla skutečně smazána...
2025[0m[0m-09[0m[0m-01[0m[0m 15[0m[0m:35[0m[0m:26[0m[0m.053[0m[0m [97m[1mTRACE[22m[39m[0m[0m [[37m\support\ApiClient.ts:162[39m[0m[0m]Odesílám GET požadavek na /reports-api/listOfUsersReports/60193531 s parametry: {}
2025[0m[0m-09[0m[0m-01[0m[0m 15[0m[0m:35[0m[0m:26[0m[0m.196[0m[0m [34m[1mINFO[22m[39m[0m[0m [[37m\tests\Regrese\Sestavy\Sestavy_regrese-LifeCylcle_API.spec.ts:136[39m[0m[0m]Úklid úspěšný: Sestava 'T003 - Přehled odběrů podle vozidla' (ID: 1993) byla ověřitelně smazána ze serveru.
]]>
</system-out>
</testcase>
<testcase name="Cyklus pro všechny sestavy s dynamickým payloadem › TC-1243: Životní cyklus sestavy: D002 - Přehled prodejů PHM pro FÚ, @regression @API @sestavy @high" classname="Regrese\Sestavy\Sestavy_regrese-LifeCylcle_API.spec.ts" time="2.046">
<system-out>
<![CDATA[2025[0m[0m-09[0m[0m-01[0m[0m 15[0m[0m:35[0m[0m:26[0m[0m.292[0m[0m [97m[1mTRACE[22m[39m[0m[0m [[37m\support\fixtures\auth.fixture.ts:23[39m[0m[0m]FIXTURE 'authToken': Budu vytvářet nový request kontext...
2025[0m[0m-09[0m[0m-01[0m[0m 15[0m[0m:35[0m[0m:26[0m[0m.296[0m[0m [97m[1mTRACE[22m[39m[0m[0m [[37m\support\fixtures\auth.fixture.ts:25[39m[0m[0m]FIXTURE 'authToken': Request kontext vytvořen.
2025[0m[0m-09[0m[0m-01[0m[0m 15[0m[0m:35[0m[0m:26[0m[0m.296[0m[0m [97m[1mTRACE[22m[39m[0m[0m [[37m\support\fixtures\auth.fixture.ts:28[39m[0m[0m]{
  message: [32m"FIXTURE 'authToken': Odesílám POST request pro získání tokenu."[39m,
  url: [32m'http://192.168.130.239:8180/auth-api/user/authorization'[39m,
  data: [32m'eyJvcGVyYXRvciI6Ik1OX1RFVFNUX0FVVE9NQVQiLCJwYXNzd29yZCI6IjEifQ=='[39m
} Detail requestu
2025[0m[0m-09[0m[0m-01[0m[0m 15[0m[0m:35[0m[0m:26[0m[0m.943[0m[0m [97m[1mTRACE[22m[39m[0m[0m [[37m\support\fixtures\auth.fixture.ts:39[39m[0m[0m]FIXTURE 'authToken': Odpověď přijata se statusem 201.
2025[0m[0m-09[0m[0m-01[0m[0m 15[0m[0m:35[0m[0m:26[0m[0m.945[0m[0m [97m[1mTRACE[22m[39m[0m[0m [[37m\support\fixtures\auth.fixture.ts:60[39m[0m[0m]FIXTURE 'authToken': Získávám 'accessToken' z JSON odpovědi.
[...]
2025[0m[0m-09[0m[0m-01[0m[0m 15[0m[0m:35[0m[0m:36[0m[0m.528[0m[0m [34m[1mINFO[22m[39m[0m[0m [[37m\tests\Regrese\Sestavy\Sestavy_regrese-LifeCylcle_API.spec.ts:111[39m[0m[0m]Ověření příznaku sdílení pro sestavu "D004 - Přehled smazaných položek účtenek" je v pořádku.
2025[0m[0m-09[0m[0m-01[0m[0m 15[0m[0m:35[0m[0m:36[0m[0m.530[0m[0m [97m[1mTRACE[22m[39m[0m[0m [[37m\tests\Regrese\Sestavy\Sestavy_regrese-LifeCylcle_API.spec.ts:125[39m[0m[0m](FINALLY BLOCK) Zahajuji úklid pro sestavu 'D004 - Přehled smazaných položek účtenek' s ID: 1998.
2025[0m[0m-09[0m[0m-01[0m[0m 15[0m[0m:35[0m[0m:36[0m[0m.538[0m[0m [97m[1mTRACE[22m[39m[0m[0m [[37m\support\ApiClient.ts:211[39m[0m[0m]Odesílám DELETE požadavek na smazání sestavy: /reports-api/usersReports/1998
2025[0m[0m-09[0m[0m-01[0m[0m 15[0m[0m:35[0m[0m:36[0m[0m.602[0m[0m [97m[1mTRACE[22m[39m[0m[0m [[37m\tests\Regrese\Sestavy\Sestavy_regrese-LifeCylcle_API.spec.ts:129[39m[0m[0m]Požadavek na smazání sestavy 'D004 - Přehled smazaných položek účtenek' (ID: 1998) byl odeslán.
2025[0m[0m-09[0m[0m-01[0m[0m 15[0m[0m:35[0m[0m:36[0m[0m.604[0m[0m [97m[1mTRACE[22m[39m[0m[0m [[37m\tests\Regrese\Sestavy\Sestavy_regrese-LifeCylcle_API.spec.ts:131[39m[0m[0m]Ověřuji, že sestava (ID: 1998) byla skutečně smazána...
2025[0m[0m-09[0m[0m-01[0m[0m 15[0m[0m:35[0m[0m:36[0m[0m.606[0m[0m [97m[1mTRACE[22m[39m[0m[0m [[37m\support\ApiClient.ts:162[39m[0m[0m]Odesílám GET požadavek na /reports-api/listOfUsersReports/60193531 s parametry: {}
2025[0m[0m-09[0m[0m-01[0m[0m 15[0m[0m:35[0m[0m:36[0m[0m.770[0m[0m [34m[1mINFO[22m[39m[0m[0m [[37m\tests\Regrese\Sestavy\Sestavy_regrese-LifeCylcle_API.spec.ts:136[39m[0m[0m]Úklid úspěšný: Sestava 'D004 - Přehled smazaných položek účtenek' (ID: 1998) byla ověřitelně smazána ze serveru.
]]>
</system-out>
</testcase>
<testcase name="Cyklus pro všechny sestavy s dynamickým payloadem › TC-1248: Životní cyklus sestavy: D006 - Export položek pokladních dokladů, @regression @API @sestavy @high" classname="Regrese\Sestavy\Sestavy_regrese-LifeCylcle_API.spec.ts" time="10.367">
<system-out>
<![CDATA[2025[0m[0m-09[0m[0m-01[0m[0m 15[0m[0m:35[0m[0m:36[0m[0m.848[0m[0m [97m[1mTRACE[22m[39m[0m[0m [[37m\support\fixtures\auth.fixture.ts:23[39m[0m[0m]FIXTURE 'authToken': Budu vytvářet nový request kontext...
2025[0m[0m-09[0m[0m-01[0m[0m 15[0m[0m:35[0m[0m:36[0m[0m.851[0m[0m [97m[1mTRACE[22m[39m[0m[0m [[37m\support\fixtures\auth.fixture.ts:25[39m[0m[0m]FIXTURE 'authToken': Request kontext vytvořen.
2025[0m[0m-09[0m[0m-01[0m[0m 15[0m[0m:35[0m[0m:36[0m[0m.852[0m[0m [97m[1mTRACE[22m[39m[0m[0m [[37m\support\fixtures\auth.fixture.ts:28[39m[0m[0m]{
  message: [32m"FIXTURE 'authToken': Odesílám POST request pro získání tokenu."[39m,
  url: [32m'http://192.168.130.239:8180/auth-api/user/authorization'[39m,
  data: [32m'eyJvcGVyYXRvciI6Ik1OX1RFVFNUX0FVVE9NQVQiLCJwYXNzd29yZCI6IjEifQ=='[39m
} Detail requestu
2025[0m[0m-09[0m[0m-01[0m[0m 15[0m[0m:35[0m[0m:37[0m[0m.639[0m[0m [97m[1mTRACE[22m[39m[0m[0m [[37m\support\fixtures\auth.fixture.ts:39[39m[0m[0m]FIXTURE 'authToken': Odpověď přijata se statusem 201.
2025[0m[0m-09[0m[0m-01[0m[0m 15[0m[0m:35[0m[0m:37[0m[0m.642[0m[0m [97m[1mTRACE[22m[39m[0m[0m [[37m\support\fixtures\auth.fixture.ts:60[39m[0m[0m]FIXTURE 'authToken': Získávám 'accessToken' z JSON odpovědi.
2025[0m[0m-09[0m[0m-01[0m[0m 15[0m[0m:35[0m[0m:37[0m[0m.644[0m[0m [97m[1mTRACE[22m[39m[0m[0m [[37m\support\fixtures\auth.fixture.ts:64[39m[0m[0m]FIXTURE 'authToken': Volám 'use(token)' a předávám token dál...
2025[0m[0m-09[0m[0m-01[0m[0m 15[0m[0m:35[0m[0m:37[0m[0m.645[0m[0m [97m[1mTRACE[22m[39m[0m[0m [[37m\support\fixtures\auth.fixture.ts:74[39m[0m[0m]FIXTURE 'page' (rozšířená): Budu vkládat inicializační skript pro nastavení localStorage...
2025[0m[0m-09[0m[0m-01[0m[0m 15[0m[0m:35[0m[0m:37[0m[0m.649[0m[0m [97m[1mTRACE[22m[39m[0m[0m [[37m\support\fixtures\auth.fixture.ts:84[39m[0m[0m]FIXTURE 'page' (rozšířená): Inicializační skript byl přidán.
2025[0m[0m-09[0m[0m-01[0m[0m 15[0m[0m:35[0m[0m:38[0m[0m.577[0m[0m [97m[1mTRACE[22m[39m[0m[0m [[37m\support\fixtures\auth.fixture.ts:88[39m[0m[0m]FIXTURE 'page' (rozšířená): Navigace na '/' dokončena.
2025[0m[0m-09[0m[0m-01[0m[0m 15[0m[0m:35[0m[0m:38[0m[0m.579[0m[0m [97m[1mTRACE[22m[39m[0m[0m [[37m\support\fixtures\auth.fixture.ts:90[39m[0m[0m]FIXTURE 'page' (rozšířená): Volám 'use(page)' a předávám připravenou stránku testu...
2025[0m[0m-09[0m[0m-01[0m[0m 15[0m[0m:35[0m[0m:38[0m[0m.581[0m[0m [34m[1mINFO[22m[39m[0m[0m [[37m\tests\Regrese\Sestavy\Sestavy_regrese-LifeCylcle_API.spec.ts:36[39m[0m[0m]Spouštím test životního cyklu pro sestavu: 'D006 - Export položek pokladních dokladů'
2025[0m[0m-09[0m[0m-01[0m[0m 15[0m[0m:35[0m[0m:38[0m[0m.657[0m[0m [97m[1mTRACE[22m[39m[0m[0m [[37m\tests\Regrese\Sestavy\Sestavy_regrese-LifeCylcle_API.spec.ts:38[39m[0m[0m]Naviguji na domovskou stránku pro získání tokenu.
2025[0m[0m-09[0m[0m-01[0m[0m 15[0m[0m:35[0m[0m:38[0m[0m.672[0m[0m [97m[1mTRACE[22m[39m[0m[0m [[37m\tests\Regrese\Sestavy\Sestavy_regrese-LifeCylcle_API.spec.ts:41[39m[0m[0m]Autentizační token úspěšně získán.
2025[0m[0m-09[0m[0m-01[0m[0m 15[0m[0m:35[0m[0m:38[0m[0m.673[0m[0m [97m[1mTRACE[22m[39m[0m[0m [[37m\tests\Regrese\Sestavy\Sestavy_regrese-LifeCylcle_API.spec.ts:44[39m[0m[0m]ApiClient byl inicializován.
2025[0m[0m-09[0m[0m-01[0m[0m 15[0m[0m:35[0m[0m:38[0m[0m.676[0m[0m [97m[1mTRACE[22m[39m[0m[0m [[37m\tests\Regrese\Sestavy\Sestavy_regrese-LifeCylcle_API.spec.ts:48[39m[0m[0m]Inicializuji ReportBuilder pro sestavu 'D006 - Export položek pokladních dokladů'.
2025[0m[0m-09[0m[0m-01[0m[0m 15[0m[0m:35[0m[0m:38[0m[0m.679[0m[0m [97m[1mTRACE[22m[39m[0m[0m [[37m\tests\Regrese\Sestavy\Sestavy_regrese-LifeCylcle_API.spec.ts:49[39m[0m[0m]Vytvářím sestavu 'D006 - Export položek pokladních dokladů' s konfigurací: {"dateType":"rangeFromOnly","stockIds":[230]}
2025[0m[0m-09[0m[0m-01[0m[0m 15[0m[0m:35[0m[0m:38[0m[0m.681[0m[0m [32m[1mDEBUG[22m[39m[0m[0m [[37m\tests\Regrese\Sestavy\Sestavy_regrese-LifeCylcle_API.spec.ts:63[39m[0m[0m]Nastavuji časový rozsah od (rangeFromOnly) pro sestavu 'D006 - Export položek pokladních dokladů'.
2025[0m[0m-09[0m[0m-01[0m[0m 15[0m[0m:35[0m[0m:38[0m[0m.683[0m[0m [32m[1mDEBUG[22m[39m[0m[0m [[37m\tests\Regrese\Sestavy\Sestavy_regrese-LifeCylcle_API.spec.ts:74[39m[0m[0m]Přidávám skladový filtr s ID: [230] pro sestavu 'D006 - Export položek pokladních dokladů'.
2025[0m[0m-09[0m[0m-01[0m[0m 15[0m[0m:35[0m[0m:38[0m[0m.686[0m[0m [32m[1mDEBUG[22m[39m[0m[0m [[37m\tests\Regrese\Sestavy\Sestavy_regrese-LifeCylcle_API.spec.ts:80[39m[0m[0m]Nastavuji příznak 'public' na 'true' pro sestavu 'D006 - Export položek pokladních dokladů'.
2025[0m[0m-09[0m[0m-01[0m[0m 15[0m[0m:35[0m[0m:38[0m[0m.689[0m[0m [97m[1mTRACE[22m[39m[0m[0m [[37m\support\ApiClient.ts:192[39m[0m[0m]Odesílaný PAYLOAD:
{
  "settings": {
    "availableFilters": [
      "stockId",
      "stkitmType",
      "grouping",
      "goodsOwnerId",
      "paidBy",
      "cardOwnerId",
      "cardIssuerId"
    ],
    "dateModelType": "range",
    "dateFrom": "2025-06-30T22:00:00.000Z",
    "dateTo": null,
    "stockId": [
      230
    ],
    "stkitmType": [],
    "grouping": [],
    "goodsOwnerId": [],
    "paidBy": [],
    "cardOwnerId": [],
    "cardIssuerId": [],
    "sort": "",
    "partnerId": [],
    "termId": []
  },
  "name": "D006 - Export položek pokladních dokladů",
  "public": true,
  "reportDefinitionId": "D006"
}
2025[0m[0m-09[0m[0m-01[0m[0m 15[0m[0m:35[0m[0m:46[0m[0m.605[0m[0m [97m[1mTRACE[22m[39m[0m[0m [[37m\tests\Regrese\Sestavy\Sestavy_regrese-LifeCylcle_API.spec.ts:85[39m[0m[0m]Požadavek na vytvoření sestavy 'D006 - Export položek pokladních dokladů' odeslán.
2025[0m[0m-09[0m[0m-01[0m[0m 15[0m[0m:35[0m[0m:46[0m[0m.607[0m[0m [97m[1mTRACE[22m[39m[0m[0m [[37m\support\ApiClient.ts:162[39m[0m[0m]Odesílám GET požadavek na /reports-api/listOfUsersReports/60193531 s parametry: {}
2025[0m[0m-09[0m[0m-01[0m[0m 15[0m[0m:35[0m[0m:46[0m[0m.747[0m[0m [97m[1mTRACE[22m[39m[0m[0m [[37m\tests\Regrese\Sestavy\Sestavy_regrese-LifeCylcle_API.spec.ts:88[39m[0m[0m]Získávám seznam všech uživatelských sestav pro ověření.
2025[0m[0m-09[0m[0m-01[0m[0m 15[0m[0m:35[0m[0m:46[0m[0m.747[0m[0m [34m[1mINFO[22m[39m[0m[0m [[37m\tests\Regrese\Sestavy\Sestavy_regrese-LifeCylcle_API.spec.ts:92[39m[0m[0m]Sestava 'D006 - Export položek pokladních dokladů' byla úspěšně vytvořena s ID: 1999.
2025[0m[0m-09[0m[0m-01[0m[0m 15[0m[0m:35[0m[0m:46[0m[0m.749[0m[0m [97m[1mTRACE[22m[39m[0m[0m [[37m\tests\Regrese\Sestavy\Sestavy_regrese-LifeCylcle_API.spec.ts:99[39m[0m[0m]Ověřuji, že počet položek (items) v sestavě 'D006 - Export položek pokladních dokladů' není null.
2025[0m[0m-09[0m[0m-01[0m[0m 15[0m[0m:35[0m[0m:46[0m[0m.753[0m[0m [34m[1mINFO[22m[39m[0m[0m [[37m\tests\Regrese\Sestavy\Sestavy_regrese-LifeCylcle_API.spec.ts:106[39m[0m[0m]Vytvořená sestava 'D006 - Export položek pokladních dokladů' (ID: 1999) obsahuje 151655 položek.
2025[0m[0m-09[0m[0m-01[0m[0m 15[0m[0m:35[0m[0m:46[0m[0m.754[0m[0m [97m[1mTRACE[22m[39m[0m[0m [[37m\tests\Regrese\Sestavy\Sestavy_regrese-LifeCylcle_API.spec.ts:109[39m[0m[0m]Ověřuji, že sestava 'D006 - Export položek pokladních dokladů' je správně označena jako sdílená.
2025[0m[0m-09[0m[0m-01[0m[0m 15[0m[0m:35[0m[0m:46[0m[0m.756[0m[0m [34m[1mINFO[22m[39m[0m[0m [[37m\tests\Regrese\Sestavy\Sestavy_regrese-LifeCylcle_API.spec.ts:111[39m[0m[0m]Ověření příznaku sdílení pro sestavu "D006 - Export položek pokladních dokladů" je v pořádku.
2025[0m[0m-09[0m[0m-01[0m[0m 15[0m[0m:35[0m[0m:46[0m[0m.756[0m[0m [97m[1mTRACE[22m[39m[0m[0m [[37m\tests\Regrese\Sestavy\Sestavy_regrese-LifeCylcle_API.spec.ts:125[39m[0m[0m](FINALLY BLOCK) Zahajuji úklid pro sestavu 'D006 - Export položek pokladních dokladů' s ID: 1999.
2025[0m[0m-09[0m[0m-01[0m[0m 15[0m[0m:35[0m[0m:46[0m[0m.763[0m[0m [97m[1mTRACE[22m[39m[0m[0m [[37m\support\ApiClient.ts:211[39m[0m[0m]Odesílám DELETE požadavek na smazání sestavy: /reports-api/usersReports/1999
2025[0m[0m-09[0m[0m-01[0m[0m 15[0m[0m:35[0m[0m:46[0m[0m.804[0m[0m [97m[1mTRACE[22m[39m[0m[0m [[37m\tests\Regrese\Sestavy\Sestavy_regrese-LifeCylcle_API.spec.ts:129[39m[0m[0m]Požadavek na smazání sestavy 'D006 - Export položek pokladních dokladů' (ID: 1999) byl odeslán.
2025[0m[0m-09[0m[0m-01[0m[0m 15[0m[0m:35[0m[0m:46[0m[0m.806[0m[0m [97m[1mTRACE[22m[39m[0m[0m [[37m\tests\Regrese\Sestavy\Sestavy_regrese-LifeCylcle_API.spec.ts:131[39m[0m[0m]Ověřuji, že sestava (ID: 1999) byla skutečně smazána...
2025[0m[0m-09[0m[0m-01[0m[0m 15[0m[0m:35[0m[0m:46[0m[0m.807[0m[0m [97m[1mTRACE[22m[39m[0m[0m [[37m\support\ApiClient.ts:162[39m[0m[0m]Odesílám GET požadavek na /reports-api/listOfUsersReports/60193531 s parametry: {}
2025[0m[0m-09[0m[0m-01[0m[0m 15[0m[0m:35[0m[0m:47[0m[0m.141[0m[0m [34m[1mINFO[22m[39m[0m[0m [[37m\tests\Regrese\Sestavy\Sestavy_regrese-LifeCylcle_API.spec.ts:136[39m[0m[0m]Úklid úspěšný: Sestava 'D006 - Export položek pokladních dokladů' (ID: 1999) byla ověřitelně smazána ze serveru.
]]>
</system-out>
</testcase>
<testcase name="Cyklus pro všechny sestavy s dynamickým payloadem › TX: Životní cyklus sestavy:  S005: Přehled minimální zásoby skladových karet, @regression @API @sestavy @high" classname="Regrese\Sestavy\Sestavy_regrese-LifeCylcle_API.spec.ts" time="2.362">
<system-out>
<![CDATA[2025[0m[0m-09[0m[0m-01[0m[0m 15[0m[0m:35[0m[0m:47[0m[0m.235[0m[0m [97m[1mTRACE[22m[39m[0m[0m [[37m\support\fixtures\auth.fixture.ts:23[39m[0m[0m]FIXTURE 'authToken': Budu vytvářet nový request kontext...
2025[0m[0m-09[0m[0m-01[0m[0m 15[0m[0m:35[0m[0m:47[0m[0m.239[0m[0m [97m[1mTRACE[22m[39m[0m[0m [[37m\support\fixtures\auth.fixture.ts:25[39m[0m[0m]FIXTURE 'authToken': Request kontext vytvořen.
2025[0m[0m-09[0m[0m-01[0m[0m 15[0m[0m:35[0m[0m:47[0m[0m.240[0m[0m [97m[1mTRACE[22m[39m[0m[0m [[37m\support\fixtures\auth.fixture.ts:28[39m[0m[0m]{
  message: [32m"FIXTURE 'authToken': Odesílám POST request pro získání tokenu."[39m,
  url: [32m'http://192.168.130.239:8180/auth-api/user/authorization'[39m,
  data: [32m'eyJvcGVyYXRvciI6Ik1OX1RFVFNUX0FVVE9NQVQiLCJwYXNzd29yZCI6IjEifQ=='[39m
} Detail requestu
2025[0m[0m-09[0m[0m-01[0m[0m 15[0m[0m:35[0m[0m:47[0m[0m.978[0m[0m [97m[1mTRACE[22m[39m[0m[0m [[37m\support\fixtures\auth.fixture.ts:39[39m[0m[0m]FIXTURE 'authToken': Odpověď přijata se statusem 201.
2025[0m[0m-09[0m[0m-01[0m[0m 15[0m[0m:35[0m[0m:47[0m[0m.982[0m[0m [97m[1mTRACE[22m[39m[0m[0m [[37m\support\fixtures\auth.fixture.ts:60[39m[0m[0m]FIXTURE 'authToken': Získávám 'accessToken' z JSON odpovědi.
2025[0m[0m-09[0m[0m-01[0m[0m 15[0m[0m:35[0m[0m:47[0m[0m.986[0m[0m [97m[1mTRACE[22m[39m[0m[0m [[37m\support\fixtures\auth.fixture.ts:64[39m[0m[0m]FIXTURE 'authToken': Volám 'use(token)' a předávám token dál...
2025[0m[0m-09[0m[0m-01[0m[0m 15[0m[0m:35[0m[0m:47[0m[0m.989[0m[0m [97m[1mTRACE[22m[39m[0m[0m [[37m\support\fixtures\auth.fixture.ts:74[39m[0m[0m]FIXTURE 'page' (rozšířená): Budu vkládat inicializační skript pro nastavení localStorage...
2025[0m[0m-09[0m[0m-01[0m[0m 15[0m[0m:35[0m[0m:47[0m[0m.995[0m[0m [97m[1mTRACE[22m[39m[0m[0m [[37m\support\fixtures\auth.fixture.ts:84[39m[0m[0m]FIXTURE 'page' (rozšířená): Inicializační skript byl přidán.
2025[0m[0m-09[0m[0m-01[0m[0m 15[0m[0m:35[0m[0m:49[0m[0m.052[0m[0m [97m[1mTRACE[22m[39m[0m[0m [[37m\support\fixtures\auth.fixture.ts:88[39m[0m[0m]FIXTURE 'page' (rozšířená): Navigace na '/' dokončena.
2025[0m[0m-09[0m[0m-01[0m[0m 15[0m[0m:35[0m[0m:49[0m[0m.053[0m[0m [97m[1mTRACE[22m[39m[0m[0m [[37m\support\fixtures\auth.fixture.ts:90[39m[0m[0m]FIXTURE 'page' (rozšířená): Volám 'use(page)' a předávám připravenou stránku testu...
2025[0m[0m-09[0m[0m-01[0m[0m 15[0m[0m:35[0m[0m:49[0m[0m.055[0m[0m [34m[1mINFO[22m[39m[0m[0m [[37m\tests\Regrese\Sestavy\Sestavy_regrese-LifeCylcle_API.spec.ts:36[39m[0m[0m]Spouštím test životního cyklu pro sestavu: ' S005: Přehled minimální zásoby skladových karet'
2025[0m[0m-09[0m[0m-01[0m[0m 15[0m[0m:35[0m[0m:49[0m[0m.135[0m[0m [97m[1mTRACE[22m[39m[0m[0m [[37m\tests\Regrese\Sestavy\Sestavy_regrese-LifeCylcle_API.spec.ts:38[39m[0m[0m]Naviguji na domovskou stránku pro získání tokenu.
2025[0m[0m-09[0m[0m-01[0m[0m 15[0m[0m:35[0m[0m:49[0m[0m.147[0m[0m [97m[1mTRACE[22m[39m[0m[0m [[37m\tests\Regrese\Sestavy\Sestavy_regrese-LifeCylcle_API.spec.ts:41[39m[0m[0m]Autentizační token úspěšně získán.
2025[0m[0m-09[0m[0m-01[0m[0m 15[0m[0m:35[0m[0m:49[0m[0m.148[0m[0m [97m[1mTRACE[22m[39m[0m[0m [[37m\tests\Regrese\Sestavy\Sestavy_regrese-LifeCylcle_API.spec.ts:44[39m[0m[0m]ApiClient byl inicializován.
2025[0m[0m-09[0m[0m-01[0m[0m 15[0m[0m:35[0m[0m:49[0m[0m.149[0m[0m [97m[1mTRACE[22m[39m[0m[0m [[37m\tests\Regrese\Sestavy\Sestavy_regrese-LifeCylcle_API.spec.ts:48[39m[0m[0m]Inicializuji ReportBuilder pro sestavu ' S005: Přehled minimální zásoby skladových karet'.
2025[0m[0m-09[0m[0m-01[0m[0m 15[0m[0m:35[0m[0m:49[0m[0m.151[0m[0m [97m[1mTRACE[22m[39m[0m[0m [[37m\tests\Regrese\Sestavy\Sestavy_regrese-LifeCylcle_API.spec.ts:49[39m[0m[0m]Vytvářím sestavu ' S005: Přehled minimální zásoby skladových karet' s konfigurací: {"stockIds":[230]}
2025[0m[0m-09[0m[0m-01[0m[0m 15[0m[0m:35[0m[0m:49[0m[0m.153[0m[0m [32m[1mDEBUG[22m[39m[0m[0m [[37m\tests\Regrese\Sestavy\Sestavy_regrese-LifeCylcle_API.spec.ts:74[39m[0m[0m]Přidávám skladový filtr s ID: [230] pro sestavu ' S005: Přehled minimální zásoby skladových karet'.
2025[0m[0m-09[0m[0m-01[0m[0m 15[0m[0m:35[0m[0m:49[0m[0m.155[0m[0m [32m[1mDEBUG[22m[39m[0m[0m [[37m\tests\Regrese\Sestavy\Sestavy_regrese-LifeCylcle_API.spec.ts:80[39m[0m[0m]Nastavuji příznak 'public' na 'true' pro sestavu ' S005: Přehled minimální zásoby skladových karet'.
2025[0m[0m-09[0m[0m-01[0m[0m 15[0m[0m:35[0m[0m:49[0m[0m.157[0m[0m [97m[1mTRACE[22m[39m[0m[0m [[37m\support\ApiClient.ts:192[39m[0m[0m]Odesílaný PAYLOAD:
{
  "settings": {
    "availableFilters": [
      "stockId",
      "stkitmType",
      "grouping",
      "goodsOwnerId",
      "paidBy",
      "cardOwnerId",
      "cardIssuerId"
    ],
    "stockId": [
      230
    ],
    "stkitmType": [],
    "grouping": [],
    "goodsOwnerId": [],
    "paidBy": [],
    "cardOwnerId": [],
    "cardIssuerId": [],
    "sort": "",
    "partnerId": [],
    "termId": []
  },
  "name": " S005: Přehled minimální zásoby skladových karet",
  "public": true,
  "reportDefinitionId": "S005"
}
2025[0m[0m-09[0m[0m-01[0m[0m 15[0m[0m:35[0m[0m:49[0m[0m.268[0m[0m [97m[1mTRACE[22m[39m[0m[0m [[37m\tests\Regrese\Sestavy\Sestavy_regrese-LifeCylcle_API.spec.ts:85[39m[0m[0m]Požadavek na vytvoření sestavy ' S005: Přehled minimální zásoby skladových karet' odeslán.
2025[0m[0m-09[0m[0m-01[0m[0m 15[0m[0m:35[0m[0m:49[0m[0m.269[0m[0m [97m[1mTRACE[22m[39m[0m[0m [[37m\support\ApiClient.ts:162[39m[0m[0m]Odesílám GET požadavek na /reports-api/listOfUsersReports/60193531 s parametry: {}
2025[0m[0m-09[0m[0m-01[0m[0m 15[0m[0m:35[0m[0m:49[0m[0m.369[0m[0m [97m[1mTRACE[22m[39m[0m[0m [[37m\tests\Regrese\Sestavy\Sestavy_regrese-LifeCylcle_API.spec.ts:88[39m[0m[0m]Získávám seznam všech uživatelských sestav pro ověření.
2025[0m[0m-09[0m[0m-01[0m[0m 15[0m[0m:35[0m[0m:49[0m[0m.371[0m[0m [34m[1mINFO[22m[39m[0m[0m [[37m\tests\Regrese\Sestavy\Sestavy_regrese-LifeCylcle_API.spec.ts:92[39m[0m[0m]Sestava ' S005: Přehled minimální zásoby skladových karet' byla úspěšně vytvořena s ID: 2000.
2025[0m[0m-09[0m[0m-01[0m[0m 15[0m[0m:35[0m[0m:49[0m[0m.372[0m[0m [97m[1mTRACE[22m[39m[0m[0m [[37m\tests\Regrese\Sestavy\Sestavy_regrese-LifeCylcle_API.spec.ts:99[39m[0m[0m]Ověřuji, že počet položek (items) v sestavě ' S005: Přehled minimální zásoby skladových karet' není null.
2025[0m[0m-09[0m[0m-01[0m[0m 15[0m[0m:35[0m[0m:49[0m[0m.376[0m[0m [34m[1mINFO[22m[39m[0m[0m [[37m\tests\Regrese\Sestavy\Sestavy_regrese-LifeCylcle_API.spec.ts:106[39m[0m[0m]Vytvořená sestava ' S005: Přehled minimální zásoby skladových karet' (ID: 2000) obsahuje 25 položek.
2025[0m[0m-09[0m[0m-01[0m[0m 15[0m[0m:35[0m[0m:49[0m[0m.377[0m[0m [97m[1mTRACE[22m[39m[0m[0m [[37m\tests\Regrese\Sestavy\Sestavy_regrese-LifeCylcle_API.spec.ts:109[39m[0m[0m]Ověřuji, že sestava ' S005: Přehled minimální zásoby skladových karet' je správně označena jako sdílená.
2025[0m[0m-09[0m[0m-01[0m[0m 15[0m[0m:35[0m[0m:49[0m[0m.382[0m[0m [34m[1mINFO[22m[39m[0m[0m [[37m\tests\Regrese\Sestavy\Sestavy_regrese-LifeCylcle_API.spec.ts:111[39m[0m[0m]Ověření příznaku sdílení pro sestavu " S005: Přehled minimální zásoby skladových karet" je v pořádku.
2025[0m[0m-09[0m[0m-01[0m[0m 15[0m[0m:35[0m[0m:49[0m[0m.384[0m[0m [97m[1mTRACE[22m[39m[0m[0m [[37m\tests\Regrese\Sestavy\Sestavy_regrese-LifeCylcle_API.spec.ts:125[39m[0m[0m](FINALLY BLOCK) Zahajuji úklid pro sestavu ' S005: Přehled minimální zásoby skladových karet' s ID: 2000.
2025[0m[0m-09[0m[0m-01[0m[0m 15[0m[0m:35[0m[0m:49[0m[0m.393[0m[0m [97m[1mTRACE[22m[39m[0m[0m [[37m\support\ApiClient.ts:211[39m[0m[0m]Odesílám DELETE požadavek na smazání sestavy: /reports-api/usersReports/2000
2025[0m[0m-09[0m[0m-01[0m[0m 15[0m[0m:35[0m[0m:49[0m[0m.419[0m[0m [97m[1mTRACE[22m[39m[0m[0m [[37m\tests\Regrese\Sestavy\Sestavy_regrese-LifeCylcle_API.spec.ts:129[39m[0m[0m]Požadavek na smazání sestavy ' S005: Přehled minimální zásoby skladových karet' (ID: 2000) byl odeslán.
2025[0m[0m-09[0m[0m-01[0m[0m 15[0m[0m:35[0m[0m:49[0m[0m.422[0m[0m [97m[1mTRACE[22m[39m[0m[0m [[37m\tests\Regrese\Sestavy\Sestavy_regrese-LifeCylcle_API.spec.ts:131[39m[0m[0m]Ověřuji, že sestava (ID: 2000) byla skutečně smazána...
2025[0m[0m-09[0m[0m-01[0m[0m 15[0m[0m:35[0m[0m:49[0m[0m.425[0m[0m [97m[1mTRACE[22m[39m[0m[0m [[37m\support\ApiClient.ts:162[39m[0m[0m]Odesílám GET požadavek na /reports-api/listOfUsersReports/60193531 s parametry: {}
2025[0m[0m-09[0m[0m-01[0m[0m 15[0m[0m:35[0m[0m:49[0m[0m.509[0m[0m [34m[1mINFO[22m[39m[0m[0m [[37m\tests\Regrese\Sestavy\Sestavy_regrese-LifeCylcle_API.spec.ts:136[39m[0m[0m]Úklid úspěšný: Sestava ' S005: Přehled minimální zásoby skladových karet' (ID: 2000) byla ověřitelně smazána ze serveru.
]]>
</system-out>
</testcase>
</testsuite>
</testsuites>