<testsuites id="" name="" tests="288" failures="0" skipped="0" errors="0" time="221.487465">
  <testsuite name="Smoke\Gets_api.spec.ts" timestamp="2025-12-07T09:23:36.076Z" hostname="API" tests="288" failures="0" skipped="0" time="218.71" errors="0">
    <testcase name="API Smoke Tests - GET Endpoints › Authenticated GETs from JSON › TC-001: Endpoint &quot;/administration-api/StockCardsSupergroupsLocal/ - Seznam lokálních nadskupin zboží řazení podle Operátora&quot; @api @smoke @medium @supergroupsLocal @sort" classname="Smoke\Gets_api.spec.ts" time="0.853" id="TC-001"/>
    <testcase name="API Smoke Tests - GET Endpoints › Authenticated GETs from JSON › TC-003: Endpoint &quot;/reports-api/listOfUsersReports/ - Seznam uživatelských sestav řazení podle názvu&quot; @api @smoke @medium @reports @sort" classname="Smoke\Gets_api.spec.ts" time="0.804" id="TC-003"/>
    <testcase name="API Smoke Tests - GET Endpoints › Authenticated GETs from JSON › TC-004: Endpoint &quot;/reports-api/listOfUsersReports/ - Seznam uživatelských sestav řazení podle Čísla sestavy&quot; @api @smoke @medium @reports @sort" classname="Smoke\Gets_api.spec.ts" time="0.703" id="TC-004"/>
    <testcase name="API Smoke Tests - GET Endpoints › Authenticated GETs from JSON › TC-005: Endpoint &quot;/reports-api/listOfUsersReports/ - Seznam uživatelských sestav řazení podle Typu sestavy&quot; @api @smoke @medium @reports @sort" classname="Smoke\Gets_api.spec.ts" time="0.714" id="TC-005"/>
    <testcase name="API Smoke Tests - GET Endpoints › Authenticated GETs from JSON › TC-006: Endpoint &quot;/reports-api/listOfUsersReports/ - Seznam uživatelských sestav řazení podle Poslední změny&quot; @api @smoke @medium @reports @sort" classname="Smoke\Gets_api.spec.ts" time="0.712" id="TC-006"/>
    <testcase name="API Smoke Tests - GET Endpoints › Authenticated GETs from JSON › TC-007: Endpoint &quot;/reports-api/listOfUsersReports/ - Seznam uživatelských sestav řazení podle Operátora&quot; @api @smoke @medium @reports @sort" classname="Smoke\Gets_api.spec.ts" time="0.715" id="TC-007"/>
    <testcase name="API Smoke Tests - GET Endpoints › Authenticated GETs from JSON › TC-008: Endpoint &quot;/reports-api/listOfStockCards/ - Seznam skladových karet řazení podle názvu&quot; @api @smoke @medium stockCards @sort" classname="Smoke\Gets_api.spec.ts" time="0.73" id="TC-008"/>
    <testcase name="API Smoke Tests - GET Endpoints › Authenticated GETs from JSON › TC-009: Endpoint &quot;/reports-api/listOfStockCards/ - Seznam skladových karet řaazení podle Druhu zboží&quot; @api @smoke @medium stockCards @sort" classname="Smoke\Gets_api.spec.ts" time="0.779" id="TC-009"/>
    <testcase name="API Smoke Tests - GET Endpoints › Authenticated GETs from JSON › TC-010: Endpoint &quot;/reports-api/listOfStockCards/ - Seznam skladových karet řaazení podle Centrální skupny&quot; @api @smoke @medium stockCards @sort" classname="Smoke\Gets_api.spec.ts" time="0.741" id="TC-010"/>
    <testcase name="API Smoke Tests - GET Endpoints › Authenticated GETs from JSON › TC-011: Endpoint &quot;/reports-api/listOfStockCards/ - Seznam skladových karet řaazení podle Centrální kategorie&quot; @api @smoke @medium stockCards @sort" classname="Smoke\Gets_api.spec.ts" time="0.779" id="TC-011"/>
    <testcase name="API Smoke Tests - GET Endpoints › Authenticated GETs from JSON › TC-012: Endpoint &quot;/reports-api/listOfStockCards/ - Seznam skladových karet řaazení podle Lokální skupiny&quot; @api @smoke @medium stockCards @sort" classname="Smoke\Gets_api.spec.ts" time="0.937" id="TC-012"/>
    <testcase name="API Smoke Tests - GET Endpoints › Authenticated GETs from JSON › TC-013: Endpoint &quot;GET /reports-api/listOfStocks Obchodní místo řazení podle id&quot; @api @smoke @medium stocks @sort" classname="Smoke\Gets_api.spec.ts" time="0.734" id="TC-013"/>
    <testcase name="API Smoke Tests - GET Endpoints › Authenticated GETs from JSON › TC-014: Endpoint &quot;GET /reports-api/listOfStocks Obchodní místo řazení podle Názvu&quot; @api @smoke @medium stocks @sort" classname="Smoke\Gets_api.spec.ts" time="0.717" id="TC-014"/>
    <testcase name="API Smoke Tests - GET Endpoints › Authenticated GETs from JSON › TC-015: Endpoint &quot;GET /reports-api/listOfStocks Obchodní místo řazení podle Ulice&quot; @api @smoke @medium stocks @sort" classname="Smoke\Gets_api.spec.ts" time="0.773" id="TC-015"/>
    <testcase name="API Smoke Tests - GET Endpoints › Authenticated GETs from JSON › TC-016: Endpoint &quot;GET /reports-api/listOfStocks Obchodní místo řazení podle Města&quot; @api @smoke @medium stocks @sort" classname="Smoke\Gets_api.spec.ts" time="0.705" id="TC-016"/>
    <testcase name="API Smoke Tests - GET Endpoints › Authenticated GETs from JSON › TC-017: Endpoint &quot;GET /reports-api/listOfStocks Obchodní místo řazení podle PSČ&quot; @api @smoke @medium stocks @sort" classname="Smoke\Gets_api.spec.ts" time="0.719" id="TC-017"/>
    <testcase name="API Smoke Tests - GET Endpoints › Authenticated GETs from JSON › TC-018: Endpoint &quot;GET /reports-api/listOfStocks Obchodní místo řazení podle Provozovatele ČS&quot; @api @smoke @medium stocks @sort" classname="Smoke\Gets_api.spec.ts" time="0.701" id="TC-018"/>
    <testcase name="API Smoke Tests - GET Endpoints › Authenticated GETs from JSON › TC-019: Endpoint &quot;GET /reports-api/listOfStocks Obchodní místo řazení podle Poslední změny&quot; @api @smoke @medium stocks @sort" classname="Smoke\Gets_api.spec.ts" time="0.805" id="TC-019"/>
    <testcase name="API Smoke Tests - GET Endpoints › Authenticated GETs from JSON › TC-020: Endpoint &quot;GET /reports-api/listOfStocks Obchodní místo řazení podle Kurzu Operátora&quot; @api @smoke @medium stocks @sort" classname="Smoke\Gets_api.spec.ts" time="0.725" id="TC-020"/>
    <testcase name="API Smoke Tests - GET Endpoints › Authenticated GETs from JSON › TC-071: Endpoint &quot;GET /reports-api/listOfPartners Seznam partnerů řazení podle názvu partnera&quot; @api @smoke @high @sort @partners" classname="Smoke\Gets_api.spec.ts" time="0.689" id="TC-071"/>
    <testcase name="API Smoke Tests - GET Endpoints › Authenticated GETs from JSON › TC-072: Endpoint &quot;GET /reports-api/listOfPartners Seznam partnerů řazení podle IČO&quot; @api @smoke @high @sort @partners" classname="Smoke\Gets_api.spec.ts" time="0.685" id="TC-072"/>
    <testcase name="API Smoke Tests - GET Endpoints › Authenticated GETs from JSON › TC-073: Endpoint &quot;GET /reports-api/listOfPartners Seznam partnerů řazení podle názvu DIČ&quot; @api @smoke @high @sort @partners" classname="Smoke\Gets_api.spec.ts" time="0.696" id="TC-073"/>
    <testcase name="API Smoke Tests - GET Endpoints › Authenticated GETs from JSON › TC-074: Endpoint &quot;GET /reports-api/listOfPartners Seznam partnerů řazení podle Ulice&quot; @api @smoke @high @sort @partners" classname="Smoke\Gets_api.spec.ts" time="0.741" id="TC-074"/>
    <testcase name="API Smoke Tests - GET Endpoints › Authenticated GETs from JSON › TC-075: Endpoint &quot;GET /reports-api/listOfPartners Seznam partnerů řazení podle Města&quot; @api @smoke @high @sort @partners" classname="Smoke\Gets_api.spec.ts" time="0.674" id="TC-075"/>
    <testcase name="API Smoke Tests - GET Endpoints › Authenticated GETs from JSON › TC-076: Endpoint &quot;GET /reports-api/listOfPartners Seznam partnerů řazení podle Poslední změny&quot; @api @smoke @high @sort @partners" classname="Smoke\Gets_api.spec.ts" time="0.693" id="TC-076"/>
    <testcase name="API Smoke Tests - GET Endpoints › Authenticated GETs from JSON › TC-047: Endpoint &quot;GET /reports-api/listOfLocalCards - Serznam Fleet karet řazeno podle Čísla karty (elektornické karty)&quot; @api @smoke @medium @fleet @sort" classname="Smoke\Gets_api.spec.ts" time="0.703" id="TC-047"/>
    <testcase name="API Smoke Tests - GET Endpoints › Authenticated GETs from JSON › TC-077: Endpoint &quot;GET /reports-api/listOfLocalCards - Serznam Fleet karet řazeno podle Čísla karty (tištěné)&quot; @api @smoke @medium @fleet @sort" classname="Smoke\Gets_api.spec.ts" time="0.686" id="TC-077"/>
    <testcase name="API Smoke Tests - GET Endpoints › Authenticated GETs from JSON › TC-078: Endpoint &quot;GET /reports-api/listOfLocalCards - Serznam Fleet karet řazeno podle Typu karty&quot; @api @smoke @medium @fleet @sort" classname="Smoke\Gets_api.spec.ts" time="0.697" id="TC-078"/>
    <testcase name="API Smoke Tests - GET Endpoints › Authenticated GETs from JSON › TC-079: Endpoint &quot;GET /reports-api/listOfLocalCards - Serznam Fleet karet řazeno podle Poslední změny&quot; @api @smoke @medium @fleet @sort" classname="Smoke\Gets_api.spec.ts" time="0.73" id="TC-079"/>
    <testcase name="API Smoke Tests - GET Endpoints › Authenticated GETs from JSON › TC-081: Endpoint &quot;GET /reports-api/listOfEuroOilCardRequests - Serznam Přehled žádostí o EuroOil karty řazeno podle id&quot; @api @smoke @medium @eurooil @sort" classname="Smoke\Gets_api.spec.ts" time="0.696" id="TC-081"/>
    <testcase name="API Smoke Tests - GET Endpoints › Authenticated GETs from JSON › TC-082: Endpoint &quot;GET /reports-api/listOfEuroOilCardRequests - Serznam Přehled žádostí o EuroOil karty řazeno podle Zadáno&quot; @api @smoke @medium @eurooil @sort" classname="Smoke\Gets_api.spec.ts" time="0.753" id="TC-082"/>
    <testcase name="API Smoke Tests - GET Endpoints › Authenticated GETs from JSON › TC-083: Endpoint &quot;GET /reports-api/listOfEuroOilCardRequests - Serznam Přehled žádostí o EuroOil karty řazeno podle Telefonu&quot; @api @smoke @medium @eurooil @sort" classname="Smoke\Gets_api.spec.ts" time="1.039" id="TC-083"/>
    <testcase name="API Smoke Tests - GET Endpoints › Authenticated GETs from JSON › TC-084: Endpoint &quot;GET /reports-api/listOfEuroOilCardRequests - Serznam Přehled žádostí o EuroOil karty řazeno podle emailu&quot; @api @smoke @medium @eurooil @sort" classname="Smoke\Gets_api.spec.ts" time="0.693" id="TC-084"/>
    <testcase name="API Smoke Tests - GET Endpoints › Authenticated GETs from JSON › TC-085: Endpoint &quot;GET /reports-api/listOfEuroOilCardRequests - Serznam Přehled žádostí o EuroOil karty řazeno podle města&quot; @api @smoke @medium @eurooil @sort" classname="Smoke\Gets_api.spec.ts" time="0.772" id="TC-085"/>
    <testcase name="API Smoke Tests - GET Endpoints › Authenticated GETs from JSON › TC-086: Endpoint &quot;GET /reports-api/listOfEuroOilCardRequests - Serznam Přehled žádostí o EuroOil karty řazeno podle Měsíční odběr CZK&quot; @api @smoke @medium @eurooil @sort" classname="Smoke\Gets_api.spec.ts" time="0.722" id="TC-086"/>
    <testcase name="API Smoke Tests - GET Endpoints › Authenticated GETs from JSON › TC-087: Endpoint &quot;GET /reports-api/listOfEuroOilCardRequests - Serznam Přehled žádostí o EuroOil karty řazeno podle Operátora&quot; @api @smoke @medium @eurooil @sort" classname="Smoke\Gets_api.spec.ts" time="0.763" id="TC-087"/>
    <testcase name="API Smoke Tests - GET Endpoints › Authenticated GETs from JSON › TC-088: Endpoint &quot;GET /reports-api/listOfBonusClasses Seznam přehledu slev a poplatků řazeno podle id&quot; @api @smoke @medium @bonuses @sort" classname="Smoke\Gets_api.spec.ts" time="0.762" id="TC-088"/>
    <testcase name="API Smoke Tests - GET Endpoints › Authenticated GETs from JSON › TC-089: Endpoint &quot;GET /reports-api/listOfBonusClasses Seznam přehledu slev a poplatků řazeno podle Názvu slevy/poplatku&quot; @api @smoke @medium @bonuses @sort" classname="Smoke\Gets_api.spec.ts" time="0.72" id="TC-089"/>
    <testcase name="API Smoke Tests - GET Endpoints › Authenticated GETs from JSON › TC-090: Endpoint &quot;GET /reports-api/listOfBonusClasses Seznam přehledu slev a poplatků řazeno podle Začátku platnosti&quot; @api @smoke @medium @bonuses @sort" classname="Smoke\Gets_api.spec.ts" time="0.694" id="TC-090"/>
    <testcase name="API Smoke Tests - GET Endpoints › Authenticated GETs from JSON › TC-091: Endpoint &quot;GET /reports-api/listOfBonusClasses Seznam přehledu slev a poplatků řazeno podle Začátku platnosti&quot; @api @smoke @medium @bonuses @sort" classname="Smoke\Gets_api.spec.ts" time="0.685" id="TC-091"/>
    <testcase name="API Smoke Tests - GET Endpoints › Authenticated GETs from JSON › TC-092: Endpoint &quot;GET /reports-api/listOfBonusClasses Seznam přehledu slev a poplatků řazeno podle Poslední změny&quot; @api @smoke @medium @bonuses @sort" classname="Smoke\Gets_api.spec.ts" time="0.688" id="TC-092"/>
    <testcase name="API Smoke Tests - GET Endpoints › Authenticated GETs from JSON › TC-093: Endpoint &quot;GET /reports-api/listOfBonusClasses Seznam přehledu slev a poplatků řazeno podle Začátku platnosti&quot; @api @smoke @medium @bonuses @sort" classname="Smoke\Gets_api.spec.ts" time="0.697" id="TC-093"/>
    <testcase name="API Smoke Tests - GET Endpoints › Authenticated GETs from JSON › TC-094: Endpoint &quot;GET /reports-api/listOfBonusClasses Seznam přehledu slev a poplatků řazeno Operátora&quot; @api @smoke @medium @bonuses @sort" classname="Smoke\Gets_api.spec.ts" time="0.72" id="TC-094"/>
    <testcase name="API Smoke Tests - GET Endpoints › Authenticated GETs from JSON › TC-096: Endpoint &quot;GET /reports-api/listOfReceiptsUdd Seznam Úplněných daňových dokladů řazení podle Typu účtenky&quot; @api @smoke @medium @udd @sort" classname="Smoke\Gets_api.spec.ts" time="0.694" id="TC-096"/>
    <testcase name="API Smoke Tests - GET Endpoints › Authenticated GETs from JSON › TC-097: Endpoint &quot;GET /reports-api/listOfReceiptsUdd Seznam Úplněných daňových dokladů řazení podle IČO&quot; @api @smoke @medium @udd @sort" classname="Smoke\Gets_api.spec.ts" time="0.713" id="TC-097"/>
    <testcase name="API Smoke Tests - GET Endpoints › Authenticated GETs from JSON › TC-098: Endpoint &quot;GET /reports-api/listOfReceiptsUdd Seznam Úplněných daňových dokladů řazení podle Čísla dokladu&quot; @api @smoke @medium @udd @sort" classname="Smoke\Gets_api.spec.ts" time="0.698" id="TC-098"/>
    <testcase name="API Smoke Tests - GET Endpoints › Authenticated GETs from JSON › TC-099: Endpoint &quot;GET /reports-api/listOfReceiptsUdd Seznam Úplněných daňových dokladů řazení podle DIČ&quot; @api @smoke @medium @udd @sort" classname="Smoke\Gets_api.spec.ts" time="0.702" id="TC-099"/>
    <testcase name="API Smoke Tests - GET Endpoints › Authenticated GETs from JSON › TC-100: Endpoint &quot;GET /reports-api/listOfReceiptsUdd Seznam Úplněných daňových dokladů řazení podle Typu účtenky&quot; @api @smoke @medium @udd @sort" classname="Smoke\Gets_api.spec.ts" time="0.702" id="TC-100"/>
    <testcase name="API Smoke Tests - GET Endpoints › Authenticated GETs from JSON › TC-231: Endpoint &quot;GET /reports-api/listOfReceiptsUdd Seznam Úplněných daňových dokladů řazení podle Jméno zákazníka/Název firmy&quot; @api @smoke @medium @udd @sort" classname="Smoke\Gets_api.spec.ts" time="0.7" id="TC-231"/>
    <testcase name="API Smoke Tests - GET Endpoints › Authenticated GETs from JSON › TC-102: Endpoint &quot;GET /reports-api/listOfReceiptsUdd Seznam Úplněných daňových dokladů řazení podle Vytvořeno&quot; @api @smoke @medium @udd @sort" classname="Smoke\Gets_api.spec.ts" time="0.71" id="TC-102"/>
    <testcase name="API Smoke Tests - GET Endpoints › Authenticated GETs from JSON › TC-103: Endpoint &quot;GET /reports-api/listOfReceiptsUdd Seznam Úplněných daňových dokladů řazení podle Vytvořil&quot; @api @smoke @medium @udd @sort" classname="Smoke\Gets_api.spec.ts" time="0.844" id="TC-103"/>
    <testcase name="API Smoke Tests - GET Endpoints › Authenticated GETs from JSON › TC-104: Endpoint &quot;GET /reports-api/listOfReceiptsUdd Seznam Úplněných daňových dokladů řazení podle Poslední úpravy&quot; @api @smoke @medium @udd @sort" classname="Smoke\Gets_api.spec.ts" time="0.708" id="TC-104"/>
    <testcase name="API Smoke Tests - GET Endpoints › Authenticated GETs from JSON › TC-105: Endpoint &quot;GET /reports-api/listOfReceiptsUdd Seznam Úplněných daňových dokladů řazení podle Upravil&quot; @api @smoke @medium @udd @sort" classname="Smoke\Gets_api.spec.ts" time="0.698" id="TC-105"/>
    <testcase name="API Smoke Tests - GET Endpoints › Authenticated GETs from JSON › TC-106: Endpoint &quot;GET /reports-api/listOfReceiptsUdd Seznam Úplněných daňových dokladů řazení podle výtisků&quot; @api @smoke @medium @udd @sort" classname="Smoke\Gets_api.spec.ts" time="0.706" id="TC-106"/>
    <testcase name="API Smoke Tests - GET Endpoints › Authenticated GETs from JSON › TC-107: Endpoint &quot;GET /reports-api/listOfReceiptsUdd Seznam Úplněných daňových dokladů řazení podle Naposledy vytisknuto&quot; @api @smoke @medium @udd @sort" classname="Smoke\Gets_api.spec.ts" time="0.722" id="TC-107"/>
    <testcase name="API Smoke Tests - GET Endpoints › Authenticated GETs from JSON › TC-108: Endpoint &quot;GET /reports-api/listOfReceiptsUdd Seznam Úplněných daňových dokladů řazení podle Vytiskl&quot; @api @smoke @medium @udd @sort" classname="Smoke\Gets_api.spec.ts" time="0.72" id="TC-108"/>
    <testcase name="API Smoke Tests - GET Endpoints › Authenticated GETs from JSON › TC-109: Endpoint &quot;GET /reports-api/listOfReceiptsUdd Seznam Úplněných daňových dokladů řazení podle Stornováno&quot; @api @smoke @medium @udd @sort" classname="Smoke\Gets_api.spec.ts" time="0.722" id="TC-109"/>
    <testcase name="API Smoke Tests - GET Endpoints › Authenticated GETs from JSON › TC-110: Endpoint &quot;GET /reports-api/listOfReceiptsUdd Seznam Úplněných daňových dokladů řazení podle Stornoval&quot; @api @smoke @medium @udd @sort" classname="Smoke\Gets_api.spec.ts" time="0.712" id="TC-110"/>
    <testcase name="API Smoke Tests - GET Endpoints › Authenticated GETs from JSON › TC-112: Endpoint &quot;GET /reports-api/listOfPosTankTickets Seznam stvrzenek o složení hotovosti s řazením podle Vystavena&quot; @api @smoke @medium @pos @sort" classname="Smoke\Gets_api.spec.ts" time="0.797" id="TC-112"/>
    <testcase name="API Smoke Tests - GET Endpoints › Authenticated GETs from JSON › TC-113: Endpoint &quot;GET /reports-api/listOfPosTankTickets Seznam stvrzenek o složení hotovosti s řazením podle Číslo stvrzenky&quot; @api @smoke @medium @pos @sort" classname="Smoke\Gets_api.spec.ts" time="0.73" id="TC-113"/>
    <testcase name="API Smoke Tests - GET Endpoints › Authenticated GETs from JSON › TC-114: Endpoint &quot;GET /reports-api/listOfPosTankTickets Seznam stvrzenek o složení hotovosti s řazením podle Vytištěna&quot; @api @smoke @medium @pos @sort" classname="Smoke\Gets_api.spec.ts" time="0.722" id="TC-114"/>
    <testcase name="API Smoke Tests - GET Endpoints › Authenticated GETs from JSON › TC-115: Endpoint &quot;GET /reports-api/listOfPosTankTickets Seznam stvrzenek o složení hotovosti s řazením podle Expiruje&quot; @api @smoke @medium @pos @sort" classname="Smoke\Gets_api.spec.ts" time="0.688" id="TC-115"/>
    <testcase name="API Smoke Tests - GET Endpoints › Authenticated GETs from JSON › TC-116: Endpoint &quot;GET /reports-api/listOfPosTankTickets Seznam stvrzenek o složení hotovosti s řazením podle Akceptováno&quot; @api @smoke @medium @pos @sort" classname="Smoke\Gets_api.spec.ts" time="0.698" id="TC-116"/>
    <testcase name="API Smoke Tests - GET Endpoints › Authenticated GETs from JSON › TC-117: Endpoint &quot;GET /reports-api/listOfPosTankTickets Seznam stvrzenek o složení hotovosti s řazením podle Účtenka (Hotovostní)&quot; @api @smoke @medium @pos @sort" classname="Smoke\Gets_api.spec.ts" time="0.76" id="TC-117"/>
    <testcase name="API Smoke Tests - GET Endpoints › Authenticated GETs from JSON › TC-118: Endpoint &quot;GET /reports-api/listOfPosTankTickets Seznam stvrzenek o složení hotovosti s řazením podle Vydaná přeplatková poukázka&quot; @api @smoke @medium @pos @sort" classname="Smoke\Gets_api.spec.ts" time="0.768" id="TC-118"/>
    <testcase name="API Smoke Tests - GET Endpoints › Authenticated GETs from JSON › TC-120: Endpoint &quot;GET /reports-api/listOfPosMoneyOperations Seznam vkladů/výběrů řazení podle Typu&quot; @api @smoke @medium @pos @sort" classname="Smoke\Gets_api.spec.ts" time="0.683" id="TC-120"/>
    <testcase name="API Smoke Tests - GET Endpoints › Authenticated GETs from JSON › TC-121: Endpoint &quot;GET /reports-api/listOfPosMoneyOperations Seznam vkladů/výběrů řazení podle Zaevidováno&quot; @api @smoke @medium @pos @sort" classname="Smoke\Gets_api.spec.ts" time="0.705" id="TC-121"/>
    <testcase name="API Smoke Tests - GET Endpoints › Authenticated GETs from JSON › TC-122: Endpoint &quot;GET /reports-api/listOfPosMoneyOperations Seznam vkladů/výběrů řazení podle OM&quot; @api @smoke @medium @pos @sort" classname="Smoke\Gets_api.spec.ts" time="0.689" id="TC-122"/>
    <testcase name="API Smoke Tests - GET Endpoints › Authenticated GETs from JSON › TC-123: Endpoint &quot;GET /reports-api/listOfPosMoneyOperations Seznam vkladů/výběrů řazení podle Pokladny&quot; @api @smoke @medium @pos @sort" classname="Smoke\Gets_api.spec.ts" time="0.693" id="TC-123"/>
    <testcase name="API Smoke Tests - GET Endpoints › Authenticated GETs from JSON › TC-124: Endpoint &quot;GET /reports-api/listOfPosMoneyOperations Seznam vkladů/výběrů řazení podle Popisu&quot; @api @smoke @medium @pos @sort" classname="Smoke\Gets_api.spec.ts" time="0.702" id="TC-124"/>
    <testcase name="API Smoke Tests - GET Endpoints › Authenticated GETs from JSON › TC-125: Endpoint &quot;GET /reports-api/listOfPosMoneyOperations Seznam vkladů/výběrů řazení podle Částky&quot; @api @smoke @medium @pos @sort" classname="Smoke\Gets_api.spec.ts" time="0.711" id="TC-125"/>
    <testcase name="API Smoke Tests - GET Endpoints › Authenticated GETs from JSON › TC-126: Endpoint &quot;GET /reports-api/listOfPosMoneyOperations Seznam vkladů/výběrů řazení podle Operátora&quot; @api @smoke @medium @pos @sort" classname="Smoke\Gets_api.spec.ts" time="0.773" id="TC-126"/>
    <testcase name="API Smoke Tests - GET Endpoints › Authenticated GETs from JSON › TC-128: Endpoint &quot;GET /reports-api/listOfPosTankVouchers Přeplatkové poukázky řazení podle Pokladna&quot; @api @smoke @medium @pos @sort" classname="Smoke\Gets_api.spec.ts" time="0.726" id="TC-128"/>
    <testcase name="API Smoke Tests - GET Endpoints › Authenticated GETs from JSON › TC-129: Endpoint &quot;GET /reports-api/listOfPosTankVouchers Přeplatkové poukázky řazení podle Číslo poukázky (ID)&quot; @api @smoke @medium @pos @sort" classname="Smoke\Gets_api.spec.ts" time="0.707" id="TC-129"/>
    <testcase name="API Smoke Tests - GET Endpoints › Authenticated GETs from JSON › TC-130: Endpoint &quot;GET /reports-api/listOfPosTankVouchers Přeplatkové poukázky řazení podle Vystavena&quot; @api @smoke @medium @pos @sort" classname="Smoke\Gets_api.spec.ts" time="0.748" id="TC-130"/>
    <testcase name="API Smoke Tests - GET Endpoints › Authenticated GETs from JSON › TC-131: Endpoint &quot;GET /reports-api/listOfPosTankVouchers Přeplatkové poukázky řazení podle Plán do (Expirace)&quot; @api @smoke @medium @pos @sort" classname="Smoke\Gets_api.spec.ts" time="0.85" id="TC-131"/>
    <testcase name="API Smoke Tests - GET Endpoints › Authenticated GETs from JSON › TC-132: Endpoint &quot;GET /reports-api/listOfPosTankVouchers Přeplatkové poukázky řazení podle Akceptováno&quot; @api @smoke @medium @pos @sort" classname="Smoke\Gets_api.spec.ts" time="0.688" id="TC-132"/>
    <testcase name="API Smoke Tests - GET Endpoints › Authenticated GETs from JSON › TC-133: Endpoint &quot;GET /reports-api/listOfPosTankVouchers Přeplatkové poukázky řazení podle Číslo stvrzenky&quot; @api @smoke @medium @pos @sort" classname="Smoke\Gets_api.spec.ts" time="0.891" id="TC-133"/>
    <testcase name="API Smoke Tests - GET Endpoints › Authenticated GETs from JSON › TC-134: Endpoint &quot;GET /reports-api/listOfPosTankVouchers Přeplatkové poukázky řazení podle Rezervováno&quot; @api @smoke @medium @pos @sort" classname="Smoke\Gets_api.spec.ts" time="0.951" id="TC-134"/>
    <testcase name="API Smoke Tests - GET Endpoints › Authenticated GETs from JSON › TC-135: Endpoint &quot;GET /reports-api/listOfPosTankVouchers Přeplatkové poukázky řazení podle Místo rezervace&quot; @api @smoke @medium @pos @sort" classname="Smoke\Gets_api.spec.ts" time="0.721" id="TC-135"/>
    <testcase name="API Smoke Tests - GET Endpoints › Authenticated GETs from JSON › TC-136: Endpoint &quot;GET /reports-api/listOfPosTankVouchers Přeplatkové poukázky řazení podle Nominální hodnota&quot; @api @smoke @medium @pos @sort" classname="Smoke\Gets_api.spec.ts" time="0.711" id="TC-136"/>
    <testcase name="API Smoke Tests - GET Endpoints › Authenticated GETs from JSON › TC-138: Endpoint &quot;GET /reports-api/listOfGoodsDeliveryNotes Příjemky a výdejky řazení podle Doklad&quot; @api @smoke @medium @goodsDeliveries @sort" classname="Smoke\Gets_api.spec.ts" time="0.782" id="TC-138"/>
    <testcase name="API Smoke Tests - GET Endpoints › Authenticated GETs from JSON › TC-139: Endpoint &quot;GET /reports-api/listOfGoodsDeliveryNotes Příjemky a výdejky řazení podle Datum dokladu&quot; @api @smoke @medium @goodsDeliveries @sort" classname="Smoke\Gets_api.spec.ts" time="0.813" id="TC-139"/>
    <testcase name="API Smoke Tests - GET Endpoints › Authenticated GETs from JSON › TC-140: Endpoint &quot;GET /reports-api/listOfGoodsDeliveryNotes Příjemky a výdejky řazení podle Datum naskladnění&quot; @api @smoke @medium @goodsDeliveries @sort" classname="Smoke\Gets_api.spec.ts" time="0.775" id="TC-140"/>
    <testcase name="API Smoke Tests - GET Endpoints › Authenticated GETs from JSON › TC-141: Endpoint &quot;GET /reports-api/listOfGoodsDeliveryNotes Příjemky a výdejky řazení podle Datum schválení&quot; @api @smoke @medium @goodsDeliveries @sort" classname="Smoke\Gets_api.spec.ts" time="0.825" id="TC-141"/>
    <testcase name="API Smoke Tests - GET Endpoints › Authenticated GETs from JSON › TC-143: Endpoint &quot;GET /reports-api/listOfGoodsInventories Seznam inventur řazení podle Doklad&quot; @api @smoke @medium @inventory @sort" classname="Smoke\Gets_api.spec.ts" time="0.718" id="TC-143"/>
    <testcase name="API Smoke Tests - GET Endpoints › Authenticated GETs from JSON › TC-144: Endpoint &quot;GET /reports-api/listOfGoodsInventories Seznam inventur řazení podle Popis inventury&quot; @api @smoke @medium @inventory @sort" classname="Smoke\Gets_api.spec.ts" time="0.694" id="TC-144"/>
    <testcase name="API Smoke Tests - GET Endpoints › Authenticated GETs from JSON › TC-145: Endpoint &quot;GET /reports-api/listOfGoodsInventories Seznam inventur řazení podle Založena&quot; @api @smoke @medium @inventory @sort" classname="Smoke\Gets_api.spec.ts" time="0.724" id="TC-145"/>
    <testcase name="API Smoke Tests - GET Endpoints › Authenticated GETs from JSON › TC-146: Endpoint &quot;GET /reports-api/listOfGoodsInventories Seznam inventur řazení podle Aktualizováno&quot; @api @smoke @medium @inventory @sort" classname="Smoke\Gets_api.spec.ts" time="0.847" id="TC-146"/>
    <testcase name="API Smoke Tests - GET Endpoints › Authenticated GETs from JSON › TC-147: Endpoint &quot;GET /reports-api/listOfGoodsInventories Seznam inventur řazení podle Spuštěna kontrola&quot; @api @smoke @medium @inventory @sort" classname="Smoke\Gets_api.spec.ts" time="0.765" id="TC-147"/>
    <testcase name="API Smoke Tests - GET Endpoints › Authenticated GETs from JSON › TC-148: Endpoint &quot;GET /reports-api/listOfGoodsInventories Seznam inventur řazení podle Dokončena&quot; @api @smoke @medium @inventory @sort" classname="Smoke\Gets_api.spec.ts" time="0.821" id="TC-148"/>
    <testcase name="API Smoke Tests - GET Endpoints › Authenticated GETs from JSON › TC-150: Endpoint &quot;GET /reports-api/listOfOrders Seznam objednávek řazení podle Doklad&quot; @api @smoke @medium @order @sort" classname="Smoke\Gets_api.spec.ts" time="0.856" id="TC-150"/>
    <testcase name="API Smoke Tests - GET Endpoints › Authenticated GETs from JSON › TC-151: Endpoint &quot;GET /reports-api/listOfOrders Seznam objednávek řazení podle Datum vytvoření&quot; @api @smoke @medium @order @sort" classname="Smoke\Gets_api.spec.ts" time="0.856" id="TC-151"/>
    <testcase name="API Smoke Tests - GET Endpoints › Authenticated GETs from JSON › TC-152: Endpoint &quot;GET /reports-api/listOfOrders Seznam objednávek řazení podle Datum objednání&quot; @api @smoke @medium @order @sort" classname="Smoke\Gets_api.spec.ts" time="0.866" id="TC-152"/>
    <testcase name="API Smoke Tests - GET Endpoints › Authenticated GETs from JSON › TC-153: Endpoint &quot;GET /reports-api/listOfOrders Seznam objednávek řazení podle Datum uzavření&quot; @api @smoke @medium @order @sort" classname="Smoke\Gets_api.spec.ts" time="0.88" id="TC-153"/>
    <testcase name="API Smoke Tests - GET Endpoints › Authenticated GETs from JSON › TC-154: Endpoint &quot;GET /reports-api/listOfOrders Seznam objednávek řazení podle Dodavatel zboží&quot; @api @smoke @medium @order @sort" classname="Smoke\Gets_api.spec.ts" time="0.871" id="TC-154"/>
    <testcase name="API Smoke Tests - GET Endpoints › Authenticated GETs from JSON › TC-155: Endpoint &quot;GET /reports-api/listOfOrders Seznam objednávek řazení podle Poslední změny&quot; @api @smoke @medium @order @sort" classname="Smoke\Gets_api.spec.ts" time="0.861" id="TC-155"/>
    <testcase name="API Smoke Tests - GET Endpoints › Authenticated GETs from JSON › TC-157: Endpoint &quot;GET /reports-api/listOfWetDeliveryNotes Seznam čerpadlových dodacích listů řazení podle Doklad&quot; @api @smoke @medium @wetdeliverynotes @sort" classname="Smoke\Gets_api.spec.ts" time="0.871" id="TC-157"/>
    <testcase name="API Smoke Tests - GET Endpoints › Authenticated GETs from JSON › TC-158: Endpoint &quot;GET /reports-api/listOfWetDeliveryNotes Seznam čerpadlových dodacích listů řazení podle Datum dokladu&quot; @api @smoke @medium @wetdeliverynotes @sort" classname="Smoke\Gets_api.spec.ts" time="0.773" id="TC-158"/>
    <testcase name="API Smoke Tests - GET Endpoints › Authenticated GETs from JSON › TC-159: Endpoint &quot;GET /reports-api/listOfWetDeliveryNotes Seznam čerpadlových dodacích listů řazení podle Naskladněno/vyskladněno&quot; @api @smoke @medium @wetdeliverynotes @sort" classname="Smoke\Gets_api.spec.ts" time="0.774" id="TC-159"/>
    <testcase name="API Smoke Tests - GET Endpoints › Authenticated GETs from JSON › TC-160: Endpoint &quot;GET /reports-api/listOfWetDeliveryNotes Seznam čerpadlových dodacích listů řazení podle Datum schválení&quot; @api @smoke @medium @wetdeliverynotes @sort" classname="Smoke\Gets_api.spec.ts" time="0.753" id="TC-160"/>
    <testcase name="API Smoke Tests - GET Endpoints › Authenticated GETs from JSON › TC-162: Endpoint &quot;GET /reports-api/listOfUsers Seznam uživatelů řazení podle Přihlašovací kód uživatele&quot; @api @smoke @medium @users @sort" classname="Smoke\Gets_api.spec.ts" time="0.743" id="TC-162"/>
    <testcase name="API Smoke Tests - GET Endpoints › Authenticated GETs from JSON › TC-163: Endpoint &quot;GET /reports-api/listOfUsers Seznam uživatelů řazení podle Jméno uživatele&quot; @api @smoke @medium @users @sort" classname="Smoke\Gets_api.spec.ts" time="0.798" id="TC-163"/>
    <testcase name="API Smoke Tests - GET Endpoints › Authenticated GETs from JSON › TC-164: Endpoint &quot;GET /reports-api/listOfUsers Seznam uživatelů řazení podle Přístupová karta&quot; @api @smoke @medium @users @sort" classname="Smoke\Gets_api.spec.ts" time="0.723" id="TC-164"/>
    <testcase name="API Smoke Tests - GET Endpoints › Authenticated GETs from JSON › TC-165: Endpoint &quot;GET /reports-api/listOfUsers Seznam uživatelů řazení podle Naposledy přihlášen&quot; @api @smoke @medium @users @sort" classname="Smoke\Gets_api.spec.ts" time="0.734" id="TC-165"/>
    <testcase name="API Smoke Tests - GET Endpoints › Authenticated GETs from JSON › TC-168: Endpoint &quot;GET /reports-api/listOfVatClasses Seznam tříd DPH řazeno dle Třída (Názvu)&quot; @api @smoke @medium @vat @sort" classname="Smoke\Gets_api.spec.ts" time="0.683" id="TC-168"/>
    <testcase name="API Smoke Tests - GET Endpoints › Authenticated GETs from JSON › TC-169: Endpoint &quot;GET /reports-api/listOfVatClasses Seznam tříd DPH řazeno dle Sazba&quot; @api @smoke @medium @vat @sort" classname="Smoke\Gets_api.spec.ts" time="0.683" id="TC-169"/>
    <testcase name="API Smoke Tests - GET Endpoints › Authenticated GETs from JSON › TC-170: Endpoint &quot;GET /reports-api/listOfVatClasses Seznam tříd DPH řazeno dle Začátek platnosti&quot; @api @smoke @medium @vat @sort" classname="Smoke\Gets_api.spec.ts" time="0.741" id="TC-170"/>
    <testcase name="API Smoke Tests - GET Endpoints › Authenticated GETs from JSON › TC-171: Endpoint &quot;GET /reports-api/listOfVatClasses Seznam tříd DPH řazeno dle Poslední změny&quot; @api @smoke @medium @vat @sort" classname="Smoke\Gets_api.spec.ts" time="0.709" id="TC-171"/>
    <testcase name="API Smoke Tests - GET Endpoints › Authenticated GETs from JSON › TC-172: Endpoint &quot;GET /reports-api/listOfVatClasses Seznam tříd DPH řazeno dle Operátor&quot; @api @smoke @medium @vat @sort" classname="Smoke\Gets_api.spec.ts" time="0.756" id="TC-172"/>
    <testcase name="API Smoke Tests - GET Endpoints › Authenticated GETs from JSON › TC-168: Endpoint &quot;GET /reports-api/listOfCtClasses Seznam tříd spotřebních daní řazeno dle ID&quot; @api @smoke @medium @ctclasses @sort" classname="Smoke\Gets_api.spec.ts" time="1.157" id="TC-168"/>
    <testcase name="API Smoke Tests - GET Endpoints › Authenticated GETs from JSON › TC-169: Endpoint &quot;GET /reports-api/listOfCtClasses Seznam tříd spotřebních daní řazeno dle Třída&quot; @api @smoke @medium @ctclasses @sort" classname="Smoke\Gets_api.spec.ts" time="0.881" id="TC-169"/>
    <testcase name="API Smoke Tests - GET Endpoints › Authenticated GETs from JSON › TC-170: Endpoint &quot;GET /reports-api/listOfCtClasses Seznam tříd spotřebních daní řazeno dle Sazba [kč]&quot; @api @smoke @medium @ctclasses @sort" classname="Smoke\Gets_api.spec.ts" time="0.778" id="TC-170"/>
    <testcase name="API Smoke Tests - GET Endpoints › Authenticated GETs from JSON › TC-171: Endpoint &quot;GET /reports-api/listOfCtClasses Seznam tříd spotřebních daní řazeno dle Nomenklatura&quot; @api @smoke @medium @ctclasses @sort" classname="Smoke\Gets_api.spec.ts" time="0.717" id="TC-171"/>
    <testcase name="API Smoke Tests - GET Endpoints › Authenticated GETs from JSON › TC-172: Endpoint &quot;GET /reports-api/listOfCtClasses Seznam tříd spotřebních daní řazeno dle Začátek platnosti&quot; @api @smoke @medium @ctclasses @sort" classname="Smoke\Gets_api.spec.ts" time="0.808" id="TC-172"/>
    <testcase name="API Smoke Tests - GET Endpoints › Authenticated GETs from JSON › TC-173: Endpoint &quot;GET /reports-api/listOfCtClasses Seznam tříd spotřebních daní řazeno dle Poslední změny&quot; @api @smoke @medium @ctclasses @sort" classname="Smoke\Gets_api.spec.ts" time="0.899" id="TC-173"/>
    <testcase name="API Smoke Tests - GET Endpoints › Authenticated GETs from JSON › TC-174: Endpoint &quot;GET /reports-api/listOfCtClasses Seznam tříd spotřebních daní řazeno dle Operátor&quot; @api @smoke @medium @ctclasses @sort" classname="Smoke\Gets_api.spec.ts" time="0.759" id="TC-174"/>
    <testcase name="API Smoke Tests - GET Endpoints › Authenticated GETs from JSON › TC-176: Endpoint &quot;GET /administration-api/listOfCardDefinitions Seznam definic karet řazeno dle ISO karty&quot; @api @smoke @medium @cards @sort" classname="Smoke\Gets_api.spec.ts" time="0.729" id="TC-176"/>
    <testcase name="API Smoke Tests - GET Endpoints › Authenticated GETs from JSON › TC-177: Endpoint &quot;GET /administration-api/listOfCardDefinitions Seznam definic karet řazeno dle Název karty&quot; @api @smoke @medium @cards @sort" classname="Smoke\Gets_api.spec.ts" time="0.681" id="TC-177"/>
    <testcase name="API Smoke Tests - GET Endpoints › Authenticated GETs from JSON › TC-178: Endpoint &quot;GET /administration-api/listOfCardDefinitions Seznam definic karet řazeno dle Typ vydavatele karet&quot; @api @smoke @medium @cards @sort" classname="Smoke\Gets_api.spec.ts" time="0.686" id="TC-178"/>
    <testcase name="API Smoke Tests - GET Endpoints › Authenticated GETs from JSON › TC-179: Endpoint &quot;GET /administration-api/listOfCardDefinitions Seznam definic karet řazeno dle Začátek platnosti&quot; @api @smoke @medium @cards @sort" classname="Smoke\Gets_api.spec.ts" time="0.726" id="TC-179"/>
    <testcase name="API Smoke Tests - GET Endpoints › Authenticated GETs from JSON › TC-180: Endpoint &quot;GET /administration-api/listOfCardDefinitions Seznam definic karet řazeno dle Konec platnosti&quot; @api @smoke @medium @cards @sort" classname="Smoke\Gets_api.spec.ts" time="0.732" id="TC-180"/>
    <testcase name="API Smoke Tests - GET Endpoints › Authenticated GETs from JSON › TC-181: Endpoint &quot;GET /administration-api/listOfCardDefinitions Seznam definic karet řazeno dle Poslední změny&quot; @api @smoke @medium @cards @sort" classname="Smoke\Gets_api.spec.ts" time="0.719" id="TC-181"/>
    <testcase name="API Smoke Tests - GET Endpoints › Authenticated GETs from JSON › TC-182: Endpoint &quot;GET /reports-api/listOfCardIssuers Seznam vydavatelů karet řazeno dle ID&quot; @api @smoke @medium @cards @sort" classname="Smoke\Gets_api.spec.ts" time="0.706" id="TC-182"/>
    <testcase name="API Smoke Tests - GET Endpoints › Authenticated GETs from JSON › TC-183: Endpoint &quot;GET /reports-api/listOfCardIssuers Seznam vydavatelů karet řazeno dle Název vydavatele&quot; @api @smoke @medium @cards @sort" classname="Smoke\Gets_api.spec.ts" time="0.725" id="TC-183"/>
    <testcase name="API Smoke Tests - GET Endpoints › Authenticated GETs from JSON › TC-184: Endpoint &quot;GET /reports-api/listOfCardIssuers Seznam vydavatelů karet řazeno dle Typ vydavatele&quot; @api @smoke @medium @cards @sort" classname="Smoke\Gets_api.spec.ts" time="0.727" id="TC-184"/>
    <testcase name="API Smoke Tests - GET Endpoints › Authenticated GETs from JSON › TC-185: Endpoint &quot;GET /reports-api/listOfCardIssuers Seznam vydavatelů karet řazeno dle Číselník skupin&quot; @api @smoke @medium @cards @sort" classname="Smoke\Gets_api.spec.ts" time="0.685" id="TC-185"/>
    <testcase name="API Smoke Tests - GET Endpoints › Authenticated GETs from JSON › TC-186: Endpoint &quot;GET /reports-api/listOfCardIssuers Seznam vydavatelů karet řazeno dle Poslední změny&quot; @api @smoke @medium @cards @sort" classname="Smoke\Gets_api.spec.ts" time="0.715" id="TC-186"/>
    <testcase name="API Smoke Tests - GET Endpoints › Authenticated GETs from JSON › TC-187: Endpoint &quot;GET /reports-api/listOfCardIssuers Seznam vydavatelů karet řazeno dle Operátor&quot; @api @smoke @medium @cards @sort" classname="Smoke\Gets_api.spec.ts" time="0.723" id="TC-187"/>
    <testcase name="API Smoke Tests - GET Endpoints › Authenticated GETs from JSON › TC-189: Endpoint &quot;GET /reports-api/listOfForeignStocksCCS Správa konkurenčních obchodních míst - CCS řazeno dle Konkurenční obchodní místo&quot; @api @smoke @medium @foreignstocks @sort" classname="Smoke\Gets_api.spec.ts" time="0.991" id="TC-189"/>
    <testcase name="API Smoke Tests - GET Endpoints › Authenticated GETs from JSON › TC-190: Endpoint &quot;GET /reports-api/listOfForeignStocksCCS Správa konkurenčních obchodních míst - CCS řazeno dle Město&quot; @api @smoke @medium @foreignstocks @sort" classname="Smoke\Gets_api.spec.ts" time="0.91" id="TC-190"/>
    <testcase name="API Smoke Tests - GET Endpoints › Authenticated GETs from JSON › TC-191: Endpoint &quot;GET /reports-api/listOfForeignStocksCCS Správa konkurenčních obchodních míst - CCS řazeno dle Ulice&quot; @api @smoke @medium @foreignstocks @sort" classname="Smoke\Gets_api.spec.ts" time="0.888" id="TC-191"/>
    <testcase name="API Smoke Tests - GET Endpoints › Authenticated GETs from JSON › TC-192: Endpoint &quot;GET /reports-api/listOfForeignStocksCCS Správa konkurenčních obchodních míst - CCS řazeno dle Okres&quot; @api @smoke @medium @foreignstocks @sort" classname="Smoke\Gets_api.spec.ts" time="0.863" id="TC-192"/>
    <testcase name="API Smoke Tests - GET Endpoints › Authenticated GETs from JSON › TC-193: Endpoint &quot;GET /reports-api/listOfForeignStocksCCS Správa konkurenčních obchodních míst - CCS řazeno dle Země&quot; @api @smoke @medium @foreignstocks @sort" classname="Smoke\Gets_api.spec.ts" time="0.917" id="TC-193"/>
    <testcase name="API Smoke Tests - GET Endpoints › Authenticated GETs from JSON › TC-194: Endpoint &quot;GET /reports-api/listOfForeignStocksCCS Správa konkurenčních obchodních míst - CCS řazeno dle Poslední změny&quot; @api @smoke @medium @foreignstocks @sort" classname="Smoke\Gets_api.spec.ts" time="0.867" id="TC-194"/>
    <testcase name="API Smoke Tests - GET Endpoints › Authenticated GETs from JSON › TC-195: Endpoint &quot;GET /reports-api/listOfForeignStocksCCS Správa konkurenčních obchodních míst - CCS řazeno dle Operátor&quot; @api @smoke @medium @foreignstocks @sort" classname="Smoke\Gets_api.spec.ts" time="0.976" id="TC-195"/>
    <testcase name="API Smoke Tests - GET Endpoints › Authenticated GETs from JSON › TC-197: Endpoint &quot;GET /reports-api/listOfCurrencyRates Seznam centrálních kurzů řazeno dle Začátek platnosti&quot; @api @smoke @medium @currency @sort" classname="Smoke\Gets_api.spec.ts" time="0.718" id="TC-197"/>
    <testcase name="API Smoke Tests - GET Endpoints › Authenticated GETs from JSON › TC-198: Endpoint &quot;GET /reports-api/listOfCurrencyRates Seznam centrálních kurzů řazeno dle Operátor&quot; @api @smoke @medium @currency @sort" classname="Smoke\Gets_api.spec.ts" time="0.745" id="TC-198"/>
    <testcase name="API Smoke Tests - GET Endpoints › Authenticated GETs from JSON › TC-200: Endpoint &quot;GET /administration-api/stockCardsGroupsCentral Seznam centrálních skupin zboží řazeno dle Číslo&quot; @api @smoke @medium @groups @sort" classname="Smoke\Gets_api.spec.ts" time="0.735" id="TC-200"/>
    <testcase name="API Smoke Tests - GET Endpoints › Authenticated GETs from JSON › TC-201: Endpoint &quot;GET /administration-api/stockCardsGroupsCentral Seznam centrálních skupin zboží řazeno dle Název&quot; @api @smoke @medium @groups @sort" classname="Smoke\Gets_api.spec.ts" time="0.714" id="TC-201"/>
    <testcase name="API Smoke Tests - GET Endpoints › Authenticated GETs from JSON › TC-202: Endpoint &quot;GET /administration-api/stockCardsGroupsCentral Seznam centrálních skupin zboží řazeno dle Začátek platnosti&quot; @api @smoke @medium @groups @sort" classname="Smoke\Gets_api.spec.ts" time="0.731" id="TC-202"/>
    <testcase name="API Smoke Tests - GET Endpoints › Authenticated GETs from JSON › TC-203: Endpoint &quot;GET /administration-api/stockCardsGroupsCentral Seznam centrálních skupin zboží řazeno dle Poslední změny&quot; @api @smoke @medium @groups @sort" classname="Smoke\Gets_api.spec.ts" time="0.727" id="TC-203"/>
    <testcase name="API Smoke Tests - GET Endpoints › Authenticated GETs from JSON › TC-204: Endpoint &quot;GET /administration-api/stockCardsGroupsCentral Seznam centrálních skupin zboží řazeno dle Operátor&quot; @api @smoke @medium @groups @sort" classname="Smoke\Gets_api.spec.ts" time="0.731" id="TC-204"/>
    <testcase name="API Smoke Tests - GET Endpoints › Authenticated GETs from JSON › TC-206: Endpoint &quot;GET /administration-api/fsfeature Seznam Centrálních parametrů systému řazeno dle Skupina&quot; @api @smoke @medium @fsfeature @sort" classname="Smoke\Gets_api.spec.ts" time="0.721" id="TC-206"/>
    <testcase name="API Smoke Tests - GET Endpoints › Authenticated GETs from JSON › TC-207: Endpoint &quot;GET /administration-api/fsfeature Seznam Centrálních parametrů systému řazeno dle Jméno parametru&quot; @api @smoke @medium @fsfeature @sort" classname="Smoke\Gets_api.spec.ts" time="0.714" id="TC-207"/>
    <testcase name="API Smoke Tests - GET Endpoints › Authenticated GETs from JSON › TC-208: Endpoint &quot;GET /administration-api/fsfeature Seznam Centrálních parametrů systému řazeno dle Platnost&quot; @api @smoke @medium @fsfeature @sort" classname="Smoke\Gets_api.spec.ts" time="0.731" id="TC-208"/>
    <testcase name="API Smoke Tests - GET Endpoints › Authenticated GETs from JSON › TC-209: Endpoint &quot;GET /administration-api/fsfeature Seznam Centrálních parametrů systému řazeno dle Poslední změny&quot; @api @smoke @medium @fsfeature @sort" classname="Smoke\Gets_api.spec.ts" time="0.73" id="TC-209"/>
    <testcase name="API Smoke Tests - GET Endpoints › Authenticated GETs from JSON › TC-210: Endpoint &quot;GET /administration-api/fsfeature Seznam Centrálních parametrů systému řazeno dle Operátor&quot; @api @smoke @medium @fsfeature @sort" classname="Smoke\Gets_api.spec.ts" time="0.767" id="TC-210"/>
    <testcase name="API Smoke Tests - GET Endpoints › Authenticated GETs from JSON › TC-217: Endpoint &quot;/administration-api/StockCardsSupergroupsLocal/ - Seznam lokálních nadskupin zboží řazení podle Operátora (sestupně)&quot; @api @smoke @medium @supergroupsLocal @sort" classname="Smoke\Gets_api.spec.ts" time="0.698" id="TC-217"/>
    <testcase name="API Smoke Tests - GET Endpoints › Authenticated GETs from JSON › TC-218: Endpoint &quot;/reports-api/listOfUsersReports/ - Seznam uživatelských sestav řazení podle názvu (sestupně)&quot; @api @smoke @medium @reports @sort" classname="Smoke\Gets_api.spec.ts" time="0.696" id="TC-218"/>
    <testcase name="API Smoke Tests - GET Endpoints › Authenticated GETs from JSON › TC-219: Endpoint &quot;/reports-api/listOfUsersReports/ - Seznam uživatelských sestav řazení podle Čísla sestavy (sestupně)&quot; @api @smoke @medium @reports @sort" classname="Smoke\Gets_api.spec.ts" time="0.741" id="TC-219"/>
    <testcase name="API Smoke Tests - GET Endpoints › Authenticated GETs from JSON › TC-220: Endpoint &quot;/reports-api/listOfUsersReports/ - Seznam uživatelských sestav řazení podle Typu sestavy (sestupně)&quot; @api @smoke @medium @reports @sort" classname="Smoke\Gets_api.spec.ts" time="0.707" id="TC-220"/>
    <testcase name="API Smoke Tests - GET Endpoints › Authenticated GETs from JSON › TC-221: Endpoint &quot;/reports-api/listOfUsersReports/ - Seznam uživatelských sestav řazení podle Poslední změny (sestupně)&quot; @api @smoke @medium @reports @sort" classname="Smoke\Gets_api.spec.ts" time="0.916" id="TC-221"/>
    <testcase name="API Smoke Tests - GET Endpoints › Authenticated GETs from JSON › TC-222: Endpoint &quot;/reports-api/listOfStockCards/ - Seznam skladových karet řazení podle názvu (sestupně)&quot; @api @smoke @medium stockCards @sort" classname="Smoke\Gets_api.spec.ts" time="0.759" id="TC-222"/>
    <testcase name="API Smoke Tests - GET Endpoints › Authenticated GETs from JSON › TC-223: Endpoint &quot;/reports-api/listOfStockCards/ - Seznam skladových karet řazení podle Druhu zboží (sestupně)&quot; @api @smoke @medium stockCards @sort" classname="Smoke\Gets_api.spec.ts" time="0.819" id="TC-223"/>
    <testcase name="API Smoke Tests - GET Endpoints › Authenticated GETs from JSON › TC-224: Endpoint &quot;/reports-api/listOfStockCards/ - Seznam skladových karet řazení podle Centrální skupiny (sestupně)&quot; @api @smoke @medium stockCards @sort" classname="Smoke\Gets_api.spec.ts" time="0.814" id="TC-224"/>
    <testcase name="API Smoke Tests - GET Endpoints › Authenticated GETs from JSON › TC-225: Endpoint &quot;/reports-api/listOfStockCards/ - Seznam skladových karet řazení podle Centrální kategorie (sestupně)&quot; @api @smoke @medium stockCards @sort" classname="Smoke\Gets_api.spec.ts" time="0.731" id="TC-225"/>
    <testcase name="API Smoke Tests - GET Endpoints › Authenticated GETs from JSON › TC-226: Endpoint &quot;/reports-api/listOfStockCards/ - Seznam skladových karet řazení podle Lokální skupiny (sestupně)&quot; @api @smoke @medium stockCards @sort" classname="Smoke\Gets_api.spec.ts" time="0.917" id="TC-226"/>
    <testcase name="API Smoke Tests - GET Endpoints › Authenticated GETs from JSON › TC-227: Endpoint &quot;GET /reports-api/listOfStocks Obchodní místo řazení podle id (sestupně)&quot; @api @smoke @medium stocks @sort" classname="Smoke\Gets_api.spec.ts" time="0.797" id="TC-227"/>
    <testcase name="API Smoke Tests - GET Endpoints › Authenticated GETs from JSON › TC-228: Endpoint &quot;GET /reports-api/listOfStocks Obchodní místo řazení podle Názvu (sestupně)&quot; @api @smoke @medium stocks @sort" classname="Smoke\Gets_api.spec.ts" time="0.729" id="TC-228"/>
    <testcase name="API Smoke Tests - GET Endpoints › Authenticated GETs from JSON › TC-229: Endpoint &quot;GET /reports-api/listOfStocks Obchodní místo řazení podle Ulice (sestupně)&quot; @api @smoke @medium stocks @sort" classname="Smoke\Gets_api.spec.ts" time="0.803" id="TC-229"/>
    <testcase name="API Smoke Tests - GET Endpoints › Authenticated GETs from JSON › TC-230: Endpoint &quot;GET /reports-api/listOfStocks Obchodní místo řazení podle Města (sestupně)&quot; @api @smoke @medium stocks @sort" classname="Smoke\Gets_api.spec.ts" time="0.799" id="TC-230"/>
    <testcase name="API Smoke Tests - GET Endpoints › Authenticated GETs from JSON › TC-231: Endpoint &quot;GET /reports-api/listOfStocks Obchodní místo řazení podle PSČ (sestupně)&quot; @api @smoke @medium stocks @sort" classname="Smoke\Gets_api.spec.ts" time="0.762" id="TC-231"/>
    <testcase name="API Smoke Tests - GET Endpoints › Authenticated GETs from JSON › TC-232: Endpoint &quot;GET /reports-api/listOfStocks Obchodní místo řazení podle Provozovatele ČS (sestupně)&quot; @api @smoke @medium stocks @sort" classname="Smoke\Gets_api.spec.ts" time="0.751" id="TC-232"/>
    <testcase name="API Smoke Tests - GET Endpoints › Authenticated GETs from JSON › TC-233: Endpoint &quot;GET /reports-api/listOfStocks Obchodní místo řazení podle Poslední změny (sestupně)&quot; @api @smoke @medium stocks @sort" classname="Smoke\Gets_api.spec.ts" time="0.705" id="TC-233"/>
    <testcase name="API Smoke Tests - GET Endpoints › Authenticated GETs from JSON › TC-234: Endpoint &quot;GET /reports-api/listOfStocks Obchodní místo řazení podle Kurzu Operátora (sestupně)&quot; @api @smoke @medium stocks @sort" classname="Smoke\Gets_api.spec.ts" time="0.748" id="TC-234"/>
    <testcase name="API Smoke Tests - GET Endpoints › Authenticated GETs from JSON › TC-239: Endpoint &quot;GET /reports-api/listOfPartners Seznam partnerů řazení podle názvu partnera (sestupně)&quot; @api @smoke @high @sort @partners" classname="Smoke\Gets_api.spec.ts" time="0.717" id="TC-239"/>
    <testcase name="API Smoke Tests - GET Endpoints › Authenticated GETs from JSON › TC-240: Endpoint &quot;GET /reports-api/listOfPartners Seznam partnerů řazení podle IČO (sestupně)&quot; @api @smoke @high @sort @partners" classname="Smoke\Gets_api.spec.ts" time="0.83" id="TC-240"/>
    <testcase name="API Smoke Tests - GET Endpoints › Authenticated GETs from JSON › TC-241: Endpoint &quot;GET /reports-api/listOfPartners Seznam partnerů řazení podle Poslední změny (sestupně)&quot; @api @smoke @high @sort @partners" classname="Smoke\Gets_api.spec.ts" time="0.736" id="TC-241"/>
    <testcase name="API Smoke Tests - GET Endpoints › Authenticated GETs from JSON › TC-242: Endpoint &quot;GET /reports-api/listOfLocalCards - Seznam Fleet karet řazeno podle Čísla karty (elektornické karty) (sestupně)&quot; @api @smoke @medium @fleet @sort" classname="Smoke\Gets_api.spec.ts" time="0.705" id="TC-242"/>
    <testcase name="API Smoke Tests - GET Endpoints › Authenticated GETs from JSON › TC-243: Endpoint &quot;GET /reports-api/listOfLocalCards - Seznam Fleet karet řazeno podle Čísla karty (tištěné) (sestupně)&quot; @api @smoke @medium @fleet @sort" classname="Smoke\Gets_api.spec.ts" time="0.71" id="TC-243"/>
    <testcase name="API Smoke Tests - GET Endpoints › Authenticated GETs from JSON › TC-244: Endpoint &quot;GET /reports-api/listOfLocalCards - Seznam Fleet karet řazeno podle Typu karty (sestupně)&quot; @api @smoke @medium @fleet @sort" classname="Smoke\Gets_api.spec.ts" time="0.714" id="TC-244"/>
    <testcase name="API Smoke Tests - GET Endpoints › Authenticated GETs from JSON › TC-245: Endpoint &quot;GET /reports-api/listOfLocalCards - Seznam Fleet karet řazeno podle Poslední změny (sestupně)&quot; @api @smoke @medium @fleet @sort" classname="Smoke\Gets_api.spec.ts" time="0.722" id="TC-245"/>
    <testcase name="API Smoke Tests - GET Endpoints › Authenticated GETs from JSON › TC-246: Endpoint &quot;GET /reports-api/listOfEuroOilCardRequests - Seznam Přehled žádostí o EuroOil karty řazeno podle id (sestupně)&quot; @api @smoke @medium @eurooil @sort" classname="Smoke\Gets_api.spec.ts" time="0.708" id="TC-246"/>
    <testcase name="API Smoke Tests - GET Endpoints › Authenticated GETs from JSON › TC-247: Endpoint &quot;GET /reports-api/listOfEuroOilCardRequests - Seznam Přehled žádostí o EuroOil karty řazeno podle Zadáno (sestupně)&quot; @api @smoke @medium @eurooil @sort" classname="Smoke\Gets_api.spec.ts" time="0.76" id="TC-247"/>
    <testcase name="API Smoke Tests - GET Endpoints › Authenticated GETs from JSON › TC-248: Endpoint &quot;GET /reports-api/listOfEuroOilCardRequests - Seznam Přehled žádostí o EuroOil karty řazeno podle Telefonu (sestupně)&quot; @api @smoke @medium @eurooil @sort" classname="Smoke\Gets_api.spec.ts" time="0.69" id="TC-248"/>
    <testcase name="API Smoke Tests - GET Endpoints › Authenticated GETs from JSON › TC-249: Endpoint &quot;GET /reports-api/listOfEuroOilCardRequests - Seznam Přehled žádostí o EuroOil karty řazeno podle emailu (sestupně)&quot; @api @smoke @medium @eurooil @sort" classname="Smoke\Gets_api.spec.ts" time="0.697" id="TC-249"/>
    <testcase name="API Smoke Tests - GET Endpoints › Authenticated GETs from JSON › TC-250: Endpoint &quot;GET /reports-api/listOfEuroOilCardRequests - Seznam Přehled žádostí o EuroOil karty řazeno podle města (sestupně)&quot; @api @smoke @medium @eurooil @sort" classname="Smoke\Gets_api.spec.ts" time="0.7" id="TC-250"/>
    <testcase name="API Smoke Tests - GET Endpoints › Authenticated GETs from JSON › TC-251: Endpoint &quot;GET /reports-api/listOfEuroOilCardRequests - Seznam Přehled žádostí o EuroOil karty řazeno podle Měsíční odběr CZK (sestupně)&quot; @api @smoke @medium @eurooil @sort" classname="Smoke\Gets_api.spec.ts" time="0.692" id="TC-251"/>
    <testcase name="API Smoke Tests - GET Endpoints › Authenticated GETs from JSON › TC-252: Endpoint &quot;GET /reports-api/listOfEuroOilCardRequests - Seznam Přehled žádostí o EuroOil karty řazeno podle Operátora (sestupně)&quot; @api @smoke @medium @eurooil @sort" classname="Smoke\Gets_api.spec.ts" time="0.73" id="TC-252"/>
    <testcase name="API Smoke Tests - GET Endpoints › Authenticated GETs from JSON › TC-253: Endpoint &quot;GET /reports-api/listOfBonusClasses Seznam přehledu slev a poplatků řazeno podle id (sestupně)&quot; @api @smoke @medium @bonuses @sort" classname="Smoke\Gets_api.spec.ts" time="0.722" id="TC-253"/>
    <testcase name="API Smoke Tests - GET Endpoints › Authenticated GETs from JSON › TC-254: Endpoint &quot;GET /reports-api/listOfBonusClasses Seznam přehledu slev a poplatků řazeno podle Názvu slevy/poplatku (sestupně)&quot; @api @smoke @medium @bonuses @sort" classname="Smoke\Gets_api.spec.ts" time="0.748" id="TC-254"/>
    <testcase name="API Smoke Tests - GET Endpoints › Authenticated GETs from JSON › TC-255: Endpoint &quot;GET /reports-api/listOfBonusClasses Seznam přehledu slev a poplatků řazeno podle Začátku platnosti (sestupně)&quot; @api @smoke @medium @bonuses @sort" classname="Smoke\Gets_api.spec.ts" time="0.7" id="TC-255"/>
    <testcase name="API Smoke Tests - GET Endpoints › Authenticated GETs from JSON › TC-256: Endpoint &quot;GET /reports-api/listOfBonusClasses Seznam přehledu slev a poplatků řazeno podle Poslední změny (sestupně)&quot; @api @smoke @medium @bonuses @sort" classname="Smoke\Gets_api.spec.ts" time="0.704" id="TC-256"/>
    <testcase name="API Smoke Tests - GET Endpoints › Authenticated GETs from JSON › TC-257: Endpoint &quot;GET /reports-api/listOfBonusClasses Seznam přehledu slev a poplatků řazeno Operátora (sestupně)&quot; @api @smoke @medium @bonuses @sort" classname="Smoke\Gets_api.spec.ts" time="0.708" id="TC-257"/>
    <testcase name="API Smoke Tests - GET Endpoints › Authenticated GETs from JSON › TC-258: Endpoint &quot;GET /reports-api/listOfReceiptsUdd Seznam Úplněných daňových dokladů řazení podle Typu účtenky (sestupně)&quot; @api @smoke @medium @udd @sort" classname="Smoke\Gets_api.spec.ts" time="0.706" id="TC-258"/>
    <testcase name="API Smoke Tests - GET Endpoints › Authenticated GETs from JSON › TC-259: Endpoint &quot;GET /reports-api/listOfReceiptsUdd Seznam Úplněných daňových dokladů řazení podle IČO (sestupně)&quot; @api @smoke @medium @udd @sort" classname="Smoke\Gets_api.spec.ts" time="0.741" id="TC-259"/>
    <testcase name="API Smoke Tests - GET Endpoints › Authenticated GETs from JSON › TC-260: Endpoint &quot;GET /reports-api/listOfReceiptsUdd Seznam Úplněných daňových dokladů řazení podle Čísla dokladu (sestupně)&quot; @api @smoke @medium @udd @sort" classname="Smoke\Gets_api.spec.ts" time="0.753" id="TC-260"/>
    <testcase name="API Smoke Tests - GET Endpoints › Authenticated GETs from JSON › TC-261: Endpoint &quot;GET /reports-api/listOfReceiptsUdd Seznam Úplněných daňových dokladů řazení podle DIČ (sestupně)&quot; @api @smoke @medium @udd @sort" classname="Smoke\Gets_api.spec.ts" time="0.742" id="TC-261"/>
    <testcase name="API Smoke Tests - GET Endpoints › Authenticated GETs from JSON › TC-262: Endpoint &quot;GET /reports-api/listOfReceiptsUdd Seznam Úplněných daňových dokladů řazení podle Jméno zákazníka/Název firmy (sestupně)&quot; @api @smoke @medium @udd @sort" classname="Smoke\Gets_api.spec.ts" time="0.705" id="TC-262"/>
    <testcase name="API Smoke Tests - GET Endpoints › Authenticated GETs from JSON › TC-263: Endpoint &quot;GET /reports-api/listOfReceiptsUdd Seznam Úplněných daňových dokladů řazení podle Vytvořeno (sestupně)&quot; @api @smoke @medium @udd @sort" classname="Smoke\Gets_api.spec.ts" time="0.704" id="TC-263"/>
    <testcase name="API Smoke Tests - GET Endpoints › Authenticated GETs from JSON › TC-264: Endpoint &quot;GET /reports-api/listOfReceiptsUdd Seznam Úplněných daňových dokladů řazení podle Vytvořil (sestupně)&quot; @api @smoke @medium @udd @sort" classname="Smoke\Gets_api.spec.ts" time="0.712" id="TC-264"/>
    <testcase name="API Smoke Tests - GET Endpoints › Authenticated GETs from JSON › TC-265: Endpoint &quot;GET /reports-api/listOfReceiptsUdd Seznam Úplněných daňových dokladů řazení podle Poslední úpravy (sestupně)&quot; @api @smoke @medium @udd @sort" classname="Smoke\Gets_api.spec.ts" time="0.691" id="TC-265"/>
    <testcase name="API Smoke Tests - GET Endpoints › Authenticated GETs from JSON › TC-266: Endpoint &quot;GET /reports-api/listOfReceiptsUdd Seznam Úplněných daňových dokladů řazení podle Upravil (sestupně)&quot; @api @smoke @medium @udd @sort" classname="Smoke\Gets_api.spec.ts" time="0.733" id="TC-266"/>
    <testcase name="API Smoke Tests - GET Endpoints › Authenticated GETs from JSON › TC-267: Endpoint &quot;GET /reports-api/listOfReceiptsUdd Seznam Úplněných daňových dokladů řazení podle výtisků (sestupně)&quot; @api @smoke @medium @udd @sort" classname="Smoke\Gets_api.spec.ts" time="0.962" id="TC-267"/>
    <testcase name="API Smoke Tests - GET Endpoints › Authenticated GETs from JSON › TC-268: Endpoint &quot;GET /reports-api/listOfReceiptsUdd Seznam Úplněných daňových dokladů řazení podle Naposledy vytisknuto (sestupně)&quot; @api @smoke @medium @udd @sort" classname="Smoke\Gets_api.spec.ts" time="0.765" id="TC-268"/>
    <testcase name="API Smoke Tests - GET Endpoints › Authenticated GETs from JSON › TC-269: Endpoint &quot;GET /reports-api/listOfReceiptsUdd Seznam Úplněných daňových dokladů řazení podle Vytiskl (sestupně)&quot; @api @smoke @medium @udd @sort" classname="Smoke\Gets_api.spec.ts" time="0.708" id="TC-269"/>
    <testcase name="API Smoke Tests - GET Endpoints › Authenticated GETs from JSON › TC-270: Endpoint &quot;GET /reports-api/listOfReceiptsUdd Seznam Úplněných daňových dokladů řazení podle Stornováno (sestupně)&quot; @api @smoke @medium @udd @sort" classname="Smoke\Gets_api.spec.ts" time="0.737" id="TC-270"/>
    <testcase name="API Smoke Tests - GET Endpoints › Authenticated GETs from JSON › TC-271: Endpoint &quot;GET /reports-api/listOfReceiptsUdd Seznam Úplněných daňových dokladů řazení podle Stornoval (sestupně)&quot; @api @smoke @medium @udd @sort" classname="Smoke\Gets_api.spec.ts" time="0.695" id="TC-271"/>
    <testcase name="API Smoke Tests - GET Endpoints › Authenticated GETs from JSON › TC-272: Endpoint &quot;GET /reports-api/listOfPosTankTickets Seznam stvrzenek o složení hotovosti s řazením podle Vystavena (sestupně)&quot; @api @smoke @medium @pos @sort" classname="Smoke\Gets_api.spec.ts" time="0.801" id="TC-272"/>
    <testcase name="API Smoke Tests - GET Endpoints › Authenticated GETs from JSON › TC-273: Endpoint &quot;GET /reports-api/listOfPosTankTickets Seznam stvrzenek o složení hotovosti s řazením podle Číslo stvrzenky (sestupně)&quot; @api @smoke @medium @pos @sort" classname="Smoke\Gets_api.spec.ts" time="0.836" id="TC-273"/>
    <testcase name="API Smoke Tests - GET Endpoints › Authenticated GETs from JSON › TC-274: Endpoint &quot;GET /reports-api/listOfPosTankTickets Seznam stvrzenek o složení hotovosti s řazením podle Vytištěna (sestupně)&quot; @api @smoke @medium @pos @sort" classname="Smoke\Gets_api.spec.ts" time="0.72" id="TC-274"/>
    <testcase name="API Smoke Tests - GET Endpoints › Authenticated GETs from JSON › TC-275: Endpoint &quot;GET /reports-api/listOfPosTankTickets Seznam stvrzenek o složení hotovosti s řazením podle Expiruje (sestupně)&quot; @api @smoke @medium @pos @sort" classname="Smoke\Gets_api.spec.ts" time="0.72" id="TC-275"/>
    <testcase name="API Smoke Tests - GET Endpoints › Authenticated GETs from JSON › TC-276: Endpoint &quot;GET /reports-api/listOfPosTankTickets Seznam stvrzenek o složení hotovosti s řazením podle Akceptováno (sestupně)&quot; @api @smoke @medium @pos @sort" classname="Smoke\Gets_api.spec.ts" time="0.69" id="TC-276"/>
    <testcase name="API Smoke Tests - GET Endpoints › Authenticated GETs from JSON › TC-277: Endpoint &quot;GET /reports-api/listOfPosTankTickets Seznam stvrzenek o složení hotovosti s řazením podle Účtenka (Hotovostní) (sestupně)&quot; @api @smoke @medium @pos @sort" classname="Smoke\Gets_api.spec.ts" time="0.72" id="TC-277"/>
    <testcase name="API Smoke Tests - GET Endpoints › Authenticated GETs from JSON › TC-278: Endpoint &quot;GET /reports-api/listOfPosTankTickets Seznam stvrzenek o složení hotovosti s řazením podle Vydaná přeplatková poukázka (sestupně)&quot; @api @smoke @medium @pos @sort" classname="Smoke\Gets_api.spec.ts" time="0.692" id="TC-278"/>
    <testcase name="API Smoke Tests - GET Endpoints › Authenticated GETs from JSON › TC-279: Endpoint &quot;GET /reports-api/listOfPosMoneyOperations Seznam vkladů/výběrů řazení podle Typu (sestupně)&quot; @api @smoke @medium @pos @sort" classname="Smoke\Gets_api.spec.ts" time="0.878" id="TC-279"/>
    <testcase name="API Smoke Tests - GET Endpoints › Authenticated GETs from JSON › TC-280: Endpoint &quot;GET /reports-api/listOfPosMoneyOperations Seznam vkladů/výběrů řazení podle Zaevidováno (sestupně)&quot; @api @smoke @medium @pos @sort" classname="Smoke\Gets_api.spec.ts" time="0.8" id="TC-280"/>
    <testcase name="API Smoke Tests - GET Endpoints › Authenticated GETs from JSON › TC-281: Endpoint &quot;GET /reports-api/listOfPosMoneyOperations Seznam vkladů/výběrů řazení podle OM (sestupně)&quot; @api @smoke @medium @pos @sort" classname="Smoke\Gets_api.spec.ts" time="0.708" id="TC-281"/>
    <testcase name="API Smoke Tests - GET Endpoints › Authenticated GETs from JSON › TC-282: Endpoint &quot;GET /reports-api/listOfPosMoneyOperations Seznam vkladů/výběrů řazení podle Pokladny (sestupně)&quot; @api @smoke @medium @pos @sort" classname="Smoke\Gets_api.spec.ts" time="0.722" id="TC-282"/>
    <testcase name="API Smoke Tests - GET Endpoints › Authenticated GETs from JSON › TC-283: Endpoint &quot;GET /reports-api/listOfPosMoneyOperations Seznam vkladů/výběrů řazení podle Popisu (sestupně)&quot; @api @smoke @medium @pos @sort" classname="Smoke\Gets_api.spec.ts" time="0.734" id="TC-283"/>
    <testcase name="API Smoke Tests - GET Endpoints › Authenticated GETs from JSON › TC-284: Endpoint &quot;GET /reports-api/listOfPosMoneyOperations Seznam vkladů/výběrů řazení podle Částky (sestupně)&quot; @api @smoke @medium @pos @sort" classname="Smoke\Gets_api.spec.ts" time="0.975" id="TC-284"/>
    <testcase name="API Smoke Tests - GET Endpoints › Authenticated GETs from JSON › TC-285: Endpoint &quot;GET /reports-api/listOfPosMoneyOperations Seznam vkladů/výběrů řazení podle Operátora (sestupně)&quot; @api @smoke @medium @pos @sort" classname="Smoke\Gets_api.spec.ts" time="0.758" id="TC-285"/>
    <testcase name="API Smoke Tests - GET Endpoints › Authenticated GETs from JSON › TC-286: Endpoint &quot;GET /reports-api/listOfPosTankVouchers Přeplatkové poukázky řazení podle Pokladna (sestupně)&quot; @api @smoke @medium @pos @sort" classname="Smoke\Gets_api.spec.ts" time="0.757" id="TC-286"/>
    <testcase name="API Smoke Tests - GET Endpoints › Authenticated GETs from JSON › TC-287: Endpoint &quot;GET /reports-api/listOfPosTankVouchers Přeplatkové poukázky řazení podle Číslo poukázky (ID) (sestupně)&quot; @api @smoke @medium @pos @sort" classname="Smoke\Gets_api.spec.ts" time="0.831" id="TC-287"/>
    <testcase name="API Smoke Tests - GET Endpoints › Authenticated GETs from JSON › TC-288: Endpoint &quot;GET /reports-api/listOfPosTankVouchers Přeplatkové poukázky řazení podle Vystavena (sestupně)&quot; @api @smoke @medium @pos @sort" classname="Smoke\Gets_api.spec.ts" time="0.738" id="TC-288"/>
    <testcase name="API Smoke Tests - GET Endpoints › Authenticated GETs from JSON › TC-289: Endpoint &quot;GET /reports-api/listOfPosTankVouchers Přeplatkové poukázky řazení podle Plán do (Expirace) (sestupně)&quot; @api @smoke @medium @pos @sort" classname="Smoke\Gets_api.spec.ts" time="0.694" id="TC-289"/>
    <testcase name="API Smoke Tests - GET Endpoints › Authenticated GETs from JSON › TC-290: Endpoint &quot;GET /reports-api/listOfPosTankVouchers Přeplatkové poukázky řazení podle Akceptováno (sestupně)&quot; @api @smoke @medium @pos @sort" classname="Smoke\Gets_api.spec.ts" time="0.694" id="TC-290"/>
    <testcase name="API Smoke Tests - GET Endpoints › Authenticated GETs from JSON › TC-291: Endpoint &quot;GET /reports-api/listOfPosTankVouchers Přeplatkové poukázky řazení podle Číslo stvrzenky (sestupně)&quot; @api @smoke @medium @pos @sort" classname="Smoke\Gets_api.spec.ts" time="1.014" id="TC-291"/>
    <testcase name="API Smoke Tests - GET Endpoints › Authenticated GETs from JSON › TC-292: Endpoint &quot;GET /reports-api/listOfPosTankVouchers Přeplatkové poukázky řazení podle Rezervováno (sestupně)&quot; @api @smoke @medium @pos @sort" classname="Smoke\Gets_api.spec.ts" time="0.801" id="TC-292"/>
    <testcase name="API Smoke Tests - GET Endpoints › Authenticated GETs from JSON › TC-293: Endpoint &quot;GET /reports-api/listOfPosTankVouchers Přeplatkové poukázky řazení podle Místo rezervace (sestupně)&quot; @api @smoke @medium @pos @sort" classname="Smoke\Gets_api.spec.ts" time="0.787" id="TC-293"/>
    <testcase name="API Smoke Tests - GET Endpoints › Authenticated GETs from JSON › TC-294: Endpoint &quot;GET /reports-api/listOfPosTankVouchers Přeplatkové poukázky řazení podle Nominální hodnota (sestupně)&quot; @api @smoke @medium @pos @sort" classname="Smoke\Gets_api.spec.ts" time="0.705" id="TC-294"/>
    <testcase name="API Smoke Tests - GET Endpoints › Authenticated GETs from JSON › TC-295: Endpoint &quot;GET /reports-api/listOfGoodsDeliveryNotes Příjemky a výdejky řazení podle Doklad (sestupně)&quot; @api @smoke @medium @goodsDeliveries @sort" classname="Smoke\Gets_api.spec.ts" time="0.74" id="TC-295"/>
    <testcase name="API Smoke Tests - GET Endpoints › Authenticated GETs from JSON › TC-296: Endpoint &quot;GET /reports-api/listOfGoodsDeliveryNotes Příjemky a výdejky řazení podle Datum dokladu (sestupně)&quot; @api @smoke @medium @goodsDeliveries @sort" classname="Smoke\Gets_api.spec.ts" time="0.736" id="TC-296"/>
    <testcase name="API Smoke Tests - GET Endpoints › Authenticated GETs from JSON › TC-297: Endpoint &quot;GET /reports-api/listOfGoodsDeliveryNotes Příjemky a výdejky řazení podle Datum naskladnění (sestupně)&quot; @api @smoke @medium @goodsDeliveries @sort" classname="Smoke\Gets_api.spec.ts" time="0.767" id="TC-297"/>
    <testcase name="API Smoke Tests - GET Endpoints › Authenticated GETs from JSON › TC-298: Endpoint &quot;GET /reports-api/listOfGoodsDeliveryNotes Příjemky a výdejky řazení podle Datum schválení (sestupně)&quot; @api @smoke @medium @goodsDeliveries @sort" classname="Smoke\Gets_api.spec.ts" time="0.76" id="TC-298"/>
    <testcase name="API Smoke Tests - GET Endpoints › Authenticated GETs from JSON › TC-299: Endpoint &quot;GET /reports-api/listOfGoodsInventories Seznam inventur řazení podle Doklad (sestupně)&quot; @api @smoke @medium @inventory @sort" classname="Smoke\Gets_api.spec.ts" time="0.767" id="TC-299"/>
    <testcase name="API Smoke Tests - GET Endpoints › Authenticated GETs from JSON › TC-300: Endpoint &quot;GET /reports-api/listOfGoodsInventories Seznam inventur řazení podle Popis inventury (sestupně)&quot; @api @smoke @medium @inventory @sort" classname="Smoke\Gets_api.spec.ts" time="0.736" id="TC-300"/>
    <testcase name="API Smoke Tests - GET Endpoints › Authenticated GETs from JSON › TC-301: Endpoint &quot;GET /reports-api/listOfGoodsInventories Seznam inventur řazení podle Založena (sestupně)&quot; @api @smoke @medium @inventory @sort" classname="Smoke\Gets_api.spec.ts" time="0.709" id="TC-301"/>
    <testcase name="API Smoke Tests - GET Endpoints › Authenticated GETs from JSON › TC-302: Endpoint &quot;GET /reports-api/listOfGoodsInventories Seznam inventur řazení podle Aktualizováno (sestupně)&quot; @api @smoke @medium @inventory @sort" classname="Smoke\Gets_api.spec.ts" time="0.681" id="TC-302"/>
    <testcase name="API Smoke Tests - GET Endpoints › Authenticated GETs from JSON › TC-303: Endpoint &quot;GET /reports-api/listOfGoodsInventories Seznam inventur řazení podle Spuštěna kontrola (sestupně)&quot; @api @smoke @medium @inventory @sort" classname="Smoke\Gets_api.spec.ts" time="0.695" id="TC-303"/>
    <testcase name="API Smoke Tests - GET Endpoints › Authenticated GETs from JSON › TC-304: Endpoint &quot;GET /reports-api/listOfGoodsInventories Seznam inventur řazení podle Dokončena (sestupně)&quot; @api @smoke @medium @inventory @sort" classname="Smoke\Gets_api.spec.ts" time="0.711" id="TC-304"/>
    <testcase name="API Smoke Tests - GET Endpoints › Authenticated GETs from JSON › TC-305: Endpoint &quot;GET /reports-api/listOfOrders Seznam objednávek řazení podle Doklad (sestupně)&quot; @api @smoke @medium @order @sort" classname="Smoke\Gets_api.spec.ts" time="0.862" id="TC-305"/>
    <testcase name="API Smoke Tests - GET Endpoints › Authenticated GETs from JSON › TC-306: Endpoint &quot;GET /reports-api/listOfOrders Seznam objednávek řazení podle Datum vytvoření (sestupně)&quot; @api @smoke @medium @order @sort" classname="Smoke\Gets_api.spec.ts" time="0.872" id="TC-306"/>
    <testcase name="API Smoke Tests - GET Endpoints › Authenticated GETs from JSON › TC-307: Endpoint &quot;GET /reports-api/listOfOrders Seznam objednávek řazení podle Datum objednání (sestupně)&quot; @api @smoke @medium @order @sort" classname="Smoke\Gets_api.spec.ts" time="0.965" id="TC-307"/>
    <testcase name="API Smoke Tests - GET Endpoints › Authenticated GETs from JSON › TC-308: Endpoint &quot;GET /reports-api/listOfOrders Seznam objednávek řazení podle Datum uzavření (sestupně)&quot; @api @smoke @medium @order @sort" classname="Smoke\Gets_api.spec.ts" time="0.82" id="TC-308"/>
    <testcase name="API Smoke Tests - GET Endpoints › Authenticated GETs from JSON › TC-309: Endpoint &quot;GET /reports-api/listOfOrders Seznam objednávek řazení podle Dodavatel zboží (sestupně)&quot; @api @smoke @medium @order @sort" classname="Smoke\Gets_api.spec.ts" time="0.839" id="TC-309"/>
    <testcase name="API Smoke Tests - GET Endpoints › Authenticated GETs from JSON › TC-310: Endpoint &quot;GET /reports-api/listOfOrders Seznam objednávek řazení podle Poslední změny (sestupně)&quot; @api @smoke @medium @order @sort" classname="Smoke\Gets_api.spec.ts" time="0.901" id="TC-310"/>
    <testcase name="API Smoke Tests - GET Endpoints › Authenticated GETs from JSON › TC-311: Endpoint &quot;GET /reports-api/listOfWetDeliveryNotes Seznam čerpadlových dodacích listů řazení podle Doklad (sestupně)&quot; @api @smoke @medium @wetdeliverynotes @sort" classname="Smoke\Gets_api.spec.ts" time="0.754" id="TC-311"/>
    <testcase name="API Smoke Tests - GET Endpoints › Authenticated GETs from JSON › TC-312: Endpoint &quot;GET /reports-api/listOfWetDeliveryNotes Seznam čerpadlových dodacích listů řazení podle Datum dokladu (sestupně)&quot; @api @smoke @medium @wetdeliverynotes @sort" classname="Smoke\Gets_api.spec.ts" time="0.851" id="TC-312"/>
    <testcase name="API Smoke Tests - GET Endpoints › Authenticated GETs from JSON › TC-313: Endpoint &quot;GET /reports-api/listOfWetDeliveryNotes Seznam čerpadlových dodacích listů řazení podle Naskladněno/vyskladněno (sestupně)&quot; @api @smoke @medium @wetdeliverynotes @sort" classname="Smoke\Gets_api.spec.ts" time="0.817" id="TC-313"/>
    <testcase name="API Smoke Tests - GET Endpoints › Authenticated GETs from JSON › TC-314: Endpoint &quot;GET /reports-api/listOfWetDeliveryNotes Seznam čerpadlových dodacích listů řazení podle Datum schválení (sestupně)&quot; @api @smoke @medium @wetdeliverynotes @sort" classname="Smoke\Gets_api.spec.ts" time="0.886" id="TC-314"/>
    <testcase name="API Smoke Tests - GET Endpoints › Authenticated GETs from JSON › TC-315: Endpoint &quot;GET /reports-api/listOfUsers Seznam uživatelů řazení podle Přihlašovací kód uživatele (sestupně)&quot; @api @smoke @medium @users @sort" classname="Smoke\Gets_api.spec.ts" time="0.734" id="TC-315"/>
    <testcase name="API Smoke Tests - GET Endpoints › Authenticated GETs from JSON › TC-316: Endpoint &quot;GET /reports-api/listOfUsers Seznam uživatelů řazení podle Jméno uživatele (sestupně)&quot; @api @smoke @medium @users @sort" classname="Smoke\Gets_api.spec.ts" time="0.722" id="TC-316"/>
    <testcase name="API Smoke Tests - GET Endpoints › Authenticated GETs from JSON › TC-317: Endpoint &quot;GET /reports-api/listOfUsers Seznam uživatelů řazení podle Přístupová karta (sestupně)&quot; @api @smoke @medium @users @sort" classname="Smoke\Gets_api.spec.ts" time="0.738" id="TC-317"/>
    <testcase name="API Smoke Tests - GET Endpoints › Authenticated GETs from JSON › TC-318: Endpoint &quot;GET /reports-api/listOfUsers Seznam uživatelů řazení podle Naposledy přihlášen (sestupně)&quot; @api @smoke @medium @users @sort" classname="Smoke\Gets_api.spec.ts" time="0.764" id="TC-318"/>
    <testcase name="API Smoke Tests - GET Endpoints › Authenticated GETs from JSON › TC-319: Endpoint &quot;GET /reports-api/listOfVatClasses Seznam tříd DPH řazeno dle Třída (Názvu) (sestupně)&quot; @api @smoke @medium @vat @sort" classname="Smoke\Gets_api.spec.ts" time="0.749" id="TC-319"/>
    <testcase name="API Smoke Tests - GET Endpoints › Authenticated GETs from JSON › TC-320: Endpoint &quot;GET /reports-api/listOfVatClasses Seznam tříd DPH řazeno dle Sazba (sestupně)&quot; @api @smoke @medium @vat @sort" classname="Smoke\Gets_api.spec.ts" time="0.705" id="TC-320"/>
    <testcase name="API Smoke Tests - GET Endpoints › Authenticated GETs from JSON › TC-321: Endpoint &quot;GET /reports-api/listOfVatClasses Seznam tříd DPH řazeno dle Začátek platnosti (sestupně)&quot; @api @smoke @medium @vat @sort" classname="Smoke\Gets_api.spec.ts" time="0.689" id="TC-321"/>
    <testcase name="API Smoke Tests - GET Endpoints › Authenticated GETs from JSON › TC-322: Endpoint &quot;GET /reports-api/listOfVatClasses Seznam tříd DPH řazeno dle Poslední změny (sestupně)&quot; @api @smoke @medium @vat @sort" classname="Smoke\Gets_api.spec.ts" time="0.713" id="TC-322"/>
    <testcase name="API Smoke Tests - GET Endpoints › Authenticated GETs from JSON › TC-323: Endpoint &quot;GET /reports-api/listOfVatClasses Seznam tříd DPH řazeno dle Operátor (sestupně)&quot; @api @smoke @medium @vat @sort" classname="Smoke\Gets_api.spec.ts" time="0.694" id="TC-323"/>
    <testcase name="API Smoke Tests - GET Endpoints › Authenticated GETs from JSON › TC-324: Endpoint &quot;GET /reports-api/listOfCtClasses Seznam tříd spotřebních daní řazeno dle ID (sestupně)&quot; @api @smoke @medium @ctclasses @sort" classname="Smoke\Gets_api.spec.ts" time="0.687" id="TC-324"/>
    <testcase name="API Smoke Tests - GET Endpoints › Authenticated GETs from JSON › TC-325: Endpoint &quot;GET /reports-api/listOfCtClasses Seznam tříd spotřebních daní řazeno dle Třída (sestupně)&quot; @api @smoke @medium @ctclasses @sort" classname="Smoke\Gets_api.spec.ts" time="0.693" id="TC-325"/>
    <testcase name="API Smoke Tests - GET Endpoints › Authenticated GETs from JSON › TC-326: Endpoint &quot;GET /reports-api/listOfCtClasses Seznam tříd spotřebních daní řazeno dle Sazba [kč] (sestupně)&quot; @api @smoke @medium @ctclasses @sort" classname="Smoke\Gets_api.spec.ts" time="0.814" id="TC-326"/>
    <testcase name="API Smoke Tests - GET Endpoints › Authenticated GETs from JSON › TC-327: Endpoint &quot;GET /reports-api/listOfCtClasses Seznam tříd spotřebních daní řazeno dle Nomenklatura (sestupně)&quot; @api @smoke @medium @ctclasses @sort" classname="Smoke\Gets_api.spec.ts" time="0.707" id="TC-327"/>
    <testcase name="API Smoke Tests - GET Endpoints › Authenticated GETs from JSON › TC-328: Endpoint &quot;GET /reports-api/listOfCtClasses Seznam tříd spotřebních daní řazeno dle Začátek platnosti (sestupně)&quot; @api @smoke @medium @ctclasses @sort" classname="Smoke\Gets_api.spec.ts" time="0.724" id="TC-328"/>
    <testcase name="API Smoke Tests - GET Endpoints › Authenticated GETs from JSON › TC-329: Endpoint &quot;GET /reports-api/listOfCtClasses Seznam tříd spotřebních daní řazeno dle Poslední změny (sestupně)&quot; @api @smoke @medium @ctclasses @sort" classname="Smoke\Gets_api.spec.ts" time="0.69" id="TC-329"/>
    <testcase name="API Smoke Tests - GET Endpoints › Authenticated GETs from JSON › TC-330: Endpoint &quot;GET /reports-api/listOfCtClasses Seznam tříd spotřebních daní řazeno dle Operátor (sestupně)&quot; @api @smoke @medium @ctclasses @sort" classname="Smoke\Gets_api.spec.ts" time="0.715" id="TC-330"/>
    <testcase name="API Smoke Tests - GET Endpoints › Authenticated GETs from JSON › TC-331: Endpoint &quot;GET /administration-api/listOfCardDefinitions Seznam definic karet řazeno dle Název karty (sestupně)&quot; @api @smoke @medium @cards @sort" classname="Smoke\Gets_api.spec.ts" time="0.703" id="TC-331"/>
    <testcase name="API Smoke Tests - GET Endpoints › Authenticated GETs from JSON › TC-332: Endpoint &quot;GET /administration-api/listOfCardDefinitions Seznam definic karet řazeno dle Typ vydavatele karet (sestupně)&quot; @api @smoke @medium @cards @sort" classname="Smoke\Gets_api.spec.ts" time="0.688" id="TC-332"/>
    <testcase name="API Smoke Tests - GET Endpoints › Authenticated GETs from JSON › TC-333: Endpoint &quot;GET /administration-api/listOfCardDefinitions Seznam definic karet řazeno dle Začátek platnosti (sestupně)&quot; @api @smoke @medium @cards @sort" classname="Smoke\Gets_api.spec.ts" time="0.756" id="TC-333"/>
    <testcase name="API Smoke Tests - GET Endpoints › Authenticated GETs from JSON › TC-334: Endpoint &quot;GET /administration-api/listOfCardDefinitions Seznam definic karet řazeno dle Konec platnosti (sestupně)&quot; @api @smoke @medium @cards @sort" classname="Smoke\Gets_api.spec.ts" time="0.733" id="TC-334"/>
    <testcase name="API Smoke Tests - GET Endpoints › Authenticated GETs from JSON › TC-335: Endpoint &quot;GET /administration-api/listOfCardDefinitions Seznam definic karet řazeno dle Poslední změny (sestupně)&quot; @api @smoke @medium @cards @sort" classname="Smoke\Gets_api.spec.ts" time="0.694" id="TC-335"/>
    <testcase name="API Smoke Tests - GET Endpoints › Authenticated GETs from JSON › TC-336: Endpoint &quot;GET /reports-api/listOfCardIssuers Seznam vydavatelů karet řazeno dle ID (sestupně)&quot; @api @smoke @medium @cards @sort" classname="Smoke\Gets_api.spec.ts" time="0.738" id="TC-336"/>
    <testcase name="API Smoke Tests - GET Endpoints › Authenticated GETs from JSON › TC-337: Endpoint &quot;GET /reports-api/listOfCardIssuers Seznam vydavatelů karet řazeno dle Název vydavatele (sestupně)&quot; @api @smoke @medium @cards @sort" classname="Smoke\Gets_api.spec.ts" time="0.693" id="TC-337"/>
    <testcase name="API Smoke Tests - GET Endpoints › Authenticated GETs from JSON › TC-338: Endpoint &quot;GET /reports-api/listOfCardIssuers Seznam vydavatelů karet řazeno dle Typ vydavatele (sestupně)&quot; @api @smoke @medium @cards @sort" classname="Smoke\Gets_api.spec.ts" time="0.712" id="TC-338"/>
    <testcase name="API Smoke Tests - GET Endpoints › Authenticated GETs from JSON › TC-339: Endpoint &quot;GET /reports-api/listOfCardIssuers Seznam vydavatelů karet řazeno dle Číselník skupin (sestupně)&quot; @api @smoke @medium @cards @sort" classname="Smoke\Gets_api.spec.ts" time="0.768" id="TC-339"/>
    <testcase name="API Smoke Tests - GET Endpoints › Authenticated GETs from JSON › TC-340: Endpoint &quot;GET /reports-api/listOfCardIssuers Seznam vydavatelů karet řazeno dle Poslední změny (sestupně)&quot; @api @smoke @medium @cards @sort" classname="Smoke\Gets_api.spec.ts" time="0.752" id="TC-340"/>
    <testcase name="API Smoke Tests - GET Endpoints › Authenticated GETs from JSON › TC-341: Endpoint &quot;GET /reports-api/listOfCardIssuers Seznam vydavatelů karet řazeno dle Operátor (sestupně)&quot; @api @smoke @medium @cards @sort" classname="Smoke\Gets_api.spec.ts" time="0.73" id="TC-341"/>
    <testcase name="API Smoke Tests - GET Endpoints › Authenticated GETs from JSON › TC-343: Endpoint &quot;GET /reports-api/listOfForeignStocksCCS Správa konkurenčních obchodních míst - CCS řazeno dle Konkurenční obchodní místo (sestupně)&quot; @api @smoke @medium @foreignstocks @sort" classname="Smoke\Gets_api.spec.ts" time="0.935" id="TC-343"/>
    <testcase name="API Smoke Tests - GET Endpoints › Authenticated GETs from JSON › TC-344: Endpoint &quot;GET /reports-api/listOfForeignStocksCCS Správa konkurenčních obchodních míst - CCS řazeno dle Město (sestupně)&quot; @api @smoke @medium @foreignstocks @sort" classname="Smoke\Gets_api.spec.ts" time="0.992" id="TC-344"/>
    <testcase name="API Smoke Tests - GET Endpoints › Authenticated GETs from JSON › TC-345: Endpoint &quot;GET /reports-api/listOfForeignStocksCCS Správa konkurenčních obchodních míst - CCS řazeno dle Ulice (sestupně)&quot; @api @smoke @medium @foreignstocks @sort" classname="Smoke\Gets_api.spec.ts" time="0.896" id="TC-345"/>
    <testcase name="API Smoke Tests - GET Endpoints › Authenticated GETs from JSON › TC-346: Endpoint &quot;GET /reports-api/listOfForeignStocksCCS Správa konkurenčních obchodních míst - CCS řazeno dle Okres (sestupně)&quot; @api @smoke @medium @foreignstocks @sort" classname="Smoke\Gets_api.spec.ts" time="1.003" id="TC-346"/>
    <testcase name="API Smoke Tests - GET Endpoints › Authenticated GETs from JSON › TC-347: Endpoint &quot;GET /reports-api/listOfForeignStocksCCS Správa konkurenčních obchodních míst - CCS řazeno dle Země (sestupně)&quot; @api @smoke @medium @foreignstocks @sort" classname="Smoke\Gets_api.spec.ts" time="0.887" id="TC-347"/>
    <testcase name="API Smoke Tests - GET Endpoints › Authenticated GETs from JSON › TC-348: Endpoint &quot;GET /reports-api/listOfForeignStocksCCS Správa konkurenčních obchodních míst - CCS řazeno dle Poslední změny (sestupně)&quot; @api @smoke @medium @foreignstocks @sort" classname="Smoke\Gets_api.spec.ts" time="0.944" id="TC-348"/>
    <testcase name="API Smoke Tests - GET Endpoints › Authenticated GETs from JSON › TC-349: Endpoint &quot;GET /reports-api/listOfForeignStocksCCS Správa konkurenčních obchodních míst - CCS řazeno dle Operátor (sestupně)&quot; @api @smoke @medium @foreignstocks @sort" classname="Smoke\Gets_api.spec.ts" time="0.903" id="TC-349"/>
    <testcase name="API Smoke Tests - GET Endpoints › Authenticated GETs from JSON › TC-350: Endpoint &quot;GET /reports-api/listOfCurrencyRates Seznam centrálních kurzů řazeno dle Začátek platnosti (sestupně)&quot; @api @smoke @medium @currency @sort" classname="Smoke\Gets_api.spec.ts" time="0.713" id="TC-350"/>
    <testcase name="API Smoke Tests - GET Endpoints › Authenticated GETs from JSON › TC-351: Endpoint &quot;GET /reports-api/listOfCurrencyRates Seznam centrálních kurzů řazeno dle Operátor (sestupně)&quot; @api @smoke @medium @currency @sort" classname="Smoke\Gets_api.spec.ts" time="0.703" id="TC-351"/>
    <testcase name="API Smoke Tests - GET Endpoints › Authenticated GETs from JSON › TC-352: Endpoint &quot;GET /administration-api/stockCardsGroupsCentral Seznam centrálních skupin zboží řazeno dle Číslo (sestupně)&quot; @api @smoke @medium @groups @sort" classname="Smoke\Gets_api.spec.ts" time="0.734" id="TC-352"/>
    <testcase name="API Smoke Tests - GET Endpoints › Authenticated GETs from JSON › TC-353: Endpoint &quot;GET /administration-api/stockCardsGroupsCentral Seznam centrálních skupin zboží řazeno dle Název (sestupně)&quot; @api @smoke @medium @groups @sort" classname="Smoke\Gets_api.spec.ts" time="0.732" id="TC-353"/>
    <testcase name="API Smoke Tests - GET Endpoints › Authenticated GETs from JSON › TC-354: Endpoint &quot;GET /administration-api/stockCardsGroupsCentral Seznam centrálních skupin zboží řazeno dle Začátek platnosti (sestupně)&quot; @api @smoke @medium @groups @sort" classname="Smoke\Gets_api.spec.ts" time="0.731" id="TC-354"/>
    <testcase name="API Smoke Tests - GET Endpoints › Authenticated GETs from JSON › TC-355: Endpoint &quot;GET /administration-api/stockCardsGroupsCentral Seznam centrálních skupin zboží řazeno dle Poslední změny (sestupně)&quot; @api @smoke @medium @groups @sort" classname="Smoke\Gets_api.spec.ts" time="0.786" id="TC-355"/>
    <testcase name="API Smoke Tests - GET Endpoints › Authenticated GETs from JSON › TC-356: Endpoint &quot;GET /administration-api/stockCardsGroupsCentral Seznam centrálních skupin zboží řazeno dle Operátor (sestupně)&quot; @api @smoke @medium @groups @sort" classname="Smoke\Gets_api.spec.ts" time="0.708" id="TC-356"/>
    <testcase name="API Smoke Tests - GET Endpoints › Authenticated GETs from JSON › TC-357: Endpoint &quot;GET /administration-api/fsfeature Seznam Centrálních parametrů systému řazeno dle Skupina (sestupně)&quot; @api @smoke @medium @fsfeature @sort" classname="Smoke\Gets_api.spec.ts" time="0.956" id="TC-357"/>
    <testcase name="API Smoke Tests - GET Endpoints › Authenticated GETs from JSON › TC-358: Endpoint &quot;GET /administration-api/fsfeature Seznam Centrálních parametrů systému řazeno dle Jméno parametru (sestupně)&quot; @api @smoke @medium @fsfeature @sort" classname="Smoke\Gets_api.spec.ts" time="0.773" id="TC-358"/>
    <testcase name="API Smoke Tests - GET Endpoints › Authenticated GETs from JSON › TC-359: Endpoint &quot;GET /administration-api/fsfeature Seznam Centrálních parametrů systému řazeno dle Platnost (sestupně)&quot; @api @smoke @medium @fsfeature @sort" classname="Smoke\Gets_api.spec.ts" time="0.774" id="TC-359"/>
    <testcase name="API Smoke Tests - GET Endpoints › Authenticated GETs from JSON › TC-360: Endpoint &quot;GET /administration-api/fsfeature Seznam Centrálních parametrů systému řazeno dle Poslední změny (sestupně)&quot; @api @smoke @medium @fsfeature @sort" classname="Smoke\Gets_api.spec.ts" time="0.725" id="TC-360"/>
    <testcase name="API Smoke Tests - GET Endpoints › Authenticated GETs from JSON › TC-361: Endpoint &quot;GET /administration-api/fsfeature Seznam Centrálních parametrů systému řazeno dle Operátor (sestupně)&quot; @api @smoke @medium @fsfeature @sort" classname="Smoke\Gets_api.spec.ts" time="0.696" id="TC-361"/>
  </testsuite>
</testsuites>