<testsuites id="" name="" tests="7" failures="0" skipped="0" errors="0" time="5.911669">
  <testsuite name="Smoke\Smoke_All_Gets_api.spec.ts" timestamp="2025-11-12T14:23:48.326Z" hostname="API" tests="7" failures="0" skipped="0" time="4.88" errors="0">
    <testcase name="API Smoke Tests - GET Endpoints › Authenticated GETs from JSON › TC-149: Endpoint &quot;GET /reports-api/listOfOrders Seznam objednávek (základní)&quot; @api @smoke @high @order @list @test" classname="Smoke\Smoke_All_Gets_api.spec.ts" time="0.704" id="TC-149"/>
    <testcase name="API Smoke Tests - GET Endpoints › Authenticated GETs from JSON › TC-150: Endpoint &quot;GET /reports-api/listOfOrders řazení podle Doklad&quot; @api @smoke @medium @order @list @sort @test" classname="Smoke\Smoke_All_Gets_api.spec.ts" time="0.701" id="TC-150"/>
    <testcase name="API Smoke Tests - GET Endpoints › Authenticated GETs from JSON › TC-151: Endpoint &quot;GET /reports-api/listOfOrders řazení podle Datum vytvoření&quot; @api @smoke @medium @order @list @sort @test" classname="Smoke\Smoke_All_Gets_api.spec.ts" time="0.664" id="TC-151"/>
    <testcase name="API Smoke Tests - GET Endpoints › Authenticated GETs from JSON › TC-152: Endpoint &quot;GET /reports-api/listOfOrders řazení podle Datum objednání&quot; @api @smoke @medium @order @list @sort @test" classname="Smoke\Smoke_All_Gets_api.spec.ts" time="0.674" id="TC-152"/>
    <testcase name="API Smoke Tests - GET Endpoints › Authenticated GETs from JSON › TC-153: Endpoint &quot;GET /reports-api/listOfOrders řazení podle Datum uzavření&quot; @api @smoke @medium @order @list @sort @test" classname="Smoke\Smoke_All_Gets_api.spec.ts" time="0.704" id="TC-153"/>
    <testcase name="API Smoke Tests - GET Endpoints › Authenticated GETs from JSON › TC-154: Endpoint &quot;GET /reports-api/listOfOrders řazení podle Dodavatel zboží&quot; @api @smoke @medium @order @list @sort @test" classname="Smoke\Smoke_All_Gets_api.spec.ts" time="0.681" id="TC-154"/>
    <testcase name="API Smoke Tests - GET Endpoints › Authenticated GETs from JSON › TC-155: Endpoint &quot;GET /reports-api/listOfOrders řazení podle Poslední změny&quot; @api @smoke @medium @order @list @sort @test" classname="Smoke\Smoke_All_Gets_api.spec.ts" time="0.752" id="TC-155"/>
  </testsuite>
</testsuites>